2021-03-29 17:19:10,296 [INFO] Activator:170 - 


2021-03-29 17:19:10,297 [INFO] Activator:171 - !SESSION log4j initialized
2021-03-29 17:19:44,882 [INFO] McuFinderGlobals:39 - Set McuFinder mode to 2 (CubeIDE integrated)
2021-03-29 17:19:45,132 [INFO] ApplicationProperties:181 - Using Application install path: C:\ST\STM32CubeIDE_1.4.0\STM32CubeIDE\plugins\com.st.stm32cube.common.mx_6.2.0.202102191602
2021-03-29 17:19:45,149 [INFO] DbMcusXml:74 - Set database path to: C:\ST\STM32CubeIDE_1.4.0\STM32CubeIDE\plugins\com.st.stm32cube.common.mx_6.2.0.202102191602\\db\/mcu/
2021-03-29 17:19:45,158 [INFO] DbBoardsPdsc:56 - Set plugin database path to: C:\ST\STM32CubeIDE_1.4.0\STM32CubeIDE\plugins\com.st.stm32cube.common.mx_6.2.0.202102191602\\db\/plugins/boardmanager/
2021-03-29 17:19:45,160 [INFO] DbMcus:258 - Set plugin images path to: C:\ST\STM32CubeIDE_1.4.0\STM32CubeIDE\plugins\com.st.stm32cube.common.mx_6.2.0.202102191602\\db\/plugins/mcufinder/images/
2021-03-29 17:19:45,160 [INFO] DbBoards:264 - Set plugin images path to: C:\ST\STM32CubeIDE_1.4.0\STM32CubeIDE\plugins\com.st.stm32cube.common.mx_6.2.0.202102191602\\db\/plugins/mcufinder/images/
2021-03-29 17:19:45,164 [INFO] DbExamples:333 - Set plugin images path to: C:\ST\STM32CubeIDE_1.4.0\STM32CubeIDE\plugins\com.st.stm32cube.common.mx_6.2.0.202102191602\\db\/plugins/mcufinder/images/
2021-03-29 17:19:45,182 [INFO] DbMcusAds:85 - Set database path to: C:\Users\evers\.stmcufinder\plugins\mcufinder//mcu/
2021-03-29 17:19:45,184 [INFO] DbMcusDocs:110 - Set database path to: C:\Users\evers\.stmcufinder\plugins\mcufinder//mcu/
2021-03-29 17:19:45,186 [INFO] DbMcusJson:65 - Set database path to: C:\Users\evers\.stmcufinder\plugins\mcufinder//mcu/
2021-03-29 17:19:45,188 [INFO] DbBoardsDocs:110 - Set database path to: C:\Users\evers\.stmcufinder\plugins\mcufinder//mcu/
2021-03-29 17:19:45,192 [INFO] DbBoardsJson:58 - Set database path to: C:\Users\evers\.stmcufinder\plugins\mcufinder//mcu/
2021-03-29 17:19:45,227 [INFO] CrossReferenceDbSqlite:196 - Set database path to: C:\Users\evers\.stmcufinder\plugins\mcufinder//mcu/cs/
2021-03-29 17:19:45,230 [INFO] DbExamplesSqlite:690 - Set database path to: C:\Users\evers\.stmcufinder\plugins\mcufinder//mcu/
2021-03-29 17:19:45,350 [INFO] RulesReader:52 - Compatibility file has been processed (237 Rules)
2021-03-29 17:19:45,476 [INFO] MicroXplorer:622 - Detected Java Version = 11.0.9.1
2021-03-29 17:19:45,477 [INFO] DbMcusXml:74 - Set database path to: C:\ST\STM32CubeIDE_1.4.0\STM32CubeIDE\plugins\com.st.stm32cube.common.mx_6.2.0.202102191602\\db\/mcu/
2021-03-29 17:19:45,477 [INFO] DbBoardsPdsc:56 - Set plugin database path to: C:\ST\STM32CubeIDE_1.4.0\STM32CubeIDE\plugins\com.st.stm32cube.common.mx_6.2.0.202102191602\\db\/plugins/boardmanager/
2021-03-29 17:19:45,477 [INFO] DbMcus:258 - Set plugin images path to: C:\ST\STM32CubeIDE_1.4.0\STM32CubeIDE\plugins\com.st.stm32cube.common.mx_6.2.0.202102191602\\db\/plugins/mcufinder/images/
2021-03-29 17:19:45,478 [INFO] DbBoards:264 - Set plugin images path to: C:\ST\STM32CubeIDE_1.4.0\STM32CubeIDE\plugins\com.st.stm32cube.common.mx_6.2.0.202102191602\\db\/plugins/mcufinder/images/
2021-03-29 17:19:45,478 [INFO] DbExamples:333 - Set plugin images path to: C:\ST\STM32CubeIDE_1.4.0\STM32CubeIDE\plugins\com.st.stm32cube.common.mx_6.2.0.202102191602\\db\/plugins/mcufinder/images/
2021-03-29 17:19:45,478 [WARN] DbFile:35 - Overriding database path with different value: C:\Users\evers\.stmcufinder\plugins\mcufinder/ => C:\Users\evers\.stmcufinder\plugins\mcufinder
2021-03-29 17:19:45,478 [INFO] DbMcusAds:85 - Set database path to: C:\Users\evers\.stmcufinder\plugins\mcufinder//mcu/
2021-03-29 17:19:45,478 [WARN] DbFile:35 - Overriding database path with different value: C:\Users\evers\.stmcufinder\plugins\mcufinder/ => C:\Users\evers\.stmcufinder\plugins\mcufinder
2021-03-29 17:19:45,478 [INFO] DbMcusDocs:110 - Set database path to: C:\Users\evers\.stmcufinder\plugins\mcufinder//mcu/
2021-03-29 17:19:45,478 [WARN] DbFile:35 - Overriding database path with different value: C:\Users\evers\.stmcufinder\plugins\mcufinder/ => C:\Users\evers\.stmcufinder\plugins\mcufinder
2021-03-29 17:19:45,478 [INFO] DbMcusJson:65 - Set database path to: C:\Users\evers\.stmcufinder\plugins\mcufinder//mcu/
2021-03-29 17:19:45,479 [WARN] DbFile:35 - Overriding database path with different value: C:\Users\evers\.stmcufinder\plugins\mcufinder/ => C:\Users\evers\.stmcufinder\plugins\mcufinder
2021-03-29 17:19:45,479 [INFO] DbBoardsDocs:110 - Set database path to: C:\Users\evers\.stmcufinder\plugins\mcufinder//mcu/
2021-03-29 17:19:45,479 [WARN] DbFile:35 - Overriding database path with different value: C:\Users\evers\.stmcufinder\plugins\mcufinder/ => C:\Users\evers\.stmcufinder\plugins\mcufinder
2021-03-29 17:19:45,479 [INFO] DbBoardsJson:58 - Set database path to: C:\Users\evers\.stmcufinder\plugins\mcufinder//mcu/
2021-03-29 17:19:45,479 [WARN] DbFile:35 - Overriding database path with different value: C:\Users\evers\.stmcufinder\plugins\mcufinder/ => C:\Users\evers\.stmcufinder\plugins\mcufinder
2021-03-29 17:19:45,479 [WARN] DbFile:35 - Overriding database path with different value: C:\Users\evers\.stmcufinder\plugins\mcufinder/ => C:\Users\evers\.stmcufinder\plugins\mcufinder
2021-03-29 17:19:45,479 [INFO] CrossReferenceDbSqlite:196 - Set database path to: C:\Users\evers\.stmcufinder\plugins\mcufinder//mcu/cs/
2021-03-29 17:19:45,479 [WARN] DbFile:35 - Overriding database path with different value: C:\Users\evers\.stmcufinder\plugins\mcufinder/ => C:\Users\evers\.stmcufinder\plugins\mcufinder
2021-03-29 17:19:45,479 [INFO] DbExamplesSqlite:690 - Set database path to: C:\Users\evers\.stmcufinder\plugins\mcufinder//mcu/
2021-03-29 17:19:45,549 [INFO] MainPanel:204 - HeapMemory: 285212672
2021-03-29 17:19:45,637 [INFO] DbMcusXml:74 - Set database path to: C:\ST\STM32CubeIDE_1.4.0\STM32CubeIDE\plugins\com.st.stm32cube.common.mx_6.2.0.202102191602\\db\/mcu/
2021-03-29 17:19:45,637 [INFO] DbBoardsPdsc:56 - Set plugin database path to: C:\ST\STM32CubeIDE_1.4.0\STM32CubeIDE\plugins\com.st.stm32cube.common.mx_6.2.0.202102191602\\db\/plugins/boardmanager/
2021-03-29 17:19:45,638 [INFO] DbMcus:258 - Set plugin images path to: C:\ST\STM32CubeIDE_1.4.0\STM32CubeIDE\plugins\com.st.stm32cube.common.mx_6.2.0.202102191602\\db\/plugins/mcufinder/images/
2021-03-29 17:19:45,638 [INFO] DbBoards:264 - Set plugin images path to: C:\ST\STM32CubeIDE_1.4.0\STM32CubeIDE\plugins\com.st.stm32cube.common.mx_6.2.0.202102191602\\db\/plugins/mcufinder/images/
2021-03-29 17:19:45,638 [INFO] DbExamples:333 - Set plugin images path to: C:\ST\STM32CubeIDE_1.4.0\STM32CubeIDE\plugins\com.st.stm32cube.common.mx_6.2.0.202102191602\\db\/plugins/mcufinder/images/
2021-03-29 17:19:45,638 [WARN] DbFile:35 - Overriding database path with different value: C:\Users\evers\.stmcufinder\plugins\mcufinder/ => C:\Users\evers\.stmcufinder\plugins\mcufinder
2021-03-29 17:19:45,639 [INFO] DbMcusAds:85 - Set database path to: C:\Users\evers\.stmcufinder\plugins\mcufinder//mcu/
2021-03-29 17:19:45,639 [WARN] DbFile:35 - Overriding database path with different value: C:\Users\evers\.stmcufinder\plugins\mcufinder/ => C:\Users\evers\.stmcufinder\plugins\mcufinder
2021-03-29 17:19:45,639 [INFO] DbMcusDocs:110 - Set database path to: C:\Users\evers\.stmcufinder\plugins\mcufinder//mcu/
2021-03-29 17:19:45,639 [WARN] DbFile:35 - Overriding database path with different value: C:\Users\evers\.stmcufinder\plugins\mcufinder/ => C:\Users\evers\.stmcufinder\plugins\mcufinder
2021-03-29 17:19:45,639 [INFO] DbMcusJson:65 - Set database path to: C:\Users\evers\.stmcufinder\plugins\mcufinder//mcu/
2021-03-29 17:19:45,639 [WARN] DbFile:35 - Overriding database path with different value: C:\Users\evers\.stmcufinder\plugins\mcufinder/ => C:\Users\evers\.stmcufinder\plugins\mcufinder
2021-03-29 17:19:45,639 [INFO] DbBoardsDocs:110 - Set database path to: C:\Users\evers\.stmcufinder\plugins\mcufinder//mcu/
2021-03-29 17:19:45,639 [WARN] DbFile:35 - Overriding database path with different value: C:\Users\evers\.stmcufinder\plugins\mcufinder/ => C:\Users\evers\.stmcufinder\plugins\mcufinder
2021-03-29 17:19:45,639 [INFO] DbBoardsJson:58 - Set database path to: C:\Users\evers\.stmcufinder\plugins\mcufinder//mcu/
2021-03-29 17:19:45,640 [WARN] DbFile:35 - Overriding database path with different value: C:\Users\evers\.stmcufinder\plugins\mcufinder/ => C:\Users\evers\.stmcufinder\plugins\mcufinder
2021-03-29 17:19:45,640 [WARN] DbFile:35 - Overriding database path with different value: C:\Users\evers\.stmcufinder\plugins\mcufinder/ => C:\Users\evers\.stmcufinder\plugins\mcufinder
2021-03-29 17:19:45,640 [INFO] CrossReferenceDbSqlite:196 - Set database path to: C:\Users\evers\.stmcufinder\plugins\mcufinder//mcu/cs/
2021-03-29 17:19:45,640 [WARN] DbFile:35 - Overriding database path with different value: C:\Users\evers\.stmcufinder\plugins\mcufinder/ => C:\Users\evers\.stmcufinder\plugins\mcufinder
2021-03-29 17:19:45,640 [INFO] DbExamplesSqlite:690 - Set database path to: C:\Users\evers\.stmcufinder\plugins\mcufinder//mcu/
2021-03-29 17:19:45,676 [INFO] ApplicationProperties:181 - Using Application install path: C:\ST\STM32CubeIDE_1.4.0\STM32CubeIDE\plugins\com.st.stm32cube.common.mx_6.2.0.202102191602
2021-03-29 17:19:45,678 [INFO] PluginManage:178 - Search for loadable plugins [exclusion list=, ]
2021-03-29 17:19:45,680 [INFO] PluginManage:292 - Check plugin analytics
2021-03-29 17:19:45,894 [INFO] AnalyticsPlugin:233 - Accepted Software Licenses: STM32CubeMX.6.0.1,STM32CubeMX.6.1.1,STM32CubeMX.6.1.2
2021-03-29 17:19:45,894 [INFO] AnalyticsPlugin:235 - Accepted CMSIS Pack Licenses: 
2021-03-29 17:19:45,895 [INFO] AnalyticsPlugin:237 - Accepted Firmware Licenses: 
2021-03-29 17:19:45,895 [INFO] PluginManage:342 - Loaded plugin analytics (category:tool,tabindex:-1)
2021-03-29 17:19:45,895 [INFO] PluginManage:292 - Check plugin clock
2021-03-29 17:19:45,911 [INFO] PluginManage:342 - Loaded plugin clock (category:base,tabindex:2)
2021-03-29 17:19:45,911 [INFO] PluginManage:292 - Check plugin ddr
2021-03-29 17:19:45,914 [INFO] PluginManage:342 - Loaded plugin ddr (category:tool,tabindex:6)
2021-03-29 17:19:45,915 [INFO] PluginManage:292 - Check plugin filemanager
2021-03-29 17:19:46,067 [INFO] PluginManage:342 - Loaded plugin filemanager (category:base,tabindex:10)
2021-03-29 17:19:46,067 [INFO] PluginManage:292 - Check plugin ipmanager
2021-03-29 17:19:46,076 [INFO] PluginManage:342 - Loaded plugin ipmanager (category:base,tabindex:5)
2021-03-29 17:19:46,076 [INFO] PluginManage:292 - Check plugin pinoutandconfiguration
2021-03-29 17:19:46,089 [INFO] PluginManage:342 - Loaded plugin pinoutandconfiguration (category:base,tabindex:1)
2021-03-29 17:19:46,089 [INFO] PluginManage:292 - Check plugin pinoutconfig
2021-03-29 17:19:46,120 [INFO] PluginManage:342 - Loaded plugin pinoutconfig (category:base,tabindex:0)
2021-03-29 17:19:46,120 [INFO] PluginManage:292 - Check plugin power
2021-03-29 17:19:46,133 [INFO] PluginManage:342 - Loaded plugin power (category:power,tabindex:4)
2021-03-29 17:19:46,134 [INFO] PluginManage:292 - Check plugin projectmanager
2021-03-29 17:19:46,152 [INFO] PluginManage:342 - Loaded plugin projectmanager (category:projectmanager,tabindex:3)
2021-03-29 17:19:46,152 [INFO] PluginManage:292 - Check plugin thirdparty
2021-03-29 17:19:46,319 [INFO] PluginManage:342 - Loaded plugin thirdparty (category:base,tabindex:-1)
2021-03-29 17:19:46,319 [WARN] IntegrityCheckThread:59 - waiting for thirdparty lock release [integrity check]
2021-03-29 17:19:46,319 [INFO] PluginManage:292 - Check plugin tools
2021-03-29 17:19:46,320 [INFO] IntegrityCheckThread:61 - entering critical section [integrity check]
2021-03-29 17:19:46,321 [INFO] ThirdPartyUpdaterWithRetryManager:56 - Updater plugin not ready yet. [1/15]
2021-03-29 17:19:46,324 [INFO] PluginManage:342 - Loaded plugin tools (category:base,tabindex:7)
2021-03-29 17:19:46,324 [INFO] PluginManage:292 - Check plugin tutovideos
2021-03-29 17:19:46,600 [INFO] PluginManage:342 - Loaded plugin tutovideos (category:base,tabindex:-1)
2021-03-29 17:19:46,600 [INFO] PluginManage:292 - Check plugin updater
2021-03-29 17:19:46,616 [INFO] PluginManage:342 - Loaded plugin updater (category:base,tabindex:12)
2021-03-29 17:19:46,616 [INFO] PluginManage:265 - PluginManage : Loaded plugins [13]
2021-03-29 17:19:46,849 [INFO] PinOutPanel:1435 - setPackage(No Configuration,No Configuration)
2021-03-29 17:19:46,974 [INFO] IPUIPlugin:64 - create IPUIPlugin
2021-03-29 17:19:46,974 [INFO] PluginManager:203 - loadIPPluginJar : add adc
2021-03-29 17:19:46,978 [INFO] IPUIPlugin:64 - create IPUIPlugin
2021-03-29 17:19:46,979 [INFO] PluginManager:203 - loadIPPluginJar : add aes
2021-03-29 17:19:46,982 [INFO] IPUIPlugin:64 - create IPUIPlugin
2021-03-29 17:19:46,982 [INFO] PluginManager:203 - loadIPPluginJar : add can
2021-03-29 17:19:46,984 [INFO] IPUIPlugin:64 - create IPUIPlugin
2021-03-29 17:19:46,985 [INFO] PluginManager:203 - loadIPPluginJar : add comp
2021-03-29 17:19:46,988 [INFO] IPUIPlugin:64 - create IPUIPlugin
2021-03-29 17:19:46,988 [INFO] PluginManager:203 - loadIPPluginJar : add cryp
2021-03-29 17:19:46,992 [INFO] IPUIPlugin:64 - create IPUIPlugin
2021-03-29 17:19:46,992 [INFO] PluginManager:203 - loadIPPluginJar : add dfsdm
2021-03-29 17:19:46,998 [INFO] IPUIPlugin:64 - create IPUIPlugin
2021-03-29 17:19:46,999 [INFO] PluginManager:203 - loadIPPluginJar : add dma
2021-03-29 17:19:47,001 [INFO] IPUIPlugin:64 - create IPUIPlugin
2021-03-29 17:19:47,002 [INFO] PluginManager:203 - loadIPPluginJar : add fatfs
2021-03-29 17:19:47,007 [INFO] IPUIPlugin:64 - create IPUIPlugin
2021-03-29 17:19:47,007 [INFO] PluginManager:203 - loadIPPluginJar : add fmc
2021-03-29 17:19:47,014 [INFO] IPUIPlugin:64 - create IPUIPlugin
2021-03-29 17:19:47,014 [INFO] PluginManager:203 - loadIPPluginJar : add freertos
2021-03-29 17:19:47,017 [INFO] IPUIPlugin:64 - create IPUIPlugin
2021-03-29 17:19:47,017 [INFO] PluginManager:203 - loadIPPluginJar : add genericplugin
2021-03-29 17:19:47,019 [INFO] IPUIPlugin:64 - create IPUIPlugin
2021-03-29 17:19:47,020 [INFO] PluginManager:203 - loadIPPluginJar : add gfxmmu
2021-03-29 17:19:47,026 [INFO] IPUIPlugin:64 - create IPUIPlugin
2021-03-29 17:19:47,026 [INFO] PluginManager:203 - loadIPPluginJar : add gic
2021-03-29 17:19:47,031 [INFO] IPUIPlugin:64 - create IPUIPlugin
2021-03-29 17:19:47,031 [INFO] PluginManager:203 - loadIPPluginJar : add gpio
2021-03-29 17:19:47,034 [INFO] IPUIPlugin:64 - create IPUIPlugin
2021-03-29 17:19:47,035 [INFO] PluginManager:203 - loadIPPluginJar : add gtzc
2021-03-29 17:19:47,038 [INFO] IPUIPlugin:64 - create IPUIPlugin
2021-03-29 17:19:47,038 [INFO] PluginManager:203 - loadIPPluginJar : add hash
2021-03-29 17:19:47,042 [INFO] IPUIPlugin:64 - create IPUIPlugin
2021-03-29 17:19:47,042 [INFO] PluginManager:203 - loadIPPluginJar : add i2c
2021-03-29 17:19:47,045 [INFO] IPUIPlugin:64 - create IPUIPlugin
2021-03-29 17:19:47,045 [INFO] PluginManager:203 - loadIPPluginJar : add i2s
2021-03-29 17:19:47,048 [INFO] IPUIPlugin:64 - create IPUIPlugin
2021-03-29 17:19:47,049 [INFO] PluginManager:203 - loadIPPluginJar : add ipddr
2021-03-29 17:19:47,052 [INFO] IPUIPlugin:64 - create IPUIPlugin
2021-03-29 17:19:47,052 [INFO] PluginManager:203 - loadIPPluginJar : add lorawan
2021-03-29 17:19:47,054 [INFO] IPUIPlugin:64 - create IPUIPlugin
2021-03-29 17:19:47,055 [INFO] PluginManager:203 - loadIPPluginJar : add ltdc
2021-03-29 17:19:47,073 [INFO] IPUIPlugin:64 - create IPUIPlugin
2021-03-29 17:19:47,074 [INFO] PluginManager:203 - loadIPPluginJar : add mdma
2021-03-29 17:19:47,077 [INFO] IPUIPlugin:64 - create IPUIPlugin
2021-03-29 17:19:47,078 [INFO] PluginManager:203 - loadIPPluginJar : add nvic
2021-03-29 17:19:47,081 [INFO] IPUIPlugin:64 - create IPUIPlugin
2021-03-29 17:19:47,081 [INFO] PluginManager:203 - loadIPPluginJar : add opamp
2021-03-29 17:19:47,085 [INFO] IPUIPlugin:64 - create IPUIPlugin
2021-03-29 17:19:47,085 [INFO] PluginManager:203 - loadIPPluginJar : add openamp
2021-03-29 17:19:47,089 [INFO] IPUIPlugin:64 - create IPUIPlugin
2021-03-29 17:19:47,089 [INFO] PluginManager:203 - loadIPPluginJar : add pdm2pcm
2021-03-29 17:19:47,096 [INFO] IPUIPlugin:64 - create IPUIPlugin
2021-03-29 17:19:47,098 [INFO] PluginManager:203 - loadIPPluginJar : add plateformsettings
2021-03-29 17:19:47,100 [INFO] IPUIPlugin:64 - create IPUIPlugin
2021-03-29 17:19:47,100 [INFO] PluginManager:203 - loadIPPluginJar : add quadspi
2021-03-29 17:19:47,106 [INFO] IPUIPlugin:64 - create IPUIPlugin
2021-03-29 17:19:47,107 [INFO] PluginManager:203 - loadIPPluginJar : add resmgrutility
2021-03-29 17:19:47,111 [INFO] IPUIPlugin:64 - create IPUIPlugin
2021-03-29 17:19:47,111 [INFO] PluginManager:203 - loadIPPluginJar : add sai
2021-03-29 17:19:47,114 [INFO] IPUIPlugin:64 - create IPUIPlugin
2021-03-29 17:19:47,114 [INFO] PluginManager:203 - loadIPPluginJar : add spi
2021-03-29 17:19:47,122 [INFO] IPUIPlugin:64 - create IPUIPlugin
2021-03-29 17:19:47,122 [INFO] PluginManager:203 - loadIPPluginJar : add stm32_wpan
2021-03-29 17:19:47,137 [INFO] IPUIPlugin:64 - create IPUIPlugin
2021-03-29 17:19:47,138 [INFO] PluginManager:203 - loadIPPluginJar : add tim
2021-03-29 17:19:47,144 [INFO] IPUIPlugin:64 - create IPUIPlugin
2021-03-29 17:19:47,145 [INFO] PluginManager:203 - loadIPPluginJar : add touchsensing
2021-03-29 17:19:47,148 [INFO] IPUIPlugin:64 - create IPUIPlugin
2021-03-29 17:19:47,148 [INFO] PluginManager:203 - loadIPPluginJar : add tracer_emb
2021-03-29 17:19:47,152 [INFO] IPUIPlugin:64 - create IPUIPlugin
2021-03-29 17:19:47,152 [INFO] PluginManager:203 - loadIPPluginJar : add ts
2021-03-29 17:19:47,155 [INFO] IPUIPlugin:64 - create IPUIPlugin
2021-03-29 17:19:47,155 [INFO] PluginManager:203 - loadIPPluginJar : add tsc
2021-03-29 17:19:47,157 [INFO] IPUIPlugin:64 - create IPUIPlugin
2021-03-29 17:19:47,158 [INFO] PluginManager:203 - loadIPPluginJar : add ucpd
2021-03-29 17:19:47,171 [INFO] IPUIPlugin:64 - create IPUIPlugin
2021-03-29 17:19:47,171 [INFO] PluginManager:203 - loadIPPluginJar : add usart
2021-03-29 17:19:47,502 [FATAL] Updater:284 - Updater called before beeing initialized
2021-03-29 17:19:47,646 [FATAL] Updater:284 - Updater called before beeing initialized
2021-03-29 17:19:47,651 [INFO] DbMcusAds:132 - JSON generation date=Thu Feb 11 15:55:24 CET 2021 (1613055324029)
2021-03-29 17:19:47,651 [FATAL] Updater:284 - Updater called before beeing initialized
2021-03-29 17:19:47,702 [WARN] DetailPanel:315 - Failed to get advertising image, set to default
2021-03-29 17:19:48,011 [FATAL] Updater:284 - Updater called before beeing initialized
2021-03-29 17:19:48,014 [FATAL] Updater:284 - Updater called before beeing initialized
2021-03-29 17:19:48,015 [FATAL] Updater:284 - Updater called before beeing initialized
2021-03-29 17:19:48,015 [WARN] DetailPanel:315 - Failed to get advertising image, set to default
2021-03-29 17:19:48,017 [FATAL] Updater:284 - Updater called before beeing initialized
2021-03-29 17:19:48,080 [FATAL] Updater:284 - Updater called before beeing initialized
2021-03-29 17:19:48,080 [WARN] ThirdParty:796 - waiting for thirdparty lock release [close project]
2021-03-29 17:19:49,329 [INFO] ThirdPartyUpdaterWithRetryManager:56 - Updater plugin not ready yet. [2/15]
2021-03-29 17:19:52,331 [FATAL] Updater:284 - Updater called before beeing initialized
2021-03-29 17:19:52,331 [ERROR] AbstractThirdPartyUpdaterManager:153 - class java.lang.Integer cannot be cast to class java.util.List (java.lang.Integer and java.util.List are in module java.base of loader 'bootstrap')
2021-03-29 17:19:52,331 [INFO] ThirdParty:900 - Integrity check success = false
2021-03-29 17:19:52,333 [INFO] IntegrityCheckThread:75 - exiting critical section [integrity check]
2021-03-29 17:19:52,333 [INFO] IntegrityCheckThread:78 - End integrity checks thread
2021-03-29 17:19:52,333 [INFO] ThirdParty:798 - entering critical section [close project]
2021-03-29 17:19:52,334 [INFO] ThirdParty:809 - exiting critical section [close project]
2021-03-29 17:19:52,338 [INFO] PinOutPanel:1435 - setPackage(No Configuration,No Configuration)
2021-03-29 17:19:52,338 [FATAL] Updater:284 - Updater called before beeing initialized
2021-03-29 17:19:52,355 [INFO] Updater:1002 - Updater Version found : 6.2.0
2021-03-29 17:19:52,392 [INFO] ApplicationProperties:181 - Using Application install path: C:\ST\STM32CubeIDE_1.4.0\STM32CubeIDE\plugins\com.st.stm32cube.common.mx_6.2.0.202102191602
2021-03-29 17:19:52,417 [INFO] MainUpdater:4847 - Software Update Detected: STM32CubeMX
2021-03-29 17:19:52,422 [ERROR] MainUpdater:4853 - Failed to launch self-upgrade
2021-03-29 17:19:52,557 [INFO] MainUpdater:2661 - connection check result : 10
2021-03-29 17:19:52,558 [INFO] MainUpdater:255 - Updater Check For Update Now.
2021-03-29 17:19:52,558 [INFO] MicroXplorer:472 - Change Database Version : DB.6.0.20
2021-03-29 17:19:52,599 [INFO] CheckServerUpdateThread:102 - End of CheckServer Thread
2021-03-29 17:19:52,673 [INFO] MainUpdater:2661 - connection check result : 10
2021-03-29 17:19:53,245 [INFO] CrossSelectorPresenter:1330 - Cross Selector saved comparison directory: C:\Users\evers\.stmcufinder\plugins\mcufinder\mcu\cs_comparisons_mx
2021-03-29 17:19:53,250 [INFO] MultiScanPanel:200 - Auto-refresh data requested => check proxy status ongoing
2021-03-29 17:19:53,269 [INFO] FinderPluginLoader:87 - Searching for filters in installed packs
2021-03-29 17:19:53,271 [INFO] DbMcusXml:100 - Load MCU database from C:\ST\STM32CubeIDE_1.4.0\STM32CubeIDE\plugins\com.st.stm32cube.common.mx_6.2.0.202102191602\\db\/mcu/families.xml
2021-03-29 17:19:54,208 [INFO] DbMcusJson:94 - JSON generation date=Mon Feb 08 14:35:07 CET 2021 (1612791307)
2021-03-29 17:19:55,416 [INFO] DbMcus:175 - Found 1906 MCUs (1866 are supported by CubeMX, 1866 are visible in CubeMX)
2021-03-29 17:19:55,417 [INFO] ApiDb:251 - Load user favorites file C:\Users\evers/.stm32cubeide/favorites.mcus.txt: 0 item(s)
2021-03-29 17:19:55,417 [INFO] ApiDb:255 - User favorites MCUs=[]
2021-03-29 17:19:55,417 [INFO] DbMcus:187 - Set 0 / 0 favorites MCUs
2021-03-29 17:19:56,093 [WARN] DetailPanel:315 - Failed to get advertising image, set to default
2021-03-29 17:19:56,819 [INFO] DbBoardsPdsc:90 - Found 24 items
2021-03-29 17:19:56,835 [INFO] DbBoardsPdsc:90 - Found 9 items
2021-03-29 17:19:56,853 [INFO] DbBoardsPdsc:90 - Found 33 items
2021-03-29 17:19:56,856 [INFO] DbBoardsPdsc:90 - Found 1 items
2021-03-29 17:19:56,873 [INFO] DbBoardsPdsc:90 - Found 46 items
2021-03-29 17:19:56,889 [INFO] DbBoardsPdsc:90 - Found 41 items
2021-03-29 17:19:56,896 [INFO] DbBoardsPdsc:90 - Found 2 items
2021-03-29 17:19:56,903 [INFO] DbBoardsPdsc:90 - Found 5 items
2021-03-29 17:19:56,912 [WARN] DbBoardsPdsc:254 - Board NUCLEO-WB15CC: unknown feature type=, name=, username=Three user LEDs, n=1
2021-03-29 17:19:56,914 [WARN] DbBoardsPdsc:254 - Board NUCLEO-WB15CC: unknown feature type=, name=, username=One reset and three user push-buttons, n=1
2021-03-29 17:19:56,915 [WARN] DbBoardsPdsc:254 - Board NUCLEO-WB15CC: unknown feature type=, name=, username=Arduino Uno V3 expansion connector, n=1
2021-03-29 17:19:56,915 [WARN] DbBoardsPdsc:254 - Board NUCLEO-WB15CC: unknown feature type=, name=, username=ST morpho extension pin headers for full access to all STM32WB I/Os, n=1
2021-03-29 17:19:56,916 [WARN] DbBoardsPdsc:254 - Board NUCLEO-WB15CC: unknown feature type=, name=, username=Integrated PCB antenna and SMA connector footprint, n=1
2021-03-29 17:19:56,916 [WARN] DbBoardsPdsc:254 - Board NUCLEO-WB15CC: unknown feature type=, name=, username=Flexible power-supply options: ST-LINK, USB VBUS, or external sources, n=1
2021-03-29 17:19:56,916 [WARN] DbBoardsPdsc:254 - Board NUCLEO-WB15CC: unknown feature type=, name=, username=On-board footprint to mount a CR2032 battery socket, n=1
2021-03-29 17:19:56,916 [WARN] DbBoardsPdsc:254 - Board NUCLEO-WB15CC: unknown feature type=, name=, username=On-board ST-LINK/V2-1 debugger/programmer with USB re-enumeration capability: mass storage, Virtual COM port, and debug port, n=1
2021-03-29 17:19:56,916 [WARN] DbBoardsPdsc:254 - Board NUCLEO-WB15CC: unknown feature type=, name=, username=Comprehensive free software libraries and examples available with the STM32CubeWB MCU Package, n=1
2021-03-29 17:19:56,917 [WARN] DbBoardsPdsc:254 - Board NUCLEO-WB15CC: unknown feature type=, name=, username=Support of a wide choice of Integrated Development Environments (IDEs) including IAR Embedded Workbench, MDK-ARM, STM32CubeIDE, and Mbed Studio, n=1
2021-03-29 17:19:56,920 [WARN] DbBoardsPdsc:254 - Board STM32H7B3I-DK: unknown feature type=Audio, name=, username=Audio stereo codec with Headphone Amp (CS42L51-CNZ), n=1
2021-03-29 17:19:56,920 [WARN] DbBoardsPdsc:254 - Board STM32H735G-DK: unknown feature type=Audio, name=, username=Audio stereo codec with Headphone Amp (WM8994ECS/R), n=1
2021-03-29 17:19:56,920 [WARN] DbBoardsPdsc:254 - Board STM32WB5MM-DK: unknown feature type=, name=, username=Time-of-Flight and gesture-detection sensor, n=1
2021-03-29 17:19:56,921 [WARN] DbBoardsPdsc:254 - Board STM32WB5MM-DK: unknown feature type=, name=, username=3 push-buttons (2 users and 1 reset) and 1 touch key button, n=1
2021-03-29 17:19:56,921 [WARN] DbBoardsPdsc:254 - Board STM32WB5MM-DK: unknown feature type=, name=, username=Flexible power-supply options: ST-LINK/V2-1 USB connector, 5 V delivered by ARDUINO® or external connector, USB charger, or USB power, n=1
2021-03-29 17:19:56,921 [WARN] DbBoardsPdsc:254 - Board STM32WB5MM-DK: unknown feature type=, name=, username=On-board ST-LINK/V2-1 debugger/programmer with USB re-enumeration capability: Virtual COM port and debug port, n=1
2021-03-29 17:19:56,921 [WARN] DbBoardsPdsc:254 - Board STM32WB5MM-DK: unknown feature type=, name=, username=Comprehensive free software libraries and examples available with the STM32CubeWB MCU Package, n=1
2021-03-29 17:19:56,921 [WARN] DbBoardsPdsc:254 - Board STM32WB5MM-DK: unknown feature type=, name=, username=Support of a wide choice of Integrated Development Environments (IDEs) including IAR Embedded Workbench®, MDK-ARM, and STM32CubeIDE, n=1
2021-03-29 17:19:56,923 [WARN] DbBoardsPdsc:254 - Board STM32H7B3I-EVAL: unknown feature type=Audio, name=, username=Multi-Channel Audio Codec (CS42L51-CNZ), n=1
2021-03-29 17:19:56,924 [WARN] DbBoardsPdsc:254 - Board STM32H7B3I-EVAL: unknown feature type=Meter, name=, username=Power-metering and Temperature-monitoring with sigma-delta modulators, n=1
2021-03-29 17:19:56,924 [WARN] DbBoardsPdsc:254 - Board STM32H7B3I-EVAL: unknown feature type=Motor, name=, username=Motor Control, n=1
2021-03-29 17:19:56,963 [INFO] DbBoardsJson:87 - JSON generation date=Thu Feb 04 17:53:45 CET 2021 (1612457625)
2021-03-29 17:19:56,972 [INFO] DbBoards:117 - Found 161 boards (158 are supported by CubeMX)
2021-03-29 17:19:56,994 [INFO] DbBoardsDocs:143 - JSON generation date=Mon Feb 08 14:35:07 CET 2021 (1612791307)
2021-03-29 17:19:57,037 [INFO] DbBoardsDocs:79 - Found 193 boards documents
2021-03-29 17:19:57,037 [WARN] DbBoards:127 - board B-L462E-CELL1 has no document id list !
2021-03-29 17:19:57,038 [WARN] DbBoards:127 - board B-L475E-IOT01A2 has no document id list !
2021-03-29 17:19:57,039 [WARN] DbBoards:127 - board NUCLEO-G0B1RE has no document id list !
2021-03-29 17:19:57,040 [WARN] DbBoards:127 - board NUCLEO-H743ZI2 has no document id list !
2021-03-29 17:19:57,041 [WARN] DbBoards:127 - board NUCLEO-L4A6ZG has no document id list !
2021-03-29 17:19:57,044 [WARN] DbBoards:127 - board NUCLEO-WB15CC has no document id list !
2021-03-29 17:19:57,046 [WARN] DbBoards:127 - board NUCLEO-WB55RG has no document id list !
2021-03-29 17:19:57,047 [WARN] DbBoards:127 - board NUCLEO-WL55JC2 has no document id list !
2021-03-29 17:19:57,048 [WARN] DbBoards:127 - board P-NUCLEO-WB55-Nucleo has no document id list !
2021-03-29 17:19:57,049 [WARN] DbBoards:127 - board P-NUCLEO-WB55-USBDongle has no document id list !
2021-03-29 17:19:57,049 [WARN] DbBoards:127 - board STEVAL-BFA001V1B has no document id list !
2021-03-29 17:19:57,049 [WARN] DbBoards:127 - board STEVAL-BFA001V2B has no document id list !
2021-03-29 17:19:57,049 [WARN] DbBoards:127 - board STEVAL-IDP005V1 has no document id list !
2021-03-29 17:19:57,049 [WARN] DbBoards:127 - board STEVAL-IDP005V2 has no document id list !
2021-03-29 17:19:57,049 [WARN] DbBoards:127 - board STEVAL-MKSBOX1V1 has no document id list !
2021-03-29 17:19:57,049 [WARN] DbBoards:127 - board STEVAL-STWINKT1 has no document id list !
2021-03-29 17:19:57,050 [WARN] DbBoards:127 - board STEVAL-STWINKT1B has no document id list !
2021-03-29 17:19:57,050 [WARN] DbBoards:127 - board STM32F401C-DISCO has no document id list !
2021-03-29 17:19:57,051 [WARN] DbBoards:127 - board STM32F769I-DISC1 has no document id list !
2021-03-29 17:19:57,051 [WARN] DbBoards:127 - board STM32G0C1E-EV has no document id list !
2021-03-29 17:19:57,052 [WARN] DbBoards:127 - board STM32G474E-EVAL1 has no document id list !
2021-03-29 17:19:57,052 [WARN] DbBoards:127 - board STM32H743I-EVAL2 has no document id list !
2021-03-29 17:19:57,052 [WARN] DbBoards:127 - board STM32H747I-DISC1 has no document id list !
2021-03-29 17:19:57,052 [WARN] DbBoards:127 - board STM32H753I-EVAL2 has no document id list !
2021-03-29 17:19:57,053 [WARN] DbBoards:127 - board STM32L-DISCOVERY has no document id list !
2021-03-29 17:19:57,053 [WARN] DbBoards:127 - board STM32MP157A-DK1 has no document id list !
2021-03-29 17:19:57,053 [WARN] DbBoards:127 - board STM32MP157F-DK2 has no document id list !
2021-03-29 17:19:57,054 [WARN] DbBoards:127 - board STM32MP157F-EV1 has no document id list !
2021-03-29 17:19:57,054 [WARN] DbBoards:127 - board STM32WB5MM-DK has no document id list !
2021-03-29 17:19:59,410 [INFO] ApiDb:251 - Load user favorites file C:\Users\evers/.stm32cubeide/favorites.boards.txt: 1 item(s)
2021-03-29 17:19:59,411 [INFO] ApiDb:255 - User favorites Boards=[NUCLEO-L476RG]
2021-03-29 17:19:59,411 [INFO] DbBoards:206 - Set 1 / 1 favorites Boards
2021-03-29 17:20:30,771 [INFO] MultiScanPanel:200 - Auto-refresh data requested => check proxy status ongoing
2021-03-29 17:20:30,842 [WARN] DetailPanel:315 - Failed to get advertising image, set to default
2021-03-29 17:22:12,697 [INFO] GuiUtils:265 - Cannot open the file :C:/Users/evers/STM32Cube/Repository/\/DB1421.pdf using Desktop.
2021-03-29 17:22:12,850 [INFO] BoardAction:133 - Datasheet
2021-03-29 17:22:52,573 [INFO] BoardAction:69 - Docs & Resources
2021-03-29 17:23:14,431 [INFO] GuiUtils:265 - Cannot open the file :C:/Users/evers/STM32Cube/Repository/\/UM1472.pdf using Desktop.
2021-03-29 17:23:30,094 [INFO] GuiUtils:265 - Cannot open the file :C:/Users/evers/STM32Cube/Repository/\/UM2052.pdf using Desktop.
2021-03-29 17:24:48,561 [INFO] ApiDb:276 - Save user favorites file C:\Users\evers/.stm32cubeide/favorites.mcus.txt: 0 item(s)
2021-03-29 17:24:48,562 [INFO] ApiDb:280 - User favorites MCUs=[]
2021-03-29 17:24:48,564 [INFO] ApiDb:276 - Save user favorites file C:\Users\evers/.stm32cubeide/favorites.boards.txt: 1 item(s)
2021-03-29 17:24:48,565 [INFO] ApiDb:280 - User favorites Boards=[NUCLEO-L476RG]
