2021-07-01 19:38:23,638 [INFO] Activator:170 - 


2021-07-01 19:38:23,640 [INFO] Activator:171 - !SESSION log4j initialized
2021-07-01 19:38:26,128 [INFO] McuFinderGlobals:39 - Set McuFinder mode to 2 (CubeIDE integrated)
2021-07-01 19:38:27,663 [INFO] ApplicationProperties:181 - Using Application install path: C:\ST\STM32CubeIDE_1.6.1\STM32CubeIDE\plugins\com.st.stm32cube.common.mx_6.2.1.202103241236
2021-07-01 19:38:27,678 [INFO] DbMcusXml:74 - Set database path to: C:\ST\STM32CubeIDE_1.6.1\STM32CubeIDE\plugins\com.st.stm32cube.common.mx_6.2.1.202103241236\\db\/mcu/
2021-07-01 19:38:27,682 [INFO] DbBoardsPdsc:56 - Set plugin database path to: C:\ST\STM32CubeIDE_1.6.1\STM32CubeIDE\plugins\com.st.stm32cube.common.mx_6.2.1.202103241236\\db\/plugins/boardmanager/
2021-07-01 19:38:27,683 [INFO] DbMcus:258 - Set plugin images path to: C:\ST\STM32CubeIDE_1.6.1\STM32CubeIDE\plugins\com.st.stm32cube.common.mx_6.2.1.202103241236\\db\/plugins/mcufinder/images/
2021-07-01 19:38:27,683 [INFO] DbBoards:264 - Set plugin images path to: C:\ST\STM32CubeIDE_1.6.1\STM32CubeIDE\plugins\com.st.stm32cube.common.mx_6.2.1.202103241236\\db\/plugins/mcufinder/images/
2021-07-01 19:38:27,686 [INFO] DbExamples:333 - Set plugin images path to: C:\ST\STM32CubeIDE_1.6.1\STM32CubeIDE\plugins\com.st.stm32cube.common.mx_6.2.1.202103241236\\db\/plugins/mcufinder/images/
2021-07-01 19:38:27,694 [INFO] DbMcusAds:85 - Set database path to: C:\Users\evers\.stmcufinder\plugins\mcufinder//mcu/
2021-07-01 19:38:27,695 [INFO] DbMcusDocs:110 - Set database path to: C:\Users\evers\.stmcufinder\plugins\mcufinder//mcu/
2021-07-01 19:38:27,697 [INFO] DbMcusJson:65 - Set database path to: C:\Users\evers\.stmcufinder\plugins\mcufinder//mcu/
2021-07-01 19:38:27,698 [INFO] DbBoardsDocs:110 - Set database path to: C:\Users\evers\.stmcufinder\plugins\mcufinder//mcu/
2021-07-01 19:38:27,700 [INFO] DbBoardsJson:58 - Set database path to: C:\Users\evers\.stmcufinder\plugins\mcufinder//mcu/
2021-07-01 19:38:27,703 [INFO] CrossReferenceDbSqlite:196 - Set database path to: C:\Users\evers\.stmcufinder\plugins\mcufinder//mcu/cs/
2021-07-01 19:38:27,706 [INFO] DbExamplesSqlite:690 - Set database path to: C:\Users\evers\.stmcufinder\plugins\mcufinder//mcu/
2021-07-01 19:38:27,808 [INFO] RulesReader:52 - Compatibility file has been processed (237 Rules)
2021-07-01 19:38:27,902 [INFO] MicroXplorer:622 - Detected Java Version = 11.0.9.1
2021-07-01 19:38:27,903 [INFO] DbMcusXml:74 - Set database path to: C:\ST\STM32CubeIDE_1.6.1\STM32CubeIDE\plugins\com.st.stm32cube.common.mx_6.2.1.202103241236\\db\/mcu/
2021-07-01 19:38:27,903 [INFO] DbBoardsPdsc:56 - Set plugin database path to: C:\ST\STM32CubeIDE_1.6.1\STM32CubeIDE\plugins\com.st.stm32cube.common.mx_6.2.1.202103241236\\db\/plugins/boardmanager/
2021-07-01 19:38:27,903 [INFO] DbMcus:258 - Set plugin images path to: C:\ST\STM32CubeIDE_1.6.1\STM32CubeIDE\plugins\com.st.stm32cube.common.mx_6.2.1.202103241236\\db\/plugins/mcufinder/images/
2021-07-01 19:38:27,903 [INFO] DbBoards:264 - Set plugin images path to: C:\ST\STM32CubeIDE_1.6.1\STM32CubeIDE\plugins\com.st.stm32cube.common.mx_6.2.1.202103241236\\db\/plugins/mcufinder/images/
2021-07-01 19:38:27,903 [INFO] DbExamples:333 - Set plugin images path to: C:\ST\STM32CubeIDE_1.6.1\STM32CubeIDE\plugins\com.st.stm32cube.common.mx_6.2.1.202103241236\\db\/plugins/mcufinder/images/
2021-07-01 19:38:27,904 [WARN] DbFile:35 - Overriding database path with different value: C:\Users\evers\.stmcufinder\plugins\mcufinder/ => C:\Users\evers\.stmcufinder\plugins\mcufinder
2021-07-01 19:38:27,904 [INFO] DbMcusAds:85 - Set database path to: C:\Users\evers\.stmcufinder\plugins\mcufinder//mcu/
2021-07-01 19:38:27,904 [WARN] DbFile:35 - Overriding database path with different value: C:\Users\evers\.stmcufinder\plugins\mcufinder/ => C:\Users\evers\.stmcufinder\plugins\mcufinder
2021-07-01 19:38:27,904 [INFO] DbMcusDocs:110 - Set database path to: C:\Users\evers\.stmcufinder\plugins\mcufinder//mcu/
2021-07-01 19:38:27,904 [WARN] DbFile:35 - Overriding database path with different value: C:\Users\evers\.stmcufinder\plugins\mcufinder/ => C:\Users\evers\.stmcufinder\plugins\mcufinder
2021-07-01 19:38:27,904 [INFO] DbMcusJson:65 - Set database path to: C:\Users\evers\.stmcufinder\plugins\mcufinder//mcu/
2021-07-01 19:38:27,904 [WARN] DbFile:35 - Overriding database path with different value: C:\Users\evers\.stmcufinder\plugins\mcufinder/ => C:\Users\evers\.stmcufinder\plugins\mcufinder
2021-07-01 19:38:27,905 [INFO] DbBoardsDocs:110 - Set database path to: C:\Users\evers\.stmcufinder\plugins\mcufinder//mcu/
2021-07-01 19:38:27,905 [WARN] DbFile:35 - Overriding database path with different value: C:\Users\evers\.stmcufinder\plugins\mcufinder/ => C:\Users\evers\.stmcufinder\plugins\mcufinder
2021-07-01 19:38:27,905 [INFO] DbBoardsJson:58 - Set database path to: C:\Users\evers\.stmcufinder\plugins\mcufinder//mcu/
2021-07-01 19:38:27,905 [WARN] DbFile:35 - Overriding database path with different value: C:\Users\evers\.stmcufinder\plugins\mcufinder/ => C:\Users\evers\.stmcufinder\plugins\mcufinder
2021-07-01 19:38:27,905 [WARN] DbFile:35 - Overriding database path with different value: C:\Users\evers\.stmcufinder\plugins\mcufinder/ => C:\Users\evers\.stmcufinder\plugins\mcufinder
2021-07-01 19:38:27,905 [INFO] CrossReferenceDbSqlite:196 - Set database path to: C:\Users\evers\.stmcufinder\plugins\mcufinder//mcu/cs/
2021-07-01 19:38:27,905 [WARN] DbFile:35 - Overriding database path with different value: C:\Users\evers\.stmcufinder\plugins\mcufinder/ => C:\Users\evers\.stmcufinder\plugins\mcufinder
2021-07-01 19:38:27,905 [INFO] DbExamplesSqlite:690 - Set database path to: C:\Users\evers\.stmcufinder\plugins\mcufinder//mcu/
2021-07-01 19:38:27,973 [INFO] MainPanel:204 - HeapMemory: 268435456
2021-07-01 19:38:28,051 [INFO] DbMcusXml:74 - Set database path to: C:\ST\STM32CubeIDE_1.6.1\STM32CubeIDE\plugins\com.st.stm32cube.common.mx_6.2.1.202103241236\\db\/mcu/
2021-07-01 19:38:28,052 [INFO] DbBoardsPdsc:56 - Set plugin database path to: C:\ST\STM32CubeIDE_1.6.1\STM32CubeIDE\plugins\com.st.stm32cube.common.mx_6.2.1.202103241236\\db\/plugins/boardmanager/
2021-07-01 19:38:28,052 [INFO] DbMcus:258 - Set plugin images path to: C:\ST\STM32CubeIDE_1.6.1\STM32CubeIDE\plugins\com.st.stm32cube.common.mx_6.2.1.202103241236\\db\/plugins/mcufinder/images/
2021-07-01 19:38:28,052 [INFO] DbBoards:264 - Set plugin images path to: C:\ST\STM32CubeIDE_1.6.1\STM32CubeIDE\plugins\com.st.stm32cube.common.mx_6.2.1.202103241236\\db\/plugins/mcufinder/images/
2021-07-01 19:38:28,052 [INFO] DbExamples:333 - Set plugin images path to: C:\ST\STM32CubeIDE_1.6.1\STM32CubeIDE\plugins\com.st.stm32cube.common.mx_6.2.1.202103241236\\db\/plugins/mcufinder/images/
2021-07-01 19:38:28,053 [WARN] DbFile:35 - Overriding database path with different value: C:\Users\evers\.stmcufinder\plugins\mcufinder/ => C:\Users\evers\.stmcufinder\plugins\mcufinder
2021-07-01 19:38:28,053 [INFO] DbMcusAds:85 - Set database path to: C:\Users\evers\.stmcufinder\plugins\mcufinder//mcu/
2021-07-01 19:38:28,053 [WARN] DbFile:35 - Overriding database path with different value: C:\Users\evers\.stmcufinder\plugins\mcufinder/ => C:\Users\evers\.stmcufinder\plugins\mcufinder
2021-07-01 19:38:28,053 [INFO] DbMcusDocs:110 - Set database path to: C:\Users\evers\.stmcufinder\plugins\mcufinder//mcu/
2021-07-01 19:38:28,053 [WARN] DbFile:35 - Overriding database path with different value: C:\Users\evers\.stmcufinder\plugins\mcufinder/ => C:\Users\evers\.stmcufinder\plugins\mcufinder
2021-07-01 19:38:28,053 [INFO] DbMcusJson:65 - Set database path to: C:\Users\evers\.stmcufinder\plugins\mcufinder//mcu/
2021-07-01 19:38:28,053 [WARN] DbFile:35 - Overriding database path with different value: C:\Users\evers\.stmcufinder\plugins\mcufinder/ => C:\Users\evers\.stmcufinder\plugins\mcufinder
2021-07-01 19:38:28,053 [INFO] DbBoardsDocs:110 - Set database path to: C:\Users\evers\.stmcufinder\plugins\mcufinder//mcu/
2021-07-01 19:38:28,054 [WARN] DbFile:35 - Overriding database path with different value: C:\Users\evers\.stmcufinder\plugins\mcufinder/ => C:\Users\evers\.stmcufinder\plugins\mcufinder
2021-07-01 19:38:28,054 [INFO] DbBoardsJson:58 - Set database path to: C:\Users\evers\.stmcufinder\plugins\mcufinder//mcu/
2021-07-01 19:38:28,054 [WARN] DbFile:35 - Overriding database path with different value: C:\Users\evers\.stmcufinder\plugins\mcufinder/ => C:\Users\evers\.stmcufinder\plugins\mcufinder
2021-07-01 19:38:28,054 [WARN] DbFile:35 - Overriding database path with different value: C:\Users\evers\.stmcufinder\plugins\mcufinder/ => C:\Users\evers\.stmcufinder\plugins\mcufinder
2021-07-01 19:38:28,054 [INFO] CrossReferenceDbSqlite:196 - Set database path to: C:\Users\evers\.stmcufinder\plugins\mcufinder//mcu/cs/
2021-07-01 19:38:28,054 [WARN] DbFile:35 - Overriding database path with different value: C:\Users\evers\.stmcufinder\plugins\mcufinder/ => C:\Users\evers\.stmcufinder\plugins\mcufinder
2021-07-01 19:38:28,054 [INFO] DbExamplesSqlite:690 - Set database path to: C:\Users\evers\.stmcufinder\plugins\mcufinder//mcu/
2021-07-01 19:38:28,074 [INFO] ApplicationProperties:181 - Using Application install path: C:\ST\STM32CubeIDE_1.6.1\STM32CubeIDE\plugins\com.st.stm32cube.common.mx_6.2.1.202103241236
2021-07-01 19:38:28,075 [INFO] PluginManage:178 - Search for loadable plugins [exclusion list=, ]
2021-07-01 19:38:28,076 [INFO] PluginManage:292 - Check plugin analytics
2021-07-01 19:38:28,254 [INFO] AnalyticsPlugin:233 - Accepted Software Licenses: STM32CubeMX.6.0.1,STM32CubeMX.6.1.1,STM32CubeMX.6.1.2,STM32CubeMX.6.2.0
2021-07-01 19:38:28,254 [INFO] AnalyticsPlugin:235 - Accepted CMSIS Pack Licenses: 
2021-07-01 19:38:28,255 [INFO] AnalyticsPlugin:237 - Accepted Firmware Licenses: 
2021-07-01 19:38:28,255 [INFO] PluginManage:342 - Loaded plugin analytics (category:tool,tabindex:-1)
2021-07-01 19:38:28,256 [INFO] PluginManage:292 - Check plugin clock
2021-07-01 19:38:28,273 [INFO] PluginManage:342 - Loaded plugin clock (category:base,tabindex:2)
2021-07-01 19:38:28,273 [INFO] PluginManage:292 - Check plugin ddr
2021-07-01 19:38:28,277 [INFO] PluginManage:342 - Loaded plugin ddr (category:tool,tabindex:6)
2021-07-01 19:38:28,277 [INFO] PluginManage:292 - Check plugin filemanager
2021-07-01 19:38:28,423 [INFO] PluginManage:342 - Loaded plugin filemanager (category:base,tabindex:10)
2021-07-01 19:38:28,423 [INFO] PluginManage:292 - Check plugin ipmanager
2021-07-01 19:38:28,432 [INFO] PluginManage:342 - Loaded plugin ipmanager (category:base,tabindex:5)
2021-07-01 19:38:28,432 [INFO] PluginManage:292 - Check plugin pinoutandconfiguration
2021-07-01 19:38:28,444 [INFO] PluginManage:342 - Loaded plugin pinoutandconfiguration (category:base,tabindex:1)
2021-07-01 19:38:28,444 [INFO] PluginManage:292 - Check plugin pinoutconfig
2021-07-01 19:38:28,470 [INFO] PluginManage:342 - Loaded plugin pinoutconfig (category:base,tabindex:0)
2021-07-01 19:38:28,470 [INFO] PluginManage:292 - Check plugin power
2021-07-01 19:38:28,483 [INFO] PluginManage:342 - Loaded plugin power (category:power,tabindex:4)
2021-07-01 19:38:28,483 [INFO] PluginManage:292 - Check plugin projectmanager
2021-07-01 19:38:28,502 [INFO] PluginManage:342 - Loaded plugin projectmanager (category:projectmanager,tabindex:3)
2021-07-01 19:38:28,503 [INFO] PluginManage:292 - Check plugin thirdparty
2021-07-01 19:38:28,633 [INFO] PluginManage:342 - Loaded plugin thirdparty (category:base,tabindex:-1)
2021-07-01 19:38:28,634 [INFO] PluginManage:292 - Check plugin tools
2021-07-01 19:38:28,634 [WARN] IntegrityCheckThread:59 - waiting for thirdparty lock release [integrity check]
2021-07-01 19:38:28,635 [INFO] IntegrityCheckThread:61 - entering critical section [integrity check]
2021-07-01 19:38:28,635 [INFO] ThirdPartyUpdaterWithRetryManager:56 - Updater plugin not ready yet. [1/15]
2021-07-01 19:38:28,637 [INFO] PluginManage:342 - Loaded plugin tools (category:base,tabindex:7)
2021-07-01 19:38:28,637 [INFO] PluginManage:292 - Check plugin tutovideos
2021-07-01 19:38:28,862 [INFO] PluginManage:342 - Loaded plugin tutovideos (category:base,tabindex:-1)
2021-07-01 19:38:28,862 [INFO] PluginManage:292 - Check plugin updater
2021-07-01 19:38:28,877 [INFO] PluginManage:342 - Loaded plugin updater (category:base,tabindex:12)
2021-07-01 19:38:28,877 [INFO] PluginManage:265 - PluginManage : Loaded plugins [13]
2021-07-01 19:38:29,080 [INFO] PinOutPanel:1435 - setPackage(No Configuration,No Configuration)
2021-07-01 19:38:29,182 [INFO] IPUIPlugin:64 - create IPUIPlugin
2021-07-01 19:38:29,182 [INFO] PluginManager:203 - loadIPPluginJar : add adc
2021-07-01 19:38:29,185 [INFO] IPUIPlugin:64 - create IPUIPlugin
2021-07-01 19:38:29,185 [INFO] PluginManager:203 - loadIPPluginJar : add aes
2021-07-01 19:38:29,189 [INFO] IPUIPlugin:64 - create IPUIPlugin
2021-07-01 19:38:29,189 [INFO] PluginManager:203 - loadIPPluginJar : add can
2021-07-01 19:38:29,191 [INFO] IPUIPlugin:64 - create IPUIPlugin
2021-07-01 19:38:29,192 [INFO] PluginManager:203 - loadIPPluginJar : add comp
2021-07-01 19:38:29,195 [INFO] IPUIPlugin:64 - create IPUIPlugin
2021-07-01 19:38:29,196 [INFO] PluginManager:203 - loadIPPluginJar : add cryp
2021-07-01 19:38:29,199 [INFO] IPUIPlugin:64 - create IPUIPlugin
2021-07-01 19:38:29,199 [INFO] PluginManager:203 - loadIPPluginJar : add dfsdm
2021-07-01 19:38:29,206 [INFO] IPUIPlugin:64 - create IPUIPlugin
2021-07-01 19:38:29,206 [INFO] PluginManager:203 - loadIPPluginJar : add dma
2021-07-01 19:38:29,210 [INFO] IPUIPlugin:64 - create IPUIPlugin
2021-07-01 19:38:29,210 [INFO] PluginManager:203 - loadIPPluginJar : add fatfs
2021-07-01 19:38:29,215 [INFO] IPUIPlugin:64 - create IPUIPlugin
2021-07-01 19:38:29,216 [INFO] PluginManager:203 - loadIPPluginJar : add fmc
2021-07-01 19:38:29,222 [INFO] IPUIPlugin:64 - create IPUIPlugin
2021-07-01 19:38:29,222 [INFO] PluginManager:203 - loadIPPluginJar : add freertos
2021-07-01 19:38:29,224 [INFO] IPUIPlugin:64 - create IPUIPlugin
2021-07-01 19:38:29,225 [INFO] PluginManager:203 - loadIPPluginJar : add genericplugin
2021-07-01 19:38:29,228 [INFO] IPUIPlugin:64 - create IPUIPlugin
2021-07-01 19:38:29,228 [INFO] PluginManager:203 - loadIPPluginJar : add gfxmmu
2021-07-01 19:38:29,234 [INFO] IPUIPlugin:64 - create IPUIPlugin
2021-07-01 19:38:29,234 [INFO] PluginManager:203 - loadIPPluginJar : add gic
2021-07-01 19:38:29,239 [INFO] IPUIPlugin:64 - create IPUIPlugin
2021-07-01 19:38:29,239 [INFO] PluginManager:203 - loadIPPluginJar : add gpio
2021-07-01 19:38:29,243 [INFO] IPUIPlugin:64 - create IPUIPlugin
2021-07-01 19:38:29,243 [INFO] PluginManager:203 - loadIPPluginJar : add gtzc
2021-07-01 19:38:29,246 [INFO] IPUIPlugin:64 - create IPUIPlugin
2021-07-01 19:38:29,246 [INFO] PluginManager:203 - loadIPPluginJar : add hash
2021-07-01 19:38:29,249 [INFO] IPUIPlugin:64 - create IPUIPlugin
2021-07-01 19:38:29,250 [INFO] PluginManager:203 - loadIPPluginJar : add i2c
2021-07-01 19:38:29,253 [INFO] IPUIPlugin:64 - create IPUIPlugin
2021-07-01 19:38:29,253 [INFO] PluginManager:203 - loadIPPluginJar : add i2s
2021-07-01 19:38:29,257 [INFO] IPUIPlugin:64 - create IPUIPlugin
2021-07-01 19:38:29,258 [INFO] PluginManager:203 - loadIPPluginJar : add ipddr
2021-07-01 19:38:29,262 [INFO] IPUIPlugin:64 - create IPUIPlugin
2021-07-01 19:38:29,262 [INFO] PluginManager:203 - loadIPPluginJar : add lorawan
2021-07-01 19:38:29,264 [INFO] IPUIPlugin:64 - create IPUIPlugin
2021-07-01 19:38:29,264 [INFO] PluginManager:203 - loadIPPluginJar : add ltdc
2021-07-01 19:38:29,270 [INFO] IPUIPlugin:64 - create IPUIPlugin
2021-07-01 19:38:29,270 [INFO] PluginManager:203 - loadIPPluginJar : add mdma
2021-07-01 19:38:29,276 [INFO] IPUIPlugin:64 - create IPUIPlugin
2021-07-01 19:38:29,277 [INFO] PluginManager:203 - loadIPPluginJar : add nvic
2021-07-01 19:38:29,281 [INFO] IPUIPlugin:64 - create IPUIPlugin
2021-07-01 19:38:29,282 [INFO] PluginManager:203 - loadIPPluginJar : add opamp
2021-07-01 19:38:29,286 [INFO] IPUIPlugin:64 - create IPUIPlugin
2021-07-01 19:38:29,286 [INFO] PluginManager:203 - loadIPPluginJar : add openamp
2021-07-01 19:38:29,290 [INFO] IPUIPlugin:64 - create IPUIPlugin
2021-07-01 19:38:29,291 [INFO] PluginManager:203 - loadIPPluginJar : add pdm2pcm
2021-07-01 19:38:29,299 [INFO] IPUIPlugin:64 - create IPUIPlugin
2021-07-01 19:38:29,301 [INFO] PluginManager:203 - loadIPPluginJar : add plateformsettings
2021-07-01 19:38:29,304 [INFO] IPUIPlugin:64 - create IPUIPlugin
2021-07-01 19:38:29,304 [INFO] PluginManager:203 - loadIPPluginJar : add quadspi
2021-07-01 19:38:29,309 [INFO] IPUIPlugin:64 - create IPUIPlugin
2021-07-01 19:38:29,310 [INFO] PluginManager:203 - loadIPPluginJar : add resmgrutility
2021-07-01 19:38:29,313 [INFO] IPUIPlugin:64 - create IPUIPlugin
2021-07-01 19:38:29,314 [INFO] PluginManager:203 - loadIPPluginJar : add sai
2021-07-01 19:38:29,317 [INFO] IPUIPlugin:64 - create IPUIPlugin
2021-07-01 19:38:29,317 [INFO] PluginManager:203 - loadIPPluginJar : add spi
2021-07-01 19:38:29,322 [INFO] IPUIPlugin:64 - create IPUIPlugin
2021-07-01 19:38:29,322 [INFO] PluginManager:203 - loadIPPluginJar : add stm32_wpan
2021-07-01 19:38:29,324 [INFO] IPUIPlugin:64 - create IPUIPlugin
2021-07-01 19:38:29,324 [INFO] PluginManager:203 - loadIPPluginJar : add tim
2021-07-01 19:38:29,328 [INFO] IPUIPlugin:64 - create IPUIPlugin
2021-07-01 19:38:29,329 [INFO] PluginManager:203 - loadIPPluginJar : add touchsensing
2021-07-01 19:38:29,330 [INFO] IPUIPlugin:64 - create IPUIPlugin
2021-07-01 19:38:29,331 [INFO] PluginManager:203 - loadIPPluginJar : add tracer_emb
2021-07-01 19:38:29,333 [INFO] IPUIPlugin:64 - create IPUIPlugin
2021-07-01 19:38:29,333 [INFO] PluginManager:203 - loadIPPluginJar : add ts
2021-07-01 19:38:29,335 [INFO] IPUIPlugin:64 - create IPUIPlugin
2021-07-01 19:38:29,335 [INFO] PluginManager:203 - loadIPPluginJar : add tsc
2021-07-01 19:38:29,337 [INFO] IPUIPlugin:64 - create IPUIPlugin
2021-07-01 19:38:29,337 [INFO] PluginManager:203 - loadIPPluginJar : add ucpd
2021-07-01 19:38:29,341 [INFO] IPUIPlugin:64 - create IPUIPlugin
2021-07-01 19:38:29,342 [INFO] PluginManager:203 - loadIPPluginJar : add usart
2021-07-01 19:38:29,730 [FATAL] Updater:284 - Updater called before beeing initialized
2021-07-01 19:38:29,867 [FATAL] Updater:284 - Updater called before beeing initialized
2021-07-01 19:38:29,872 [INFO] DbMcusAds:132 - JSON generation date=Tue May 11 17:32:49 CEST 2021 (1620747169502)
2021-07-01 19:38:29,873 [FATAL] Updater:284 - Updater called before beeing initialized
2021-07-01 19:38:29,916 [WARN] DetailPanel:315 - Failed to get advertising image, set to default
2021-07-01 19:38:30,116 [FATAL] Updater:284 - Updater called before beeing initialized
2021-07-01 19:38:30,120 [FATAL] Updater:284 - Updater called before beeing initialized
2021-07-01 19:38:30,120 [FATAL] Updater:284 - Updater called before beeing initialized
2021-07-01 19:38:30,120 [WARN] DetailPanel:315 - Failed to get advertising image, set to default
2021-07-01 19:38:30,121 [FATAL] Updater:284 - Updater called before beeing initialized
2021-07-01 19:38:30,169 [FATAL] Updater:284 - Updater called before beeing initialized
2021-07-01 19:38:30,170 [WARN] ThirdParty:796 - waiting for thirdparty lock release [close project]
2021-07-01 19:38:31,637 [INFO] ThirdPartyUpdaterWithRetryManager:56 - Updater plugin not ready yet. [2/15]
2021-07-01 19:38:34,638 [FATAL] Updater:284 - Updater called before beeing initialized
2021-07-01 19:38:34,638 [ERROR] AbstractThirdPartyUpdaterManager:153 - class java.lang.Integer cannot be cast to class java.util.List (java.lang.Integer and java.util.List are in module java.base of loader 'bootstrap')
2021-07-01 19:38:34,639 [INFO] ThirdParty:900 - Integrity check success = false
2021-07-01 19:38:34,639 [INFO] IntegrityCheckThread:75 - exiting critical section [integrity check]
2021-07-01 19:38:34,639 [INFO] IntegrityCheckThread:78 - End integrity checks thread
2021-07-01 19:38:34,639 [INFO] ThirdParty:798 - entering critical section [close project]
2021-07-01 19:38:34,641 [INFO] ThirdParty:809 - exiting critical section [close project]
2021-07-01 19:38:34,644 [INFO] PinOutPanel:1435 - setPackage(No Configuration,No Configuration)
2021-07-01 19:38:34,645 [FATAL] Updater:284 - Updater called before beeing initialized
2021-07-01 19:38:34,660 [ERROR] Updater:1065 - MainUpdater not yet initialized. External WinMGr cannot be set.
2021-07-01 19:38:34,664 [INFO] Updater:1002 - Updater Version found : 6.2.1
2021-07-01 19:38:34,687 [INFO] ApplicationProperties:181 - Using Application install path: C:\ST\STM32CubeIDE_1.6.1\STM32CubeIDE\plugins\com.st.stm32cube.common.mx_6.2.1.202103241236
2021-07-01 19:38:34,846 [INFO] MainUpdater:2661 - connection check result : 10
2021-07-01 19:38:34,848 [INFO] MainUpdater:255 - Updater Check For Update Now.
2021-07-01 19:38:34,848 [INFO] MicroXplorer:472 - Change Database Version : DB.6.0.21
2021-07-01 19:38:34,890 [INFO] CheckServerUpdateThread:102 - End of CheckServer Thread
2021-07-01 19:38:34,960 [INFO] MainUpdater:2661 - connection check result : 10
2021-07-01 19:38:35,344 [INFO] CrossSelectorPresenter:1330 - Cross Selector saved comparison directory: C:\Users\evers\.stmcufinder\plugins\mcufinder\mcu\cs_comparisons_mx
2021-07-01 19:38:35,354 [INFO] MultiScanPanel:200 - Auto-refresh data requested => check proxy status ongoing
2021-07-01 19:38:35,358 [INFO] FinderPluginLoader:87 - Searching for filters in installed packs
2021-07-01 19:38:35,360 [INFO] DbMcusXml:100 - Load MCU database from C:\ST\STM32CubeIDE_1.6.1\STM32CubeIDE\plugins\com.st.stm32cube.common.mx_6.2.1.202103241236\\db\/mcu/families.xml
2021-07-01 19:38:36,228 [INFO] DbMcusJson:94 - JSON generation date=Mon Jun 07 10:53:21 CEST 2021 (1623056001)
2021-07-01 19:38:36,877 [INFO] DbMcus:175 - Found 1906 MCUs (1866 are supported by CubeMX, 1866 are visible in CubeMX)
2021-07-01 19:38:36,881 [INFO] ApiDb:251 - Load user favorites file C:\Users\evers/.stm32cubeide/favorites.mcus.txt: 0 item(s)
2021-07-01 19:38:36,882 [INFO] ApiDb:255 - User favorites MCUs=[]
2021-07-01 19:38:36,882 [INFO] DbMcus:187 - Set 0 / 0 favorites MCUs
2021-07-01 19:38:37,366 [WARN] DetailPanel:315 - Failed to get advertising image, set to default
2021-07-01 19:38:37,616 [INFO] MultiScanPanel:731 - adjusting invalid saved split location: -0.38
2021-07-01 19:38:37,728 [INFO] MultiScanPanel:731 - adjusting invalid saved split location: -0.38
2021-07-01 19:38:37,798 [INFO] DbBoardsPdsc:90 - Found 24 items
2021-07-01 19:38:37,801 [INFO] DbBoardsPdsc:90 - Found 9 items
2021-07-01 19:38:37,806 [INFO] DbBoardsPdsc:90 - Found 33 items
2021-07-01 19:38:37,808 [INFO] DbBoardsPdsc:90 - Found 1 items
2021-07-01 19:38:37,815 [INFO] DbBoardsPdsc:90 - Found 46 items
2021-07-01 19:38:37,822 [INFO] DbBoardsPdsc:90 - Found 41 items
2021-07-01 19:38:37,824 [INFO] DbBoardsPdsc:90 - Found 2 items
2021-07-01 19:38:37,826 [INFO] DbBoardsPdsc:90 - Found 5 items
2021-07-01 19:38:37,829 [WARN] DbBoardsPdsc:254 - Board NUCLEO-WB15CC: unknown feature type=, name=, username=Three user LEDs, n=1
2021-07-01 19:38:37,829 [WARN] DbBoardsPdsc:254 - Board NUCLEO-WB15CC: unknown feature type=, name=, username=One reset and three user push-buttons, n=1
2021-07-01 19:38:37,829 [WARN] DbBoardsPdsc:254 - Board NUCLEO-WB15CC: unknown feature type=, name=, username=Arduino Uno V3 expansion connector, n=1
2021-07-01 19:38:37,830 [WARN] DbBoardsPdsc:254 - Board NUCLEO-WB15CC: unknown feature type=, name=, username=ST morpho extension pin headers for full access to all STM32WB I/Os, n=1
2021-07-01 19:38:37,830 [WARN] DbBoardsPdsc:254 - Board NUCLEO-WB15CC: unknown feature type=, name=, username=Integrated PCB antenna and SMA connector footprint, n=1
2021-07-01 19:38:37,830 [WARN] DbBoardsPdsc:254 - Board NUCLEO-WB15CC: unknown feature type=, name=, username=Flexible power-supply options: ST-LINK, USB VBUS, or external sources, n=1
2021-07-01 19:38:37,830 [WARN] DbBoardsPdsc:254 - Board NUCLEO-WB15CC: unknown feature type=, name=, username=On-board footprint to mount a CR2032 battery socket, n=1
2021-07-01 19:38:37,830 [WARN] DbBoardsPdsc:254 - Board NUCLEO-WB15CC: unknown feature type=, name=, username=On-board ST-LINK/V2-1 debugger/programmer with USB re-enumeration capability: mass storage, Virtual COM port, and debug port, n=1
2021-07-01 19:38:37,830 [WARN] DbBoardsPdsc:254 - Board NUCLEO-WB15CC: unknown feature type=, name=, username=Comprehensive free software libraries and examples available with the STM32CubeWB MCU Package, n=1
2021-07-01 19:38:37,830 [WARN] DbBoardsPdsc:254 - Board NUCLEO-WB15CC: unknown feature type=, name=, username=Support of a wide choice of Integrated Development Environments (IDEs) including IAR Embedded Workbench, MDK-ARM, STM32CubeIDE, and Mbed Studio, n=1
2021-07-01 19:38:37,832 [WARN] DbBoardsPdsc:254 - Board STM32H7B3I-DK: unknown feature type=Audio, name=, username=Audio stereo codec with Headphone Amp (CS42L51-CNZ), n=1
2021-07-01 19:38:37,832 [WARN] DbBoardsPdsc:254 - Board STM32H735G-DK: unknown feature type=Audio, name=, username=Audio stereo codec with Headphone Amp (WM8994ECS/R), n=1
2021-07-01 19:38:37,833 [WARN] DbBoardsPdsc:254 - Board STM32WB5MM-DK: unknown feature type=, name=, username=Time-of-Flight and gesture-detection sensor, n=1
2021-07-01 19:38:37,833 [WARN] DbBoardsPdsc:254 - Board STM32WB5MM-DK: unknown feature type=, name=, username=3 push-buttons (2 users and 1 reset) and 1 touch key button, n=1
2021-07-01 19:38:37,833 [WARN] DbBoardsPdsc:254 - Board STM32WB5MM-DK: unknown feature type=, name=, username=Flexible power-supply options: ST-LINK/V2-1 USB connector, 5 V delivered by ARDUINO® or external connector, USB charger, or USB power, n=1
2021-07-01 19:38:37,833 [WARN] DbBoardsPdsc:254 - Board STM32WB5MM-DK: unknown feature type=, name=, username=On-board ST-LINK/V2-1 debugger/programmer with USB re-enumeration capability: Virtual COM port and debug port, n=1
2021-07-01 19:38:37,833 [WARN] DbBoardsPdsc:254 - Board STM32WB5MM-DK: unknown feature type=, name=, username=Comprehensive free software libraries and examples available with the STM32CubeWB MCU Package, n=1
2021-07-01 19:38:37,833 [WARN] DbBoardsPdsc:254 - Board STM32WB5MM-DK: unknown feature type=, name=, username=Support of a wide choice of Integrated Development Environments (IDEs) including IAR Embedded Workbench®, MDK-ARM, and STM32CubeIDE, n=1
2021-07-01 19:38:37,834 [WARN] DbBoardsPdsc:254 - Board STM32H7B3I-EVAL: unknown feature type=Audio, name=, username=Multi-Channel Audio Codec (CS42L51-CNZ), n=1
2021-07-01 19:38:37,834 [WARN] DbBoardsPdsc:254 - Board STM32H7B3I-EVAL: unknown feature type=Meter, name=, username=Power-metering and Temperature-monitoring with sigma-delta modulators, n=1
2021-07-01 19:38:37,834 [WARN] DbBoardsPdsc:254 - Board STM32H7B3I-EVAL: unknown feature type=Motor, name=, username=Motor Control, n=1
2021-07-01 19:38:37,872 [INFO] DbBoardsJson:87 - JSON generation date=Tue Jun 01 07:52:40 CEST 2021 (1622526760)
2021-07-01 19:38:37,879 [INFO] DbBoards:117 - Found 161 boards (158 are supported by CubeMX)
2021-07-01 19:38:37,910 [INFO] DbBoardsDocs:143 - JSON generation date=Tue Jun 01 07:52:40 CEST 2021 (1622526760)
2021-07-01 19:38:37,939 [INFO] DbBoardsDocs:79 - Found 193 boards documents
2021-07-01 19:38:37,940 [WARN] DbBoards:127 - board B-L462E-CELL1 has no document id list !
2021-07-01 19:38:37,941 [WARN] DbBoards:127 - board B-L475E-IOT01A2 has no document id list !
2021-07-01 19:38:37,941 [WARN] DbBoards:127 - board NUCLEO-G0B1RE has no document id list !
2021-07-01 19:38:37,942 [WARN] DbBoards:127 - board NUCLEO-H743ZI has no document id list !
2021-07-01 19:38:37,943 [WARN] DbBoards:127 - board NUCLEO-L4A6ZG has no document id list !
2021-07-01 19:38:37,943 [WARN] DbBoards:127 - board NUCLEO-WB15CC has no document id list !
2021-07-01 19:38:37,943 [WARN] DbBoards:127 - board NUCLEO-WB55RG has no document id list !
2021-07-01 19:38:37,943 [WARN] DbBoards:127 - board NUCLEO-WL55JC2 has no document id list !
2021-07-01 19:38:37,943 [WARN] DbBoards:127 - board P-NUCLEO-WB55-Nucleo has no document id list !
2021-07-01 19:38:37,944 [WARN] DbBoards:127 - board P-NUCLEO-WB55-USBDongle has no document id list !
2021-07-01 19:38:37,944 [WARN] DbBoards:127 - board STEVAL-BFA001V1B has no document id list !
2021-07-01 19:38:37,944 [WARN] DbBoards:127 - board STEVAL-BFA001V2B has no document id list !
2021-07-01 19:38:37,944 [WARN] DbBoards:127 - board STEVAL-IDP005V1 has no document id list !
2021-07-01 19:38:37,944 [WARN] DbBoards:127 - board STEVAL-IDP005V2 has no document id list !
2021-07-01 19:38:37,944 [WARN] DbBoards:127 - board STEVAL-MKSBOX1V1 has no document id list !
2021-07-01 19:38:37,944 [WARN] DbBoards:127 - board STEVAL-STWINKT1 has no document id list !
2021-07-01 19:38:37,944 [WARN] DbBoards:127 - board STEVAL-STWINKT1B has no document id list !
2021-07-01 19:38:37,945 [WARN] DbBoards:127 - board STM32F401C-DISCO has no document id list !
2021-07-01 19:38:37,946 [WARN] DbBoards:127 - board STM32F769I-DISC1 has no document id list !
2021-07-01 19:38:37,946 [WARN] DbBoards:127 - board STM32G0C1E-EV has no document id list !
2021-07-01 19:38:37,946 [WARN] DbBoards:127 - board STM32G474E-EVAL1 has no document id list !
2021-07-01 19:38:37,947 [WARN] DbBoards:127 - board STM32H743I-EVAL2 has no document id list !
2021-07-01 19:38:37,947 [WARN] DbBoards:127 - board STM32H747I-DISC1 has no document id list !
2021-07-01 19:38:37,947 [WARN] DbBoards:127 - board STM32H753I-EVAL2 has no document id list !
2021-07-01 19:38:37,947 [WARN] DbBoards:127 - board STM32L-DISCOVERY has no document id list !
2021-07-01 19:38:37,948 [WARN] DbBoards:127 - board STM32MP157A-DK1 has no document id list !
2021-07-01 19:38:37,948 [WARN] DbBoards:127 - board STM32MP157F-DK2 has no document id list !
2021-07-01 19:38:37,949 [WARN] DbBoards:127 - board STM32MP157F-EV1 has no document id list !
2021-07-01 19:38:37,949 [WARN] DbBoards:127 - board STM32WB5MM-DK has no document id list !
2021-07-01 19:38:39,570 [INFO] ApiDb:251 - Load user favorites file C:\Users\evers/.stm32cubeide/favorites.boards.txt: 1 item(s)
2021-07-01 19:38:39,570 [INFO] ApiDb:255 - User favorites Boards=[NUCLEO-L476RG]
2021-07-01 19:38:39,570 [INFO] DbBoards:206 - Set 1 / 1 favorites Boards
2021-07-01 19:38:39,804 [INFO] MultiScanPanel:731 - adjusting invalid saved split location: -0.38
2021-07-01 19:38:39,950 [INFO] MultiScanPanel:200 - Auto-refresh data requested => check proxy status ongoing
2021-07-01 19:38:40,002 [WARN] DetailPanel:315 - Failed to get advertising image, set to default
2021-07-01 19:38:40,012 [INFO] MultiScanPanel:731 - adjusting invalid saved split location: -0.47
2021-07-01 19:38:40,045 [INFO] MultiScanPanel:731 - adjusting invalid saved split location: -0.47
2021-07-01 19:38:40,075 [INFO] MultiScanPanel:731 - adjusting invalid saved split location: -0.47
2021-07-01 19:38:40,107 [INFO] MultiScanPanel:200 - Auto-refresh data requested => check proxy status ongoing
2021-07-01 19:38:40,316 [INFO] ApiDb:479 - Connected to CubeFinder SQLite database (C:\Users\evers\.stmcufinder\plugins\mcufinder\mcu\cube-finder-db.db)
2021-07-01 19:38:40,952 [INFO] DbExamplesSqlite:401 - Ignored 36 examples not supported by CubeIDE
2021-07-01 19:38:40,952 [INFO] DbExamplesSqlite:402 - Found 4835 examples active
2021-07-01 19:38:40,952 [INFO] DbExamplesSqlite:403 - Found 274 examples obsolete
2021-07-01 19:38:40,952 [INFO] DbExamplesSqlite:404 - Found 0 examples under development
2021-07-01 19:38:40,953 [INFO] DbExamplesSqlite:405 - Found 76 examples not building
2021-07-01 19:38:40,970 [INFO] DbExamplesSqlite:104 - CubeFinder database Data Model version=2.1
2021-07-01 19:38:40,970 [INFO] DbExamplesSqlite:105 - CubeFinder database Configuration version=3.0-WIP12
2021-07-01 19:38:40,971 [INFO] DbExamplesSqlite:106 - CubeFinder database generation date=2021-05-10 (1620656699)
2021-07-01 19:38:40,971 [INFO] DbExamplesSqlite:107 - CubeFinder database FW Pack versions=[STM32Cube_FW_F4_V1.26.1, STM32Cube_FW_F7_V1.16.1, STM32Cube_FW_G0_V1.4.1, STM32Cube_FW_G4_V1.4.0, STM32Cube_FW_H7_V1.9.0, STM32Cube_FW_L5_V1.4.0, STM32Cube_FW_WB_V1.11.1, STM32Cube_FW_WL_V1.0.0, X-CUBE-AZRTOS-H7_V1.0.0, X-CUBE-BLE1_V6.2.0, X-CUBE-BLE2_V3.2.0, X-CUBE-GNSS1_V5.2.0]
2021-07-01 19:38:40,972 [INFO] DbExamples:130 - Found 4875 examples
2021-07-01 19:38:41,595 [ERROR] DbExamples:206 - Found 301 examples with invalid data (board or MCU)
2021-07-01 19:38:41,595 [INFO] DbExamples:222 - Found 63 boards with related examples
2021-07-01 19:38:41,605 [INFO] DbExamples:235 - Found 52 MCUs with related examples
2021-07-01 19:38:41,623 [INFO] ApiDb:251 - Load user favorites file C:\Users\evers/.stm32cubeide/favorites.examples.txt: 0 item(s)
2021-07-01 19:38:41,623 [INFO] ApiDb:255 - User favorites Examples=[]
2021-07-01 19:38:41,624 [INFO] DbExamples:256 - Set 0 / 0 favorites Examples
2021-07-01 19:38:41,864 [INFO] SoftwarePacks:125 - Found SW pack 'STM32Cube_FW_F4_V1.26.1' up-to-date on disk.
2021-07-01 19:38:41,879 [INFO] SoftwarePacks:121 - Download is needed for SW pack 'STM32Cube_FW_F7_V1.16.1'
2021-07-01 19:38:41,901 [INFO] SoftwarePacks:125 - Found SW pack 'STM32Cube_FW_G0_V1.4.1' up-to-date on disk.
2021-07-01 19:38:41,914 [INFO] SoftwarePacks:121 - Download is needed for SW pack 'STM32Cube_FW_G4_V1.4.0'
2021-07-01 19:38:41,926 [INFO] SoftwarePacks:125 - Found SW pack 'STM32Cube_FW_H7_V1.9.0' up-to-date on disk.
2021-07-01 19:38:41,940 [INFO] SoftwarePacks:121 - Download is needed for SW pack 'STM32Cube_FW_L5_V1.4.0'
2021-07-01 19:38:41,953 [INFO] SoftwarePacks:121 - Download is needed for SW pack 'STM32Cube_FW_WB_V1.11.1'
2021-07-01 19:38:41,963 [INFO] SoftwarePacks:125 - Found SW pack 'STM32Cube_FW_WL_V1.0.0' up-to-date on disk.
2021-07-01 19:38:41,964 [INFO] SoftwarePacks:121 - Download is needed for SW pack 'X-CUBE-AZRTOS-H7_V1.0.0'
2021-07-01 19:38:41,964 [INFO] SoftwarePacks:121 - Download is needed for SW pack 'X-CUBE-BLE1_V6.2.0'
2021-07-01 19:38:41,964 [INFO] SoftwarePacks:121 - Download is needed for SW pack 'X-CUBE-BLE2_V3.2.0'
2021-07-01 19:38:41,964 [INFO] SoftwarePacks:121 - Download is needed for SW pack 'X-CUBE-GNSS1_V5.2.0'
2021-07-01 19:38:42,955 [WARN] DetailPanel:315 - Failed to get advertising image, set to default
2021-07-01 19:40:23,110 [INFO] SoftwarePacks:184 - Size of SW pack 'STM32Cube_FW_H7_V1.9.0' is: 1058.0 MB
2021-07-01 19:40:26,561 [INFO] ExampleToolKit:600 - [info] 2021/07/01 19:40:26
2021-07-01 19:40:26,561 [INFO] ExampleToolKit:650 - [info] Start Project: LwIP_HTTP_Server_Socket_RTOS
2021-07-01 19:40:26,564 [WARN] ExampleToolKit:712 - [WARNING] IDE PROJECT 'SW4STM32' NOT FOUND
2021-07-01 19:40:26,565 [INFO] ExampleToolKit:744 - [info] Project path: C:\Users\evers\Documents\IMAGINE-IOT\Imagine-IoT\Imagine-IoT\9 Nucleo boards\NUCLEO-H723ZG\ip_example_2\LwIP_HTTP_Server_Socket_RTOS
2021-07-01 19:40:26,717 [WARN] ExampleToolKit:1990 - [WARNING] IDE PROJECT 'SW4STM32'NOT FOUND
2021-07-01 19:40:26,754 [INFO] ExampleToolKit:997 - [info] SW Package located in: C:\Users\evers\STM32Cube\Repository\STM32Cube_FW_H7_V1.9.0
2021-07-01 19:40:26,754 [INFO] ExampleToolKit:1002 - [info] SW Package copy: LITE
2021-07-01 19:40:57,064 [INFO] ExampleToolKit:816 - [info] Project 'LwIP_HTTP_Server_Socket_RTOS' installed successfully
2021-07-01 19:40:57,064 [INFO] ExampleToolKit:842 - [info] 2021/07/01 19:40:57
2021-07-01 19:40:57,064 [INFO] ExampleToolKit:961 - [info] Elapsed time: 0h 0m 30s 512ms
2021-07-01 19:40:59,518 [INFO] ApiDb:276 - Save user favorites file C:\Users\evers/.stm32cubeide/favorites.mcus.txt: 0 item(s)
2021-07-01 19:40:59,519 [INFO] ApiDb:280 - User favorites MCUs=[]
2021-07-01 19:40:59,524 [INFO] ApiDb:276 - Save user favorites file C:\Users\evers/.stm32cubeide/favorites.boards.txt: 1 item(s)
2021-07-01 19:40:59,525 [INFO] ApiDb:280 - User favorites Boards=[NUCLEO-L476RG]
2021-07-01 19:40:59,534 [INFO] ApiDb:276 - Save user favorites file C:\Users\evers/.stm32cubeide/favorites.examples.txt: 0 item(s)
2021-07-01 19:40:59,535 [INFO] ApiDb:280 - User favorites Examples=[]
2021-07-01 20:08:48,263 [INFO] Activator:170 - 


2021-07-01 20:08:48,265 [INFO] Activator:171 - !SESSION log4j initialized
2021-07-06 15:13:49,619 [INFO] Activator:170 - 


2021-07-06 15:13:49,621 [INFO] Activator:171 - !SESSION log4j initialized
2021-07-06 15:14:22,247 [INFO] Activator:170 - 


2021-07-06 15:14:22,249 [INFO] Activator:171 - !SESSION log4j initialized
2021-07-06 15:14:38,572 [INFO] McuFinderGlobals:39 - Set McuFinder mode to 2 (CubeIDE integrated)
2021-07-06 15:14:38,765 [INFO] ApplicationProperties:181 - Using Application install path: C:\ST\STM32CubeIDE_1.6.1\STM32CubeIDE\plugins\com.st.stm32cube.common.mx_6.2.1.202103241236
2021-07-06 15:14:38,778 [INFO] DbMcusXml:74 - Set database path to: C:\ST\STM32CubeIDE_1.6.1\STM32CubeIDE\plugins\com.st.stm32cube.common.mx_6.2.1.202103241236\\db\/mcu/
2021-07-06 15:14:38,784 [INFO] DbBoardsPdsc:56 - Set plugin database path to: C:\ST\STM32CubeIDE_1.6.1\STM32CubeIDE\plugins\com.st.stm32cube.common.mx_6.2.1.202103241236\\db\/plugins/boardmanager/
2021-07-06 15:14:38,784 [INFO] DbMcus:258 - Set plugin images path to: C:\ST\STM32CubeIDE_1.6.1\STM32CubeIDE\plugins\com.st.stm32cube.common.mx_6.2.1.202103241236\\db\/plugins/mcufinder/images/
2021-07-06 15:14:38,784 [INFO] DbBoards:264 - Set plugin images path to: C:\ST\STM32CubeIDE_1.6.1\STM32CubeIDE\plugins\com.st.stm32cube.common.mx_6.2.1.202103241236\\db\/plugins/mcufinder/images/
2021-07-06 15:14:38,787 [INFO] DbExamples:333 - Set plugin images path to: C:\ST\STM32CubeIDE_1.6.1\STM32CubeIDE\plugins\com.st.stm32cube.common.mx_6.2.1.202103241236\\db\/plugins/mcufinder/images/
2021-07-06 15:14:38,800 [INFO] DbMcusAds:85 - Set database path to: C:\Users\evers\.stmcufinder\plugins\mcufinder//mcu/
2021-07-06 15:14:38,801 [INFO] DbMcusDocs:110 - Set database path to: C:\Users\evers\.stmcufinder\plugins\mcufinder//mcu/
2021-07-06 15:14:38,803 [INFO] DbMcusJson:65 - Set database path to: C:\Users\evers\.stmcufinder\plugins\mcufinder//mcu/
2021-07-06 15:14:38,804 [INFO] DbBoardsDocs:110 - Set database path to: C:\Users\evers\.stmcufinder\plugins\mcufinder//mcu/
2021-07-06 15:14:38,806 [INFO] DbBoardsJson:58 - Set database path to: C:\Users\evers\.stmcufinder\plugins\mcufinder//mcu/
2021-07-06 15:14:38,820 [INFO] CrossReferenceDbSqlite:196 - Set database path to: C:\Users\evers\.stmcufinder\plugins\mcufinder//mcu/cs/
2021-07-06 15:14:38,823 [INFO] DbExamplesSqlite:690 - Set database path to: C:\Users\evers\.stmcufinder\plugins\mcufinder//mcu/
2021-07-06 15:14:38,954 [INFO] RulesReader:52 - Compatibility file has been processed (237 Rules)
2021-07-06 15:14:39,078 [INFO] MicroXplorer:622 - Detected Java Version = 11.0.9.1
2021-07-06 15:14:39,079 [INFO] DbMcusXml:74 - Set database path to: C:\ST\STM32CubeIDE_1.6.1\STM32CubeIDE\plugins\com.st.stm32cube.common.mx_6.2.1.202103241236\\db\/mcu/
2021-07-06 15:14:39,079 [INFO] DbBoardsPdsc:56 - Set plugin database path to: C:\ST\STM32CubeIDE_1.6.1\STM32CubeIDE\plugins\com.st.stm32cube.common.mx_6.2.1.202103241236\\db\/plugins/boardmanager/
2021-07-06 15:14:39,080 [INFO] DbMcus:258 - Set plugin images path to: C:\ST\STM32CubeIDE_1.6.1\STM32CubeIDE\plugins\com.st.stm32cube.common.mx_6.2.1.202103241236\\db\/plugins/mcufinder/images/
2021-07-06 15:14:39,080 [INFO] DbBoards:264 - Set plugin images path to: C:\ST\STM32CubeIDE_1.6.1\STM32CubeIDE\plugins\com.st.stm32cube.common.mx_6.2.1.202103241236\\db\/plugins/mcufinder/images/
2021-07-06 15:14:39,080 [INFO] DbExamples:333 - Set plugin images path to: C:\ST\STM32CubeIDE_1.6.1\STM32CubeIDE\plugins\com.st.stm32cube.common.mx_6.2.1.202103241236\\db\/plugins/mcufinder/images/
2021-07-06 15:14:39,080 [WARN] DbFile:35 - Overriding database path with different value: C:\Users\evers\.stmcufinder\plugins\mcufinder/ => C:\Users\evers\.stmcufinder\plugins\mcufinder
2021-07-06 15:14:39,080 [INFO] DbMcusAds:85 - Set database path to: C:\Users\evers\.stmcufinder\plugins\mcufinder//mcu/
2021-07-06 15:14:39,080 [WARN] DbFile:35 - Overriding database path with different value: C:\Users\evers\.stmcufinder\plugins\mcufinder/ => C:\Users\evers\.stmcufinder\plugins\mcufinder
2021-07-06 15:14:39,080 [INFO] DbMcusDocs:110 - Set database path to: C:\Users\evers\.stmcufinder\plugins\mcufinder//mcu/
2021-07-06 15:14:39,080 [WARN] DbFile:35 - Overriding database path with different value: C:\Users\evers\.stmcufinder\plugins\mcufinder/ => C:\Users\evers\.stmcufinder\plugins\mcufinder
2021-07-06 15:14:39,081 [INFO] DbMcusJson:65 - Set database path to: C:\Users\evers\.stmcufinder\plugins\mcufinder//mcu/
2021-07-06 15:14:39,081 [WARN] DbFile:35 - Overriding database path with different value: C:\Users\evers\.stmcufinder\plugins\mcufinder/ => C:\Users\evers\.stmcufinder\plugins\mcufinder
2021-07-06 15:14:39,081 [INFO] DbBoardsDocs:110 - Set database path to: C:\Users\evers\.stmcufinder\plugins\mcufinder//mcu/
2021-07-06 15:14:39,081 [WARN] DbFile:35 - Overriding database path with different value: C:\Users\evers\.stmcufinder\plugins\mcufinder/ => C:\Users\evers\.stmcufinder\plugins\mcufinder
2021-07-06 15:14:39,081 [INFO] DbBoardsJson:58 - Set database path to: C:\Users\evers\.stmcufinder\plugins\mcufinder//mcu/
2021-07-06 15:14:39,081 [WARN] DbFile:35 - Overriding database path with different value: C:\Users\evers\.stmcufinder\plugins\mcufinder/ => C:\Users\evers\.stmcufinder\plugins\mcufinder
2021-07-06 15:14:39,081 [WARN] DbFile:35 - Overriding database path with different value: C:\Users\evers\.stmcufinder\plugins\mcufinder/ => C:\Users\evers\.stmcufinder\plugins\mcufinder
2021-07-06 15:14:39,081 [INFO] CrossReferenceDbSqlite:196 - Set database path to: C:\Users\evers\.stmcufinder\plugins\mcufinder//mcu/cs/
2021-07-06 15:14:39,081 [WARN] DbFile:35 - Overriding database path with different value: C:\Users\evers\.stmcufinder\plugins\mcufinder/ => C:\Users\evers\.stmcufinder\plugins\mcufinder
2021-07-06 15:14:39,082 [INFO] DbExamplesSqlite:690 - Set database path to: C:\Users\evers\.stmcufinder\plugins\mcufinder//mcu/
2021-07-06 15:14:39,170 [INFO] MainPanel:204 - HeapMemory: 268435456
2021-07-06 15:14:39,261 [INFO] DbMcusXml:74 - Set database path to: C:\ST\STM32CubeIDE_1.6.1\STM32CubeIDE\plugins\com.st.stm32cube.common.mx_6.2.1.202103241236\\db\/mcu/
2021-07-06 15:14:39,261 [INFO] DbBoardsPdsc:56 - Set plugin database path to: C:\ST\STM32CubeIDE_1.6.1\STM32CubeIDE\plugins\com.st.stm32cube.common.mx_6.2.1.202103241236\\db\/plugins/boardmanager/
2021-07-06 15:14:39,261 [INFO] DbMcus:258 - Set plugin images path to: C:\ST\STM32CubeIDE_1.6.1\STM32CubeIDE\plugins\com.st.stm32cube.common.mx_6.2.1.202103241236\\db\/plugins/mcufinder/images/
2021-07-06 15:14:39,261 [INFO] DbBoards:264 - Set plugin images path to: C:\ST\STM32CubeIDE_1.6.1\STM32CubeIDE\plugins\com.st.stm32cube.common.mx_6.2.1.202103241236\\db\/plugins/mcufinder/images/
2021-07-06 15:14:39,261 [INFO] DbExamples:333 - Set plugin images path to: C:\ST\STM32CubeIDE_1.6.1\STM32CubeIDE\plugins\com.st.stm32cube.common.mx_6.2.1.202103241236\\db\/plugins/mcufinder/images/
2021-07-06 15:14:39,262 [WARN] DbFile:35 - Overriding database path with different value: C:\Users\evers\.stmcufinder\plugins\mcufinder/ => C:\Users\evers\.stmcufinder\plugins\mcufinder
2021-07-06 15:14:39,263 [INFO] DbMcusAds:85 - Set database path to: C:\Users\evers\.stmcufinder\plugins\mcufinder//mcu/
2021-07-06 15:14:39,263 [WARN] DbFile:35 - Overriding database path with different value: C:\Users\evers\.stmcufinder\plugins\mcufinder/ => C:\Users\evers\.stmcufinder\plugins\mcufinder
2021-07-06 15:14:39,263 [INFO] DbMcusDocs:110 - Set database path to: C:\Users\evers\.stmcufinder\plugins\mcufinder//mcu/
2021-07-06 15:14:39,263 [WARN] DbFile:35 - Overriding database path with different value: C:\Users\evers\.stmcufinder\plugins\mcufinder/ => C:\Users\evers\.stmcufinder\plugins\mcufinder
2021-07-06 15:14:39,263 [INFO] DbMcusJson:65 - Set database path to: C:\Users\evers\.stmcufinder\plugins\mcufinder//mcu/
2021-07-06 15:14:39,263 [WARN] DbFile:35 - Overriding database path with different value: C:\Users\evers\.stmcufinder\plugins\mcufinder/ => C:\Users\evers\.stmcufinder\plugins\mcufinder
2021-07-06 15:14:39,263 [INFO] DbBoardsDocs:110 - Set database path to: C:\Users\evers\.stmcufinder\plugins\mcufinder//mcu/
2021-07-06 15:14:39,263 [WARN] DbFile:35 - Overriding database path with different value: C:\Users\evers\.stmcufinder\plugins\mcufinder/ => C:\Users\evers\.stmcufinder\plugins\mcufinder
2021-07-06 15:14:39,263 [INFO] DbBoardsJson:58 - Set database path to: C:\Users\evers\.stmcufinder\plugins\mcufinder//mcu/
2021-07-06 15:14:39,263 [WARN] DbFile:35 - Overriding database path with different value: C:\Users\evers\.stmcufinder\plugins\mcufinder/ => C:\Users\evers\.stmcufinder\plugins\mcufinder
2021-07-06 15:14:39,264 [WARN] DbFile:35 - Overriding database path with different value: C:\Users\evers\.stmcufinder\plugins\mcufinder/ => C:\Users\evers\.stmcufinder\plugins\mcufinder
2021-07-06 15:14:39,264 [INFO] CrossReferenceDbSqlite:196 - Set database path to: C:\Users\evers\.stmcufinder\plugins\mcufinder//mcu/cs/
2021-07-06 15:14:39,264 [WARN] DbFile:35 - Overriding database path with different value: C:\Users\evers\.stmcufinder\plugins\mcufinder/ => C:\Users\evers\.stmcufinder\plugins\mcufinder
2021-07-06 15:14:39,264 [INFO] DbExamplesSqlite:690 - Set database path to: C:\Users\evers\.stmcufinder\plugins\mcufinder//mcu/
2021-07-06 15:14:39,285 [INFO] ApplicationProperties:181 - Using Application install path: C:\ST\STM32CubeIDE_1.6.1\STM32CubeIDE\plugins\com.st.stm32cube.common.mx_6.2.1.202103241236
2021-07-06 15:14:39,286 [INFO] PluginManage:178 - Search for loadable plugins [exclusion list=, ]
2021-07-06 15:14:39,288 [INFO] PluginManage:292 - Check plugin analytics
2021-07-06 15:14:39,463 [INFO] AnalyticsPlugin:233 - Accepted Software Licenses: STM32CubeMX.6.0.1,STM32CubeMX.6.1.1,STM32CubeMX.6.1.2,STM32CubeMX.6.2.0,STM32CubeMX.6.2.1
2021-07-06 15:14:39,464 [INFO] AnalyticsPlugin:235 - Accepted CMSIS Pack Licenses: 
2021-07-06 15:14:39,464 [INFO] AnalyticsPlugin:237 - Accepted Firmware Licenses: 
2021-07-06 15:14:39,464 [INFO] PluginManage:342 - Loaded plugin analytics (category:tool,tabindex:-1)
2021-07-06 15:14:39,465 [INFO] PluginManage:292 - Check plugin clock
2021-07-06 15:14:39,482 [INFO] PluginManage:342 - Loaded plugin clock (category:base,tabindex:2)
2021-07-06 15:14:39,482 [INFO] PluginManage:292 - Check plugin ddr
2021-07-06 15:14:39,485 [INFO] PluginManage:342 - Loaded plugin ddr (category:tool,tabindex:6)
2021-07-06 15:14:39,485 [INFO] PluginManage:292 - Check plugin filemanager
2021-07-06 15:14:39,620 [INFO] PluginManage:342 - Loaded plugin filemanager (category:base,tabindex:10)
2021-07-06 15:14:39,620 [INFO] PluginManage:292 - Check plugin ipmanager
2021-07-06 15:14:39,629 [INFO] PluginManage:342 - Loaded plugin ipmanager (category:base,tabindex:5)
2021-07-06 15:14:39,630 [INFO] PluginManage:292 - Check plugin pinoutandconfiguration
2021-07-06 15:14:39,642 [INFO] PluginManage:342 - Loaded plugin pinoutandconfiguration (category:base,tabindex:1)
2021-07-06 15:14:39,642 [INFO] PluginManage:292 - Check plugin pinoutconfig
2021-07-06 15:14:39,670 [INFO] PluginManage:342 - Loaded plugin pinoutconfig (category:base,tabindex:0)
2021-07-06 15:14:39,671 [INFO] PluginManage:292 - Check plugin power
2021-07-06 15:14:39,684 [INFO] PluginManage:342 - Loaded plugin power (category:power,tabindex:4)
2021-07-06 15:14:39,684 [INFO] PluginManage:292 - Check plugin projectmanager
2021-07-06 15:14:39,701 [INFO] PluginManage:342 - Loaded plugin projectmanager (category:projectmanager,tabindex:3)
2021-07-06 15:14:39,702 [INFO] PluginManage:292 - Check plugin thirdparty
2021-07-06 15:14:39,830 [INFO] PluginManage:342 - Loaded plugin thirdparty (category:base,tabindex:-1)
2021-07-06 15:14:39,830 [INFO] PluginManage:292 - Check plugin tools
2021-07-06 15:14:39,831 [WARN] IntegrityCheckThread:59 - waiting for thirdparty lock release [integrity check]
2021-07-06 15:14:39,831 [INFO] IntegrityCheckThread:61 - entering critical section [integrity check]
2021-07-06 15:14:39,832 [INFO] ThirdPartyUpdaterWithRetryManager:56 - Updater plugin not ready yet. [1/15]
2021-07-06 15:14:39,834 [INFO] PluginManage:342 - Loaded plugin tools (category:base,tabindex:7)
2021-07-06 15:14:39,834 [INFO] PluginManage:292 - Check plugin tutovideos
2021-07-06 15:14:40,081 [INFO] PluginManage:342 - Loaded plugin tutovideos (category:base,tabindex:-1)
2021-07-06 15:14:40,082 [INFO] PluginManage:292 - Check plugin updater
2021-07-06 15:14:40,096 [INFO] PluginManage:342 - Loaded plugin updater (category:base,tabindex:12)
2021-07-06 15:14:40,097 [INFO] PluginManage:265 - PluginManage : Loaded plugins [13]
2021-07-06 15:14:40,305 [INFO] PinOutPanel:1435 - setPackage(No Configuration,No Configuration)
2021-07-06 15:14:40,408 [INFO] IPUIPlugin:64 - create IPUIPlugin
2021-07-06 15:14:40,408 [INFO] PluginManager:203 - loadIPPluginJar : add adc
2021-07-06 15:14:40,411 [INFO] IPUIPlugin:64 - create IPUIPlugin
2021-07-06 15:14:40,412 [INFO] PluginManager:203 - loadIPPluginJar : add aes
2021-07-06 15:14:40,415 [INFO] IPUIPlugin:64 - create IPUIPlugin
2021-07-06 15:14:40,416 [INFO] PluginManager:203 - loadIPPluginJar : add can
2021-07-06 15:14:40,418 [INFO] IPUIPlugin:64 - create IPUIPlugin
2021-07-06 15:14:40,418 [INFO] PluginManager:203 - loadIPPluginJar : add comp
2021-07-06 15:14:40,421 [INFO] IPUIPlugin:64 - create IPUIPlugin
2021-07-06 15:14:40,421 [INFO] PluginManager:203 - loadIPPluginJar : add cryp
2021-07-06 15:14:40,425 [INFO] IPUIPlugin:64 - create IPUIPlugin
2021-07-06 15:14:40,425 [INFO] PluginManager:203 - loadIPPluginJar : add dfsdm
2021-07-06 15:14:40,432 [INFO] IPUIPlugin:64 - create IPUIPlugin
2021-07-06 15:14:40,432 [INFO] PluginManager:203 - loadIPPluginJar : add dma
2021-07-06 15:14:40,435 [INFO] IPUIPlugin:64 - create IPUIPlugin
2021-07-06 15:14:40,435 [INFO] PluginManager:203 - loadIPPluginJar : add fatfs
2021-07-06 15:14:40,440 [INFO] IPUIPlugin:64 - create IPUIPlugin
2021-07-06 15:14:40,440 [INFO] PluginManager:203 - loadIPPluginJar : add fmc
2021-07-06 15:14:40,449 [INFO] IPUIPlugin:64 - create IPUIPlugin
2021-07-06 15:14:40,449 [INFO] PluginManager:203 - loadIPPluginJar : add freertos
2021-07-06 15:14:40,452 [INFO] IPUIPlugin:64 - create IPUIPlugin
2021-07-06 15:14:40,452 [INFO] PluginManager:203 - loadIPPluginJar : add genericplugin
2021-07-06 15:14:40,456 [INFO] IPUIPlugin:64 - create IPUIPlugin
2021-07-06 15:14:40,456 [INFO] PluginManager:203 - loadIPPluginJar : add gfxmmu
2021-07-06 15:14:40,464 [INFO] IPUIPlugin:64 - create IPUIPlugin
2021-07-06 15:14:40,464 [INFO] PluginManager:203 - loadIPPluginJar : add gic
2021-07-06 15:14:40,469 [INFO] IPUIPlugin:64 - create IPUIPlugin
2021-07-06 15:14:40,469 [INFO] PluginManager:203 - loadIPPluginJar : add gpio
2021-07-06 15:14:40,473 [INFO] IPUIPlugin:64 - create IPUIPlugin
2021-07-06 15:14:40,473 [INFO] PluginManager:203 - loadIPPluginJar : add gtzc
2021-07-06 15:14:40,476 [INFO] IPUIPlugin:64 - create IPUIPlugin
2021-07-06 15:14:40,476 [INFO] PluginManager:203 - loadIPPluginJar : add hash
2021-07-06 15:14:40,480 [INFO] IPUIPlugin:64 - create IPUIPlugin
2021-07-06 15:14:40,480 [INFO] PluginManager:203 - loadIPPluginJar : add i2c
2021-07-06 15:14:40,484 [INFO] IPUIPlugin:64 - create IPUIPlugin
2021-07-06 15:14:40,485 [INFO] PluginManager:203 - loadIPPluginJar : add i2s
2021-07-06 15:14:40,489 [INFO] IPUIPlugin:64 - create IPUIPlugin
2021-07-06 15:14:40,489 [INFO] PluginManager:203 - loadIPPluginJar : add ipddr
2021-07-06 15:14:40,493 [INFO] IPUIPlugin:64 - create IPUIPlugin
2021-07-06 15:14:40,493 [INFO] PluginManager:203 - loadIPPluginJar : add lorawan
2021-07-06 15:14:40,495 [INFO] IPUIPlugin:64 - create IPUIPlugin
2021-07-06 15:14:40,496 [INFO] PluginManager:203 - loadIPPluginJar : add ltdc
2021-07-06 15:14:40,501 [INFO] IPUIPlugin:64 - create IPUIPlugin
2021-07-06 15:14:40,501 [INFO] PluginManager:203 - loadIPPluginJar : add mdma
2021-07-06 15:14:40,506 [INFO] IPUIPlugin:64 - create IPUIPlugin
2021-07-06 15:14:40,506 [INFO] PluginManager:203 - loadIPPluginJar : add nvic
2021-07-06 15:14:40,510 [INFO] IPUIPlugin:64 - create IPUIPlugin
2021-07-06 15:14:40,510 [INFO] PluginManager:203 - loadIPPluginJar : add opamp
2021-07-06 15:14:40,515 [INFO] IPUIPlugin:64 - create IPUIPlugin
2021-07-06 15:14:40,515 [INFO] PluginManager:203 - loadIPPluginJar : add openamp
2021-07-06 15:14:40,519 [INFO] IPUIPlugin:64 - create IPUIPlugin
2021-07-06 15:14:40,519 [INFO] PluginManager:203 - loadIPPluginJar : add pdm2pcm
2021-07-06 15:14:40,528 [INFO] IPUIPlugin:64 - create IPUIPlugin
2021-07-06 15:14:40,531 [INFO] PluginManager:203 - loadIPPluginJar : add plateformsettings
2021-07-06 15:14:40,534 [INFO] IPUIPlugin:64 - create IPUIPlugin
2021-07-06 15:14:40,535 [INFO] PluginManager:203 - loadIPPluginJar : add quadspi
2021-07-06 15:14:40,541 [INFO] IPUIPlugin:64 - create IPUIPlugin
2021-07-06 15:14:40,541 [INFO] PluginManager:203 - loadIPPluginJar : add resmgrutility
2021-07-06 15:14:40,547 [INFO] IPUIPlugin:64 - create IPUIPlugin
2021-07-06 15:14:40,547 [INFO] PluginManager:203 - loadIPPluginJar : add sai
2021-07-06 15:14:40,551 [INFO] IPUIPlugin:64 - create IPUIPlugin
2021-07-06 15:14:40,552 [INFO] PluginManager:203 - loadIPPluginJar : add spi
2021-07-06 15:14:40,559 [INFO] IPUIPlugin:64 - create IPUIPlugin
2021-07-06 15:14:40,559 [INFO] PluginManager:203 - loadIPPluginJar : add stm32_wpan
2021-07-06 15:14:40,562 [INFO] IPUIPlugin:64 - create IPUIPlugin
2021-07-06 15:14:40,562 [INFO] PluginManager:203 - loadIPPluginJar : add tim
2021-07-06 15:14:40,568 [INFO] IPUIPlugin:64 - create IPUIPlugin
2021-07-06 15:14:40,568 [INFO] PluginManager:203 - loadIPPluginJar : add touchsensing
2021-07-06 15:14:40,571 [INFO] IPUIPlugin:64 - create IPUIPlugin
2021-07-06 15:14:40,572 [INFO] PluginManager:203 - loadIPPluginJar : add tracer_emb
2021-07-06 15:14:40,575 [INFO] IPUIPlugin:64 - create IPUIPlugin
2021-07-06 15:14:40,575 [INFO] PluginManager:203 - loadIPPluginJar : add ts
2021-07-06 15:14:40,578 [INFO] IPUIPlugin:64 - create IPUIPlugin
2021-07-06 15:14:40,578 [INFO] PluginManager:203 - loadIPPluginJar : add tsc
2021-07-06 15:14:40,582 [INFO] IPUIPlugin:64 - create IPUIPlugin
2021-07-06 15:14:40,582 [INFO] PluginManager:203 - loadIPPluginJar : add ucpd
2021-07-06 15:14:40,586 [INFO] IPUIPlugin:64 - create IPUIPlugin
2021-07-06 15:14:40,587 [INFO] PluginManager:203 - loadIPPluginJar : add usart
2021-07-06 15:14:40,912 [FATAL] Updater:284 - Updater called before beeing initialized
2021-07-06 15:14:41,049 [FATAL] Updater:284 - Updater called before beeing initialized
2021-07-06 15:14:41,054 [INFO] DbMcusAds:132 - JSON generation date=Tue May 11 17:32:49 CEST 2021 (1620747169502)
2021-07-06 15:14:41,054 [FATAL] Updater:284 - Updater called before beeing initialized
2021-07-06 15:14:41,098 [WARN] DetailPanel:315 - Failed to get advertising image, set to default
2021-07-06 15:14:41,340 [FATAL] Updater:284 - Updater called before beeing initialized
2021-07-06 15:14:41,343 [FATAL] Updater:284 - Updater called before beeing initialized
2021-07-06 15:14:41,343 [FATAL] Updater:284 - Updater called before beeing initialized
2021-07-06 15:14:41,343 [WARN] DetailPanel:315 - Failed to get advertising image, set to default
2021-07-06 15:14:41,344 [FATAL] Updater:284 - Updater called before beeing initialized
2021-07-06 15:14:41,395 [FATAL] Updater:284 - Updater called before beeing initialized
2021-07-06 15:14:41,395 [WARN] ThirdParty:796 - waiting for thirdparty lock release [close project]
2021-07-06 15:14:42,833 [INFO] ThirdPartyUpdaterWithRetryManager:56 - Updater plugin not ready yet. [2/15]
2021-07-06 15:14:45,834 [FATAL] Updater:284 - Updater called before beeing initialized
2021-07-06 15:14:45,834 [ERROR] AbstractThirdPartyUpdaterManager:153 - class java.lang.Integer cannot be cast to class java.util.List (java.lang.Integer and java.util.List are in module java.base of loader 'bootstrap')
2021-07-06 15:14:45,834 [INFO] ThirdParty:900 - Integrity check success = false
2021-07-06 15:14:45,834 [INFO] IntegrityCheckThread:75 - exiting critical section [integrity check]
2021-07-06 15:14:45,835 [INFO] IntegrityCheckThread:78 - End integrity checks thread
2021-07-06 15:14:45,835 [INFO] ThirdParty:798 - entering critical section [close project]
2021-07-06 15:14:45,836 [INFO] ThirdParty:809 - exiting critical section [close project]
2021-07-06 15:14:45,839 [INFO] PinOutPanel:1435 - setPackage(No Configuration,No Configuration)
2021-07-06 15:14:45,840 [FATAL] Updater:284 - Updater called before beeing initialized
2021-07-06 15:14:45,848 [ERROR] Updater:1065 - MainUpdater not yet initialized. External WinMGr cannot be set.
2021-07-06 15:14:45,851 [INFO] Updater:1002 - Updater Version found : 6.2.1
2021-07-06 15:14:45,872 [INFO] ApplicationProperties:181 - Using Application install path: C:\ST\STM32CubeIDE_1.6.1\STM32CubeIDE\plugins\com.st.stm32cube.common.mx_6.2.1.202103241236
2021-07-06 15:14:45,885 [INFO] MainUpdater:4847 - Software Update Detected: STM32CubeMX
2021-07-06 15:14:47,701 [INFO] UpgradeLauncher:71 - Launching upgrade utility for software upgrade type: (MX) upgradeMode ( Rel)
2021-07-06 15:14:47,750 [INFO] UpgradeLauncher:80 - Upgrade utility launched for software upgrade
2021-07-06 15:19:08,128 [INFO] Activator:170 - 


2021-07-06 15:19:08,130 [INFO] Activator:171 - !SESSION log4j initialized
2021-07-06 15:20:10,800 [INFO] ApplicationProperties:181 - Using Application install path: C:\ST\STM32CubeIDE_1.6.1\STM32CubeIDE\plugins\com.st.stm32cube.common.mx_6.2.1.202103241236
2021-07-06 15:20:10,818 [INFO] DbMcusXml:74 - Set database path to: C:\ST\STM32CubeIDE_1.6.1\STM32CubeIDE\plugins\com.st.stm32cube.common.mx_6.2.1.202103241236\\db\/mcu/
2021-07-06 15:20:10,824 [INFO] DbBoardsPdsc:56 - Set plugin database path to: C:\ST\STM32CubeIDE_1.6.1\STM32CubeIDE\plugins\com.st.stm32cube.common.mx_6.2.1.202103241236\\db\/plugins/boardmanager/
2021-07-06 15:20:10,825 [INFO] DbMcus:258 - Set plugin images path to: C:\ST\STM32CubeIDE_1.6.1\STM32CubeIDE\plugins\com.st.stm32cube.common.mx_6.2.1.202103241236\\db\/plugins/mcufinder/images/
2021-07-06 15:20:10,825 [INFO] DbBoards:264 - Set plugin images path to: C:\ST\STM32CubeIDE_1.6.1\STM32CubeIDE\plugins\com.st.stm32cube.common.mx_6.2.1.202103241236\\db\/plugins/mcufinder/images/
2021-07-06 15:20:10,829 [INFO] DbExamples:333 - Set plugin images path to: C:\ST\STM32CubeIDE_1.6.1\STM32CubeIDE\plugins\com.st.stm32cube.common.mx_6.2.1.202103241236\\db\/plugins/mcufinder/images/
2021-07-06 15:20:10,835 [INFO] DbMcusAds:85 - Set database path to: C:\Users\evers\.stmcufinder\plugins\mcufinder//mcu/
2021-07-06 15:20:10,837 [INFO] DbMcusDocs:110 - Set database path to: C:\Users\evers\.stmcufinder\plugins\mcufinder//mcu/
2021-07-06 15:20:10,840 [INFO] DbMcusJson:65 - Set database path to: C:\Users\evers\.stmcufinder\plugins\mcufinder//mcu/
2021-07-06 15:20:10,842 [INFO] DbBoardsDocs:110 - Set database path to: C:\Users\evers\.stmcufinder\plugins\mcufinder//mcu/
2021-07-06 15:20:10,844 [INFO] DbBoardsJson:58 - Set database path to: C:\Users\evers\.stmcufinder\plugins\mcufinder//mcu/
2021-07-06 15:20:10,860 [INFO] CrossReferenceDbSqlite:196 - Set database path to: C:\Users\evers\.stmcufinder\plugins\mcufinder//mcu/cs/
2021-07-06 15:20:10,863 [INFO] DbExamplesSqlite:690 - Set database path to: C:\Users\evers\.stmcufinder\plugins\mcufinder//mcu/
2021-07-06 15:20:10,976 [INFO] RulesReader:52 - Compatibility file has been processed (237 Rules)
2021-07-06 15:20:11,070 [INFO] MicroXplorer:622 - Detected Java Version = 11.0.9.1
2021-07-06 15:20:11,070 [INFO] DbMcusXml:74 - Set database path to: C:\ST\STM32CubeIDE_1.6.1\STM32CubeIDE\plugins\com.st.stm32cube.common.mx_6.2.1.202103241236\\db\/mcu/
2021-07-06 15:20:11,071 [INFO] DbBoardsPdsc:56 - Set plugin database path to: C:\ST\STM32CubeIDE_1.6.1\STM32CubeIDE\plugins\com.st.stm32cube.common.mx_6.2.1.202103241236\\db\/plugins/boardmanager/
2021-07-06 15:20:11,071 [INFO] DbMcus:258 - Set plugin images path to: C:\ST\STM32CubeIDE_1.6.1\STM32CubeIDE\plugins\com.st.stm32cube.common.mx_6.2.1.202103241236\\db\/plugins/mcufinder/images/
2021-07-06 15:20:11,071 [INFO] DbBoards:264 - Set plugin images path to: C:\ST\STM32CubeIDE_1.6.1\STM32CubeIDE\plugins\com.st.stm32cube.common.mx_6.2.1.202103241236\\db\/plugins/mcufinder/images/
2021-07-06 15:20:11,071 [INFO] DbExamples:333 - Set plugin images path to: C:\ST\STM32CubeIDE_1.6.1\STM32CubeIDE\plugins\com.st.stm32cube.common.mx_6.2.1.202103241236\\db\/plugins/mcufinder/images/
2021-07-06 15:20:11,072 [WARN] DbFile:35 - Overriding database path with different value: C:\Users\evers\.stmcufinder\plugins\mcufinder/ => C:\Users\evers\.stmcufinder\plugins\mcufinder
2021-07-06 15:20:11,072 [INFO] DbMcusAds:85 - Set database path to: C:\Users\evers\.stmcufinder\plugins\mcufinder//mcu/
2021-07-06 15:20:11,072 [WARN] DbFile:35 - Overriding database path with different value: C:\Users\evers\.stmcufinder\plugins\mcufinder/ => C:\Users\evers\.stmcufinder\plugins\mcufinder
2021-07-06 15:20:11,072 [INFO] DbMcusDocs:110 - Set database path to: C:\Users\evers\.stmcufinder\plugins\mcufinder//mcu/
2021-07-06 15:20:11,072 [WARN] DbFile:35 - Overriding database path with different value: C:\Users\evers\.stmcufinder\plugins\mcufinder/ => C:\Users\evers\.stmcufinder\plugins\mcufinder
2021-07-06 15:20:11,073 [INFO] DbMcusJson:65 - Set database path to: C:\Users\evers\.stmcufinder\plugins\mcufinder//mcu/
2021-07-06 15:20:11,073 [WARN] DbFile:35 - Overriding database path with different value: C:\Users\evers\.stmcufinder\plugins\mcufinder/ => C:\Users\evers\.stmcufinder\plugins\mcufinder
2021-07-06 15:20:11,073 [INFO] DbBoardsDocs:110 - Set database path to: C:\Users\evers\.stmcufinder\plugins\mcufinder//mcu/
2021-07-06 15:20:11,073 [WARN] DbFile:35 - Overriding database path with different value: C:\Users\evers\.stmcufinder\plugins\mcufinder/ => C:\Users\evers\.stmcufinder\plugins\mcufinder
2021-07-06 15:20:11,073 [INFO] DbBoardsJson:58 - Set database path to: C:\Users\evers\.stmcufinder\plugins\mcufinder//mcu/
2021-07-06 15:20:11,073 [WARN] DbFile:35 - Overriding database path with different value: C:\Users\evers\.stmcufinder\plugins\mcufinder/ => C:\Users\evers\.stmcufinder\plugins\mcufinder
2021-07-06 15:20:11,073 [WARN] DbFile:35 - Overriding database path with different value: C:\Users\evers\.stmcufinder\plugins\mcufinder/ => C:\Users\evers\.stmcufinder\plugins\mcufinder
2021-07-06 15:20:11,073 [INFO] CrossReferenceDbSqlite:196 - Set database path to: C:\Users\evers\.stmcufinder\plugins\mcufinder//mcu/cs/
2021-07-06 15:20:11,073 [WARN] DbFile:35 - Overriding database path with different value: C:\Users\evers\.stmcufinder\plugins\mcufinder/ => C:\Users\evers\.stmcufinder\plugins\mcufinder
2021-07-06 15:20:11,074 [INFO] DbExamplesSqlite:690 - Set database path to: C:\Users\evers\.stmcufinder\plugins\mcufinder//mcu/
2021-07-06 15:20:11,147 [INFO] MainPanel:204 - HeapMemory: 376438784
2021-07-06 15:20:11,235 [INFO] DbMcusXml:74 - Set database path to: C:\ST\STM32CubeIDE_1.6.1\STM32CubeIDE\plugins\com.st.stm32cube.common.mx_6.2.1.202103241236\\db\/mcu/
2021-07-06 15:20:11,236 [INFO] DbBoardsPdsc:56 - Set plugin database path to: C:\ST\STM32CubeIDE_1.6.1\STM32CubeIDE\plugins\com.st.stm32cube.common.mx_6.2.1.202103241236\\db\/plugins/boardmanager/
2021-07-06 15:20:11,236 [INFO] DbMcus:258 - Set plugin images path to: C:\ST\STM32CubeIDE_1.6.1\STM32CubeIDE\plugins\com.st.stm32cube.common.mx_6.2.1.202103241236\\db\/plugins/mcufinder/images/
2021-07-06 15:20:11,236 [INFO] DbBoards:264 - Set plugin images path to: C:\ST\STM32CubeIDE_1.6.1\STM32CubeIDE\plugins\com.st.stm32cube.common.mx_6.2.1.202103241236\\db\/plugins/mcufinder/images/
2021-07-06 15:20:11,236 [INFO] DbExamples:333 - Set plugin images path to: C:\ST\STM32CubeIDE_1.6.1\STM32CubeIDE\plugins\com.st.stm32cube.common.mx_6.2.1.202103241236\\db\/plugins/mcufinder/images/
2021-07-06 15:20:11,237 [WARN] DbFile:35 - Overriding database path with different value: C:\Users\evers\.stmcufinder\plugins\mcufinder/ => C:\Users\evers\.stmcufinder\plugins\mcufinder
2021-07-06 15:20:11,237 [INFO] DbMcusAds:85 - Set database path to: C:\Users\evers\.stmcufinder\plugins\mcufinder//mcu/
2021-07-06 15:20:11,237 [WARN] DbFile:35 - Overriding database path with different value: C:\Users\evers\.stmcufinder\plugins\mcufinder/ => C:\Users\evers\.stmcufinder\plugins\mcufinder
2021-07-06 15:20:11,237 [INFO] DbMcusDocs:110 - Set database path to: C:\Users\evers\.stmcufinder\plugins\mcufinder//mcu/
2021-07-06 15:20:11,237 [WARN] DbFile:35 - Overriding database path with different value: C:\Users\evers\.stmcufinder\plugins\mcufinder/ => C:\Users\evers\.stmcufinder\plugins\mcufinder
2021-07-06 15:20:11,237 [INFO] DbMcusJson:65 - Set database path to: C:\Users\evers\.stmcufinder\plugins\mcufinder//mcu/
2021-07-06 15:20:11,238 [WARN] DbFile:35 - Overriding database path with different value: C:\Users\evers\.stmcufinder\plugins\mcufinder/ => C:\Users\evers\.stmcufinder\plugins\mcufinder
2021-07-06 15:20:11,238 [INFO] DbBoardsDocs:110 - Set database path to: C:\Users\evers\.stmcufinder\plugins\mcufinder//mcu/
2021-07-06 15:20:11,238 [WARN] DbFile:35 - Overriding database path with different value: C:\Users\evers\.stmcufinder\plugins\mcufinder/ => C:\Users\evers\.stmcufinder\plugins\mcufinder
2021-07-06 15:20:11,238 [INFO] DbBoardsJson:58 - Set database path to: C:\Users\evers\.stmcufinder\plugins\mcufinder//mcu/
2021-07-06 15:20:11,238 [WARN] DbFile:35 - Overriding database path with different value: C:\Users\evers\.stmcufinder\plugins\mcufinder/ => C:\Users\evers\.stmcufinder\plugins\mcufinder
2021-07-06 15:20:11,238 [WARN] DbFile:35 - Overriding database path with different value: C:\Users\evers\.stmcufinder\plugins\mcufinder/ => C:\Users\evers\.stmcufinder\plugins\mcufinder
2021-07-06 15:20:11,238 [INFO] CrossReferenceDbSqlite:196 - Set database path to: C:\Users\evers\.stmcufinder\plugins\mcufinder//mcu/cs/
2021-07-06 15:20:11,238 [WARN] DbFile:35 - Overriding database path with different value: C:\Users\evers\.stmcufinder\plugins\mcufinder/ => C:\Users\evers\.stmcufinder\plugins\mcufinder
2021-07-06 15:20:11,238 [INFO] DbExamplesSqlite:690 - Set database path to: C:\Users\evers\.stmcufinder\plugins\mcufinder//mcu/
2021-07-06 15:20:11,259 [INFO] ApplicationProperties:181 - Using Application install path: C:\ST\STM32CubeIDE_1.6.1\STM32CubeIDE\plugins\com.st.stm32cube.common.mx_6.2.1.202103241236
2021-07-06 15:20:11,260 [INFO] PluginManage:178 - Search for loadable plugins [exclusion list=, ]
2021-07-06 15:20:11,261 [INFO] PluginManage:292 - Check plugin analytics
2021-07-06 15:20:11,439 [INFO] AnalyticsPlugin:233 - Accepted Software Licenses: STM32CubeMX.6.0.1,STM32CubeMX.6.1.1,STM32CubeMX.6.1.2,STM32CubeMX.6.2.0,STM32CubeMX.6.2.1
2021-07-06 15:20:11,439 [INFO] AnalyticsPlugin:235 - Accepted CMSIS Pack Licenses: 
2021-07-06 15:20:11,440 [INFO] AnalyticsPlugin:237 - Accepted Firmware Licenses: 
2021-07-06 15:20:11,440 [INFO] PluginManage:342 - Loaded plugin analytics (category:tool,tabindex:-1)
2021-07-06 15:20:11,440 [INFO] PluginManage:292 - Check plugin clock
2021-07-06 15:20:11,452 [INFO] PluginManage:342 - Loaded plugin clock (category:base,tabindex:2)
2021-07-06 15:20:11,452 [INFO] PluginManage:292 - Check plugin ddr
2021-07-06 15:20:11,455 [INFO] PluginManage:342 - Loaded plugin ddr (category:tool,tabindex:6)
2021-07-06 15:20:11,455 [INFO] PluginManage:292 - Check plugin filemanager
2021-07-06 15:20:11,603 [INFO] PluginManage:342 - Loaded plugin filemanager (category:base,tabindex:10)
2021-07-06 15:20:11,603 [INFO] PluginManage:292 - Check plugin ipmanager
2021-07-06 15:20:11,612 [INFO] PluginManage:342 - Loaded plugin ipmanager (category:base,tabindex:5)
2021-07-06 15:20:11,612 [INFO] PluginManage:292 - Check plugin pinoutandconfiguration
2021-07-06 15:20:11,621 [INFO] PluginManage:342 - Loaded plugin pinoutandconfiguration (category:base,tabindex:1)
2021-07-06 15:20:11,621 [INFO] PluginManage:292 - Check plugin pinoutconfig
2021-07-06 15:20:11,650 [INFO] PluginManage:342 - Loaded plugin pinoutconfig (category:base,tabindex:0)
2021-07-06 15:20:11,650 [INFO] PluginManage:292 - Check plugin power
2021-07-06 15:20:11,660 [INFO] PluginManage:342 - Loaded plugin power (category:power,tabindex:4)
2021-07-06 15:20:11,661 [INFO] PluginManage:292 - Check plugin projectmanager
2021-07-06 15:20:11,678 [INFO] PluginManage:342 - Loaded plugin projectmanager (category:projectmanager,tabindex:3)
2021-07-06 15:20:11,678 [INFO] PluginManage:292 - Check plugin thirdparty
2021-07-06 15:20:11,813 [INFO] PluginManage:342 - Loaded plugin thirdparty (category:base,tabindex:-1)
2021-07-06 15:20:11,813 [WARN] IntegrityCheckThread:59 - waiting for thirdparty lock release [integrity check]
2021-07-06 15:20:11,814 [INFO] IntegrityCheckThread:61 - entering critical section [integrity check]
2021-07-06 15:20:11,813 [INFO] PluginManage:292 - Check plugin tools
2021-07-06 15:20:11,814 [INFO] ThirdPartyUpdaterWithRetryManager:56 - Updater plugin not ready yet. [1/15]
2021-07-06 15:20:11,817 [INFO] PluginManage:342 - Loaded plugin tools (category:base,tabindex:7)
2021-07-06 15:20:11,817 [INFO] PluginManage:292 - Check plugin tutovideos
2021-07-06 15:20:12,115 [INFO] PluginManage:342 - Loaded plugin tutovideos (category:base,tabindex:-1)
2021-07-06 15:20:12,115 [INFO] PluginManage:292 - Check plugin updater
2021-07-06 15:20:12,130 [INFO] PluginManage:342 - Loaded plugin updater (category:base,tabindex:12)
2021-07-06 15:20:12,130 [INFO] PluginManage:265 - PluginManage : Loaded plugins [13]
2021-07-06 15:20:12,331 [INFO] PinOutPanel:1435 - setPackage(No Configuration,No Configuration)
2021-07-06 15:20:12,422 [INFO] IPUIPlugin:64 - create IPUIPlugin
2021-07-06 15:20:12,422 [INFO] PluginManager:203 - loadIPPluginJar : add adc
2021-07-06 15:20:12,425 [INFO] IPUIPlugin:64 - create IPUIPlugin
2021-07-06 15:20:12,425 [INFO] PluginManager:203 - loadIPPluginJar : add aes
2021-07-06 15:20:12,428 [INFO] IPUIPlugin:64 - create IPUIPlugin
2021-07-06 15:20:12,428 [INFO] PluginManager:203 - loadIPPluginJar : add can
2021-07-06 15:20:12,430 [INFO] IPUIPlugin:64 - create IPUIPlugin
2021-07-06 15:20:12,430 [INFO] PluginManager:203 - loadIPPluginJar : add comp
2021-07-06 15:20:12,432 [INFO] IPUIPlugin:64 - create IPUIPlugin
2021-07-06 15:20:12,432 [INFO] PluginManager:203 - loadIPPluginJar : add cryp
2021-07-06 15:20:12,434 [INFO] IPUIPlugin:64 - create IPUIPlugin
2021-07-06 15:20:12,434 [INFO] PluginManager:203 - loadIPPluginJar : add dfsdm
2021-07-06 15:20:12,440 [INFO] IPUIPlugin:64 - create IPUIPlugin
2021-07-06 15:20:12,441 [INFO] PluginManager:203 - loadIPPluginJar : add dma
2021-07-06 15:20:12,442 [INFO] IPUIPlugin:64 - create IPUIPlugin
2021-07-06 15:20:12,443 [INFO] PluginManager:203 - loadIPPluginJar : add fatfs
2021-07-06 15:20:12,447 [INFO] IPUIPlugin:64 - create IPUIPlugin
2021-07-06 15:20:12,447 [INFO] PluginManager:203 - loadIPPluginJar : add fmc
2021-07-06 15:20:12,452 [INFO] IPUIPlugin:64 - create IPUIPlugin
2021-07-06 15:20:12,452 [INFO] PluginManager:203 - loadIPPluginJar : add freertos
2021-07-06 15:20:12,454 [INFO] IPUIPlugin:64 - create IPUIPlugin
2021-07-06 15:20:12,454 [INFO] PluginManager:203 - loadIPPluginJar : add genericplugin
2021-07-06 15:20:12,457 [INFO] IPUIPlugin:64 - create IPUIPlugin
2021-07-06 15:20:12,457 [INFO] PluginManager:203 - loadIPPluginJar : add gfxmmu
2021-07-06 15:20:12,462 [INFO] IPUIPlugin:64 - create IPUIPlugin
2021-07-06 15:20:12,462 [INFO] PluginManager:203 - loadIPPluginJar : add gic
2021-07-06 15:20:12,466 [INFO] IPUIPlugin:64 - create IPUIPlugin
2021-07-06 15:20:12,466 [INFO] PluginManager:203 - loadIPPluginJar : add gpio
2021-07-06 15:20:12,469 [INFO] IPUIPlugin:64 - create IPUIPlugin
2021-07-06 15:20:12,469 [INFO] PluginManager:203 - loadIPPluginJar : add gtzc
2021-07-06 15:20:12,471 [INFO] IPUIPlugin:64 - create IPUIPlugin
2021-07-06 15:20:12,471 [INFO] PluginManager:203 - loadIPPluginJar : add hash
2021-07-06 15:20:12,474 [INFO] IPUIPlugin:64 - create IPUIPlugin
2021-07-06 15:20:12,474 [INFO] PluginManager:203 - loadIPPluginJar : add i2c
2021-07-06 15:20:12,477 [INFO] IPUIPlugin:64 - create IPUIPlugin
2021-07-06 15:20:12,477 [INFO] PluginManager:203 - loadIPPluginJar : add i2s
2021-07-06 15:20:12,480 [INFO] IPUIPlugin:64 - create IPUIPlugin
2021-07-06 15:20:12,481 [INFO] PluginManager:203 - loadIPPluginJar : add ipddr
2021-07-06 15:20:12,484 [INFO] IPUIPlugin:64 - create IPUIPlugin
2021-07-06 15:20:12,484 [INFO] PluginManager:203 - loadIPPluginJar : add lorawan
2021-07-06 15:20:12,486 [INFO] IPUIPlugin:64 - create IPUIPlugin
2021-07-06 15:20:12,486 [INFO] PluginManager:203 - loadIPPluginJar : add ltdc
2021-07-06 15:20:12,491 [INFO] IPUIPlugin:64 - create IPUIPlugin
2021-07-06 15:20:12,491 [INFO] PluginManager:203 - loadIPPluginJar : add mdma
2021-07-06 15:20:12,495 [INFO] IPUIPlugin:64 - create IPUIPlugin
2021-07-06 15:20:12,496 [INFO] PluginManager:203 - loadIPPluginJar : add nvic
2021-07-06 15:20:12,499 [INFO] IPUIPlugin:64 - create IPUIPlugin
2021-07-06 15:20:12,500 [INFO] PluginManager:203 - loadIPPluginJar : add opamp
2021-07-06 15:20:12,503 [INFO] IPUIPlugin:64 - create IPUIPlugin
2021-07-06 15:20:12,503 [INFO] PluginManager:203 - loadIPPluginJar : add openamp
2021-07-06 15:20:12,507 [INFO] IPUIPlugin:64 - create IPUIPlugin
2021-07-06 15:20:12,507 [INFO] PluginManager:203 - loadIPPluginJar : add pdm2pcm
2021-07-06 15:20:12,514 [INFO] IPUIPlugin:64 - create IPUIPlugin
2021-07-06 15:20:12,517 [INFO] PluginManager:203 - loadIPPluginJar : add plateformsettings
2021-07-06 15:20:12,519 [INFO] IPUIPlugin:64 - create IPUIPlugin
2021-07-06 15:20:12,519 [INFO] PluginManager:203 - loadIPPluginJar : add quadspi
2021-07-06 15:20:12,523 [INFO] IPUIPlugin:64 - create IPUIPlugin
2021-07-06 15:20:12,523 [INFO] PluginManager:203 - loadIPPluginJar : add resmgrutility
2021-07-06 15:20:12,527 [INFO] IPUIPlugin:64 - create IPUIPlugin
2021-07-06 15:20:12,527 [INFO] PluginManager:203 - loadIPPluginJar : add sai
2021-07-06 15:20:12,530 [INFO] IPUIPlugin:64 - create IPUIPlugin
2021-07-06 15:20:12,531 [INFO] PluginManager:203 - loadIPPluginJar : add spi
2021-07-06 15:20:12,553 [INFO] IPUIPlugin:64 - create IPUIPlugin
2021-07-06 15:20:12,553 [INFO] PluginManager:203 - loadIPPluginJar : add stm32_wpan
2021-07-06 15:20:12,556 [INFO] IPUIPlugin:64 - create IPUIPlugin
2021-07-06 15:20:12,556 [INFO] PluginManager:203 - loadIPPluginJar : add tim
2021-07-06 15:20:12,560 [INFO] IPUIPlugin:64 - create IPUIPlugin
2021-07-06 15:20:12,560 [INFO] PluginManager:203 - loadIPPluginJar : add touchsensing
2021-07-06 15:20:12,562 [INFO] IPUIPlugin:64 - create IPUIPlugin
2021-07-06 15:20:12,562 [INFO] PluginManager:203 - loadIPPluginJar : add tracer_emb
2021-07-06 15:20:12,564 [INFO] IPUIPlugin:64 - create IPUIPlugin
2021-07-06 15:20:12,564 [INFO] PluginManager:203 - loadIPPluginJar : add ts
2021-07-06 15:20:12,566 [INFO] IPUIPlugin:64 - create IPUIPlugin
2021-07-06 15:20:12,566 [INFO] PluginManager:203 - loadIPPluginJar : add tsc
2021-07-06 15:20:12,568 [INFO] IPUIPlugin:64 - create IPUIPlugin
2021-07-06 15:20:12,569 [INFO] PluginManager:203 - loadIPPluginJar : add ucpd
2021-07-06 15:20:12,571 [INFO] IPUIPlugin:64 - create IPUIPlugin
2021-07-06 15:20:12,572 [INFO] PluginManager:203 - loadIPPluginJar : add usart
2021-07-06 15:20:12,867 [FATAL] Updater:284 - Updater called before beeing initialized
2021-07-06 15:20:13,007 [FATAL] Updater:284 - Updater called before beeing initialized
2021-07-06 15:20:13,013 [INFO] DbMcusAds:132 - JSON generation date=Tue May 11 17:32:49 CEST 2021 (1620747169502)
2021-07-06 15:20:13,013 [FATAL] Updater:284 - Updater called before beeing initialized
2021-07-06 15:20:13,082 [WARN] DetailPanel:315 - Failed to get advertising image, set to default
2021-07-06 15:20:13,295 [FATAL] Updater:284 - Updater called before beeing initialized
2021-07-06 15:20:13,297 [FATAL] Updater:284 - Updater called before beeing initialized
2021-07-06 15:20:13,297 [FATAL] Updater:284 - Updater called before beeing initialized
2021-07-06 15:20:13,297 [WARN] DetailPanel:315 - Failed to get advertising image, set to default
2021-07-06 15:20:13,299 [FATAL] Updater:284 - Updater called before beeing initialized
2021-07-06 15:20:13,344 [FATAL] Updater:284 - Updater called before beeing initialized
2021-07-06 15:20:13,344 [WARN] ThirdParty:796 - waiting for thirdparty lock release [close project]
2021-07-06 15:20:14,817 [INFO] ThirdPartyUpdaterWithRetryManager:56 - Updater plugin not ready yet. [2/15]
2021-07-06 15:20:17,820 [FATAL] Updater:284 - Updater called before beeing initialized
2021-07-06 15:20:17,820 [ERROR] AbstractThirdPartyUpdaterManager:153 - class java.lang.Integer cannot be cast to class java.util.List (java.lang.Integer and java.util.List are in module java.base of loader 'bootstrap')
2021-07-06 15:20:17,821 [INFO] ThirdParty:900 - Integrity check success = false
2021-07-06 15:20:17,821 [INFO] IntegrityCheckThread:75 - exiting critical section [integrity check]
2021-07-06 15:20:17,821 [INFO] IntegrityCheckThread:78 - End integrity checks thread
2021-07-06 15:20:17,821 [INFO] ThirdParty:798 - entering critical section [close project]
2021-07-06 15:20:17,822 [INFO] ThirdParty:809 - exiting critical section [close project]
2021-07-06 15:20:17,826 [INFO] PinOutPanel:1435 - setPackage(No Configuration,No Configuration)
2021-07-06 15:20:17,826 [FATAL] Updater:284 - Updater called before beeing initialized
2021-07-06 15:20:17,836 [ERROR] Updater:1065 - MainUpdater not yet initialized. External WinMGr cannot be set.
2021-07-06 15:20:17,838 [INFO] Updater:1002 - Updater Version found : 6.2.1
2021-07-06 15:20:17,855 [INFO] ApplicationProperties:181 - Using Application install path: C:\ST\STM32CubeIDE_1.6.1\STM32CubeIDE\plugins\com.st.stm32cube.common.mx_6.2.1.202103241236
2021-07-06 15:20:17,866 [INFO] MainUpdater:4847 - Software Update Detected: STM32CubeMX
2021-07-06 15:20:19,507 [INFO] UpgradeLauncher:71 - Launching upgrade utility for software upgrade type: (MX) upgradeMode ( Rel)
2021-07-06 15:20:19,568 [INFO] UpgradeLauncher:80 - Upgrade utility launched for software upgrade
2021-07-06 15:20:38,716 [INFO] Activator:170 - 


2021-07-06 15:20:38,718 [INFO] Activator:171 - !SESSION log4j initialized
