2021-03-29 17:51:44,758 [INFO] Activator:170 - 


2021-03-29 17:51:44,760 [INFO] Activator:171 - !SESSION log4j initialized
2021-03-29 17:52:01,074 [INFO] McuFinderGlobals:39 - Set McuFinder mode to 2 (CubeIDE integrated)
2021-03-29 17:52:01,199 [INFO] ApplicationProperties:181 - Using Application install path: C:\ST\STM32CubeIDE_1.4.0\STM32CubeIDE\plugins\com.st.stm32cube.common.mx_6.2.0.202102191602
2021-03-29 17:52:01,213 [INFO] DbMcusXml:74 - Set database path to: C:\ST\STM32CubeIDE_1.4.0\STM32CubeIDE\plugins\com.st.stm32cube.common.mx_6.2.0.202102191602\\db\/mcu/
2021-03-29 17:52:01,218 [INFO] DbBoardsPdsc:56 - Set plugin database path to: C:\ST\STM32CubeIDE_1.4.0\STM32CubeIDE\plugins\com.st.stm32cube.common.mx_6.2.0.202102191602\\db\/plugins/boardmanager/
2021-03-29 17:52:01,218 [INFO] DbMcus:258 - Set plugin images path to: C:\ST\STM32CubeIDE_1.4.0\STM32CubeIDE\plugins\com.st.stm32cube.common.mx_6.2.0.202102191602\\db\/plugins/mcufinder/images/
2021-03-29 17:52:01,218 [INFO] DbBoards:264 - Set plugin images path to: C:\ST\STM32CubeIDE_1.4.0\STM32CubeIDE\plugins\com.st.stm32cube.common.mx_6.2.0.202102191602\\db\/plugins/mcufinder/images/
2021-03-29 17:52:01,221 [INFO] DbExamples:333 - Set plugin images path to: C:\ST\STM32CubeIDE_1.4.0\STM32CubeIDE\plugins\com.st.stm32cube.common.mx_6.2.0.202102191602\\db\/plugins/mcufinder/images/
2021-03-29 17:52:01,226 [INFO] DbMcusAds:85 - Set database path to: C:\Users\evers\.stmcufinder\plugins\mcufinder//mcu/
2021-03-29 17:52:01,227 [INFO] DbMcusDocs:110 - Set database path to: C:\Users\evers\.stmcufinder\plugins\mcufinder//mcu/
2021-03-29 17:52:01,229 [INFO] DbMcusJson:65 - Set database path to: C:\Users\evers\.stmcufinder\plugins\mcufinder//mcu/
2021-03-29 17:52:01,229 [INFO] DbBoardsDocs:110 - Set database path to: C:\Users\evers\.stmcufinder\plugins\mcufinder//mcu/
2021-03-29 17:52:01,230 [INFO] DbBoardsJson:58 - Set database path to: C:\Users\evers\.stmcufinder\plugins\mcufinder//mcu/
2021-03-29 17:52:01,249 [INFO] CrossReferenceDbSqlite:196 - Set database path to: C:\Users\evers\.stmcufinder\plugins\mcufinder//mcu/cs/
2021-03-29 17:52:01,253 [INFO] DbExamplesSqlite:690 - Set database path to: C:\Users\evers\.stmcufinder\plugins\mcufinder//mcu/
2021-03-29 17:52:01,350 [INFO] RulesReader:52 - Compatibility file has been processed (237 Rules)
2021-03-29 17:52:01,435 [INFO] MicroXplorer:622 - Detected Java Version = 11.0.9.1
2021-03-29 17:52:01,436 [INFO] DbMcusXml:74 - Set database path to: C:\ST\STM32CubeIDE_1.4.0\STM32CubeIDE\plugins\com.st.stm32cube.common.mx_6.2.0.202102191602\\db\/mcu/
2021-03-29 17:52:01,436 [INFO] DbBoardsPdsc:56 - Set plugin database path to: C:\ST\STM32CubeIDE_1.4.0\STM32CubeIDE\plugins\com.st.stm32cube.common.mx_6.2.0.202102191602\\db\/plugins/boardmanager/
2021-03-29 17:52:01,436 [INFO] DbMcus:258 - Set plugin images path to: C:\ST\STM32CubeIDE_1.4.0\STM32CubeIDE\plugins\com.st.stm32cube.common.mx_6.2.0.202102191602\\db\/plugins/mcufinder/images/
2021-03-29 17:52:01,437 [INFO] DbBoards:264 - Set plugin images path to: C:\ST\STM32CubeIDE_1.4.0\STM32CubeIDE\plugins\com.st.stm32cube.common.mx_6.2.0.202102191602\\db\/plugins/mcufinder/images/
2021-03-29 17:52:01,437 [INFO] DbExamples:333 - Set plugin images path to: C:\ST\STM32CubeIDE_1.4.0\STM32CubeIDE\plugins\com.st.stm32cube.common.mx_6.2.0.202102191602\\db\/plugins/mcufinder/images/
2021-03-29 17:52:01,437 [WARN] DbFile:35 - Overriding database path with different value: C:\Users\evers\.stmcufinder\plugins\mcufinder/ => C:\Users\evers\.stmcufinder\plugins\mcufinder
2021-03-29 17:52:01,437 [INFO] DbMcusAds:85 - Set database path to: C:\Users\evers\.stmcufinder\plugins\mcufinder//mcu/
2021-03-29 17:52:01,437 [WARN] DbFile:35 - Overriding database path with different value: C:\Users\evers\.stmcufinder\plugins\mcufinder/ => C:\Users\evers\.stmcufinder\plugins\mcufinder
2021-03-29 17:52:01,437 [INFO] DbMcusDocs:110 - Set database path to: C:\Users\evers\.stmcufinder\plugins\mcufinder//mcu/
2021-03-29 17:52:01,437 [WARN] DbFile:35 - Overriding database path with different value: C:\Users\evers\.stmcufinder\plugins\mcufinder/ => C:\Users\evers\.stmcufinder\plugins\mcufinder
2021-03-29 17:52:01,437 [INFO] DbMcusJson:65 - Set database path to: C:\Users\evers\.stmcufinder\plugins\mcufinder//mcu/
2021-03-29 17:52:01,438 [WARN] DbFile:35 - Overriding database path with different value: C:\Users\evers\.stmcufinder\plugins\mcufinder/ => C:\Users\evers\.stmcufinder\plugins\mcufinder
2021-03-29 17:52:01,438 [INFO] DbBoardsDocs:110 - Set database path to: C:\Users\evers\.stmcufinder\plugins\mcufinder//mcu/
2021-03-29 17:52:01,438 [WARN] DbFile:35 - Overriding database path with different value: C:\Users\evers\.stmcufinder\plugins\mcufinder/ => C:\Users\evers\.stmcufinder\plugins\mcufinder
2021-03-29 17:52:01,438 [INFO] DbBoardsJson:58 - Set database path to: C:\Users\evers\.stmcufinder\plugins\mcufinder//mcu/
2021-03-29 17:52:01,438 [WARN] DbFile:35 - Overriding database path with different value: C:\Users\evers\.stmcufinder\plugins\mcufinder/ => C:\Users\evers\.stmcufinder\plugins\mcufinder
2021-03-29 17:52:01,438 [WARN] DbFile:35 - Overriding database path with different value: C:\Users\evers\.stmcufinder\plugins\mcufinder/ => C:\Users\evers\.stmcufinder\plugins\mcufinder
2021-03-29 17:52:01,438 [INFO] CrossReferenceDbSqlite:196 - Set database path to: C:\Users\evers\.stmcufinder\plugins\mcufinder//mcu/cs/
2021-03-29 17:52:01,438 [WARN] DbFile:35 - Overriding database path with different value: C:\Users\evers\.stmcufinder\plugins\mcufinder/ => C:\Users\evers\.stmcufinder\plugins\mcufinder
2021-03-29 17:52:01,438 [INFO] DbExamplesSqlite:690 - Set database path to: C:\Users\evers\.stmcufinder\plugins\mcufinder//mcu/
2021-03-29 17:52:01,522 [INFO] MainPanel:204 - HeapMemory: 268435456
2021-03-29 17:52:01,610 [INFO] DbMcusXml:74 - Set database path to: C:\ST\STM32CubeIDE_1.4.0\STM32CubeIDE\plugins\com.st.stm32cube.common.mx_6.2.0.202102191602\\db\/mcu/
2021-03-29 17:52:01,610 [INFO] DbBoardsPdsc:56 - Set plugin database path to: C:\ST\STM32CubeIDE_1.4.0\STM32CubeIDE\plugins\com.st.stm32cube.common.mx_6.2.0.202102191602\\db\/plugins/boardmanager/
2021-03-29 17:52:01,611 [INFO] DbMcus:258 - Set plugin images path to: C:\ST\STM32CubeIDE_1.4.0\STM32CubeIDE\plugins\com.st.stm32cube.common.mx_6.2.0.202102191602\\db\/plugins/mcufinder/images/
2021-03-29 17:52:01,611 [INFO] DbBoards:264 - Set plugin images path to: C:\ST\STM32CubeIDE_1.4.0\STM32CubeIDE\plugins\com.st.stm32cube.common.mx_6.2.0.202102191602\\db\/plugins/mcufinder/images/
2021-03-29 17:52:01,611 [INFO] DbExamples:333 - Set plugin images path to: C:\ST\STM32CubeIDE_1.4.0\STM32CubeIDE\plugins\com.st.stm32cube.common.mx_6.2.0.202102191602\\db\/plugins/mcufinder/images/
2021-03-29 17:52:01,611 [WARN] DbFile:35 - Overriding database path with different value: C:\Users\evers\.stmcufinder\plugins\mcufinder/ => C:\Users\evers\.stmcufinder\plugins\mcufinder
2021-03-29 17:52:01,611 [INFO] DbMcusAds:85 - Set database path to: C:\Users\evers\.stmcufinder\plugins\mcufinder//mcu/
2021-03-29 17:52:01,611 [WARN] DbFile:35 - Overriding database path with different value: C:\Users\evers\.stmcufinder\plugins\mcufinder/ => C:\Users\evers\.stmcufinder\plugins\mcufinder
2021-03-29 17:52:01,612 [INFO] DbMcusDocs:110 - Set database path to: C:\Users\evers\.stmcufinder\plugins\mcufinder//mcu/
2021-03-29 17:52:01,612 [WARN] DbFile:35 - Overriding database path with different value: C:\Users\evers\.stmcufinder\plugins\mcufinder/ => C:\Users\evers\.stmcufinder\plugins\mcufinder
2021-03-29 17:52:01,612 [INFO] DbMcusJson:65 - Set database path to: C:\Users\evers\.stmcufinder\plugins\mcufinder//mcu/
2021-03-29 17:52:01,612 [WARN] DbFile:35 - Overriding database path with different value: C:\Users\evers\.stmcufinder\plugins\mcufinder/ => C:\Users\evers\.stmcufinder\plugins\mcufinder
2021-03-29 17:52:01,612 [INFO] DbBoardsDocs:110 - Set database path to: C:\Users\evers\.stmcufinder\plugins\mcufinder//mcu/
2021-03-29 17:52:01,612 [WARN] DbFile:35 - Overriding database path with different value: C:\Users\evers\.stmcufinder\plugins\mcufinder/ => C:\Users\evers\.stmcufinder\plugins\mcufinder
2021-03-29 17:52:01,612 [INFO] DbBoardsJson:58 - Set database path to: C:\Users\evers\.stmcufinder\plugins\mcufinder//mcu/
2021-03-29 17:52:01,612 [WARN] DbFile:35 - Overriding database path with different value: C:\Users\evers\.stmcufinder\plugins\mcufinder/ => C:\Users\evers\.stmcufinder\plugins\mcufinder
2021-03-29 17:52:01,612 [WARN] DbFile:35 - Overriding database path with different value: C:\Users\evers\.stmcufinder\plugins\mcufinder/ => C:\Users\evers\.stmcufinder\plugins\mcufinder
2021-03-29 17:52:01,613 [INFO] CrossReferenceDbSqlite:196 - Set database path to: C:\Users\evers\.stmcufinder\plugins\mcufinder//mcu/cs/
2021-03-29 17:52:01,613 [WARN] DbFile:35 - Overriding database path with different value: C:\Users\evers\.stmcufinder\plugins\mcufinder/ => C:\Users\evers\.stmcufinder\plugins\mcufinder
2021-03-29 17:52:01,613 [INFO] DbExamplesSqlite:690 - Set database path to: C:\Users\evers\.stmcufinder\plugins\mcufinder//mcu/
2021-03-29 17:52:01,637 [INFO] ApplicationProperties:181 - Using Application install path: C:\ST\STM32CubeIDE_1.4.0\STM32CubeIDE\plugins\com.st.stm32cube.common.mx_6.2.0.202102191602
2021-03-29 17:52:01,639 [INFO] PluginManage:178 - Search for loadable plugins [exclusion list=, ]
2021-03-29 17:52:01,640 [INFO] PluginManage:292 - Check plugin analytics
2021-03-29 17:52:01,792 [INFO] AnalyticsPlugin:233 - Accepted Software Licenses: STM32CubeMX.6.0.1,STM32CubeMX.6.1.1,STM32CubeMX.6.1.2
2021-03-29 17:52:01,792 [INFO] AnalyticsPlugin:235 - Accepted CMSIS Pack Licenses: 
2021-03-29 17:52:01,792 [INFO] AnalyticsPlugin:237 - Accepted Firmware Licenses: 
2021-03-29 17:52:01,793 [INFO] PluginManage:342 - Loaded plugin analytics (category:tool,tabindex:-1)
2021-03-29 17:52:01,793 [INFO] PluginManage:292 - Check plugin clock
2021-03-29 17:52:01,805 [INFO] PluginManage:342 - Loaded plugin clock (category:base,tabindex:2)
2021-03-29 17:52:01,805 [INFO] PluginManage:292 - Check plugin ddr
2021-03-29 17:52:01,806 [INFO] PluginManage:342 - Loaded plugin ddr (category:tool,tabindex:6)
2021-03-29 17:52:01,808 [INFO] PluginManage:292 - Check plugin filemanager
2021-03-29 17:52:01,910 [INFO] PluginManage:342 - Loaded plugin filemanager (category:base,tabindex:10)
2021-03-29 17:52:01,911 [INFO] PluginManage:292 - Check plugin ipmanager
2021-03-29 17:52:01,918 [INFO] PluginManage:342 - Loaded plugin ipmanager (category:base,tabindex:5)
2021-03-29 17:52:01,919 [INFO] PluginManage:292 - Check plugin pinoutandconfiguration
2021-03-29 17:52:01,927 [INFO] PluginManage:342 - Loaded plugin pinoutandconfiguration (category:base,tabindex:1)
2021-03-29 17:52:01,927 [INFO] PluginManage:292 - Check plugin pinoutconfig
2021-03-29 17:52:01,949 [INFO] PluginManage:342 - Loaded plugin pinoutconfig (category:base,tabindex:0)
2021-03-29 17:52:01,949 [INFO] PluginManage:292 - Check plugin power
2021-03-29 17:52:01,958 [INFO] PluginManage:342 - Loaded plugin power (category:power,tabindex:4)
2021-03-29 17:52:01,958 [INFO] PluginManage:292 - Check plugin projectmanager
2021-03-29 17:52:01,975 [INFO] PluginManage:342 - Loaded plugin projectmanager (category:projectmanager,tabindex:3)
2021-03-29 17:52:01,975 [INFO] PluginManage:292 - Check plugin thirdparty
2021-03-29 17:52:02,080 [INFO] PluginManage:342 - Loaded plugin thirdparty (category:base,tabindex:-1)
2021-03-29 17:52:02,080 [WARN] IntegrityCheckThread:59 - waiting for thirdparty lock release [integrity check]
2021-03-29 17:52:02,080 [INFO] PluginManage:292 - Check plugin tools
2021-03-29 17:52:02,081 [INFO] IntegrityCheckThread:61 - entering critical section [integrity check]
2021-03-29 17:52:02,082 [INFO] ThirdPartyUpdaterWithRetryManager:56 - Updater plugin not ready yet. [1/15]
2021-03-29 17:52:02,083 [INFO] PluginManage:342 - Loaded plugin tools (category:base,tabindex:7)
2021-03-29 17:52:02,083 [INFO] PluginManage:292 - Check plugin tutovideos
2021-03-29 17:52:02,315 [INFO] PluginManage:342 - Loaded plugin tutovideos (category:base,tabindex:-1)
2021-03-29 17:52:02,315 [INFO] PluginManage:292 - Check plugin updater
2021-03-29 17:52:02,327 [INFO] PluginManage:342 - Loaded plugin updater (category:base,tabindex:12)
2021-03-29 17:52:02,327 [INFO] PluginManage:265 - PluginManage : Loaded plugins [13]
2021-03-29 17:52:02,484 [INFO] PinOutPanel:1435 - setPackage(No Configuration,No Configuration)
2021-03-29 17:52:02,563 [INFO] IPUIPlugin:64 - create IPUIPlugin
2021-03-29 17:52:02,563 [INFO] PluginManager:203 - loadIPPluginJar : add adc
2021-03-29 17:52:02,566 [INFO] IPUIPlugin:64 - create IPUIPlugin
2021-03-29 17:52:02,566 [INFO] PluginManager:203 - loadIPPluginJar : add aes
2021-03-29 17:52:02,568 [INFO] IPUIPlugin:64 - create IPUIPlugin
2021-03-29 17:52:02,569 [INFO] PluginManager:203 - loadIPPluginJar : add can
2021-03-29 17:52:02,570 [INFO] IPUIPlugin:64 - create IPUIPlugin
2021-03-29 17:52:02,570 [INFO] PluginManager:203 - loadIPPluginJar : add comp
2021-03-29 17:52:02,572 [INFO] IPUIPlugin:64 - create IPUIPlugin
2021-03-29 17:52:02,573 [INFO] PluginManager:203 - loadIPPluginJar : add cryp
2021-03-29 17:52:02,575 [INFO] IPUIPlugin:64 - create IPUIPlugin
2021-03-29 17:52:02,575 [INFO] PluginManager:203 - loadIPPluginJar : add dfsdm
2021-03-29 17:52:02,580 [INFO] IPUIPlugin:64 - create IPUIPlugin
2021-03-29 17:52:02,580 [INFO] PluginManager:203 - loadIPPluginJar : add dma
2021-03-29 17:52:02,582 [INFO] IPUIPlugin:64 - create IPUIPlugin
2021-03-29 17:52:02,582 [INFO] PluginManager:203 - loadIPPluginJar : add fatfs
2021-03-29 17:52:02,586 [INFO] IPUIPlugin:64 - create IPUIPlugin
2021-03-29 17:52:02,586 [INFO] PluginManager:203 - loadIPPluginJar : add fmc
2021-03-29 17:52:02,591 [INFO] IPUIPlugin:64 - create IPUIPlugin
2021-03-29 17:52:02,591 [INFO] PluginManager:203 - loadIPPluginJar : add freertos
2021-03-29 17:52:02,593 [INFO] IPUIPlugin:64 - create IPUIPlugin
2021-03-29 17:52:02,593 [INFO] PluginManager:203 - loadIPPluginJar : add genericplugin
2021-03-29 17:52:02,595 [INFO] IPUIPlugin:64 - create IPUIPlugin
2021-03-29 17:52:02,595 [INFO] PluginManager:203 - loadIPPluginJar : add gfxmmu
2021-03-29 17:52:02,599 [INFO] IPUIPlugin:64 - create IPUIPlugin
2021-03-29 17:52:02,599 [INFO] PluginManager:203 - loadIPPluginJar : add gic
2021-03-29 17:52:02,603 [INFO] IPUIPlugin:64 - create IPUIPlugin
2021-03-29 17:52:02,603 [INFO] PluginManager:203 - loadIPPluginJar : add gpio
2021-03-29 17:52:02,605 [INFO] IPUIPlugin:64 - create IPUIPlugin
2021-03-29 17:52:02,605 [INFO] PluginManager:203 - loadIPPluginJar : add gtzc
2021-03-29 17:52:02,607 [INFO] IPUIPlugin:64 - create IPUIPlugin
2021-03-29 17:52:02,607 [INFO] PluginManager:203 - loadIPPluginJar : add hash
2021-03-29 17:52:02,610 [INFO] IPUIPlugin:64 - create IPUIPlugin
2021-03-29 17:52:02,610 [INFO] PluginManager:203 - loadIPPluginJar : add i2c
2021-03-29 17:52:02,612 [INFO] IPUIPlugin:64 - create IPUIPlugin
2021-03-29 17:52:02,612 [INFO] PluginManager:203 - loadIPPluginJar : add i2s
2021-03-29 17:52:02,615 [INFO] IPUIPlugin:64 - create IPUIPlugin
2021-03-29 17:52:02,616 [INFO] PluginManager:203 - loadIPPluginJar : add ipddr
2021-03-29 17:52:02,618 [INFO] IPUIPlugin:64 - create IPUIPlugin
2021-03-29 17:52:02,618 [INFO] PluginManager:203 - loadIPPluginJar : add lorawan
2021-03-29 17:52:02,619 [INFO] IPUIPlugin:64 - create IPUIPlugin
2021-03-29 17:52:02,619 [INFO] PluginManager:203 - loadIPPluginJar : add ltdc
2021-03-29 17:52:02,623 [INFO] IPUIPlugin:64 - create IPUIPlugin
2021-03-29 17:52:02,623 [INFO] PluginManager:203 - loadIPPluginJar : add mdma
2021-03-29 17:52:02,627 [INFO] IPUIPlugin:64 - create IPUIPlugin
2021-03-29 17:52:02,628 [INFO] PluginManager:203 - loadIPPluginJar : add nvic
2021-03-29 17:52:02,630 [INFO] IPUIPlugin:64 - create IPUIPlugin
2021-03-29 17:52:02,631 [INFO] PluginManager:203 - loadIPPluginJar : add opamp
2021-03-29 17:52:02,633 [INFO] IPUIPlugin:64 - create IPUIPlugin
2021-03-29 17:52:02,633 [INFO] PluginManager:203 - loadIPPluginJar : add openamp
2021-03-29 17:52:02,635 [INFO] IPUIPlugin:64 - create IPUIPlugin
2021-03-29 17:52:02,636 [INFO] PluginManager:203 - loadIPPluginJar : add pdm2pcm
2021-03-29 17:52:02,644 [INFO] IPUIPlugin:64 - create IPUIPlugin
2021-03-29 17:52:02,650 [INFO] PluginManager:203 - loadIPPluginJar : add plateformsettings
2021-03-29 17:52:02,654 [INFO] IPUIPlugin:64 - create IPUIPlugin
2021-03-29 17:52:02,654 [INFO] PluginManager:203 - loadIPPluginJar : add quadspi
2021-03-29 17:52:02,661 [INFO] IPUIPlugin:64 - create IPUIPlugin
2021-03-29 17:52:02,661 [INFO] PluginManager:203 - loadIPPluginJar : add resmgrutility
2021-03-29 17:52:02,668 [INFO] IPUIPlugin:64 - create IPUIPlugin
2021-03-29 17:52:02,668 [INFO] PluginManager:203 - loadIPPluginJar : add sai
2021-03-29 17:52:02,672 [INFO] IPUIPlugin:64 - create IPUIPlugin
2021-03-29 17:52:02,673 [INFO] PluginManager:203 - loadIPPluginJar : add spi
2021-03-29 17:52:02,678 [INFO] IPUIPlugin:64 - create IPUIPlugin
2021-03-29 17:52:02,678 [INFO] PluginManager:203 - loadIPPluginJar : add stm32_wpan
2021-03-29 17:52:02,680 [INFO] IPUIPlugin:64 - create IPUIPlugin
2021-03-29 17:52:02,681 [INFO] PluginManager:203 - loadIPPluginJar : add tim
2021-03-29 17:52:02,684 [INFO] IPUIPlugin:64 - create IPUIPlugin
2021-03-29 17:52:02,684 [INFO] PluginManager:203 - loadIPPluginJar : add touchsensing
2021-03-29 17:52:02,686 [INFO] IPUIPlugin:64 - create IPUIPlugin
2021-03-29 17:52:02,686 [INFO] PluginManager:203 - loadIPPluginJar : add tracer_emb
2021-03-29 17:52:02,688 [INFO] IPUIPlugin:64 - create IPUIPlugin
2021-03-29 17:52:02,688 [INFO] PluginManager:203 - loadIPPluginJar : add ts
2021-03-29 17:52:02,690 [INFO] IPUIPlugin:64 - create IPUIPlugin
2021-03-29 17:52:02,690 [INFO] PluginManager:203 - loadIPPluginJar : add tsc
2021-03-29 17:52:02,692 [INFO] IPUIPlugin:64 - create IPUIPlugin
2021-03-29 17:52:02,692 [INFO] PluginManager:203 - loadIPPluginJar : add ucpd
2021-03-29 17:52:02,694 [INFO] IPUIPlugin:64 - create IPUIPlugin
2021-03-29 17:52:02,694 [INFO] PluginManager:203 - loadIPPluginJar : add usart
2021-03-29 17:52:03,050 [FATAL] Updater:284 - Updater called before beeing initialized
2021-03-29 17:52:03,155 [FATAL] Updater:284 - Updater called before beeing initialized
2021-03-29 17:52:03,159 [INFO] DbMcusAds:132 - JSON generation date=Thu Feb 11 15:55:24 CET 2021 (1613055324029)
2021-03-29 17:52:03,159 [FATAL] Updater:284 - Updater called before beeing initialized
2021-03-29 17:52:03,193 [WARN] DetailPanel:315 - Failed to get advertising image, set to default
2021-03-29 17:52:03,387 [FATAL] Updater:284 - Updater called before beeing initialized
2021-03-29 17:52:03,389 [FATAL] Updater:284 - Updater called before beeing initialized
2021-03-29 17:52:03,390 [FATAL] Updater:284 - Updater called before beeing initialized
2021-03-29 17:52:03,390 [WARN] DetailPanel:315 - Failed to get advertising image, set to default
2021-03-29 17:52:03,391 [FATAL] Updater:284 - Updater called before beeing initialized
2021-03-29 17:52:03,434 [FATAL] Updater:284 - Updater called before beeing initialized
2021-03-29 17:52:03,434 [WARN] ThirdParty:796 - waiting for thirdparty lock release [close project]
2021-03-29 17:52:05,088 [INFO] ThirdPartyUpdaterWithRetryManager:56 - Updater plugin not ready yet. [2/15]
2021-03-29 17:52:08,100 [FATAL] Updater:284 - Updater called before beeing initialized
2021-03-29 17:52:08,101 [ERROR] AbstractThirdPartyUpdaterManager:153 - class java.lang.Integer cannot be cast to class java.util.List (java.lang.Integer and java.util.List are in module java.base of loader 'bootstrap')
2021-03-29 17:52:08,101 [INFO] ThirdParty:900 - Integrity check success = false
2021-03-29 17:52:08,102 [INFO] IntegrityCheckThread:75 - exiting critical section [integrity check]
2021-03-29 17:52:08,103 [INFO] IntegrityCheckThread:78 - End integrity checks thread
2021-03-29 17:52:08,103 [INFO] ThirdParty:798 - entering critical section [close project]
2021-03-29 17:52:08,108 [INFO] ThirdParty:809 - exiting critical section [close project]
2021-03-29 17:52:08,122 [INFO] PinOutPanel:1435 - setPackage(No Configuration,No Configuration)
2021-03-29 17:52:08,124 [FATAL] Updater:284 - Updater called before beeing initialized
2021-03-29 17:52:08,143 [INFO] Updater:1002 - Updater Version found : 6.2.0
2021-03-29 17:52:08,162 [INFO] ApplicationProperties:181 - Using Application install path: C:\ST\STM32CubeIDE_1.4.0\STM32CubeIDE\plugins\com.st.stm32cube.common.mx_6.2.0.202102191602
2021-03-29 17:52:08,171 [INFO] MainUpdater:4847 - Software Update Detected: STM32CubeMX
2021-03-29 17:52:08,174 [ERROR] MainUpdater:4853 - Failed to launch self-upgrade
2021-03-29 17:52:08,276 [INFO] MainUpdater:2661 - connection check result : 10
2021-03-29 17:52:08,277 [INFO] MainUpdater:255 - Updater Check For Update Now.
2021-03-29 17:52:08,277 [INFO] MicroXplorer:472 - Change Database Version : DB.6.0.20
2021-03-29 17:52:08,311 [INFO] CheckServerUpdateThread:102 - End of CheckServer Thread
2021-03-29 17:52:08,395 [INFO] MainUpdater:2661 - connection check result : 10
2021-03-29 17:52:08,863 [INFO] CrossSelectorPresenter:1330 - Cross Selector saved comparison directory: C:\Users\evers\.stmcufinder\plugins\mcufinder\mcu\cs_comparisons_mx
2021-03-29 17:52:08,870 [INFO] MultiScanPanel:200 - Auto-refresh data requested => check proxy status ongoing
2021-03-29 17:52:08,873 [INFO] FinderPluginLoader:87 - Searching for filters in installed packs
2021-03-29 17:52:08,875 [INFO] DbMcusXml:100 - Load MCU database from C:\ST\STM32CubeIDE_1.4.0\STM32CubeIDE\plugins\com.st.stm32cube.common.mx_6.2.0.202102191602\\db\/mcu/families.xml
2021-03-29 17:52:09,685 [INFO] DbMcusJson:94 - JSON generation date=Mon Feb 08 14:35:07 CET 2021 (1612791307)
2021-03-29 17:52:10,384 [INFO] DbMcus:175 - Found 1906 MCUs (1866 are supported by CubeMX, 1866 are visible in CubeMX)
2021-03-29 17:52:10,385 [INFO] ApiDb:251 - Load user favorites file C:\Users\evers/.stm32cubeide/favorites.mcus.txt: 0 item(s)
2021-03-29 17:52:10,385 [INFO] ApiDb:255 - User favorites MCUs=[]
2021-03-29 17:52:10,385 [INFO] DbMcus:187 - Set 0 / 0 favorites MCUs
2021-03-29 17:52:10,878 [WARN] DetailPanel:315 - Failed to get advertising image, set to default
2021-03-29 17:52:11,336 [INFO] DbBoardsPdsc:90 - Found 24 items
2021-03-29 17:52:11,339 [INFO] DbBoardsPdsc:90 - Found 9 items
2021-03-29 17:52:11,343 [INFO] DbBoardsPdsc:90 - Found 33 items
2021-03-29 17:52:11,345 [INFO] DbBoardsPdsc:90 - Found 1 items
2021-03-29 17:52:11,351 [INFO] DbBoardsPdsc:90 - Found 46 items
2021-03-29 17:52:11,359 [INFO] DbBoardsPdsc:90 - Found 41 items
2021-03-29 17:52:11,361 [INFO] DbBoardsPdsc:90 - Found 2 items
2021-03-29 17:52:11,364 [INFO] DbBoardsPdsc:90 - Found 5 items
2021-03-29 17:52:11,368 [WARN] DbBoardsPdsc:254 - Board NUCLEO-WB15CC: unknown feature type=, name=, username=Three user LEDs, n=1
2021-03-29 17:52:11,368 [WARN] DbBoardsPdsc:254 - Board NUCLEO-WB15CC: unknown feature type=, name=, username=One reset and three user push-buttons, n=1
2021-03-29 17:52:11,368 [WARN] DbBoardsPdsc:254 - Board NUCLEO-WB15CC: unknown feature type=, name=, username=Arduino Uno V3 expansion connector, n=1
2021-03-29 17:52:11,368 [WARN] DbBoardsPdsc:254 - Board NUCLEO-WB15CC: unknown feature type=, name=, username=ST morpho extension pin headers for full access to all STM32WB I/Os, n=1
2021-03-29 17:52:11,369 [WARN] DbBoardsPdsc:254 - Board NUCLEO-WB15CC: unknown feature type=, name=, username=Integrated PCB antenna and SMA connector footprint, n=1
2021-03-29 17:52:11,369 [WARN] DbBoardsPdsc:254 - Board NUCLEO-WB15CC: unknown feature type=, name=, username=Flexible power-supply options: ST-LINK, USB VBUS, or external sources, n=1
2021-03-29 17:52:11,369 [WARN] DbBoardsPdsc:254 - Board NUCLEO-WB15CC: unknown feature type=, name=, username=On-board footprint to mount a CR2032 battery socket, n=1
2021-03-29 17:52:11,369 [WARN] DbBoardsPdsc:254 - Board NUCLEO-WB15CC: unknown feature type=, name=, username=On-board ST-LINK/V2-1 debugger/programmer with USB re-enumeration capability: mass storage, Virtual COM port, and debug port, n=1
2021-03-29 17:52:11,369 [WARN] DbBoardsPdsc:254 - Board NUCLEO-WB15CC: unknown feature type=, name=, username=Comprehensive free software libraries and examples available with the STM32CubeWB MCU Package, n=1
2021-03-29 17:52:11,369 [WARN] DbBoardsPdsc:254 - Board NUCLEO-WB15CC: unknown feature type=, name=, username=Support of a wide choice of Integrated Development Environments (IDEs) including IAR Embedded Workbench, MDK-ARM, STM32CubeIDE, and Mbed Studio, n=1
2021-03-29 17:52:11,372 [WARN] DbBoardsPdsc:254 - Board STM32H7B3I-DK: unknown feature type=Audio, name=, username=Audio stereo codec with Headphone Amp (CS42L51-CNZ), n=1
2021-03-29 17:52:11,372 [WARN] DbBoardsPdsc:254 - Board STM32H735G-DK: unknown feature type=Audio, name=, username=Audio stereo codec with Headphone Amp (WM8994ECS/R), n=1
2021-03-29 17:52:11,372 [WARN] DbBoardsPdsc:254 - Board STM32WB5MM-DK: unknown feature type=, name=, username=Time-of-Flight and gesture-detection sensor, n=1
2021-03-29 17:52:11,372 [WARN] DbBoardsPdsc:254 - Board STM32WB5MM-DK: unknown feature type=, name=, username=3 push-buttons (2 users and 1 reset) and 1 touch key button, n=1
2021-03-29 17:52:11,372 [WARN] DbBoardsPdsc:254 - Board STM32WB5MM-DK: unknown feature type=, name=, username=Flexible power-supply options: ST-LINK/V2-1 USB connector, 5 V delivered by ARDUINO® or external connector, USB charger, or USB power, n=1
2021-03-29 17:52:11,372 [WARN] DbBoardsPdsc:254 - Board STM32WB5MM-DK: unknown feature type=, name=, username=On-board ST-LINK/V2-1 debugger/programmer with USB re-enumeration capability: Virtual COM port and debug port, n=1
2021-03-29 17:52:11,373 [WARN] DbBoardsPdsc:254 - Board STM32WB5MM-DK: unknown feature type=, name=, username=Comprehensive free software libraries and examples available with the STM32CubeWB MCU Package, n=1
2021-03-29 17:52:11,373 [WARN] DbBoardsPdsc:254 - Board STM32WB5MM-DK: unknown feature type=, name=, username=Support of a wide choice of Integrated Development Environments (IDEs) including IAR Embedded Workbench®, MDK-ARM, and STM32CubeIDE, n=1
2021-03-29 17:52:11,374 [WARN] DbBoardsPdsc:254 - Board STM32H7B3I-EVAL: unknown feature type=Audio, name=, username=Multi-Channel Audio Codec (CS42L51-CNZ), n=1
2021-03-29 17:52:11,374 [WARN] DbBoardsPdsc:254 - Board STM32H7B3I-EVAL: unknown feature type=Meter, name=, username=Power-metering and Temperature-monitoring with sigma-delta modulators, n=1
2021-03-29 17:52:11,375 [WARN] DbBoardsPdsc:254 - Board STM32H7B3I-EVAL: unknown feature type=Motor, name=, username=Motor Control, n=1
2021-03-29 17:52:11,391 [INFO] DbBoardsJson:87 - JSON generation date=Thu Feb 04 17:53:45 CET 2021 (1612457625)
2021-03-29 17:52:11,398 [INFO] DbBoards:117 - Found 161 boards (158 are supported by CubeMX)
2021-03-29 17:52:11,408 [INFO] DbBoardsDocs:143 - JSON generation date=Mon Feb 08 14:35:07 CET 2021 (1612791307)
2021-03-29 17:52:11,428 [INFO] DbBoardsDocs:79 - Found 193 boards documents
2021-03-29 17:52:11,429 [WARN] DbBoards:127 - board B-L462E-CELL1 has no document id list !
2021-03-29 17:52:11,429 [WARN] DbBoards:127 - board B-L475E-IOT01A2 has no document id list !
2021-03-29 17:52:11,430 [WARN] DbBoards:127 - board NUCLEO-G0B1RE has no document id list !
2021-03-29 17:52:11,430 [WARN] DbBoards:127 - board NUCLEO-H743ZI2 has no document id list !
2021-03-29 17:52:11,430 [WARN] DbBoards:127 - board NUCLEO-L4A6ZG has no document id list !
2021-03-29 17:52:11,431 [WARN] DbBoards:127 - board NUCLEO-WB15CC has no document id list !
2021-03-29 17:52:11,431 [WARN] DbBoards:127 - board NUCLEO-WB55RG has no document id list !
2021-03-29 17:52:11,431 [WARN] DbBoards:127 - board NUCLEO-WL55JC2 has no document id list !
2021-03-29 17:52:11,431 [WARN] DbBoards:127 - board P-NUCLEO-WB55-Nucleo has no document id list !
2021-03-29 17:52:11,431 [WARN] DbBoards:127 - board P-NUCLEO-WB55-USBDongle has no document id list !
2021-03-29 17:52:11,431 [WARN] DbBoards:127 - board STEVAL-BFA001V1B has no document id list !
2021-03-29 17:52:11,431 [WARN] DbBoards:127 - board STEVAL-BFA001V2B has no document id list !
2021-03-29 17:52:11,431 [WARN] DbBoards:127 - board STEVAL-IDP005V1 has no document id list !
2021-03-29 17:52:11,431 [WARN] DbBoards:127 - board STEVAL-IDP005V2 has no document id list !
2021-03-29 17:52:11,431 [WARN] DbBoards:127 - board STEVAL-MKSBOX1V1 has no document id list !
2021-03-29 17:52:11,431 [WARN] DbBoards:127 - board STEVAL-STWINKT1 has no document id list !
2021-03-29 17:52:11,431 [WARN] DbBoards:127 - board STEVAL-STWINKT1B has no document id list !
2021-03-29 17:52:11,432 [WARN] DbBoards:127 - board STM32F401C-DISCO has no document id list !
2021-03-29 17:52:11,433 [WARN] DbBoards:127 - board STM32F769I-DISC1 has no document id list !
2021-03-29 17:52:11,433 [WARN] DbBoards:127 - board STM32G0C1E-EV has no document id list !
2021-03-29 17:52:11,433 [WARN] DbBoards:127 - board STM32G474E-EVAL1 has no document id list !
2021-03-29 17:52:11,433 [WARN] DbBoards:127 - board STM32H743I-EVAL2 has no document id list !
2021-03-29 17:52:11,433 [WARN] DbBoards:127 - board STM32H747I-DISC1 has no document id list !
2021-03-29 17:52:11,434 [WARN] DbBoards:127 - board STM32H753I-EVAL2 has no document id list !
2021-03-29 17:52:11,434 [WARN] DbBoards:127 - board STM32L-DISCOVERY has no document id list !
2021-03-29 17:52:11,434 [WARN] DbBoards:127 - board STM32MP157A-DK1 has no document id list !
2021-03-29 17:52:11,434 [WARN] DbBoards:127 - board STM32MP157F-DK2 has no document id list !
2021-03-29 17:52:11,434 [WARN] DbBoards:127 - board STM32MP157F-EV1 has no document id list !
2021-03-29 17:52:11,435 [WARN] DbBoards:127 - board STM32WB5MM-DK has no document id list !
2021-03-29 17:52:13,081 [INFO] ApiDb:251 - Load user favorites file C:\Users\evers/.stm32cubeide/favorites.boards.txt: 1 item(s)
2021-03-29 17:52:13,081 [INFO] ApiDb:255 - User favorites Boards=[NUCLEO-L476RG]
2021-03-29 17:52:13,081 [INFO] DbBoards:206 - Set 1 / 1 favorites Boards
2021-03-29 17:52:18,838 [INFO] MultiScanPanel:200 - Auto-refresh data requested => check proxy status ongoing
2021-03-29 17:52:18,902 [WARN] DetailPanel:315 - Failed to get advertising image, set to default
2021-03-29 17:52:27,879 [INFO] RetryExec:97 - I/O exception (org.apache.http.NoHttpResponseException) caught when processing request to {s}->https://sw-center.st.com:443: The target server failed to respond
2021-03-29 17:52:27,884 [INFO] RetryExec:113 - Retrying request to {s}->https://sw-center.st.com:443
2021-03-29 17:52:48,134 [INFO] ApiDb:276 - Save user favorites file C:\Users\evers/.stm32cubeide/favorites.mcus.txt: 0 item(s)
2021-03-29 17:52:48,135 [INFO] ApiDb:280 - User favorites MCUs=[]
2021-03-29 17:52:48,142 [INFO] ApiDb:276 - Save user favorites file C:\Users\evers/.stm32cubeide/favorites.boards.txt: 1 item(s)
2021-03-29 17:52:48,143 [INFO] ApiDb:280 - User favorites Boards=[NUCLEO-L476RG]
2021-03-29 19:53:20,021 [INFO] Activator:170 - 


2021-03-29 19:53:20,023 [INFO] Activator:171 - !SESSION log4j initialized
