2021-02-14 15:47:15,649 [INFO] Activator:178 - 


2021-02-14 15:47:15,654 [INFO] Activator:179 - !SESSION log4j initialized
2021-02-14 15:47:30,013 [INFO] ApplicationProperties:181 - Using Application install path: C:\ST\STM32CubeIDE_1.4.0\STM32CubeIDE\plugins\com.st.stm32cube.common.mx_6.0.1.202008101643
2021-02-14 15:47:30,028 [INFO] DbMcusXml:70 - Set database path to: C:\ST\STM32CubeIDE_1.4.0\STM32CubeIDE\plugins\com.st.stm32cube.common.mx_6.0.1.202008101643\\db\/mcu/
2021-02-14 15:47:30,033 [INFO] DbBoardsPdsc:56 - Set plugin database path to: C:\ST\STM32CubeIDE_1.4.0\STM32CubeIDE\plugins\com.st.stm32cube.common.mx_6.0.1.202008101643\\db\/plugins/boardmanager/
2021-02-14 15:47:30,033 [INFO] DbMcus:258 - Set plugin images path to: C:\ST\STM32CubeIDE_1.4.0\STM32CubeIDE\plugins\com.st.stm32cube.common.mx_6.0.1.202008101643\\db\/plugins/mcufinder/images/
2021-02-14 15:47:30,034 [INFO] DbBoards:264 - Set plugin images path to: C:\ST\STM32CubeIDE_1.4.0\STM32CubeIDE\plugins\com.st.stm32cube.common.mx_6.0.1.202008101643\\db\/plugins/mcufinder/images/
2021-02-14 15:47:30,037 [INFO] DbExamples:326 - Set plugin images path to: C:\ST\STM32CubeIDE_1.4.0\STM32CubeIDE\plugins\com.st.stm32cube.common.mx_6.0.1.202008101643\\db\/plugins/mcufinder/images/
2021-02-14 15:47:30,051 [INFO] DbMcusDocs:112 - Set database path to: C:\Users\evers\.stmcufinder\plugins\mcufinder//mcu/
2021-02-14 15:47:30,054 [INFO] DbMcusJson:63 - Set database path to: C:\Users\evers\.stmcufinder\plugins\mcufinder//mcu/
2021-02-14 15:47:30,054 [INFO] DbBoardsDocs:112 - Set database path to: C:\Users\evers\.stmcufinder\plugins\mcufinder//mcu/
2021-02-14 15:47:30,056 [INFO] DbBoardsJson:56 - Set database path to: C:\Users\evers\.stmcufinder\plugins\mcufinder//mcu/
2021-02-14 15:47:30,216 [INFO] CrossReferenceDbSqlite:196 - Set database path to: C:\Users\evers\.stmcufinder\plugins\mcufinder//mcu/cs/
2021-02-14 15:47:30,224 [INFO] DbExamplesSqlite:800 - Set database path to: C:\Users\evers\.stmcufinder\plugins\mcufinder//mcu/
2021-02-14 15:47:30,383 [INFO] RulesReader:52 - Compatibility file has been processed (209 Rules)
2021-02-14 15:47:30,473 [INFO] MicroXplorer:564 - Detected Java Version = 1.8.0_252
2021-02-14 15:47:30,473 [INFO] DbMcusXml:70 - Set database path to: C:\ST\STM32CubeIDE_1.4.0\STM32CubeIDE\plugins\com.st.stm32cube.common.mx_6.0.1.202008101643\\db\/mcu/
2021-02-14 15:47:30,474 [INFO] DbBoardsPdsc:56 - Set plugin database path to: C:\ST\STM32CubeIDE_1.4.0\STM32CubeIDE\plugins\com.st.stm32cube.common.mx_6.0.1.202008101643\\db\/plugins/boardmanager/
2021-02-14 15:47:30,475 [INFO] DbMcus:258 - Set plugin images path to: C:\ST\STM32CubeIDE_1.4.0\STM32CubeIDE\plugins\com.st.stm32cube.common.mx_6.0.1.202008101643\\db\/plugins/mcufinder/images/
2021-02-14 15:47:30,475 [INFO] DbBoards:264 - Set plugin images path to: C:\ST\STM32CubeIDE_1.4.0\STM32CubeIDE\plugins\com.st.stm32cube.common.mx_6.0.1.202008101643\\db\/plugins/mcufinder/images/
2021-02-14 15:47:30,475 [INFO] DbExamples:326 - Set plugin images path to: C:\ST\STM32CubeIDE_1.4.0\STM32CubeIDE\plugins\com.st.stm32cube.common.mx_6.0.1.202008101643\\db\/plugins/mcufinder/images/
2021-02-14 15:47:30,475 [WARN] DbFile:36 - Overriding database path with different value: C:\Users\evers\.stmcufinder\plugins\mcufinder/ => C:\Users\evers\.stmcufinder\plugins\mcufinder
2021-02-14 15:47:30,475 [INFO] DbMcusDocs:112 - Set database path to: C:\Users\evers\.stmcufinder\plugins\mcufinder//mcu/
2021-02-14 15:47:30,475 [WARN] DbFile:36 - Overriding database path with different value: C:\Users\evers\.stmcufinder\plugins\mcufinder/ => C:\Users\evers\.stmcufinder\plugins\mcufinder
2021-02-14 15:47:30,476 [INFO] DbMcusJson:63 - Set database path to: C:\Users\evers\.stmcufinder\plugins\mcufinder//mcu/
2021-02-14 15:47:30,476 [WARN] DbFile:36 - Overriding database path with different value: C:\Users\evers\.stmcufinder\plugins\mcufinder/ => C:\Users\evers\.stmcufinder\plugins\mcufinder
2021-02-14 15:47:30,476 [INFO] DbBoardsDocs:112 - Set database path to: C:\Users\evers\.stmcufinder\plugins\mcufinder//mcu/
2021-02-14 15:47:30,476 [WARN] DbFile:36 - Overriding database path with different value: C:\Users\evers\.stmcufinder\plugins\mcufinder/ => C:\Users\evers\.stmcufinder\plugins\mcufinder
2021-02-14 15:47:30,476 [INFO] DbBoardsJson:56 - Set database path to: C:\Users\evers\.stmcufinder\plugins\mcufinder//mcu/
2021-02-14 15:47:30,476 [WARN] DbFile:36 - Overriding database path with different value: C:\Users\evers\.stmcufinder\plugins\mcufinder/ => C:\Users\evers\.stmcufinder\plugins\mcufinder
2021-02-14 15:47:30,477 [WARN] DbFile:36 - Overriding database path with different value: C:\Users\evers\.stmcufinder\plugins\mcufinder/ => C:\Users\evers\.stmcufinder\plugins\mcufinder
2021-02-14 15:47:30,477 [INFO] CrossReferenceDbSqlite:196 - Set database path to: C:\Users\evers\.stmcufinder\plugins\mcufinder//mcu/cs/
2021-02-14 15:47:30,477 [WARN] DbFile:36 - Overriding database path with different value: C:\Users\evers\.stmcufinder\plugins\mcufinder/ => C:\Users\evers\.stmcufinder\plugins\mcufinder
2021-02-14 15:47:30,477 [INFO] DbExamplesSqlite:800 - Set database path to: C:\Users\evers\.stmcufinder\plugins\mcufinder//mcu/
2021-02-14 15:47:30,549 [INFO] MainPanel:189 - HeapMemory: 316669952
2021-02-14 15:47:30,628 [INFO] DbMcusXml:70 - Set database path to: C:\ST\STM32CubeIDE_1.4.0\STM32CubeIDE\plugins\com.st.stm32cube.common.mx_6.0.1.202008101643\\db\/mcu/
2021-02-14 15:47:30,629 [INFO] DbBoardsPdsc:56 - Set plugin database path to: C:\ST\STM32CubeIDE_1.4.0\STM32CubeIDE\plugins\com.st.stm32cube.common.mx_6.0.1.202008101643\\db\/plugins/boardmanager/
2021-02-14 15:47:30,629 [INFO] DbMcus:258 - Set plugin images path to: C:\ST\STM32CubeIDE_1.4.0\STM32CubeIDE\plugins\com.st.stm32cube.common.mx_6.0.1.202008101643\\db\/plugins/mcufinder/images/
2021-02-14 15:47:30,629 [INFO] DbBoards:264 - Set plugin images path to: C:\ST\STM32CubeIDE_1.4.0\STM32CubeIDE\plugins\com.st.stm32cube.common.mx_6.0.1.202008101643\\db\/plugins/mcufinder/images/
2021-02-14 15:47:30,629 [INFO] DbExamples:326 - Set plugin images path to: C:\ST\STM32CubeIDE_1.4.0\STM32CubeIDE\plugins\com.st.stm32cube.common.mx_6.0.1.202008101643\\db\/plugins/mcufinder/images/
2021-02-14 15:47:30,630 [WARN] DbFile:36 - Overriding database path with different value: C:\Users\evers\.stmcufinder\plugins\mcufinder/ => C:\Users\evers\.stmcufinder\plugins\mcufinder
2021-02-14 15:47:30,630 [INFO] DbMcusDocs:112 - Set database path to: C:\Users\evers\.stmcufinder\plugins\mcufinder//mcu/
2021-02-14 15:47:30,630 [WARN] DbFile:36 - Overriding database path with different value: C:\Users\evers\.stmcufinder\plugins\mcufinder/ => C:\Users\evers\.stmcufinder\plugins\mcufinder
2021-02-14 15:47:30,630 [INFO] DbMcusJson:63 - Set database path to: C:\Users\evers\.stmcufinder\plugins\mcufinder//mcu/
2021-02-14 15:47:30,630 [WARN] DbFile:36 - Overriding database path with different value: C:\Users\evers\.stmcufinder\plugins\mcufinder/ => C:\Users\evers\.stmcufinder\plugins\mcufinder
2021-02-14 15:47:30,631 [INFO] DbBoardsDocs:112 - Set database path to: C:\Users\evers\.stmcufinder\plugins\mcufinder//mcu/
2021-02-14 15:47:30,631 [WARN] DbFile:36 - Overriding database path with different value: C:\Users\evers\.stmcufinder\plugins\mcufinder/ => C:\Users\evers\.stmcufinder\plugins\mcufinder
2021-02-14 15:47:30,631 [INFO] DbBoardsJson:56 - Set database path to: C:\Users\evers\.stmcufinder\plugins\mcufinder//mcu/
2021-02-14 15:47:30,631 [WARN] DbFile:36 - Overriding database path with different value: C:\Users\evers\.stmcufinder\plugins\mcufinder/ => C:\Users\evers\.stmcufinder\plugins\mcufinder
2021-02-14 15:47:30,631 [WARN] DbFile:36 - Overriding database path with different value: C:\Users\evers\.stmcufinder\plugins\mcufinder/ => C:\Users\evers\.stmcufinder\plugins\mcufinder
2021-02-14 15:47:30,631 [INFO] CrossReferenceDbSqlite:196 - Set database path to: C:\Users\evers\.stmcufinder\plugins\mcufinder//mcu/cs/
2021-02-14 15:47:30,631 [WARN] DbFile:36 - Overriding database path with different value: C:\Users\evers\.stmcufinder\plugins\mcufinder/ => C:\Users\evers\.stmcufinder\plugins\mcufinder
2021-02-14 15:47:30,632 [INFO] DbExamplesSqlite:800 - Set database path to: C:\Users\evers\.stmcufinder\plugins\mcufinder//mcu/
2021-02-14 15:47:30,652 [INFO] ApplicationProperties:181 - Using Application install path: C:\ST\STM32CubeIDE_1.4.0\STM32CubeIDE\plugins\com.st.stm32cube.common.mx_6.0.1.202008101643
2021-02-14 15:47:30,653 [INFO] PluginManage:178 - Search for loadable plugins [exclusion list=, ]
2021-02-14 15:47:30,655 [INFO] PluginManage:292 - Check plugin analytics
2021-02-14 15:47:30,839 [INFO] AnalyticsPlugin:203 - Accepted Software Licenses: STM32CubeMX.6.0.1,STM32CubeMX.6.1.1
2021-02-14 15:47:30,840 [INFO] AnalyticsPlugin:205 - Accepted CMSIS Pack Licenses: 
2021-02-14 15:47:30,840 [INFO] AnalyticsPlugin:207 - Accepted Firmware Licenses: 
2021-02-14 15:47:30,841 [INFO] PluginManage:342 - Loaded plugin analytics (category:tool,tabindex:-1)
2021-02-14 15:47:30,841 [INFO] PluginManage:292 - Check plugin clock
2021-02-14 15:47:30,864 [INFO] PluginManage:342 - Loaded plugin clock (category:base,tabindex:2)
2021-02-14 15:47:30,865 [INFO] PluginManage:292 - Check plugin ddr
2021-02-14 15:47:30,868 [INFO] PluginManage:342 - Loaded plugin ddr (category:tool,tabindex:6)
2021-02-14 15:47:30,868 [INFO] PluginManage:292 - Check plugin filemanager
2021-02-14 15:47:30,995 [INFO] PluginManage:342 - Loaded plugin filemanager (category:base,tabindex:10)
2021-02-14 15:47:30,995 [INFO] PluginManage:292 - Check plugin ipmanager
2021-02-14 15:47:31,004 [INFO] PluginManage:342 - Loaded plugin ipmanager (category:base,tabindex:5)
2021-02-14 15:47:31,004 [INFO] PluginManage:292 - Check plugin pinoutandconfiguration
2021-02-14 15:47:31,016 [INFO] PluginManage:342 - Loaded plugin pinoutandconfiguration (category:base,tabindex:1)
2021-02-14 15:47:31,016 [INFO] PluginManage:292 - Check plugin pinoutconfig
2021-02-14 15:47:31,045 [INFO] PluginManage:342 - Loaded plugin pinoutconfig (category:base,tabindex:0)
2021-02-14 15:47:31,045 [INFO] PluginManage:292 - Check plugin power
2021-02-14 15:47:31,057 [INFO] PluginManage:342 - Loaded plugin power (category:power,tabindex:4)
2021-02-14 15:47:31,057 [INFO] PluginManage:292 - Check plugin projectmanager
2021-02-14 15:47:31,077 [INFO] PluginManage:342 - Loaded plugin projectmanager (category:projectmanager,tabindex:3)
2021-02-14 15:47:31,077 [INFO] PluginManage:292 - Check plugin thirdparty
2021-02-14 15:47:31,200 [INFO] ThirdPartyDb:333 - Open Third Party DataBase File (C:/Users/evers/.stm32cubemx/plugins/thirdparty/db/thirdparties_db.xml) : 56 ms. number of Sw pack : 32
2021-02-14 15:47:31,206 [INFO] PluginManage:342 - Loaded plugin thirdparty (category:base,tabindex:-1)
2021-02-14 15:47:31,206 [INFO] PluginManage:292 - Check plugin tools
2021-02-14 15:47:31,211 [INFO] PluginManage:342 - Loaded plugin tools (category:base,tabindex:7)
2021-02-14 15:47:31,211 [INFO] PluginManage:292 - Check plugin tutovideos
2021-02-14 15:47:31,465 [INFO] PluginManage:342 - Loaded plugin tutovideos (category:base,tabindex:-1)
2021-02-14 15:47:31,465 [INFO] PluginManage:292 - Check plugin updater
2021-02-14 15:47:31,484 [INFO] PluginManage:342 - Loaded plugin updater (category:base,tabindex:12)
2021-02-14 15:47:31,485 [INFO] PluginManage:265 - PluginManage : Loaded plugins [13]
2021-02-14 15:47:31,748 [INFO] PinOutPanel:1418 - setPackage(No Configuration,No Configuration)
2021-02-14 15:47:31,877 [INFO] IPUIPlugin:64 - create IPUIPlugin
2021-02-14 15:47:31,877 [INFO] PluginManager:200 - loadIPPluginJar : add adc
2021-02-14 15:47:31,881 [INFO] IPUIPlugin:64 - create IPUIPlugin
2021-02-14 15:47:31,882 [INFO] PluginManager:200 - loadIPPluginJar : add aes
2021-02-14 15:47:31,886 [INFO] IPUIPlugin:64 - create IPUIPlugin
2021-02-14 15:47:31,887 [INFO] PluginManager:200 - loadIPPluginJar : add can
2021-02-14 15:47:31,890 [INFO] IPUIPlugin:64 - create IPUIPlugin
2021-02-14 15:47:31,890 [INFO] PluginManager:200 - loadIPPluginJar : add comp
2021-02-14 15:47:31,894 [INFO] IPUIPlugin:64 - create IPUIPlugin
2021-02-14 15:47:31,894 [INFO] PluginManager:200 - loadIPPluginJar : add cryp
2021-02-14 15:47:31,898 [INFO] IPUIPlugin:64 - create IPUIPlugin
2021-02-14 15:47:31,898 [INFO] PluginManager:200 - loadIPPluginJar : add dfsdm
2021-02-14 15:47:31,905 [INFO] IPUIPlugin:64 - create IPUIPlugin
2021-02-14 15:47:31,906 [INFO] PluginManager:200 - loadIPPluginJar : add dma
2021-02-14 15:47:31,910 [INFO] IPUIPlugin:64 - create IPUIPlugin
2021-02-14 15:47:31,910 [INFO] PluginManager:200 - loadIPPluginJar : add fatfs
2021-02-14 15:47:31,918 [INFO] IPUIPlugin:64 - create IPUIPlugin
2021-02-14 15:47:31,919 [INFO] PluginManager:200 - loadIPPluginJar : add fmc
2021-02-14 15:47:31,931 [INFO] IPUIPlugin:64 - create IPUIPlugin
2021-02-14 15:47:31,932 [INFO] PluginManager:200 - loadIPPluginJar : add freertos
2021-02-14 15:47:31,936 [INFO] IPUIPlugin:64 - create IPUIPlugin
2021-02-14 15:47:31,937 [INFO] PluginManager:200 - loadIPPluginJar : add genericplugin
2021-02-14 15:47:31,942 [INFO] IPUIPlugin:64 - create IPUIPlugin
2021-02-14 15:47:31,942 [INFO] PluginManager:200 - loadIPPluginJar : add gfxmmu
2021-02-14 15:47:31,955 [INFO] IPUIPlugin:64 - create IPUIPlugin
2021-02-14 15:47:31,956 [INFO] PluginManager:200 - loadIPPluginJar : add gic
2021-02-14 15:47:31,961 [INFO] IPUIPlugin:64 - create IPUIPlugin
2021-02-14 15:47:31,962 [INFO] PluginManager:200 - loadIPPluginJar : add gpio
2021-02-14 15:47:31,965 [INFO] IPUIPlugin:64 - create IPUIPlugin
2021-02-14 15:47:31,965 [INFO] PluginManager:200 - loadIPPluginJar : add gtzc
2021-02-14 15:47:31,969 [INFO] IPUIPlugin:64 - create IPUIPlugin
2021-02-14 15:47:31,970 [INFO] PluginManager:200 - loadIPPluginJar : add hash
2021-02-14 15:47:31,975 [INFO] IPUIPlugin:64 - create IPUIPlugin
2021-02-14 15:47:31,975 [INFO] PluginManager:200 - loadIPPluginJar : add i2c
2021-02-14 15:47:31,980 [INFO] IPUIPlugin:64 - create IPUIPlugin
2021-02-14 15:47:31,980 [INFO] PluginManager:200 - loadIPPluginJar : add i2s
2021-02-14 15:47:31,984 [INFO] IPUIPlugin:64 - create IPUIPlugin
2021-02-14 15:47:31,984 [INFO] PluginManager:200 - loadIPPluginJar : add ipddr
2021-02-14 15:47:31,986 [INFO] IPUIPlugin:64 - create IPUIPlugin
2021-02-14 15:47:31,987 [INFO] PluginManager:200 - loadIPPluginJar : add ltdc
2021-02-14 15:47:31,992 [INFO] IPUIPlugin:64 - create IPUIPlugin
2021-02-14 15:47:31,992 [INFO] PluginManager:200 - loadIPPluginJar : add mdma
2021-02-14 15:47:31,998 [INFO] IPUIPlugin:64 - create IPUIPlugin
2021-02-14 15:47:31,999 [INFO] PluginManager:200 - loadIPPluginJar : add nvic
2021-02-14 15:47:32,004 [INFO] IPUIPlugin:64 - create IPUIPlugin
2021-02-14 15:47:32,005 [INFO] PluginManager:200 - loadIPPluginJar : add opamp
2021-02-14 15:47:32,010 [INFO] IPUIPlugin:64 - create IPUIPlugin
2021-02-14 15:47:32,010 [INFO] PluginManager:200 - loadIPPluginJar : add openamp
2021-02-14 15:47:32,014 [INFO] IPUIPlugin:64 - create IPUIPlugin
2021-02-14 15:47:32,015 [INFO] PluginManager:200 - loadIPPluginJar : add pdm2pcm
2021-02-14 15:47:32,022 [INFO] IPUIPlugin:64 - create IPUIPlugin
2021-02-14 15:47:32,025 [INFO] PluginManager:200 - loadIPPluginJar : add plateformsettings
2021-02-14 15:47:32,028 [INFO] IPUIPlugin:64 - create IPUIPlugin
2021-02-14 15:47:32,029 [INFO] PluginManager:200 - loadIPPluginJar : add quadspi
2021-02-14 15:47:32,034 [INFO] IPUIPlugin:64 - create IPUIPlugin
2021-02-14 15:47:32,035 [INFO] PluginManager:200 - loadIPPluginJar : add resmgrutility
2021-02-14 15:47:32,039 [INFO] IPUIPlugin:64 - create IPUIPlugin
2021-02-14 15:47:32,039 [INFO] PluginManager:200 - loadIPPluginJar : add sai
2021-02-14 15:47:32,043 [INFO] IPUIPlugin:64 - create IPUIPlugin
2021-02-14 15:47:32,043 [INFO] PluginManager:200 - loadIPPluginJar : add spi
2021-02-14 15:47:32,048 [INFO] IPUIPlugin:64 - create IPUIPlugin
2021-02-14 15:47:32,048 [INFO] PluginManager:200 - loadIPPluginJar : add stm32_wpan
2021-02-14 15:47:32,051 [INFO] IPUIPlugin:64 - create IPUIPlugin
2021-02-14 15:47:32,051 [INFO] PluginManager:200 - loadIPPluginJar : add tim
2021-02-14 15:47:32,056 [INFO] IPUIPlugin:64 - create IPUIPlugin
2021-02-14 15:47:32,056 [INFO] PluginManager:200 - loadIPPluginJar : add touchsensing
2021-02-14 15:47:32,060 [INFO] IPUIPlugin:64 - create IPUIPlugin
2021-02-14 15:47:32,061 [INFO] PluginManager:200 - loadIPPluginJar : add tracer_emb
2021-02-14 15:47:32,064 [INFO] IPUIPlugin:64 - create IPUIPlugin
2021-02-14 15:47:32,064 [INFO] PluginManager:200 - loadIPPluginJar : add ts
2021-02-14 15:47:32,068 [INFO] IPUIPlugin:64 - create IPUIPlugin
2021-02-14 15:47:32,068 [INFO] PluginManager:200 - loadIPPluginJar : add tsc
2021-02-14 15:47:32,072 [INFO] IPUIPlugin:64 - create IPUIPlugin
2021-02-14 15:47:32,073 [INFO] PluginManager:200 - loadIPPluginJar : add ucpd
2021-02-14 15:47:32,078 [INFO] IPUIPlugin:64 - create IPUIPlugin
2021-02-14 15:47:32,079 [INFO] PluginManager:200 - loadIPPluginJar : add usart
2021-02-14 15:47:32,718 [INFO] CubeProgrammer:457 - [DDR PANEL] - PathOfProgrammer: null
2021-02-14 15:47:33,613 [FATAL] Updater:282 - Updater called before beeing initialized
2021-02-14 15:47:33,809 [FATAL] Updater:282 - Updater called before beeing initialized
2021-02-14 15:47:33,809 [WARN] ThirdParty:775 - waiting for thirdparty lock release [close project]
2021-02-14 15:47:33,809 [INFO] ThirdParty:777 - entering critical section [close project]
2021-02-14 15:47:33,810 [INFO] ThirdParty:790 - exiting critical section [close project]
2021-02-14 15:47:33,813 [INFO] PinOutPanel:1418 - setPackage(No Configuration,No Configuration)
2021-02-14 15:47:33,813 [FATAL] Updater:282 - Updater called before beeing initialized
2021-02-14 15:47:33,819 [ERROR] Updater:967 - MainUpdater not yet initialized. External WinMGr cannot be set.
2021-02-14 15:47:33,820 [INFO] CubeProgrammer:457 - [DDR PANEL] - PathOfProgrammer: C:\ST\STM32CubeIDE_1.4.0\STM32CubeIDE\plugins\com.st.stm32cube.ide.mcu.externaltools.cubeprogrammer.win32_1.4.0.202007081208\tools\bin
2021-02-14 15:47:33,823 [INFO] ProgrammerExecThread:148 - [ProgrammerAPI] CubeProgrammer command construction: C:\ST\STM32CubeIDE_1.4.0\STM32CubeIDE\plugins\com.st.stm32cube.ide.mcu.externaltools.cubeprogrammer.win32_1.4.0.202007081208\tools\bin\STM32_Programmer_CLI.exe -l
2021-02-14 15:47:34,125 [INFO] MainDdrPanel:49 - [DDR PANEL] SETTER - Set cubeProgrammerPath to: C:\ST\STM32CubeIDE_1.4.0\STM32CubeIDE\plugins\com.st.stm32cube.ide.mcu.externaltools.cubeprogrammer.win32_1.4.0.202007081208\tools\bin
2021-02-14 15:47:34,147 [INFO] Updater:904 - Updater Version found : 6.0.1
2021-02-14 15:47:34,164 [INFO] ApplicationProperties:181 - Using Application install path: C:\ST\STM32CubeIDE_1.4.0\STM32CubeIDE\plugins\com.st.stm32cube.common.mx_6.0.1.202008101643
2021-02-14 15:47:34,274 [INFO] MainUpdater:463 - Copy updater definitions from MX database
2021-02-14 15:47:34,554 [INFO] MainUpdater:2268 - connection check result : 10
2021-02-14 15:47:34,555 [INFO] MainUpdater:2935 - Updater definition file requires update
2021-02-14 15:47:34,559 [INFO] MainUpdater:239 - Updater Check For Update Now.
2021-02-14 15:47:34,560 [INFO] MicroXplorer:414 - Change Database Version : DB.6.0.0
2021-02-14 15:47:34,605 [INFO] ServerAccessManage:348 - Download File updaters.zip
2021-02-14 15:47:35,577 [INFO] FileExtend:225 - Unzip File : updaters.zip
2021-02-14 15:47:35,577 [INFO] FileExtend:240 - Standard Zip Deflate
2021-02-14 15:47:35,972 [INFO] ServerAccessManage:348 - Download File PacksControlFlags.xml
2021-02-14 15:47:36,369 [INFO] ServerAccessManage:348 - Download File cubemx.pidx
2021-02-14 15:47:37,030 [INFO] ServerAccessManage:348 - Download File STMicroelectronics.X-CUBE-SUBG2.pdsc
2021-02-14 15:47:37,207 [WARN] IntegrityCheckThread:61 - waiting for thirdparty lock release [integrity check]
2021-02-14 15:47:37,207 [INFO] IntegrityCheckThread:63 - entering critical section [integrity check]
2021-02-14 15:47:37,207 [WARN] MainUpdater:1087 - Updater busy. Cannot search thirdparties
2021-02-14 15:47:37,541 [INFO] CheckServerUpdateThread:102 - End of CheckServer Thread
2021-02-14 15:47:37,605 [INFO] MainUpdater:2268 - connection check result : 10
2021-02-14 15:47:37,686 [INFO] ThirdPartyDb:299 - Save Third Party DataBase File (C:/Users/evers/.stm32cubemx/plugins/thirdparty/db/thirdparties_db.xml) [forced]
2021-02-14 15:47:37,775 [INFO] PopulateThirdPartyThread:50 - Ending populate Thread
2021-02-14 15:47:37,775 [INFO] ThirdPartyDb:299 - Save Third Party DataBase File (C:/Users/evers/.stm32cubemx/plugins/thirdparty/db/thirdparties_db.xml) [forced]
2021-02-14 15:47:37,819 [INFO] Engine:289 - softwarePackList size : 33
2021-02-14 15:47:37,835 [INFO] Engine:301 - compute dependency for SwPack X-CUBE-AI have been done, and update is requested
2021-02-14 15:47:37,864 [INFO] Engine:301 - compute dependency for SwPack X-CUBE-BLE1 have been done, and update is requested
2021-02-14 15:47:37,888 [INFO] Engine:301 - compute dependency for SwPack X-CUBE-BLE2 have been done, and update is requested
2021-02-14 15:47:37,899 [INFO] ServerAccessManage:348 - Download File mcusDocs.json._tmp_
2021-02-14 15:47:37,905 [INFO] Engine:301 - compute dependency for SwPack X-CUBE-DISPLAY have been done, and update is requested
2021-02-14 15:47:37,935 [INFO] Engine:301 - compute dependency for SwPack X-CUBE-GNSS1 have been done, and update is requested
2021-02-14 15:47:38,397 [INFO] LoadUrlFilesThread:135 - End of LoadUrlFiles Thread
2021-02-14 15:47:38,599 [INFO] Engine:301 - compute dependency for SwPack X-CUBE-MEMS1 have been done, and update is requested
2021-02-14 15:47:38,622 [INFO] Engine:301 - compute dependency for SwPack X-CUBE-NFC4 have been done, and update is requested
2021-02-14 15:47:38,640 [INFO] Engine:301 - compute dependency for SwPack X-CUBE-SUBG2 have been done, and update is requested
2021-02-14 15:47:38,653 [INFO] Engine:305 - compute dependency for SwPack X-CUBE-TOUCHGFX have been done, no update is requested
2021-02-14 15:47:38,657 [INFO] Engine:301 - compute dependency for SwPack X-CUBE-ALGOBUILD have been done, and update is requested
2021-02-14 15:47:38,667 [INFO] Engine:305 - compute dependency for SwPack FreeRTOS have been done, no update is requested
2021-02-14 15:47:38,667 [INFO] Engine:305 - compute dependency for SwPack lwIP have been done, no update is requested
2021-02-14 15:47:38,667 [INFO] Engine:305 - compute dependency for SwPack lwIP have been done, no update is requested
2021-02-14 15:47:38,667 [INFO] Engine:305 - compute dependency for SwPack MBEDTLS have been done, no update is requested
2021-02-14 15:47:38,668 [INFO] Engine:305 - compute dependency for SwPack MBEDTLS have been done, no update is requested
2021-02-14 15:47:38,668 [INFO] Engine:305 - compute dependency for SwPack PDM2PCM have been done, no update is requested
2021-02-14 15:47:38,668 [INFO] Engine:305 - compute dependency for SwPack PDM2PCM have been done, no update is requested
2021-02-14 15:47:38,668 [INFO] Engine:305 - compute dependency for SwPack PDM2PCM have been done, no update is requested
2021-02-14 15:47:38,677 [INFO] Engine:305 - compute dependency for SwPack USB_DEVICE have been done, no update is requested
2021-02-14 15:47:38,678 [INFO] Engine:305 - compute dependency for SwPack USB_DEVICE have been done, no update is requested
2021-02-14 15:47:38,678 [INFO] Engine:305 - compute dependency for SwPack USB_DEVICE have been done, no update is requested
2021-02-14 15:47:38,685 [INFO] Engine:305 - compute dependency for SwPack USB_HOST have been done, no update is requested
2021-02-14 15:47:38,686 [INFO] Engine:305 - compute dependency for SwPack USB_HOST have been done, no update is requested
2021-02-14 15:47:38,689 [INFO] Engine:301 - compute dependency for SwPack X-CUBE-BLE1 have been done, and update is requested
2021-02-14 15:47:38,702 [INFO] Engine:301 - compute dependency for SwPack X-CUBE-BLE2 have been done, and update is requested
2021-02-14 15:47:38,756 [INFO] Engine:301 - compute dependency for SwPack X-CUBE-EEPRMA1 have been done, and update is requested
2021-02-14 15:47:38,773 [INFO] Engine:301 - compute dependency for SwPack X-CUBE-GNSS1 have been done, and update is requested
2021-02-14 15:47:38,986 [INFO] ServerAccessManage:348 - Download File mcusFeaturesAndDescription.json._tmp_
2021-02-14 15:47:39,215 [INFO] Engine:301 - compute dependency for SwPack X-CUBE-MEMS1 have been done, and update is requested
2021-02-14 15:47:39,227 [INFO] Engine:301 - compute dependency for SwPack X-CUBE-NFC4 have been done, and update is requested
2021-02-14 15:47:39,239 [INFO] Engine:301 - compute dependency for SwPack X-CUBE-SFXS2LP1 have been done, and update is requested
2021-02-14 15:47:39,268 [INFO] Engine:301 - compute dependency for SwPack X-CUBE-SUBG2 have been done, and update is requested
2021-02-14 15:47:39,278 [INFO] Engine:305 - compute dependency for SwPack X-CUBE-TOUCHGFX have been done, no update is requested
2021-02-14 15:47:39,300 [INFO] Engine:301 - compute dependency for SwPack X-CUBE-SUBG2 have been done, and update is requested
2021-02-14 15:47:39,307 [INFO] ThirdPartyDb:299 - Save Third Party DataBase File (C:/Users/evers/.stm32cubemx/plugins/thirdparty/db/thirdparties_db.xml) [forced]
2021-02-14 15:47:39,338 [INFO] LoadServerUpdatesThread:309 - End of LoadServerUpdate Thread
2021-02-14 15:47:40,208 [WARN] MainUpdater:1087 - Updater busy. Cannot search thirdparties
2021-02-14 15:47:43,208 [WARN] MainUpdater:1087 - Updater busy. Cannot search thirdparties
2021-02-14 15:47:46,209 [WARN] MainUpdater:1087 - Updater busy. Cannot search thirdparties
2021-02-14 15:47:49,209 [WARN] MainUpdater:1087 - Updater busy. Cannot search thirdparties
2021-02-14 15:47:52,210 [WARN] MainUpdater:1087 - Updater busy. Cannot search thirdparties
2021-02-14 15:47:54,249 [INFO] LoadUrlFilesThread:135 - End of LoadUrlFiles Thread
2021-02-14 15:47:54,342 [INFO] ServerAccessManage:348 - Download File boardsDocs.json._tmp_
2021-02-14 15:47:55,212 [WARN] MainUpdater:1087 - Updater busy. Cannot search thirdparties
2021-02-14 15:47:55,222 [INFO] LoadUrlFilesThread:135 - End of LoadUrlFiles Thread
2021-02-14 15:47:55,317 [INFO] ServerAccessManage:348 - Download File boards.json._tmp_
2021-02-14 15:47:55,964 [INFO] LoadUrlFilesThread:135 - End of LoadUrlFiles Thread
2021-02-14 15:47:56,020 [INFO] ServerAccessManage:348 - Download File cube-finder-db.zip
2021-02-14 15:47:58,213 [WARN] MainUpdater:1087 - Updater busy. Cannot search thirdparties
2021-02-14 15:48:01,214 [WARN] MainUpdater:1087 - Updater busy. Cannot search thirdparties
2021-02-14 15:48:04,215 [WARN] MainUpdater:1087 - Updater busy. Cannot search thirdparties
2021-02-14 15:48:07,215 [WARN] MainUpdater:1087 - Updater busy. Cannot search thirdparties
2021-02-14 15:48:10,216 [WARN] MainUpdater:1087 - Updater busy. Cannot search thirdparties
2021-02-14 15:48:13,216 [WARN] MainUpdater:1087 - Updater busy. Cannot search thirdparties
2021-02-14 15:48:16,218 [WARN] MainUpdater:1087 - Updater busy. Cannot search thirdparties
2021-02-14 15:48:19,219 [WARN] MainUpdater:1087 - Updater busy. Cannot search thirdparties
2021-02-14 15:48:22,220 [ERROR] IntegrityCheckThread:67 - Unexpected exception IntegrityCheckThread Thread:
2021-02-14 15:48:22,221 [ERROR] IntegrityCheckThread:70 - java.lang.Exception: Updater error
	at com.st.microxplorer.plugins.thirdparty.engine.IntegrityCheckThread.getUpdaterThirdPartyList(IntegrityCheckThread.java:296)
	at com.st.microxplorer.plugins.thirdparty.engine.IntegrityCheckThread.runProcess(IntegrityCheckThread.java:84)
	at com.st.microxplorer.plugins.thirdparty.engine.IntegrityCheckThread.run(IntegrityCheckThread.java:65)

2021-02-14 15:48:22,222 [INFO] ThirdPartyDb:299 - Save Third Party DataBase File (C:/Users/evers/.stm32cubemx/plugins/thirdparty/db/thirdparties_db.xml) [forced]
2021-02-14 15:48:22,259 [INFO] IntegrityCheckThread:76 - exiting critical section [integrity check]
2021-02-14 15:48:22,260 [INFO] IntegrityCheckThread:79 - End integrity checks thread
2021-02-14 15:48:28,072 [INFO] FileExtend:225 - Unzip File : cube-finder-db.zip
2021-02-14 15:48:28,078 [INFO] FileExtend:240 - Standard Zip Deflate
2021-02-14 15:48:28,511 [INFO] LoadUrlFilesThread:135 - End of LoadUrlFiles Thread
2021-02-14 15:48:28,670 [INFO] ServerAccessManage:348 - Download File crdb.zip
2021-02-14 15:48:29,588 [INFO] FileExtend:225 - Unzip File : crdb.zip
2021-02-14 15:48:29,593 [INFO] FileExtend:240 - Standard Zip Deflate
2021-02-14 15:48:29,644 [INFO] LoadUrlFilesThread:135 - End of LoadUrlFiles Thread
2021-02-14 15:48:29,684 [INFO] ServerAccessManage:348 - Download File tutoVideoDB.zip
2021-02-14 15:48:29,887 [INFO] FileExtend:225 - Unzip File : tutoVideoDB.zip
2021-02-14 15:48:29,893 [INFO] FileExtend:240 - Standard Zip Deflate
2021-02-14 15:48:29,927 [INFO] LoadUrlFilesThread:135 - End of LoadUrlFiles Thread
2021-02-14 15:48:29,952 [INFO] DbMcusDocs:145 - JSON generation date=Mon Feb 08 14:35:07 CET 2021 (1612791307)
2021-02-14 15:48:29,953 [INFO] DbMcusXml:100 - Load MCU database from C:\ST\STM32CubeIDE_1.4.0\STM32CubeIDE\plugins\com.st.stm32cube.common.mx_6.0.1.202008101643\\db\/mcu/families.xml
2021-02-14 15:48:30,568 [INFO] DbMcusJson:92 - JSON generation date=Mon Feb 08 14:35:07 CET 2021 (1612791307)
2021-02-14 15:48:31,666 [INFO] DbMcus:175 - Found 1761 MCUs (1722 are supported by CubeMX, 1752 are visible in CubeMX)
2021-02-14 15:48:31,667 [INFO] ApiDb:201 - Load user favorites file C:\Users\evers/.stm32cubemx/favorites.mcus.txt: 0 item(s)
2021-02-14 15:48:31,667 [INFO] ApiDb:205 - User favorites MCUs=[]
2021-02-14 15:48:31,667 [INFO] DbMcus:187 - Set 0 / 0 favorites MCUs
2021-02-14 15:48:32,264 [INFO] DbMcusDocs:81 - Found 617 MCUs documents
2021-02-14 15:48:32,266 [INFO] ApiDb:226 - Save user favorites file C:\Users\evers/.stm32cubemx/favorites.mcus.txt: 0 item(s)
2021-02-14 15:48:32,267 [INFO] ApiDb:230 - User favorites MCUs=[]
2021-02-14 15:48:32,267 [INFO] DbMcusXml:100 - Load MCU database from C:\ST\STM32CubeIDE_1.4.0\STM32CubeIDE\plugins\com.st.stm32cube.common.mx_6.0.1.202008101643\\db\/mcu/families.xml
2021-02-14 15:48:32,796 [INFO] DbMcusJson:92 - JSON generation date=Mon Feb 08 14:35:07 CET 2021 (1612791307)
2021-02-14 15:48:33,426 [INFO] DbMcus:175 - Found 1761 MCUs (1722 are supported by CubeMX, 1752 are visible in CubeMX)
2021-02-14 15:48:33,426 [INFO] ApiDb:201 - Load user favorites file C:\Users\evers/.stm32cubemx/favorites.mcus.txt: 0 item(s)
2021-02-14 15:48:33,426 [INFO] ApiDb:205 - User favorites MCUs=[]
2021-02-14 15:48:33,427 [INFO] DbMcus:187 - Set 0 / 0 favorites MCUs
2021-02-14 15:48:33,461 [INFO] DbBoardsDocs:145 - JSON generation date=Mon Feb 08 14:35:07 CET 2021 (1612791307)
2021-02-14 15:48:33,492 [INFO] DbBoardsPdsc:94 - Found 23 items
2021-02-14 15:48:33,502 [INFO] DbBoardsPdsc:94 - Found 9 items
2021-02-14 15:48:33,507 [INFO] DbBoardsPdsc:94 - Found 29 items
2021-02-14 15:48:33,509 [INFO] DbBoardsPdsc:94 - Found 1 items
2021-02-14 15:48:33,517 [INFO] DbBoardsPdsc:94 - Found 44 items
2021-02-14 15:48:33,525 [INFO] DbBoardsPdsc:94 - Found 40 items
2021-02-14 15:48:33,528 [INFO] DbBoardsPdsc:94 - Found 2 items
2021-02-14 15:48:33,533 [INFO] DbBoardsPdsc:94 - Found 4 items
2021-02-14 15:48:33,540 [WARN] DbBoardsPdsc:258 - Board STM32H7B3I-DK: unknown feature type=Audio, name=, username=Audio stereo codec with Headphone Amp (CS42L51-CNZ), n=1
2021-02-14 15:48:33,541 [WARN] DbBoardsPdsc:258 - Board STM32H735G-DK: unknown feature type=Audio, name=, username=Audio stereo codec with Headphone Amp (WM8994ECS/R), n=1
2021-02-14 15:48:33,542 [WARN] DbBoardsPdsc:258 - Board STM32H7B3I-EVAL: unknown feature type=Audio, name=, username=Multi-Channel Audio Codec (CS42L51-CNZ), n=1
2021-02-14 15:48:33,543 [WARN] DbBoardsPdsc:258 - Board STM32H7B3I-EVAL: unknown feature type=Meter, name=, username=Power-metering and Temperature-monitoring with sigma-delta modulators, n=1
2021-02-14 15:48:33,543 [WARN] DbBoardsPdsc:258 - Board STM32H7B3I-EVAL: unknown feature type=Motor, name=, username=Motor Control, n=1
2021-02-14 15:48:33,557 [INFO] DbBoardsJson:85 - JSON generation date=Thu Feb 04 17:53:45 CET 2021 (1612457625)
2021-02-14 15:48:33,565 [INFO] DbBoards:117 - Found 154 boards (149 are supported by CubeMX)
2021-02-14 15:48:33,575 [INFO] DbBoardsDocs:145 - JSON generation date=Mon Feb 08 14:35:07 CET 2021 (1612791307)
2021-02-14 15:48:33,603 [INFO] DbBoardsDocs:81 - Found 193 boards documents
2021-02-14 15:48:33,606 [WARN] DbBoards:127 - board B-L462E-CELL1 has no document id list !
2021-02-14 15:48:33,606 [WARN] DbBoards:127 - board B-L475E-IOT01A2 has no document id list !
2021-02-14 15:48:33,609 [WARN] DbBoards:127 - board NUCLEO-H743ZI2 has no document id list !
2021-02-14 15:48:33,610 [WARN] DbBoards:127 - board NUCLEO-WB55RG has no document id list !
2021-02-14 15:48:33,611 [WARN] DbBoards:127 - board P-NUCLEO-WB55-Nucleo has no document id list !
2021-02-14 15:48:33,611 [WARN] DbBoards:127 - board P-NUCLEO-WB55-USBDongle has no document id list !
2021-02-14 15:48:33,611 [WARN] DbBoards:127 - board STEVAL-BFA001V1B has no document id list !
2021-02-14 15:48:33,611 [WARN] DbBoards:127 - board STEVAL-BFA001V2B has no document id list !
2021-02-14 15:48:33,611 [WARN] DbBoards:127 - board STEVAL-IDP005V1 has no document id list !
2021-02-14 15:48:33,611 [WARN] DbBoards:127 - board STEVAL-IDP005V2 has no document id list !
2021-02-14 15:48:33,611 [WARN] DbBoards:127 - board STEVAL-MKSBOX1V1 has no document id list !
2021-02-14 15:48:33,612 [WARN] DbBoards:127 - board STEVAL-STWINKT1 has no document id list !
2021-02-14 15:48:33,612 [WARN] DbBoards:127 - board STEVAL-STWINKT1B has no document id list !
2021-02-14 15:48:33,613 [WARN] DbBoards:127 - board STM32F401C-DISCO has no document id list !
2021-02-14 15:48:33,614 [WARN] DbBoards:127 - board STM32F769I-DISC1 has no document id list !
2021-02-14 15:48:33,614 [WARN] DbBoards:127 - board STM32G474E-EVAL1 has no document id list !
2021-02-14 15:48:33,615 [WARN] DbBoards:127 - board STM32H743I-EVAL2 has no document id list !
2021-02-14 15:48:33,615 [WARN] DbBoards:127 - board STM32H747I-DISC1 has no document id list !
2021-02-14 15:48:33,616 [WARN] DbBoards:127 - board STM32H753I-EVAL2 has no document id list !
2021-02-14 15:48:33,616 [WARN] DbBoards:127 - board STM32L-DISCOVERY has no document id list !
2021-02-14 15:48:33,617 [WARN] DbBoards:127 - board STM32MP157A-DK1 has no document id list !
2021-02-14 15:48:33,618 [WARN] DbBoards:127 - board STM32MP157F-EV1 has no document id list !
2021-02-14 15:48:33,741 [ERROR] DbBoards:192 - No image file URL for board B-L462E-CELL1
2021-02-14 15:48:34,098 [ERROR] DbBoards:189 - Image file not found for board NUCLEO-WL55JC: C:\ST\STM32CubeIDE_1.4.0\STM32CubeIDE\plugins\com.st.stm32cube.common.mx_6.0.1.202008101643\\db\/plugins/mcufinder/images/boards/nucleo-wl55jc-small.jpg
2021-02-14 15:48:34,283 [ERROR] DbBoards:189 - Image file not found for board STEVAL-STWINKT1B: C:\ST\STM32CubeIDE_1.4.0\STM32CubeIDE\plugins\com.st.stm32cube.common.mx_6.0.1.202008101643\\db\/plugins/mcufinder/images/boards/steval-stwinkt1b_small.jpg
2021-02-14 15:48:34,842 [ERROR] DbBoards:189 - Image file not found for board STM32H7B3I-EVAL: C:\ST\STM32CubeIDE_1.4.0\STM32CubeIDE\plugins\com.st.stm32cube.common.mx_6.0.1.202008101643\\db\/plugins/mcufinder/images/boards/stm32h7b3ieval_small.jpg
2021-02-14 15:48:35,098 [INFO] ApiDb:201 - Load user favorites file C:\Users\evers/.stm32cubemx/favorites.boards.txt: 1 item(s)
2021-02-14 15:48:35,098 [INFO] ApiDb:205 - User favorites Boards=[NUCLEO-L476RG]
2021-02-14 15:48:35,099 [INFO] DbBoards:206 - Set 1 / 1 favorites Boards
2021-02-14 15:48:35,108 [INFO] DbBoardsDocs:81 - Found 386 boards documents
2021-02-14 15:48:35,109 [INFO] ApiDb:226 - Save user favorites file C:\Users\evers/.stm32cubemx/favorites.boards.txt: 1 item(s)
2021-02-14 15:48:35,109 [INFO] ApiDb:230 - User favorites Boards=[NUCLEO-L476RG]
2021-02-14 15:48:35,113 [INFO] DbBoardsPdsc:94 - Found 23 items
2021-02-14 15:48:35,115 [INFO] DbBoardsPdsc:94 - Found 9 items
2021-02-14 15:48:35,118 [INFO] DbBoardsPdsc:94 - Found 29 items
2021-02-14 15:48:35,120 [INFO] DbBoardsPdsc:94 - Found 1 items
2021-02-14 15:48:35,127 [INFO] DbBoardsPdsc:94 - Found 44 items
2021-02-14 15:48:35,134 [INFO] DbBoardsPdsc:94 - Found 40 items
2021-02-14 15:48:35,136 [INFO] DbBoardsPdsc:94 - Found 2 items
2021-02-14 15:48:35,138 [INFO] DbBoardsPdsc:94 - Found 4 items
2021-02-14 15:48:35,141 [WARN] DbBoardsPdsc:258 - Board STM32H7B3I-DK: unknown feature type=Audio, name=, username=Audio stereo codec with Headphone Amp (CS42L51-CNZ), n=1
2021-02-14 15:48:35,141 [WARN] DbBoardsPdsc:258 - Board STM32H735G-DK: unknown feature type=Audio, name=, username=Audio stereo codec with Headphone Amp (WM8994ECS/R), n=1
2021-02-14 15:48:35,142 [WARN] DbBoardsPdsc:258 - Board STM32H7B3I-EVAL: unknown feature type=Audio, name=, username=Multi-Channel Audio Codec (CS42L51-CNZ), n=1
2021-02-14 15:48:35,143 [WARN] DbBoardsPdsc:258 - Board STM32H7B3I-EVAL: unknown feature type=Meter, name=, username=Power-metering and Temperature-monitoring with sigma-delta modulators, n=1
2021-02-14 15:48:35,143 [WARN] DbBoardsPdsc:258 - Board STM32H7B3I-EVAL: unknown feature type=Motor, name=, username=Motor Control, n=1
2021-02-14 15:48:35,154 [INFO] DbBoardsJson:85 - JSON generation date=Thu Feb 04 17:53:45 CET 2021 (1612457625)
2021-02-14 15:48:35,158 [INFO] DbBoards:117 - Found 154 boards (149 are supported by CubeMX)
2021-02-14 15:48:35,159 [WARN] DbBoards:127 - board B-L462E-CELL1 has no document id list !
2021-02-14 15:48:35,159 [WARN] DbBoards:127 - board B-L475E-IOT01A2 has no document id list !
2021-02-14 15:48:35,161 [WARN] DbBoards:127 - board NUCLEO-H743ZI2 has no document id list !
2021-02-14 15:48:35,162 [WARN] DbBoards:127 - board NUCLEO-WB55RG has no document id list !
2021-02-14 15:48:35,163 [WARN] DbBoards:127 - board P-NUCLEO-WB55-Nucleo has no document id list !
2021-02-14 15:48:35,163 [WARN] DbBoards:127 - board P-NUCLEO-WB55-USBDongle has no document id list !
2021-02-14 15:48:35,163 [WARN] DbBoards:127 - board STEVAL-BFA001V1B has no document id list !
2021-02-14 15:48:35,163 [WARN] DbBoards:127 - board STEVAL-BFA001V2B has no document id list !
2021-02-14 15:48:35,164 [WARN] DbBoards:127 - board STEVAL-IDP005V1 has no document id list !
2021-02-14 15:48:35,164 [WARN] DbBoards:127 - board STEVAL-IDP005V2 has no document id list !
2021-02-14 15:48:35,164 [WARN] DbBoards:127 - board STEVAL-MKSBOX1V1 has no document id list !
2021-02-14 15:48:35,164 [WARN] DbBoards:127 - board STEVAL-STWINKT1 has no document id list !
2021-02-14 15:48:35,164 [WARN] DbBoards:127 - board STEVAL-STWINKT1B has no document id list !
2021-02-14 15:48:35,165 [WARN] DbBoards:127 - board STM32F401C-DISCO has no document id list !
2021-02-14 15:48:35,166 [WARN] DbBoards:127 - board STM32F769I-DISC1 has no document id list !
2021-02-14 15:48:35,167 [WARN] DbBoards:127 - board STM32G474E-EVAL1 has no document id list !
2021-02-14 15:48:35,167 [WARN] DbBoards:127 - board STM32H743I-EVAL2 has no document id list !
2021-02-14 15:48:35,167 [WARN] DbBoards:127 - board STM32H747I-DISC1 has no document id list !
2021-02-14 15:48:35,168 [WARN] DbBoards:127 - board STM32H753I-EVAL2 has no document id list !
2021-02-14 15:48:35,168 [WARN] DbBoards:127 - board STM32L-DISCOVERY has no document id list !
2021-02-14 15:48:35,169 [WARN] DbBoards:127 - board STM32MP157A-DK1 has no document id list !
2021-02-14 15:48:35,170 [WARN] DbBoards:127 - board STM32MP157F-EV1 has no document id list !
2021-02-14 15:48:35,211 [ERROR] DbBoards:192 - No image file URL for board B-L462E-CELL1
2021-02-14 15:48:35,515 [ERROR] DbBoards:189 - Image file not found for board NUCLEO-WL55JC: C:\ST\STM32CubeIDE_1.4.0\STM32CubeIDE\plugins\com.st.stm32cube.common.mx_6.0.1.202008101643\\db\/plugins/mcufinder/images/boards/nucleo-wl55jc-small.jpg
2021-02-14 15:48:35,616 [ERROR] DbBoards:189 - Image file not found for board STEVAL-STWINKT1B: C:\ST\STM32CubeIDE_1.4.0\STM32CubeIDE\plugins\com.st.stm32cube.common.mx_6.0.1.202008101643\\db\/plugins/mcufinder/images/boards/steval-stwinkt1b_small.jpg
2021-02-14 15:48:35,883 [ERROR] DbBoards:189 - Image file not found for board STM32H7B3I-EVAL: C:\ST\STM32CubeIDE_1.4.0\STM32CubeIDE\plugins\com.st.stm32cube.common.mx_6.0.1.202008101643\\db\/plugins/mcufinder/images/boards/stm32h7b3ieval_small.jpg
2021-02-14 15:48:36,016 [INFO] ApiDb:201 - Load user favorites file C:\Users\evers/.stm32cubemx/favorites.boards.txt: 1 item(s)
2021-02-14 15:48:36,016 [INFO] ApiDb:205 - User favorites Boards=[NUCLEO-L476RG]
2021-02-14 15:48:36,016 [INFO] DbBoards:206 - Set 1 / 1 favorites Boards
2021-02-14 15:48:36,149 [INFO] DbExamplesSqlite:156 - SQLite db open (C:\Users\evers\.stmcufinder\plugins\mcufinder\mcu\cube-finder-db.db)
2021-02-14 15:48:36,645 [INFO] DbExamplesSqlite:447 - Ignored 0 examples not supported by CubeIDE
2021-02-14 15:48:36,645 [INFO] DbExamplesSqlite:448 - Found 4822 examples active
2021-02-14 15:48:36,645 [INFO] DbExamplesSqlite:449 - Found 130 examples obsolete
2021-02-14 15:48:36,646 [INFO] DbExamplesSqlite:450 - Found 0 examples under development
2021-02-14 15:48:36,646 [INFO] DbExamplesSqlite:451 - Found 71 examples not building
2021-02-14 15:48:36,663 [INFO] DbExamplesSqlite:130 - SQLite Data Model version=2.1
2021-02-14 15:48:36,663 [INFO] DbExamplesSqlite:131 - SQLite Configuration version=2.11
2021-02-14 15:48:36,663 [INFO] DbExamplesSqlite:132 - SQLite generation date=2020-11-16 (1605534434)
2021-02-14 15:48:36,663 [INFO] DbExamplesSqlite:133 - SQLite FW Pack versions=[STM32Cube_FW_F4_V1.25.2, STM32Cube_FW_F7_V1.16.0, STM32Cube_FW_G0_V1.4.0, STM32Cube_FW_G4_V1.3.0, STM32Cube_FW_H7_V1.8.0, STM32Cube_FW_L5_V1.3.1, STM32Cube_FW_WB_V1.10.0, STM32Cube_FW_WL_V1.0.0]
2021-02-14 15:48:36,664 [INFO] DbExamples:123 - Found 4893 examples
2021-02-14 15:48:37,179 [ERROR] DbExamples:199 - Found 437 examples with invalid data (board or MCU)
2021-02-14 15:48:37,180 [INFO] DbExamples:215 - Found 57 boards with related examples
2021-02-14 15:48:37,192 [INFO] DbExamples:228 - Found 45 MCUs with related examples
2021-02-14 15:48:37,210 [INFO] ApiDb:201 - Load user favorites file C:\Users\evers/.stm32cubemx/favorites.examples.txt: 0 item(s)
2021-02-14 15:48:37,210 [INFO] ApiDb:205 - User favorites Examples=[]
2021-02-14 15:48:37,210 [INFO] DbExamples:249 - Set 0 / 0 favorites Examples
2021-02-14 15:48:37,358 [INFO] McuFinderGlobals:40 - Set McuFinder mode to 2 (CubeIDE integrated)
2021-02-14 15:48:37,500 [INFO] CrossSelectorPresenter:1330 - Cross Selector saved comparison directory: C:\Users\evers\.stmcufinder\plugins\mcufinder\mcu\cs_comparisons_mx
2021-02-14 15:48:37,507 [INFO] MultiScanPanel:193 - Auto-refresh data requested => check proxy status ongoing
2021-02-14 15:48:37,510 [INFO] FinderPluginLoader:87 - Searching for filters in installed packs
2021-02-14 15:48:37,975 [INFO] LoadUrlFilesThread:162 - End of LoadServerUrlFiles without Thread
2021-02-14 15:48:38,038 [INFO] DetailPanel:331 - Set advertising image to C:/Users/evers/STM32Cube/Repository/\stm32cubemx-promo_image.jpg
2021-02-14 15:48:38,516 [INFO] McuFilterPanel:245 - Update 0 favorites MCUs
2021-02-14 15:50:33,021 [INFO] MultiScanPanel:193 - Auto-refresh data requested => check proxy status ongoing
2021-02-14 15:50:33,088 [INFO] LoadUrlFilesThread:162 - End of LoadServerUrlFiles without Thread
2021-02-14 15:50:33,089 [INFO] DetailPanel:331 - Set advertising image to C:/Users/evers/STM32Cube/Repository/\stm32cubemx-promo_image.jpg
2021-02-14 15:50:33,113 [INFO] BoardFilterPanel:214 - Update 1 favorites Boards
2021-02-14 15:51:17,895 [INFO] LogOutputStream:76 - [STDOUT_REDIRECT] withoutVersionV1.16.0
2021-02-14 15:51:50,428 [INFO] MainUpdater:2268 - connection check result : 10
2021-02-14 15:51:50,429 [INFO] MainUpdater:2268 - connection check result : 10
2021-02-14 15:51:50,458 [INFO] MicroXplorer:384 - Change Database Path : 
2021-02-14 15:51:50,459 [INFO] MicroXplorer:414 - Change Database Version : DB.6.0.0
2021-02-14 15:51:50,460 [WARN] ThirdParty:775 - waiting for thirdparty lock release [close project]
2021-02-14 15:51:50,460 [INFO] ThirdParty:777 - entering critical section [close project]
2021-02-14 15:51:50,460 [INFO] ThirdParty:790 - exiting critical section [close project]
2021-02-14 15:51:50,463 [INFO] PinOutPanel:1418 - setPackage(No Configuration,No Configuration)
2021-02-14 15:51:50,464 [INFO] UtilMem:74 - Begin LoadConfig() Used Memory: 692117280 Bytes (824180736)
2021-02-14 15:51:50,465 [INFO] OpenFileManager:274 - Change cursor
2021-02-14 15:51:53,683 [INFO] Rule:211 - rule SPDIFRX instance for mcu is applicable
2021-02-14 15:51:53,684 [INFO] Rule:211 - rule Rename Tracer Mode is applicable
2021-02-14 15:51:53,684 [INFO] Rule:211 - rule SPDIFRX instance value for IP SPDIFRX is applicable
2021-02-14 15:51:53,684 [INFO] Rule:211 - rule SPDIFRX instance for signal is applicable
2021-02-14 15:51:53,684 [INFO] Rule:211 - rule SPDIFRX instance for project manager is applicable
2021-02-14 15:51:53,684 [INFO] Rule:211 - rule SPDIFRX instance for project manager is applicable
2021-02-14 15:51:53,684 [INFO] Rule:211 - rule ADC Scan  fix with FW F7 is applicable
2021-02-14 15:51:53,684 [INFO] Rule:211 - rule ADC Scan  fix with FW F7 is applicable
2021-02-14 15:51:53,684 [INFO] Rule:211 - rule Add RTC Activate Clock Source is applicable
2021-02-14 15:51:53,685 [INFO] Rule:211 - rule Add RTC Activate Calendar 1 is applicable
2021-02-14 15:51:53,685 [INFO] Rule:211 - rule Add RTC Activate Calendar 2 is applicable
2021-02-14 15:51:53,685 [INFO] Rule:211 - rule Add RTC Activate Calendar 3 is applicable
2021-02-14 15:51:53,685 [INFO] Rule:211 - rule UART/USART TX Mode is applicable
2021-02-14 15:51:53,685 [INFO] Rule:211 - rule UART/USART RX Mode is applicable
2021-02-14 15:51:53,685 [INFO] Rule:211 - rule UART/USART RX TX Mode is applicable
2021-02-14 15:51:53,685 [INFO] Rule:211 - rule UART/USART PARITY NONE is applicable
2021-02-14 15:51:53,685 [INFO] Rule:211 - rule UART/USART PARITY EVEN is applicable
2021-02-14 15:51:53,685 [INFO] Rule:211 - rule UART/USART PARITY ODD is applicable
2021-02-14 15:51:53,685 [INFO] Rule:211 - rule USART StopBits 1 is applicable
2021-02-14 15:51:53,685 [INFO] Rule:211 - rule USART StopBits 2 is applicable
2021-02-14 15:51:53,685 [INFO] Rule:211 - rule USART StopBits 1.5 is applicable
2021-02-14 15:51:53,685 [INFO] Rule:211 - rule USART StopBits 0.5 is applicable
2021-02-14 15:51:53,685 [INFO] Rule:211 - rule UART/USART WORD LENGTH 7 is applicable
2021-02-14 15:51:53,685 [INFO] Rule:211 - rule UART/USART WORD LENGTH 8 is applicable
2021-02-14 15:51:53,686 [INFO] Rule:211 - rule UART/USART WORD LENGTH 9 is applicable
2021-02-14 15:51:53,686 [INFO] Rule:211 - rule Rename FMC NAND NCE signal is applicable
2021-02-14 15:51:53,686 [INFO] Rule:211 - rule Rename FMC NAND INT signal is applicable
2021-02-14 15:51:53,686 [INFO] Rule:211 - rule Change Default Value for ADC ExternalTrigConv L4 family is applicable
2021-02-14 15:51:53,686 [INFO] Rule:211 - rule Change Default Value for ADC ExternalTrigInjecConv L4 family is applicable
2021-02-14 15:51:53,686 [INFO] Rule:211 - rule Change Default Value for ADC ExternalTrigConv F3 family is applicable
2021-02-14 15:51:53,686 [INFO] Rule:211 - rule Change Default Value for ADC ExternalTrigInjecConv F3 family is applicable
2021-02-14 15:51:53,686 [INFO] Rule:211 - rule Change Default Value for ADC ExternalTrigConv Goldfish serie is applicable
2021-02-14 15:51:53,686 [INFO] Rule:211 - rule Change Default Value for ADC ExternalTrigInjecConv Goldfish serie is applicable
2021-02-14 15:51:53,686 [INFO] Rule:211 - rule Change Default Value for ADC ExternalTrigConv L0 family is applicable
2021-02-14 15:51:53,686 [INFO] Rule:211 - rule Change Default Value for ADC ExternalTrigConv F0 family is applicable
2021-02-14 15:51:53,686 [INFO] Rule:211 - rule Change Default Value for ADC ExternalTrigConvn L1 family is applicable
2021-02-14 15:51:53,686 [INFO] Rule:211 - rule Change Default Value for ADC ExternalTrigInjecConv L1 family is applicable
2021-02-14 15:51:53,686 [INFO] Rule:211 - rule Change Default Value for ADC ExternalTrigConv F1 family is applicable
2021-02-14 15:51:53,687 [INFO] Rule:211 - rule Change Default Value for ADC ExternalTrigInjecConv F1 family is applicable
2021-02-14 15:51:53,687 [INFO] Rule:211 - rule Change Default Value for ADC ExternalTrigConv F7 family is applicable
2021-02-14 15:51:53,687 [INFO] Rule:211 - rule Change Default Value for ADC ExternalTrigInjecConv F7 family is applicable
2021-02-14 15:51:53,687 [INFO] Rule:211 - rule Change Default Value for ADC ExternalTrigConv F4 and F2 family is applicable
2021-02-14 15:51:53,687 [INFO] Rule:211 - rule Change Default Value for ADC ExternalTrigInjecConv F4 and F2 family is applicable
2021-02-14 15:51:53,687 [INFO] Rule:211 - rule ADC SamplingTime fix with FW L0  is applicable
2021-02-14 15:51:53,687 [INFO] Rule:211 - rule ADC SamplingTime fix with FW L0  is applicable
2021-02-14 15:51:53,687 [INFO] Rule:211 - rule ADC SamplingTime fix with FW L0 is applicable
2021-02-14 15:51:53,687 [INFO] Rule:211 - rule ADC SamplingTime fix with FW L0 is applicable
2021-02-14 15:51:53,687 [INFO] Rule:211 - rule ADC SamplingTime fix with FW L0  is applicable
2021-02-14 15:51:53,687 [INFO] Rule:211 - rule ADC SamplingTime fix with FW L0 is applicable
2021-02-14 15:51:53,687 [INFO] Rule:211 - rule Rename USB_OE Signal is applicable
2021-02-14 15:51:53,688 [INFO] Rule:211 - rule Rename Activate_OE Mode is applicable
2021-02-14 15:51:53,688 [INFO] Rule:211 - rule Rename DIE462/DIE415 pin PC14/OSC32_IN -> PC14-OSC32_IN (PC14) is applicable
2021-02-14 15:51:53,688 [INFO] Rule:211 - rule Rename DIE462/DIE415 pin PC15/OSC32_OUT -> PC15-OSC32_OUT (PC15) is applicable
2021-02-14 15:51:53,688 [INFO] Rule:211 - rule Rename DIE462/DIE415 pin PH0/OSC_IN -> PH0-OSC_IN (PH0) is applicable
2021-02-14 15:51:53,688 [INFO] Rule:211 - rule Rename DIE462/DIE415 pin PH1/OSC_OUT -> PH1-OSC_OUT (PH1) is applicable
2021-02-14 15:51:53,688 [INFO] Rule:211 - rule Rename DIE462 pin PA13 -> PA13 (JTMS/SWDIO) is applicable
2021-02-14 15:51:53,688 [INFO] Rule:211 - rule Rename DIE415 pin PA13 -> PA13 (JTMS/SWDIO) is applicable
2021-02-14 15:51:53,688 [INFO] Rule:211 - rule Rename DIE462 pin PA14 -> PA14 (JTCK/SWCLK) is applicable
2021-02-14 15:51:53,689 [INFO] Rule:211 - rule Rename DIE415 pin PA14 -> PA14 (JTCK/SWCLK) is applicable
2021-02-14 15:51:53,689 [INFO] Rule:211 - rule Rename DIE462/DIE415 pin PA15 -> PA15 (JTDI) is applicable
2021-02-14 15:51:53,689 [INFO] Rule:211 - rule Rename DIE462 pin PB3 -> PB3 (JTD0/TRACESWO) is applicable
2021-02-14 15:51:53,689 [INFO] Rule:211 - rule Rename DIE415 pin PB3 -> PB3 (JTD0-TRACESWO) is applicable
2021-02-14 15:51:53,689 [INFO] Rule:211 - rule Rename DIE462/DIE415 pin PB4 -> PB4 (NJTRST) is applicable
2021-02-14 15:51:53,689 [INFO] Rule:211 - rule Rename DIE462 pin PH3/BOOT0 -> PH3-BOOT0 (BOOT0) is applicable
2021-02-14 15:51:53,689 [INFO] Rule:211 - rule Rename CRYP DataEncryptionTypesList to Algorithm is applicable
2021-02-14 15:51:53,689 [INFO] Rule:211 - rule Rename AES DataEncryptionTypesList to Algorithm is applicable
2021-02-14 15:51:53,689 [INFO] Rule:211 - rule Rename TDESECB to CRYP_TDES_ECB is applicable
2021-02-14 15:51:53,689 [INFO] Rule:211 - rule Rename TDESCBC to CRYP_TDES_CBC is applicable
2021-02-14 15:51:53,689 [INFO] Rule:211 - rule Rename DESECB to CRYP_DES_ECB is applicable
2021-02-14 15:51:53,690 [INFO] Rule:211 - rule Rename DESCBC to CRYP_DES_CBC is applicable
2021-02-14 15:51:53,690 [INFO] Rule:211 - rule Rename AESECB to CRYP_AES_ECB is applicable
2021-02-14 15:51:53,690 [INFO] Rule:211 - rule Rename AESCBC to CRYP_AES_CBC is applicable
2021-02-14 15:51:53,690 [INFO] Rule:211 - rule Rename AESCTR to CRYP_AES_CTR is applicable
2021-02-14 15:51:53,690 [INFO] Rule:211 - rule Rename AESGCM to CRYP_AES_GCM is applicable
2021-02-14 15:51:53,690 [INFO] Rule:211 - rule Rename AESCCM to CRYP_AES_CCM is applicable
2021-02-14 15:51:53,690 [INFO] Rule:211 - rule Rename CAN TimeSeg1 to BS1 is applicable
2021-02-14 15:51:53,690 [INFO] Rule:211 - rule Rename CAN TimeSeg2 to BS2 is applicable
2021-02-14 15:51:53,690 [INFO] Rule:211 - rule Rename CAN SyncJumpWidth to SJW is applicable
2021-02-14 15:51:53,690 [INFO] Rule:211 - rule TimeTriggeredMode to TTCM is applicable
2021-02-14 15:51:53,690 [INFO] Rule:211 - rule Rename CAN AutoBusOff to ABOM is applicable
2021-02-14 15:51:53,691 [INFO] Rule:211 - rule Rename CAN AutoWakeUp to AWUM is applicable
2021-02-14 15:51:53,691 [INFO] Rule:211 - rule Rename CAN AutoRetransmission to NART is applicable
2021-02-14 15:51:53,691 [INFO] Rule:211 - rule Rename CAN ReceiveFifoLocked to RFLM is applicable
2021-02-14 15:51:53,691 [INFO] Rule:211 - rule Rename CAN TransmitFifoPriority to TXFP is applicable
2021-02-14 15:51:53,691 [INFO] Rule:211 - rule Rename HRTIMER HRTIM_OUTPUTFAULTLEVEL_HIGH in HRTIMER HRTIM_OUTPUTFAULTLEVEL_HIGHZ is applicable
2021-02-14 15:51:53,691 [INFO] Rule:211 - rule Rename TIMER TIM_CLEARINPUTSOURCE_OCREFCLR in  TIMER TIM_CLEARINPUTSOURCE_NONE for F7 family is applicable
2021-02-14 15:51:53,691 [INFO] Rule:211 - rule FDCAN_R1 - Rename FDCAN mode Master into Classic is applicable
2021-02-14 15:51:53,691 [INFO] Rule:211 - rule FDCAN_R2 - Rename FDCAN mode Slave into Classic is applicable
2021-02-14 15:51:53,691 [INFO] Rule:211 - rule FDCAN1_R3 - if PA10.Mode=FullDuplex, add Pin PA12 is applicable
2021-02-14 15:51:53,691 [INFO] Rule:211 - rule FDCAN1_R3 - if PA9.Mode=FullDuplex, add Pin PA11 is applicable
2021-02-14 15:51:53,691 [INFO] Rule:211 - rule FDCAN1_R3 - Alternatepin_1 - if PE1.Mode=FullDuplex, add Pin PB9 is applicable
2021-02-14 15:51:53,692 [INFO] Rule:211 - rule FDCAN1_R3 - Alternatepin_1 - if PE0.Mode=FullDuplex, add Pin PB8 is applicable
2021-02-14 15:51:53,692 [INFO] Rule:211 - rule FDCAN1_R3 - Alternatepin_2 - if PD5.Mode=FullDuplex, add Pin PD1 is applicable
2021-02-14 15:51:53,692 [INFO] Rule:211 - rule FDCAN1_R3 - Alternatepin_2 - if PD4.Mode=FullDuplex, add Pin PD0 is applicable
2021-02-14 15:51:53,692 [INFO] Rule:211 - rule FDCAN1_R4 - Rename Mode FullDuplex into Enable FDCAN_TXFD for pin PA10 is applicable
2021-02-14 15:51:53,692 [INFO] Rule:211 - rule FDCAN1_R4 - Rename Mode FullDuplex into Enable FDCAN_TXFD for pin PA9 is applicable
2021-02-14 15:51:53,692 [INFO] Rule:211 - rule FDCAN1_R4 - Alternatepin_1 - Rename Mode FullDuplex into Enable FDCAN_TXFD for pin PE1 is applicable
2021-02-14 15:51:53,692 [INFO] Rule:211 - rule FDCAN1_R4 - Alternatepin_1 - Rename Mode FullDuplex into Enable FDCAN_TXFD for pin PE0 is applicable
2021-02-14 15:51:53,692 [INFO] Rule:211 - rule FDCAN1_R4 - Alternatepin_2 - Rename Mode FullDuplex into Enable FDCAN_TXFD for pin PD5 is applicable
2021-02-14 15:51:53,692 [INFO] Rule:211 - rule FDCAN1_R4 - Alternatepin_2 - Rename Mode FullDuplex into Enable FDCAN_TXFD for pin PD4 is applicable
2021-02-14 15:51:53,692 [INFO] Rule:211 - rule FDCAN2_R3 - if PD10.Mode=FullDuplex, add Pin PB13 is applicable
2021-02-14 15:51:53,693 [INFO] Rule:211 - rule FDCAN2_R3 - if PD9.Mode=FullDuplex, add Pin PB12 is applicable
2021-02-14 15:51:53,693 [INFO] Rule:211 - rule FDCAN2_R3 - Alternatepin_1 - if PB7.Mode=FullDuplex, add Pin PB6 is applicable
2021-02-14 15:51:53,693 [INFO] Rule:211 - rule FDCAN2_R3 - Alternatepin_1 - if PD9.Mode=FullDuplex, add Pin PB12 is applicable
2021-02-14 15:51:53,693 [INFO] Rule:211 - rule FDCAN2_R4 - Rename Mode FullDuplex into Enable FDCAN_TXFD for pin PD10 is applicable
2021-02-14 15:51:53,693 [INFO] Rule:211 - rule FDCAN2_R4 - Rename Mode FullDuplex into Enable FDCAN_TXFD for pin PD9 is applicable
2021-02-14 15:51:53,693 [INFO] Rule:211 - rule FDCAN2_R4 - Alternatepin_1 - Rename Mode FullDuplex into Enable FDCAN_TXFD for pin PB7 is applicable
2021-02-14 15:51:53,693 [INFO] Rule:211 - rule FDCAN2_R4 - Alternatepin_1 - Rename Mode FullDuplex into Enable FDCAN_TXFD for pin PD6 is applicable
2021-02-14 15:51:53,693 [INFO] Rule:211 - rule USART TxPinLevelInvertParam Mode is applicable
2021-02-14 15:51:53,693 [INFO] Rule:211 - rule USART RxPinLevelInvertParam Mode is applicable
2021-02-14 15:51:53,693 [INFO] Rule:211 - rule USART DataInvertParam Mode is applicable
2021-02-14 15:51:53,694 [INFO] Rule:211 - rule USART SwapParam Mode is applicable
2021-02-14 15:51:53,694 [INFO] Rule:211 - rule USART OverrunDisableParam Mode is applicable
2021-02-14 15:51:53,694 [INFO] Rule:211 - rule USART DMADisableonRxErrorParam Mode is applicable
2021-02-14 15:51:53,694 [INFO] Rule:211 - rule USART MSBFirstParam Mode is applicable
2021-02-14 15:51:53,694 [INFO] Rule:211 - rule Update MwName for USB_DEVICE is applicable
2021-02-14 15:51:53,694 [INFO] Rule:211 - rule Change PWR_Regulator_Voltage_Scale Default Value for RCC  H7 family is applicable
2021-02-14 15:51:53,694 [INFO] Rule:211 - rule UART/USART IPParameter rename Prescaler parameter to ClockPrescaler is applicable
2021-02-14 15:51:53,694 [INFO] Rule:211 - rule UART/USART Prescaler rename Prescaler parameter to ClockPrescaler is applicable
2021-02-14 15:51:53,694 [INFO] Rule:211 - rule TIM1CLockSelection is applicable
2021-02-14 15:51:53,694 [INFO] Rule:211 - rule TIM15CLockSelection is applicable
2021-02-14 15:51:53,695 [INFO] Rule:211 - rule align RCC SDMMC3CLockSelection default value on MP1 is applicable
2021-02-14 15:51:53,695 [INFO] Rule:211 - rule align RCC SDMMC12CLockSelection default value on MP1 is applicable
2021-02-14 15:51:53,695 [INFO] Rule:211 - rule align RCC QSPICLockSelection default value on MP1 is applicable
2021-02-14 15:51:53,695 [INFO] Rule:211 - rule align RCC QSPICLockSelection default value on MP1 is applicable
2021-02-14 15:51:53,695 [INFO] Rule:211 - rule align RCC SPI6CLockSelection default value on MP1 is applicable
2021-02-14 15:51:53,695 [INFO] Rule:211 - rule align RCC LPTIM23CLockSelection default value on MP1 is applicable
2021-02-14 15:51:53,695 [INFO] Rule:211 - rule align RCC LPTIM1CLockSelection default value on MP1 is applicable
2021-02-14 15:51:53,695 [INFO] Rule:211 - rule align RCC USART1CLockSelection default value on MP1 is applicable
2021-02-14 15:51:53,695 [INFO] Rule:211 - rule align RCC USART24CLockSelection default value on MP1 is applicable
2021-02-14 15:51:53,695 [INFO] Rule:211 - rule align RCC USART6CLockSelection default value on MP1 is applicable
2021-02-14 15:51:53,695 [INFO] Rule:211 - rule align RCC UART78CLockSelection default value on MP1 is applicable
2021-02-14 15:51:53,696 [INFO] Rule:211 - rule align RCC USART35CLockSelection default value on MP1 is applicable
2021-02-14 15:51:53,696 [INFO] Rule:211 - rule align RCC SPI45CLockSelection default value on MP1 is applicable
2021-02-14 15:51:53,696 [INFO] Rule:211 - rule align RCC I2C46CLockSelection BCLK value on MP1 is applicable
2021-02-14 15:51:53,696 [INFO] Rule:211 - rule align RCC SPI45CLockSelection default value on MP1 is applicable
2021-02-14 15:51:53,696 [INFO] Rule:211 - rule align RCC I2C12CLockSelection default value on MP1 is applicable
2021-02-14 15:51:53,696 [INFO] Rule:211 - rule align RCC I2C35CLockSelection default value on MP1 is applicable
2021-02-14 15:51:53,696 [INFO] Rule:211 - rule align RCC LPTIM45CLockSelection default value on MP1 is applicable
2021-02-14 15:51:53,696 [INFO] Rule:211 - rule Rename DCMI PIXCK signal is applicable
2021-02-14 15:51:53,696 [INFO] Rule:211 - rule Change Default Value for I2C46CLockSelection MP1 family is applicable
2021-02-14 15:51:53,696 [INFO] Rule:211 - rule Change Default Value for UART for G4, G0 and WB families is applicable
2021-02-14 15:51:53,696 [INFO] Rule:211 - rule Change Default Value for USART for G4, G0 and WB families is applicable
2021-02-14 15:51:53,697 [INFO] Rule:211 - rule Change Default Value for USART for G4 family is applicable
2021-02-14 15:51:53,697 [INFO] Rule:211 - rule Change USART1CLockSelection refparam name for MP1 is applicable
2021-02-14 15:51:53,697 [INFO] Rule:211 - rule Change USART2CLockSelection refparam name for MP1 is applicable
2021-02-14 15:51:53,697 [INFO] Rule:211 - rule Change USART3CLockSelection refparam name for MP1 is applicable
2021-02-14 15:51:53,697 [INFO] Rule:211 - rule Change UART4CLockSelection refparam name for MP1 is applicable
2021-02-14 15:51:53,697 [INFO] Rule:211 - rule Change UART5CLockSelection refparam name for MP1 is applicable
2021-02-14 15:51:53,697 [INFO] Rule:211 - rule Change LPUART1CLockSelection refparam name for MP1 is applicable
2021-02-14 15:51:53,697 [INFO] Rule:211 - rule Change LPTIM1CLockSelection refparam name for MP1 is applicable
2021-02-14 15:51:53,697 [INFO] Rule:211 - rule Change LPTIM2CLockSelection refparam name for MP1 is applicable
2021-02-14 15:51:53,697 [INFO] Rule:211 - rule Change RCC_MCO1Source refparam name for MP1 is applicable
2021-02-14 15:51:53,698 [INFO] Rule:211 - rule Change LSCOSource1 refparam name for MP1 is applicable
2021-02-14 15:51:53,698 [INFO] Rule:211 - rule Change SMPSCLockSelection refparam name for MP1 is applicable
2021-02-14 15:51:53,698 [INFO] Rule:211 - rule Change LPTIM3CLockSelection refparam name for MP1 is applicable
2021-02-14 15:51:53,698 [INFO] Rule:211 - rule Change MPCBB* Default Template Mode to Parameters is applicable
2021-02-14 15:51:53,698 [INFO] Rule:211 - rule Change MPCWM* or MPCBB* Secure Mode to Parameters is applicable
2021-02-14 15:51:53,698 [INFO] Rule:211 - rule Change MPCWM* or MPCBB* No Secure Mode to Parameters is applicable
2021-02-14 15:51:53,698 [INFO] Rule:211 - rule Change TZSC IP Secure Mode to Parameters is applicable
2021-02-14 15:51:53,698 [INFO] Rule:211 - rule Change TZSC IP No Secure Mode to Parameters is applicable
2021-02-14 15:51:53,698 [INFO] Rule:211 - rule Change TZSC IP Privilege Mode to Parameters is applicable
2021-02-14 15:51:53,698 [INFO] Rule:211 - rule Change TZSC IP No Privilege Mode to Parameters is applicable
2021-02-14 15:51:53,699 [INFO] Rule:211 - rule Change TZIC IT Secure Mode to Parameters is applicable
2021-02-14 15:51:53,699 [INFO] Rule:211 - rule Change TZIC IT No Secure Mode to Parameters is applicable
2021-02-14 15:51:53,699 [INFO] Rule:211 - rule Add MPCBB1_NonSecureArea_Start_Address value with referenced to MPCBB1_NonSecureArea_Start value is applicable
2021-02-14 15:51:53,699 [INFO] Rule:211 - rule Add MPCBB2_NonSecureArea_Start_Address value with referenced to MPCBB2_NonSecureArea_Start value is applicable
2021-02-14 15:51:53,699 [INFO] Rule:211 - rule Add MPCWM1_NonSecureArea*_Start_Address value with referenced to MPCWM1_NonSecureArea*_Start value is applicable
2021-02-14 15:51:53,699 [INFO] Rule:211 - rule Add MPCWM2_NonSecureArea*_Start_Address value with referenced to MPCWM2_NonSecureArea*_Start value is applicable
2021-02-14 15:51:53,699 [INFO] Rule:211 - rule Add MPCWM3_NonSecureArea_Start_Address value with referenced to MPCWM3_NonSecureArea_Start value is applicable
2021-02-14 15:51:53,699 [INFO] Rule:211 - rule Change Default Value for PLL1UserDefinedConfig is applicable
2021-02-14 15:51:53,699 [INFO] Rule:211 - rule Change GPIO_PuPd Default Value for USART in async mode is applicable
2021-02-14 15:51:53,699 [INFO] Rule:211 - rule Change SMPSDivider Default Value is applicable
2021-02-14 15:51:53,699 [INFO] Rule:211 - rule OPAMP is applicable
2021-02-14 15:51:53,712 [INFO] DbConfProperties:294 - Apply Compatibility (46/174 Rules)
2021-02-14 15:51:53,732 [INFO] ImportTextPane:162 - (OptionalMessage_ERROR) Unable to find key (Mcu.ThirdPartyNb) in loaded IOC file
2021-02-14 15:51:53,832 [WARN] ApiManager:274 - Cannot register API 'Board Extension:S2868A1' from pack STMicroelectronics.X-CUBE-SUBG2.3.0.1: no header file found
2021-02-14 15:51:53,833 [WARN] ApiManager:274 - Cannot register API 'Board Extension:S2868A2' from pack STMicroelectronics.X-CUBE-SUBG2.3.0.1: no header file found
2021-02-14 15:51:53,833 [WARN] ApiManager:274 - Cannot register API 'Board Extension:S2915A1' from pack STMicroelectronics.X-CUBE-SUBG2.3.0.1: no header file found
2021-02-14 15:51:53,835 [WARN] ApiManager:274 - Cannot register API 'Board Extension:S2868A1' from pack STMicroelectronics.X-CUBE-SUBG2.3.0.0: no header file found
2021-02-14 15:51:53,836 [WARN] ApiManager:274 - Cannot register API 'Board Extension:S2868A2' from pack STMicroelectronics.X-CUBE-SUBG2.3.0.0: no header file found
2021-02-14 15:51:53,836 [WARN] ApiManager:274 - Cannot register API 'Board Extension:S2915A1' from pack STMicroelectronics.X-CUBE-SUBG2.3.0.0: no header file found
2021-02-14 15:51:53,837 [WARN] ApiManager:274 - Cannot register API 'Board Extension:S2868A1' from pack STMicroelectronics.X-CUBE-SFXS2LP1.2.0.0: no header file found
2021-02-14 15:51:53,837 [WARN] ApiManager:274 - Cannot register API 'Board Extension:S2868A2' from pack STMicroelectronics.X-CUBE-SFXS2LP1.2.0.0: no header file found
2021-02-14 15:51:53,837 [WARN] ApiManager:274 - Cannot register API 'Board Extension:S2915A1' from pack STMicroelectronics.X-CUBE-SFXS2LP1.2.0.0: no header file found
2021-02-14 15:51:53,868 [WARN] ApiManager:274 - Cannot register API 'Board Extension:IKS01A3' from pack STMicroelectronics.X-CUBE-MEMS1.8.1.1: no header file found
2021-02-14 15:51:53,868 [WARN] ApiManager:274 - Cannot register API 'Board Extension:IKS01A2' from pack STMicroelectronics.X-CUBE-MEMS1.8.1.1: no header file found
2021-02-14 15:51:53,868 [WARN] ApiManager:274 - Cannot register API 'Board Extension:IKS02A1' from pack STMicroelectronics.X-CUBE-MEMS1.8.1.1: no header file found
2021-02-14 15:51:53,944 [WARN] ApiManager:274 - Cannot register API 'Board Extension:IKS01A3' from pack STMicroelectronics.X-CUBE-MEMS1.8.2.0: no header file found
2021-02-14 15:51:53,945 [WARN] ApiManager:274 - Cannot register API 'Board Extension:IKS01A2' from pack STMicroelectronics.X-CUBE-MEMS1.8.2.0: no header file found
2021-02-14 15:51:53,945 [WARN] ApiManager:274 - Cannot register API 'Board Extension:IKS02A1' from pack STMicroelectronics.X-CUBE-MEMS1.8.2.0: no header file found
2021-02-14 15:51:53,945 [WARN] ApiManager:274 - Cannot register API 'Board Extension:EEPRMA1' from pack STMicroelectronics.X-CUBE-EEPRMA1.3.0.0: no header file found
2021-02-14 15:51:53,946 [WARN] ApiManager:274 - Cannot register API 'Board Extension:EEPRMA2' from pack STMicroelectronics.X-CUBE-EEPRMA1.3.0.0: no header file found
2021-02-14 15:51:53,946 [INFO] DependencyParser:915 - This component is not compatible with the current MCU : [1602610232470]
2021-02-14 15:51:53,946 [INFO] ThirdPartyModel:556 - Component with status : MCU_INCOMPATIBLE for condition : GFX01M1_Condition id : 1602610232455
2021-02-14 15:51:53,946 [INFO] DependencyParser:915 - This component is not compatible with the current MCU : [1602610232470]
2021-02-14 15:51:53,946 [INFO] ThirdPartyModel:556 - Component with status : MCU_INCOMPATIBLE for condition : GFX01M1_HelloWorld_Condition id : 1602610232457
2021-02-14 15:51:53,948 [INFO] RtosManager:456 - Registered RTOS mode: class=CMSIS, group=RTOS, mode=CMSIS_V1, owner=FREERTOS
2021-02-14 15:51:53,949 [INFO] RtosManager:456 - Registered RTOS mode: class=CMSIS, group=RTOS2, mode=CMSIS_V2, owner=FREERTOS
2021-02-14 15:51:53,949 [INFO] RtosManager:456 - Registered RTOS mode: class=RTOS, group=Core, mode=CMSIS_V1, owner=FREERTOS
2021-02-14 15:51:53,949 [INFO] RtosManager:456 - Registered RTOS mode: class=RTOS, group=Core, mode=CMSIS_V2, owner=FREERTOS
2021-02-14 15:51:53,949 [WARN] ModelIntegratedComponent:188 - Missing modes for component 1602610253842
2021-02-14 15:51:53,950 [WARN] ApiManager:274 - Cannot register API 'Board Extension:GNSS1A1' from pack STMicroelectronics.X-CUBE-GNSS1.5.0.0: no header file found
2021-02-14 15:51:53,950 [WARN] ApiManager:274 - Cannot register API 'Board Support:Custom' from pack STMicroelectronics.X-CUBE-GNSS1.5.0.0: no header file found
2021-02-14 15:51:53,950 [WARN] ApiManager:274 - Cannot register API 'Data Exchange:lib_gnss' from pack STMicroelectronics.X-CUBE-GNSS1.5.0.0: no header file found
2021-02-14 15:51:53,951 [WARN] ApiManager:274 - Cannot register API 'Board Extension:GNSS1A1' from pack STMicroelectronics.X-CUBE-GNSS1.5.1.0: no header file found
2021-02-14 15:51:53,951 [WARN] ApiManager:274 - Cannot register API 'Board Support:Custom' from pack STMicroelectronics.X-CUBE-GNSS1.5.1.0: no header file found
2021-02-14 15:51:53,951 [WARN] ApiManager:274 - Cannot register API 'Data Exchange:lib_gnss' from pack STMicroelectronics.X-CUBE-GNSS1.5.1.0: no header file found
2021-02-14 15:51:53,951 [WARN] ApiManager:274 - Cannot register API 'Board Extension:S2868A1' from pack STMicroelectronics.X-CUBE-SUBG2.2.0.0: no header file found
2021-02-14 15:51:53,952 [WARN] ApiManager:274 - Cannot register API 'Board Extension:S2868A2' from pack STMicroelectronics.X-CUBE-SUBG2.2.0.0: no header file found
2021-02-14 15:51:53,952 [WARN] ApiManager:274 - Cannot register API 'Board Extension:S2915A1' from pack STMicroelectronics.X-CUBE-SUBG2.2.0.0: no header file found
2021-02-14 15:51:53,952 [WARN] ApiManager:274 - Cannot register API 'Wireless:BlueNRG-MS' from pack STMicroelectronics.X-CUBE-BLE1.6.0.0: no header file found
2021-02-14 15:51:53,952 [WARN] ApiManager:274 - Cannot register API 'Wireless:BlueNRG-MS' from pack STMicroelectronics.X-CUBE-BLE1.6.1.0: no header file found
2021-02-14 15:51:53,953 [WARN] ApiManager:274 - Cannot register API 'Board Extension:NFC04A1' from pack STMicroelectronics.X-CUBE-NFC4.2.0.1: no header file found
2021-02-14 15:51:53,953 [WARN] ApiManager:274 - Cannot register API 'Wireless:BlueNRG-2' from pack STMicroelectronics.X-CUBE-BLE2.3.0.0: no header file found
2021-02-14 15:51:53,954 [WARN] ApiManager:274 - Cannot register API 'Wireless:BlueNRG-2' from pack STMicroelectronics.X-CUBE-BLE2.3.1.0: no header file found
2021-02-14 15:51:54,248 [INFO] ImportTextPane:162 - (OptionalMessage_ERROR) IP (RCC) : Invalid parameter (FamilyName)
2021-02-14 15:51:54,251 [INFO] ImportTextPane:162 - (OptionalMessage_ERROR) IP (RCC) : Parameter (RNGFreq_Value) has invalid value (64000000)
2021-02-14 15:51:54,251 [INFO] ImportTextPane:162 - (OptionalMessage_ERROR) IP (RCC) : Parameter (SDMMCFreq_Value) has invalid value (64000000)
2021-02-14 15:51:54,251 [INFO] ImportTextPane:162 - (OptionalMessage_ERROR) IP (RCC) : Parameter (USBFreq_Value) has invalid value (64000000)
2021-02-14 15:51:54,663 [INFO] UtilMem:74 - End LoadConfig() Used Memory: 616733696 Bytes (824180736)
2021-02-14 15:51:54,665 [WARN] ThirdParty:741 - waiting for thirdparty lock release [change project]
2021-02-14 15:51:54,665 [INFO] ThirdParty:743 - entering critical section [change project]
2021-02-14 15:51:54,665 [INFO] ThirdParty:968 - CMSIS Pack Vendor :STMicroelectronics USB_HOST 2.0.0
2021-02-14 15:51:54,665 [INFO] ThirdParty:968 - CMSIS Pack Vendor :STMicroelectronics X-CUBE-SUBG2 3.0.1
2021-02-14 15:51:54,665 [INFO] ThirdParty:968 - CMSIS Pack Vendor :STMicroelectronics X-CUBE-SUBG2 3.0.0
2021-02-14 15:51:54,665 [INFO] ThirdParty:968 - CMSIS Pack Vendor :STMicroelectronics USB_DEVICE 3.0.0
2021-02-14 15:51:54,665 [INFO] ThirdParty:968 - CMSIS Pack Vendor :STMicroelectronics MBEDTLS 2.16.2
2021-02-14 15:51:54,665 [INFO] ThirdParty:968 - CMSIS Pack Vendor :STMicroelectronics X-CUBE-SFXS2LP1 2.0.0
2021-02-14 15:51:54,666 [INFO] ThirdParty:968 - CMSIS Pack Vendor :STMicroelectronics MBEDTLS 2.14.1
2021-02-14 15:51:54,666 [INFO] ThirdParty:968 - CMSIS Pack Vendor :STMicroelectronics USB_DEVICE 2.0.0
2021-02-14 15:51:54,666 [INFO] ThirdParty:968 - CMSIS Pack Vendor :STMicroelectronics X-CUBE-MEMS1 8.1.1
2021-02-14 15:51:54,666 [INFO] ThirdParty:968 - CMSIS Pack Vendor :STMicroelectronics X-CUBE-MEMS1 8.2.0
2021-02-14 15:51:54,666 [INFO] ThirdParty:968 - CMSIS Pack Vendor :STMicroelectronics X-CUBE-EEPRMA1 3.0.0
2021-02-14 15:51:54,666 [INFO] ThirdParty:968 - CMSIS Pack Vendor :STMicroelectronics X-CUBE-DISPLAY 1.0.0
2021-02-14 15:51:54,666 [INFO] ThirdParty:968 - CMSIS Pack Vendor :STMicroelectronics FreeRTOS 0.0.1
2021-02-14 15:51:54,666 [INFO] ThirdParty:968 - CMSIS Pack Vendor :STMicroelectronics USB_DEVICE 1.0.0
2021-02-14 15:51:54,666 [INFO] ThirdParty:968 - CMSIS Pack Vendor :STMicroelectronics X-CUBE-ALGOBUILD 1.1.0
2021-02-14 15:51:54,666 [INFO] ThirdParty:968 - CMSIS Pack Vendor :STMicroelectronics X-CUBE-GNSS1 5.0.0
2021-02-14 15:51:54,666 [INFO] ThirdParty:968 - CMSIS Pack Vendor :STMicroelectronics X-CUBE-GNSS1 5.1.0
2021-02-14 15:51:54,666 [INFO] ThirdParty:968 - CMSIS Pack Vendor :STMicroelectronics X-CUBE-SUBG2 2.0.0
2021-02-14 15:51:54,666 [INFO] ThirdParty:968 - CMSIS Pack Vendor :STMicroelectronics X-CUBE-BLE1 6.0.0
2021-02-14 15:51:54,666 [INFO] ThirdParty:968 - CMSIS Pack Vendor :STMicroelectronics X-CUBE-BLE1 6.1.0
2021-02-14 15:51:54,666 [INFO] ThirdParty:968 - CMSIS Pack Vendor :STMicroelectronics lwIP 2.0.3
2021-02-14 15:51:54,667 [INFO] ThirdParty:968 - CMSIS Pack Vendor :STMicroelectronics lwIP 2.1.2
2021-02-14 15:51:54,667 [INFO] ThirdParty:968 - CMSIS Pack Vendor :STMicroelectronics X-CUBE-TOUCHGFX 4.15.0
2021-02-14 15:51:54,667 [INFO] ThirdParty:968 - CMSIS Pack Vendor :STMicroelectronics USB_HOST 1.0.0
2021-02-14 15:51:54,667 [INFO] ThirdParty:968 - CMSIS Pack Vendor :STMicroelectronics X-CUBE-AI 5.2.0
2021-02-14 15:51:54,667 [INFO] ThirdParty:968 - CMSIS Pack Vendor :STMicroelectronics X-CUBE-NFC4 2.0.1
2021-02-14 15:51:54,667 [INFO] ThirdParty:968 - CMSIS Pack Vendor :STMicroelectronics X-CUBE-BLE2 3.0.0
2021-02-14 15:51:54,667 [INFO] ThirdParty:968 - CMSIS Pack Vendor :STMicroelectronics X-CUBE-NFC4 2.0.0
2021-02-14 15:51:54,667 [INFO] ThirdParty:968 - CMSIS Pack Vendor :STMicroelectronics PDM2PCM 3.1.0
2021-02-14 15:51:54,667 [INFO] ThirdParty:968 - CMSIS Pack Vendor :STMicroelectronics X-CUBE-TOUCHGFX 4.16.0
2021-02-14 15:51:54,667 [INFO] ThirdParty:968 - CMSIS Pack Vendor :STMicroelectronics PDM2PCM 3.2.0
2021-02-14 15:51:54,667 [INFO] ThirdParty:968 - CMSIS Pack Vendor :STMicroelectronics X-CUBE-BLE2 3.1.0
2021-02-14 15:51:54,667 [INFO] ThirdParty:968 - CMSIS Pack Vendor :STMicroelectronics PDM2PCM 3.3.0
2021-02-14 15:51:54,668 [INFO] ThirdParty:749 - exiting critical section [change project]
2021-02-14 15:51:55,020 [INFO] PinOutPanel:1418 - setPackage(No Configuration,No Configuration)
2021-02-14 15:51:55,023 [INFO] PinOutPanel:1418 - setPackage(STM32L476RGTx,LQFP64)
2021-02-14 15:51:55,872 [INFO] UtilMem:74 - Before build in PCC Used Memory: 525992984 Bytes (824180736)
2021-02-14 15:51:56,367 [INFO] SharedServices:71 - Folder for power plug-in: C:/Users/evers/.stm32cubemx/plugins/power
2021-02-14 15:51:56,421 [INFO] SharedServices:71 - Folder for power plug-in: C:/Users/evers/.stm32cubemx/plugins/power
2021-02-14 15:51:56,515 [INFO] SharedServices:71 - Folder for power plug-in: C:/Users/evers/.stm32cubemx/plugins/power
2021-02-14 15:51:56,533 [INFO] SharedServices:71 - Folder for power plug-in: C:/Users/evers/.stm32cubemx/plugins/power
2021-02-14 15:51:56,800 [INFO] UtilMem:74 - After build in PCC Used Memory: 617219096 Bytes (824180736)
2021-02-14 15:51:56,839 [INFO] IPUIPlugin:64 - create IPUIPlugin
2021-02-14 15:51:56,839 [INFO] IPUIPlugin:64 - create IPUIPlugin
2021-02-14 15:51:56,839 [INFO] IPUIPlugin:64 - create IPUIPlugin
2021-02-14 15:51:56,840 [INFO] IPUIPlugin:64 - create IPUIPlugin
2021-02-14 15:51:56,840 [INFO] IPUIPlugin:64 - create IPUIPlugin
2021-02-14 15:51:56,840 [INFO] IPUIPlugin:64 - create IPUIPlugin
2021-02-14 15:51:56,840 [INFO] IPUIPlugin:64 - create IPUIPlugin
2021-02-14 15:51:56,840 [INFO] IPUIPlugin:64 - create IPUIPlugin
2021-02-14 15:51:56,841 [INFO] IPUIPlugin:64 - create IPUIPlugin
2021-02-14 15:51:56,841 [INFO] IPUIPlugin:64 - create IPUIPlugin
2021-02-14 15:51:56,841 [INFO] IPUIPlugin:64 - create IPUIPlugin
2021-02-14 15:51:56,841 [INFO] IPUIPlugin:64 - create IPUIPlugin
2021-02-14 15:51:56,841 [INFO] IPUIPlugin:64 - create IPUIPlugin
2021-02-14 15:51:56,841 [INFO] IPUIPlugin:64 - create IPUIPlugin
2021-02-14 15:51:56,842 [INFO] IPUIPlugin:64 - create IPUIPlugin
2021-02-14 15:51:56,842 [INFO] IPUIPlugin:64 - create IPUIPlugin
2021-02-14 15:51:56,842 [INFO] IPUIPlugin:64 - create IPUIPlugin
2021-02-14 15:51:56,842 [INFO] IPUIPlugin:64 - create IPUIPlugin
2021-02-14 15:51:56,842 [INFO] IPUIPlugin:64 - create IPUIPlugin
2021-02-14 15:51:56,842 [INFO] IPUIPlugin:64 - create IPUIPlugin
2021-02-14 15:51:56,843 [INFO] IPUIPlugin:64 - create IPUIPlugin
2021-02-14 15:51:56,843 [INFO] IPUIPlugin:64 - create IPUIPlugin
2021-02-14 15:51:56,843 [INFO] IPUIPlugin:64 - create IPUIPlugin
2021-02-14 15:51:56,844 [INFO] IPUIPlugin:64 - create IPUIPlugin
2021-02-14 15:51:56,844 [INFO] IPUIPlugin:64 - create IPUIPlugin
2021-02-14 15:51:56,844 [INFO] IPUIPlugin:64 - create IPUIPlugin
2021-02-14 15:51:56,844 [INFO] IPUIPlugin:64 - create IPUIPlugin
2021-02-14 15:51:56,845 [INFO] IPUIPlugin:64 - create IPUIPlugin
2021-02-14 15:51:56,845 [INFO] IPUIPlugin:64 - create IPUIPlugin
2021-02-14 15:51:56,845 [INFO] IPUIPlugin:64 - create IPUIPlugin
2021-02-14 15:51:56,845 [INFO] IPUIPlugin:64 - create IPUIPlugin
2021-02-14 15:51:56,846 [INFO] IPUIPlugin:64 - create IPUIPlugin
2021-02-14 15:51:56,846 [INFO] IPUIPlugin:64 - create IPUIPlugin
2021-02-14 15:51:56,846 [INFO] IPUIPlugin:64 - create IPUIPlugin
2021-02-14 15:51:56,846 [INFO] IPUIPlugin:64 - create IPUIPlugin
2021-02-14 15:51:56,846 [INFO] IPUIPlugin:64 - create IPUIPlugin
2021-02-14 15:51:56,846 [INFO] IPUIPlugin:64 - create IPUIPlugin
2021-02-14 15:51:56,846 [INFO] IPUIPlugin:64 - create IPUIPlugin
2021-02-14 15:51:56,847 [INFO] IPUIPlugin:64 - create IPUIPlugin
2021-02-14 15:51:56,847 [INFO] IPUIPlugin:64 - create IPUIPlugin
2021-02-14 15:51:56,847 [INFO] IPUIPlugin:64 - create IPUIPlugin
2021-02-14 15:51:56,847 [INFO] IPUIPlugin:64 - create IPUIPlugin
2021-02-14 15:51:56,847 [INFO] IPUIPlugin:64 - create IPUIPlugin
2021-02-14 15:51:56,847 [INFO] IPUIPlugin:64 - create IPUIPlugin
2021-02-14 15:51:56,847 [INFO] IPUIPlugin:64 - create IPUIPlugin
2021-02-14 15:51:56,848 [INFO] IPUIPlugin:64 - create IPUIPlugin
2021-02-14 15:51:56,848 [INFO] IPUIPlugin:64 - create IPUIPlugin
2021-02-14 15:51:56,848 [INFO] IPUIPlugin:64 - create IPUIPlugin
2021-02-14 15:51:56,848 [INFO] IPUIPlugin:64 - create IPUIPlugin
2021-02-14 15:51:56,848 [INFO] IPUIPlugin:64 - create IPUIPlugin
2021-02-14 15:51:56,848 [INFO] IPUIPlugin:64 - create IPUIPlugin
2021-02-14 15:51:56,848 [INFO] IPUIPlugin:64 - create IPUIPlugin
2021-02-14 15:51:56,848 [INFO] IPUIPlugin:64 - create IPUIPlugin
2021-02-14 15:51:56,849 [INFO] IPUIPlugin:64 - create IPUIPlugin
2021-02-14 15:51:56,849 [INFO] IPUIPlugin:64 - create IPUIPlugin
2021-02-14 15:51:56,849 [INFO] IPUIPlugin:64 - create IPUIPlugin
2021-02-14 15:51:56,849 [INFO] IPUIPlugin:64 - create IPUIPlugin
2021-02-14 15:51:56,850 [INFO] IPUIPlugin:64 - create IPUIPlugin
2021-02-14 15:51:56,850 [INFO] IPUIPlugin:64 - create IPUIPlugin
2021-02-14 15:51:56,904 [INFO] LogOutputStream:76 - [STDOUT_REDIRECT] toolchainItems.length=====1
2021-02-14 15:51:57,188 [INFO] OpenFileManager:294 - Restore cursor
2021-02-14 15:51:57,530 [INFO] UtilMem:74 - End SaveConfig() Used Memory: 699175184 Bytes (824180736)
2021-02-14 15:51:57,633 [INFO] UtilMem:74 - End SaveConfig() Used Memory: 708612368 Bytes (824180736)
2021-02-14 15:51:58,243 [INFO] BlockDiagram:2729 - set Specific Code input for plugin: SYS
2021-02-14 15:51:58,244 [INFO] BlockDiagram:2729 - set Specific Code input for plugin: RCC
2021-02-14 15:51:58,244 [INFO] BlockDiagram:2729 - set Specific Code input for plugin: NVIC
2021-02-14 15:51:58,244 [INFO] BlockDiagram:2729 - set Specific Code input for plugin: USART
2021-02-14 15:51:58,244 [INFO] BlockDiagram:2729 - set Specific Code input for plugin: GPIO
2021-02-14 15:51:58,246 [INFO] CodeGenerator:622 - code generatio: config db path: C:\ST\STM32CubeIDE_1.4.0\STM32CubeIDE\plugins\com.st.stm32cube.common.mx_6.0.1.202008101643\\db\
2021-02-14 15:51:58,784 [INFO] CodeEngine:188 - oldGeneratedFile, C:\Users\evers\Documents\IMAGINE-IOT\Imagine-IoT\Imagine-IoT\9 Nucleo boards\NUCLEO-L476RG\1c Lighthouse flashing LED (STM32CubeIDE)\FlashLED\MXTmpFiles\license.tmp_save
2021-02-14 15:51:59,184 [INFO] CodeEngine:206 - Generated code: C:\Users\evers\Documents\IMAGINE-IOT\Imagine-IoT\Imagine-IoT\9 Nucleo boards\NUCLEO-L476RG\1c Lighthouse flashing LED (STM32CubeIDE)\FlashLED\MXTmpFiles\license.tmp
2021-02-14 15:51:59,311 [INFO] CodeEngine:188 - oldGeneratedFile, C:\Users\evers\Documents\IMAGINE-IOT\Imagine-IoT\Imagine-IoT\9 Nucleo boards\NUCLEO-L476RG\1c Lighthouse flashing LED (STM32CubeIDE)\FlashLED\MXTmpFiles\gpio.tmp_save
2021-02-14 15:51:59,411 [INFO] CodeEngine:206 - Generated code: C:\Users\evers\Documents\IMAGINE-IOT\Imagine-IoT\Imagine-IoT\9 Nucleo boards\NUCLEO-L476RG\1c Lighthouse flashing LED (STM32CubeIDE)\FlashLED\MXTmpFiles\gpio.tmp
2021-02-14 15:51:59,675 [INFO] LogOutputStream:76 - [STDOUT_REDIRECT] Command line
2021-02-14 15:51:59,683 [INFO] CodeEngine:188 - oldGeneratedFile, C:\Users\evers\Documents\IMAGINE-IOT\Imagine-IoT\Imagine-IoT\9 Nucleo boards\NUCLEO-L476RG\1c Lighthouse flashing LED (STM32CubeIDE)\FlashLED\Core\Src\stm32l4xx_it.c_save
2021-02-14 15:51:59,807 [INFO] CodeEngine:206 - Generated code: C:\Users\evers\Documents\IMAGINE-IOT\Imagine-IoT\Imagine-IoT\9 Nucleo boards\NUCLEO-L476RG\1c Lighthouse flashing LED (STM32CubeIDE)\FlashLED\Core\Src\stm32l4xx_it.c
2021-02-14 15:51:59,818 [INFO] CodeEngine:188 - oldGeneratedFile, C:\Users\evers\Documents\IMAGINE-IOT\Imagine-IoT\Imagine-IoT\9 Nucleo boards\NUCLEO-L476RG\1c Lighthouse flashing LED (STM32CubeIDE)\FlashLED\Core\Inc\stm32l4xx_it.h_save
2021-02-14 15:51:59,896 [INFO] CodeEngine:206 - Generated code: C:\Users\evers\Documents\IMAGINE-IOT\Imagine-IoT\Imagine-IoT\9 Nucleo boards\NUCLEO-L476RG\1c Lighthouse flashing LED (STM32CubeIDE)\FlashLED\Core\Inc\stm32l4xx_it.h
2021-02-14 15:51:59,909 [INFO] CodeEngine:188 - oldGeneratedFile, C:\Users\evers\Documents\IMAGINE-IOT\Imagine-IoT\Imagine-IoT\9 Nucleo boards\NUCLEO-L476RG\1c Lighthouse flashing LED (STM32CubeIDE)\FlashLED\Core\Src\stm32l4xx_hal_msp.c_save
2021-02-14 15:52:00,111 [INFO] CodeEngine:206 - Generated code: C:\Users\evers\Documents\IMAGINE-IOT\Imagine-IoT\Imagine-IoT\9 Nucleo boards\NUCLEO-L476RG\1c Lighthouse flashing LED (STM32CubeIDE)\FlashLED\Core\Src\stm32l4xx_hal_msp.c
2021-02-14 15:52:00,123 [INFO] CodeEngine:188 - oldGeneratedFile, C:\Users\evers\Documents\IMAGINE-IOT\Imagine-IoT\Imagine-IoT\9 Nucleo boards\NUCLEO-L476RG\1c Lighthouse flashing LED (STM32CubeIDE)\FlashLED\MXTmpFiles\system.tmp_save
2021-02-14 15:52:00,259 [INFO] CodeEngine:206 - Generated code: C:\Users\evers\Documents\IMAGINE-IOT\Imagine-IoT\Imagine-IoT\9 Nucleo boards\NUCLEO-L476RG\1c Lighthouse flashing LED (STM32CubeIDE)\FlashLED\MXTmpFiles\system.tmp
2021-02-14 15:52:00,272 [INFO] CodeEngine:188 - oldGeneratedFile, C:\Users\evers\Documents\IMAGINE-IOT\Imagine-IoT\Imagine-IoT\9 Nucleo boards\NUCLEO-L476RG\1c Lighthouse flashing LED (STM32CubeIDE)\FlashLED\Core\Inc\stm32l4xx_hal_conf.h_save
2021-02-14 15:52:00,345 [INFO] CodeEngine:206 - Generated code: C:\Users\evers\Documents\IMAGINE-IOT\Imagine-IoT\Imagine-IoT\9 Nucleo boards\NUCLEO-L476RG\1c Lighthouse flashing LED (STM32CubeIDE)\FlashLED\Core\Inc\stm32l4xx_hal_conf.h
2021-02-14 15:52:00,382 [WARN] IPConfigManager:2884 - IP not found : gpio
2021-02-14 15:52:00,384 [WARN] CodeGenerator:2866 - IP not found : gpio
2021-02-14 15:52:00,390 [INFO] CodeEngine:188 - oldGeneratedFile, C:\Users\evers\Documents\IMAGINE-IOT\Imagine-IoT\Imagine-IoT\9 Nucleo boards\NUCLEO-L476RG\1c Lighthouse flashing LED (STM32CubeIDE)\FlashLED\Core\Inc\main.h_save
2021-02-14 15:52:00,454 [INFO] CodeEngine:206 - Generated code: C:\Users\evers\Documents\IMAGINE-IOT\Imagine-IoT\Imagine-IoT\9 Nucleo boards\NUCLEO-L476RG\1c Lighthouse flashing LED (STM32CubeIDE)\FlashLED\Core\Inc\main.h
2021-02-14 15:52:00,465 [INFO] CodeEngine:188 - oldGeneratedFile, C:\Users\evers\Documents\IMAGINE-IOT\Imagine-IoT\Imagine-IoT\9 Nucleo boards\NUCLEO-L476RG\1c Lighthouse flashing LED (STM32CubeIDE)\FlashLED\Core\Src\main.c_save
2021-02-14 15:52:00,586 [INFO] CodeEngine:206 - Generated code: C:\Users\evers\Documents\IMAGINE-IOT\Imagine-IoT\Imagine-IoT\9 Nucleo boards\NUCLEO-L476RG\1c Lighthouse flashing LED (STM32CubeIDE)\FlashLED\Core\Src\main.c
2021-02-14 15:52:01,470 [INFO] ProjectBuilder:2168 - Time for Copy HAL[1] : 172mS.
2021-02-14 15:52:01,476 [INFO] ProjectBuilder:2988 - Project Generator version: 3.10.0-B14
2021-02-14 15:52:01,979 [INFO] ConfigFileManager:1183 - The Die is : DIE415
2021-02-14 15:52:02,007 [INFO] ApiDbMcu:456 - Load IP Config File for FATFS
2021-02-14 15:52:02,046 [INFO] ApiDbMcu:456 - Load IP Config File for FREERTOS
2021-02-14 15:52:02,263 [INFO] ApiDbMcu:456 - Load IP Config File for TOUCHSENSING
2021-02-14 15:52:02,293 [INFO] ApiDbMcu:456 - Load IP Config File for USB_DEVICE
2021-02-14 15:52:02,312 [INFO] ApiDbMcu:456 - Load IP Config File for USB_HOST
2021-02-14 15:52:09,454 [ERROR] root:96 - SUCCESS
2021-02-14 15:52:09,536 [INFO] ProjectBuilder:3155 - Time for Generating toolchain IDE Files: 8060mS.
2021-02-14 15:52:09,537 [INFO] ProjectBuilder:2044 - Time for Copy CMSIS : 1mS.
2021-02-14 15:52:09,541 [INFO] ProjectBuilder:2044 - Time for Copy CMSIS : 0mS.
2021-02-14 15:52:10,123 [INFO] ApiDb:226 - Save user favorites file C:\Users\evers/.stm32cubeide/favorites.mcus.txt: 0 item(s)
2021-02-14 15:52:10,124 [INFO] ApiDb:230 - User favorites MCUs=[]
2021-02-14 15:52:10,128 [INFO] ApiDb:226 - Save user favorites file C:\Users\evers/.stm32cubeide/favorites.boards.txt: 1 item(s)
2021-02-14 15:52:10,130 [INFO] ApiDb:230 - User favorites Boards=[NUCLEO-L476RG]
2021-02-14 15:54:56,623 [INFO] UtilMem:74 - End SaveConfig() Used Memory: 537609632 Bytes (1073741824)
2021-02-14 15:55:03,292 [INFO] UtilMem:74 - End SaveConfig() Used Memory: 551812384 Bytes (1073741824)
2021-02-14 15:55:09,275 [INFO] UtilMem:74 - End SaveConfig() Used Memory: 719562096 Bytes (1073741824)
2021-02-14 15:55:09,553 [INFO] BlockDiagram:2729 - set Specific Code input for plugin: SYS
2021-02-14 15:55:09,553 [INFO] BlockDiagram:2729 - set Specific Code input for plugin: RCC
2021-02-14 15:55:09,553 [INFO] BlockDiagram:2729 - set Specific Code input for plugin: NVIC
2021-02-14 15:55:09,554 [INFO] BlockDiagram:2729 - set Specific Code input for plugin: USART
2021-02-14 15:55:09,554 [INFO] BlockDiagram:2729 - set Specific Code input for plugin: GPIO
2021-02-14 15:55:09,555 [INFO] CodeGenerator:622 - code generatio: config db path: C:\ST\STM32CubeIDE_1.4.0\STM32CubeIDE\plugins\com.st.stm32cube.common.mx_6.0.1.202008101643\\db\
2021-02-14 15:55:09,741 [INFO] CodeEngine:188 - oldGeneratedFile, C:\Users\evers\Documents\IMAGINE-IOT\Imagine-IoT\Imagine-IoT\9 Nucleo boards\NUCLEO-L476RG\1c Lighthouse flashing LED (STM32CubeIDE)\FlashLED\MXTmpFiles\license.tmp_save
2021-02-14 15:55:09,795 [INFO] CodeEngine:206 - Generated code: C:\Users\evers\Documents\IMAGINE-IOT\Imagine-IoT\Imagine-IoT\9 Nucleo boards\NUCLEO-L476RG\1c Lighthouse flashing LED (STM32CubeIDE)\FlashLED\MXTmpFiles\license.tmp
2021-02-14 15:55:09,825 [INFO] CodeEngine:188 - oldGeneratedFile, C:\Users\evers\Documents\IMAGINE-IOT\Imagine-IoT\Imagine-IoT\9 Nucleo boards\NUCLEO-L476RG\1c Lighthouse flashing LED (STM32CubeIDE)\FlashLED\MXTmpFiles\gpio.tmp_save
2021-02-14 15:55:09,893 [INFO] CodeEngine:206 - Generated code: C:\Users\evers\Documents\IMAGINE-IOT\Imagine-IoT\Imagine-IoT\9 Nucleo boards\NUCLEO-L476RG\1c Lighthouse flashing LED (STM32CubeIDE)\FlashLED\MXTmpFiles\gpio.tmp
2021-02-14 15:55:10,064 [INFO] LogOutputStream:76 - [STDOUT_REDIRECT] Command line
2021-02-14 15:55:10,075 [INFO] CodeEngine:188 - oldGeneratedFile, C:\Users\evers\Documents\IMAGINE-IOT\Imagine-IoT\Imagine-IoT\9 Nucleo boards\NUCLEO-L476RG\1c Lighthouse flashing LED (STM32CubeIDE)\FlashLED\Core\Src\stm32l4xx_it.c_save
2021-02-14 15:55:10,169 [INFO] CodeEngine:206 - Generated code: C:\Users\evers\Documents\IMAGINE-IOT\Imagine-IoT\Imagine-IoT\9 Nucleo boards\NUCLEO-L476RG\1c Lighthouse flashing LED (STM32CubeIDE)\FlashLED\Core\Src\stm32l4xx_it.c
2021-02-14 15:55:10,177 [INFO] CodeEngine:188 - oldGeneratedFile, C:\Users\evers\Documents\IMAGINE-IOT\Imagine-IoT\Imagine-IoT\9 Nucleo boards\NUCLEO-L476RG\1c Lighthouse flashing LED (STM32CubeIDE)\FlashLED\Core\Inc\stm32l4xx_it.h_save
2021-02-14 15:55:10,242 [INFO] CodeEngine:206 - Generated code: C:\Users\evers\Documents\IMAGINE-IOT\Imagine-IoT\Imagine-IoT\9 Nucleo boards\NUCLEO-L476RG\1c Lighthouse flashing LED (STM32CubeIDE)\FlashLED\Core\Inc\stm32l4xx_it.h
2021-02-14 15:55:10,255 [INFO] CodeEngine:188 - oldGeneratedFile, C:\Users\evers\Documents\IMAGINE-IOT\Imagine-IoT\Imagine-IoT\9 Nucleo boards\NUCLEO-L476RG\1c Lighthouse flashing LED (STM32CubeIDE)\FlashLED\Core\Src\stm32l4xx_hal_msp.c_save
2021-02-14 15:55:10,343 [INFO] CodeEngine:206 - Generated code: C:\Users\evers\Documents\IMAGINE-IOT\Imagine-IoT\Imagine-IoT\9 Nucleo boards\NUCLEO-L476RG\1c Lighthouse flashing LED (STM32CubeIDE)\FlashLED\Core\Src\stm32l4xx_hal_msp.c
2021-02-14 15:55:10,350 [INFO] CodeEngine:188 - oldGeneratedFile, C:\Users\evers\Documents\IMAGINE-IOT\Imagine-IoT\Imagine-IoT\9 Nucleo boards\NUCLEO-L476RG\1c Lighthouse flashing LED (STM32CubeIDE)\FlashLED\MXTmpFiles\system.tmp_save
2021-02-14 15:55:10,408 [INFO] CodeEngine:206 - Generated code: C:\Users\evers\Documents\IMAGINE-IOT\Imagine-IoT\Imagine-IoT\9 Nucleo boards\NUCLEO-L476RG\1c Lighthouse flashing LED (STM32CubeIDE)\FlashLED\MXTmpFiles\system.tmp
2021-02-14 15:55:10,418 [INFO] CodeEngine:188 - oldGeneratedFile, C:\Users\evers\Documents\IMAGINE-IOT\Imagine-IoT\Imagine-IoT\9 Nucleo boards\NUCLEO-L476RG\1c Lighthouse flashing LED (STM32CubeIDE)\FlashLED\Core\Inc\stm32l4xx_hal_conf.h_save
2021-02-14 15:55:10,976 [INFO] CodeEngine:206 - Generated code: C:\Users\evers\Documents\IMAGINE-IOT\Imagine-IoT\Imagine-IoT\9 Nucleo boards\NUCLEO-L476RG\1c Lighthouse flashing LED (STM32CubeIDE)\FlashLED\Core\Inc\stm32l4xx_hal_conf.h
2021-02-14 15:55:11,014 [WARN] IPConfigManager:2884 - IP not found : gpio
2021-02-14 15:55:11,015 [WARN] CodeGenerator:2866 - IP not found : gpio
2021-02-14 15:55:11,023 [INFO] CodeEngine:188 - oldGeneratedFile, C:\Users\evers\Documents\IMAGINE-IOT\Imagine-IoT\Imagine-IoT\9 Nucleo boards\NUCLEO-L476RG\1c Lighthouse flashing LED (STM32CubeIDE)\FlashLED\Core\Inc\main.h_save
2021-02-14 15:55:11,096 [INFO] CodeEngine:206 - Generated code: C:\Users\evers\Documents\IMAGINE-IOT\Imagine-IoT\Imagine-IoT\9 Nucleo boards\NUCLEO-L476RG\1c Lighthouse flashing LED (STM32CubeIDE)\FlashLED\Core\Inc\main.h
2021-02-14 15:55:11,112 [INFO] CodeEngine:188 - oldGeneratedFile, C:\Users\evers\Documents\IMAGINE-IOT\Imagine-IoT\Imagine-IoT\9 Nucleo boards\NUCLEO-L476RG\1c Lighthouse flashing LED (STM32CubeIDE)\FlashLED\Core\Src\main.c_save
2021-02-14 15:55:11,239 [INFO] CodeEngine:206 - Generated code: C:\Users\evers\Documents\IMAGINE-IOT\Imagine-IoT\Imagine-IoT\9 Nucleo boards\NUCLEO-L476RG\1c Lighthouse flashing LED (STM32CubeIDE)\FlashLED\Core\Src\main.c
2021-02-14 15:55:12,039 [INFO] ProjectBuilder:2168 - Time for Copy HAL[1] : 111mS.
2021-02-14 15:55:12,043 [INFO] ProjectBuilder:2988 - Project Generator version: 3.10.0-B14
2021-02-14 15:55:12,328 [INFO] ConfigFileManager:1183 - The Die is : DIE415
2021-02-14 15:55:13,754 [INFO] ProjectBuilder:3155 - Time for Generating toolchain IDE Files: 1711mS.
2021-02-14 15:55:13,755 [INFO] ProjectBuilder:2044 - Time for Copy CMSIS : 0mS.
2021-02-14 15:55:13,760 [INFO] ProjectBuilder:2044 - Time for Copy CMSIS : 0mS.
