14:14:09 **** Incremental Build of configuration Debug for project OperationMOdes ****
make -j8 all 
arm-none-eabi-size   OperationMOdes.elf 
   text	   data	    bss	    dec	    hex	filename
   3832	    108	   1596	   5536	   15a0	OperationMOdes.elf
Finished building: default.size.stdout
 
14:14:17 **** Incremental Build of configuration Debug for project OperationMOdes ****
make -j8 all 
arm-none-eabi-size   OperationMOdes.elf 
   text	   data	    bss	    dec	    hex	filename
   3832	    108	   1596	   5536	   15a0	OperationMOdes.elf
Finished building: default.size.stdout
 
14:17:00 **** Incremental Build of configuration Debug for project OperationMOdes ****
make -j8 all 
arm-none-eabi-size   OperationMOdes.elf 
   text	   data	    bss	    dec	    hex	filename
   3832	    108	   1596	   5536	   15a0	OperationMOdes.elf
Finished building: default.size.stdout
 
14:18:27 **** Incremental Build of configuration Debug for project OperationMOdes ****
make -j8 all 
arm-none-eabi-size   OperationMOdes.elf 
   text	   data	    bss	    dec	    hex	filename
   3832	    108	   1596	   5536	   15a0	OperationMOdes.elf
Finished building: default.size.stdout
 
