12:11:38 **** Incremental Build of configuration Debug for project LoRaWAN_End_Node ****
make -j8 all 
arm-none-eabi-gcc "../Drivers/BSP/IKS01A3/iks01a3_env_sensors.c" -mcpu=cortex-m4 -std=gnu11 -g3 -DDEBUG -DCORE_CM4 -DUSE_HAL_DRIVER -DSTM32WL55xx -c -I../Core/Inc -I../LoRaWAN/App -I../LoRaWAN/Target -I../Drivers/STM32WLxx_HAL_Driver/Inc -I../Drivers/STM32WLxx_HAL_Driver/Inc/Legacy -I../Utilities/trace/adv_trace -I../Utilities/misc -I../Utilities/sequencer -I../Utilities/timer -I../Utilities/lpm/tiny_lpm -I../Middlewares/Third_Party/LoRaWAN/LmHandler/Packages -I../Middlewares/Third_Party/SubGHz_Phy -I../Middlewares/Third_Party/SubGHz_Phy/stm32_radio_driver -I../Drivers/CMSIS/Device/ST/STM32WLxx/Include -I../Middlewares/Third_Party/LoRaWAN/Crypto -I../Middlewares/Third_Party/LoRaWAN/Mac/Region -I../Middlewares/Third_Party/LoRaWAN/Mac -I../Middlewares/Third_Party/LoRaWAN/LmHandler -I../Middlewares/Third_Party/LoRaWAN/Utilities -I../Drivers/CMSIS/Include -O0 -ffunction-sections -fdata-sections -Wall -fstack-usage -MMD -MP -MF"Drivers/BSP/IKS01A3/iks01a3_env_sensors.d" -MT"Drivers/BSP/IKS01A3/iks01a3_env_sensors.o" --specs=nano.specs -mfloat-abi=soft -mthumb -o "Drivers/BSP/IKS01A3/iks01a3_env_sensors.o"
arm-none-eabi-gcc "../Drivers/BSP/IKS01A3/iks01a3_env_sensors_ex.c" -mcpu=cortex-m4 -std=gnu11 -g3 -DDEBUG -DCORE_CM4 -DUSE_HAL_DRIVER -DSTM32WL55xx -c -I../Core/Inc -I../LoRaWAN/App -I../LoRaWAN/Target -I../Drivers/STM32WLxx_HAL_Driver/Inc -I../Drivers/STM32WLxx_HAL_Driver/Inc/Legacy -I../Utilities/trace/adv_trace -I../Utilities/misc -I../Utilities/sequencer -I../Utilities/timer -I../Utilities/lpm/tiny_lpm -I../Middlewares/Third_Party/LoRaWAN/LmHandler/Packages -I../Middlewares/Third_Party/SubGHz_Phy -I../Middlewares/Third_Party/SubGHz_Phy/stm32_radio_driver -I../Drivers/CMSIS/Device/ST/STM32WLxx/Include -I../Middlewares/Third_Party/LoRaWAN/Crypto -I../Middlewares/Third_Party/LoRaWAN/Mac/Region -I../Middlewares/Third_Party/LoRaWAN/Mac -I../Middlewares/Third_Party/LoRaWAN/LmHandler -I../Middlewares/Third_Party/LoRaWAN/Utilities -I../Drivers/CMSIS/Include -O0 -ffunction-sections -fdata-sections -Wall -fstack-usage -MMD -MP -MF"Drivers/BSP/IKS01A3/iks01a3_env_sensors_ex.d" -MT"Drivers/BSP/IKS01A3/iks01a3_env_sensors_ex.o" --specs=nano.specs -mfloat-abi=soft -mthumb -o "Drivers/BSP/IKS01A3/iks01a3_env_sensors_ex.o"
arm-none-eabi-gcc "../Drivers/BSP/IKS01A3/iks01a3_motion_sensors.c" -mcpu=cortex-m4 -std=gnu11 -g3 -DDEBUG -DCORE_CM4 -DUSE_HAL_DRIVER -DSTM32WL55xx -c -I../Core/Inc -I../LoRaWAN/App -I../LoRaWAN/Target -I../Drivers/STM32WLxx_HAL_Driver/Inc -I../Drivers/STM32WLxx_HAL_Driver/Inc/Legacy -I../Utilities/trace/adv_trace -I../Utilities/misc -I../Utilities/sequencer -I../Utilities/timer -I../Utilities/lpm/tiny_lpm -I../Middlewares/Third_Party/LoRaWAN/LmHandler/Packages -I../Middlewares/Third_Party/SubGHz_Phy -I../Middlewares/Third_Party/SubGHz_Phy/stm32_radio_driver -I../Drivers/CMSIS/Device/ST/STM32WLxx/Include -I../Middlewares/Third_Party/LoRaWAN/Crypto -I../Middlewares/Third_Party/LoRaWAN/Mac/Region -I../Middlewares/Third_Party/LoRaWAN/Mac -I../Middlewares/Third_Party/LoRaWAN/LmHandler -I../Middlewares/Third_Party/LoRaWAN/Utilities -I../Drivers/CMSIS/Include -O0 -ffunction-sections -fdata-sections -Wall -fstack-usage -MMD -MP -MF"Drivers/BSP/IKS01A3/iks01a3_motion_sensors.d" -MT"Drivers/BSP/IKS01A3/iks01a3_motion_sensors.o" --specs=nano.specs -mfloat-abi=soft -mthumb -o "Drivers/BSP/IKS01A3/iks01a3_motion_sensors.o"
arm-none-eabi-gcc "../Drivers/BSP/IKS01A3/iks01a3_motion_sensors_ex.c" -mcpu=cortex-m4 -std=gnu11 -g3 -DDEBUG -DCORE_CM4 -DUSE_HAL_DRIVER -DSTM32WL55xx -c -I../Core/Inc -I../LoRaWAN/App -I../LoRaWAN/Target -I../Drivers/STM32WLxx_HAL_Driver/Inc -I../Drivers/STM32WLxx_HAL_Driver/Inc/Legacy -I../Utilities/trace/adv_trace -I../Utilities/misc -I../Utilities/sequencer -I../Utilities/timer -I../Utilities/lpm/tiny_lpm -I../Middlewares/Third_Party/LoRaWAN/LmHandler/Packages -I../Middlewares/Third_Party/SubGHz_Phy -I../Middlewares/Third_Party/SubGHz_Phy/stm32_radio_driver -I../Drivers/CMSIS/Device/ST/STM32WLxx/Include -I../Middlewares/Third_Party/LoRaWAN/Crypto -I../Middlewares/Third_Party/LoRaWAN/Mac/Region -I../Middlewares/Third_Party/LoRaWAN/Mac -I../Middlewares/Third_Party/LoRaWAN/LmHandler -I../Middlewares/Third_Party/LoRaWAN/Utilities -I../Drivers/CMSIS/Include -O0 -ffunction-sections -fdata-sections -Wall -fstack-usage -MMD -MP -MF"Drivers/BSP/IKS01A3/iks01a3_motion_sensors_ex.d" -MT"Drivers/BSP/IKS01A3/iks01a3_motion_sensors_ex.o" --specs=nano.specs -mfloat-abi=soft -mthumb -o "Drivers/BSP/IKS01A3/iks01a3_motion_sensors_ex.o"
In file included from ../Drivers/BSP/IKS01A3/iks01a3_env_sensors.c:21:
../Drivers/BSP/IKS01A3/iks01a3_env_sensors.h:65:10: fatal error: hts221.h: No such file or directory
   65 | #include "hts221.h"
      |          ^~~~~~~~~~
compilation terminated.
In file included from ../Drivers/BSP/IKS01A3/iks01a3_env_sensors_ex.h:29,
                 from ../Drivers/BSP/IKS01A3/iks01a3_env_sensors_ex.c:21:
../Drivers/BSP/IKS01A3/iks01a3_env_sensors.h:65:10: fatal error: hts221.h: No such file or directory
   65 | #include "hts221.h"
      |          ^~~~~~~~~~
compilation terminated.
make: *** [Drivers/BSP/IKS01A3/subdir.mk:28: Drivers/BSP/IKS01A3/iks01a3_env_sensors.o] Error 1
make: *** Waiting for unfinished jobs....
make: *** [Drivers/BSP/IKS01A3/subdir.mk:30: Drivers/BSP/IKS01A3/iks01a3_env_sensors_ex.o] Error 1
In file included from ../Drivers/BSP/IKS01A3/iks01a3_motion_sensors.c:21:
../Drivers/BSP/IKS01A3/iks01a3_motion_sensors.h:30:10: fatal error: motion_sensor.h: No such file or directory
   30 | #include "motion_sensor.h"
      |          ^~~~~~~~~~~~~~~~~
compilation terminated.
In file included from ../Drivers/BSP/IKS01A3/iks01a3_motion_sensors_ex.h:29,
                 from ../Drivers/BSP/IKS01A3/iks01a3_motion_sensors_ex.c:21:
../Drivers/BSP/IKS01A3/iks01a3_motion_sensors.h:30:10: fatal error: motion_sensor.h: No such file or directory
   30 | #include "motion_sensor.h"
      |          ^~~~~~~~~~~~~~~~~
compilation terminated.
make: *** [Drivers/BSP/IKS01A3/subdir.mk:32: Drivers/BSP/IKS01A3/iks01a3_motion_sensors.o] Error 1
make: *** [Drivers/BSP/IKS01A3/subdir.mk:34: Drivers/BSP/IKS01A3/iks01a3_motion_sensors_ex.o] Error 1
"make -j8 all" terminated with exit code 2. Build might be incomplete.
