2021-04-03 11:55:22,548 [INFO] Activator:170 - 


2021-04-03 11:55:22,550 [INFO] Activator:171 - !SESSION log4j initialized
2021-04-03 11:55:29,205 [INFO] McuFinderGlobals:39 - Set McuFinder mode to 2 (CubeIDE integrated)
2021-04-03 11:55:29,403 [INFO] ApplicationProperties:181 - Using Application install path: C:\ST\STM32CubeIDE_1.4.0\STM32CubeIDE\plugins\com.st.stm32cube.common.mx_6.2.1.202103241236
2021-04-03 11:55:29,418 [INFO] DbMcusXml:74 - Set database path to: C:\ST\STM32CubeIDE_1.4.0\STM32CubeIDE\plugins\com.st.stm32cube.common.mx_6.2.1.202103241236\\db\/mcu/
2021-04-03 11:55:29,422 [INFO] DbBoardsPdsc:56 - Set plugin database path to: C:\ST\STM32CubeIDE_1.4.0\STM32CubeIDE\plugins\com.st.stm32cube.common.mx_6.2.1.202103241236\\db\/plugins/boardmanager/
2021-04-03 11:55:29,423 [INFO] DbMcus:258 - Set plugin images path to: C:\ST\STM32CubeIDE_1.4.0\STM32CubeIDE\plugins\com.st.stm32cube.common.mx_6.2.1.202103241236\\db\/plugins/mcufinder/images/
2021-04-03 11:55:29,423 [INFO] DbBoards:264 - Set plugin images path to: C:\ST\STM32CubeIDE_1.4.0\STM32CubeIDE\plugins\com.st.stm32cube.common.mx_6.2.1.202103241236\\db\/plugins/mcufinder/images/
2021-04-03 11:55:29,426 [INFO] DbExamples:333 - Set plugin images path to: C:\ST\STM32CubeIDE_1.4.0\STM32CubeIDE\plugins\com.st.stm32cube.common.mx_6.2.1.202103241236\\db\/plugins/mcufinder/images/
2021-04-03 11:55:29,436 [INFO] DbMcusAds:85 - Set database path to: C:\Users\evers\.stmcufinder\plugins\mcufinder//mcu/
2021-04-03 11:55:29,438 [INFO] DbMcusDocs:110 - Set database path to: C:\Users\evers\.stmcufinder\plugins\mcufinder//mcu/
2021-04-03 11:55:29,440 [INFO] DbMcusJson:65 - Set database path to: C:\Users\evers\.stmcufinder\plugins\mcufinder//mcu/
2021-04-03 11:55:29,441 [INFO] DbBoardsDocs:110 - Set database path to: C:\Users\evers\.stmcufinder\plugins\mcufinder//mcu/
2021-04-03 11:55:29,442 [INFO] DbBoardsJson:58 - Set database path to: C:\Users\evers\.stmcufinder\plugins\mcufinder//mcu/
2021-04-03 11:55:29,446 [INFO] CrossReferenceDbSqlite:196 - Set database path to: C:\Users\evers\.stmcufinder\plugins\mcufinder//mcu/cs/
2021-04-03 11:55:29,449 [INFO] DbExamplesSqlite:690 - Set database path to: C:\Users\evers\.stmcufinder\plugins\mcufinder//mcu/
2021-04-03 11:55:29,558 [INFO] RulesReader:52 - Compatibility file has been processed (237 Rules)
2021-04-03 11:55:29,669 [INFO] MicroXplorer:622 - Detected Java Version = 11.0.9.1
2021-04-03 11:55:29,670 [INFO] DbMcusXml:74 - Set database path to: C:\ST\STM32CubeIDE_1.4.0\STM32CubeIDE\plugins\com.st.stm32cube.common.mx_6.2.1.202103241236\\db\/mcu/
2021-04-03 11:55:29,670 [INFO] DbBoardsPdsc:56 - Set plugin database path to: C:\ST\STM32CubeIDE_1.4.0\STM32CubeIDE\plugins\com.st.stm32cube.common.mx_6.2.1.202103241236\\db\/plugins/boardmanager/
2021-04-03 11:55:29,671 [INFO] DbMcus:258 - Set plugin images path to: C:\ST\STM32CubeIDE_1.4.0\STM32CubeIDE\plugins\com.st.stm32cube.common.mx_6.2.1.202103241236\\db\/plugins/mcufinder/images/
2021-04-03 11:55:29,671 [INFO] DbBoards:264 - Set plugin images path to: C:\ST\STM32CubeIDE_1.4.0\STM32CubeIDE\plugins\com.st.stm32cube.common.mx_6.2.1.202103241236\\db\/plugins/mcufinder/images/
2021-04-03 11:55:29,671 [INFO] DbExamples:333 - Set plugin images path to: C:\ST\STM32CubeIDE_1.4.0\STM32CubeIDE\plugins\com.st.stm32cube.common.mx_6.2.1.202103241236\\db\/plugins/mcufinder/images/
2021-04-03 11:55:29,671 [WARN] DbFile:35 - Overriding database path with different value: C:\Users\evers\.stmcufinder\plugins\mcufinder/ => C:\Users\evers\.stmcufinder\plugins\mcufinder
2021-04-03 11:55:29,671 [INFO] DbMcusAds:85 - Set database path to: C:\Users\evers\.stmcufinder\plugins\mcufinder//mcu/
2021-04-03 11:55:29,671 [WARN] DbFile:35 - Overriding database path with different value: C:\Users\evers\.stmcufinder\plugins\mcufinder/ => C:\Users\evers\.stmcufinder\plugins\mcufinder
2021-04-03 11:55:29,671 [INFO] DbMcusDocs:110 - Set database path to: C:\Users\evers\.stmcufinder\plugins\mcufinder//mcu/
2021-04-03 11:55:29,672 [WARN] DbFile:35 - Overriding database path with different value: C:\Users\evers\.stmcufinder\plugins\mcufinder/ => C:\Users\evers\.stmcufinder\plugins\mcufinder
2021-04-03 11:55:29,672 [INFO] DbMcusJson:65 - Set database path to: C:\Users\evers\.stmcufinder\plugins\mcufinder//mcu/
2021-04-03 11:55:29,672 [WARN] DbFile:35 - Overriding database path with different value: C:\Users\evers\.stmcufinder\plugins\mcufinder/ => C:\Users\evers\.stmcufinder\plugins\mcufinder
2021-04-03 11:55:29,672 [INFO] DbBoardsDocs:110 - Set database path to: C:\Users\evers\.stmcufinder\plugins\mcufinder//mcu/
2021-04-03 11:55:29,672 [WARN] DbFile:35 - Overriding database path with different value: C:\Users\evers\.stmcufinder\plugins\mcufinder/ => C:\Users\evers\.stmcufinder\plugins\mcufinder
2021-04-03 11:55:29,672 [INFO] DbBoardsJson:58 - Set database path to: C:\Users\evers\.stmcufinder\plugins\mcufinder//mcu/
2021-04-03 11:55:29,672 [WARN] DbFile:35 - Overriding database path with different value: C:\Users\evers\.stmcufinder\plugins\mcufinder/ => C:\Users\evers\.stmcufinder\plugins\mcufinder
2021-04-03 11:55:29,672 [WARN] DbFile:35 - Overriding database path with different value: C:\Users\evers\.stmcufinder\plugins\mcufinder/ => C:\Users\evers\.stmcufinder\plugins\mcufinder
2021-04-03 11:55:29,673 [INFO] CrossReferenceDbSqlite:196 - Set database path to: C:\Users\evers\.stmcufinder\plugins\mcufinder//mcu/cs/
2021-04-03 11:55:29,673 [WARN] DbFile:35 - Overriding database path with different value: C:\Users\evers\.stmcufinder\plugins\mcufinder/ => C:\Users\evers\.stmcufinder\plugins\mcufinder
2021-04-03 11:55:29,673 [INFO] DbExamplesSqlite:690 - Set database path to: C:\Users\evers\.stmcufinder\plugins\mcufinder//mcu/
2021-04-03 11:55:29,751 [INFO] MainPanel:204 - HeapMemory: 268435456
2021-04-03 11:55:29,839 [INFO] DbMcusXml:74 - Set database path to: C:\ST\STM32CubeIDE_1.4.0\STM32CubeIDE\plugins\com.st.stm32cube.common.mx_6.2.1.202103241236\\db\/mcu/
2021-04-03 11:55:29,839 [INFO] DbBoardsPdsc:56 - Set plugin database path to: C:\ST\STM32CubeIDE_1.4.0\STM32CubeIDE\plugins\com.st.stm32cube.common.mx_6.2.1.202103241236\\db\/plugins/boardmanager/
2021-04-03 11:55:29,839 [INFO] DbMcus:258 - Set plugin images path to: C:\ST\STM32CubeIDE_1.4.0\STM32CubeIDE\plugins\com.st.stm32cube.common.mx_6.2.1.202103241236\\db\/plugins/mcufinder/images/
2021-04-03 11:55:29,839 [INFO] DbBoards:264 - Set plugin images path to: C:\ST\STM32CubeIDE_1.4.0\STM32CubeIDE\plugins\com.st.stm32cube.common.mx_6.2.1.202103241236\\db\/plugins/mcufinder/images/
2021-04-03 11:55:29,839 [INFO] DbExamples:333 - Set plugin images path to: C:\ST\STM32CubeIDE_1.4.0\STM32CubeIDE\plugins\com.st.stm32cube.common.mx_6.2.1.202103241236\\db\/plugins/mcufinder/images/
2021-04-03 11:55:29,840 [WARN] DbFile:35 - Overriding database path with different value: C:\Users\evers\.stmcufinder\plugins\mcufinder/ => C:\Users\evers\.stmcufinder\plugins\mcufinder
2021-04-03 11:55:29,840 [INFO] DbMcusAds:85 - Set database path to: C:\Users\evers\.stmcufinder\plugins\mcufinder//mcu/
2021-04-03 11:55:29,840 [WARN] DbFile:35 - Overriding database path with different value: C:\Users\evers\.stmcufinder\plugins\mcufinder/ => C:\Users\evers\.stmcufinder\plugins\mcufinder
2021-04-03 11:55:29,840 [INFO] DbMcusDocs:110 - Set database path to: C:\Users\evers\.stmcufinder\plugins\mcufinder//mcu/
2021-04-03 11:55:29,840 [WARN] DbFile:35 - Overriding database path with different value: C:\Users\evers\.stmcufinder\plugins\mcufinder/ => C:\Users\evers\.stmcufinder\plugins\mcufinder
2021-04-03 11:55:29,841 [INFO] DbMcusJson:65 - Set database path to: C:\Users\evers\.stmcufinder\plugins\mcufinder//mcu/
2021-04-03 11:55:29,841 [WARN] DbFile:35 - Overriding database path with different value: C:\Users\evers\.stmcufinder\plugins\mcufinder/ => C:\Users\evers\.stmcufinder\plugins\mcufinder
2021-04-03 11:55:29,841 [INFO] DbBoardsDocs:110 - Set database path to: C:\Users\evers\.stmcufinder\plugins\mcufinder//mcu/
2021-04-03 11:55:29,841 [WARN] DbFile:35 - Overriding database path with different value: C:\Users\evers\.stmcufinder\plugins\mcufinder/ => C:\Users\evers\.stmcufinder\plugins\mcufinder
2021-04-03 11:55:29,841 [INFO] DbBoardsJson:58 - Set database path to: C:\Users\evers\.stmcufinder\plugins\mcufinder//mcu/
2021-04-03 11:55:29,841 [WARN] DbFile:35 - Overriding database path with different value: C:\Users\evers\.stmcufinder\plugins\mcufinder/ => C:\Users\evers\.stmcufinder\plugins\mcufinder
2021-04-03 11:55:29,841 [WARN] DbFile:35 - Overriding database path with different value: C:\Users\evers\.stmcufinder\plugins\mcufinder/ => C:\Users\evers\.stmcufinder\plugins\mcufinder
2021-04-03 11:55:29,841 [INFO] CrossReferenceDbSqlite:196 - Set database path to: C:\Users\evers\.stmcufinder\plugins\mcufinder//mcu/cs/
2021-04-03 11:55:29,841 [WARN] DbFile:35 - Overriding database path with different value: C:\Users\evers\.stmcufinder\plugins\mcufinder/ => C:\Users\evers\.stmcufinder\plugins\mcufinder
2021-04-03 11:55:29,842 [INFO] DbExamplesSqlite:690 - Set database path to: C:\Users\evers\.stmcufinder\plugins\mcufinder//mcu/
2021-04-03 11:55:29,862 [INFO] ApplicationProperties:181 - Using Application install path: C:\ST\STM32CubeIDE_1.4.0\STM32CubeIDE\plugins\com.st.stm32cube.common.mx_6.2.1.202103241236
2021-04-03 11:55:29,864 [INFO] PluginManage:178 - Search for loadable plugins [exclusion list=, ]
2021-04-03 11:55:29,866 [INFO] PluginManage:292 - Check plugin analytics
2021-04-03 11:55:30,055 [INFO] AnalyticsPlugin:233 - Accepted Software Licenses: STM32CubeMX.6.0.1,STM32CubeMX.6.1.1,STM32CubeMX.6.1.2,STM32CubeMX.6.2.0
2021-04-03 11:55:30,055 [INFO] AnalyticsPlugin:235 - Accepted CMSIS Pack Licenses: 
2021-04-03 11:55:30,055 [INFO] AnalyticsPlugin:237 - Accepted Firmware Licenses: 
2021-04-03 11:55:30,056 [INFO] PluginManage:342 - Loaded plugin analytics (category:tool,tabindex:-1)
2021-04-03 11:55:30,056 [INFO] PluginManage:292 - Check plugin clock
2021-04-03 11:55:30,082 [INFO] PluginManage:342 - Loaded plugin clock (category:base,tabindex:2)
2021-04-03 11:55:30,082 [INFO] PluginManage:292 - Check plugin ddr
2021-04-03 11:55:30,086 [INFO] PluginManage:342 - Loaded plugin ddr (category:tool,tabindex:6)
2021-04-03 11:55:30,086 [INFO] PluginManage:292 - Check plugin filemanager
2021-04-03 11:55:30,300 [INFO] PluginManage:342 - Loaded plugin filemanager (category:base,tabindex:10)
2021-04-03 11:55:30,301 [INFO] PluginManage:292 - Check plugin ipmanager
2021-04-03 11:55:30,315 [INFO] PluginManage:342 - Loaded plugin ipmanager (category:base,tabindex:5)
2021-04-03 11:55:30,315 [INFO] PluginManage:292 - Check plugin pinoutandconfiguration
2021-04-03 11:55:30,333 [INFO] PluginManage:342 - Loaded plugin pinoutandconfiguration (category:base,tabindex:1)
2021-04-03 11:55:30,334 [INFO] PluginManage:292 - Check plugin pinoutconfig
2021-04-03 11:55:30,375 [INFO] PluginManage:342 - Loaded plugin pinoutconfig (category:base,tabindex:0)
2021-04-03 11:55:30,376 [INFO] PluginManage:292 - Check plugin power
2021-04-03 11:55:30,399 [INFO] PluginManage:342 - Loaded plugin power (category:power,tabindex:4)
2021-04-03 11:55:30,400 [INFO] PluginManage:292 - Check plugin projectmanager
2021-04-03 11:55:30,425 [INFO] PluginManage:342 - Loaded plugin projectmanager (category:projectmanager,tabindex:3)
2021-04-03 11:55:30,425 [INFO] PluginManage:292 - Check plugin thirdparty
2021-04-03 11:55:30,594 [INFO] PluginManage:342 - Loaded plugin thirdparty (category:base,tabindex:-1)
2021-04-03 11:55:30,595 [INFO] PluginManage:292 - Check plugin tools
2021-04-03 11:55:30,595 [WARN] IntegrityCheckThread:59 - waiting for thirdparty lock release [integrity check]
2021-04-03 11:55:30,597 [INFO] IntegrityCheckThread:61 - entering critical section [integrity check]
2021-04-03 11:55:30,597 [INFO] ThirdPartyUpdaterWithRetryManager:56 - Updater plugin not ready yet. [1/15]
2021-04-03 11:55:30,600 [INFO] PluginManage:342 - Loaded plugin tools (category:base,tabindex:7)
2021-04-03 11:55:30,600 [INFO] PluginManage:292 - Check plugin tutovideos
2021-04-03 11:55:30,886 [INFO] PluginManage:342 - Loaded plugin tutovideos (category:base,tabindex:-1)
2021-04-03 11:55:30,886 [INFO] PluginManage:292 - Check plugin updater
2021-04-03 11:55:30,904 [INFO] PluginManage:342 - Loaded plugin updater (category:base,tabindex:12)
2021-04-03 11:55:30,904 [INFO] PluginManage:265 - PluginManage : Loaded plugins [13]
2021-04-03 11:55:31,173 [INFO] PinOutPanel:1435 - setPackage(No Configuration,No Configuration)
2021-04-03 11:55:31,275 [INFO] IPUIPlugin:64 - create IPUIPlugin
2021-04-03 11:55:31,275 [INFO] PluginManager:203 - loadIPPluginJar : add adc
2021-04-03 11:55:31,279 [INFO] IPUIPlugin:64 - create IPUIPlugin
2021-04-03 11:55:31,279 [INFO] PluginManager:203 - loadIPPluginJar : add aes
2021-04-03 11:55:31,282 [INFO] IPUIPlugin:64 - create IPUIPlugin
2021-04-03 11:55:31,283 [INFO] PluginManager:203 - loadIPPluginJar : add can
2021-04-03 11:55:31,285 [INFO] IPUIPlugin:64 - create IPUIPlugin
2021-04-03 11:55:31,285 [INFO] PluginManager:203 - loadIPPluginJar : add comp
2021-04-03 11:55:31,288 [INFO] IPUIPlugin:64 - create IPUIPlugin
2021-04-03 11:55:31,288 [INFO] PluginManager:203 - loadIPPluginJar : add cryp
2021-04-03 11:55:31,291 [INFO] IPUIPlugin:64 - create IPUIPlugin
2021-04-03 11:55:31,292 [INFO] PluginManager:203 - loadIPPluginJar : add dfsdm
2021-04-03 11:55:31,298 [INFO] IPUIPlugin:64 - create IPUIPlugin
2021-04-03 11:55:31,299 [INFO] PluginManager:203 - loadIPPluginJar : add dma
2021-04-03 11:55:31,301 [INFO] IPUIPlugin:64 - create IPUIPlugin
2021-04-03 11:55:31,302 [INFO] PluginManager:203 - loadIPPluginJar : add fatfs
2021-04-03 11:55:31,307 [INFO] IPUIPlugin:64 - create IPUIPlugin
2021-04-03 11:55:31,307 [INFO] PluginManager:203 - loadIPPluginJar : add fmc
2021-04-03 11:55:31,314 [INFO] IPUIPlugin:64 - create IPUIPlugin
2021-04-03 11:55:31,314 [INFO] PluginManager:203 - loadIPPluginJar : add freertos
2021-04-03 11:55:31,317 [INFO] IPUIPlugin:64 - create IPUIPlugin
2021-04-03 11:55:31,317 [INFO] PluginManager:203 - loadIPPluginJar : add genericplugin
2021-04-03 11:55:31,320 [INFO] IPUIPlugin:64 - create IPUIPlugin
2021-04-03 11:55:31,320 [INFO] PluginManager:203 - loadIPPluginJar : add gfxmmu
2021-04-03 11:55:31,327 [INFO] IPUIPlugin:64 - create IPUIPlugin
2021-04-03 11:55:31,327 [INFO] PluginManager:203 - loadIPPluginJar : add gic
2021-04-03 11:55:31,332 [INFO] IPUIPlugin:64 - create IPUIPlugin
2021-04-03 11:55:31,332 [INFO] PluginManager:203 - loadIPPluginJar : add gpio
2021-04-03 11:55:31,336 [INFO] IPUIPlugin:64 - create IPUIPlugin
2021-04-03 11:55:31,336 [INFO] PluginManager:203 - loadIPPluginJar : add gtzc
2021-04-03 11:55:31,339 [INFO] IPUIPlugin:64 - create IPUIPlugin
2021-04-03 11:55:31,339 [INFO] PluginManager:203 - loadIPPluginJar : add hash
2021-04-03 11:55:31,343 [INFO] IPUIPlugin:64 - create IPUIPlugin
2021-04-03 11:55:31,343 [INFO] PluginManager:203 - loadIPPluginJar : add i2c
2021-04-03 11:55:31,346 [INFO] IPUIPlugin:64 - create IPUIPlugin
2021-04-03 11:55:31,346 [INFO] PluginManager:203 - loadIPPluginJar : add i2s
2021-04-03 11:55:31,350 [INFO] IPUIPlugin:64 - create IPUIPlugin
2021-04-03 11:55:31,350 [INFO] PluginManager:203 - loadIPPluginJar : add ipddr
2021-04-03 11:55:31,353 [INFO] IPUIPlugin:64 - create IPUIPlugin
2021-04-03 11:55:31,354 [INFO] PluginManager:203 - loadIPPluginJar : add lorawan
2021-04-03 11:55:31,355 [INFO] IPUIPlugin:64 - create IPUIPlugin
2021-04-03 11:55:31,356 [INFO] PluginManager:203 - loadIPPluginJar : add ltdc
2021-04-03 11:55:31,360 [INFO] IPUIPlugin:64 - create IPUIPlugin
2021-04-03 11:55:31,360 [INFO] PluginManager:203 - loadIPPluginJar : add mdma
2021-04-03 11:55:31,365 [INFO] IPUIPlugin:64 - create IPUIPlugin
2021-04-03 11:55:31,365 [INFO] PluginManager:203 - loadIPPluginJar : add nvic
2021-04-03 11:55:31,369 [INFO] IPUIPlugin:64 - create IPUIPlugin
2021-04-03 11:55:31,369 [INFO] PluginManager:203 - loadIPPluginJar : add opamp
2021-04-03 11:55:31,372 [INFO] IPUIPlugin:64 - create IPUIPlugin
2021-04-03 11:55:31,372 [INFO] PluginManager:203 - loadIPPluginJar : add openamp
2021-04-03 11:55:31,376 [INFO] IPUIPlugin:64 - create IPUIPlugin
2021-04-03 11:55:31,376 [INFO] PluginManager:203 - loadIPPluginJar : add pdm2pcm
2021-04-03 11:55:31,383 [INFO] IPUIPlugin:64 - create IPUIPlugin
2021-04-03 11:55:31,386 [INFO] PluginManager:203 - loadIPPluginJar : add plateformsettings
2021-04-03 11:55:31,388 [INFO] IPUIPlugin:64 - create IPUIPlugin
2021-04-03 11:55:31,389 [INFO] PluginManager:203 - loadIPPluginJar : add quadspi
2021-04-03 11:55:31,394 [INFO] IPUIPlugin:64 - create IPUIPlugin
2021-04-03 11:55:31,394 [INFO] PluginManager:203 - loadIPPluginJar : add resmgrutility
2021-04-03 11:55:31,398 [INFO] IPUIPlugin:64 - create IPUIPlugin
2021-04-03 11:55:31,398 [INFO] PluginManager:203 - loadIPPluginJar : add sai
2021-04-03 11:55:31,401 [INFO] IPUIPlugin:64 - create IPUIPlugin
2021-04-03 11:55:31,401 [INFO] PluginManager:203 - loadIPPluginJar : add spi
2021-04-03 11:55:31,406 [INFO] IPUIPlugin:64 - create IPUIPlugin
2021-04-03 11:55:31,406 [INFO] PluginManager:203 - loadIPPluginJar : add stm32_wpan
2021-04-03 11:55:31,409 [INFO] IPUIPlugin:64 - create IPUIPlugin
2021-04-03 11:55:31,409 [INFO] PluginManager:203 - loadIPPluginJar : add tim
2021-04-03 11:55:31,413 [INFO] IPUIPlugin:64 - create IPUIPlugin
2021-04-03 11:55:31,413 [INFO] PluginManager:203 - loadIPPluginJar : add touchsensing
2021-04-03 11:55:31,416 [INFO] IPUIPlugin:64 - create IPUIPlugin
2021-04-03 11:55:31,416 [INFO] PluginManager:203 - loadIPPluginJar : add tracer_emb
2021-04-03 11:55:31,418 [INFO] IPUIPlugin:64 - create IPUIPlugin
2021-04-03 11:55:31,419 [INFO] PluginManager:203 - loadIPPluginJar : add ts
2021-04-03 11:55:31,421 [INFO] IPUIPlugin:64 - create IPUIPlugin
2021-04-03 11:55:31,421 [INFO] PluginManager:203 - loadIPPluginJar : add tsc
2021-04-03 11:55:31,423 [INFO] IPUIPlugin:64 - create IPUIPlugin
2021-04-03 11:55:31,424 [INFO] PluginManager:203 - loadIPPluginJar : add ucpd
2021-04-03 11:55:31,427 [INFO] IPUIPlugin:64 - create IPUIPlugin
2021-04-03 11:55:31,428 [INFO] PluginManager:203 - loadIPPluginJar : add usart
2021-04-03 11:55:31,815 [FATAL] Updater:284 - Updater called before beeing initialized
2021-04-03 11:55:31,932 [FATAL] Updater:284 - Updater called before beeing initialized
2021-04-03 11:55:31,937 [INFO] DbMcusAds:132 - JSON generation date=Mon Mar 01 11:27:39 CET 2021 (1614594459504)
2021-04-03 11:55:31,937 [FATAL] Updater:284 - Updater called before beeing initialized
2021-04-03 11:55:31,984 [WARN] DetailPanel:315 - Failed to get advertising image, set to default
2021-04-03 11:55:32,239 [FATAL] Updater:284 - Updater called before beeing initialized
2021-04-03 11:55:32,242 [FATAL] Updater:284 - Updater called before beeing initialized
2021-04-03 11:55:32,243 [FATAL] Updater:284 - Updater called before beeing initialized
2021-04-03 11:55:32,243 [WARN] DetailPanel:315 - Failed to get advertising image, set to default
2021-04-03 11:55:32,244 [FATAL] Updater:284 - Updater called before beeing initialized
2021-04-03 11:55:32,294 [FATAL] Updater:284 - Updater called before beeing initialized
2021-04-03 11:55:32,294 [WARN] ThirdParty:796 - waiting for thirdparty lock release [close project]
2021-04-03 11:55:33,610 [INFO] ThirdPartyUpdaterWithRetryManager:56 - Updater plugin not ready yet. [2/15]
2021-04-03 11:55:36,618 [FATAL] Updater:284 - Updater called before beeing initialized
2021-04-03 11:55:36,619 [ERROR] AbstractThirdPartyUpdaterManager:153 - class java.lang.Integer cannot be cast to class java.util.List (java.lang.Integer and java.util.List are in module java.base of loader 'bootstrap')
2021-04-03 11:55:36,620 [INFO] ThirdParty:900 - Integrity check success = false
2021-04-03 11:55:36,621 [INFO] IntegrityCheckThread:75 - exiting critical section [integrity check]
2021-04-03 11:55:36,622 [INFO] IntegrityCheckThread:78 - End integrity checks thread
2021-04-03 11:55:36,622 [INFO] ThirdParty:798 - entering critical section [close project]
2021-04-03 11:55:36,629 [INFO] ThirdParty:809 - exiting critical section [close project]
2021-04-03 11:55:36,643 [INFO] PinOutPanel:1435 - setPackage(No Configuration,No Configuration)
2021-04-03 11:55:36,645 [FATAL] Updater:284 - Updater called before beeing initialized
2021-04-03 11:55:36,672 [ERROR] Updater:1065 - MainUpdater not yet initialized. External WinMGr cannot be set.
2021-04-03 11:55:36,676 [INFO] Updater:1002 - Updater Version found : 6.2.1
2021-04-03 11:55:36,704 [INFO] ApplicationProperties:181 - Using Application install path: C:\ST\STM32CubeIDE_1.4.0\STM32CubeIDE\plugins\com.st.stm32cube.common.mx_6.2.1.202103241236
2021-04-03 11:55:36,864 [INFO] MainUpdater:2661 - connection check result : 10
2021-04-03 11:55:36,865 [INFO] MainUpdater:255 - Updater Check For Update Now.
2021-04-03 11:55:36,865 [INFO] MicroXplorer:472 - Change Database Version : DB.6.0.21
2021-04-03 11:55:36,908 [INFO] CheckServerUpdateThread:102 - End of CheckServer Thread
2021-04-03 11:55:36,979 [INFO] MainUpdater:2661 - connection check result : 10
2021-04-03 11:55:37,381 [INFO] CrossSelectorPresenter:1330 - Cross Selector saved comparison directory: C:\Users\evers\.stmcufinder\plugins\mcufinder\mcu\cs_comparisons_mx
2021-04-03 11:55:37,391 [INFO] MultiScanPanel:200 - Auto-refresh data requested => check proxy status ongoing
2021-04-03 11:55:37,394 [INFO] FinderPluginLoader:87 - Searching for filters in installed packs
2021-04-03 11:55:37,397 [INFO] DbMcusXml:100 - Load MCU database from C:\ST\STM32CubeIDE_1.4.0\STM32CubeIDE\plugins\com.st.stm32cube.common.mx_6.2.1.202103241236\\db\/mcu/families.xml
2021-04-03 11:55:38,474 [INFO] DbMcusJson:94 - JSON generation date=Mon Feb 08 14:35:07 CET 2021 (1612791307)
2021-04-03 11:55:39,396 [INFO] DbMcus:175 - Found 1906 MCUs (1866 are supported by CubeMX, 1866 are visible in CubeMX)
2021-04-03 11:55:39,405 [INFO] ApiDb:251 - Load user favorites file C:\Users\evers/.stm32cubeide/favorites.mcus.txt: 0 item(s)
2021-04-03 11:55:39,405 [INFO] ApiDb:255 - User favorites MCUs=[]
2021-04-03 11:55:39,406 [INFO] DbMcus:187 - Set 0 / 0 favorites MCUs
2021-04-03 11:55:39,992 [WARN] DetailPanel:315 - Failed to get advertising image, set to default
2021-04-03 11:55:40,560 [INFO] DbBoardsPdsc:90 - Found 24 items
2021-04-03 11:55:40,563 [INFO] DbBoardsPdsc:90 - Found 9 items
2021-04-03 11:55:40,567 [INFO] DbBoardsPdsc:90 - Found 33 items
2021-04-03 11:55:40,569 [INFO] DbBoardsPdsc:90 - Found 1 items
2021-04-03 11:55:40,575 [INFO] DbBoardsPdsc:90 - Found 46 items
2021-04-03 11:55:40,583 [INFO] DbBoardsPdsc:90 - Found 41 items
2021-04-03 11:55:40,585 [INFO] DbBoardsPdsc:90 - Found 2 items
2021-04-03 11:55:40,588 [INFO] DbBoardsPdsc:90 - Found 5 items
2021-04-03 11:55:40,591 [WARN] DbBoardsPdsc:254 - Board NUCLEO-WB15CC: unknown feature type=, name=, username=Three user LEDs, n=1
2021-04-03 11:55:40,591 [WARN] DbBoardsPdsc:254 - Board NUCLEO-WB15CC: unknown feature type=, name=, username=One reset and three user push-buttons, n=1
2021-04-03 11:55:40,591 [WARN] DbBoardsPdsc:254 - Board NUCLEO-WB15CC: unknown feature type=, name=, username=Arduino Uno V3 expansion connector, n=1
2021-04-03 11:55:40,591 [WARN] DbBoardsPdsc:254 - Board NUCLEO-WB15CC: unknown feature type=, name=, username=ST morpho extension pin headers for full access to all STM32WB I/Os, n=1
2021-04-03 11:55:40,591 [WARN] DbBoardsPdsc:254 - Board NUCLEO-WB15CC: unknown feature type=, name=, username=Integrated PCB antenna and SMA connector footprint, n=1
2021-04-03 11:55:40,592 [WARN] DbBoardsPdsc:254 - Board NUCLEO-WB15CC: unknown feature type=, name=, username=Flexible power-supply options: ST-LINK, USB VBUS, or external sources, n=1
2021-04-03 11:55:40,592 [WARN] DbBoardsPdsc:254 - Board NUCLEO-WB15CC: unknown feature type=, name=, username=On-board footprint to mount a CR2032 battery socket, n=1
2021-04-03 11:55:40,592 [WARN] DbBoardsPdsc:254 - Board NUCLEO-WB15CC: unknown feature type=, name=, username=On-board ST-LINK/V2-1 debugger/programmer with USB re-enumeration capability: mass storage, Virtual COM port, and debug port, n=1
2021-04-03 11:55:40,592 [WARN] DbBoardsPdsc:254 - Board NUCLEO-WB15CC: unknown feature type=, name=, username=Comprehensive free software libraries and examples available with the STM32CubeWB MCU Package, n=1
2021-04-03 11:55:40,592 [WARN] DbBoardsPdsc:254 - Board NUCLEO-WB15CC: unknown feature type=, name=, username=Support of a wide choice of Integrated Development Environments (IDEs) including IAR Embedded Workbench, MDK-ARM, STM32CubeIDE, and Mbed Studio, n=1
2021-04-03 11:55:40,594 [WARN] DbBoardsPdsc:254 - Board STM32H7B3I-DK: unknown feature type=Audio, name=, username=Audio stereo codec with Headphone Amp (CS42L51-CNZ), n=1
2021-04-03 11:55:40,595 [WARN] DbBoardsPdsc:254 - Board STM32H735G-DK: unknown feature type=Audio, name=, username=Audio stereo codec with Headphone Amp (WM8994ECS/R), n=1
2021-04-03 11:55:40,595 [WARN] DbBoardsPdsc:254 - Board STM32WB5MM-DK: unknown feature type=, name=, username=Time-of-Flight and gesture-detection sensor, n=1
2021-04-03 11:55:40,595 [WARN] DbBoardsPdsc:254 - Board STM32WB5MM-DK: unknown feature type=, name=, username=3 push-buttons (2 users and 1 reset) and 1 touch key button, n=1
2021-04-03 11:55:40,595 [WARN] DbBoardsPdsc:254 - Board STM32WB5MM-DK: unknown feature type=, name=, username=Flexible power-supply options: ST-LINK/V2-1 USB connector, 5 V delivered by ARDUINO® or external connector, USB charger, or USB power, n=1
2021-04-03 11:55:40,595 [WARN] DbBoardsPdsc:254 - Board STM32WB5MM-DK: unknown feature type=, name=, username=On-board ST-LINK/V2-1 debugger/programmer with USB re-enumeration capability: Virtual COM port and debug port, n=1
2021-04-03 11:55:40,595 [WARN] DbBoardsPdsc:254 - Board STM32WB5MM-DK: unknown feature type=, name=, username=Comprehensive free software libraries and examples available with the STM32CubeWB MCU Package, n=1
2021-04-03 11:55:40,595 [WARN] DbBoardsPdsc:254 - Board STM32WB5MM-DK: unknown feature type=, name=, username=Support of a wide choice of Integrated Development Environments (IDEs) including IAR Embedded Workbench®, MDK-ARM, and STM32CubeIDE, n=1
2021-04-03 11:55:40,596 [WARN] DbBoardsPdsc:254 - Board STM32H7B3I-EVAL: unknown feature type=Audio, name=, username=Multi-Channel Audio Codec (CS42L51-CNZ), n=1
2021-04-03 11:55:40,597 [WARN] DbBoardsPdsc:254 - Board STM32H7B3I-EVAL: unknown feature type=Meter, name=, username=Power-metering and Temperature-monitoring with sigma-delta modulators, n=1
2021-04-03 11:55:40,597 [WARN] DbBoardsPdsc:254 - Board STM32H7B3I-EVAL: unknown feature type=Motor, name=, username=Motor Control, n=1
2021-04-03 11:55:40,623 [INFO] DbBoardsJson:87 - JSON generation date=Thu Feb 04 17:53:45 CET 2021 (1612457625)
2021-04-03 11:55:40,631 [INFO] DbBoards:117 - Found 161 boards (158 are supported by CubeMX)
2021-04-03 11:55:40,647 [INFO] DbBoardsDocs:143 - JSON generation date=Mon Feb 08 14:35:07 CET 2021 (1612791307)
2021-04-03 11:55:40,682 [INFO] DbBoardsDocs:79 - Found 193 boards documents
2021-04-03 11:55:40,683 [WARN] DbBoards:127 - board B-L462E-CELL1 has no document id list !
2021-04-03 11:55:40,683 [WARN] DbBoards:127 - board B-L475E-IOT01A2 has no document id list !
2021-04-03 11:55:40,684 [WARN] DbBoards:127 - board NUCLEO-G0B1RE has no document id list !
2021-04-03 11:55:40,684 [WARN] DbBoards:127 - board NUCLEO-H743ZI2 has no document id list !
2021-04-03 11:55:40,685 [WARN] DbBoards:127 - board NUCLEO-L4A6ZG has no document id list !
2021-04-03 11:55:40,686 [WARN] DbBoards:127 - board NUCLEO-WB15CC has no document id list !
2021-04-03 11:55:40,686 [WARN] DbBoards:127 - board NUCLEO-WB55RG has no document id list !
2021-04-03 11:55:40,686 [WARN] DbBoards:127 - board NUCLEO-WL55JC2 has no document id list !
2021-04-03 11:55:40,686 [WARN] DbBoards:127 - board P-NUCLEO-WB55-Nucleo has no document id list !
2021-04-03 11:55:40,686 [WARN] DbBoards:127 - board P-NUCLEO-WB55-USBDongle has no document id list !
2021-04-03 11:55:40,686 [WARN] DbBoards:127 - board STEVAL-BFA001V1B has no document id list !
2021-04-03 11:55:40,686 [WARN] DbBoards:127 - board STEVAL-BFA001V2B has no document id list !
2021-04-03 11:55:40,686 [WARN] DbBoards:127 - board STEVAL-IDP005V1 has no document id list !
2021-04-03 11:55:40,687 [WARN] DbBoards:127 - board STEVAL-IDP005V2 has no document id list !
2021-04-03 11:55:40,687 [WARN] DbBoards:127 - board STEVAL-MKSBOX1V1 has no document id list !
2021-04-03 11:55:40,687 [WARN] DbBoards:127 - board STEVAL-STWINKT1 has no document id list !
2021-04-03 11:55:40,687 [WARN] DbBoards:127 - board STEVAL-STWINKT1B has no document id list !
2021-04-03 11:55:40,688 [WARN] DbBoards:127 - board STM32F401C-DISCO has no document id list !
2021-04-03 11:55:40,688 [WARN] DbBoards:127 - board STM32F769I-DISC1 has no document id list !
2021-04-03 11:55:40,689 [WARN] DbBoards:127 - board STM32G0C1E-EV has no document id list !
2021-04-03 11:55:40,689 [WARN] DbBoards:127 - board STM32G474E-EVAL1 has no document id list !
2021-04-03 11:55:40,689 [WARN] DbBoards:127 - board STM32H743I-EVAL2 has no document id list !
2021-04-03 11:55:40,689 [WARN] DbBoards:127 - board STM32H747I-DISC1 has no document id list !
2021-04-03 11:55:40,690 [WARN] DbBoards:127 - board STM32H753I-EVAL2 has no document id list !
2021-04-03 11:55:40,690 [WARN] DbBoards:127 - board STM32L-DISCOVERY has no document id list !
2021-04-03 11:55:40,691 [WARN] DbBoards:127 - board STM32MP157A-DK1 has no document id list !
2021-04-03 11:55:40,691 [WARN] DbBoards:127 - board STM32MP157F-DK2 has no document id list !
2021-04-03 11:55:40,691 [WARN] DbBoards:127 - board STM32MP157F-EV1 has no document id list !
2021-04-03 11:55:40,691 [WARN] DbBoards:127 - board STM32WB5MM-DK has no document id list !
2021-04-03 11:55:42,714 [INFO] ApiDb:251 - Load user favorites file C:\Users\evers/.stm32cubeide/favorites.boards.txt: 1 item(s)
2021-04-03 11:55:42,714 [INFO] ApiDb:255 - User favorites Boards=[NUCLEO-L476RG]
2021-04-03 11:55:42,715 [INFO] DbBoards:206 - Set 1 / 1 favorites Boards
2021-04-03 11:55:45,600 [INFO] MultiScanPanel:200 - Auto-refresh data requested => check proxy status ongoing
2021-04-03 11:55:45,667 [WARN] DetailPanel:315 - Failed to get advertising image, set to default
2021-04-03 11:55:52,714 [INFO] RetryExec:97 - I/O exception (org.apache.http.NoHttpResponseException) caught when processing request to {}->http://sw-center.st.com:80: The target server failed to respond
2021-04-03 11:55:52,717 [INFO] RetryExec:113 - Retrying request to {}->http://sw-center.st.com:80
2021-04-03 11:55:53,352 [INFO] RetryExec:97 - I/O exception (org.apache.http.NoHttpResponseException) caught when processing request to {}->http://sw-center.st.com:80: The target server failed to respond
2021-04-03 11:55:53,353 [INFO] RetryExec:113 - Retrying request to {}->http://sw-center.st.com:80
2021-04-03 11:55:53,914 [INFO] RetryExec:97 - I/O exception (org.apache.http.NoHttpResponseException) caught when processing request to {}->http://sw-center.st.com:80: The target server failed to respond
2021-04-03 11:55:53,915 [INFO] RetryExec:113 - Retrying request to {}->http://sw-center.st.com:80
2021-04-03 11:56:06,111 [INFO] RetryExec:97 - I/O exception (org.apache.http.NoHttpResponseException) caught when processing request to {s}->https://sw-center.st.com:443: The target server failed to respond
2021-04-03 11:56:06,112 [INFO] RetryExec:113 - Retrying request to {s}->https://sw-center.st.com:443
2021-04-03 11:56:08,301 [INFO] RetryExec:97 - I/O exception (org.apache.http.NoHttpResponseException) caught when processing request to {s}->https://sw-center.st.com:443: The target server failed to respond
2021-04-03 11:56:08,301 [INFO] RetryExec:113 - Retrying request to {s}->https://sw-center.st.com:443
2021-04-03 11:56:10,011 [INFO] ApiDb:276 - Save user favorites file C:\Users\evers/.stm32cubeide/favorites.mcus.txt: 0 item(s)
2021-04-03 11:56:10,012 [INFO] ApiDb:280 - User favorites MCUs=[]
2021-04-03 11:56:10,016 [INFO] ApiDb:276 - Save user favorites file C:\Users\evers/.stm32cubeide/favorites.boards.txt: 1 item(s)
2021-04-03 11:56:10,017 [INFO] ApiDb:280 - User favorites Boards=[NUCLEO-L476RG]
2021-04-03 11:56:10,570 [INFO] RetryExec:97 - I/O exception (org.apache.http.NoHttpResponseException) caught when processing request to {s}->https://sw-center.st.com:443: The target server failed to respond
2021-04-03 11:56:10,571 [INFO] RetryExec:113 - Retrying request to {s}->https://sw-center.st.com:443
2021-04-03 11:56:11,277 [INFO] RetryExec:97 - I/O exception (org.apache.http.NoHttpResponseException) caught when processing request to {s}->https://sw-center.st.com:443: The target server failed to respond
2021-04-03 11:56:11,278 [INFO] RetryExec:113 - Retrying request to {s}->https://sw-center.st.com:443
2021-04-03 11:56:11,941 [INFO] RetryExec:97 - I/O exception (org.apache.http.NoHttpResponseException) caught when processing request to {s}->https://sw-center.st.com:443: The target server failed to respond
2021-04-03 11:56:11,941 [INFO] RetryExec:113 - Retrying request to {s}->https://sw-center.st.com:443
2021-04-03 11:56:12,589 [INFO] RetryExec:97 - I/O exception (org.apache.http.NoHttpResponseException) caught when processing request to {s}->https://sw-center.st.com:443: The target server failed to respond
2021-04-03 11:56:12,589 [INFO] RetryExec:113 - Retrying request to {s}->https://sw-center.st.com:443
2021-04-03 11:56:13,644 [INFO] RetryExec:97 - I/O exception (org.apache.http.NoHttpResponseException) caught when processing request to {s}->https://sw-center.st.com:443: The target server failed to respond
2021-04-03 11:56:13,644 [INFO] RetryExec:113 - Retrying request to {s}->https://sw-center.st.com:443
2021-04-03 16:19:13,078 [ERROR] LogOutputStream:74 - [STDERR_REDIRECT] [Fatal Error] :1:1: Premature end of file.
2021-04-03 16:19:13,078 [ERROR] LogOutputStream:74 - [STDERR_REDIRECT] 
2021-04-03 16:19:14,053 [ERROR] LogOutputStream:74 - [STDERR_REDIRECT] [Fatal Error] :1:1: Premature end of file.
2021-04-03 16:19:14,053 [ERROR] LogOutputStream:74 - [STDERR_REDIRECT] 
2021-04-03 16:19:15,063 [ERROR] LogOutputStream:74 - [STDERR_REDIRECT] [Fatal Error] :1:1: Premature end of file.
2021-04-03 16:19:15,063 [ERROR] LogOutputStream:74 - [STDERR_REDIRECT] 
2021-04-03 16:19:16,064 [ERROR] LogOutputStream:74 - [STDERR_REDIRECT] [Fatal Error] :1:1: Premature end of file.
2021-04-03 16:19:16,065 [ERROR] LogOutputStream:74 - [STDERR_REDIRECT] 
2021-04-03 16:19:17,059 [ERROR] LogOutputStream:74 - [STDERR_REDIRECT] [Fatal Error] :1:1: Premature end of file.
2021-04-03 16:19:17,060 [ERROR] LogOutputStream:74 - [STDERR_REDIRECT] 
2021-04-03 16:19:18,064 [ERROR] LogOutputStream:74 - [STDERR_REDIRECT] [Fatal Error] :1:1: Premature end of file.
2021-04-03 16:19:18,065 [ERROR] LogOutputStream:74 - [STDERR_REDIRECT] 
2021-04-03 16:19:19,043 [ERROR] LogOutputStream:74 - [STDERR_REDIRECT] [Fatal Error] :1:1: Premature end of file.
2021-04-03 16:19:19,044 [ERROR] LogOutputStream:74 - [STDERR_REDIRECT] 
2021-04-03 16:19:20,060 [ERROR] LogOutputStream:74 - [STDERR_REDIRECT] [Fatal Error] :1:1: Premature end of file.
2021-04-03 16:19:20,060 [ERROR] LogOutputStream:74 - [STDERR_REDIRECT] 
2021-04-03 16:19:21,058 [ERROR] LogOutputStream:74 - [STDERR_REDIRECT] [Fatal Error] :1:1: Premature end of file.
2021-04-03 16:19:21,058 [ERROR] LogOutputStream:74 - [STDERR_REDIRECT] 
2021-04-03 16:19:22,057 [ERROR] LogOutputStream:74 - [STDERR_REDIRECT] [Fatal Error] :1:1: Premature end of file.
2021-04-03 16:19:22,057 [ERROR] LogOutputStream:74 - [STDERR_REDIRECT] 
2021-04-03 16:19:23,060 [ERROR] LogOutputStream:74 - [STDERR_REDIRECT] [Fatal Error] :1:1: Premature end of file.
2021-04-03 16:19:23,060 [ERROR] LogOutputStream:74 - [STDERR_REDIRECT] 
2021-04-03 16:19:24,052 [ERROR] LogOutputStream:74 - [STDERR_REDIRECT] [Fatal Error] :1:1: Premature end of file.
2021-04-03 16:19:24,052 [ERROR] LogOutputStream:74 - [STDERR_REDIRECT] 
2021-04-12 16:25:43,043 [INFO] Activator:170 - 


2021-04-12 16:25:43,045 [INFO] Activator:171 - !SESSION log4j initialized
