2021-04-13 15:53:30,902 [INFO] Activator:170 - 


2021-04-13 15:53:30,905 [INFO] Activator:171 - !SESSION log4j initialized
2021-04-13 15:53:36,255 [INFO] McuFinderGlobals:39 - Set McuFinder mode to 2 (CubeIDE integrated)
2021-04-13 15:53:36,484 [INFO] ApplicationProperties:181 - Using Application install path: C:\ST\STM32CubeIDE_1.4.0\STM32CubeIDE\plugins\com.st.stm32cube.common.mx_6.2.1.202103241236
2021-04-13 15:53:36,499 [INFO] DbMcusXml:74 - Set database path to: C:\ST\STM32CubeIDE_1.4.0\STM32CubeIDE\plugins\com.st.stm32cube.common.mx_6.2.1.202103241236\\db\/mcu/
2021-04-13 15:53:36,504 [INFO] DbBoardsPdsc:56 - Set plugin database path to: C:\ST\STM32CubeIDE_1.4.0\STM32CubeIDE\plugins\com.st.stm32cube.common.mx_6.2.1.202103241236\\db\/plugins/boardmanager/
2021-04-13 15:53:36,505 [INFO] DbMcus:258 - Set plugin images path to: C:\ST\STM32CubeIDE_1.4.0\STM32CubeIDE\plugins\com.st.stm32cube.common.mx_6.2.1.202103241236\\db\/plugins/mcufinder/images/
2021-04-13 15:53:36,505 [INFO] DbBoards:264 - Set plugin images path to: C:\ST\STM32CubeIDE_1.4.0\STM32CubeIDE\plugins\com.st.stm32cube.common.mx_6.2.1.202103241236\\db\/plugins/mcufinder/images/
2021-04-13 15:53:36,508 [INFO] DbExamples:333 - Set plugin images path to: C:\ST\STM32CubeIDE_1.4.0\STM32CubeIDE\plugins\com.st.stm32cube.common.mx_6.2.1.202103241236\\db\/plugins/mcufinder/images/
2021-04-13 15:53:36,520 [INFO] DbMcusAds:85 - Set database path to: C:\Users\evers\.stmcufinder\plugins\mcufinder//mcu/
2021-04-13 15:53:36,522 [INFO] DbMcusDocs:110 - Set database path to: C:\Users\evers\.stmcufinder\plugins\mcufinder//mcu/
2021-04-13 15:53:36,524 [INFO] DbMcusJson:65 - Set database path to: C:\Users\evers\.stmcufinder\plugins\mcufinder//mcu/
2021-04-13 15:53:36,525 [INFO] DbBoardsDocs:110 - Set database path to: C:\Users\evers\.stmcufinder\plugins\mcufinder//mcu/
2021-04-13 15:53:36,526 [INFO] DbBoardsJson:58 - Set database path to: C:\Users\evers\.stmcufinder\plugins\mcufinder//mcu/
2021-04-13 15:53:36,530 [INFO] CrossReferenceDbSqlite:196 - Set database path to: C:\Users\evers\.stmcufinder\plugins\mcufinder//mcu/cs/
2021-04-13 15:53:36,533 [INFO] DbExamplesSqlite:690 - Set database path to: C:\Users\evers\.stmcufinder\plugins\mcufinder//mcu/
2021-04-13 15:53:36,638 [INFO] RulesReader:52 - Compatibility file has been processed (237 Rules)
2021-04-13 15:53:36,727 [INFO] MicroXplorer:622 - Detected Java Version = 11.0.9.1
2021-04-13 15:53:36,728 [INFO] DbMcusXml:74 - Set database path to: C:\ST\STM32CubeIDE_1.4.0\STM32CubeIDE\plugins\com.st.stm32cube.common.mx_6.2.1.202103241236\\db\/mcu/
2021-04-13 15:53:36,728 [INFO] DbBoardsPdsc:56 - Set plugin database path to: C:\ST\STM32CubeIDE_1.4.0\STM32CubeIDE\plugins\com.st.stm32cube.common.mx_6.2.1.202103241236\\db\/plugins/boardmanager/
2021-04-13 15:53:36,728 [INFO] DbMcus:258 - Set plugin images path to: C:\ST\STM32CubeIDE_1.4.0\STM32CubeIDE\plugins\com.st.stm32cube.common.mx_6.2.1.202103241236\\db\/plugins/mcufinder/images/
2021-04-13 15:53:36,728 [INFO] DbBoards:264 - Set plugin images path to: C:\ST\STM32CubeIDE_1.4.0\STM32CubeIDE\plugins\com.st.stm32cube.common.mx_6.2.1.202103241236\\db\/plugins/mcufinder/images/
2021-04-13 15:53:36,729 [INFO] DbExamples:333 - Set plugin images path to: C:\ST\STM32CubeIDE_1.4.0\STM32CubeIDE\plugins\com.st.stm32cube.common.mx_6.2.1.202103241236\\db\/plugins/mcufinder/images/
2021-04-13 15:53:36,729 [WARN] DbFile:35 - Overriding database path with different value: C:\Users\evers\.stmcufinder\plugins\mcufinder/ => C:\Users\evers\.stmcufinder\plugins\mcufinder
2021-04-13 15:53:36,729 [INFO] DbMcusAds:85 - Set database path to: C:\Users\evers\.stmcufinder\plugins\mcufinder//mcu/
2021-04-13 15:53:36,729 [WARN] DbFile:35 - Overriding database path with different value: C:\Users\evers\.stmcufinder\plugins\mcufinder/ => C:\Users\evers\.stmcufinder\plugins\mcufinder
2021-04-13 15:53:36,729 [INFO] DbMcusDocs:110 - Set database path to: C:\Users\evers\.stmcufinder\plugins\mcufinder//mcu/
2021-04-13 15:53:36,729 [WARN] DbFile:35 - Overriding database path with different value: C:\Users\evers\.stmcufinder\plugins\mcufinder/ => C:\Users\evers\.stmcufinder\plugins\mcufinder
2021-04-13 15:53:36,729 [INFO] DbMcusJson:65 - Set database path to: C:\Users\evers\.stmcufinder\plugins\mcufinder//mcu/
2021-04-13 15:53:36,729 [WARN] DbFile:35 - Overriding database path with different value: C:\Users\evers\.stmcufinder\plugins\mcufinder/ => C:\Users\evers\.stmcufinder\plugins\mcufinder
2021-04-13 15:53:36,730 [INFO] DbBoardsDocs:110 - Set database path to: C:\Users\evers\.stmcufinder\plugins\mcufinder//mcu/
2021-04-13 15:53:36,730 [WARN] DbFile:35 - Overriding database path with different value: C:\Users\evers\.stmcufinder\plugins\mcufinder/ => C:\Users\evers\.stmcufinder\plugins\mcufinder
2021-04-13 15:53:36,730 [INFO] DbBoardsJson:58 - Set database path to: C:\Users\evers\.stmcufinder\plugins\mcufinder//mcu/
2021-04-13 15:53:36,730 [WARN] DbFile:35 - Overriding database path with different value: C:\Users\evers\.stmcufinder\plugins\mcufinder/ => C:\Users\evers\.stmcufinder\plugins\mcufinder
2021-04-13 15:53:36,730 [WARN] DbFile:35 - Overriding database path with different value: C:\Users\evers\.stmcufinder\plugins\mcufinder/ => C:\Users\evers\.stmcufinder\plugins\mcufinder
2021-04-13 15:53:36,730 [INFO] CrossReferenceDbSqlite:196 - Set database path to: C:\Users\evers\.stmcufinder\plugins\mcufinder//mcu/cs/
2021-04-13 15:53:36,730 [WARN] DbFile:35 - Overriding database path with different value: C:\Users\evers\.stmcufinder\plugins\mcufinder/ => C:\Users\evers\.stmcufinder\plugins\mcufinder
2021-04-13 15:53:36,730 [INFO] DbExamplesSqlite:690 - Set database path to: C:\Users\evers\.stmcufinder\plugins\mcufinder//mcu/
2021-04-13 15:53:36,802 [INFO] MainPanel:204 - HeapMemory: 268435456
2021-04-13 15:53:36,898 [INFO] DbMcusXml:74 - Set database path to: C:\ST\STM32CubeIDE_1.4.0\STM32CubeIDE\plugins\com.st.stm32cube.common.mx_6.2.1.202103241236\\db\/mcu/
2021-04-13 15:53:36,898 [INFO] DbBoardsPdsc:56 - Set plugin database path to: C:\ST\STM32CubeIDE_1.4.0\STM32CubeIDE\plugins\com.st.stm32cube.common.mx_6.2.1.202103241236\\db\/plugins/boardmanager/
2021-04-13 15:53:36,898 [INFO] DbMcus:258 - Set plugin images path to: C:\ST\STM32CubeIDE_1.4.0\STM32CubeIDE\plugins\com.st.stm32cube.common.mx_6.2.1.202103241236\\db\/plugins/mcufinder/images/
2021-04-13 15:53:36,898 [INFO] DbBoards:264 - Set plugin images path to: C:\ST\STM32CubeIDE_1.4.0\STM32CubeIDE\plugins\com.st.stm32cube.common.mx_6.2.1.202103241236\\db\/plugins/mcufinder/images/
2021-04-13 15:53:36,898 [INFO] DbExamples:333 - Set plugin images path to: C:\ST\STM32CubeIDE_1.4.0\STM32CubeIDE\plugins\com.st.stm32cube.common.mx_6.2.1.202103241236\\db\/plugins/mcufinder/images/
2021-04-13 15:53:36,899 [WARN] DbFile:35 - Overriding database path with different value: C:\Users\evers\.stmcufinder\plugins\mcufinder/ => C:\Users\evers\.stmcufinder\plugins\mcufinder
2021-04-13 15:53:36,899 [INFO] DbMcusAds:85 - Set database path to: C:\Users\evers\.stmcufinder\plugins\mcufinder//mcu/
2021-04-13 15:53:36,899 [WARN] DbFile:35 - Overriding database path with different value: C:\Users\evers\.stmcufinder\plugins\mcufinder/ => C:\Users\evers\.stmcufinder\plugins\mcufinder
2021-04-13 15:53:36,900 [INFO] DbMcusDocs:110 - Set database path to: C:\Users\evers\.stmcufinder\plugins\mcufinder//mcu/
2021-04-13 15:53:36,900 [WARN] DbFile:35 - Overriding database path with different value: C:\Users\evers\.stmcufinder\plugins\mcufinder/ => C:\Users\evers\.stmcufinder\plugins\mcufinder
2021-04-13 15:53:36,900 [INFO] DbMcusJson:65 - Set database path to: C:\Users\evers\.stmcufinder\plugins\mcufinder//mcu/
2021-04-13 15:53:36,900 [WARN] DbFile:35 - Overriding database path with different value: C:\Users\evers\.stmcufinder\plugins\mcufinder/ => C:\Users\evers\.stmcufinder\plugins\mcufinder
2021-04-13 15:53:36,900 [INFO] DbBoardsDocs:110 - Set database path to: C:\Users\evers\.stmcufinder\plugins\mcufinder//mcu/
2021-04-13 15:53:36,900 [WARN] DbFile:35 - Overriding database path with different value: C:\Users\evers\.stmcufinder\plugins\mcufinder/ => C:\Users\evers\.stmcufinder\plugins\mcufinder
2021-04-13 15:53:36,900 [INFO] DbBoardsJson:58 - Set database path to: C:\Users\evers\.stmcufinder\plugins\mcufinder//mcu/
2021-04-13 15:53:36,900 [WARN] DbFile:35 - Overriding database path with different value: C:\Users\evers\.stmcufinder\plugins\mcufinder/ => C:\Users\evers\.stmcufinder\plugins\mcufinder
2021-04-13 15:53:36,900 [WARN] DbFile:35 - Overriding database path with different value: C:\Users\evers\.stmcufinder\plugins\mcufinder/ => C:\Users\evers\.stmcufinder\plugins\mcufinder
2021-04-13 15:53:36,900 [INFO] CrossReferenceDbSqlite:196 - Set database path to: C:\Users\evers\.stmcufinder\plugins\mcufinder//mcu/cs/
2021-04-13 15:53:36,900 [WARN] DbFile:35 - Overriding database path with different value: C:\Users\evers\.stmcufinder\plugins\mcufinder/ => C:\Users\evers\.stmcufinder\plugins\mcufinder
2021-04-13 15:53:36,901 [INFO] DbExamplesSqlite:690 - Set database path to: C:\Users\evers\.stmcufinder\plugins\mcufinder//mcu/
2021-04-13 15:53:36,923 [INFO] ApplicationProperties:181 - Using Application install path: C:\ST\STM32CubeIDE_1.4.0\STM32CubeIDE\plugins\com.st.stm32cube.common.mx_6.2.1.202103241236
2021-04-13 15:53:36,925 [INFO] PluginManage:178 - Search for loadable plugins [exclusion list=, ]
2021-04-13 15:53:36,927 [INFO] PluginManage:292 - Check plugin analytics
2021-04-13 15:53:37,093 [INFO] AnalyticsPlugin:233 - Accepted Software Licenses: STM32CubeMX.6.0.1,STM32CubeMX.6.1.1,STM32CubeMX.6.1.2,STM32CubeMX.6.2.0
2021-04-13 15:53:37,094 [INFO] AnalyticsPlugin:235 - Accepted CMSIS Pack Licenses: 
2021-04-13 15:53:37,094 [INFO] AnalyticsPlugin:237 - Accepted Firmware Licenses: 
2021-04-13 15:53:37,094 [INFO] PluginManage:342 - Loaded plugin analytics (category:tool,tabindex:-1)
2021-04-13 15:53:37,095 [INFO] PluginManage:292 - Check plugin clock
2021-04-13 15:53:37,111 [INFO] PluginManage:342 - Loaded plugin clock (category:base,tabindex:2)
2021-04-13 15:53:37,111 [INFO] PluginManage:292 - Check plugin ddr
2021-04-13 15:53:37,114 [INFO] PluginManage:342 - Loaded plugin ddr (category:tool,tabindex:6)
2021-04-13 15:53:37,115 [INFO] PluginManage:292 - Check plugin filemanager
2021-04-13 15:53:37,236 [INFO] PluginManage:342 - Loaded plugin filemanager (category:base,tabindex:10)
2021-04-13 15:53:37,236 [INFO] PluginManage:292 - Check plugin ipmanager
2021-04-13 15:53:37,246 [INFO] PluginManage:342 - Loaded plugin ipmanager (category:base,tabindex:5)
2021-04-13 15:53:37,246 [INFO] PluginManage:292 - Check plugin pinoutandconfiguration
2021-04-13 15:53:37,258 [INFO] PluginManage:342 - Loaded plugin pinoutandconfiguration (category:base,tabindex:1)
2021-04-13 15:53:37,258 [INFO] PluginManage:292 - Check plugin pinoutconfig
2021-04-13 15:53:37,290 [INFO] PluginManage:342 - Loaded plugin pinoutconfig (category:base,tabindex:0)
2021-04-13 15:53:37,290 [INFO] PluginManage:292 - Check plugin power
2021-04-13 15:53:37,304 [INFO] PluginManage:342 - Loaded plugin power (category:power,tabindex:4)
2021-04-13 15:53:37,305 [INFO] PluginManage:292 - Check plugin projectmanager
2021-04-13 15:53:37,323 [INFO] PluginManage:342 - Loaded plugin projectmanager (category:projectmanager,tabindex:3)
2021-04-13 15:53:37,323 [INFO] PluginManage:292 - Check plugin thirdparty
2021-04-13 15:53:37,481 [INFO] PluginManage:342 - Loaded plugin thirdparty (category:base,tabindex:-1)
2021-04-13 15:53:37,482 [INFO] PluginManage:292 - Check plugin tools
2021-04-13 15:53:37,482 [WARN] IntegrityCheckThread:59 - waiting for thirdparty lock release [integrity check]
2021-04-13 15:53:37,483 [INFO] IntegrityCheckThread:61 - entering critical section [integrity check]
2021-04-13 15:53:37,483 [INFO] ThirdPartyUpdaterWithRetryManager:56 - Updater plugin not ready yet. [1/15]
2021-04-13 15:53:37,485 [INFO] PluginManage:342 - Loaded plugin tools (category:base,tabindex:7)
2021-04-13 15:53:37,486 [INFO] PluginManage:292 - Check plugin tutovideos
2021-04-13 15:53:37,749 [INFO] PluginManage:342 - Loaded plugin tutovideos (category:base,tabindex:-1)
2021-04-13 15:53:37,749 [INFO] PluginManage:292 - Check plugin updater
2021-04-13 15:53:37,763 [INFO] PluginManage:342 - Loaded plugin updater (category:base,tabindex:12)
2021-04-13 15:53:37,764 [INFO] PluginManage:265 - PluginManage : Loaded plugins [13]
2021-04-13 15:53:37,933 [INFO] PinOutPanel:1435 - setPackage(No Configuration,No Configuration)
2021-04-13 15:53:38,021 [INFO] IPUIPlugin:64 - create IPUIPlugin
2021-04-13 15:53:38,021 [INFO] PluginManager:203 - loadIPPluginJar : add adc
2021-04-13 15:53:38,025 [INFO] IPUIPlugin:64 - create IPUIPlugin
2021-04-13 15:53:38,025 [INFO] PluginManager:203 - loadIPPluginJar : add aes
2021-04-13 15:53:38,028 [INFO] IPUIPlugin:64 - create IPUIPlugin
2021-04-13 15:53:38,028 [INFO] PluginManager:203 - loadIPPluginJar : add can
2021-04-13 15:53:38,031 [INFO] IPUIPlugin:64 - create IPUIPlugin
2021-04-13 15:53:38,031 [INFO] PluginManager:203 - loadIPPluginJar : add comp
2021-04-13 15:53:38,034 [INFO] IPUIPlugin:64 - create IPUIPlugin
2021-04-13 15:53:38,034 [INFO] PluginManager:203 - loadIPPluginJar : add cryp
2021-04-13 15:53:38,038 [INFO] IPUIPlugin:64 - create IPUIPlugin
2021-04-13 15:53:38,038 [INFO] PluginManager:203 - loadIPPluginJar : add dfsdm
2021-04-13 15:53:38,044 [INFO] IPUIPlugin:64 - create IPUIPlugin
2021-04-13 15:53:38,046 [INFO] PluginManager:203 - loadIPPluginJar : add dma
2021-04-13 15:53:38,049 [INFO] IPUIPlugin:64 - create IPUIPlugin
2021-04-13 15:53:38,049 [INFO] PluginManager:203 - loadIPPluginJar : add fatfs
2021-04-13 15:53:38,054 [INFO] IPUIPlugin:64 - create IPUIPlugin
2021-04-13 15:53:38,054 [INFO] PluginManager:203 - loadIPPluginJar : add fmc
2021-04-13 15:53:38,061 [INFO] IPUIPlugin:64 - create IPUIPlugin
2021-04-13 15:53:38,063 [INFO] PluginManager:203 - loadIPPluginJar : add freertos
2021-04-13 15:53:38,065 [INFO] IPUIPlugin:64 - create IPUIPlugin
2021-04-13 15:53:38,065 [INFO] PluginManager:203 - loadIPPluginJar : add genericplugin
2021-04-13 15:53:38,068 [INFO] IPUIPlugin:64 - create IPUIPlugin
2021-04-13 15:53:38,068 [INFO] PluginManager:203 - loadIPPluginJar : add gfxmmu
2021-04-13 15:53:38,075 [INFO] IPUIPlugin:64 - create IPUIPlugin
2021-04-13 15:53:38,075 [INFO] PluginManager:203 - loadIPPluginJar : add gic
2021-04-13 15:53:38,080 [INFO] IPUIPlugin:64 - create IPUIPlugin
2021-04-13 15:53:38,081 [INFO] PluginManager:203 - loadIPPluginJar : add gpio
2021-04-13 15:53:38,086 [INFO] IPUIPlugin:64 - create IPUIPlugin
2021-04-13 15:53:38,086 [INFO] PluginManager:203 - loadIPPluginJar : add gtzc
2021-04-13 15:53:38,089 [INFO] IPUIPlugin:64 - create IPUIPlugin
2021-04-13 15:53:38,089 [INFO] PluginManager:203 - loadIPPluginJar : add hash
2021-04-13 15:53:38,093 [INFO] IPUIPlugin:64 - create IPUIPlugin
2021-04-13 15:53:38,093 [INFO] PluginManager:203 - loadIPPluginJar : add i2c
2021-04-13 15:53:38,097 [INFO] IPUIPlugin:64 - create IPUIPlugin
2021-04-13 15:53:38,097 [INFO] PluginManager:203 - loadIPPluginJar : add i2s
2021-04-13 15:53:38,101 [INFO] IPUIPlugin:64 - create IPUIPlugin
2021-04-13 15:53:38,101 [INFO] PluginManager:203 - loadIPPluginJar : add ipddr
2021-04-13 15:53:38,104 [INFO] IPUIPlugin:64 - create IPUIPlugin
2021-04-13 15:53:38,105 [INFO] PluginManager:203 - loadIPPluginJar : add lorawan
2021-04-13 15:53:38,108 [INFO] IPUIPlugin:64 - create IPUIPlugin
2021-04-13 15:53:38,108 [INFO] PluginManager:203 - loadIPPluginJar : add ltdc
2021-04-13 15:53:38,114 [INFO] IPUIPlugin:64 - create IPUIPlugin
2021-04-13 15:53:38,114 [INFO] PluginManager:203 - loadIPPluginJar : add mdma
2021-04-13 15:53:38,120 [INFO] IPUIPlugin:64 - create IPUIPlugin
2021-04-13 15:53:38,120 [INFO] PluginManager:203 - loadIPPluginJar : add nvic
2021-04-13 15:53:38,124 [INFO] IPUIPlugin:64 - create IPUIPlugin
2021-04-13 15:53:38,124 [INFO] PluginManager:203 - loadIPPluginJar : add opamp
2021-04-13 15:53:38,128 [INFO] IPUIPlugin:64 - create IPUIPlugin
2021-04-13 15:53:38,128 [INFO] PluginManager:203 - loadIPPluginJar : add openamp
2021-04-13 15:53:38,132 [INFO] IPUIPlugin:64 - create IPUIPlugin
2021-04-13 15:53:38,133 [INFO] PluginManager:203 - loadIPPluginJar : add pdm2pcm
2021-04-13 15:53:38,141 [INFO] IPUIPlugin:64 - create IPUIPlugin
2021-04-13 15:53:38,143 [INFO] PluginManager:203 - loadIPPluginJar : add plateformsettings
2021-04-13 15:53:38,145 [INFO] IPUIPlugin:64 - create IPUIPlugin
2021-04-13 15:53:38,146 [INFO] PluginManager:203 - loadIPPluginJar : add quadspi
2021-04-13 15:53:38,153 [INFO] IPUIPlugin:64 - create IPUIPlugin
2021-04-13 15:53:38,154 [INFO] PluginManager:203 - loadIPPluginJar : add resmgrutility
2021-04-13 15:53:38,158 [INFO] IPUIPlugin:64 - create IPUIPlugin
2021-04-13 15:53:38,158 [INFO] PluginManager:203 - loadIPPluginJar : add sai
2021-04-13 15:53:38,163 [INFO] IPUIPlugin:64 - create IPUIPlugin
2021-04-13 15:53:38,163 [INFO] PluginManager:203 - loadIPPluginJar : add spi
2021-04-13 15:53:38,167 [INFO] IPUIPlugin:64 - create IPUIPlugin
2021-04-13 15:53:38,167 [INFO] PluginManager:203 - loadIPPluginJar : add stm32_wpan
2021-04-13 15:53:38,171 [INFO] IPUIPlugin:64 - create IPUIPlugin
2021-04-13 15:53:38,171 [INFO] PluginManager:203 - loadIPPluginJar : add tim
2021-04-13 15:53:38,175 [INFO] IPUIPlugin:64 - create IPUIPlugin
2021-04-13 15:53:38,176 [INFO] PluginManager:203 - loadIPPluginJar : add touchsensing
2021-04-13 15:53:38,179 [INFO] IPUIPlugin:64 - create IPUIPlugin
2021-04-13 15:53:38,179 [INFO] PluginManager:203 - loadIPPluginJar : add tracer_emb
2021-04-13 15:53:38,182 [INFO] IPUIPlugin:64 - create IPUIPlugin
2021-04-13 15:53:38,182 [INFO] PluginManager:203 - loadIPPluginJar : add ts
2021-04-13 15:53:38,185 [INFO] IPUIPlugin:64 - create IPUIPlugin
2021-04-13 15:53:38,185 [INFO] PluginManager:203 - loadIPPluginJar : add tsc
2021-04-13 15:53:38,189 [INFO] IPUIPlugin:64 - create IPUIPlugin
2021-04-13 15:53:38,189 [INFO] PluginManager:203 - loadIPPluginJar : add ucpd
2021-04-13 15:53:38,192 [INFO] IPUIPlugin:64 - create IPUIPlugin
2021-04-13 15:53:38,193 [INFO] PluginManager:203 - loadIPPluginJar : add usart
2021-04-13 15:53:38,538 [FATAL] Updater:284 - Updater called before beeing initialized
2021-04-13 15:53:38,646 [FATAL] Updater:284 - Updater called before beeing initialized
2021-04-13 15:53:38,650 [INFO] DbMcusAds:132 - JSON generation date=Mon Mar 01 11:27:39 CET 2021 (1614594459504)
2021-04-13 15:53:38,651 [FATAL] Updater:284 - Updater called before beeing initialized
2021-04-13 15:53:38,694 [WARN] DetailPanel:315 - Failed to get advertising image, set to default
2021-04-13 15:53:38,888 [FATAL] Updater:284 - Updater called before beeing initialized
2021-04-13 15:53:38,890 [FATAL] Updater:284 - Updater called before beeing initialized
2021-04-13 15:53:38,890 [FATAL] Updater:284 - Updater called before beeing initialized
2021-04-13 15:53:38,890 [WARN] DetailPanel:315 - Failed to get advertising image, set to default
2021-04-13 15:53:38,892 [FATAL] Updater:284 - Updater called before beeing initialized
2021-04-13 15:53:38,940 [FATAL] Updater:284 - Updater called before beeing initialized
2021-04-13 15:53:38,940 [WARN] ThirdParty:796 - waiting for thirdparty lock release [close project]
2021-04-13 15:53:40,491 [INFO] ThirdPartyUpdaterWithRetryManager:56 - Updater plugin not ready yet. [2/15]
2021-04-13 15:53:43,496 [FATAL] Updater:284 - Updater called before beeing initialized
2021-04-13 15:53:43,497 [ERROR] AbstractThirdPartyUpdaterManager:153 - class java.lang.Integer cannot be cast to class java.util.List (java.lang.Integer and java.util.List are in module java.base of loader 'bootstrap')
2021-04-13 15:53:43,497 [INFO] ThirdParty:900 - Integrity check success = false
2021-04-13 15:53:43,498 [INFO] IntegrityCheckThread:75 - exiting critical section [integrity check]
2021-04-13 15:53:43,498 [INFO] IntegrityCheckThread:78 - End integrity checks thread
2021-04-13 15:53:43,498 [INFO] ThirdParty:798 - entering critical section [close project]
2021-04-13 15:53:43,503 [INFO] ThirdParty:809 - exiting critical section [close project]
2021-04-13 15:53:43,514 [INFO] PinOutPanel:1435 - setPackage(No Configuration,No Configuration)
2021-04-13 15:53:43,516 [FATAL] Updater:284 - Updater called before beeing initialized
2021-04-13 15:53:43,531 [ERROR] Updater:1065 - MainUpdater not yet initialized. External WinMGr cannot be set.
2021-04-13 15:53:43,535 [INFO] Updater:1002 - Updater Version found : 6.2.1
2021-04-13 15:53:43,562 [INFO] ApplicationProperties:181 - Using Application install path: C:\ST\STM32CubeIDE_1.4.0\STM32CubeIDE\plugins\com.st.stm32cube.common.mx_6.2.1.202103241236
2021-04-13 15:53:43,698 [INFO] MainUpdater:2661 - connection check result : 10
2021-04-13 15:53:43,698 [INFO] MainUpdater:3349 - Updater definition file requires update
2021-04-13 15:53:43,700 [INFO] MainUpdater:255 - Updater Check For Update Now.
2021-04-13 15:53:43,701 [INFO] MicroXplorer:472 - Change Database Version : DB.6.0.21
2021-04-13 15:53:43,736 [INFO] ServerAccessManage:348 - Download File updaters.zip
2021-04-13 15:53:43,818 [INFO] FileExtend:225 - Unzip File : updaters.zip
2021-04-13 15:53:43,819 [INFO] FileExtend:240 - Standard Zip Deflate
2021-04-13 15:53:44,157 [INFO] ServerAccessManage:348 - Download File PacksControlFlags.xml
2021-04-13 15:53:44,219 [INFO] ServerAccessManage:348 - Download File cubemx.pidx
2021-04-13 15:53:44,304 [INFO] LoadServerUpdatesThread:329 - End of LoadServerUpdate Thread
2021-04-13 15:53:44,334 [INFO] CheckServerUpdateThread:102 - End of CheckServer Thread
2021-04-13 15:53:44,384 [INFO] MainUpdater:2661 - connection check result : 10
2021-04-13 15:53:44,414 [INFO] ServerAccessManage:348 - Download File ad.zip
2021-04-13 15:53:44,518 [INFO] FileExtend:225 - Unzip File : ad.zip
2021-04-13 15:53:44,520 [INFO] FileExtend:240 - Standard Zip Deflate
2021-04-13 15:53:44,547 [INFO] LoadUrlFilesThread:135 - End of LoadUrlFiles Thread
2021-04-13 15:53:44,692 [INFO] ServerAccessManage:348 - Download File mcusAds.json._tmp_
2021-04-13 15:53:44,700 [INFO] LoadUrlFilesThread:135 - End of LoadUrlFiles Thread
2021-04-13 15:53:44,833 [INFO] ServerAccessManage:348 - Download File mcusDocs.json._tmp_
2021-04-13 15:53:44,906 [INFO] LoadUrlFilesThread:135 - End of LoadUrlFiles Thread
2021-04-13 15:53:44,946 [INFO] ServerAccessManage:348 - Download File mcusFeaturesAndDescription.json._tmp_
2021-04-13 15:53:45,940 [INFO] LoadUrlFilesThread:135 - End of LoadUrlFiles Thread
2021-04-13 15:53:45,998 [INFO] ServerAccessManage:348 - Download File boardsDocs.json._tmp_
2021-04-13 15:53:46,048 [INFO] LoadUrlFilesThread:135 - End of LoadUrlFiles Thread
2021-04-13 15:53:46,105 [INFO] ServerAccessManage:348 - Download File boards.json._tmp_
2021-04-13 15:53:46,161 [INFO] LoadUrlFilesThread:135 - End of LoadUrlFiles Thread
2021-04-13 15:53:46,206 [INFO] ServerAccessManage:348 - Download File cube-finder-db.zip
2021-04-13 15:53:48,443 [INFO] FileExtend:225 - Unzip File : cube-finder-db.zip
2021-04-13 15:53:48,443 [INFO] FileExtend:240 - Standard Zip Deflate
2021-04-13 15:53:48,756 [INFO] LoadUrlFilesThread:135 - End of LoadUrlFiles Thread
2021-04-13 15:53:48,918 [INFO] ServerAccessManage:348 - Download File crdb.zip
2021-04-13 15:53:49,109 [INFO] FileExtend:225 - Unzip File : crdb.zip
2021-04-13 15:53:49,110 [INFO] FileExtend:240 - Standard Zip Deflate
2021-04-13 15:53:49,140 [INFO] LoadUrlFilesThread:135 - End of LoadUrlFiles Thread
2021-04-13 15:53:49,174 [INFO] ServerAccessManage:348 - Download File tutoVideoDB.zip
2021-04-13 15:53:49,207 [INFO] FileExtend:225 - Unzip File : tutoVideoDB.zip
2021-04-13 15:53:49,207 [INFO] FileExtend:240 - Standard Zip Deflate
2021-04-13 15:53:49,216 [INFO] LoadUrlFilesThread:135 - End of LoadUrlFiles Thread
2021-04-13 15:53:49,217 [INFO] DbMcusAds:132 - JSON generation date=Mon Mar 01 11:27:44 CET 2021 (1614594464771)
2021-04-13 15:53:49,235 [INFO] DbMcusDocs:143 - JSON generation date=Mon Feb 08 14:35:07 CET 2021 (1612791307)
2021-04-13 15:53:49,236 [INFO] DbMcusXml:100 - Load MCU database from C:\ST\STM32CubeIDE_1.4.0\STM32CubeIDE\plugins\com.st.stm32cube.common.mx_6.2.1.202103241236\\db\/mcu/families.xml
2021-04-13 15:53:49,924 [INFO] DbMcusJson:94 - JSON generation date=Mon Feb 08 14:35:07 CET 2021 (1612791307)
2021-04-13 15:53:50,546 [INFO] DbMcus:175 - Found 1906 MCUs (1866 are supported by CubeMX, 1866 are visible in CubeMX)
2021-04-13 15:53:50,551 [INFO] ApiDb:251 - Load user favorites file C:\Users\evers/.stm32cubeide/favorites.mcus.txt: 0 item(s)
2021-04-13 15:53:50,551 [INFO] ApiDb:255 - User favorites MCUs=[]
2021-04-13 15:53:50,551 [INFO] DbMcus:187 - Set 0 / 0 favorites MCUs
2021-04-13 15:53:50,957 [INFO] DbMcusDocs:79 - Found 617 MCUs documents
2021-04-13 15:53:50,959 [INFO] ApiDb:276 - Save user favorites file C:\Users\evers/.stm32cubeide/favorites.mcus.txt: 0 item(s)
2021-04-13 15:53:50,959 [INFO] ApiDb:280 - User favorites MCUs=[]
2021-04-13 15:53:50,959 [INFO] DbMcusXml:100 - Load MCU database from C:\ST\STM32CubeIDE_1.4.0\STM32CubeIDE\plugins\com.st.stm32cube.common.mx_6.2.1.202103241236\\db\/mcu/families.xml
2021-04-13 15:53:51,593 [INFO] DbMcusJson:94 - JSON generation date=Mon Feb 08 14:35:07 CET 2021 (1612791307)
2021-04-13 15:53:52,096 [INFO] DbMcus:175 - Found 1906 MCUs (1866 are supported by CubeMX, 1866 are visible in CubeMX)
2021-04-13 15:53:52,097 [INFO] ApiDb:251 - Load user favorites file C:\Users\evers/.stm32cubeide/favorites.mcus.txt: 0 item(s)
2021-04-13 15:53:52,097 [INFO] ApiDb:255 - User favorites MCUs=[]
2021-04-13 15:53:52,097 [INFO] DbMcus:187 - Set 0 / 0 favorites MCUs
2021-04-13 15:53:52,112 [INFO] DbBoardsDocs:143 - JSON generation date=Mon Feb 08 14:35:07 CET 2021 (1612791307)
2021-04-13 15:53:52,128 [INFO] DbBoardsPdsc:90 - Found 24 items
2021-04-13 15:53:52,134 [INFO] DbBoardsPdsc:90 - Found 9 items
2021-04-13 15:53:52,138 [INFO] DbBoardsPdsc:90 - Found 33 items
2021-04-13 15:53:52,140 [INFO] DbBoardsPdsc:90 - Found 1 items
2021-04-13 15:53:52,146 [INFO] DbBoardsPdsc:90 - Found 46 items
2021-04-13 15:53:52,153 [INFO] DbBoardsPdsc:90 - Found 41 items
2021-04-13 15:53:52,155 [INFO] DbBoardsPdsc:90 - Found 2 items
2021-04-13 15:53:52,158 [INFO] DbBoardsPdsc:90 - Found 5 items
2021-04-13 15:53:52,161 [WARN] DbBoardsPdsc:254 - Board NUCLEO-WB15CC: unknown feature type=, name=, username=Three user LEDs, n=1
2021-04-13 15:53:52,161 [WARN] DbBoardsPdsc:254 - Board NUCLEO-WB15CC: unknown feature type=, name=, username=One reset and three user push-buttons, n=1
2021-04-13 15:53:52,162 [WARN] DbBoardsPdsc:254 - Board NUCLEO-WB15CC: unknown feature type=, name=, username=Arduino Uno V3 expansion connector, n=1
2021-04-13 15:53:52,162 [WARN] DbBoardsPdsc:254 - Board NUCLEO-WB15CC: unknown feature type=, name=, username=ST morpho extension pin headers for full access to all STM32WB I/Os, n=1
2021-04-13 15:53:52,162 [WARN] DbBoardsPdsc:254 - Board NUCLEO-WB15CC: unknown feature type=, name=, username=Integrated PCB antenna and SMA connector footprint, n=1
2021-04-13 15:53:52,162 [WARN] DbBoardsPdsc:254 - Board NUCLEO-WB15CC: unknown feature type=, name=, username=Flexible power-supply options: ST-LINK, USB VBUS, or external sources, n=1
2021-04-13 15:53:52,162 [WARN] DbBoardsPdsc:254 - Board NUCLEO-WB15CC: unknown feature type=, name=, username=On-board footprint to mount a CR2032 battery socket, n=1
2021-04-13 15:53:52,162 [WARN] DbBoardsPdsc:254 - Board NUCLEO-WB15CC: unknown feature type=, name=, username=On-board ST-LINK/V2-1 debugger/programmer with USB re-enumeration capability: mass storage, Virtual COM port, and debug port, n=1
2021-04-13 15:53:52,162 [WARN] DbBoardsPdsc:254 - Board NUCLEO-WB15CC: unknown feature type=, name=, username=Comprehensive free software libraries and examples available with the STM32CubeWB MCU Package, n=1
2021-04-13 15:53:52,162 [WARN] DbBoardsPdsc:254 - Board NUCLEO-WB15CC: unknown feature type=, name=, username=Support of a wide choice of Integrated Development Environments (IDEs) including IAR Embedded Workbench, MDK-ARM, STM32CubeIDE, and Mbed Studio, n=1
2021-04-13 15:53:52,164 [WARN] DbBoardsPdsc:254 - Board STM32H7B3I-DK: unknown feature type=Audio, name=, username=Audio stereo codec with Headphone Amp (CS42L51-CNZ), n=1
2021-04-13 15:53:52,165 [WARN] DbBoardsPdsc:254 - Board STM32H735G-DK: unknown feature type=Audio, name=, username=Audio stereo codec with Headphone Amp (WM8994ECS/R), n=1
2021-04-13 15:53:52,165 [WARN] DbBoardsPdsc:254 - Board STM32WB5MM-DK: unknown feature type=, name=, username=Time-of-Flight and gesture-detection sensor, n=1
2021-04-13 15:53:52,165 [WARN] DbBoardsPdsc:254 - Board STM32WB5MM-DK: unknown feature type=, name=, username=3 push-buttons (2 users and 1 reset) and 1 touch key button, n=1
2021-04-13 15:53:52,165 [WARN] DbBoardsPdsc:254 - Board STM32WB5MM-DK: unknown feature type=, name=, username=Flexible power-supply options: ST-LINK/V2-1 USB connector, 5 V delivered by ARDUINO速 or external connector, USB charger, or USB power, n=1
2021-04-13 15:53:52,165 [WARN] DbBoardsPdsc:254 - Board STM32WB5MM-DK: unknown feature type=, name=, username=On-board ST-LINK/V2-1 debugger/programmer with USB re-enumeration capability: Virtual COM port and debug port, n=1
2021-04-13 15:53:52,165 [WARN] DbBoardsPdsc:254 - Board STM32WB5MM-DK: unknown feature type=, name=, username=Comprehensive free software libraries and examples available with the STM32CubeWB MCU Package, n=1
2021-04-13 15:53:52,165 [WARN] DbBoardsPdsc:254 - Board STM32WB5MM-DK: unknown feature type=, name=, username=Support of a wide choice of Integrated Development Environments (IDEs) including IAR Embedded Workbench速, MDK-ARM, and STM32CubeIDE, n=1
2021-04-13 15:53:52,167 [WARN] DbBoardsPdsc:254 - Board STM32H7B3I-EVAL: unknown feature type=Audio, name=, username=Multi-Channel Audio Codec (CS42L51-CNZ), n=1
2021-04-13 15:53:52,167 [WARN] DbBoardsPdsc:254 - Board STM32H7B3I-EVAL: unknown feature type=Meter, name=, username=Power-metering and Temperature-monitoring with sigma-delta modulators, n=1
2021-04-13 15:53:52,167 [WARN] DbBoardsPdsc:254 - Board STM32H7B3I-EVAL: unknown feature type=Motor, name=, username=Motor Control, n=1
2021-04-13 15:53:52,182 [INFO] DbBoardsJson:87 - JSON generation date=Thu Feb 04 17:53:45 CET 2021 (1612457625)
2021-04-13 15:53:52,188 [INFO] DbBoards:117 - Found 161 boards (158 are supported by CubeMX)
2021-04-13 15:53:52,198 [INFO] DbBoardsDocs:143 - JSON generation date=Mon Feb 08 14:35:07 CET 2021 (1612791307)
2021-04-13 15:53:52,217 [INFO] DbBoardsDocs:79 - Found 193 boards documents
2021-04-13 15:53:52,219 [WARN] DbBoards:127 - board B-L462E-CELL1 has no document id list !
2021-04-13 15:53:52,219 [WARN] DbBoards:127 - board B-L475E-IOT01A2 has no document id list !
2021-04-13 15:53:52,220 [WARN] DbBoards:127 - board NUCLEO-G0B1RE has no document id list !
2021-04-13 15:53:52,220 [WARN] DbBoards:127 - board NUCLEO-H743ZI2 has no document id list !
2021-04-13 15:53:52,220 [WARN] DbBoards:127 - board NUCLEO-L4A6ZG has no document id list !
2021-04-13 15:53:52,221 [WARN] DbBoards:127 - board NUCLEO-WB15CC has no document id list !
2021-04-13 15:53:52,221 [WARN] DbBoards:127 - board NUCLEO-WB55RG has no document id list !
2021-04-13 15:53:52,221 [WARN] DbBoards:127 - board NUCLEO-WL55JC2 has no document id list !
2021-04-13 15:53:52,221 [WARN] DbBoards:127 - board P-NUCLEO-WB55-Nucleo has no document id list !
2021-04-13 15:53:52,221 [WARN] DbBoards:127 - board P-NUCLEO-WB55-USBDongle has no document id list !
2021-04-13 15:53:52,221 [WARN] DbBoards:127 - board STEVAL-BFA001V1B has no document id list !
2021-04-13 15:53:52,221 [WARN] DbBoards:127 - board STEVAL-BFA001V2B has no document id list !
2021-04-13 15:53:52,221 [WARN] DbBoards:127 - board STEVAL-IDP005V1 has no document id list !
2021-04-13 15:53:52,221 [WARN] DbBoards:127 - board STEVAL-IDP005V2 has no document id list !
2021-04-13 15:53:52,221 [WARN] DbBoards:127 - board STEVAL-MKSBOX1V1 has no document id list !
2021-04-13 15:53:52,221 [WARN] DbBoards:127 - board STEVAL-STWINKT1 has no document id list !
2021-04-13 15:53:52,221 [WARN] DbBoards:127 - board STEVAL-STWINKT1B has no document id list !
2021-04-13 15:53:52,222 [WARN] DbBoards:127 - board STM32F401C-DISCO has no document id list !
2021-04-13 15:53:52,222 [WARN] DbBoards:127 - board STM32F769I-DISC1 has no document id list !
2021-04-13 15:53:52,223 [WARN] DbBoards:127 - board STM32G0C1E-EV has no document id list !
2021-04-13 15:53:52,223 [WARN] DbBoards:127 - board STM32G474E-EVAL1 has no document id list !
2021-04-13 15:53:52,223 [WARN] DbBoards:127 - board STM32H743I-EVAL2 has no document id list !
2021-04-13 15:53:52,223 [WARN] DbBoards:127 - board STM32H747I-DISC1 has no document id list !
2021-04-13 15:53:52,223 [WARN] DbBoards:127 - board STM32H753I-EVAL2 has no document id list !
2021-04-13 15:53:52,223 [WARN] DbBoards:127 - board STM32L-DISCOVERY has no document id list !
2021-04-13 15:53:52,224 [WARN] DbBoards:127 - board STM32MP157A-DK1 has no document id list !
2021-04-13 15:53:52,224 [WARN] DbBoards:127 - board STM32MP157F-DK2 has no document id list !
2021-04-13 15:53:52,224 [WARN] DbBoards:127 - board STM32MP157F-EV1 has no document id list !
2021-04-13 15:53:52,224 [WARN] DbBoards:127 - board STM32WB5MM-DK has no document id list !
2021-04-13 15:53:53,877 [INFO] ApiDb:251 - Load user favorites file C:\Users\evers/.stm32cubeide/favorites.boards.txt: 1 item(s)
2021-04-13 15:53:53,877 [INFO] ApiDb:255 - User favorites Boards=[NUCLEO-L476RG]
2021-04-13 15:53:53,877 [INFO] DbBoards:206 - Set 1 / 1 favorites Boards
2021-04-13 15:53:53,899 [INFO] DbBoardsDocs:79 - Found 386 boards documents
2021-04-13 15:53:53,901 [INFO] ApiDb:276 - Save user favorites file C:\Users\evers/.stm32cubeide/favorites.boards.txt: 1 item(s)
2021-04-13 15:53:53,902 [INFO] ApiDb:280 - User favorites Boards=[NUCLEO-L476RG]
2021-04-13 15:53:53,919 [INFO] DbBoardsPdsc:90 - Found 24 items
2021-04-13 15:53:53,923 [INFO] DbBoardsPdsc:90 - Found 9 items
2021-04-13 15:53:53,927 [INFO] DbBoardsPdsc:90 - Found 33 items
2021-04-13 15:53:53,928 [INFO] DbBoardsPdsc:90 - Found 1 items
2021-04-13 15:53:53,934 [INFO] DbBoardsPdsc:90 - Found 46 items
2021-04-13 15:53:53,940 [INFO] DbBoardsPdsc:90 - Found 41 items
2021-04-13 15:53:53,941 [INFO] DbBoardsPdsc:90 - Found 2 items
2021-04-13 15:53:53,943 [INFO] DbBoardsPdsc:90 - Found 5 items
2021-04-13 15:53:53,944 [WARN] DbBoardsPdsc:254 - Board NUCLEO-WB15CC: unknown feature type=, name=, username=Three user LEDs, n=1
2021-04-13 15:53:53,944 [WARN] DbBoardsPdsc:254 - Board NUCLEO-WB15CC: unknown feature type=, name=, username=One reset and three user push-buttons, n=1
2021-04-13 15:53:53,944 [WARN] DbBoardsPdsc:254 - Board NUCLEO-WB15CC: unknown feature type=, name=, username=Arduino Uno V3 expansion connector, n=1
2021-04-13 15:53:53,945 [WARN] DbBoardsPdsc:254 - Board NUCLEO-WB15CC: unknown feature type=, name=, username=ST morpho extension pin headers for full access to all STM32WB I/Os, n=1
2021-04-13 15:53:53,945 [WARN] DbBoardsPdsc:254 - Board NUCLEO-WB15CC: unknown feature type=, name=, username=Integrated PCB antenna and SMA connector footprint, n=1
2021-04-13 15:53:53,945 [WARN] DbBoardsPdsc:254 - Board NUCLEO-WB15CC: unknown feature type=, name=, username=Flexible power-supply options: ST-LINK, USB VBUS, or external sources, n=1
2021-04-13 15:53:53,945 [WARN] DbBoardsPdsc:254 - Board NUCLEO-WB15CC: unknown feature type=, name=, username=On-board footprint to mount a CR2032 battery socket, n=1
2021-04-13 15:53:53,945 [WARN] DbBoardsPdsc:254 - Board NUCLEO-WB15CC: unknown feature type=, name=, username=On-board ST-LINK/V2-1 debugger/programmer with USB re-enumeration capability: mass storage, Virtual COM port, and debug port, n=1
2021-04-13 15:53:53,945 [WARN] DbBoardsPdsc:254 - Board NUCLEO-WB15CC: unknown feature type=, name=, username=Comprehensive free software libraries and examples available with the STM32CubeWB MCU Package, n=1
2021-04-13 15:53:53,945 [WARN] DbBoardsPdsc:254 - Board NUCLEO-WB15CC: unknown feature type=, name=, username=Support of a wide choice of Integrated Development Environments (IDEs) including IAR Embedded Workbench, MDK-ARM, STM32CubeIDE, and Mbed Studio, n=1
2021-04-13 15:53:53,946 [WARN] DbBoardsPdsc:254 - Board STM32H7B3I-DK: unknown feature type=Audio, name=, username=Audio stereo codec with Headphone Amp (CS42L51-CNZ), n=1
2021-04-13 15:53:53,946 [WARN] DbBoardsPdsc:254 - Board STM32H735G-DK: unknown feature type=Audio, name=, username=Audio stereo codec with Headphone Amp (WM8994ECS/R), n=1
2021-04-13 15:53:53,947 [WARN] DbBoardsPdsc:254 - Board STM32WB5MM-DK: unknown feature type=, name=, username=Time-of-Flight and gesture-detection sensor, n=1
2021-04-13 15:53:53,947 [WARN] DbBoardsPdsc:254 - Board STM32WB5MM-DK: unknown feature type=, name=, username=3 push-buttons (2 users and 1 reset) and 1 touch key button, n=1
2021-04-13 15:53:53,947 [WARN] DbBoardsPdsc:254 - Board STM32WB5MM-DK: unknown feature type=, name=, username=Flexible power-supply options: ST-LINK/V2-1 USB connector, 5 V delivered by ARDUINO速 or external connector, USB charger, or USB power, n=1
2021-04-13 15:53:53,947 [WARN] DbBoardsPdsc:254 - Board STM32WB5MM-DK: unknown feature type=, name=, username=On-board ST-LINK/V2-1 debugger/programmer with USB re-enumeration capability: Virtual COM port and debug port, n=1
2021-04-13 15:53:53,947 [WARN] DbBoardsPdsc:254 - Board STM32WB5MM-DK: unknown feature type=, name=, username=Comprehensive free software libraries and examples available with the STM32CubeWB MCU Package, n=1
2021-04-13 15:53:53,947 [WARN] DbBoardsPdsc:254 - Board STM32WB5MM-DK: unknown feature type=, name=, username=Support of a wide choice of Integrated Development Environments (IDEs) including IAR Embedded Workbench速, MDK-ARM, and STM32CubeIDE, n=1
2021-04-13 15:53:53,948 [WARN] DbBoardsPdsc:254 - Board STM32H7B3I-EVAL: unknown feature type=Audio, name=, username=Multi-Channel Audio Codec (CS42L51-CNZ), n=1
2021-04-13 15:53:53,948 [WARN] DbBoardsPdsc:254 - Board STM32H7B3I-EVAL: unknown feature type=Meter, name=, username=Power-metering and Temperature-monitoring with sigma-delta modulators, n=1
2021-04-13 15:53:53,948 [WARN] DbBoardsPdsc:254 - Board STM32H7B3I-EVAL: unknown feature type=Motor, name=, username=Motor Control, n=1
2021-04-13 15:53:53,964 [INFO] DbBoardsJson:87 - JSON generation date=Thu Feb 04 17:53:45 CET 2021 (1612457625)
2021-04-13 15:53:53,968 [INFO] DbBoards:117 - Found 161 boards (158 are supported by CubeMX)
2021-04-13 15:53:53,968 [WARN] DbBoards:127 - board B-L462E-CELL1 has no document id list !
2021-04-13 15:53:53,968 [WARN] DbBoards:127 - board B-L475E-IOT01A2 has no document id list !
2021-04-13 15:53:53,969 [WARN] DbBoards:127 - board NUCLEO-G0B1RE has no document id list !
2021-04-13 15:53:53,969 [WARN] DbBoards:127 - board NUCLEO-H743ZI2 has no document id list !
2021-04-13 15:53:53,969 [WARN] DbBoards:127 - board NUCLEO-L4A6ZG has no document id list !
2021-04-13 15:53:53,969 [WARN] DbBoards:127 - board NUCLEO-WB15CC has no document id list !
2021-04-13 15:53:53,969 [WARN] DbBoards:127 - board NUCLEO-WB55RG has no document id list !
2021-04-13 15:53:53,969 [WARN] DbBoards:127 - board NUCLEO-WL55JC2 has no document id list !
2021-04-13 15:53:53,969 [WARN] DbBoards:127 - board P-NUCLEO-WB55-Nucleo has no document id list !
2021-04-13 15:53:53,969 [WARN] DbBoards:127 - board P-NUCLEO-WB55-USBDongle has no document id list !
2021-04-13 15:53:53,969 [WARN] DbBoards:127 - board STEVAL-BFA001V1B has no document id list !
2021-04-13 15:53:53,969 [WARN] DbBoards:127 - board STEVAL-BFA001V2B has no document id list !
2021-04-13 15:53:53,969 [WARN] DbBoards:127 - board STEVAL-IDP005V1 has no document id list !
2021-04-13 15:53:53,970 [WARN] DbBoards:127 - board STEVAL-IDP005V2 has no document id list !
2021-04-13 15:53:53,970 [WARN] DbBoards:127 - board STEVAL-MKSBOX1V1 has no document id list !
2021-04-13 15:53:53,970 [WARN] DbBoards:127 - board STEVAL-STWINKT1 has no document id list !
2021-04-13 15:53:53,970 [WARN] DbBoards:127 - board STEVAL-STWINKT1B has no document id list !
2021-04-13 15:53:53,970 [WARN] DbBoards:127 - board STM32F401C-DISCO has no document id list !
2021-04-13 15:53:53,970 [WARN] DbBoards:127 - board STM32F769I-DISC1 has no document id list !
2021-04-13 15:53:53,970 [WARN] DbBoards:127 - board STM32G0C1E-EV has no document id list !
2021-04-13 15:53:53,970 [WARN] DbBoards:127 - board STM32G474E-EVAL1 has no document id list !
2021-04-13 15:53:53,970 [WARN] DbBoards:127 - board STM32H743I-EVAL2 has no document id list !
2021-04-13 15:53:53,970 [WARN] DbBoards:127 - board STM32H747I-DISC1 has no document id list !
2021-04-13 15:53:53,970 [WARN] DbBoards:127 - board STM32H753I-EVAL2 has no document id list !
2021-04-13 15:53:53,971 [WARN] DbBoards:127 - board STM32L-DISCOVERY has no document id list !
2021-04-13 15:53:53,971 [WARN] DbBoards:127 - board STM32MP157A-DK1 has no document id list !
2021-04-13 15:53:53,971 [WARN] DbBoards:127 - board STM32MP157F-DK2 has no document id list !
2021-04-13 15:53:53,971 [WARN] DbBoards:127 - board STM32MP157F-EV1 has no document id list !
2021-04-13 15:53:53,971 [WARN] DbBoards:127 - board STM32WB5MM-DK has no document id list !
2021-04-13 15:53:55,258 [INFO] ApiDb:251 - Load user favorites file C:\Users\evers/.stm32cubeide/favorites.boards.txt: 1 item(s)
2021-04-13 15:53:55,258 [INFO] ApiDb:255 - User favorites Boards=[NUCLEO-L476RG]
2021-04-13 15:53:55,258 [INFO] DbBoards:206 - Set 1 / 1 favorites Boards
2021-04-13 15:53:55,437 [INFO] ApiDb:479 - Connected to CubeFinder SQLite database (C:\Users\evers\.stmcufinder\plugins\mcufinder\mcu\cube-finder-db.db)
2021-04-13 15:53:55,965 [INFO] DbExamplesSqlite:401 - Ignored 35 examples not supported by CubeIDE
2021-04-13 15:53:55,965 [INFO] DbExamplesSqlite:402 - Found 4965 examples active
2021-04-13 15:53:55,966 [INFO] DbExamplesSqlite:403 - Found 130 examples obsolete
2021-04-13 15:53:55,966 [INFO] DbExamplesSqlite:404 - Found 0 examples under development
2021-04-13 15:53:55,966 [INFO] DbExamplesSqlite:405 - Found 76 examples not building
2021-04-13 15:53:55,982 [INFO] DbExamplesSqlite:104 - CubeFinder database Data Model version=2.1
2021-04-13 15:53:55,982 [INFO] DbExamplesSqlite:105 - CubeFinder database Configuration version=2.16
2021-04-13 15:53:55,982 [INFO] DbExamplesSqlite:106 - CubeFinder database generation date=2021-02-26 (1614349247)
2021-04-13 15:53:55,982 [INFO] DbExamplesSqlite:107 - CubeFinder database FW Pack versions=[STM32Cube_FW_F4_V1.26.0, STM32Cube_FW_F7_V1.16.0, STM32Cube_FW_G0_V1.4.0, STM32Cube_FW_G4_V1.4.0, STM32Cube_FW_H7_V1.9.0, STM32Cube_FW_L5_V1.4.0, STM32Cube_FW_WB_V1.11.0, STM32Cube_FW_WL_V1.0.0, X-CUBE-AZRTOS-H7_V1.0.0, X-CUBE-BLE2_V3.2.0, X-CUBE-GNSS1_V5.2.0]
2021-04-13 15:53:55,984 [INFO] DbExamples:130 - Found 5006 examples
2021-04-13 15:53:56,849 [ERROR] DbExamples:206 - Found 300 examples with invalid data (board or MCU)
2021-04-13 15:53:56,850 [INFO] DbExamples:222 - Found 63 boards with related examples
2021-04-13 15:53:56,862 [INFO] DbExamples:235 - Found 51 MCUs with related examples
2021-04-13 15:53:56,882 [INFO] ApiDb:242 - User favorites file not found: C:\Users\evers/.stm32cubeide/favorites.examples.txt
2021-04-13 15:53:56,882 [INFO] DbExamples:256 - Set 0 / 0 favorites Examples
2021-04-13 15:53:57,165 [INFO] CrossSelectorPresenter:1330 - Cross Selector saved comparison directory: C:\Users\evers\.stmcufinder\plugins\mcufinder\mcu\cs_comparisons_mx
2021-04-13 15:53:57,170 [INFO] MultiScanPanel:200 - Auto-refresh data requested => check proxy status ongoing
2021-04-13 15:53:57,174 [INFO] FinderPluginLoader:87 - Searching for filters in installed packs
2021-04-13 15:53:57,654 [WARN] DetailPanel:315 - Failed to get advertising image, set to default
2021-04-13 15:54:03,572 [INFO] MultiScanPanel:200 - Auto-refresh data requested => check proxy status ongoing
2021-04-13 15:54:03,634 [WARN] DetailPanel:315 - Failed to get advertising image, set to default
2021-04-13 15:54:48,179 [INFO] MainUpdater:2661 - connection check result : 10
2021-04-13 15:54:48,179 [INFO] MainUpdater:2661 - connection check result : 10
2021-04-13 15:54:48,218 [INFO] MicroXplorer:442 - Change Database Path : 
2021-04-13 15:54:48,218 [INFO] MicroXplorer:472 - Change Database Version : DB.6.0.21
2021-04-13 15:54:48,218 [WARN] ThirdParty:796 - waiting for thirdparty lock release [close project]
2021-04-13 15:54:48,218 [INFO] ThirdParty:798 - entering critical section [close project]
2021-04-13 15:54:48,218 [INFO] ThirdParty:809 - exiting critical section [close project]
2021-04-13 15:54:48,221 [INFO] PinOutPanel:1435 - setPackage(No Configuration,No Configuration)
2021-04-13 15:54:48,222 [INFO] UtilMem:74 - Begin LoadConfig() Used Memory: 522432360 Bytes (605028352)
2021-04-13 15:54:48,224 [INFO] OpenFileManager:303 - Change cursor
2021-04-13 15:54:48,239 [WARN] IntegrityCheckThread:59 - waiting for thirdparty lock release [integrity check]
2021-04-13 15:54:48,240 [INFO] IntegrityCheckThread:61 - entering critical section [integrity check]
2021-04-13 15:54:48,387 [WARN] PackLoader:226 - Cannot read IP mode file for RoweBots.I-CUBE-UNISONRTOS.5.5.0-4
2021-04-13 15:54:48,418 [WARN] PackLoader:226 - Cannot read IP mode file for STMicroelectronics.X-CUBE-SFXS2LP1.3.0.0
2021-04-13 15:54:48,514 [WARN] PackLoader:226 - Cannot read IP mode file for STMicroelectronics.X-CUBE-MEMS1.8.2.0
2021-04-13 15:54:48,732 [WARN] PackLoader:226 - Cannot read IP mode file for STMicroelectronics.X-CUBE-EEPRMA1.3.0.0
2021-04-13 15:54:48,741 [WARN] PackLoader:226 - Cannot read IP mode file for STMicroelectronics.X-CUBE-NFC4.2.0.2
2021-04-13 15:54:48,751 [WARN] PackLoader:226 - Cannot read IP mode file for STMicroelectronics.X-CUBE-BLE2.3.2.0
2021-04-13 15:54:48,762 [WARN] PackLoader:226 - Cannot read IP mode file for STMicroelectronics.X-CUBE-SUBG2.4.0.0
2021-04-13 15:54:48,778 [WARN] PackLoader:226 - Cannot read IP mode file for STMicroelectronics.X-CUBE-TOF1.1.0.0
2021-04-13 15:54:48,803 [WARN] PackLoader:226 - Cannot read IP mode file for STMicroelectronics.X-CUBE-AZRTOS-H7.1.0.0
2021-04-13 15:54:48,844 [WARN] PackLoader:226 - Cannot read IP mode file for STMicroelectronics.X-CUBE-MEMS1.8.3.0
2021-04-13 15:54:48,987 [WARN] PackLoader:226 - Cannot read IP mode file for STMicroelectronics.X-CUBE-DISPLAY.1.0.0
2021-04-13 15:54:48,991 [WARN] PackLoader:226 - Cannot read IP mode file for STMicroelectronics.X-CUBE-AI.6.0.0
2021-04-13 15:54:48,997 [WARN] PackLoader:226 - Cannot read IP mode file for STMicroelectronics.X-CUBE-ALGOBUILD.1.2.0
2021-04-13 15:54:49,003 [WARN] PackLoader:226 - Cannot read IP mode file for STMicroelectronics.X-CUBE-GNSS1.5.2.0
2021-04-13 15:54:49,008 [WARN] PackLoader:226 - Cannot read IP mode file for STMicroelectronics.X-CUBE-BLE1.6.1.0
2021-04-13 15:54:49,018 [WARN] PackLoader:226 - Cannot read IP mode file for wolfSSL.I-CUBE-wolfSSL.4.7.0
2021-04-13 15:54:49,021 [WARN] PackLoader:226 - Cannot read IP mode file for STMicroelectronics.X-CUBE-TOUCHGFX.4.16.1
2021-04-13 15:54:49,021 [INFO] ThirdParty:900 - Integrity check success = true
2021-04-13 15:54:49,021 [INFO] IntegrityCheckThread:75 - exiting critical section [integrity check]
2021-04-13 15:54:49,021 [INFO] IntegrityCheckThread:78 - End integrity checks thread
2021-04-13 15:54:51,728 [INFO] Context:587 - Trying to add GPIOservice into a context  which must be forbidden
2021-04-13 15:54:52,377 [INFO] Rule:214 - rule Rename Enabled to IBEACON is applicable
2021-04-13 15:54:52,377 [INFO] Rule:214 - rule GTZC_S instance for project manager is applicable
2021-04-13 15:54:52,377 [INFO] Rule:214 - rule GTZC_S instance for context M0+ is applicable
2021-04-13 15:54:52,377 [INFO] Rule:214 - rule GTZC_NS instance for context M4 is applicable
2021-04-13 15:54:52,378 [INFO] Rule:214 - rule GTZC_S instance value for IP GTZC is applicable
2021-04-13 15:54:52,378 [INFO] Rule:214 - rule GTZC_S instance for mcu.IP is applicable
2021-04-13 15:54:52,378 [INFO] Rule:214 - rule GTZC_S instance for mcu.Pin is applicable
2021-04-13 15:54:52,378 [INFO] Rule:214 - rule GTZC_S instance for VP is applicable
2021-04-13 15:54:52,378 [INFO] Rule:214 - rule GTZC_S instance for signal is applicable
2021-04-13 15:54:52,378 [INFO] Rule:214 - rule GTZC_S instance for mcu is applicable
2021-04-13 15:54:52,378 [INFO] Rule:214 - rule GTZC_S instance for mcu.Pin is applicable
2021-04-13 15:54:52,378 [INFO] Rule:214 - rule GTZC_S instance value for IP GTZC is applicable
2021-04-13 15:54:52,378 [INFO] Rule:214 - rule GTZC_S instance for project manager is applicable
2021-04-13 15:54:52,379 [INFO] Rule:214 - rule GTZC_S instance for context M33S is applicable
2021-04-13 15:54:52,379 [INFO] Rule:214 - rule GTZC_S instance for VP is applicable
2021-04-13 15:54:52,379 [INFO] Rule:214 - rule GTZC_S instance for signal is applicable
2021-04-13 15:54:52,379 [INFO] Rule:214 - rule SPDIFRX instance for mcu is applicable
2021-04-13 15:54:52,379 [INFO] Rule:214 - rule Rename Tracer Mode is applicable
2021-04-13 15:54:52,379 [INFO] Rule:214 - rule SPDIFRX instance value for IP SPDIFRX is applicable
2021-04-13 15:54:52,379 [INFO] Rule:214 - rule SPDIFRX instance for signal is applicable
2021-04-13 15:54:52,379 [INFO] Rule:214 - rule SPDIFRX instance for project manager is applicable
2021-04-13 15:54:52,379 [INFO] Rule:214 - rule SPDIFRX instance for project manager is applicable
2021-04-13 15:54:52,379 [INFO] Rule:214 - rule ADC Scan  fix with FW F7 is applicable
2021-04-13 15:54:52,379 [INFO] Rule:214 - rule ADC Scan  fix with FW F7 is applicable
2021-04-13 15:54:52,380 [INFO] Rule:214 - rule Add RTC Activate Clock Source is applicable
2021-04-13 15:54:52,380 [INFO] Rule:214 - rule Add RTC Activate Calendar 1 is applicable
2021-04-13 15:54:52,380 [INFO] Rule:214 - rule Add RTC Activate Calendar 2 is applicable
2021-04-13 15:54:52,380 [INFO] Rule:214 - rule Add RTC Activate Calendar 3 is applicable
2021-04-13 15:54:52,380 [INFO] Rule:214 - rule UART/USART TX Mode is applicable
2021-04-13 15:54:52,380 [INFO] Rule:214 - rule UART/USART RX Mode is applicable
2021-04-13 15:54:52,380 [INFO] Rule:214 - rule UART/USART RX TX Mode is applicable
2021-04-13 15:54:52,380 [INFO] Rule:214 - rule UART/USART PARITY NONE is applicable
2021-04-13 15:54:52,380 [INFO] Rule:214 - rule UART/USART PARITY EVEN is applicable
2021-04-13 15:54:52,380 [INFO] Rule:214 - rule UART/USART PARITY ODD is applicable
2021-04-13 15:54:52,380 [INFO] Rule:214 - rule USART StopBits 1 is applicable
2021-04-13 15:54:52,381 [INFO] Rule:214 - rule USART StopBits 2 is applicable
2021-04-13 15:54:52,381 [INFO] Rule:214 - rule USART StopBits 1.5 is applicable
2021-04-13 15:54:52,381 [INFO] Rule:214 - rule USART StopBits 0.5 is applicable
2021-04-13 15:54:52,381 [INFO] Rule:214 - rule UART/USART WORD LENGTH 7 is applicable
2021-04-13 15:54:52,381 [INFO] Rule:214 - rule UART/USART WORD LENGTH 8 is applicable
2021-04-13 15:54:52,381 [INFO] Rule:214 - rule UART/USART WORD LENGTH 9 is applicable
2021-04-13 15:54:52,381 [INFO] Rule:214 - rule Rename FMC NAND NCE signal is applicable
2021-04-13 15:54:52,381 [INFO] Rule:214 - rule Rename FMC NAND INT signal is applicable
2021-04-13 15:54:52,381 [INFO] Rule:214 - rule Change Default Value for ADC ExternalTrigConv L4 family is applicable
2021-04-13 15:54:52,381 [INFO] Rule:214 - rule Change Default Value for ADC ExternalTrigInjecConv L4 family is applicable
2021-04-13 15:54:52,381 [INFO] Rule:214 - rule Change Default Value for ADC ExternalTrigConv F3 family is applicable
2021-04-13 15:54:52,381 [INFO] Rule:214 - rule Change Default Value for ADC ExternalTrigInjecConv F3 family is applicable
2021-04-13 15:54:52,382 [INFO] Rule:214 - rule Change Default Value for ADC ExternalTrigConv Goldfish serie is applicable
2021-04-13 15:54:52,382 [INFO] Rule:214 - rule Change Default Value for ADC ExternalTrigInjecConv Goldfish serie is applicable
2021-04-13 15:54:52,382 [INFO] Rule:214 - rule Change Default Value for ADC ExternalTrigConv L0 family is applicable
2021-04-13 15:54:52,382 [INFO] Rule:214 - rule Change Default Value for ADC ExternalTrigConv F0 family is applicable
2021-04-13 15:54:52,382 [INFO] Rule:214 - rule Change Default Value for ADC ExternalTrigConvn L1 family is applicable
2021-04-13 15:54:52,382 [INFO] Rule:214 - rule Change Default Value for ADC ExternalTrigInjecConv L1 family is applicable
2021-04-13 15:54:52,382 [INFO] Rule:214 - rule Change Default Value for ADC ExternalTrigConv F1 family is applicable
2021-04-13 15:54:52,382 [INFO] Rule:214 - rule Change Default Value for ADC ExternalTrigInjecConv F1 family is applicable
2021-04-13 15:54:52,382 [INFO] Rule:214 - rule Change Default Value for ADC ExternalTrigConv F7 family is applicable
2021-04-13 15:54:52,382 [INFO] Rule:214 - rule Change Default Value for ADC ExternalTrigInjecConv F7 family is applicable
2021-04-13 15:54:52,382 [INFO] Rule:214 - rule Change Default Value for ADC ExternalTrigConv F4 and F2 family is applicable
2021-04-13 15:54:52,382 [INFO] Rule:214 - rule Change Default Value for ADC ExternalTrigInjecConv F4 and F2 family is applicable
2021-04-13 15:54:52,383 [INFO] Rule:214 - rule ADC SamplingTime fix with FW L0  is applicable
2021-04-13 15:54:52,383 [INFO] Rule:214 - rule ADC SamplingTime fix with FW L0  is applicable
2021-04-13 15:54:52,383 [INFO] Rule:214 - rule ADC SamplingTime fix with FW L0 is applicable
2021-04-13 15:54:52,383 [INFO] Rule:214 - rule ADC SamplingTime fix with FW L0 is applicable
2021-04-13 15:54:52,383 [INFO] Rule:214 - rule ADC SamplingTime fix with FW L0  is applicable
2021-04-13 15:54:52,383 [INFO] Rule:214 - rule ADC SamplingTime fix with FW L0 is applicable
2021-04-13 15:54:52,384 [INFO] Rule:214 - rule Rename USB_OE Signal is applicable
2021-04-13 15:54:52,384 [INFO] Rule:214 - rule Rename Activate_OE Mode is applicable
2021-04-13 15:54:52,384 [INFO] Rule:214 - rule Rename DIE462/DIE415 pin PC14/OSC32_IN -> PC14-OSC32_IN (PC14) is applicable
2021-04-13 15:54:52,384 [INFO] Rule:214 - rule Rename DIE462/DIE415 pin PC15/OSC32_OUT -> PC15-OSC32_OUT (PC15) is applicable
2021-04-13 15:54:52,385 [INFO] Rule:214 - rule Rename DIE462/DIE415 pin PH0/OSC_IN -> PH0-OSC_IN (PH0) is applicable
2021-04-13 15:54:52,385 [INFO] Rule:214 - rule Rename DIE462/DIE415 pin PH1/OSC_OUT -> PH1-OSC_OUT (PH1) is applicable
2021-04-13 15:54:52,385 [INFO] Rule:214 - rule Rename DIE462 pin PA13 -> PA13 (JTMS/SWDIO) is applicable
2021-04-13 15:54:52,385 [INFO] Rule:214 - rule Rename DIE415 pin PA13 -> PA13 (JTMS/SWDIO) is applicable
2021-04-13 15:54:52,385 [INFO] Rule:214 - rule Rename DIE462 pin PA14 -> PA14 (JTCK/SWCLK) is applicable
2021-04-13 15:54:52,385 [INFO] Rule:214 - rule Rename DIE415 pin PA14 -> PA14 (JTCK/SWCLK) is applicable
2021-04-13 15:54:52,385 [INFO] Rule:214 - rule Rename DIE462/DIE415 pin PA15 -> PA15 (JTDI) is applicable
2021-04-13 15:54:52,385 [INFO] Rule:214 - rule Rename DIE462 pin PB3 -> PB3 (JTD0/TRACESWO) is applicable
2021-04-13 15:54:52,385 [INFO] Rule:214 - rule Rename DIE415 pin PB3 -> PB3 (JTD0-TRACESWO) is applicable
2021-04-13 15:54:52,385 [INFO] Rule:214 - rule Rename DIE462/DIE415 pin PB4 -> PB4 (NJTRST) is applicable
2021-04-13 15:54:52,385 [INFO] Rule:214 - rule Rename DIE462 pin PH3/BOOT0 -> PH3-BOOT0 (BOOT0) is applicable
2021-04-13 15:54:52,385 [INFO] Rule:214 - rule Rename CRYP DataEncryptionTypesList to Algorithm is applicable
2021-04-13 15:54:52,386 [INFO] Rule:214 - rule Rename AES DataEncryptionTypesList to Algorithm is applicable
2021-04-13 15:54:52,386 [INFO] Rule:214 - rule Rename TDESECB to CRYP_TDES_ECB is applicable
2021-04-13 15:54:52,386 [INFO] Rule:214 - rule Rename TDESCBC to CRYP_TDES_CBC is applicable
2021-04-13 15:54:52,386 [INFO] Rule:214 - rule Rename DESECB to CRYP_DES_ECB is applicable
2021-04-13 15:54:52,386 [INFO] Rule:214 - rule Rename DESCBC to CRYP_DES_CBC is applicable
2021-04-13 15:54:52,386 [INFO] Rule:214 - rule Rename AESECB to CRYP_AES_ECB is applicable
2021-04-13 15:54:52,386 [INFO] Rule:214 - rule Rename AESCBC to CRYP_AES_CBC is applicable
2021-04-13 15:54:52,386 [INFO] Rule:214 - rule Rename AESCTR to CRYP_AES_CTR is applicable
2021-04-13 15:54:52,386 [INFO] Rule:214 - rule Rename AESGCM to CRYP_AES_GCM is applicable
2021-04-13 15:54:52,386 [INFO] Rule:214 - rule Rename AESCCM to CRYP_AES_CCM is applicable
2021-04-13 15:54:52,386 [INFO] Rule:214 - rule Rename CAN TimeSeg1 to BS1 is applicable
2021-04-13 15:54:52,386 [INFO] Rule:214 - rule Rename CAN TimeSeg2 to BS2 is applicable
2021-04-13 15:54:52,387 [INFO] Rule:214 - rule Rename CAN SyncJumpWidth to SJW is applicable
2021-04-13 15:54:52,387 [INFO] Rule:214 - rule TimeTriggeredMode to TTCM is applicable
2021-04-13 15:54:52,387 [INFO] Rule:214 - rule Rename CAN AutoBusOff to ABOM is applicable
2021-04-13 15:54:52,387 [INFO] Rule:214 - rule Rename CAN AutoWakeUp to AWUM is applicable
2021-04-13 15:54:52,387 [INFO] Rule:214 - rule Rename CAN AutoRetransmission to NART is applicable
2021-04-13 15:54:52,387 [INFO] Rule:214 - rule Rename CAN ReceiveFifoLocked to RFLM is applicable
2021-04-13 15:54:52,387 [INFO] Rule:214 - rule Rename CAN TransmitFifoPriority to TXFP is applicable
2021-04-13 15:54:52,387 [INFO] Rule:214 - rule Rename HRTIMER HRTIM_OUTPUTFAULTLEVEL_HIGH in HRTIMER HRTIM_OUTPUTFAULTLEVEL_HIGHZ is applicable
2021-04-13 15:54:52,387 [INFO] Rule:214 - rule Rename TIMER TIM_CLEARINPUTSOURCE_OCREFCLR in  TIMER TIM_CLEARINPUTSOURCE_NONE for F7 family is applicable
2021-04-13 15:54:52,387 [INFO] Rule:214 - rule FDCAN_R1 - Rename FDCAN mode Master into Classic is applicable
2021-04-13 15:54:52,387 [INFO] Rule:214 - rule FDCAN_R2 - Rename FDCAN mode Slave into Classic is applicable
2021-04-13 15:54:52,387 [INFO] Rule:214 - rule FDCAN1_R3 - if PA10.Mode=FullDuplex, add Pin PA12 is applicable
2021-04-13 15:54:52,388 [INFO] Rule:214 - rule FDCAN1_R3 - if PA9.Mode=FullDuplex, add Pin PA11 is applicable
2021-04-13 15:54:52,388 [INFO] Rule:214 - rule FDCAN1_R3 - Alternatepin_1 - if PE1.Mode=FullDuplex, add Pin PB9 is applicable
2021-04-13 15:54:52,388 [INFO] Rule:214 - rule FDCAN1_R3 - Alternatepin_1 - if PE0.Mode=FullDuplex, add Pin PB8 is applicable
2021-04-13 15:54:52,388 [INFO] Rule:214 - rule FDCAN1_R3 - Alternatepin_2 - if PD5.Mode=FullDuplex, add Pin PD1 is applicable
2021-04-13 15:54:52,388 [INFO] Rule:214 - rule FDCAN1_R3 - Alternatepin_2 - if PD4.Mode=FullDuplex, add Pin PD0 is applicable
2021-04-13 15:54:52,388 [INFO] Rule:214 - rule FDCAN1_R4 - Rename Mode FullDuplex into Enable FDCAN_TXFD for pin PA10 is applicable
2021-04-13 15:54:52,388 [INFO] Rule:214 - rule FDCAN1_R4 - Rename Mode FullDuplex into Enable FDCAN_TXFD for pin PA9 is applicable
2021-04-13 15:54:52,388 [INFO] Rule:214 - rule FDCAN1_R4 - Alternatepin_1 - Rename Mode FullDuplex into Enable FDCAN_TXFD for pin PE1 is applicable
2021-04-13 15:54:52,388 [INFO] Rule:214 - rule FDCAN1_R4 - Alternatepin_1 - Rename Mode FullDuplex into Enable FDCAN_TXFD for pin PE0 is applicable
2021-04-13 15:54:52,388 [INFO] Rule:214 - rule FDCAN1_R4 - Alternatepin_2 - Rename Mode FullDuplex into Enable FDCAN_TXFD for pin PD5 is applicable
2021-04-13 15:54:52,388 [INFO] Rule:214 - rule FDCAN1_R4 - Alternatepin_2 - Rename Mode FullDuplex into Enable FDCAN_TXFD for pin PD4 is applicable
2021-04-13 15:54:52,388 [INFO] Rule:214 - rule FDCAN2_R3 - if PD10.Mode=FullDuplex, add Pin PB13 is applicable
2021-04-13 15:54:52,388 [INFO] Rule:214 - rule FDCAN2_R3 - if PD9.Mode=FullDuplex, add Pin PB12 is applicable
2021-04-13 15:54:52,388 [INFO] Rule:214 - rule FDCAN2_R3 - Alternatepin_1 - if PB7.Mode=FullDuplex, add Pin PB6 is applicable
2021-04-13 15:54:52,389 [INFO] Rule:214 - rule FDCAN2_R3 - Alternatepin_1 - if PD9.Mode=FullDuplex, add Pin PB12 is applicable
2021-04-13 15:54:52,389 [INFO] Rule:214 - rule FDCAN2_R4 - Rename Mode FullDuplex into Enable FDCAN_TXFD for pin PD10 is applicable
2021-04-13 15:54:52,389 [INFO] Rule:214 - rule FDCAN2_R4 - Rename Mode FullDuplex into Enable FDCAN_TXFD for pin PD9 is applicable
2021-04-13 15:54:52,389 [INFO] Rule:214 - rule FDCAN2_R4 - Alternatepin_1 - Rename Mode FullDuplex into Enable FDCAN_TXFD for pin PB7 is applicable
2021-04-13 15:54:52,389 [INFO] Rule:214 - rule FDCAN2_R4 - Alternatepin_1 - Rename Mode FullDuplex into Enable FDCAN_TXFD for pin PD6 is applicable
2021-04-13 15:54:52,389 [INFO] Rule:214 - rule USART TxPinLevelInvertParam Mode is applicable
2021-04-13 15:54:52,389 [INFO] Rule:214 - rule USART RxPinLevelInvertParam Mode is applicable
2021-04-13 15:54:52,389 [INFO] Rule:214 - rule USART DataInvertParam Mode is applicable
2021-04-13 15:54:52,389 [INFO] Rule:214 - rule USART SwapParam Mode is applicable
2021-04-13 15:54:52,389 [INFO] Rule:214 - rule USART OverrunDisableParam Mode is applicable
2021-04-13 15:54:52,389 [INFO] Rule:214 - rule USART DMADisableonRxErrorParam Mode is applicable
2021-04-13 15:54:52,390 [INFO] Rule:214 - rule USART MSBFirstParam Mode is applicable
2021-04-13 15:54:52,390 [INFO] Rule:214 - rule Update MwName for USB_DEVICE is applicable
2021-04-13 15:54:52,390 [INFO] Rule:214 - rule Change PWR_Regulator_Voltage_Scale Default Value for RCC  H7 family is applicable
2021-04-13 15:54:52,390 [INFO] Rule:214 - rule UART/USART IPParameter rename Prescaler parameter to ClockPrescaler is applicable
2021-04-13 15:54:52,390 [INFO] Rule:214 - rule UART/USART Prescaler rename Prescaler parameter to ClockPrescaler is applicable
2021-04-13 15:54:52,390 [INFO] Rule:214 - rule TIM1CLockSelection is applicable
2021-04-13 15:54:52,390 [INFO] Rule:214 - rule TIM15CLockSelection is applicable
2021-04-13 15:54:52,390 [INFO] Rule:214 - rule align RCC SDMMC3CLockSelection default value on MP1 is applicable
2021-04-13 15:54:52,390 [INFO] Rule:214 - rule align RCC SDMMC12CLockSelection default value on MP1 is applicable
2021-04-13 15:54:52,390 [INFO] Rule:214 - rule align RCC QSPICLockSelection default value on MP1 is applicable
2021-04-13 15:54:52,390 [INFO] Rule:214 - rule align RCC QSPICLockSelection default value on MP1 is applicable
2021-04-13 15:54:52,390 [INFO] Rule:214 - rule align RCC SPI6CLockSelection default value on MP1 is applicable
2021-04-13 15:54:52,390 [INFO] Rule:214 - rule align RCC LPTIM23CLockSelection default value on MP1 is applicable
2021-04-13 15:54:52,391 [INFO] Rule:214 - rule align RCC LPTIM1CLockSelection default value on MP1 is applicable
2021-04-13 15:54:52,391 [INFO] Rule:214 - rule align RCC USART1CLockSelection default value on MP1 is applicable
2021-04-13 15:54:52,391 [INFO] Rule:214 - rule align RCC USART24CLockSelection default value on MP1 is applicable
2021-04-13 15:54:52,391 [INFO] Rule:214 - rule align RCC USART6CLockSelection default value on MP1 is applicable
2021-04-13 15:54:52,391 [INFO] Rule:214 - rule align RCC UART78CLockSelection default value on MP1 is applicable
2021-04-13 15:54:52,391 [INFO] Rule:214 - rule align RCC USART35CLockSelection default value on MP1 is applicable
2021-04-13 15:54:52,391 [INFO] Rule:214 - rule align RCC SPI45CLockSelection default value on MP1 is applicable
2021-04-13 15:54:52,391 [INFO] Rule:214 - rule align RCC I2C46CLockSelection BCLK value on MP1 is applicable
2021-04-13 15:54:52,391 [INFO] Rule:214 - rule align RCC SPI45CLockSelection default value on MP1 is applicable
2021-04-13 15:54:52,391 [INFO] Rule:214 - rule align RCC I2C12CLockSelection default value on MP1 is applicable
2021-04-13 15:54:52,391 [INFO] Rule:214 - rule align RCC I2C35CLockSelection default value on MP1 is applicable
2021-04-13 15:54:52,391 [INFO] Rule:214 - rule align RCC LPTIM45CLockSelection default value on MP1 is applicable
2021-04-13 15:54:52,391 [INFO] Rule:214 - rule Rename DCMI PIXCK signal is applicable
2021-04-13 15:54:52,391 [INFO] Rule:214 - rule Change Default Value for I2C46CLockSelection MP1 family is applicable
2021-04-13 15:54:52,392 [INFO] Rule:214 - rule Change Default Value for UART for G4, G0 and WB families is applicable
2021-04-13 15:54:52,392 [INFO] Rule:214 - rule Change Default Value for USART for G4, G0 and WB families is applicable
2021-04-13 15:54:52,392 [INFO] Rule:214 - rule Change Default Value for USART for G4 family is applicable
2021-04-13 15:54:52,392 [INFO] Rule:214 - rule Change USART1CLockSelection refparam name for MP1 is applicable
2021-04-13 15:54:52,392 [INFO] Rule:214 - rule Change USART2CLockSelection refparam name for MP1 is applicable
2021-04-13 15:54:52,392 [INFO] Rule:214 - rule Change USART3CLockSelection refparam name for MP1 is applicable
2021-04-13 15:54:52,392 [INFO] Rule:214 - rule Change UART4CLockSelection refparam name for MP1 is applicable
2021-04-13 15:54:52,392 [INFO] Rule:214 - rule Change UART5CLockSelection refparam name for MP1 is applicable
2021-04-13 15:54:52,392 [INFO] Rule:214 - rule Change LPUART1CLockSelection refparam name for MP1 is applicable
2021-04-13 15:54:52,392 [INFO] Rule:214 - rule Change LPTIM1CLockSelection refparam name for MP1 is applicable
2021-04-13 15:54:52,392 [INFO] Rule:214 - rule Change LPTIM2CLockSelection refparam name for MP1 is applicable
2021-04-13 15:54:52,392 [INFO] Rule:214 - rule Change RCC_MCO1Source refparam name for MP1 is applicable
2021-04-13 15:54:52,393 [INFO] Rule:214 - rule Change LSCOSource1 refparam name for MP1 is applicable
2021-04-13 15:54:52,393 [INFO] Rule:214 - rule Change SMPSCLockSelection refparam name for MP1 is applicable
2021-04-13 15:54:52,393 [INFO] Rule:214 - rule Change LPTIM3CLockSelection refparam name for MP1 is applicable
2021-04-13 15:54:52,393 [INFO] Rule:214 - rule Change MPCBB* Default Template Mode to Parameters is applicable
2021-04-13 15:54:52,393 [INFO] Rule:214 - rule Change MPCWM* or MPCBB* Secure Mode to Parameters is applicable
2021-04-13 15:54:52,393 [INFO] Rule:214 - rule Change MPCWM* or MPCBB* No Secure Mode to Parameters is applicable
2021-04-13 15:54:52,393 [INFO] Rule:214 - rule Change TZSC IP Secure Mode to Parameters is applicable
2021-04-13 15:54:52,393 [INFO] Rule:214 - rule Change TZSC IP No Secure Mode to Parameters is applicable
2021-04-13 15:54:52,393 [INFO] Rule:214 - rule Change TZSC IP Privilege Mode to Parameters is applicable
2021-04-13 15:54:52,393 [INFO] Rule:214 - rule Change TZSC IP No Privilege Mode to Parameters is applicable
2021-04-13 15:54:52,393 [INFO] Rule:214 - rule Change TZIC IT Secure Mode to Parameters is applicable
2021-04-13 15:54:52,393 [INFO] Rule:214 - rule Change TZIC IT No Secure Mode to Parameters is applicable
2021-04-13 15:54:52,393 [INFO] Rule:214 - rule Add MPCBB1_NonSecureArea_Start_Address value with referenced to MPCBB1_NonSecureArea_Start value is applicable
2021-04-13 15:54:52,393 [INFO] Rule:214 - rule Add MPCBB2_NonSecureArea_Start_Address value with referenced to MPCBB2_NonSecureArea_Start value is applicable
2021-04-13 15:54:52,394 [INFO] Rule:214 - rule Add MPCWM1_NonSecureArea*_Start_Address value with referenced to MPCWM1_NonSecureArea*_Start value is applicable
2021-04-13 15:54:52,394 [INFO] Rule:214 - rule Add MPCWM2_NonSecureArea*_Start_Address value with referenced to MPCWM2_NonSecureArea*_Start value is applicable
2021-04-13 15:54:52,394 [INFO] Rule:214 - rule Add MPCWM3_NonSecureArea_Start_Address value with referenced to MPCWM3_NonSecureArea_Start value is applicable
2021-04-13 15:54:52,394 [INFO] Rule:214 - rule Change Default Value for PLL1UserDefinedConfig is applicable
2021-04-13 15:54:52,394 [INFO] Rule:214 - rule Change GPIO_PuPd Default Value for USART in async mode is applicable
2021-04-13 15:54:52,394 [INFO] Rule:214 - rule Change SMPSDivider Default Value is applicable
2021-04-13 15:54:52,394 [INFO] Rule:214 - rule OPAMP is applicable
2021-04-13 15:54:52,394 [INFO] Rule:214 - rule LPUART IPParameter rename Prescaler parameter to ClockPrescaler for STM32H7 is applicable
2021-04-13 15:54:52,394 [INFO] Rule:214 - rule LPUART IPParameter rename Prescaler parameter to ClockPrescaler for STM32H7 is applicable
2021-04-13 15:54:52,394 [INFO] Rule:214 - rule LPUART IPParameter rename Prescaler parameter to ClockPrescaler for STM32WB is applicable
2021-04-13 15:54:52,394 [INFO] Rule:214 - rule LPUART IPParameter rename Prescaler parameter to ClockPrescaler for STM32WB is applicable
2021-04-13 15:54:52,394 [INFO] Rule:214 - rule LPUART IPParameter rename Prescaler parameter to ClockPrescaler for STM32G4 is applicable
2021-04-13 15:54:52,394 [INFO] Rule:214 - rule LPUART IPParameter rename Prescaler parameter to ClockPrescaler for STM32G4 is applicable
2021-04-13 15:54:52,394 [INFO] Rule:214 - rule LPUART IPParameter rename Prescaler parameter to ClockPrescaler for STM32L5 is applicable
2021-04-13 15:54:52,395 [INFO] Rule:214 - rule LPUART IPParameter rename Prescaler parameter to ClockPrescaler for STM32G4 is applicable
2021-04-13 15:54:52,395 [INFO] Rule:214 - rule LPUART IPParameter rename Prescaler parameter to ClockPrescaler for STM32G4 is applicable
2021-04-13 15:54:52,395 [INFO] Rule:214 - rule USB device lib V2.5.3 for L0 rename USBD_SUPPORT_USER_STRING parameter to USBD_SUPPORT_USER_STRING_DESC4 is applicable
2021-04-13 15:54:52,395 [INFO] Rule:214 - rule I2SCLockSelection clock entry align is applicable
2021-04-13 15:54:52,395 [INFO] Rule:214 - rule Assign TIMx context if used as SYS timebase is applicable
2021-04-13 15:54:52,405 [INFO] DbConfProperties:294 - Apply Compatibility (46/202 Rules)
2021-04-13 15:54:52,425 [INFO] ImportTextPane:162 - (OptionalMessage_ERROR) Unable to find key (Mcu.ThirdPartyNb) in loaded IOC file
2021-04-13 15:54:52,518 [WARN] ApiManager:294 - Cannot register API 'Board Extension:S2868A1' from pack STMicroelectronics.X-CUBE-SFXS2LP1.3.0.0: no header file found
2021-04-13 15:54:52,518 [WARN] ApiManager:294 - Cannot register API 'Board Extension:S2868A2' from pack STMicroelectronics.X-CUBE-SFXS2LP1.3.0.0: no header file found
2021-04-13 15:54:52,518 [WARN] ApiManager:294 - Cannot register API 'Board Extension:S2915A1' from pack STMicroelectronics.X-CUBE-SFXS2LP1.3.0.0: no header file found
2021-04-13 15:54:52,523 [WARN] ModelIntegratedComponent:51 - No mode defined for component null
2021-04-13 15:54:52,523 [WARN] ModelIntegratedComponent:51 - No mode defined for component null
2021-04-13 15:54:52,523 [WARN] ModelIntegratedComponent:51 - No mode defined for component null
2021-04-13 15:54:52,524 [WARN] ModelIntegratedComponent:51 - No mode defined for component null
2021-04-13 15:54:52,524 [WARN] ModelIntegratedComponent:51 - No mode defined for component null
2021-04-13 15:54:52,524 [WARN] ModelIntegratedComponent:51 - No mode defined for component null
2021-04-13 15:54:52,524 [WARN] ModelIntegratedComponent:51 - No mode defined for component null
2021-04-13 15:54:52,524 [WARN] ModelIntegratedComponent:51 - No mode defined for component null
2021-04-13 15:54:52,524 [WARN] ModelIntegratedComponent:51 - No mode defined for component null
2021-04-13 15:54:52,524 [WARN] ModelIntegratedComponent:51 - No mode defined for component null
2021-04-13 15:54:52,524 [WARN] ModelIntegratedComponent:51 - No mode defined for component null
2021-04-13 15:54:52,524 [WARN] ModelIntegratedComponent:51 - No mode defined for component null
2021-04-13 15:54:52,524 [WARN] ModelIntegratedComponent:51 - No mode defined for component null
2021-04-13 15:54:52,524 [WARN] ModelIntegratedComponent:51 - No mode defined for component null
2021-04-13 15:54:52,524 [WARN] ModelIntegratedComponent:51 - No mode defined for component null
2021-04-13 15:54:52,525 [WARN] ModelIntegratedComponent:51 - No mode defined for component null
2021-04-13 15:54:52,525 [WARN] ModelIntegratedComponent:51 - No mode defined for component null
2021-04-13 15:54:52,525 [WARN] ModelIntegratedComponent:51 - No mode defined for component null
2021-04-13 15:54:52,525 [WARN] ModelIntegratedComponent:51 - No mode defined for component null
2021-04-13 15:54:52,525 [WARN] ModelIntegratedComponent:51 - No mode defined for component null
2021-04-13 15:54:52,525 [WARN] ModelIntegratedComponent:51 - No mode defined for component null
2021-04-13 15:54:52,525 [WARN] ModelIntegratedComponent:51 - No mode defined for component null
2021-04-13 15:54:52,525 [WARN] ModelIntegratedComponent:51 - No mode defined for component null
2021-04-13 15:54:52,525 [WARN] ModelIntegratedComponent:51 - No mode defined for component null
2021-04-13 15:54:52,525 [WARN] ModelIntegratedComponent:51 - No mode defined for component null
2021-04-13 15:54:52,525 [WARN] ModelIntegratedComponent:51 - No mode defined for component null
2021-04-13 15:54:52,526 [WARN] ModelIntegratedComponent:51 - No mode defined for component null
2021-04-13 15:54:52,531 [WARN] ApiManager:294 - Cannot register API 'Board Extension:S2868A1' from pack STMicroelectronics.X-CUBE-SUBG2.4.0.0: no header file found
2021-04-13 15:54:52,532 [WARN] ApiManager:294 - Cannot register API 'Board Extension:S2868A2' from pack STMicroelectronics.X-CUBE-SUBG2.4.0.0: no header file found
2021-04-13 15:54:52,532 [WARN] ApiManager:294 - Cannot register API 'Board Extension:S2915A1' from pack STMicroelectronics.X-CUBE-SUBG2.4.0.0: no header file found
2021-04-13 15:54:52,683 [WARN] ApiManager:294 - Cannot register API 'Board Extension:IKS01A3' from pack STMicroelectronics.X-CUBE-MEMS1.8.2.0: no header file found
2021-04-13 15:54:52,683 [WARN] ApiManager:294 - Cannot register API 'Board Extension:IKS01A2' from pack STMicroelectronics.X-CUBE-MEMS1.8.2.0: no header file found
2021-04-13 15:54:52,683 [WARN] ApiManager:294 - Cannot register API 'Board Extension:IKS02A1' from pack STMicroelectronics.X-CUBE-MEMS1.8.2.0: no header file found
2021-04-13 15:54:52,690 [WARN] ApiManager:294 - Cannot register API 'Board Extension:EEPRMA1' from pack STMicroelectronics.X-CUBE-EEPRMA1.3.0.0: no header file found
2021-04-13 15:54:52,690 [WARN] ApiManager:294 - Cannot register API 'Board Extension:EEPRMA2' from pack STMicroelectronics.X-CUBE-EEPRMA1.3.0.0: no header file found
2021-04-13 15:54:52,812 [WARN] ApiManager:294 - Cannot register API 'Board Extension:IKS01A3' from pack STMicroelectronics.X-CUBE-MEMS1.8.3.0: no header file found
2021-04-13 15:54:52,813 [WARN] ApiManager:294 - Cannot register API 'Board Extension:IKS01A2' from pack STMicroelectronics.X-CUBE-MEMS1.8.3.0: no header file found
2021-04-13 15:54:52,813 [WARN] ApiManager:294 - Cannot register API 'Board Extension:IKS02A1' from pack STMicroelectronics.X-CUBE-MEMS1.8.3.0: no header file found
2021-04-13 15:54:52,820 [INFO] RtosManager:470 - Registered RTOS mode: class=CMSIS, group=RTOS, mode=CMSIS_V1, owner=FREERTOS
2021-04-13 15:54:52,820 [INFO] RtosManager:470 - Registered RTOS mode: class=CMSIS, group=RTOS2, mode=CMSIS_V2, owner=FREERTOS
2021-04-13 15:54:52,820 [INFO] RtosManager:470 - Registered RTOS mode: class=RTOS, group=Core, mode=CMSIS_V1, owner=FREERTOS
2021-04-13 15:54:52,820 [INFO] RtosManager:470 - Registered RTOS mode: class=RTOS, group=Core, mode=CMSIS_V2, owner=FREERTOS
2021-04-13 15:54:52,820 [WARN] ModelIntegratedComponent:182 - Missing modes for component STMicroelectronics:FreeRTOS:0.0.1:STMicroelectronics:RTOS:FreeRTOS:Core:::10.2.0:
2021-04-13 15:54:52,822 [WARN] ApiManager:294 - Cannot register API 'Board Extension:GNSS1A1' from pack STMicroelectronics.X-CUBE-GNSS1.5.2.0: no header file found
2021-04-13 15:54:52,822 [WARN] ApiManager:294 - Cannot register API 'Board Support:Custom' from pack STMicroelectronics.X-CUBE-GNSS1.5.2.0: no header file found
2021-04-13 15:54:52,822 [WARN] ApiManager:294 - Cannot register API 'Data Exchange:lib_gnss' from pack STMicroelectronics.X-CUBE-GNSS1.5.2.0: no header file found
2021-04-13 15:54:52,822 [WARN] ApiManager:294 - Cannot register API 'Wireless:BlueNRG-MS' from pack STMicroelectronics.X-CUBE-BLE1.6.1.0: no header file found
2021-04-13 15:54:52,823 [WARN] ApiManager:294 - Cannot register API 'Board Extension:NFC04A1' from pack STMicroelectronics.X-CUBE-NFC4.2.0.2: no header file found
2021-04-13 15:54:52,824 [WARN] ApiManager:294 - Cannot register API 'Wireless:BlueNRG-2' from pack STMicroelectronics.X-CUBE-BLE2.3.2.0: no header file found
2021-04-13 15:54:53,505 [INFO] ImportTextPane:162 - (OptionalMessage_ERROR) IP (RCC) : Invalid parameter (FamilyName)
2021-04-13 15:54:53,508 [INFO] ImportTextPane:162 - (OptionalMessage_ERROR) IP (RCC) : Parameter (RNGFreq_Value) has invalid value (64000000)
2021-04-13 15:54:53,508 [INFO] ImportTextPane:162 - (OptionalMessage_ERROR) IP (RCC) : Parameter (SDMMCFreq_Value) has invalid value (64000000)
2021-04-13 15:54:53,508 [INFO] ImportTextPane:162 - (OptionalMessage_ERROR) IP (RCC) : Parameter (USBFreq_Value) has invalid value (64000000)
2021-04-13 15:54:53,877 [INFO] UtilMem:74 - End LoadConfig() Used Memory: 536419752 Bytes (687865856)
2021-04-13 15:54:53,884 [WARN] ThirdParty:762 - waiting for thirdparty lock release [change project]
2021-04-13 15:54:53,885 [INFO] ThirdParty:764 - entering critical section [change project]
2021-04-13 15:54:53,885 [INFO] ThirdParty:952 - CMSIS Pack Vendor :RoweBots I-CUBE-UNISONRTOS 5.5.0-4
2021-04-13 15:54:53,885 [INFO] ThirdParty:952 - CMSIS Pack Vendor :STMicroelectronics X-CUBE-SFXS2LP1 3.0.0
2021-04-13 15:54:53,885 [INFO] ThirdParty:952 - CMSIS Pack Vendor :STMicroelectronics USB_HOST 2.0.0
2021-04-13 15:54:53,885 [INFO] ThirdParty:952 - CMSIS Pack Vendor :STMicroelectronics USB_DEVICE 3.0.0
2021-04-13 15:54:53,885 [INFO] ThirdParty:952 - CMSIS Pack Vendor :STMicroelectronics HAL Drivers 0.0.0
2021-04-13 15:54:53,885 [INFO] ThirdParty:952 - CMSIS Pack Vendor :STMicroelectronics MBEDTLS 2.16.2
2021-04-13 15:54:53,885 [INFO] ThirdParty:952 - CMSIS Pack Vendor :STMicroelectronics MBEDTLS 2.14.1
2021-04-13 15:54:53,885 [INFO] ThirdParty:952 - CMSIS Pack Vendor :STMicroelectronics X-CUBE-SUBG2 4.0.0
2021-04-13 15:54:53,885 [INFO] ThirdParty:952 - CMSIS Pack Vendor :STMicroelectronics X-CUBE-TOF1 1.0.0
2021-04-13 15:54:53,885 [INFO] ThirdParty:952 - CMSIS Pack Vendor :STMicroelectronics X-CUBE-AZRTOS-H7 1.0.0
2021-04-13 15:54:53,886 [INFO] ThirdParty:952 - CMSIS Pack Vendor :STMicroelectronics USB_DEVICE 2.0.0
2021-04-13 15:54:53,887 [INFO] ThirdParty:952 - CMSIS Pack Vendor :STMicroelectronics X-CUBE-MEMS1 8.2.0
2021-04-13 15:54:53,887 [INFO] ThirdParty:952 - CMSIS Pack Vendor :STMicroelectronics X-CUBE-EEPRMA1 3.0.0
2021-04-13 15:54:53,887 [INFO] ThirdParty:952 - CMSIS Pack Vendor :STMicroelectronics X-CUBE-MEMS1 8.3.0
2021-04-13 15:54:53,887 [INFO] ThirdParty:952 - CMSIS Pack Vendor :STMicroelectronics X-CUBE-DISPLAY 1.0.0
2021-04-13 15:54:53,887 [INFO] ThirdParty:952 - CMSIS Pack Vendor :STMicroelectronics FreeRTOS 0.0.1
2021-04-13 15:54:53,887 [INFO] ThirdParty:952 - CMSIS Pack Vendor :STMicroelectronics USB_DEVICE 1.0.0
2021-04-13 15:54:53,887 [INFO] ThirdParty:952 - CMSIS Pack Vendor :STMicroelectronics X-CUBE-AI 6.0.0
2021-04-13 15:54:53,887 [INFO] ThirdParty:952 - CMSIS Pack Vendor :STMicroelectronics X-CUBE-ALGOBUILD 1.2.0
2021-04-13 15:54:53,887 [INFO] ThirdParty:952 - CMSIS Pack Vendor :STMicroelectronics X-CUBE-GNSS1 5.2.0
2021-04-13 15:54:53,887 [INFO] ThirdParty:952 - CMSIS Pack Vendor :STMicroelectronics X-CUBE-BLE1 6.1.0
2021-04-13 15:54:53,888 [INFO] ThirdParty:952 - CMSIS Pack Vendor :STMicroelectronics lwIP 2.0.3
2021-04-13 15:54:53,888 [INFO] ThirdParty:952 - CMSIS Pack Vendor :STMicroelectronics lwIP 2.1.2
2021-04-13 15:54:53,888 [INFO] ThirdParty:952 - CMSIS Pack Vendor :STMicroelectronics USB_HOST 1.0.0
2021-04-13 15:54:53,888 [INFO] ThirdParty:952 - CMSIS Pack Vendor :STMicroelectronics X-CUBE-NFC4 2.0.2
2021-04-13 15:54:53,888 [INFO] ThirdParty:952 - CMSIS Pack Vendor :wolfSSL I-CUBE-wolfSSL 4.7.0
2021-04-13 15:54:53,888 [INFO] ThirdParty:952 - CMSIS Pack Vendor :STMicroelectronics X-CUBE-TOUCHGFX 4.16.1
2021-04-13 15:54:53,888 [INFO] ThirdParty:952 - CMSIS Pack Vendor :STMicroelectronics PDM2PCM 3.1.0
2021-04-13 15:54:53,888 [INFO] ThirdParty:952 - CMSIS Pack Vendor :STMicroelectronics PDM2PCM 3.2.0
2021-04-13 15:54:53,888 [INFO] ThirdParty:952 - CMSIS Pack Vendor :STMicroelectronics PDM2PCM 3.3.0
2021-04-13 15:54:53,888 [INFO] ThirdParty:952 - CMSIS Pack Vendor :STMicroelectronics X-CUBE-BLE2 3.2.0
2021-04-13 15:54:53,888 [INFO] ThirdParty:770 - exiting critical section [change project]
2021-04-13 15:54:54,311 [INFO] PinOutPanel:1435 - setPackage(No Configuration,No Configuration)
2021-04-13 15:54:54,313 [INFO] PinOutPanel:1435 - setPackage(STM32L476RGTx,LQFP64)
2021-04-13 15:54:55,077 [INFO] UtilMem:74 - Before build in PCC Used Memory: 593379776 Bytes (687865856)
2021-04-13 15:54:55,503 [INFO] SharedServices:72 - Folder for power plug-in: C:/Users/evers/.stm32cubemx/plugins/power
2021-04-13 15:54:55,554 [INFO] SharedServices:72 - Folder for power plug-in: C:/Users/evers/.stm32cubemx/plugins/power
2021-04-13 15:54:55,632 [INFO] SharedServices:72 - Folder for power plug-in: C:/Users/evers/.stm32cubemx/plugins/power
2021-04-13 15:54:55,645 [INFO] SharedServices:72 - Folder for power plug-in: C:/Users/evers/.stm32cubemx/plugins/power
2021-04-13 15:54:55,869 [INFO] UtilMem:74 - After build in PCC Used Memory: 558147816 Bytes (687865856)
2021-04-13 15:54:55,893 [INFO] IPUIPlugin:64 - create IPUIPlugin
2021-04-13 15:54:55,893 [INFO] IPUIPlugin:64 - create IPUIPlugin
2021-04-13 15:54:55,893 [INFO] IPUIPlugin:64 - create IPUIPlugin
2021-04-13 15:54:55,893 [INFO] IPUIPlugin:64 - create IPUIPlugin
2021-04-13 15:54:55,893 [INFO] IPUIPlugin:64 - create IPUIPlugin
2021-04-13 15:54:55,893 [INFO] IPUIPlugin:64 - create IPUIPlugin
2021-04-13 15:54:55,894 [INFO] IPUIPlugin:64 - create IPUIPlugin
2021-04-13 15:54:55,894 [INFO] IPUIPlugin:64 - create IPUIPlugin
2021-04-13 15:54:55,894 [INFO] IPUIPlugin:64 - create IPUIPlugin
2021-04-13 15:54:55,894 [INFO] IPUIPlugin:64 - create IPUIPlugin
2021-04-13 15:54:55,894 [INFO] IPUIPlugin:64 - create IPUIPlugin
2021-04-13 15:54:55,895 [INFO] IPUIPlugin:64 - create IPUIPlugin
2021-04-13 15:54:55,895 [INFO] IPUIPlugin:64 - create IPUIPlugin
2021-04-13 15:54:55,895 [INFO] IPUIPlugin:64 - create IPUIPlugin
2021-04-13 15:54:55,895 [INFO] IPUIPlugin:64 - create IPUIPlugin
2021-04-13 15:54:55,895 [INFO] IPUIPlugin:64 - create IPUIPlugin
2021-04-13 15:54:55,896 [INFO] IPUIPlugin:64 - create IPUIPlugin
2021-04-13 15:54:55,896 [INFO] IPUIPlugin:64 - create IPUIPlugin
2021-04-13 15:54:55,896 [INFO] IPUIPlugin:64 - create IPUIPlugin
2021-04-13 15:54:55,897 [INFO] IPUIPlugin:64 - create IPUIPlugin
2021-04-13 15:54:55,897 [INFO] IPUIPlugin:64 - create IPUIPlugin
2021-04-13 15:54:55,897 [INFO] IPUIPlugin:64 - create IPUIPlugin
2021-04-13 15:54:55,898 [INFO] IPUIPlugin:64 - create IPUIPlugin
2021-04-13 15:54:55,898 [INFO] IPUIPlugin:64 - create IPUIPlugin
2021-04-13 15:54:55,898 [INFO] IPUIPlugin:64 - create IPUIPlugin
2021-04-13 15:54:55,898 [INFO] IPUIPlugin:64 - create IPUIPlugin
2021-04-13 15:54:55,899 [INFO] IPUIPlugin:64 - create IPUIPlugin
2021-04-13 15:54:55,900 [INFO] IPUIPlugin:64 - create IPUIPlugin
2021-04-13 15:54:55,900 [INFO] IPUIPlugin:64 - create IPUIPlugin
2021-04-13 15:54:55,900 [INFO] IPUIPlugin:64 - create IPUIPlugin
2021-04-13 15:54:55,901 [INFO] IPUIPlugin:64 - create IPUIPlugin
2021-04-13 15:54:55,901 [INFO] IPUIPlugin:64 - create IPUIPlugin
2021-04-13 15:54:55,902 [INFO] IPUIPlugin:64 - create IPUIPlugin
2021-04-13 15:54:55,902 [INFO] IPUIPlugin:64 - create IPUIPlugin
2021-04-13 15:54:55,902 [INFO] IPUIPlugin:64 - create IPUIPlugin
2021-04-13 15:54:55,903 [INFO] IPUIPlugin:64 - create IPUIPlugin
2021-04-13 15:54:55,903 [INFO] IPUIPlugin:64 - create IPUIPlugin
2021-04-13 15:54:55,904 [INFO] IPUIPlugin:64 - create IPUIPlugin
2021-04-13 15:54:55,904 [INFO] IPUIPlugin:64 - create IPUIPlugin
2021-04-13 15:54:55,905 [INFO] IPUIPlugin:64 - create IPUIPlugin
2021-04-13 15:54:55,905 [INFO] IPUIPlugin:64 - create IPUIPlugin
2021-04-13 15:54:55,905 [INFO] IPUIPlugin:64 - create IPUIPlugin
2021-04-13 15:54:55,906 [INFO] IPUIPlugin:64 - create IPUIPlugin
2021-04-13 15:54:55,906 [INFO] IPUIPlugin:64 - create IPUIPlugin
2021-04-13 15:54:55,907 [INFO] IPUIPlugin:64 - create IPUIPlugin
2021-04-13 15:54:55,907 [INFO] IPUIPlugin:64 - create IPUIPlugin
2021-04-13 15:54:55,908 [INFO] IPUIPlugin:64 - create IPUIPlugin
2021-04-13 15:54:55,908 [INFO] IPUIPlugin:64 - create IPUIPlugin
2021-04-13 15:54:55,909 [INFO] IPUIPlugin:64 - create IPUIPlugin
2021-04-13 15:54:55,909 [INFO] IPUIPlugin:64 - create IPUIPlugin
2021-04-13 15:54:55,910 [INFO] IPUIPlugin:64 - create IPUIPlugin
2021-04-13 15:54:55,911 [INFO] IPUIPlugin:64 - create IPUIPlugin
2021-04-13 15:54:55,911 [INFO] IPUIPlugin:64 - create IPUIPlugin
2021-04-13 15:54:55,912 [INFO] IPUIPlugin:64 - create IPUIPlugin
2021-04-13 15:54:55,913 [INFO] IPUIPlugin:64 - create IPUIPlugin
2021-04-13 15:54:55,913 [INFO] IPUIPlugin:64 - create IPUIPlugin
2021-04-13 15:54:55,914 [INFO] IPUIPlugin:64 - create IPUIPlugin
2021-04-13 15:54:55,915 [INFO] IPUIPlugin:64 - create IPUIPlugin
2021-04-13 15:54:55,916 [INFO] IPUIPlugin:64 - create IPUIPlugin
2021-04-13 15:54:55,950 [INFO] LogOutputStream:76 - [STDOUT_REDIRECT] toolchainItems.length=====1
2021-04-13 15:54:56,054 [INFO] OpenFileManager:323 - Restore cursor
2021-04-13 15:54:56,461 [INFO] UtilMem:74 - End SaveConfig() Used Memory: 557323304 Bytes (687865856)
2021-04-13 15:54:56,584 [INFO] UtilMem:74 - End SaveConfig() Used Memory: 570252208 Bytes (687865856)
2021-04-13 15:54:56,987 [INFO] BlockDiagram:2735 - set Specific Code input for plugin: SYS
2021-04-13 15:54:56,988 [INFO] BlockDiagram:2735 - set Specific Code input for plugin: RCC
2021-04-13 15:54:56,988 [INFO] BlockDiagram:2735 - set Specific Code input for plugin: NVIC
2021-04-13 15:54:56,988 [INFO] BlockDiagram:2735 - set Specific Code input for plugin: USART
2021-04-13 15:54:56,988 [INFO] BlockDiagram:2735 - set Specific Code input for plugin: GPIO
2021-04-13 15:54:56,990 [INFO] CodeGenerator:641 - code generatio: config db path: C:\ST\STM32CubeIDE_1.4.0\STM32CubeIDE\plugins\com.st.stm32cube.common.mx_6.2.1.202103241236\\db\
2021-04-13 15:54:57,486 [INFO] CodeEngine:229 - oldGeneratedFile, C:\Users\evers\Documents\IMAGINE-IOT\Imagine-IoT\Imagine-IoT\9 Nucleo boards\NUCLEO-L476RG\17 Temperatuur monitoring\TemperatureMonitoring\MXTmpFiles\license.tmp_save
2021-04-13 15:54:57,835 [INFO] CodeEngine:247 - Generated code: C:\Users\evers\Documents\IMAGINE-IOT\Imagine-IoT\Imagine-IoT\9 Nucleo boards\NUCLEO-L476RG\17 Temperatuur monitoring\TemperatureMonitoring\MXTmpFiles\license.tmp
2021-04-13 15:54:57,944 [INFO] CodeEngine:229 - oldGeneratedFile, C:\Users\evers\Documents\IMAGINE-IOT\Imagine-IoT\Imagine-IoT\9 Nucleo boards\NUCLEO-L476RG\17 Temperatuur monitoring\TemperatureMonitoring\MXTmpFiles\gpio.tmp_save
2021-04-13 15:54:58,019 [INFO] CodeEngine:247 - Generated code: C:\Users\evers\Documents\IMAGINE-IOT\Imagine-IoT\Imagine-IoT\9 Nucleo boards\NUCLEO-L476RG\17 Temperatuur monitoring\TemperatureMonitoring\MXTmpFiles\gpio.tmp
2021-04-13 15:54:58,278 [INFO] LogOutputStream:76 - [STDOUT_REDIRECT] Command line
2021-04-13 15:54:58,291 [INFO] CodeEngine:229 - oldGeneratedFile, C:\Users\evers\Documents\IMAGINE-IOT\Imagine-IoT\Imagine-IoT\9 Nucleo boards\NUCLEO-L476RG\17 Temperatuur monitoring\TemperatureMonitoring\Core\Src\stm32l4xx_it.c_save
2021-04-13 15:54:58,388 [INFO] CodeEngine:247 - Generated code: C:\Users\evers\Documents\IMAGINE-IOT\Imagine-IoT\Imagine-IoT\9 Nucleo boards\NUCLEO-L476RG\17 Temperatuur monitoring\TemperatureMonitoring\Core\Src\stm32l4xx_it.c
2021-04-13 15:54:58,393 [INFO] CodeEngine:229 - oldGeneratedFile, C:\Users\evers\Documents\IMAGINE-IOT\Imagine-IoT\Imagine-IoT\9 Nucleo boards\NUCLEO-L476RG\17 Temperatuur monitoring\TemperatureMonitoring\Core\Inc\stm32l4xx_it.h_save
2021-04-13 15:54:58,460 [INFO] CodeEngine:247 - Generated code: C:\Users\evers\Documents\IMAGINE-IOT\Imagine-IoT\Imagine-IoT\9 Nucleo boards\NUCLEO-L476RG\17 Temperatuur monitoring\TemperatureMonitoring\Core\Inc\stm32l4xx_it.h
2021-04-13 15:54:58,474 [INFO] CodeEngine:229 - oldGeneratedFile, C:\Users\evers\Documents\IMAGINE-IOT\Imagine-IoT\Imagine-IoT\9 Nucleo boards\NUCLEO-L476RG\17 Temperatuur monitoring\TemperatureMonitoring\Core\Src\stm32l4xx_hal_msp.c_save
2021-04-13 15:54:58,610 [INFO] CodeEngine:247 - Generated code: C:\Users\evers\Documents\IMAGINE-IOT\Imagine-IoT\Imagine-IoT\9 Nucleo boards\NUCLEO-L476RG\17 Temperatuur monitoring\TemperatureMonitoring\Core\Src\stm32l4xx_hal_msp.c
2021-04-13 15:54:58,616 [INFO] CodeEngine:229 - oldGeneratedFile, C:\Users\evers\Documents\IMAGINE-IOT\Imagine-IoT\Imagine-IoT\9 Nucleo boards\NUCLEO-L476RG\17 Temperatuur monitoring\TemperatureMonitoring\MXTmpFiles\system.tmp_save
2021-04-13 15:54:58,673 [INFO] CodeEngine:247 - Generated code: C:\Users\evers\Documents\IMAGINE-IOT\Imagine-IoT\Imagine-IoT\9 Nucleo boards\NUCLEO-L476RG\17 Temperatuur monitoring\TemperatureMonitoring\MXTmpFiles\system.tmp
2021-04-13 15:54:58,684 [INFO] CodeEngine:229 - oldGeneratedFile, C:\Users\evers\Documents\IMAGINE-IOT\Imagine-IoT\Imagine-IoT\9 Nucleo boards\NUCLEO-L476RG\17 Temperatuur monitoring\TemperatureMonitoring\Core\Inc\stm32l4xx_hal_conf.h_save
2021-04-13 15:54:58,747 [INFO] CodeEngine:247 - Generated code: C:\Users\evers\Documents\IMAGINE-IOT\Imagine-IoT\Imagine-IoT\9 Nucleo boards\NUCLEO-L476RG\17 Temperatuur monitoring\TemperatureMonitoring\Core\Inc\stm32l4xx_hal_conf.h
2021-04-13 15:54:58,794 [INFO] CodeEngine:229 - oldGeneratedFile, C:\Users\evers\Documents\IMAGINE-IOT\Imagine-IoT\Imagine-IoT\9 Nucleo boards\NUCLEO-L476RG\17 Temperatuur monitoring\TemperatureMonitoring\Core\Inc\main.h_save
2021-04-13 15:54:58,858 [INFO] CodeEngine:247 - Generated code: C:\Users\evers\Documents\IMAGINE-IOT\Imagine-IoT\Imagine-IoT\9 Nucleo boards\NUCLEO-L476RG\17 Temperatuur monitoring\TemperatureMonitoring\Core\Inc\main.h
2021-04-13 15:54:58,862 [INFO] CodeEngine:229 - oldGeneratedFile, C:\Users\evers\Documents\IMAGINE-IOT\Imagine-IoT\Imagine-IoT\9 Nucleo boards\NUCLEO-L476RG\17 Temperatuur monitoring\TemperatureMonitoring\Core\Src\main.c_save
2021-04-13 15:54:58,982 [INFO] CodeEngine:247 - Generated code: C:\Users\evers\Documents\IMAGINE-IOT\Imagine-IoT\Imagine-IoT\9 Nucleo boards\NUCLEO-L476RG\17 Temperatuur monitoring\TemperatureMonitoring\Core\Src\main.c
2021-04-13 15:54:59,998 [INFO] ProjectBuilder:2460 - Time for Copy HAL[1] : 176mS.
2021-04-13 15:55:00,007 [INFO] ProjectBuilder:3418 - Project Generator version: 3.13.0-B3
2021-04-13 15:55:00,568 [INFO] ConfigFileManager:1242 - The Die is : DIE415
2021-04-13 15:55:00,587 [INFO] ApiDbMcu:458 - Load IP Config File for FATFS
2021-04-13 15:55:00,666 [INFO] ApiDbMcu:458 - Load IP Config File for FREERTOS
2021-04-13 15:55:00,812 [INFO] ApiDbMcu:458 - Load IP Config File for TOUCHSENSING
2021-04-13 15:55:00,839 [INFO] ApiDbMcu:458 - Load IP Config File for USB_DEVICE
2021-04-13 15:55:00,853 [INFO] ApiDbMcu:458 - Load IP Config File for USB_HOST
2021-04-13 15:55:05,291 [INFO] ProjectBuilder:3584 - Time for Generating toolchain IDE Files: 5284mS.
2021-04-13 15:55:05,292 [INFO] ProjectBuilder:2339 - Time for Copy CMSIS : 0mS.
2021-04-13 15:55:05,296 [INFO] ProjectBuilder:2339 - Time for Copy CMSIS : 0mS.
2021-04-13 15:55:06,329 [INFO] ApiDb:276 - Save user favorites file C:\Users\evers/.stm32cubeide/favorites.mcus.txt: 0 item(s)
2021-04-13 15:55:06,330 [INFO] ApiDb:280 - User favorites MCUs=[]
2021-04-13 15:55:06,333 [INFO] ApiDb:276 - Save user favorites file C:\Users\evers/.stm32cubeide/favorites.boards.txt: 1 item(s)
2021-04-13 15:55:06,333 [INFO] ApiDb:280 - User favorites Boards=[NUCLEO-L476RG]
2021-04-13 15:56:33,581 [INFO] I2cTimingTraitement:320 - 0x10909CEC
2021-04-13 15:56:33,680 [INFO] I2cTimingTraitement:320 - 0x10909CEC
2021-04-13 15:57:27,454 [INFO] I2cTimingTraitement:320 - 0x10909CEC
2021-04-13 15:57:27,552 [INFO] I2cTimingTraitement:320 - 0x10909CEC
2021-04-13 15:57:27,659 [INFO] I2cTimingTraitement:320 - 0x10909CEC
2021-04-13 15:57:27,746 [INFO] I2cTimingTraitement:320 - 0x10909CEC
2021-04-13 15:58:05,555 [INFO] UtilMem:74 - End SaveConfig() Used Memory: 925996808 Bytes (1068498944)
2021-04-13 15:58:07,874 [INFO] UtilMem:74 - End SaveConfig() Used Memory: 514277016 Bytes (1068498944)
2021-04-13 15:58:12,524 [INFO] UtilMem:74 - End SaveConfig() Used Memory: 669116232 Bytes (1068498944)
2021-04-13 15:58:12,918 [INFO] BlockDiagram:2735 - set Specific Code input for plugin: SYS
2021-04-13 15:58:12,919 [INFO] BlockDiagram:2735 - set Specific Code input for plugin: RCC
2021-04-13 15:58:12,919 [INFO] BlockDiagram:2735 - set Specific Code input for plugin: I2C
2021-04-13 15:58:12,919 [INFO] BlockDiagram:2735 - set Specific Code input for plugin: NVIC
2021-04-13 15:58:12,919 [INFO] BlockDiagram:2735 - set Specific Code input for plugin: USART
2021-04-13 15:58:12,919 [INFO] BlockDiagram:2735 - set Specific Code input for plugin: GPIO
2021-04-13 15:58:12,920 [INFO] CodeGenerator:641 - code generatio: config db path: C:\ST\STM32CubeIDE_1.4.0\STM32CubeIDE\plugins\com.st.stm32cube.common.mx_6.2.1.202103241236\\db\
2021-04-13 15:58:13,347 [INFO] CodeEngine:229 - oldGeneratedFile, C:\Users\evers\Documents\IMAGINE-IOT\Imagine-IoT\Imagine-IoT\9 Nucleo boards\NUCLEO-L476RG\17 Temperatuur monitoring\TemperatureMonitoring\MXTmpFiles\license.tmp_save
2021-04-13 15:58:13,442 [INFO] CodeEngine:247 - Generated code: C:\Users\evers\Documents\IMAGINE-IOT\Imagine-IoT\Imagine-IoT\9 Nucleo boards\NUCLEO-L476RG\17 Temperatuur monitoring\TemperatureMonitoring\MXTmpFiles\license.tmp
2021-04-13 15:58:13,511 [INFO] CodeEngine:229 - oldGeneratedFile, C:\Users\evers\Documents\IMAGINE-IOT\Imagine-IoT\Imagine-IoT\9 Nucleo boards\NUCLEO-L476RG\17 Temperatuur monitoring\TemperatureMonitoring\MXTmpFiles\gpio.tmp_save
2021-04-13 15:58:13,596 [INFO] CodeEngine:247 - Generated code: C:\Users\evers\Documents\IMAGINE-IOT\Imagine-IoT\Imagine-IoT\9 Nucleo boards\NUCLEO-L476RG\17 Temperatuur monitoring\TemperatureMonitoring\MXTmpFiles\gpio.tmp
2021-04-13 15:58:13,611 [ERROR] IPConfigManager:1461 - ERROR: the RefConfig I2CEnableFastModePlus is not available in your config.xml file
2021-04-13 15:58:13,863 [INFO] LogOutputStream:76 - [STDOUT_REDIRECT] Command line
2021-04-13 15:58:13,865 [INFO] LogOutputStream:76 - [STDOUT_REDIRECT] Command line
2021-04-13 15:58:13,879 [INFO] CodeEngine:229 - oldGeneratedFile, C:\Users\evers\Documents\IMAGINE-IOT\Imagine-IoT\Imagine-IoT\9 Nucleo boards\NUCLEO-L476RG\17 Temperatuur monitoring\TemperatureMonitoring\Core\Src\stm32l4xx_it.c_save
2021-04-13 15:58:13,960 [INFO] CodeEngine:247 - Generated code: C:\Users\evers\Documents\IMAGINE-IOT\Imagine-IoT\Imagine-IoT\9 Nucleo boards\NUCLEO-L476RG\17 Temperatuur monitoring\TemperatureMonitoring\Core\Src\stm32l4xx_it.c
2021-04-13 15:58:13,967 [INFO] CodeEngine:229 - oldGeneratedFile, C:\Users\evers\Documents\IMAGINE-IOT\Imagine-IoT\Imagine-IoT\9 Nucleo boards\NUCLEO-L476RG\17 Temperatuur monitoring\TemperatureMonitoring\Core\Inc\stm32l4xx_it.h_save
2021-04-13 15:58:14,026 [INFO] CodeEngine:247 - Generated code: C:\Users\evers\Documents\IMAGINE-IOT\Imagine-IoT\Imagine-IoT\9 Nucleo boards\NUCLEO-L476RG\17 Temperatuur monitoring\TemperatureMonitoring\Core\Inc\stm32l4xx_it.h
2021-04-13 15:58:14,047 [INFO] CodeEngine:229 - oldGeneratedFile, C:\Users\evers\Documents\IMAGINE-IOT\Imagine-IoT\Imagine-IoT\9 Nucleo boards\NUCLEO-L476RG\17 Temperatuur monitoring\TemperatureMonitoring\Core\Src\stm32l4xx_hal_msp.c_save
2021-04-13 15:58:14,148 [INFO] CodeEngine:247 - Generated code: C:\Users\evers\Documents\IMAGINE-IOT\Imagine-IoT\Imagine-IoT\9 Nucleo boards\NUCLEO-L476RG\17 Temperatuur monitoring\TemperatureMonitoring\Core\Src\stm32l4xx_hal_msp.c
2021-04-13 15:58:14,152 [INFO] CodeEngine:229 - oldGeneratedFile, C:\Users\evers\Documents\IMAGINE-IOT\Imagine-IoT\Imagine-IoT\9 Nucleo boards\NUCLEO-L476RG\17 Temperatuur monitoring\TemperatureMonitoring\MXTmpFiles\system.tmp_save
2021-04-13 15:58:14,199 [INFO] CodeEngine:247 - Generated code: C:\Users\evers\Documents\IMAGINE-IOT\Imagine-IoT\Imagine-IoT\9 Nucleo boards\NUCLEO-L476RG\17 Temperatuur monitoring\TemperatureMonitoring\MXTmpFiles\system.tmp
2021-04-13 15:58:14,210 [INFO] CodeEngine:229 - oldGeneratedFile, C:\Users\evers\Documents\IMAGINE-IOT\Imagine-IoT\Imagine-IoT\9 Nucleo boards\NUCLEO-L476RG\17 Temperatuur monitoring\TemperatureMonitoring\Core\Inc\stm32l4xx_hal_conf.h_save
2021-04-13 15:58:14,270 [INFO] CodeEngine:247 - Generated code: C:\Users\evers\Documents\IMAGINE-IOT\Imagine-IoT\Imagine-IoT\9 Nucleo boards\NUCLEO-L476RG\17 Temperatuur monitoring\TemperatureMonitoring\Core\Inc\stm32l4xx_hal_conf.h
2021-04-13 15:58:14,316 [INFO] CodeEngine:229 - oldGeneratedFile, C:\Users\evers\Documents\IMAGINE-IOT\Imagine-IoT\Imagine-IoT\9 Nucleo boards\NUCLEO-L476RG\17 Temperatuur monitoring\TemperatureMonitoring\Core\Inc\main.h_save
2021-04-13 15:58:14,377 [INFO] CodeEngine:247 - Generated code: C:\Users\evers\Documents\IMAGINE-IOT\Imagine-IoT\Imagine-IoT\9 Nucleo boards\NUCLEO-L476RG\17 Temperatuur monitoring\TemperatureMonitoring\Core\Inc\main.h
2021-04-13 15:58:14,412 [INFO] CodeEngine:229 - oldGeneratedFile, C:\Users\evers\Documents\IMAGINE-IOT\Imagine-IoT\Imagine-IoT\9 Nucleo boards\NUCLEO-L476RG\17 Temperatuur monitoring\TemperatureMonitoring\Core\Src\main.c_save
2021-04-13 15:58:14,556 [INFO] CodeEngine:247 - Generated code: C:\Users\evers\Documents\IMAGINE-IOT\Imagine-IoT\Imagine-IoT\9 Nucleo boards\NUCLEO-L476RG\17 Temperatuur monitoring\TemperatureMonitoring\Core\Src\main.c
2021-04-13 15:58:15,347 [INFO] ProjectBuilder:2460 - Time for Copy HAL[1] : 116mS.
2021-04-13 15:58:15,352 [INFO] ProjectBuilder:3418 - Project Generator version: 3.13.0-B3
2021-04-13 15:58:15,680 [INFO] ConfigFileManager:1242 - The Die is : DIE415
2021-04-13 15:58:17,704 [INFO] ProjectBuilder:3584 - Time for Generating toolchain IDE Files: 2352mS.
2021-04-13 15:58:17,705 [INFO] ProjectBuilder:2339 - Time for Copy CMSIS : 0mS.
2021-04-13 15:58:17,708 [INFO] ProjectBuilder:2339 - Time for Copy CMSIS : 0mS.
2021-04-13 16:41:25,115 [INFO] Activator:170 - 


2021-04-13 16:41:25,117 [INFO] Activator:171 - !SESSION log4j initialized
2021-04-13 16:52:03,933 [INFO] Activator:170 - 


2021-04-13 16:52:03,933 [INFO] Activator:171 - !SESSION log4j initialized
2021-04-13 16:59:07,342 [INFO] Activator:170 - 


2021-04-13 16:59:07,344 [INFO] Activator:171 - !SESSION log4j initialized
2021-04-13 17:00:50,994 [INFO] Activator:170 - 


2021-04-13 17:00:50,996 [INFO] Activator:171 - !SESSION log4j initialized
2021-04-13 17:05:55,562 [INFO] Activator:170 - 


2021-04-13 17:05:55,564 [INFO] Activator:171 - !SESSION log4j initialized
2021-04-13 17:19:08,474 [INFO] Activator:170 - 


2021-04-13 17:19:08,477 [INFO] Activator:171 - !SESSION log4j initialized
2021-04-13 18:03:54,206 [INFO] Activator:170 - 


2021-04-13 18:03:54,208 [INFO] Activator:171 - !SESSION log4j initialized
