2021-04-02 14:08:10,858 [INFO] Activator:170 - 


2021-04-02 14:08:10,860 [INFO] Activator:171 - !SESSION log4j initialized
2021-04-02 14:08:12,980 [INFO] McuFinderGlobals:39 - Set McuFinder mode to 2 (CubeIDE integrated)
2021-04-02 14:08:14,597 [INFO] ApplicationProperties:181 - Using Application install path: C:\ST\STM32CubeIDE_1.4.0\STM32CubeIDE\plugins\com.st.stm32cube.common.mx_6.2.1.202103241236
2021-04-02 14:08:14,613 [INFO] DbMcusXml:74 - Set database path to: C:\ST\STM32CubeIDE_1.4.0\STM32CubeIDE\plugins\com.st.stm32cube.common.mx_6.2.1.202103241236\\db\/mcu/
2021-04-02 14:08:14,618 [INFO] DbBoardsPdsc:56 - Set plugin database path to: C:\ST\STM32CubeIDE_1.4.0\STM32CubeIDE\plugins\com.st.stm32cube.common.mx_6.2.1.202103241236\\db\/plugins/boardmanager/
2021-04-02 14:08:14,619 [INFO] DbMcus:258 - Set plugin images path to: C:\ST\STM32CubeIDE_1.4.0\STM32CubeIDE\plugins\com.st.stm32cube.common.mx_6.2.1.202103241236\\db\/plugins/mcufinder/images/
2021-04-02 14:08:14,619 [INFO] DbBoards:264 - Set plugin images path to: C:\ST\STM32CubeIDE_1.4.0\STM32CubeIDE\plugins\com.st.stm32cube.common.mx_6.2.1.202103241236\\db\/plugins/mcufinder/images/
2021-04-02 14:08:14,622 [INFO] DbExamples:333 - Set plugin images path to: C:\ST\STM32CubeIDE_1.4.0\STM32CubeIDE\plugins\com.st.stm32cube.common.mx_6.2.1.202103241236\\db\/plugins/mcufinder/images/
2021-04-02 14:08:14,628 [INFO] DbMcusAds:85 - Set database path to: C:\Users\evers\.stmcufinder\plugins\mcufinder//mcu/
2021-04-02 14:08:14,630 [INFO] DbMcusDocs:110 - Set database path to: C:\Users\evers\.stmcufinder\plugins\mcufinder//mcu/
2021-04-02 14:08:14,632 [INFO] DbMcusJson:65 - Set database path to: C:\Users\evers\.stmcufinder\plugins\mcufinder//mcu/
2021-04-02 14:08:14,633 [INFO] DbBoardsDocs:110 - Set database path to: C:\Users\evers\.stmcufinder\plugins\mcufinder//mcu/
2021-04-02 14:08:14,635 [INFO] DbBoardsJson:58 - Set database path to: C:\Users\evers\.stmcufinder\plugins\mcufinder//mcu/
2021-04-02 14:08:14,639 [INFO] CrossReferenceDbSqlite:196 - Set database path to: C:\Users\evers\.stmcufinder\plugins\mcufinder//mcu/cs/
2021-04-02 14:08:14,642 [INFO] DbExamplesSqlite:690 - Set database path to: C:\Users\evers\.stmcufinder\plugins\mcufinder//mcu/
2021-04-02 14:08:14,758 [INFO] RulesReader:52 - Compatibility file has been processed (237 Rules)
2021-04-02 14:08:14,859 [INFO] MicroXplorer:622 - Detected Java Version = 11.0.9.1
2021-04-02 14:08:14,860 [INFO] DbMcusXml:74 - Set database path to: C:\ST\STM32CubeIDE_1.4.0\STM32CubeIDE\plugins\com.st.stm32cube.common.mx_6.2.1.202103241236\\db\/mcu/
2021-04-02 14:08:14,860 [INFO] DbBoardsPdsc:56 - Set plugin database path to: C:\ST\STM32CubeIDE_1.4.0\STM32CubeIDE\plugins\com.st.stm32cube.common.mx_6.2.1.202103241236\\db\/plugins/boardmanager/
2021-04-02 14:08:14,860 [INFO] DbMcus:258 - Set plugin images path to: C:\ST\STM32CubeIDE_1.4.0\STM32CubeIDE\plugins\com.st.stm32cube.common.mx_6.2.1.202103241236\\db\/plugins/mcufinder/images/
2021-04-02 14:08:14,861 [INFO] DbBoards:264 - Set plugin images path to: C:\ST\STM32CubeIDE_1.4.0\STM32CubeIDE\plugins\com.st.stm32cube.common.mx_6.2.1.202103241236\\db\/plugins/mcufinder/images/
2021-04-02 14:08:14,861 [INFO] DbExamples:333 - Set plugin images path to: C:\ST\STM32CubeIDE_1.4.0\STM32CubeIDE\plugins\com.st.stm32cube.common.mx_6.2.1.202103241236\\db\/plugins/mcufinder/images/
2021-04-02 14:08:14,861 [WARN] DbFile:35 - Overriding database path with different value: C:\Users\evers\.stmcufinder\plugins\mcufinder/ => C:\Users\evers\.stmcufinder\plugins\mcufinder
2021-04-02 14:08:14,861 [INFO] DbMcusAds:85 - Set database path to: C:\Users\evers\.stmcufinder\plugins\mcufinder//mcu/
2021-04-02 14:08:14,861 [WARN] DbFile:35 - Overriding database path with different value: C:\Users\evers\.stmcufinder\plugins\mcufinder/ => C:\Users\evers\.stmcufinder\plugins\mcufinder
2021-04-02 14:08:14,861 [INFO] DbMcusDocs:110 - Set database path to: C:\Users\evers\.stmcufinder\plugins\mcufinder//mcu/
2021-04-02 14:08:14,861 [WARN] DbFile:35 - Overriding database path with different value: C:\Users\evers\.stmcufinder\plugins\mcufinder/ => C:\Users\evers\.stmcufinder\plugins\mcufinder
2021-04-02 14:08:14,861 [INFO] DbMcusJson:65 - Set database path to: C:\Users\evers\.stmcufinder\plugins\mcufinder//mcu/
2021-04-02 14:08:14,862 [WARN] DbFile:35 - Overriding database path with different value: C:\Users\evers\.stmcufinder\plugins\mcufinder/ => C:\Users\evers\.stmcufinder\plugins\mcufinder
2021-04-02 14:08:14,862 [INFO] DbBoardsDocs:110 - Set database path to: C:\Users\evers\.stmcufinder\plugins\mcufinder//mcu/
2021-04-02 14:08:14,862 [WARN] DbFile:35 - Overriding database path with different value: C:\Users\evers\.stmcufinder\plugins\mcufinder/ => C:\Users\evers\.stmcufinder\plugins\mcufinder
2021-04-02 14:08:14,862 [INFO] DbBoardsJson:58 - Set database path to: C:\Users\evers\.stmcufinder\plugins\mcufinder//mcu/
2021-04-02 14:08:14,862 [WARN] DbFile:35 - Overriding database path with different value: C:\Users\evers\.stmcufinder\plugins\mcufinder/ => C:\Users\evers\.stmcufinder\plugins\mcufinder
2021-04-02 14:08:14,862 [WARN] DbFile:35 - Overriding database path with different value: C:\Users\evers\.stmcufinder\plugins\mcufinder/ => C:\Users\evers\.stmcufinder\plugins\mcufinder
2021-04-02 14:08:14,862 [INFO] CrossReferenceDbSqlite:196 - Set database path to: C:\Users\evers\.stmcufinder\plugins\mcufinder//mcu/cs/
2021-04-02 14:08:14,862 [WARN] DbFile:35 - Overriding database path with different value: C:\Users\evers\.stmcufinder\plugins\mcufinder/ => C:\Users\evers\.stmcufinder\plugins\mcufinder
2021-04-02 14:08:14,862 [INFO] DbExamplesSqlite:690 - Set database path to: C:\Users\evers\.stmcufinder\plugins\mcufinder//mcu/
2021-04-02 14:08:14,931 [INFO] MainPanel:204 - HeapMemory: 268435456
2021-04-02 14:08:15,014 [INFO] DbMcusXml:74 - Set database path to: C:\ST\STM32CubeIDE_1.4.0\STM32CubeIDE\plugins\com.st.stm32cube.common.mx_6.2.1.202103241236\\db\/mcu/
2021-04-02 14:08:15,014 [INFO] DbBoardsPdsc:56 - Set plugin database path to: C:\ST\STM32CubeIDE_1.4.0\STM32CubeIDE\plugins\com.st.stm32cube.common.mx_6.2.1.202103241236\\db\/plugins/boardmanager/
2021-04-02 14:08:15,015 [INFO] DbMcus:258 - Set plugin images path to: C:\ST\STM32CubeIDE_1.4.0\STM32CubeIDE\plugins\com.st.stm32cube.common.mx_6.2.1.202103241236\\db\/plugins/mcufinder/images/
2021-04-02 14:08:15,015 [INFO] DbBoards:264 - Set plugin images path to: C:\ST\STM32CubeIDE_1.4.0\STM32CubeIDE\plugins\com.st.stm32cube.common.mx_6.2.1.202103241236\\db\/plugins/mcufinder/images/
2021-04-02 14:08:15,015 [INFO] DbExamples:333 - Set plugin images path to: C:\ST\STM32CubeIDE_1.4.0\STM32CubeIDE\plugins\com.st.stm32cube.common.mx_6.2.1.202103241236\\db\/plugins/mcufinder/images/
2021-04-02 14:08:15,015 [WARN] DbFile:35 - Overriding database path with different value: C:\Users\evers\.stmcufinder\plugins\mcufinder/ => C:\Users\evers\.stmcufinder\plugins\mcufinder
2021-04-02 14:08:15,015 [INFO] DbMcusAds:85 - Set database path to: C:\Users\evers\.stmcufinder\plugins\mcufinder//mcu/
2021-04-02 14:08:15,016 [WARN] DbFile:35 - Overriding database path with different value: C:\Users\evers\.stmcufinder\plugins\mcufinder/ => C:\Users\evers\.stmcufinder\plugins\mcufinder
2021-04-02 14:08:15,016 [INFO] DbMcusDocs:110 - Set database path to: C:\Users\evers\.stmcufinder\plugins\mcufinder//mcu/
2021-04-02 14:08:15,016 [WARN] DbFile:35 - Overriding database path with different value: C:\Users\evers\.stmcufinder\plugins\mcufinder/ => C:\Users\evers\.stmcufinder\plugins\mcufinder
2021-04-02 14:08:15,016 [INFO] DbMcusJson:65 - Set database path to: C:\Users\evers\.stmcufinder\plugins\mcufinder//mcu/
2021-04-02 14:08:15,016 [WARN] DbFile:35 - Overriding database path with different value: C:\Users\evers\.stmcufinder\plugins\mcufinder/ => C:\Users\evers\.stmcufinder\plugins\mcufinder
2021-04-02 14:08:15,016 [INFO] DbBoardsDocs:110 - Set database path to: C:\Users\evers\.stmcufinder\plugins\mcufinder//mcu/
2021-04-02 14:08:15,016 [WARN] DbFile:35 - Overriding database path with different value: C:\Users\evers\.stmcufinder\plugins\mcufinder/ => C:\Users\evers\.stmcufinder\plugins\mcufinder
2021-04-02 14:08:15,016 [INFO] DbBoardsJson:58 - Set database path to: C:\Users\evers\.stmcufinder\plugins\mcufinder//mcu/
2021-04-02 14:08:15,016 [WARN] DbFile:35 - Overriding database path with different value: C:\Users\evers\.stmcufinder\plugins\mcufinder/ => C:\Users\evers\.stmcufinder\plugins\mcufinder
2021-04-02 14:08:15,017 [WARN] DbFile:35 - Overriding database path with different value: C:\Users\evers\.stmcufinder\plugins\mcufinder/ => C:\Users\evers\.stmcufinder\plugins\mcufinder
2021-04-02 14:08:15,017 [INFO] CrossReferenceDbSqlite:196 - Set database path to: C:\Users\evers\.stmcufinder\plugins\mcufinder//mcu/cs/
2021-04-02 14:08:15,017 [WARN] DbFile:35 - Overriding database path with different value: C:\Users\evers\.stmcufinder\plugins\mcufinder/ => C:\Users\evers\.stmcufinder\plugins\mcufinder
2021-04-02 14:08:15,017 [INFO] DbExamplesSqlite:690 - Set database path to: C:\Users\evers\.stmcufinder\plugins\mcufinder//mcu/
2021-04-02 14:08:15,040 [INFO] ApplicationProperties:181 - Using Application install path: C:\ST\STM32CubeIDE_1.4.0\STM32CubeIDE\plugins\com.st.stm32cube.common.mx_6.2.1.202103241236
2021-04-02 14:08:15,041 [INFO] PluginManage:178 - Search for loadable plugins [exclusion list=, ]
2021-04-02 14:08:15,043 [INFO] PluginManage:292 - Check plugin analytics
2021-04-02 14:08:15,222 [INFO] AnalyticsPlugin:233 - Accepted Software Licenses: STM32CubeMX.6.0.1,STM32CubeMX.6.1.1,STM32CubeMX.6.1.2,STM32CubeMX.6.2.0
2021-04-02 14:08:15,223 [INFO] AnalyticsPlugin:235 - Accepted CMSIS Pack Licenses: 
2021-04-02 14:08:15,223 [INFO] AnalyticsPlugin:237 - Accepted Firmware Licenses: 
2021-04-02 14:08:15,224 [INFO] PluginManage:342 - Loaded plugin analytics (category:tool,tabindex:-1)
2021-04-02 14:08:15,224 [INFO] PluginManage:292 - Check plugin clock
2021-04-02 14:08:15,241 [INFO] PluginManage:342 - Loaded plugin clock (category:base,tabindex:2)
2021-04-02 14:08:15,241 [INFO] PluginManage:292 - Check plugin ddr
2021-04-02 14:08:15,244 [INFO] PluginManage:342 - Loaded plugin ddr (category:tool,tabindex:6)
2021-04-02 14:08:15,245 [INFO] PluginManage:292 - Check plugin filemanager
2021-04-02 14:08:15,388 [INFO] PluginManage:342 - Loaded plugin filemanager (category:base,tabindex:10)
2021-04-02 14:08:15,389 [INFO] PluginManage:292 - Check plugin ipmanager
2021-04-02 14:08:15,399 [INFO] PluginManage:342 - Loaded plugin ipmanager (category:base,tabindex:5)
2021-04-02 14:08:15,399 [INFO] PluginManage:292 - Check plugin pinoutandconfiguration
2021-04-02 14:08:15,413 [INFO] PluginManage:342 - Loaded plugin pinoutandconfiguration (category:base,tabindex:1)
2021-04-02 14:08:15,413 [INFO] PluginManage:292 - Check plugin pinoutconfig
2021-04-02 14:08:15,456 [INFO] PluginManage:342 - Loaded plugin pinoutconfig (category:base,tabindex:0)
2021-04-02 14:08:15,456 [INFO] PluginManage:292 - Check plugin power
2021-04-02 14:08:15,477 [INFO] PluginManage:342 - Loaded plugin power (category:power,tabindex:4)
2021-04-02 14:08:15,477 [INFO] PluginManage:292 - Check plugin projectmanager
2021-04-02 14:08:15,510 [INFO] PluginManage:342 - Loaded plugin projectmanager (category:projectmanager,tabindex:3)
2021-04-02 14:08:15,510 [INFO] PluginManage:292 - Check plugin thirdparty
2021-04-02 14:08:15,685 [INFO] PluginManage:342 - Loaded plugin thirdparty (category:base,tabindex:-1)
2021-04-02 14:08:15,687 [WARN] IntegrityCheckThread:59 - waiting for thirdparty lock release [integrity check]
2021-04-02 14:08:15,687 [INFO] PluginManage:292 - Check plugin tools
2021-04-02 14:08:15,689 [INFO] IntegrityCheckThread:61 - entering critical section [integrity check]
2021-04-02 14:08:15,690 [INFO] ThirdPartyUpdaterWithRetryManager:56 - Updater plugin not ready yet. [1/15]
2021-04-02 14:08:15,692 [INFO] PluginManage:342 - Loaded plugin tools (category:base,tabindex:7)
2021-04-02 14:08:15,693 [INFO] PluginManage:292 - Check plugin tutovideos
2021-04-02 14:08:15,985 [INFO] PluginManage:342 - Loaded plugin tutovideos (category:base,tabindex:-1)
2021-04-02 14:08:15,986 [INFO] PluginManage:292 - Check plugin updater
2021-04-02 14:08:16,010 [INFO] PluginManage:342 - Loaded plugin updater (category:base,tabindex:12)
2021-04-02 14:08:16,011 [INFO] PluginManage:265 - PluginManage : Loaded plugins [13]
2021-04-02 14:08:16,316 [INFO] PinOutPanel:1435 - setPackage(No Configuration,No Configuration)
2021-04-02 14:08:16,445 [INFO] IPUIPlugin:64 - create IPUIPlugin
2021-04-02 14:08:16,445 [INFO] PluginManager:203 - loadIPPluginJar : add adc
2021-04-02 14:08:16,450 [INFO] IPUIPlugin:64 - create IPUIPlugin
2021-04-02 14:08:16,450 [INFO] PluginManager:203 - loadIPPluginJar : add aes
2021-04-02 14:08:16,455 [INFO] IPUIPlugin:64 - create IPUIPlugin
2021-04-02 14:08:16,455 [INFO] PluginManager:203 - loadIPPluginJar : add can
2021-04-02 14:08:16,458 [INFO] IPUIPlugin:64 - create IPUIPlugin
2021-04-02 14:08:16,458 [INFO] PluginManager:203 - loadIPPluginJar : add comp
2021-04-02 14:08:16,461 [INFO] IPUIPlugin:64 - create IPUIPlugin
2021-04-02 14:08:16,462 [INFO] PluginManager:203 - loadIPPluginJar : add cryp
2021-04-02 14:08:16,465 [INFO] IPUIPlugin:64 - create IPUIPlugin
2021-04-02 14:08:16,465 [INFO] PluginManager:203 - loadIPPluginJar : add dfsdm
2021-04-02 14:08:16,473 [INFO] IPUIPlugin:64 - create IPUIPlugin
2021-04-02 14:08:16,474 [INFO] PluginManager:203 - loadIPPluginJar : add dma
2021-04-02 14:08:16,476 [INFO] IPUIPlugin:64 - create IPUIPlugin
2021-04-02 14:08:16,476 [INFO] PluginManager:203 - loadIPPluginJar : add fatfs
2021-04-02 14:08:16,481 [INFO] IPUIPlugin:64 - create IPUIPlugin
2021-04-02 14:08:16,482 [INFO] PluginManager:203 - loadIPPluginJar : add fmc
2021-04-02 14:08:16,489 [INFO] IPUIPlugin:64 - create IPUIPlugin
2021-04-02 14:08:16,490 [INFO] PluginManager:203 - loadIPPluginJar : add freertos
2021-04-02 14:08:16,492 [INFO] IPUIPlugin:64 - create IPUIPlugin
2021-04-02 14:08:16,492 [INFO] PluginManager:203 - loadIPPluginJar : add genericplugin
2021-04-02 14:08:16,495 [INFO] IPUIPlugin:64 - create IPUIPlugin
2021-04-02 14:08:16,496 [INFO] PluginManager:203 - loadIPPluginJar : add gfxmmu
2021-04-02 14:08:16,502 [INFO] IPUIPlugin:64 - create IPUIPlugin
2021-04-02 14:08:16,503 [INFO] PluginManager:203 - loadIPPluginJar : add gic
2021-04-02 14:08:16,508 [INFO] IPUIPlugin:64 - create IPUIPlugin
2021-04-02 14:08:16,508 [INFO] PluginManager:203 - loadIPPluginJar : add gpio
2021-04-02 14:08:16,512 [INFO] IPUIPlugin:64 - create IPUIPlugin
2021-04-02 14:08:16,512 [INFO] PluginManager:203 - loadIPPluginJar : add gtzc
2021-04-02 14:08:16,514 [INFO] IPUIPlugin:64 - create IPUIPlugin
2021-04-02 14:08:16,515 [INFO] PluginManager:203 - loadIPPluginJar : add hash
2021-04-02 14:08:16,518 [INFO] IPUIPlugin:64 - create IPUIPlugin
2021-04-02 14:08:16,518 [INFO] PluginManager:203 - loadIPPluginJar : add i2c
2021-04-02 14:08:16,521 [INFO] IPUIPlugin:64 - create IPUIPlugin
2021-04-02 14:08:16,521 [INFO] PluginManager:203 - loadIPPluginJar : add i2s
2021-04-02 14:08:16,524 [INFO] IPUIPlugin:64 - create IPUIPlugin
2021-04-02 14:08:16,525 [INFO] PluginManager:203 - loadIPPluginJar : add ipddr
2021-04-02 14:08:16,528 [INFO] IPUIPlugin:64 - create IPUIPlugin
2021-04-02 14:08:16,528 [INFO] PluginManager:203 - loadIPPluginJar : add lorawan
2021-04-02 14:08:16,530 [INFO] IPUIPlugin:64 - create IPUIPlugin
2021-04-02 14:08:16,530 [INFO] PluginManager:203 - loadIPPluginJar : add ltdc
2021-04-02 14:08:16,534 [INFO] IPUIPlugin:64 - create IPUIPlugin
2021-04-02 14:08:16,534 [INFO] PluginManager:203 - loadIPPluginJar : add mdma
2021-04-02 14:08:16,539 [INFO] IPUIPlugin:64 - create IPUIPlugin
2021-04-02 14:08:16,539 [INFO] PluginManager:203 - loadIPPluginJar : add nvic
2021-04-02 14:08:16,542 [INFO] IPUIPlugin:64 - create IPUIPlugin
2021-04-02 14:08:16,542 [INFO] PluginManager:203 - loadIPPluginJar : add opamp
2021-04-02 14:08:16,545 [INFO] IPUIPlugin:64 - create IPUIPlugin
2021-04-02 14:08:16,545 [INFO] PluginManager:203 - loadIPPluginJar : add openamp
2021-04-02 14:08:16,549 [INFO] IPUIPlugin:64 - create IPUIPlugin
2021-04-02 14:08:16,549 [INFO] PluginManager:203 - loadIPPluginJar : add pdm2pcm
2021-04-02 14:08:16,555 [INFO] IPUIPlugin:64 - create IPUIPlugin
2021-04-02 14:08:16,558 [INFO] PluginManager:203 - loadIPPluginJar : add plateformsettings
2021-04-02 14:08:16,560 [INFO] IPUIPlugin:64 - create IPUIPlugin
2021-04-02 14:08:16,560 [INFO] PluginManager:203 - loadIPPluginJar : add quadspi
2021-04-02 14:08:16,565 [INFO] IPUIPlugin:64 - create IPUIPlugin
2021-04-02 14:08:16,565 [INFO] PluginManager:203 - loadIPPluginJar : add resmgrutility
2021-04-02 14:08:16,569 [INFO] IPUIPlugin:64 - create IPUIPlugin
2021-04-02 14:08:16,569 [INFO] PluginManager:203 - loadIPPluginJar : add sai
2021-04-02 14:08:16,571 [INFO] IPUIPlugin:64 - create IPUIPlugin
2021-04-02 14:08:16,572 [INFO] PluginManager:203 - loadIPPluginJar : add spi
2021-04-02 14:08:16,576 [INFO] IPUIPlugin:64 - create IPUIPlugin
2021-04-02 14:08:16,576 [INFO] PluginManager:203 - loadIPPluginJar : add stm32_wpan
2021-04-02 14:08:16,578 [INFO] IPUIPlugin:64 - create IPUIPlugin
2021-04-02 14:08:16,578 [INFO] PluginManager:203 - loadIPPluginJar : add tim
2021-04-02 14:08:16,582 [INFO] IPUIPlugin:64 - create IPUIPlugin
2021-04-02 14:08:16,583 [INFO] PluginManager:203 - loadIPPluginJar : add touchsensing
2021-04-02 14:08:16,585 [INFO] IPUIPlugin:64 - create IPUIPlugin
2021-04-02 14:08:16,585 [INFO] PluginManager:203 - loadIPPluginJar : add tracer_emb
2021-04-02 14:08:16,588 [INFO] IPUIPlugin:64 - create IPUIPlugin
2021-04-02 14:08:16,588 [INFO] PluginManager:203 - loadIPPluginJar : add ts
2021-04-02 14:08:16,590 [INFO] IPUIPlugin:64 - create IPUIPlugin
2021-04-02 14:08:16,590 [INFO] PluginManager:203 - loadIPPluginJar : add tsc
2021-04-02 14:08:16,592 [INFO] IPUIPlugin:64 - create IPUIPlugin
2021-04-02 14:08:16,592 [INFO] PluginManager:203 - loadIPPluginJar : add ucpd
2021-04-02 14:08:16,595 [INFO] IPUIPlugin:64 - create IPUIPlugin
2021-04-02 14:08:16,595 [INFO] PluginManager:203 - loadIPPluginJar : add usart
2021-04-02 14:08:16,995 [FATAL] Updater:284 - Updater called before beeing initialized
2021-04-02 14:08:17,107 [FATAL] Updater:284 - Updater called before beeing initialized
2021-04-02 14:08:17,111 [INFO] DbMcusAds:132 - JSON generation date=Thu Feb 11 15:55:24 CET 2021 (1613055324029)
2021-04-02 14:08:17,111 [FATAL] Updater:284 - Updater called before beeing initialized
2021-04-02 14:08:17,151 [WARN] DetailPanel:315 - Failed to get advertising image, set to default
2021-04-02 14:08:17,347 [FATAL] Updater:284 - Updater called before beeing initialized
2021-04-02 14:08:17,350 [FATAL] Updater:284 - Updater called before beeing initialized
2021-04-02 14:08:17,350 [FATAL] Updater:284 - Updater called before beeing initialized
2021-04-02 14:08:17,350 [WARN] DetailPanel:315 - Failed to get advertising image, set to default
2021-04-02 14:08:17,351 [FATAL] Updater:284 - Updater called before beeing initialized
2021-04-02 14:08:17,396 [FATAL] Updater:284 - Updater called before beeing initialized
2021-04-02 14:08:17,397 [WARN] ThirdParty:796 - waiting for thirdparty lock release [close project]
2021-04-02 14:08:18,696 [INFO] ThirdPartyUpdaterWithRetryManager:56 - Updater plugin not ready yet. [2/15]
2021-04-02 14:08:21,703 [FATAL] Updater:284 - Updater called before beeing initialized
2021-04-02 14:08:21,704 [ERROR] AbstractThirdPartyUpdaterManager:153 - class java.lang.Integer cannot be cast to class java.util.List (java.lang.Integer and java.util.List are in module java.base of loader 'bootstrap')
2021-04-02 14:08:21,705 [INFO] ThirdParty:900 - Integrity check success = false
2021-04-02 14:08:21,707 [INFO] IntegrityCheckThread:75 - exiting critical section [integrity check]
2021-04-02 14:08:21,707 [INFO] IntegrityCheckThread:78 - End integrity checks thread
2021-04-02 14:08:21,707 [INFO] ThirdParty:798 - entering critical section [close project]
2021-04-02 14:08:21,714 [INFO] ThirdParty:809 - exiting critical section [close project]
2021-04-02 14:08:21,731 [INFO] PinOutPanel:1435 - setPackage(No Configuration,No Configuration)
2021-04-02 14:08:21,735 [FATAL] Updater:284 - Updater called before beeing initialized
2021-04-02 14:08:21,768 [ERROR] Updater:1065 - MainUpdater not yet initialized. External WinMGr cannot be set.
2021-04-02 14:08:21,773 [INFO] Updater:1002 - Updater Version found : 6.2.1
2021-04-02 14:08:21,796 [INFO] ApplicationProperties:181 - Using Application install path: C:\ST\STM32CubeIDE_1.4.0\STM32CubeIDE\plugins\com.st.stm32cube.common.mx_6.2.1.202103241236
2021-04-02 14:08:21,840 [INFO] MainUpdater:479 - Copy updater definitions from MX database
2021-04-02 14:08:21,921 [INFO] MainUpdater:2661 - connection check result : 10
2021-04-02 14:08:21,922 [INFO] MainUpdater:3349 - Updater definition file requires update
2021-04-02 14:08:21,926 [INFO] MainUpdater:255 - Updater Check For Update Now.
2021-04-02 14:08:21,926 [INFO] MicroXplorer:472 - Change Database Version : DB.6.0.21
2021-04-02 14:08:22,028 [INFO] ServerAccessManage:348 - Download File updaters.zip
2021-04-02 14:08:22,329 [INFO] FileExtend:225 - Unzip File : updaters.zip
2021-04-02 14:08:22,330 [INFO] FileExtend:240 - Standard Zip Deflate
2021-04-02 14:08:22,761 [INFO] ServerAccessManage:348 - Download File PacksControlFlags.xml
2021-04-02 14:08:22,876 [INFO] ServerAccessManage:348 - Download File cubemx.pidx
2021-04-02 14:08:23,259 [INFO] ServerAccessManage:348 - Download File STMicroelectronics.X-CUBE-MEMS1.pdsc
2021-04-02 14:08:24,340 [INFO] ServerAccessManage:348 - Download File STMicroelectronics.X-CUBE-TOF1.pdsc
2021-04-02 14:08:24,543 [INFO] CheckServerUpdateThread:102 - End of CheckServer Thread
2021-04-02 14:08:24,589 [INFO] MainUpdater:2661 - connection check result : 10
2021-04-02 14:08:24,631 [WARN] PackLoader:226 - Cannot read IP mode file for STMicroelectronics.X-CUBE-MEMS1.8.3.0
2021-04-02 14:08:24,704 [INFO] ServerAccessManage:348 - Download File ad.zip
2021-04-02 14:08:25,020 [WARN] PackLoader:226 - Cannot read IP mode file for STMicroelectronics.X-CUBE-TOF1.1.0.0
2021-04-02 14:08:25,025 [INFO] PopulateThirdPartyThread:50 - Ending populate Thread
2021-04-02 14:08:25,029 [INFO] ThirdParty:952 - CMSIS Pack Vendor :STMicroelectronics X-CUBE-MEMS1 8.3.0
2021-04-02 14:08:25,029 [INFO] ThirdParty:952 - CMSIS Pack Vendor :STMicroelectronics X-CUBE-TOF1 1.0.0
2021-04-02 14:08:25,029 [INFO] LoadServerUpdatesThread:329 - End of LoadServerUpdate Thread
2021-04-02 14:08:25,954 [INFO] FileExtend:225 - Unzip File : ad.zip
2021-04-02 14:08:25,957 [INFO] FileExtend:240 - Standard Zip Deflate
2021-04-02 14:08:26,011 [INFO] LoadUrlFilesThread:135 - End of LoadUrlFiles Thread
2021-04-02 14:08:26,348 [INFO] ServerAccessManage:348 - Download File mcusAds.json._tmp_
2021-04-02 14:08:26,358 [INFO] LoadUrlFilesThread:135 - End of LoadUrlFiles Thread
2021-04-02 14:08:26,530 [INFO] ServerAccessManage:348 - Download File mcusDocs.json._tmp_
2021-04-02 14:08:26,620 [INFO] LoadUrlFilesThread:135 - End of LoadUrlFiles Thread
2021-04-02 14:08:26,705 [INFO] ServerAccessManage:348 - Download File mcusFeaturesAndDescription.json._tmp_
2021-04-02 14:08:29,407 [INFO] LoadUrlFilesThread:135 - End of LoadUrlFiles Thread
2021-04-02 14:08:29,464 [INFO] ServerAccessManage:348 - Download File boardsDocs.json._tmp_
2021-04-02 14:08:29,583 [INFO] LoadUrlFilesThread:135 - End of LoadUrlFiles Thread
2021-04-02 14:08:29,661 [INFO] ServerAccessManage:348 - Download File boards.json._tmp_
2021-04-02 14:08:29,776 [INFO] LoadUrlFilesThread:135 - End of LoadUrlFiles Thread
2021-04-02 14:08:29,819 [INFO] ServerAccessManage:348 - Download File cube-finder-db.zip
2021-04-02 14:08:38,435 [INFO] FileExtend:225 - Unzip File : cube-finder-db.zip
2021-04-02 14:08:38,438 [INFO] FileExtend:240 - Standard Zip Deflate
2021-04-02 14:08:38,771 [INFO] LoadUrlFilesThread:135 - End of LoadUrlFiles Thread
2021-04-02 14:08:38,928 [INFO] ServerAccessManage:348 - Download File crdb.zip
2021-04-02 14:08:39,060 [INFO] FileExtend:225 - Unzip File : crdb.zip
2021-04-02 14:08:39,060 [INFO] FileExtend:240 - Standard Zip Deflate
2021-04-02 14:08:39,081 [INFO] LoadUrlFilesThread:135 - End of LoadUrlFiles Thread
2021-04-02 14:08:39,112 [INFO] ServerAccessManage:348 - Download File tutoVideoDB.zip
2021-04-02 14:08:39,134 [INFO] FileExtend:225 - Unzip File : tutoVideoDB.zip
2021-04-02 14:08:39,134 [INFO] FileExtend:240 - Standard Zip Deflate
2021-04-02 14:08:39,144 [INFO] LoadUrlFilesThread:135 - End of LoadUrlFiles Thread
2021-04-02 14:08:39,148 [INFO] DbMcusAds:132 - JSON generation date=Mon Mar 01 11:27:39 CET 2021 (1614594459504)
2021-04-02 14:08:39,167 [INFO] DbMcusDocs:143 - JSON generation date=Mon Feb 08 14:35:07 CET 2021 (1612791307)
2021-04-02 14:08:39,168 [INFO] DbMcusXml:100 - Load MCU database from C:\ST\STM32CubeIDE_1.4.0\STM32CubeIDE\plugins\com.st.stm32cube.common.mx_6.2.1.202103241236\\db\/mcu/families.xml
2021-04-02 14:08:39,894 [INFO] DbMcusJson:94 - JSON generation date=Mon Feb 08 14:35:07 CET 2021 (1612791307)
2021-04-02 14:08:40,606 [INFO] DbMcus:175 - Found 1906 MCUs (1866 are supported by CubeMX, 1866 are visible in CubeMX)
2021-04-02 14:08:40,607 [INFO] ApiDb:251 - Load user favorites file C:\Users\evers/.stm32cubeide/favorites.mcus.txt: 0 item(s)
2021-04-02 14:08:40,607 [INFO] ApiDb:255 - User favorites MCUs=[]
2021-04-02 14:08:40,607 [INFO] DbMcus:187 - Set 0 / 0 favorites MCUs
2021-04-02 14:08:41,151 [INFO] DbMcusDocs:79 - Found 617 MCUs documents
2021-04-02 14:08:41,154 [INFO] ApiDb:276 - Save user favorites file C:\Users\evers/.stm32cubeide/favorites.mcus.txt: 0 item(s)
2021-04-02 14:08:41,154 [INFO] ApiDb:280 - User favorites MCUs=[]
2021-04-02 14:08:41,155 [INFO] DbMcusXml:100 - Load MCU database from C:\ST\STM32CubeIDE_1.4.0\STM32CubeIDE\plugins\com.st.stm32cube.common.mx_6.2.1.202103241236\\db\/mcu/families.xml
2021-04-02 14:08:41,682 [INFO] DbMcusJson:94 - JSON generation date=Mon Feb 08 14:35:07 CET 2021 (1612791307)
2021-04-02 14:08:42,395 [INFO] DbMcus:175 - Found 1906 MCUs (1866 are supported by CubeMX, 1866 are visible in CubeMX)
2021-04-02 14:08:42,396 [INFO] ApiDb:251 - Load user favorites file C:\Users\evers/.stm32cubeide/favorites.mcus.txt: 0 item(s)
2021-04-02 14:08:42,396 [INFO] ApiDb:255 - User favorites MCUs=[]
2021-04-02 14:08:42,396 [INFO] DbMcus:187 - Set 0 / 0 favorites MCUs
2021-04-02 14:08:42,421 [INFO] DbBoardsDocs:143 - JSON generation date=Mon Feb 08 14:35:07 CET 2021 (1612791307)
2021-04-02 14:08:42,437 [INFO] DbBoardsPdsc:90 - Found 24 items
2021-04-02 14:08:42,439 [INFO] DbBoardsPdsc:90 - Found 9 items
2021-04-02 14:08:42,445 [INFO] DbBoardsPdsc:90 - Found 33 items
2021-04-02 14:08:42,447 [INFO] DbBoardsPdsc:90 - Found 1 items
2021-04-02 14:08:42,454 [INFO] DbBoardsPdsc:90 - Found 46 items
2021-04-02 14:08:42,462 [INFO] DbBoardsPdsc:90 - Found 41 items
2021-04-02 14:08:42,464 [INFO] DbBoardsPdsc:90 - Found 2 items
2021-04-02 14:08:42,466 [INFO] DbBoardsPdsc:90 - Found 5 items
2021-04-02 14:08:42,469 [WARN] DbBoardsPdsc:254 - Board NUCLEO-WB15CC: unknown feature type=, name=, username=Three user LEDs, n=1
2021-04-02 14:08:42,470 [WARN] DbBoardsPdsc:254 - Board NUCLEO-WB15CC: unknown feature type=, name=, username=One reset and three user push-buttons, n=1
2021-04-02 14:08:42,470 [WARN] DbBoardsPdsc:254 - Board NUCLEO-WB15CC: unknown feature type=, name=, username=Arduino Uno V3 expansion connector, n=1
2021-04-02 14:08:42,470 [WARN] DbBoardsPdsc:254 - Board NUCLEO-WB15CC: unknown feature type=, name=, username=ST morpho extension pin headers for full access to all STM32WB I/Os, n=1
2021-04-02 14:08:42,470 [WARN] DbBoardsPdsc:254 - Board NUCLEO-WB15CC: unknown feature type=, name=, username=Integrated PCB antenna and SMA connector footprint, n=1
2021-04-02 14:08:42,470 [WARN] DbBoardsPdsc:254 - Board NUCLEO-WB15CC: unknown feature type=, name=, username=Flexible power-supply options: ST-LINK, USB VBUS, or external sources, n=1
2021-04-02 14:08:42,470 [WARN] DbBoardsPdsc:254 - Board NUCLEO-WB15CC: unknown feature type=, name=, username=On-board footprint to mount a CR2032 battery socket, n=1
2021-04-02 14:08:42,470 [WARN] DbBoardsPdsc:254 - Board NUCLEO-WB15CC: unknown feature type=, name=, username=On-board ST-LINK/V2-1 debugger/programmer with USB re-enumeration capability: mass storage, Virtual COM port, and debug port, n=1
2021-04-02 14:08:42,470 [WARN] DbBoardsPdsc:254 - Board NUCLEO-WB15CC: unknown feature type=, name=, username=Comprehensive free software libraries and examples available with the STM32CubeWB MCU Package, n=1
2021-04-02 14:08:42,470 [WARN] DbBoardsPdsc:254 - Board NUCLEO-WB15CC: unknown feature type=, name=, username=Support of a wide choice of Integrated Development Environments (IDEs) including IAR Embedded Workbench, MDK-ARM, STM32CubeIDE, and Mbed Studio, n=1
2021-04-02 14:08:42,472 [WARN] DbBoardsPdsc:254 - Board STM32H7B3I-DK: unknown feature type=Audio, name=, username=Audio stereo codec with Headphone Amp (CS42L51-CNZ), n=1
2021-04-02 14:08:42,473 [WARN] DbBoardsPdsc:254 - Board STM32H735G-DK: unknown feature type=Audio, name=, username=Audio stereo codec with Headphone Amp (WM8994ECS/R), n=1
2021-04-02 14:08:42,473 [WARN] DbBoardsPdsc:254 - Board STM32WB5MM-DK: unknown feature type=, name=, username=Time-of-Flight and gesture-detection sensor, n=1
2021-04-02 14:08:42,473 [WARN] DbBoardsPdsc:254 - Board STM32WB5MM-DK: unknown feature type=, name=, username=3 push-buttons (2 users and 1 reset) and 1 touch key button, n=1
2021-04-02 14:08:42,473 [WARN] DbBoardsPdsc:254 - Board STM32WB5MM-DK: unknown feature type=, name=, username=Flexible power-supply options: ST-LINK/V2-1 USB connector, 5 V delivered by ARDUINO速 or external connector, USB charger, or USB power, n=1
2021-04-02 14:08:42,473 [WARN] DbBoardsPdsc:254 - Board STM32WB5MM-DK: unknown feature type=, name=, username=On-board ST-LINK/V2-1 debugger/programmer with USB re-enumeration capability: Virtual COM port and debug port, n=1
2021-04-02 14:08:42,473 [WARN] DbBoardsPdsc:254 - Board STM32WB5MM-DK: unknown feature type=, name=, username=Comprehensive free software libraries and examples available with the STM32CubeWB MCU Package, n=1
2021-04-02 14:08:42,473 [WARN] DbBoardsPdsc:254 - Board STM32WB5MM-DK: unknown feature type=, name=, username=Support of a wide choice of Integrated Development Environments (IDEs) including IAR Embedded Workbench速, MDK-ARM, and STM32CubeIDE, n=1
2021-04-02 14:08:42,484 [WARN] DbBoardsPdsc:254 - Board STM32H7B3I-EVAL: unknown feature type=Audio, name=, username=Multi-Channel Audio Codec (CS42L51-CNZ), n=1
2021-04-02 14:08:42,484 [WARN] DbBoardsPdsc:254 - Board STM32H7B3I-EVAL: unknown feature type=Meter, name=, username=Power-metering and Temperature-monitoring with sigma-delta modulators, n=1
2021-04-02 14:08:42,485 [WARN] DbBoardsPdsc:254 - Board STM32H7B3I-EVAL: unknown feature type=Motor, name=, username=Motor Control, n=1
2021-04-02 14:08:42,501 [INFO] DbBoardsJson:87 - JSON generation date=Thu Feb 04 17:53:45 CET 2021 (1612457625)
2021-04-02 14:08:42,508 [INFO] DbBoards:117 - Found 161 boards (158 are supported by CubeMX)
2021-04-02 14:08:42,521 [INFO] DbBoardsDocs:143 - JSON generation date=Mon Feb 08 14:35:07 CET 2021 (1612791307)
2021-04-02 14:08:42,549 [INFO] DbBoardsDocs:79 - Found 193 boards documents
2021-04-02 14:08:42,551 [WARN] DbBoards:127 - board B-L462E-CELL1 has no document id list !
2021-04-02 14:08:42,551 [WARN] DbBoards:127 - board B-L475E-IOT01A2 has no document id list !
2021-04-02 14:08:42,552 [WARN] DbBoards:127 - board NUCLEO-G0B1RE has no document id list !
2021-04-02 14:08:42,553 [WARN] DbBoards:127 - board NUCLEO-H743ZI2 has no document id list !
2021-04-02 14:08:42,553 [WARN] DbBoards:127 - board NUCLEO-L4A6ZG has no document id list !
2021-04-02 14:08:42,554 [WARN] DbBoards:127 - board NUCLEO-WB15CC has no document id list !
2021-04-02 14:08:42,554 [WARN] DbBoards:127 - board NUCLEO-WB55RG has no document id list !
2021-04-02 14:08:42,554 [WARN] DbBoards:127 - board NUCLEO-WL55JC2 has no document id list !
2021-04-02 14:08:42,554 [WARN] DbBoards:127 - board P-NUCLEO-WB55-Nucleo has no document id list !
2021-04-02 14:08:42,554 [WARN] DbBoards:127 - board P-NUCLEO-WB55-USBDongle has no document id list !
2021-04-02 14:08:42,554 [WARN] DbBoards:127 - board STEVAL-BFA001V1B has no document id list !
2021-04-02 14:08:42,554 [WARN] DbBoards:127 - board STEVAL-BFA001V2B has no document id list !
2021-04-02 14:08:42,554 [WARN] DbBoards:127 - board STEVAL-IDP005V1 has no document id list !
2021-04-02 14:08:42,554 [WARN] DbBoards:127 - board STEVAL-IDP005V2 has no document id list !
2021-04-02 14:08:42,554 [WARN] DbBoards:127 - board STEVAL-MKSBOX1V1 has no document id list !
2021-04-02 14:08:42,554 [WARN] DbBoards:127 - board STEVAL-STWINKT1 has no document id list !
2021-04-02 14:08:42,555 [WARN] DbBoards:127 - board STEVAL-STWINKT1B has no document id list !
2021-04-02 14:08:42,555 [WARN] DbBoards:127 - board STM32F401C-DISCO has no document id list !
2021-04-02 14:08:42,556 [WARN] DbBoards:127 - board STM32F769I-DISC1 has no document id list !
2021-04-02 14:08:42,556 [WARN] DbBoards:127 - board STM32G0C1E-EV has no document id list !
2021-04-02 14:08:42,556 [WARN] DbBoards:127 - board STM32G474E-EVAL1 has no document id list !
2021-04-02 14:08:42,557 [WARN] DbBoards:127 - board STM32H743I-EVAL2 has no document id list !
2021-04-02 14:08:42,557 [WARN] DbBoards:127 - board STM32H747I-DISC1 has no document id list !
2021-04-02 14:08:42,557 [WARN] DbBoards:127 - board STM32H753I-EVAL2 has no document id list !
2021-04-02 14:08:42,557 [WARN] DbBoards:127 - board STM32L-DISCOVERY has no document id list !
2021-04-02 14:08:42,558 [WARN] DbBoards:127 - board STM32MP157A-DK1 has no document id list !
2021-04-02 14:08:42,558 [WARN] DbBoards:127 - board STM32MP157F-DK2 has no document id list !
2021-04-02 14:08:42,558 [WARN] DbBoards:127 - board STM32MP157F-EV1 has no document id list !
2021-04-02 14:08:42,558 [WARN] DbBoards:127 - board STM32WB5MM-DK has no document id list !
2021-04-02 14:08:44,146 [INFO] ApiDb:251 - Load user favorites file C:\Users\evers/.stm32cubeide/favorites.boards.txt: 1 item(s)
2021-04-02 14:08:44,146 [INFO] ApiDb:255 - User favorites Boards=[NUCLEO-L476RG]
2021-04-02 14:08:44,147 [INFO] DbBoards:206 - Set 1 / 1 favorites Boards
2021-04-02 14:08:44,165 [INFO] DbBoardsDocs:79 - Found 386 boards documents
2021-04-02 14:08:44,166 [INFO] ApiDb:276 - Save user favorites file C:\Users\evers/.stm32cubeide/favorites.boards.txt: 1 item(s)
2021-04-02 14:08:44,166 [INFO] ApiDb:280 - User favorites Boards=[NUCLEO-L476RG]
2021-04-02 14:08:44,172 [INFO] DbBoardsPdsc:90 - Found 24 items
2021-04-02 14:08:44,174 [INFO] DbBoardsPdsc:90 - Found 9 items
2021-04-02 14:08:44,177 [INFO] DbBoardsPdsc:90 - Found 33 items
2021-04-02 14:08:44,178 [INFO] DbBoardsPdsc:90 - Found 1 items
2021-04-02 14:08:44,184 [INFO] DbBoardsPdsc:90 - Found 46 items
2021-04-02 14:08:44,190 [INFO] DbBoardsPdsc:90 - Found 41 items
2021-04-02 14:08:44,191 [INFO] DbBoardsPdsc:90 - Found 2 items
2021-04-02 14:08:44,193 [INFO] DbBoardsPdsc:90 - Found 5 items
2021-04-02 14:08:44,194 [WARN] DbBoardsPdsc:254 - Board NUCLEO-WB15CC: unknown feature type=, name=, username=Three user LEDs, n=1
2021-04-02 14:08:44,194 [WARN] DbBoardsPdsc:254 - Board NUCLEO-WB15CC: unknown feature type=, name=, username=One reset and three user push-buttons, n=1
2021-04-02 14:08:44,194 [WARN] DbBoardsPdsc:254 - Board NUCLEO-WB15CC: unknown feature type=, name=, username=Arduino Uno V3 expansion connector, n=1
2021-04-02 14:08:44,195 [WARN] DbBoardsPdsc:254 - Board NUCLEO-WB15CC: unknown feature type=, name=, username=ST morpho extension pin headers for full access to all STM32WB I/Os, n=1
2021-04-02 14:08:44,195 [WARN] DbBoardsPdsc:254 - Board NUCLEO-WB15CC: unknown feature type=, name=, username=Integrated PCB antenna and SMA connector footprint, n=1
2021-04-02 14:08:44,195 [WARN] DbBoardsPdsc:254 - Board NUCLEO-WB15CC: unknown feature type=, name=, username=Flexible power-supply options: ST-LINK, USB VBUS, or external sources, n=1
2021-04-02 14:08:44,195 [WARN] DbBoardsPdsc:254 - Board NUCLEO-WB15CC: unknown feature type=, name=, username=On-board footprint to mount a CR2032 battery socket, n=1
2021-04-02 14:08:44,195 [WARN] DbBoardsPdsc:254 - Board NUCLEO-WB15CC: unknown feature type=, name=, username=On-board ST-LINK/V2-1 debugger/programmer with USB re-enumeration capability: mass storage, Virtual COM port, and debug port, n=1
2021-04-02 14:08:44,195 [WARN] DbBoardsPdsc:254 - Board NUCLEO-WB15CC: unknown feature type=, name=, username=Comprehensive free software libraries and examples available with the STM32CubeWB MCU Package, n=1
2021-04-02 14:08:44,195 [WARN] DbBoardsPdsc:254 - Board NUCLEO-WB15CC: unknown feature type=, name=, username=Support of a wide choice of Integrated Development Environments (IDEs) including IAR Embedded Workbench, MDK-ARM, STM32CubeIDE, and Mbed Studio, n=1
2021-04-02 14:08:44,196 [WARN] DbBoardsPdsc:254 - Board STM32H7B3I-DK: unknown feature type=Audio, name=, username=Audio stereo codec with Headphone Amp (CS42L51-CNZ), n=1
2021-04-02 14:08:44,197 [WARN] DbBoardsPdsc:254 - Board STM32H735G-DK: unknown feature type=Audio, name=, username=Audio stereo codec with Headphone Amp (WM8994ECS/R), n=1
2021-04-02 14:08:44,197 [WARN] DbBoardsPdsc:254 - Board STM32WB5MM-DK: unknown feature type=, name=, username=Time-of-Flight and gesture-detection sensor, n=1
2021-04-02 14:08:44,197 [WARN] DbBoardsPdsc:254 - Board STM32WB5MM-DK: unknown feature type=, name=, username=3 push-buttons (2 users and 1 reset) and 1 touch key button, n=1
2021-04-02 14:08:44,197 [WARN] DbBoardsPdsc:254 - Board STM32WB5MM-DK: unknown feature type=, name=, username=Flexible power-supply options: ST-LINK/V2-1 USB connector, 5 V delivered by ARDUINO速 or external connector, USB charger, or USB power, n=1
2021-04-02 14:08:44,197 [WARN] DbBoardsPdsc:254 - Board STM32WB5MM-DK: unknown feature type=, name=, username=On-board ST-LINK/V2-1 debugger/programmer with USB re-enumeration capability: Virtual COM port and debug port, n=1
2021-04-02 14:08:44,197 [WARN] DbBoardsPdsc:254 - Board STM32WB5MM-DK: unknown feature type=, name=, username=Comprehensive free software libraries and examples available with the STM32CubeWB MCU Package, n=1
2021-04-02 14:08:44,197 [WARN] DbBoardsPdsc:254 - Board STM32WB5MM-DK: unknown feature type=, name=, username=Support of a wide choice of Integrated Development Environments (IDEs) including IAR Embedded Workbench速, MDK-ARM, and STM32CubeIDE, n=1
2021-04-02 14:08:44,198 [WARN] DbBoardsPdsc:254 - Board STM32H7B3I-EVAL: unknown feature type=Audio, name=, username=Multi-Channel Audio Codec (CS42L51-CNZ), n=1
2021-04-02 14:08:44,199 [WARN] DbBoardsPdsc:254 - Board STM32H7B3I-EVAL: unknown feature type=Meter, name=, username=Power-metering and Temperature-monitoring with sigma-delta modulators, n=1
2021-04-02 14:08:44,199 [WARN] DbBoardsPdsc:254 - Board STM32H7B3I-EVAL: unknown feature type=Motor, name=, username=Motor Control, n=1
2021-04-02 14:08:44,222 [INFO] DbBoardsJson:87 - JSON generation date=Thu Feb 04 17:53:45 CET 2021 (1612457625)
2021-04-02 14:08:44,227 [INFO] DbBoards:117 - Found 161 boards (158 are supported by CubeMX)
2021-04-02 14:08:44,228 [WARN] DbBoards:127 - board B-L462E-CELL1 has no document id list !
2021-04-02 14:08:44,228 [WARN] DbBoards:127 - board B-L475E-IOT01A2 has no document id list !
2021-04-02 14:08:44,228 [WARN] DbBoards:127 - board NUCLEO-G0B1RE has no document id list !
2021-04-02 14:08:44,228 [WARN] DbBoards:127 - board NUCLEO-H743ZI2 has no document id list !
2021-04-02 14:08:44,228 [WARN] DbBoards:127 - board NUCLEO-L4A6ZG has no document id list !
2021-04-02 14:08:44,228 [WARN] DbBoards:127 - board NUCLEO-WB15CC has no document id list !
2021-04-02 14:08:44,228 [WARN] DbBoards:127 - board NUCLEO-WB55RG has no document id list !
2021-04-02 14:08:44,229 [WARN] DbBoards:127 - board NUCLEO-WL55JC2 has no document id list !
2021-04-02 14:08:44,229 [WARN] DbBoards:127 - board P-NUCLEO-WB55-Nucleo has no document id list !
2021-04-02 14:08:44,229 [WARN] DbBoards:127 - board P-NUCLEO-WB55-USBDongle has no document id list !
2021-04-02 14:08:44,229 [WARN] DbBoards:127 - board STEVAL-BFA001V1B has no document id list !
2021-04-02 14:08:44,229 [WARN] DbBoards:127 - board STEVAL-BFA001V2B has no document id list !
2021-04-02 14:08:44,229 [WARN] DbBoards:127 - board STEVAL-IDP005V1 has no document id list !
2021-04-02 14:08:44,229 [WARN] DbBoards:127 - board STEVAL-IDP005V2 has no document id list !
2021-04-02 14:08:44,229 [WARN] DbBoards:127 - board STEVAL-MKSBOX1V1 has no document id list !
2021-04-02 14:08:44,229 [WARN] DbBoards:127 - board STEVAL-STWINKT1 has no document id list !
2021-04-02 14:08:44,229 [WARN] DbBoards:127 - board STEVAL-STWINKT1B has no document id list !
2021-04-02 14:08:44,229 [WARN] DbBoards:127 - board STM32F401C-DISCO has no document id list !
2021-04-02 14:08:44,230 [WARN] DbBoards:127 - board STM32F769I-DISC1 has no document id list !
2021-04-02 14:08:44,230 [WARN] DbBoards:127 - board STM32G0C1E-EV has no document id list !
2021-04-02 14:08:44,230 [WARN] DbBoards:127 - board STM32G474E-EVAL1 has no document id list !
2021-04-02 14:08:44,230 [WARN] DbBoards:127 - board STM32H743I-EVAL2 has no document id list !
2021-04-02 14:08:44,231 [WARN] DbBoards:127 - board STM32H747I-DISC1 has no document id list !
2021-04-02 14:08:44,231 [WARN] DbBoards:127 - board STM32H753I-EVAL2 has no document id list !
2021-04-02 14:08:44,231 [WARN] DbBoards:127 - board STM32L-DISCOVERY has no document id list !
2021-04-02 14:08:44,231 [WARN] DbBoards:127 - board STM32MP157A-DK1 has no document id list !
2021-04-02 14:08:44,231 [WARN] DbBoards:127 - board STM32MP157F-DK2 has no document id list !
2021-04-02 14:08:44,231 [WARN] DbBoards:127 - board STM32MP157F-EV1 has no document id list !
2021-04-02 14:08:44,231 [WARN] DbBoards:127 - board STM32WB5MM-DK has no document id list !
2021-04-02 14:08:44,813 [INFO] RetryExec:97 - I/O exception (org.apache.http.NoHttpResponseException) caught when processing request to {}->http://sw-center.st.com:80: The target server failed to respond
2021-04-02 14:08:44,815 [INFO] RetryExec:113 - Retrying request to {}->http://sw-center.st.com:80
2021-04-02 14:08:45,437 [INFO] ApiDb:251 - Load user favorites file C:\Users\evers/.stm32cubeide/favorites.boards.txt: 1 item(s)
2021-04-02 14:08:45,437 [INFO] ApiDb:255 - User favorites Boards=[NUCLEO-L476RG]
2021-04-02 14:08:45,438 [INFO] DbBoards:206 - Set 1 / 1 favorites Boards
2021-04-02 14:08:46,384 [INFO] ApiDb:479 - Connected to CubeFinder SQLite database (C:\Users\evers\.stmcufinder\plugins\mcufinder\mcu\cube-finder-db.db)
2021-04-02 14:08:46,901 [INFO] DbExamplesSqlite:401 - Ignored 35 examples not supported by CubeIDE
2021-04-02 14:08:46,902 [INFO] DbExamplesSqlite:402 - Found 4965 examples active
2021-04-02 14:08:46,902 [INFO] DbExamplesSqlite:403 - Found 130 examples obsolete
2021-04-02 14:08:46,902 [INFO] DbExamplesSqlite:404 - Found 0 examples under development
2021-04-02 14:08:46,902 [INFO] DbExamplesSqlite:405 - Found 76 examples not building
2021-04-02 14:08:46,917 [INFO] DbExamplesSqlite:104 - CubeFinder database Data Model version=2.1
2021-04-02 14:08:46,917 [INFO] DbExamplesSqlite:105 - CubeFinder database Configuration version=2.16
2021-04-02 14:08:46,918 [INFO] DbExamplesSqlite:106 - CubeFinder database generation date=2021-02-26 (1614349247)
2021-04-02 14:08:46,918 [INFO] DbExamplesSqlite:107 - CubeFinder database FW Pack versions=[STM32Cube_FW_F4_V1.26.0, STM32Cube_FW_F7_V1.16.0, STM32Cube_FW_G0_V1.4.0, STM32Cube_FW_G4_V1.4.0, STM32Cube_FW_H7_V1.9.0, STM32Cube_FW_L5_V1.4.0, STM32Cube_FW_WB_V1.11.0, STM32Cube_FW_WL_V1.0.0, X-CUBE-AZRTOS-H7_V1.0.0, X-CUBE-BLE2_V3.2.0, X-CUBE-GNSS1_V5.2.0]
2021-04-02 14:08:46,919 [INFO] DbExamples:130 - Found 5006 examples
2021-04-02 14:08:47,644 [ERROR] DbExamples:206 - Found 300 examples with invalid data (board or MCU)
2021-04-02 14:08:47,644 [INFO] DbExamples:222 - Found 63 boards with related examples
2021-04-02 14:08:47,655 [INFO] DbExamples:235 - Found 51 MCUs with related examples
2021-04-02 14:08:47,701 [INFO] ApiDb:242 - User favorites file not found: C:\Users\evers/.stm32cubeide/favorites.examples.txt
2021-04-02 14:08:47,701 [INFO] DbExamples:256 - Set 0 / 0 favorites Examples
2021-04-02 14:08:48,096 [INFO] CrossSelectorPresenter:1330 - Cross Selector saved comparison directory: C:\Users\evers\.stmcufinder\plugins\mcufinder\mcu\cs_comparisons_mx
2021-04-02 14:08:48,102 [INFO] MultiScanPanel:200 - Auto-refresh data requested => check proxy status ongoing
2021-04-02 14:08:48,104 [INFO] FinderPluginLoader:87 - Searching for filters in installed packs
2021-04-02 14:08:48,557 [WARN] DetailPanel:315 - Failed to get advertising image, set to default
2021-04-02 14:08:51,376 [INFO] MultiScanPanel:200 - Auto-refresh data requested => check proxy status ongoing
2021-04-02 14:08:51,447 [WARN] DetailPanel:315 - Failed to get advertising image, set to default
2021-04-02 14:09:11,748 [INFO] ApiDb:276 - Save user favorites file C:\Users\evers/.stm32cubeide/favorites.mcus.txt: 0 item(s)
2021-04-02 14:09:11,749 [INFO] ApiDb:280 - User favorites MCUs=[]
2021-04-02 14:09:11,753 [INFO] ApiDb:276 - Save user favorites file C:\Users\evers/.stm32cubeide/favorites.boards.txt: 1 item(s)
2021-04-02 14:09:11,754 [INFO] ApiDb:280 - User favorites Boards=[NUCLEO-L476RG]
2021-04-02 14:25:15,763 [ERROR] LogOutputStream:74 - [STDERR_REDIRECT] Exception in thread "SWV client thread" java.lang.NullPointerException
2021-04-02 14:25:15,765 [ERROR] LogOutputStream:74 - [STDERR_REDIRECT] 	at com.st.stm32cube.ide.mcu.debug.swv.core.SWVPlugin.debugTrace(SWVPlugin.java:85)
2021-04-02 14:25:15,768 [ERROR] LogOutputStream:74 - [STDERR_REDIRECT] 	at com.st.stm32cube.ide.mcu.debug.swv.core.SWVClient.TRACE(SWVClient.java:810)
2021-04-02 14:25:15,770 [ERROR] LogOutputStream:74 - [STDERR_REDIRECT] 	at com.st.stm32cube.ide.mcu.debug.swv.core.SWVClient.readByte(SWVClient.java:312)
2021-04-02 14:25:15,773 [ERROR] LogOutputStream:74 - [STDERR_REDIRECT] 	at com.st.stm32cube.ide.mcu.debug.swv.core.SWVClient.getNextByte(SWVClient.java:292)
2021-04-02 14:25:15,775 [ERROR] LogOutputStream:74 - [STDERR_REDIRECT] 	at com.st.stm32cube.ide.mcu.debug.swv.core.SWVClient.run(SWVClient.java:337)
