2021-05-15 13:15:36,319 [INFO] Activator:170 - 


2021-05-15 13:15:36,321 [INFO] Activator:171 - !SESSION log4j initialized
2021-05-15 13:17:12,968 [INFO] McuFinderGlobals:39 - Set McuFinder mode to 2 (CubeIDE integrated)
2021-05-15 13:17:13,428 [INFO] ApplicationProperties:181 - Using Application install path: C:\ST\STM32CubeIDE_1.6.1\STM32CubeIDE\plugins\com.st.stm32cube.common.mx_6.2.1.202103241236
2021-05-15 13:17:13,450 [INFO] DbMcusXml:74 - Set database path to: C:\ST\STM32CubeIDE_1.6.1\STM32CubeIDE\plugins\com.st.stm32cube.common.mx_6.2.1.202103241236\\db\/mcu/
2021-05-15 13:17:13,457 [INFO] DbBoardsPdsc:56 - Set plugin database path to: C:\ST\STM32CubeIDE_1.6.1\STM32CubeIDE\plugins\com.st.stm32cube.common.mx_6.2.1.202103241236\\db\/plugins/boardmanager/
2021-05-15 13:17:13,458 [INFO] DbMcus:258 - Set plugin images path to: C:\ST\STM32CubeIDE_1.6.1\STM32CubeIDE\plugins\com.st.stm32cube.common.mx_6.2.1.202103241236\\db\/plugins/mcufinder/images/
2021-05-15 13:17:13,459 [INFO] DbBoards:264 - Set plugin images path to: C:\ST\STM32CubeIDE_1.6.1\STM32CubeIDE\plugins\com.st.stm32cube.common.mx_6.2.1.202103241236\\db\/plugins/mcufinder/images/
2021-05-15 13:17:13,465 [INFO] DbExamples:333 - Set plugin images path to: C:\ST\STM32CubeIDE_1.6.1\STM32CubeIDE\plugins\com.st.stm32cube.common.mx_6.2.1.202103241236\\db\/plugins/mcufinder/images/
2021-05-15 13:17:13,488 [INFO] DbMcusAds:85 - Set database path to: C:\Users\evers\.stmcufinder\plugins\mcufinder//mcu/
2021-05-15 13:17:13,490 [INFO] DbMcusDocs:110 - Set database path to: C:\Users\evers\.stmcufinder\plugins\mcufinder//mcu/
2021-05-15 13:17:13,494 [INFO] DbMcusJson:65 - Set database path to: C:\Users\evers\.stmcufinder\plugins\mcufinder//mcu/
2021-05-15 13:17:13,495 [INFO] DbBoardsDocs:110 - Set database path to: C:\Users\evers\.stmcufinder\plugins\mcufinder//mcu/
2021-05-15 13:17:13,498 [INFO] DbBoardsJson:58 - Set database path to: C:\Users\evers\.stmcufinder\plugins\mcufinder//mcu/
2021-05-15 13:17:13,526 [INFO] CrossReferenceDbSqlite:196 - Set database path to: C:\Users\evers\.stmcufinder\plugins\mcufinder//mcu/cs/
2021-05-15 13:17:13,531 [INFO] DbExamplesSqlite:690 - Set database path to: C:\Users\evers\.stmcufinder\plugins\mcufinder//mcu/
2021-05-15 13:17:13,707 [INFO] RulesReader:52 - Compatibility file has been processed (237 Rules)
2021-05-15 13:17:13,944 [INFO] MicroXplorer:622 - Detected Java Version = 11.0.9.1
2021-05-15 13:17:13,946 [INFO] DbMcusXml:74 - Set database path to: C:\ST\STM32CubeIDE_1.6.1\STM32CubeIDE\plugins\com.st.stm32cube.common.mx_6.2.1.202103241236\\db\/mcu/
2021-05-15 13:17:13,946 [INFO] DbBoardsPdsc:56 - Set plugin database path to: C:\ST\STM32CubeIDE_1.6.1\STM32CubeIDE\plugins\com.st.stm32cube.common.mx_6.2.1.202103241236\\db\/plugins/boardmanager/
2021-05-15 13:17:13,947 [INFO] DbMcus:258 - Set plugin images path to: C:\ST\STM32CubeIDE_1.6.1\STM32CubeIDE\plugins\com.st.stm32cube.common.mx_6.2.1.202103241236\\db\/plugins/mcufinder/images/
2021-05-15 13:17:13,947 [INFO] DbBoards:264 - Set plugin images path to: C:\ST\STM32CubeIDE_1.6.1\STM32CubeIDE\plugins\com.st.stm32cube.common.mx_6.2.1.202103241236\\db\/plugins/mcufinder/images/
2021-05-15 13:17:13,947 [INFO] DbExamples:333 - Set plugin images path to: C:\ST\STM32CubeIDE_1.6.1\STM32CubeIDE\plugins\com.st.stm32cube.common.mx_6.2.1.202103241236\\db\/plugins/mcufinder/images/
2021-05-15 13:17:13,948 [WARN] DbFile:35 - Overriding database path with different value: C:\Users\evers\.stmcufinder\plugins\mcufinder/ => C:\Users\evers\.stmcufinder\plugins\mcufinder
2021-05-15 13:17:13,948 [INFO] DbMcusAds:85 - Set database path to: C:\Users\evers\.stmcufinder\plugins\mcufinder//mcu/
2021-05-15 13:17:13,948 [WARN] DbFile:35 - Overriding database path with different value: C:\Users\evers\.stmcufinder\plugins\mcufinder/ => C:\Users\evers\.stmcufinder\plugins\mcufinder
2021-05-15 13:17:13,949 [INFO] DbMcusDocs:110 - Set database path to: C:\Users\evers\.stmcufinder\plugins\mcufinder//mcu/
2021-05-15 13:17:13,949 [WARN] DbFile:35 - Overriding database path with different value: C:\Users\evers\.stmcufinder\plugins\mcufinder/ => C:\Users\evers\.stmcufinder\plugins\mcufinder
2021-05-15 13:17:13,949 [INFO] DbMcusJson:65 - Set database path to: C:\Users\evers\.stmcufinder\plugins\mcufinder//mcu/
2021-05-15 13:17:13,950 [WARN] DbFile:35 - Overriding database path with different value: C:\Users\evers\.stmcufinder\plugins\mcufinder/ => C:\Users\evers\.stmcufinder\plugins\mcufinder
2021-05-15 13:17:13,950 [INFO] DbBoardsDocs:110 - Set database path to: C:\Users\evers\.stmcufinder\plugins\mcufinder//mcu/
2021-05-15 13:17:13,951 [WARN] DbFile:35 - Overriding database path with different value: C:\Users\evers\.stmcufinder\plugins\mcufinder/ => C:\Users\evers\.stmcufinder\plugins\mcufinder
2021-05-15 13:17:13,951 [INFO] DbBoardsJson:58 - Set database path to: C:\Users\evers\.stmcufinder\plugins\mcufinder//mcu/
2021-05-15 13:17:13,951 [WARN] DbFile:35 - Overriding database path with different value: C:\Users\evers\.stmcufinder\plugins\mcufinder/ => C:\Users\evers\.stmcufinder\plugins\mcufinder
2021-05-15 13:17:13,952 [WARN] DbFile:35 - Overriding database path with different value: C:\Users\evers\.stmcufinder\plugins\mcufinder/ => C:\Users\evers\.stmcufinder\plugins\mcufinder
2021-05-15 13:17:13,952 [INFO] CrossReferenceDbSqlite:196 - Set database path to: C:\Users\evers\.stmcufinder\plugins\mcufinder//mcu/cs/
2021-05-15 13:17:13,952 [WARN] DbFile:35 - Overriding database path with different value: C:\Users\evers\.stmcufinder\plugins\mcufinder/ => C:\Users\evers\.stmcufinder\plugins\mcufinder
2021-05-15 13:17:13,952 [INFO] DbExamplesSqlite:690 - Set database path to: C:\Users\evers\.stmcufinder\plugins\mcufinder//mcu/
2021-05-15 13:17:14,076 [INFO] MainPanel:204 - HeapMemory: 362807296
2021-05-15 13:17:14,198 [INFO] DbMcusXml:74 - Set database path to: C:\ST\STM32CubeIDE_1.6.1\STM32CubeIDE\plugins\com.st.stm32cube.common.mx_6.2.1.202103241236\\db\/mcu/
2021-05-15 13:17:14,199 [INFO] DbBoardsPdsc:56 - Set plugin database path to: C:\ST\STM32CubeIDE_1.6.1\STM32CubeIDE\plugins\com.st.stm32cube.common.mx_6.2.1.202103241236\\db\/plugins/boardmanager/
2021-05-15 13:17:14,199 [INFO] DbMcus:258 - Set plugin images path to: C:\ST\STM32CubeIDE_1.6.1\STM32CubeIDE\plugins\com.st.stm32cube.common.mx_6.2.1.202103241236\\db\/plugins/mcufinder/images/
2021-05-15 13:17:14,199 [INFO] DbBoards:264 - Set plugin images path to: C:\ST\STM32CubeIDE_1.6.1\STM32CubeIDE\plugins\com.st.stm32cube.common.mx_6.2.1.202103241236\\db\/plugins/mcufinder/images/
2021-05-15 13:17:14,199 [INFO] DbExamples:333 - Set plugin images path to: C:\ST\STM32CubeIDE_1.6.1\STM32CubeIDE\plugins\com.st.stm32cube.common.mx_6.2.1.202103241236\\db\/plugins/mcufinder/images/
2021-05-15 13:17:14,200 [WARN] DbFile:35 - Overriding database path with different value: C:\Users\evers\.stmcufinder\plugins\mcufinder/ => C:\Users\evers\.stmcufinder\plugins\mcufinder
2021-05-15 13:17:14,201 [INFO] DbMcusAds:85 - Set database path to: C:\Users\evers\.stmcufinder\plugins\mcufinder//mcu/
2021-05-15 13:17:14,201 [WARN] DbFile:35 - Overriding database path with different value: C:\Users\evers\.stmcufinder\plugins\mcufinder/ => C:\Users\evers\.stmcufinder\plugins\mcufinder
2021-05-15 13:17:14,201 [INFO] DbMcusDocs:110 - Set database path to: C:\Users\evers\.stmcufinder\plugins\mcufinder//mcu/
2021-05-15 13:17:14,201 [WARN] DbFile:35 - Overriding database path with different value: C:\Users\evers\.stmcufinder\plugins\mcufinder/ => C:\Users\evers\.stmcufinder\plugins\mcufinder
2021-05-15 13:17:14,201 [INFO] DbMcusJson:65 - Set database path to: C:\Users\evers\.stmcufinder\plugins\mcufinder//mcu/
2021-05-15 13:17:14,201 [WARN] DbFile:35 - Overriding database path with different value: C:\Users\evers\.stmcufinder\plugins\mcufinder/ => C:\Users\evers\.stmcufinder\plugins\mcufinder
2021-05-15 13:17:14,201 [INFO] DbBoardsDocs:110 - Set database path to: C:\Users\evers\.stmcufinder\plugins\mcufinder//mcu/
2021-05-15 13:17:14,202 [WARN] DbFile:35 - Overriding database path with different value: C:\Users\evers\.stmcufinder\plugins\mcufinder/ => C:\Users\evers\.stmcufinder\plugins\mcufinder
2021-05-15 13:17:14,202 [INFO] DbBoardsJson:58 - Set database path to: C:\Users\evers\.stmcufinder\plugins\mcufinder//mcu/
2021-05-15 13:17:14,202 [WARN] DbFile:35 - Overriding database path with different value: C:\Users\evers\.stmcufinder\plugins\mcufinder/ => C:\Users\evers\.stmcufinder\plugins\mcufinder
2021-05-15 13:17:14,202 [WARN] DbFile:35 - Overriding database path with different value: C:\Users\evers\.stmcufinder\plugins\mcufinder/ => C:\Users\evers\.stmcufinder\plugins\mcufinder
2021-05-15 13:17:14,203 [INFO] CrossReferenceDbSqlite:196 - Set database path to: C:\Users\evers\.stmcufinder\plugins\mcufinder//mcu/cs/
2021-05-15 13:17:14,203 [WARN] DbFile:35 - Overriding database path with different value: C:\Users\evers\.stmcufinder\plugins\mcufinder/ => C:\Users\evers\.stmcufinder\plugins\mcufinder
2021-05-15 13:17:14,203 [INFO] DbExamplesSqlite:690 - Set database path to: C:\Users\evers\.stmcufinder\plugins\mcufinder//mcu/
2021-05-15 13:17:14,237 [INFO] ApplicationProperties:181 - Using Application install path: C:\ST\STM32CubeIDE_1.6.1\STM32CubeIDE\plugins\com.st.stm32cube.common.mx_6.2.1.202103241236
2021-05-15 13:17:14,239 [INFO] PluginManage:178 - Search for loadable plugins [exclusion list=, ]
2021-05-15 13:17:14,242 [INFO] PluginManage:292 - Check plugin analytics
2021-05-15 13:17:14,587 [INFO] AnalyticsPlugin:233 - Accepted Software Licenses: STM32CubeMX.6.0.1,STM32CubeMX.6.1.1,STM32CubeMX.6.1.2,STM32CubeMX.6.2.0
2021-05-15 13:17:14,588 [INFO] AnalyticsPlugin:235 - Accepted CMSIS Pack Licenses: 
2021-05-15 13:17:14,588 [INFO] AnalyticsPlugin:237 - Accepted Firmware Licenses: 
2021-05-15 13:17:14,589 [INFO] PluginManage:342 - Loaded plugin analytics (category:tool,tabindex:-1)
2021-05-15 13:17:14,590 [INFO] PluginManage:292 - Check plugin clock
2021-05-15 13:17:14,621 [INFO] PluginManage:342 - Loaded plugin clock (category:base,tabindex:2)
2021-05-15 13:17:14,622 [INFO] PluginManage:292 - Check plugin ddr
2021-05-15 13:17:14,626 [INFO] PluginManage:342 - Loaded plugin ddr (category:tool,tabindex:6)
2021-05-15 13:17:14,626 [INFO] PluginManage:292 - Check plugin filemanager
2021-05-15 13:17:14,849 [INFO] PluginManage:342 - Loaded plugin filemanager (category:base,tabindex:10)
2021-05-15 13:17:14,849 [INFO] PluginManage:292 - Check plugin ipmanager
2021-05-15 13:17:14,865 [INFO] PluginManage:342 - Loaded plugin ipmanager (category:base,tabindex:5)
2021-05-15 13:17:14,865 [INFO] PluginManage:292 - Check plugin pinoutandconfiguration
2021-05-15 13:17:14,885 [INFO] PluginManage:342 - Loaded plugin pinoutandconfiguration (category:base,tabindex:1)
2021-05-15 13:17:14,885 [INFO] PluginManage:292 - Check plugin pinoutconfig
2021-05-15 13:17:14,951 [INFO] PluginManage:342 - Loaded plugin pinoutconfig (category:base,tabindex:0)
2021-05-15 13:17:14,952 [INFO] PluginManage:292 - Check plugin power
2021-05-15 13:17:14,985 [INFO] PluginManage:342 - Loaded plugin power (category:power,tabindex:4)
2021-05-15 13:17:14,986 [INFO] PluginManage:292 - Check plugin projectmanager
2021-05-15 13:17:15,024 [INFO] PluginManage:342 - Loaded plugin projectmanager (category:projectmanager,tabindex:3)
2021-05-15 13:17:15,024 [INFO] PluginManage:292 - Check plugin thirdparty
2021-05-15 13:17:15,302 [INFO] PluginManage:342 - Loaded plugin thirdparty (category:base,tabindex:-1)
2021-05-15 13:17:15,303 [INFO] PluginManage:292 - Check plugin tools
2021-05-15 13:17:15,303 [WARN] IntegrityCheckThread:59 - waiting for thirdparty lock release [integrity check]
2021-05-15 13:17:15,304 [INFO] IntegrityCheckThread:61 - entering critical section [integrity check]
2021-05-15 13:17:15,304 [INFO] ThirdPartyUpdaterWithRetryManager:56 - Updater plugin not ready yet. [1/15]
2021-05-15 13:17:15,307 [INFO] PluginManage:342 - Loaded plugin tools (category:base,tabindex:7)
2021-05-15 13:17:15,307 [INFO] PluginManage:292 - Check plugin tutovideos
2021-05-15 13:17:15,686 [INFO] PluginManage:342 - Loaded plugin tutovideos (category:base,tabindex:-1)
2021-05-15 13:17:15,687 [INFO] PluginManage:292 - Check plugin updater
2021-05-15 13:17:15,714 [INFO] PluginManage:342 - Loaded plugin updater (category:base,tabindex:12)
2021-05-15 13:17:15,715 [INFO] PluginManage:265 - PluginManage : Loaded plugins [13]
2021-05-15 13:17:16,013 [INFO] PinOutPanel:1435 - setPackage(No Configuration,No Configuration)
2021-05-15 13:17:16,160 [INFO] IPUIPlugin:64 - create IPUIPlugin
2021-05-15 13:17:16,161 [INFO] PluginManager:203 - loadIPPluginJar : add adc
2021-05-15 13:17:16,165 [INFO] IPUIPlugin:64 - create IPUIPlugin
2021-05-15 13:17:16,166 [INFO] PluginManager:203 - loadIPPluginJar : add aes
2021-05-15 13:17:16,171 [INFO] IPUIPlugin:64 - create IPUIPlugin
2021-05-15 13:17:16,172 [INFO] PluginManager:203 - loadIPPluginJar : add can
2021-05-15 13:17:16,175 [INFO] IPUIPlugin:64 - create IPUIPlugin
2021-05-15 13:17:16,175 [INFO] PluginManager:203 - loadIPPluginJar : add comp
2021-05-15 13:17:16,179 [INFO] IPUIPlugin:64 - create IPUIPlugin
2021-05-15 13:17:16,180 [INFO] PluginManager:203 - loadIPPluginJar : add cryp
2021-05-15 13:17:16,184 [INFO] IPUIPlugin:64 - create IPUIPlugin
2021-05-15 13:17:16,184 [INFO] PluginManager:203 - loadIPPluginJar : add dfsdm
2021-05-15 13:17:16,193 [INFO] IPUIPlugin:64 - create IPUIPlugin
2021-05-15 13:17:16,194 [INFO] PluginManager:203 - loadIPPluginJar : add dma
2021-05-15 13:17:16,197 [INFO] IPUIPlugin:64 - create IPUIPlugin
2021-05-15 13:17:16,198 [INFO] PluginManager:203 - loadIPPluginJar : add fatfs
2021-05-15 13:17:16,206 [INFO] IPUIPlugin:64 - create IPUIPlugin
2021-05-15 13:17:16,206 [INFO] PluginManager:203 - loadIPPluginJar : add fmc
2021-05-15 13:17:16,215 [INFO] IPUIPlugin:64 - create IPUIPlugin
2021-05-15 13:17:16,223 [INFO] PluginManager:203 - loadIPPluginJar : add freertos
2021-05-15 13:17:16,229 [INFO] IPUIPlugin:64 - create IPUIPlugin
2021-05-15 13:17:16,229 [INFO] PluginManager:203 - loadIPPluginJar : add genericplugin
2021-05-15 13:17:16,234 [INFO] IPUIPlugin:64 - create IPUIPlugin
2021-05-15 13:17:16,234 [INFO] PluginManager:203 - loadIPPluginJar : add gfxmmu
2021-05-15 13:17:16,243 [INFO] IPUIPlugin:64 - create IPUIPlugin
2021-05-15 13:17:16,243 [INFO] PluginManager:203 - loadIPPluginJar : add gic
2021-05-15 13:17:16,249 [INFO] IPUIPlugin:64 - create IPUIPlugin
2021-05-15 13:17:16,249 [INFO] PluginManager:203 - loadIPPluginJar : add gpio
2021-05-15 13:17:16,254 [INFO] IPUIPlugin:64 - create IPUIPlugin
2021-05-15 13:17:16,254 [INFO] PluginManager:203 - loadIPPluginJar : add gtzc
2021-05-15 13:17:16,258 [INFO] IPUIPlugin:64 - create IPUIPlugin
2021-05-15 13:17:16,258 [INFO] PluginManager:203 - loadIPPluginJar : add hash
2021-05-15 13:17:16,262 [INFO] IPUIPlugin:64 - create IPUIPlugin
2021-05-15 13:17:16,263 [INFO] PluginManager:203 - loadIPPluginJar : add i2c
2021-05-15 13:17:16,267 [INFO] IPUIPlugin:64 - create IPUIPlugin
2021-05-15 13:17:16,267 [INFO] PluginManager:203 - loadIPPluginJar : add i2s
2021-05-15 13:17:16,272 [INFO] IPUIPlugin:64 - create IPUIPlugin
2021-05-15 13:17:16,273 [INFO] PluginManager:203 - loadIPPluginJar : add ipddr
2021-05-15 13:17:16,277 [INFO] IPUIPlugin:64 - create IPUIPlugin
2021-05-15 13:17:16,277 [INFO] PluginManager:203 - loadIPPluginJar : add lorawan
2021-05-15 13:17:16,280 [INFO] IPUIPlugin:64 - create IPUIPlugin
2021-05-15 13:17:16,280 [INFO] PluginManager:203 - loadIPPluginJar : add ltdc
2021-05-15 13:17:16,286 [INFO] IPUIPlugin:64 - create IPUIPlugin
2021-05-15 13:17:16,286 [INFO] PluginManager:203 - loadIPPluginJar : add mdma
2021-05-15 13:17:16,291 [INFO] IPUIPlugin:64 - create IPUIPlugin
2021-05-15 13:17:16,292 [INFO] PluginManager:203 - loadIPPluginJar : add nvic
2021-05-15 13:17:16,296 [INFO] IPUIPlugin:64 - create IPUIPlugin
2021-05-15 13:17:16,296 [INFO] PluginManager:203 - loadIPPluginJar : add opamp
2021-05-15 13:17:16,301 [INFO] IPUIPlugin:64 - create IPUIPlugin
2021-05-15 13:17:16,301 [INFO] PluginManager:203 - loadIPPluginJar : add openamp
2021-05-15 13:17:16,307 [INFO] IPUIPlugin:64 - create IPUIPlugin
2021-05-15 13:17:16,307 [INFO] PluginManager:203 - loadIPPluginJar : add pdm2pcm
2021-05-15 13:17:16,317 [INFO] IPUIPlugin:64 - create IPUIPlugin
2021-05-15 13:17:16,321 [INFO] PluginManager:203 - loadIPPluginJar : add plateformsettings
2021-05-15 13:17:16,325 [INFO] IPUIPlugin:64 - create IPUIPlugin
2021-05-15 13:17:16,325 [INFO] PluginManager:203 - loadIPPluginJar : add quadspi
2021-05-15 13:17:16,332 [INFO] IPUIPlugin:64 - create IPUIPlugin
2021-05-15 13:17:16,332 [INFO] PluginManager:203 - loadIPPluginJar : add resmgrutility
2021-05-15 13:17:16,338 [INFO] IPUIPlugin:64 - create IPUIPlugin
2021-05-15 13:17:16,338 [INFO] PluginManager:203 - loadIPPluginJar : add sai
2021-05-15 13:17:16,342 [INFO] IPUIPlugin:64 - create IPUIPlugin
2021-05-15 13:17:16,342 [INFO] PluginManager:203 - loadIPPluginJar : add spi
2021-05-15 13:17:16,351 [INFO] IPUIPlugin:64 - create IPUIPlugin
2021-05-15 13:17:16,351 [INFO] PluginManager:203 - loadIPPluginJar : add stm32_wpan
2021-05-15 13:17:16,354 [INFO] IPUIPlugin:64 - create IPUIPlugin
2021-05-15 13:17:16,354 [INFO] PluginManager:203 - loadIPPluginJar : add tim
2021-05-15 13:17:16,359 [INFO] IPUIPlugin:64 - create IPUIPlugin
2021-05-15 13:17:16,360 [INFO] PluginManager:203 - loadIPPluginJar : add touchsensing
2021-05-15 13:17:16,363 [INFO] IPUIPlugin:64 - create IPUIPlugin
2021-05-15 13:17:16,363 [INFO] PluginManager:203 - loadIPPluginJar : add tracer_emb
2021-05-15 13:17:16,367 [INFO] IPUIPlugin:64 - create IPUIPlugin
2021-05-15 13:17:16,367 [INFO] PluginManager:203 - loadIPPluginJar : add ts
2021-05-15 13:17:16,370 [INFO] IPUIPlugin:64 - create IPUIPlugin
2021-05-15 13:17:16,370 [INFO] PluginManager:203 - loadIPPluginJar : add tsc
2021-05-15 13:17:16,373 [INFO] IPUIPlugin:64 - create IPUIPlugin
2021-05-15 13:17:16,373 [INFO] PluginManager:203 - loadIPPluginJar : add ucpd
2021-05-15 13:17:16,378 [INFO] IPUIPlugin:64 - create IPUIPlugin
2021-05-15 13:17:16,378 [INFO] PluginManager:203 - loadIPPluginJar : add usart
2021-05-15 13:17:16,761 [FATAL] Updater:284 - Updater called before beeing initialized
2021-05-15 13:17:16,914 [FATAL] Updater:284 - Updater called before beeing initialized
2021-05-15 13:17:16,921 [INFO] DbMcusAds:132 - JSON generation date=Tue Apr 20 12:17:47 CEST 2021 (1618913867047)
2021-05-15 13:17:16,921 [FATAL] Updater:284 - Updater called before beeing initialized
2021-05-15 13:17:17,006 [WARN] DetailPanel:315 - Failed to get advertising image, set to default
2021-05-15 13:17:17,383 [FATAL] Updater:284 - Updater called before beeing initialized
2021-05-15 13:17:17,387 [FATAL] Updater:284 - Updater called before beeing initialized
2021-05-15 13:17:17,388 [FATAL] Updater:284 - Updater called before beeing initialized
2021-05-15 13:17:17,388 [WARN] DetailPanel:315 - Failed to get advertising image, set to default
2021-05-15 13:17:17,391 [FATAL] Updater:284 - Updater called before beeing initialized
2021-05-15 13:17:17,470 [FATAL] Updater:284 - Updater called before beeing initialized
2021-05-15 13:17:17,471 [WARN] ThirdParty:796 - waiting for thirdparty lock release [close project]
2021-05-15 13:17:18,315 [INFO] ThirdPartyUpdaterWithRetryManager:56 - Updater plugin not ready yet. [2/15]
2021-05-15 13:17:21,321 [FATAL] Updater:284 - Updater called before beeing initialized
2021-05-15 13:17:21,321 [ERROR] AbstractThirdPartyUpdaterManager:153 - class java.lang.Integer cannot be cast to class java.util.List (java.lang.Integer and java.util.List are in module java.base of loader 'bootstrap')
2021-05-15 13:17:21,321 [INFO] ThirdParty:900 - Integrity check success = false
2021-05-15 13:17:21,321 [INFO] IntegrityCheckThread:75 - exiting critical section [integrity check]
2021-05-15 13:17:21,321 [INFO] IntegrityCheckThread:78 - End integrity checks thread
2021-05-15 13:17:21,321 [INFO] ThirdParty:798 - entering critical section [close project]
2021-05-15 13:17:21,323 [INFO] ThirdParty:809 - exiting critical section [close project]
2021-05-15 13:17:21,328 [INFO] PinOutPanel:1435 - setPackage(No Configuration,No Configuration)
2021-05-15 13:17:21,329 [FATAL] Updater:284 - Updater called before beeing initialized
2021-05-15 13:17:21,337 [ERROR] Updater:1065 - MainUpdater not yet initialized. External WinMGr cannot be set.
2021-05-15 13:17:21,340 [INFO] Updater:1002 - Updater Version found : 6.2.1
2021-05-15 13:17:21,362 [INFO] ApplicationProperties:181 - Using Application install path: C:\ST\STM32CubeIDE_1.6.1\STM32CubeIDE\plugins\com.st.stm32cube.common.mx_6.2.1.202103241236
2021-05-15 13:17:21,584 [INFO] MainUpdater:2661 - connection check result : 10
2021-05-15 13:17:21,585 [INFO] MainUpdater:3349 - Updater definition file requires update
2021-05-15 13:17:21,587 [INFO] MainUpdater:255 - Updater Check For Update Now.
2021-05-15 13:17:21,587 [INFO] MicroXplorer:472 - Change Database Version : DB.6.0.21
2021-05-15 13:17:21,628 [INFO] ServerAccessManage:348 - Download File updaters.zip
2021-05-15 13:17:21,760 [INFO] FileExtend:225 - Unzip File : updaters.zip
2021-05-15 13:17:21,760 [INFO] FileExtend:240 - Standard Zip Deflate
2021-05-15 13:17:22,312 [INFO] ServerAccessManage:348 - Download File PacksControlFlags.xml
2021-05-15 13:17:22,400 [INFO] ServerAccessManage:348 - Download File cubemx.pidx
2021-05-15 13:17:22,532 [INFO] LoadServerUpdatesThread:329 - End of LoadServerUpdate Thread
2021-05-15 13:17:22,587 [INFO] CheckServerUpdateThread:102 - End of CheckServer Thread
2021-05-15 13:17:22,587 [INFO] MainUpdater:2661 - connection check result : 10
2021-05-15 13:17:22,832 [INFO] ServerAccessManage:348 - Download File ad.zip
2021-05-15 13:17:22,965 [INFO] FileExtend:225 - Unzip File : ad.zip
2021-05-15 13:17:22,966 [INFO] FileExtend:240 - Standard Zip Deflate
2021-05-15 13:17:23,011 [INFO] LoadUrlFilesThread:135 - End of LoadUrlFiles Thread
2021-05-15 13:17:23,238 [INFO] ServerAccessManage:348 - Download File mcusAds.json._tmp_
2021-05-15 13:17:23,253 [INFO] LoadUrlFilesThread:135 - End of LoadUrlFiles Thread
2021-05-15 13:17:23,396 [INFO] ServerAccessManage:348 - Download File mcusDocs.json._tmp_
2021-05-15 13:17:23,459 [INFO] LoadUrlFilesThread:135 - End of LoadUrlFiles Thread
2021-05-15 13:17:23,522 [INFO] ServerAccessManage:348 - Download File mcusFeaturesAndDescription.json._tmp_
2021-05-15 13:17:24,537 [INFO] LoadUrlFilesThread:135 - End of LoadUrlFiles Thread
2021-05-15 13:17:24,596 [INFO] ServerAccessManage:348 - Download File boardsDocs.json._tmp_
2021-05-15 13:17:24,646 [INFO] LoadUrlFilesThread:135 - End of LoadUrlFiles Thread
2021-05-15 13:17:24,700 [INFO] ServerAccessManage:348 - Download File boards.json._tmp_
2021-05-15 13:17:24,755 [INFO] LoadUrlFilesThread:135 - End of LoadUrlFiles Thread
2021-05-15 13:17:24,865 [INFO] ServerAccessManage:348 - Download File cube-finder-db.zip
2021-05-15 13:17:26,908 [INFO] FileExtend:225 - Unzip File : cube-finder-db.zip
2021-05-15 13:17:26,908 [INFO] FileExtend:240 - Standard Zip Deflate
2021-05-15 13:17:27,353 [INFO] LoadUrlFilesThread:135 - End of LoadUrlFiles Thread
2021-05-15 13:17:27,587 [INFO] ServerAccessManage:348 - Download File crdb.zip
2021-05-15 13:17:27,827 [INFO] FileExtend:225 - Unzip File : crdb.zip
2021-05-15 13:17:27,828 [INFO] FileExtend:240 - Standard Zip Deflate
2021-05-15 13:17:27,850 [INFO] LoadUrlFilesThread:135 - End of LoadUrlFiles Thread
2021-05-15 13:17:27,906 [INFO] ServerAccessManage:348 - Download File tutoVideoDB.zip
2021-05-15 13:17:27,922 [INFO] FileExtend:225 - Unzip File : tutoVideoDB.zip
2021-05-15 13:17:27,923 [INFO] FileExtend:240 - Standard Zip Deflate
2021-05-15 13:17:27,931 [INFO] LoadUrlFilesThread:135 - End of LoadUrlFiles Thread
2021-05-15 13:17:27,932 [INFO] DbMcusAds:132 - JSON generation date=Tue May 11 17:32:49 CEST 2021 (1620747169707)
2021-05-15 13:17:27,952 [INFO] DbMcusDocs:143 - JSON generation date=Mon Feb 08 14:35:07 CET 2021 (1612791307)
2021-05-15 13:17:27,952 [INFO] DbMcusXml:100 - Load MCU database from C:\ST\STM32CubeIDE_1.6.1\STM32CubeIDE\plugins\com.st.stm32cube.common.mx_6.2.1.202103241236\\db\/mcu/families.xml
2021-05-15 13:17:28,899 [INFO] DbMcusJson:94 - JSON generation date=Mon Feb 08 14:35:07 CET 2021 (1612791307)
2021-05-15 13:17:29,905 [INFO] DbMcus:175 - Found 1906 MCUs (1866 are supported by CubeMX, 1866 are visible in CubeMX)
2021-05-15 13:17:29,907 [INFO] ApiDb:251 - Load user favorites file C:\Users\evers/.stm32cubeide/favorites.mcus.txt: 0 item(s)
2021-05-15 13:17:29,907 [INFO] ApiDb:255 - User favorites MCUs=[]
2021-05-15 13:17:29,908 [INFO] DbMcus:187 - Set 0 / 0 favorites MCUs
2021-05-15 13:17:30,473 [INFO] DbMcusDocs:79 - Found 617 MCUs documents
2021-05-15 13:17:30,475 [INFO] ApiDb:276 - Save user favorites file C:\Users\evers/.stm32cubeide/favorites.mcus.txt: 0 item(s)
2021-05-15 13:17:30,476 [INFO] ApiDb:280 - User favorites MCUs=[]
2021-05-15 13:17:30,476 [INFO] DbMcusXml:100 - Load MCU database from C:\ST\STM32CubeIDE_1.6.1\STM32CubeIDE\plugins\com.st.stm32cube.common.mx_6.2.1.202103241236\\db\/mcu/families.xml
2021-05-15 13:17:31,240 [INFO] DbMcusJson:94 - JSON generation date=Mon Feb 08 14:35:07 CET 2021 (1612791307)
2021-05-15 13:17:31,955 [INFO] DbMcus:175 - Found 1906 MCUs (1866 are supported by CubeMX, 1866 are visible in CubeMX)
2021-05-15 13:17:31,956 [INFO] ApiDb:251 - Load user favorites file C:\Users\evers/.stm32cubeide/favorites.mcus.txt: 0 item(s)
2021-05-15 13:17:31,956 [INFO] ApiDb:255 - User favorites MCUs=[]
2021-05-15 13:17:31,956 [INFO] DbMcus:187 - Set 0 / 0 favorites MCUs
2021-05-15 13:17:31,974 [INFO] DbBoardsDocs:143 - JSON generation date=Mon Feb 08 14:35:07 CET 2021 (1612791307)
2021-05-15 13:17:31,994 [INFO] DbBoardsPdsc:90 - Found 24 items
2021-05-15 13:17:32,000 [INFO] DbBoardsPdsc:90 - Found 9 items
2021-05-15 13:17:32,004 [INFO] DbBoardsPdsc:90 - Found 33 items
2021-05-15 13:17:32,006 [INFO] DbBoardsPdsc:90 - Found 1 items
2021-05-15 13:17:32,014 [INFO] DbBoardsPdsc:90 - Found 46 items
2021-05-15 13:17:32,023 [INFO] DbBoardsPdsc:90 - Found 41 items
2021-05-15 13:17:32,025 [INFO] DbBoardsPdsc:90 - Found 2 items
2021-05-15 13:17:32,028 [INFO] DbBoardsPdsc:90 - Found 5 items
2021-05-15 13:17:32,032 [WARN] DbBoardsPdsc:254 - Board NUCLEO-WB15CC: unknown feature type=, name=, username=Three user LEDs, n=1
2021-05-15 13:17:32,032 [WARN] DbBoardsPdsc:254 - Board NUCLEO-WB15CC: unknown feature type=, name=, username=One reset and three user push-buttons, n=1
2021-05-15 13:17:32,032 [WARN] DbBoardsPdsc:254 - Board NUCLEO-WB15CC: unknown feature type=, name=, username=Arduino Uno V3 expansion connector, n=1
2021-05-15 13:17:32,033 [WARN] DbBoardsPdsc:254 - Board NUCLEO-WB15CC: unknown feature type=, name=, username=ST morpho extension pin headers for full access to all STM32WB I/Os, n=1
2021-05-15 13:17:32,033 [WARN] DbBoardsPdsc:254 - Board NUCLEO-WB15CC: unknown feature type=, name=, username=Integrated PCB antenna and SMA connector footprint, n=1
2021-05-15 13:17:32,033 [WARN] DbBoardsPdsc:254 - Board NUCLEO-WB15CC: unknown feature type=, name=, username=Flexible power-supply options: ST-LINK, USB VBUS, or external sources, n=1
2021-05-15 13:17:32,033 [WARN] DbBoardsPdsc:254 - Board NUCLEO-WB15CC: unknown feature type=, name=, username=On-board footprint to mount a CR2032 battery socket, n=1
2021-05-15 13:17:32,033 [WARN] DbBoardsPdsc:254 - Board NUCLEO-WB15CC: unknown feature type=, name=, username=On-board ST-LINK/V2-1 debugger/programmer with USB re-enumeration capability: mass storage, Virtual COM port, and debug port, n=1
2021-05-15 13:17:32,033 [WARN] DbBoardsPdsc:254 - Board NUCLEO-WB15CC: unknown feature type=, name=, username=Comprehensive free software libraries and examples available with the STM32CubeWB MCU Package, n=1
2021-05-15 13:17:32,033 [WARN] DbBoardsPdsc:254 - Board NUCLEO-WB15CC: unknown feature type=, name=, username=Support of a wide choice of Integrated Development Environments (IDEs) including IAR Embedded Workbench, MDK-ARM, STM32CubeIDE, and Mbed Studio, n=1
2021-05-15 13:17:32,036 [WARN] DbBoardsPdsc:254 - Board STM32H7B3I-DK: unknown feature type=Audio, name=, username=Audio stereo codec with Headphone Amp (CS42L51-CNZ), n=1
2021-05-15 13:17:32,036 [WARN] DbBoardsPdsc:254 - Board STM32H735G-DK: unknown feature type=Audio, name=, username=Audio stereo codec with Headphone Amp (WM8994ECS/R), n=1
2021-05-15 13:17:32,036 [WARN] DbBoardsPdsc:254 - Board STM32WB5MM-DK: unknown feature type=, name=, username=Time-of-Flight and gesture-detection sensor, n=1
2021-05-15 13:17:32,036 [WARN] DbBoardsPdsc:254 - Board STM32WB5MM-DK: unknown feature type=, name=, username=3 push-buttons (2 users and 1 reset) and 1 touch key button, n=1
2021-05-15 13:17:32,037 [WARN] DbBoardsPdsc:254 - Board STM32WB5MM-DK: unknown feature type=, name=, username=Flexible power-supply options: ST-LINK/V2-1 USB connector, 5 V delivered by ARDUINO速 or external connector, USB charger, or USB power, n=1
2021-05-15 13:17:32,037 [WARN] DbBoardsPdsc:254 - Board STM32WB5MM-DK: unknown feature type=, name=, username=On-board ST-LINK/V2-1 debugger/programmer with USB re-enumeration capability: Virtual COM port and debug port, n=1
2021-05-15 13:17:32,037 [WARN] DbBoardsPdsc:254 - Board STM32WB5MM-DK: unknown feature type=, name=, username=Comprehensive free software libraries and examples available with the STM32CubeWB MCU Package, n=1
2021-05-15 13:17:32,037 [WARN] DbBoardsPdsc:254 - Board STM32WB5MM-DK: unknown feature type=, name=, username=Support of a wide choice of Integrated Development Environments (IDEs) including IAR Embedded Workbench速, MDK-ARM, and STM32CubeIDE, n=1
2021-05-15 13:17:32,039 [WARN] DbBoardsPdsc:254 - Board STM32H7B3I-EVAL: unknown feature type=Audio, name=, username=Multi-Channel Audio Codec (CS42L51-CNZ), n=1
2021-05-15 13:17:32,039 [WARN] DbBoardsPdsc:254 - Board STM32H7B3I-EVAL: unknown feature type=Meter, name=, username=Power-metering and Temperature-monitoring with sigma-delta modulators, n=1
2021-05-15 13:17:32,039 [WARN] DbBoardsPdsc:254 - Board STM32H7B3I-EVAL: unknown feature type=Motor, name=, username=Motor Control, n=1
2021-05-15 13:17:32,057 [INFO] DbBoardsJson:87 - JSON generation date=Thu Feb 04 17:53:45 CET 2021 (1612457625)
2021-05-15 13:17:32,066 [INFO] DbBoards:117 - Found 161 boards (158 are supported by CubeMX)
2021-05-15 13:17:32,083 [INFO] DbBoardsDocs:143 - JSON generation date=Mon Feb 08 14:35:07 CET 2021 (1612791307)
2021-05-15 13:17:32,107 [INFO] DbBoardsDocs:79 - Found 193 boards documents
2021-05-15 13:17:32,109 [WARN] DbBoards:127 - board B-L462E-CELL1 has no document id list !
2021-05-15 13:17:32,109 [WARN] DbBoards:127 - board B-L475E-IOT01A2 has no document id list !
2021-05-15 13:17:32,111 [WARN] DbBoards:127 - board NUCLEO-G0B1RE has no document id list !
2021-05-15 13:17:32,111 [WARN] DbBoards:127 - board NUCLEO-H743ZI2 has no document id list !
2021-05-15 13:17:32,112 [WARN] DbBoards:127 - board NUCLEO-L4A6ZG has no document id list !
2021-05-15 13:17:32,112 [WARN] DbBoards:127 - board NUCLEO-WB15CC has no document id list !
2021-05-15 13:17:32,112 [WARN] DbBoards:127 - board NUCLEO-WB55RG has no document id list !
2021-05-15 13:17:32,112 [WARN] DbBoards:127 - board NUCLEO-WL55JC2 has no document id list !
2021-05-15 13:17:32,112 [WARN] DbBoards:127 - board P-NUCLEO-WB55-Nucleo has no document id list !
2021-05-15 13:17:32,112 [WARN] DbBoards:127 - board P-NUCLEO-WB55-USBDongle has no document id list !
2021-05-15 13:17:32,112 [WARN] DbBoards:127 - board STEVAL-BFA001V1B has no document id list !
2021-05-15 13:17:32,112 [WARN] DbBoards:127 - board STEVAL-BFA001V2B has no document id list !
2021-05-15 13:17:32,112 [WARN] DbBoards:127 - board STEVAL-IDP005V1 has no document id list !
2021-05-15 13:17:32,113 [WARN] DbBoards:127 - board STEVAL-IDP005V2 has no document id list !
2021-05-15 13:17:32,113 [WARN] DbBoards:127 - board STEVAL-MKSBOX1V1 has no document id list !
2021-05-15 13:17:32,113 [WARN] DbBoards:127 - board STEVAL-STWINKT1 has no document id list !
2021-05-15 13:17:32,113 [WARN] DbBoards:127 - board STEVAL-STWINKT1B has no document id list !
2021-05-15 13:17:32,114 [WARN] DbBoards:127 - board STM32F401C-DISCO has no document id list !
2021-05-15 13:17:32,114 [WARN] DbBoards:127 - board STM32F769I-DISC1 has no document id list !
2021-05-15 13:17:32,114 [WARN] DbBoards:127 - board STM32G0C1E-EV has no document id list !
2021-05-15 13:17:32,115 [WARN] DbBoards:127 - board STM32G474E-EVAL1 has no document id list !
2021-05-15 13:17:32,115 [WARN] DbBoards:127 - board STM32H743I-EVAL2 has no document id list !
2021-05-15 13:17:32,115 [WARN] DbBoards:127 - board STM32H747I-DISC1 has no document id list !
2021-05-15 13:17:32,115 [WARN] DbBoards:127 - board STM32H753I-EVAL2 has no document id list !
2021-05-15 13:17:32,115 [WARN] DbBoards:127 - board STM32L-DISCOVERY has no document id list !
2021-05-15 13:17:32,116 [WARN] DbBoards:127 - board STM32MP157A-DK1 has no document id list !
2021-05-15 13:17:32,116 [WARN] DbBoards:127 - board STM32MP157F-DK2 has no document id list !
2021-05-15 13:17:32,116 [WARN] DbBoards:127 - board STM32MP157F-EV1 has no document id list !
2021-05-15 13:17:32,116 [WARN] DbBoards:127 - board STM32WB5MM-DK has no document id list !
2021-05-15 13:17:35,311 [INFO] ApiDb:251 - Load user favorites file C:\Users\evers/.stm32cubeide/favorites.boards.txt: 1 item(s)
2021-05-15 13:17:35,312 [INFO] ApiDb:255 - User favorites Boards=[NUCLEO-L476RG]
2021-05-15 13:17:35,312 [INFO] DbBoards:206 - Set 1 / 1 favorites Boards
2021-05-15 13:17:35,340 [INFO] DbBoardsDocs:79 - Found 386 boards documents
2021-05-15 13:17:35,343 [INFO] ApiDb:276 - Save user favorites file C:\Users\evers/.stm32cubeide/favorites.boards.txt: 1 item(s)
2021-05-15 13:17:35,343 [INFO] ApiDb:280 - User favorites Boards=[NUCLEO-L476RG]
2021-05-15 13:17:35,356 [INFO] DbBoardsPdsc:90 - Found 24 items
2021-05-15 13:17:35,359 [INFO] DbBoardsPdsc:90 - Found 9 items
2021-05-15 13:17:35,364 [INFO] DbBoardsPdsc:90 - Found 33 items
2021-05-15 13:17:35,366 [INFO] DbBoardsPdsc:90 - Found 1 items
2021-05-15 13:17:35,378 [INFO] DbBoardsPdsc:90 - Found 46 items
2021-05-15 13:17:35,391 [INFO] DbBoardsPdsc:90 - Found 41 items
2021-05-15 13:17:35,393 [INFO] DbBoardsPdsc:90 - Found 2 items
2021-05-15 13:17:35,396 [INFO] DbBoardsPdsc:90 - Found 5 items
2021-05-15 13:17:35,397 [WARN] DbBoardsPdsc:254 - Board NUCLEO-WB15CC: unknown feature type=, name=, username=Three user LEDs, n=1
2021-05-15 13:17:35,398 [WARN] DbBoardsPdsc:254 - Board NUCLEO-WB15CC: unknown feature type=, name=, username=One reset and three user push-buttons, n=1
2021-05-15 13:17:35,398 [WARN] DbBoardsPdsc:254 - Board NUCLEO-WB15CC: unknown feature type=, name=, username=Arduino Uno V3 expansion connector, n=1
2021-05-15 13:17:35,398 [WARN] DbBoardsPdsc:254 - Board NUCLEO-WB15CC: unknown feature type=, name=, username=ST morpho extension pin headers for full access to all STM32WB I/Os, n=1
2021-05-15 13:17:35,398 [WARN] DbBoardsPdsc:254 - Board NUCLEO-WB15CC: unknown feature type=, name=, username=Integrated PCB antenna and SMA connector footprint, n=1
2021-05-15 13:17:35,398 [WARN] DbBoardsPdsc:254 - Board NUCLEO-WB15CC: unknown feature type=, name=, username=Flexible power-supply options: ST-LINK, USB VBUS, or external sources, n=1
2021-05-15 13:17:35,398 [WARN] DbBoardsPdsc:254 - Board NUCLEO-WB15CC: unknown feature type=, name=, username=On-board footprint to mount a CR2032 battery socket, n=1
2021-05-15 13:17:35,398 [WARN] DbBoardsPdsc:254 - Board NUCLEO-WB15CC: unknown feature type=, name=, username=On-board ST-LINK/V2-1 debugger/programmer with USB re-enumeration capability: mass storage, Virtual COM port, and debug port, n=1
2021-05-15 13:17:35,398 [WARN] DbBoardsPdsc:254 - Board NUCLEO-WB15CC: unknown feature type=, name=, username=Comprehensive free software libraries and examples available with the STM32CubeWB MCU Package, n=1
2021-05-15 13:17:35,398 [WARN] DbBoardsPdsc:254 - Board NUCLEO-WB15CC: unknown feature type=, name=, username=Support of a wide choice of Integrated Development Environments (IDEs) including IAR Embedded Workbench, MDK-ARM, STM32CubeIDE, and Mbed Studio, n=1
2021-05-15 13:17:35,400 [WARN] DbBoardsPdsc:254 - Board STM32H7B3I-DK: unknown feature type=Audio, name=, username=Audio stereo codec with Headphone Amp (CS42L51-CNZ), n=1
2021-05-15 13:17:35,401 [WARN] DbBoardsPdsc:254 - Board STM32H735G-DK: unknown feature type=Audio, name=, username=Audio stereo codec with Headphone Amp (WM8994ECS/R), n=1
2021-05-15 13:17:35,401 [WARN] DbBoardsPdsc:254 - Board STM32WB5MM-DK: unknown feature type=, name=, username=Time-of-Flight and gesture-detection sensor, n=1
2021-05-15 13:17:35,401 [WARN] DbBoardsPdsc:254 - Board STM32WB5MM-DK: unknown feature type=, name=, username=3 push-buttons (2 users and 1 reset) and 1 touch key button, n=1
2021-05-15 13:17:35,402 [WARN] DbBoardsPdsc:254 - Board STM32WB5MM-DK: unknown feature type=, name=, username=Flexible power-supply options: ST-LINK/V2-1 USB connector, 5 V delivered by ARDUINO速 or external connector, USB charger, or USB power, n=1
2021-05-15 13:17:35,402 [WARN] DbBoardsPdsc:254 - Board STM32WB5MM-DK: unknown feature type=, name=, username=On-board ST-LINK/V2-1 debugger/programmer with USB re-enumeration capability: Virtual COM port and debug port, n=1
2021-05-15 13:17:35,402 [WARN] DbBoardsPdsc:254 - Board STM32WB5MM-DK: unknown feature type=, name=, username=Comprehensive free software libraries and examples available with the STM32CubeWB MCU Package, n=1
2021-05-15 13:17:35,402 [WARN] DbBoardsPdsc:254 - Board STM32WB5MM-DK: unknown feature type=, name=, username=Support of a wide choice of Integrated Development Environments (IDEs) including IAR Embedded Workbench速, MDK-ARM, and STM32CubeIDE, n=1
2021-05-15 13:17:35,404 [WARN] DbBoardsPdsc:254 - Board STM32H7B3I-EVAL: unknown feature type=Audio, name=, username=Multi-Channel Audio Codec (CS42L51-CNZ), n=1
2021-05-15 13:17:35,404 [WARN] DbBoardsPdsc:254 - Board STM32H7B3I-EVAL: unknown feature type=Meter, name=, username=Power-metering and Temperature-monitoring with sigma-delta modulators, n=1
2021-05-15 13:17:35,404 [WARN] DbBoardsPdsc:254 - Board STM32H7B3I-EVAL: unknown feature type=Motor, name=, username=Motor Control, n=1
2021-05-15 13:17:35,438 [INFO] DbBoardsJson:87 - JSON generation date=Thu Feb 04 17:53:45 CET 2021 (1612457625)
2021-05-15 13:17:35,444 [INFO] DbBoards:117 - Found 161 boards (158 are supported by CubeMX)
2021-05-15 13:17:35,445 [WARN] DbBoards:127 - board B-L462E-CELL1 has no document id list !
2021-05-15 13:17:35,445 [WARN] DbBoards:127 - board B-L475E-IOT01A2 has no document id list !
2021-05-15 13:17:35,445 [WARN] DbBoards:127 - board NUCLEO-G0B1RE has no document id list !
2021-05-15 13:17:35,445 [WARN] DbBoards:127 - board NUCLEO-H743ZI2 has no document id list !
2021-05-15 13:17:35,446 [WARN] DbBoards:127 - board NUCLEO-L4A6ZG has no document id list !
2021-05-15 13:17:35,446 [WARN] DbBoards:127 - board NUCLEO-WB15CC has no document id list !
2021-05-15 13:17:35,446 [WARN] DbBoards:127 - board NUCLEO-WB55RG has no document id list !
2021-05-15 13:17:35,446 [WARN] DbBoards:127 - board NUCLEO-WL55JC2 has no document id list !
2021-05-15 13:17:35,446 [WARN] DbBoards:127 - board P-NUCLEO-WB55-Nucleo has no document id list !
2021-05-15 13:17:35,446 [WARN] DbBoards:127 - board P-NUCLEO-WB55-USBDongle has no document id list !
2021-05-15 13:17:35,446 [WARN] DbBoards:127 - board STEVAL-BFA001V1B has no document id list !
2021-05-15 13:17:35,446 [WARN] DbBoards:127 - board STEVAL-BFA001V2B has no document id list !
2021-05-15 13:17:35,446 [WARN] DbBoards:127 - board STEVAL-IDP005V1 has no document id list !
2021-05-15 13:17:35,447 [WARN] DbBoards:127 - board STEVAL-IDP005V2 has no document id list !
2021-05-15 13:17:35,447 [WARN] DbBoards:127 - board STEVAL-MKSBOX1V1 has no document id list !
2021-05-15 13:17:35,447 [WARN] DbBoards:127 - board STEVAL-STWINKT1 has no document id list !
2021-05-15 13:17:35,447 [WARN] DbBoards:127 - board STEVAL-STWINKT1B has no document id list !
2021-05-15 13:17:35,447 [WARN] DbBoards:127 - board STM32F401C-DISCO has no document id list !
2021-05-15 13:17:35,447 [WARN] DbBoards:127 - board STM32F769I-DISC1 has no document id list !
2021-05-15 13:17:35,447 [WARN] DbBoards:127 - board STM32G0C1E-EV has no document id list !
2021-05-15 13:17:35,447 [WARN] DbBoards:127 - board STM32G474E-EVAL1 has no document id list !
2021-05-15 13:17:35,448 [WARN] DbBoards:127 - board STM32H743I-EVAL2 has no document id list !
2021-05-15 13:17:35,448 [WARN] DbBoards:127 - board STM32H747I-DISC1 has no document id list !
2021-05-15 13:17:35,448 [WARN] DbBoards:127 - board STM32H753I-EVAL2 has no document id list !
2021-05-15 13:17:35,448 [WARN] DbBoards:127 - board STM32L-DISCOVERY has no document id list !
2021-05-15 13:17:35,448 [WARN] DbBoards:127 - board STM32MP157A-DK1 has no document id list !
2021-05-15 13:17:35,448 [WARN] DbBoards:127 - board STM32MP157F-DK2 has no document id list !
2021-05-15 13:17:35,448 [WARN] DbBoards:127 - board STM32MP157F-EV1 has no document id list !
2021-05-15 13:17:35,448 [WARN] DbBoards:127 - board STM32WB5MM-DK has no document id list !
2021-05-15 13:17:37,024 [INFO] ApiDb:251 - Load user favorites file C:\Users\evers/.stm32cubeide/favorites.boards.txt: 1 item(s)
2021-05-15 13:17:37,025 [INFO] ApiDb:255 - User favorites Boards=[NUCLEO-L476RG]
2021-05-15 13:17:37,025 [INFO] DbBoards:206 - Set 1 / 1 favorites Boards
2021-05-15 13:17:37,294 [INFO] ApiDb:479 - Connected to CubeFinder SQLite database (C:\Users\evers\.stmcufinder\plugins\mcufinder\mcu\cube-finder-db.db)
2021-05-15 13:17:38,209 [INFO] DbExamplesSqlite:401 - Ignored 35 examples not supported by CubeIDE
2021-05-15 13:17:38,209 [INFO] DbExamplesSqlite:402 - Found 4965 examples active
2021-05-15 13:17:38,210 [INFO] DbExamplesSqlite:403 - Found 130 examples obsolete
2021-05-15 13:17:38,210 [INFO] DbExamplesSqlite:404 - Found 0 examples under development
2021-05-15 13:17:38,210 [INFO] DbExamplesSqlite:405 - Found 76 examples not building
2021-05-15 13:17:38,233 [INFO] DbExamplesSqlite:104 - CubeFinder database Data Model version=2.1
2021-05-15 13:17:38,233 [INFO] DbExamplesSqlite:105 - CubeFinder database Configuration version=2.16
2021-05-15 13:17:38,233 [INFO] DbExamplesSqlite:106 - CubeFinder database generation date=2021-02-26 (1614349247)
2021-05-15 13:17:38,233 [INFO] DbExamplesSqlite:107 - CubeFinder database FW Pack versions=[STM32Cube_FW_F4_V1.26.0, STM32Cube_FW_F7_V1.16.0, STM32Cube_FW_G0_V1.4.0, STM32Cube_FW_G4_V1.4.0, STM32Cube_FW_H7_V1.9.0, STM32Cube_FW_L5_V1.4.0, STM32Cube_FW_WB_V1.11.0, STM32Cube_FW_WL_V1.0.0, X-CUBE-AZRTOS-H7_V1.0.0, X-CUBE-BLE2_V3.2.0, X-CUBE-GNSS1_V5.2.0]
2021-05-15 13:17:38,234 [INFO] DbExamples:130 - Found 5006 examples
2021-05-15 13:17:39,020 [ERROR] DbExamples:206 - Found 300 examples with invalid data (board or MCU)
2021-05-15 13:17:39,021 [INFO] DbExamples:222 - Found 63 boards with related examples
2021-05-15 13:17:39,032 [INFO] DbExamples:235 - Found 51 MCUs with related examples
2021-05-15 13:17:39,051 [INFO] ApiDb:242 - User favorites file not found: C:\Users\evers/.stm32cubeide/favorites.examples.txt
2021-05-15 13:17:39,051 [INFO] DbExamples:256 - Set 0 / 0 favorites Examples
2021-05-15 13:17:39,413 [INFO] CrossSelectorPresenter:1330 - Cross Selector saved comparison directory: C:\Users\evers\.stmcufinder\plugins\mcufinder\mcu\cs_comparisons_mx
2021-05-15 13:17:39,419 [INFO] MultiScanPanel:200 - Auto-refresh data requested => check proxy status ongoing
2021-05-15 13:17:39,422 [INFO] FinderPluginLoader:87 - Searching for filters in installed packs
2021-05-15 13:17:39,996 [WARN] DetailPanel:315 - Failed to get advertising image, set to default
2021-05-15 13:17:42,712 [INFO] MultiScanPanel:200 - Auto-refresh data requested => check proxy status ongoing
2021-05-15 13:17:42,766 [WARN] DetailPanel:315 - Failed to get advertising image, set to default
2021-05-15 13:19:08,590 [INFO] ApiDb:276 - Save user favorites file C:\Users\evers/.stm32cubeide/favorites.mcus.txt: 0 item(s)
2021-05-15 13:19:08,590 [INFO] ApiDb:280 - User favorites MCUs=[]
2021-05-15 13:19:08,594 [INFO] ApiDb:276 - Save user favorites file C:\Users\evers/.stm32cubeide/favorites.boards.txt: 1 item(s)
2021-05-15 13:19:08,595 [INFO] ApiDb:280 - User favorites Boards=[NUCLEO-L476RG]
2021-05-16 17:03:47,016 [INFO] Activator:170 - 


2021-05-16 17:03:47,067 [INFO] Activator:171 - !SESSION log4j initialized
2021-05-17 17:17:31,153 [INFO] Activator:170 - 


2021-05-17 17:17:31,157 [INFO] Activator:171 - !SESSION log4j initialized
2021-05-17 18:57:11,624 [INFO] Activator:170 - 


2021-05-17 18:57:11,626 [INFO] Activator:171 - !SESSION log4j initialized
2021-05-24 15:59:08,080 [INFO] Activator:170 - 


2021-05-24 15:59:08,083 [INFO] Activator:171 - !SESSION log4j initialized
2021-05-25 16:37:54,247 [INFO] Activator:170 - 


2021-05-25 16:37:54,250 [INFO] Activator:171 - !SESSION log4j initialized
2021-06-09 16:08:58,053 [INFO] Activator:170 - 


2021-06-09 16:08:58,055 [INFO] Activator:171 - !SESSION log4j initialized
2021-07-13 10:27:26,356 [INFO] Activator:170 - 


2021-07-13 10:27:26,358 [INFO] Activator:171 - !SESSION log4j initialized
2021-07-14 21:07:37,905 [INFO] Activator:170 - 


2021-07-14 21:07:37,909 [INFO] Activator:171 - !SESSION log4j initialized
2021-07-16 20:33:35,062 [INFO] Activator:170 - 


2021-07-16 20:33:35,070 [INFO] Activator:171 - !SESSION log4j initialized
2021-07-17 09:16:12,734 [INFO] Activator:170 - 


2021-07-17 09:16:12,738 [INFO] Activator:171 - !SESSION log4j initialized
2021-07-18 13:38:45,727 [INFO] Activator:170 - 


2021-07-18 13:38:45,731 [INFO] Activator:171 - !SESSION log4j initialized
2021-07-18 14:43:57,709 [ERROR] LogOutputStream:74 - [STDERR_REDIRECT] Managed Build system manifest file error: Option com.st.stm32cube.ide.mcu.gnu.managedbuild.option.target_mcu.8987196.880105129.787710112 uses a null category that is invalid in its context. The option was ignored.
2021-07-18 14:43:57,714 [ERROR] LogOutputStream:74 - [STDERR_REDIRECT] Managed Build system manifest file error: Option com.st.stm32cube.ide.mcu.gnu.managedbuild.option.target_cpuid.892708029.486893793.1248019376 uses a null category that is invalid in its context. The option was ignored.
2021-07-18 14:43:57,718 [ERROR] LogOutputStream:74 - [STDERR_REDIRECT] Managed Build system manifest file error: Option com.st.stm32cube.ide.mcu.gnu.managedbuild.option.target_coreid.1042247315.445542867.1124868764 uses a null category that is invalid in its context. The option was ignored.
2021-07-18 14:43:57,723 [ERROR] LogOutputStream:74 - [STDERR_REDIRECT] Managed Build system manifest file error: Option com.st.stm32cube.ide.mcu.gnu.managedbuild.option.fpu.740492871.2133932354.886486562 uses a null category that is invalid in its context. The option was ignored.
2021-07-18 14:43:57,727 [ERROR] LogOutputStream:74 - [STDERR_REDIRECT] Managed Build system manifest file error: Option com.st.stm32cube.ide.mcu.gnu.managedbuild.option.floatabi.1810958433.1748972140.1815478864 uses a null category that is invalid in its context. The option was ignored.
2021-07-18 14:43:57,730 [ERROR] LogOutputStream:74 - [STDERR_REDIRECT] Managed Build system manifest file error: Option com.st.stm32cube.ide.mcu.gnu.managedbuild.option.target_board.1580368352.1302608335.1882397942 uses a null category that is invalid in its context. The option was ignored.
2021-07-18 14:43:57,735 [ERROR] LogOutputStream:74 - [STDERR_REDIRECT] Managed Build system manifest file error: Option com.st.stm32cube.ide.mcu.gnu.managedbuild.option.defaults.985733630.334477319.1938695237 uses a null category that is invalid in its context. The option was ignored.
2021-07-18 14:45:28,054 [ERROR] LogOutputStream:74 - [STDERR_REDIRECT] Managed Build system manifest file error: Option com.st.stm32cube.ide.mcu.gnu.managedbuild.option.target_mcu.8987196.880105129.1075163376 uses a null category that is invalid in its context. The option was ignored.
2021-07-18 14:45:28,058 [ERROR] LogOutputStream:74 - [STDERR_REDIRECT] Managed Build system manifest file error: Option com.st.stm32cube.ide.mcu.gnu.managedbuild.option.target_cpuid.892708029.486893793.557620955 uses a null category that is invalid in its context. The option was ignored.
2021-07-18 14:45:28,061 [ERROR] LogOutputStream:74 - [STDERR_REDIRECT] Managed Build system manifest file error: Option com.st.stm32cube.ide.mcu.gnu.managedbuild.option.target_coreid.1042247315.445542867.1306197584 uses a null category that is invalid in its context. The option was ignored.
2021-07-18 14:45:28,065 [ERROR] LogOutputStream:74 - [STDERR_REDIRECT] Managed Build system manifest file error: Option com.st.stm32cube.ide.mcu.gnu.managedbuild.option.fpu.740492871.2133932354.506868838 uses a null category that is invalid in its context. The option was ignored.
2021-07-18 14:45:28,069 [ERROR] LogOutputStream:74 - [STDERR_REDIRECT] Managed Build system manifest file error: Option com.st.stm32cube.ide.mcu.gnu.managedbuild.option.floatabi.1810958433.1748972140.1246252199 uses a null category that is invalid in its context. The option was ignored.
2021-07-18 14:45:28,072 [ERROR] LogOutputStream:74 - [STDERR_REDIRECT] Managed Build system manifest file error: Option com.st.stm32cube.ide.mcu.gnu.managedbuild.option.target_board.1580368352.1302608335.1333386739 uses a null category that is invalid in its context. The option was ignored.
2021-07-18 14:45:28,075 [ERROR] LogOutputStream:74 - [STDERR_REDIRECT] Managed Build system manifest file error: Option com.st.stm32cube.ide.mcu.gnu.managedbuild.option.defaults.985733630.334477319.1733091008 uses a null category that is invalid in its context. The option was ignored.
2021-07-18 14:48:27,958 [ERROR] LogOutputStream:74 - [STDERR_REDIRECT] Managed Build system manifest file error: Option com.st.stm32cube.ide.mcu.gnu.managedbuild.option.target_mcu.8987196.880105129.786151685 uses a null category that is invalid in its context. The option was ignored.
2021-07-18 14:48:27,966 [ERROR] LogOutputStream:74 - [STDERR_REDIRECT] Managed Build system manifest file error: Option com.st.stm32cube.ide.mcu.gnu.managedbuild.option.target_cpuid.892708029.486893793.439741507 uses a null category that is invalid in its context. The option was ignored.
2021-07-18 14:48:27,973 [ERROR] LogOutputStream:74 - [STDERR_REDIRECT] Managed Build system manifest file error: Option com.st.stm32cube.ide.mcu.gnu.managedbuild.option.target_coreid.1042247315.445542867.1827880869 uses a null category that is invalid in its context. The option was ignored.
2021-07-18 14:48:27,978 [ERROR] LogOutputStream:74 - [STDERR_REDIRECT] Managed Build system manifest file error: Option com.st.stm32cube.ide.mcu.gnu.managedbuild.option.fpu.740492871.2133932354.2084570323 uses a null category that is invalid in its context. The option was ignored.
2021-07-18 14:48:27,984 [ERROR] LogOutputStream:74 - [STDERR_REDIRECT] Managed Build system manifest file error: Option com.st.stm32cube.ide.mcu.gnu.managedbuild.option.floatabi.1810958433.1748972140.1667378193 uses a null category that is invalid in its context. The option was ignored.
2021-07-18 14:48:27,988 [ERROR] LogOutputStream:74 - [STDERR_REDIRECT] Managed Build system manifest file error: Option com.st.stm32cube.ide.mcu.gnu.managedbuild.option.target_board.1580368352.1302608335.1395362009 uses a null category that is invalid in its context. The option was ignored.
2021-07-18 14:48:27,992 [ERROR] LogOutputStream:74 - [STDERR_REDIRECT] Managed Build system manifest file error: Option com.st.stm32cube.ide.mcu.gnu.managedbuild.option.defaults.985733630.334477319.740086942 uses a null category that is invalid in its context. The option was ignored.
2021-07-18 14:49:17,734 [INFO] Activator:170 - 


2021-07-18 14:49:17,735 [INFO] Activator:171 - !SESSION log4j initialized
2021-07-18 19:57:18,330 [INFO] Activator:170 - 


2021-07-18 19:57:18,334 [INFO] Activator:171 - !SESSION log4j initialized
2021-07-19 19:34:53,241 [INFO] Activator:170 - 


2021-07-19 19:34:53,243 [INFO] Activator:171 - !SESSION log4j initialized
