2021-08-26 14:26:10,087 [INFO] Activator:170 - 


2021-08-26 14:26:10,089 [INFO] Activator:171 - !SESSION log4j initialized
2021-08-26 14:28:03,756 [INFO] Activator:170 - 


2021-08-26 14:28:03,757 [INFO] Activator:171 - !SESSION log4j initialized
2021-08-26 14:28:14,268 [INFO] McuFinderGlobals:39 - Set McuFinder mode to 2 (CubeIDE integrated)
2021-08-26 14:28:14,457 [INFO] ApplicationProperties:181 - Using Application install path: C:\ST\STM32CubeIDE_1.6.1\STM32CubeIDE\plugins\com.st.stm32cube.common.mx_6.2.1.202103241236
2021-08-26 14:28:14,470 [INFO] DbMcusXml:74 - Set database path to: C:\ST\STM32CubeIDE_1.6.1\STM32CubeIDE\plugins\com.st.stm32cube.common.mx_6.2.1.202103241236\\db\/mcu/
2021-08-26 14:28:14,475 [INFO] DbBoardsPdsc:56 - Set plugin database path to: C:\ST\STM32CubeIDE_1.6.1\STM32CubeIDE\plugins\com.st.stm32cube.common.mx_6.2.1.202103241236\\db\/plugins/boardmanager/
2021-08-26 14:28:14,476 [INFO] DbMcus:258 - Set plugin images path to: C:\ST\STM32CubeIDE_1.6.1\STM32CubeIDE\plugins\com.st.stm32cube.common.mx_6.2.1.202103241236\\db\/plugins/mcufinder/images/
2021-08-26 14:28:14,476 [INFO] DbBoards:264 - Set plugin images path to: C:\ST\STM32CubeIDE_1.6.1\STM32CubeIDE\plugins\com.st.stm32cube.common.mx_6.2.1.202103241236\\db\/plugins/mcufinder/images/
2021-08-26 14:28:14,478 [INFO] DbExamples:333 - Set plugin images path to: C:\ST\STM32CubeIDE_1.6.1\STM32CubeIDE\plugins\com.st.stm32cube.common.mx_6.2.1.202103241236\\db\/plugins/mcufinder/images/
2021-08-26 14:28:14,486 [INFO] DbMcusAds:85 - Set database path to: C:\Users\evers\.stmcufinder\plugins\mcufinder//mcu/
2021-08-26 14:28:14,487 [INFO] DbMcusDocs:110 - Set database path to: C:\Users\evers\.stmcufinder\plugins\mcufinder//mcu/
2021-08-26 14:28:14,489 [INFO] DbMcusJson:65 - Set database path to: C:\Users\evers\.stmcufinder\plugins\mcufinder//mcu/
2021-08-26 14:28:14,490 [INFO] DbBoardsDocs:110 - Set database path to: C:\Users\evers\.stmcufinder\plugins\mcufinder//mcu/
2021-08-26 14:28:14,491 [INFO] DbBoardsJson:58 - Set database path to: C:\Users\evers\.stmcufinder\plugins\mcufinder//mcu/
2021-08-26 14:28:14,495 [INFO] CrossReferenceDbSqlite:196 - Set database path to: C:\Users\evers\.stmcufinder\plugins\mcufinder//mcu/cs/
2021-08-26 14:28:14,498 [INFO] DbExamplesSqlite:690 - Set database path to: C:\Users\evers\.stmcufinder\plugins\mcufinder//mcu/
2021-08-26 14:28:14,608 [INFO] RulesReader:52 - Compatibility file has been processed (237 Rules)
2021-08-26 14:28:14,704 [INFO] MicroXplorer:622 - Detected Java Version = 11.0.9.1
2021-08-26 14:28:14,705 [INFO] DbMcusXml:74 - Set database path to: C:\ST\STM32CubeIDE_1.6.1\STM32CubeIDE\plugins\com.st.stm32cube.common.mx_6.2.1.202103241236\\db\/mcu/
2021-08-26 14:28:14,705 [INFO] DbBoardsPdsc:56 - Set plugin database path to: C:\ST\STM32CubeIDE_1.6.1\STM32CubeIDE\plugins\com.st.stm32cube.common.mx_6.2.1.202103241236\\db\/plugins/boardmanager/
2021-08-26 14:28:14,706 [INFO] DbMcus:258 - Set plugin images path to: C:\ST\STM32CubeIDE_1.6.1\STM32CubeIDE\plugins\com.st.stm32cube.common.mx_6.2.1.202103241236\\db\/plugins/mcufinder/images/
2021-08-26 14:28:14,706 [INFO] DbBoards:264 - Set plugin images path to: C:\ST\STM32CubeIDE_1.6.1\STM32CubeIDE\plugins\com.st.stm32cube.common.mx_6.2.1.202103241236\\db\/plugins/mcufinder/images/
2021-08-26 14:28:14,706 [INFO] DbExamples:333 - Set plugin images path to: C:\ST\STM32CubeIDE_1.6.1\STM32CubeIDE\plugins\com.st.stm32cube.common.mx_6.2.1.202103241236\\db\/plugins/mcufinder/images/
2021-08-26 14:28:14,706 [WARN] DbFile:35 - Overriding database path with different value: C:\Users\evers\.stmcufinder\plugins\mcufinder/ => C:\Users\evers\.stmcufinder\plugins\mcufinder
2021-08-26 14:28:14,706 [INFO] DbMcusAds:85 - Set database path to: C:\Users\evers\.stmcufinder\plugins\mcufinder//mcu/
2021-08-26 14:28:14,706 [WARN] DbFile:35 - Overriding database path with different value: C:\Users\evers\.stmcufinder\plugins\mcufinder/ => C:\Users\evers\.stmcufinder\plugins\mcufinder
2021-08-26 14:28:14,706 [INFO] DbMcusDocs:110 - Set database path to: C:\Users\evers\.stmcufinder\plugins\mcufinder//mcu/
2021-08-26 14:28:14,707 [WARN] DbFile:35 - Overriding database path with different value: C:\Users\evers\.stmcufinder\plugins\mcufinder/ => C:\Users\evers\.stmcufinder\plugins\mcufinder
2021-08-26 14:28:14,707 [INFO] DbMcusJson:65 - Set database path to: C:\Users\evers\.stmcufinder\plugins\mcufinder//mcu/
2021-08-26 14:28:14,707 [WARN] DbFile:35 - Overriding database path with different value: C:\Users\evers\.stmcufinder\plugins\mcufinder/ => C:\Users\evers\.stmcufinder\plugins\mcufinder
2021-08-26 14:28:14,707 [INFO] DbBoardsDocs:110 - Set database path to: C:\Users\evers\.stmcufinder\plugins\mcufinder//mcu/
2021-08-26 14:28:14,707 [WARN] DbFile:35 - Overriding database path with different value: C:\Users\evers\.stmcufinder\plugins\mcufinder/ => C:\Users\evers\.stmcufinder\plugins\mcufinder
2021-08-26 14:28:14,707 [INFO] DbBoardsJson:58 - Set database path to: C:\Users\evers\.stmcufinder\plugins\mcufinder//mcu/
2021-08-26 14:28:14,707 [WARN] DbFile:35 - Overriding database path with different value: C:\Users\evers\.stmcufinder\plugins\mcufinder/ => C:\Users\evers\.stmcufinder\plugins\mcufinder
2021-08-26 14:28:14,707 [WARN] DbFile:35 - Overriding database path with different value: C:\Users\evers\.stmcufinder\plugins\mcufinder/ => C:\Users\evers\.stmcufinder\plugins\mcufinder
2021-08-26 14:28:14,708 [INFO] CrossReferenceDbSqlite:196 - Set database path to: C:\Users\evers\.stmcufinder\plugins\mcufinder//mcu/cs/
2021-08-26 14:28:14,708 [WARN] DbFile:35 - Overriding database path with different value: C:\Users\evers\.stmcufinder\plugins\mcufinder/ => C:\Users\evers\.stmcufinder\plugins\mcufinder
2021-08-26 14:28:14,708 [INFO] DbExamplesSqlite:690 - Set database path to: C:\Users\evers\.stmcufinder\plugins\mcufinder//mcu/
2021-08-26 14:28:14,774 [INFO] MainPanel:204 - HeapMemory: 268435456
2021-08-26 14:28:14,859 [INFO] DbMcusXml:74 - Set database path to: C:\ST\STM32CubeIDE_1.6.1\STM32CubeIDE\plugins\com.st.stm32cube.common.mx_6.2.1.202103241236\\db\/mcu/
2021-08-26 14:28:14,859 [INFO] DbBoardsPdsc:56 - Set plugin database path to: C:\ST\STM32CubeIDE_1.6.1\STM32CubeIDE\plugins\com.st.stm32cube.common.mx_6.2.1.202103241236\\db\/plugins/boardmanager/
2021-08-26 14:28:14,859 [INFO] DbMcus:258 - Set plugin images path to: C:\ST\STM32CubeIDE_1.6.1\STM32CubeIDE\plugins\com.st.stm32cube.common.mx_6.2.1.202103241236\\db\/plugins/mcufinder/images/
2021-08-26 14:28:14,859 [INFO] DbBoards:264 - Set plugin images path to: C:\ST\STM32CubeIDE_1.6.1\STM32CubeIDE\plugins\com.st.stm32cube.common.mx_6.2.1.202103241236\\db\/plugins/mcufinder/images/
2021-08-26 14:28:14,860 [INFO] DbExamples:333 - Set plugin images path to: C:\ST\STM32CubeIDE_1.6.1\STM32CubeIDE\plugins\com.st.stm32cube.common.mx_6.2.1.202103241236\\db\/plugins/mcufinder/images/
2021-08-26 14:28:14,860 [WARN] DbFile:35 - Overriding database path with different value: C:\Users\evers\.stmcufinder\plugins\mcufinder/ => C:\Users\evers\.stmcufinder\plugins\mcufinder
2021-08-26 14:28:14,860 [INFO] DbMcusAds:85 - Set database path to: C:\Users\evers\.stmcufinder\plugins\mcufinder//mcu/
2021-08-26 14:28:14,860 [WARN] DbFile:35 - Overriding database path with different value: C:\Users\evers\.stmcufinder\plugins\mcufinder/ => C:\Users\evers\.stmcufinder\plugins\mcufinder
2021-08-26 14:28:14,860 [INFO] DbMcusDocs:110 - Set database path to: C:\Users\evers\.stmcufinder\plugins\mcufinder//mcu/
2021-08-26 14:28:14,860 [WARN] DbFile:35 - Overriding database path with different value: C:\Users\evers\.stmcufinder\plugins\mcufinder/ => C:\Users\evers\.stmcufinder\plugins\mcufinder
2021-08-26 14:28:14,860 [INFO] DbMcusJson:65 - Set database path to: C:\Users\evers\.stmcufinder\plugins\mcufinder//mcu/
2021-08-26 14:28:14,860 [WARN] DbFile:35 - Overriding database path with different value: C:\Users\evers\.stmcufinder\plugins\mcufinder/ => C:\Users\evers\.stmcufinder\plugins\mcufinder
2021-08-26 14:28:14,860 [INFO] DbBoardsDocs:110 - Set database path to: C:\Users\evers\.stmcufinder\plugins\mcufinder//mcu/
2021-08-26 14:28:14,860 [WARN] DbFile:35 - Overriding database path with different value: C:\Users\evers\.stmcufinder\plugins\mcufinder/ => C:\Users\evers\.stmcufinder\plugins\mcufinder
2021-08-26 14:28:14,861 [INFO] DbBoardsJson:58 - Set database path to: C:\Users\evers\.stmcufinder\plugins\mcufinder//mcu/
2021-08-26 14:28:14,861 [WARN] DbFile:35 - Overriding database path with different value: C:\Users\evers\.stmcufinder\plugins\mcufinder/ => C:\Users\evers\.stmcufinder\plugins\mcufinder
2021-08-26 14:28:14,861 [WARN] DbFile:35 - Overriding database path with different value: C:\Users\evers\.stmcufinder\plugins\mcufinder/ => C:\Users\evers\.stmcufinder\plugins\mcufinder
2021-08-26 14:28:14,861 [INFO] CrossReferenceDbSqlite:196 - Set database path to: C:\Users\evers\.stmcufinder\plugins\mcufinder//mcu/cs/
2021-08-26 14:28:14,861 [WARN] DbFile:35 - Overriding database path with different value: C:\Users\evers\.stmcufinder\plugins\mcufinder/ => C:\Users\evers\.stmcufinder\plugins\mcufinder
2021-08-26 14:28:14,861 [INFO] DbExamplesSqlite:690 - Set database path to: C:\Users\evers\.stmcufinder\plugins\mcufinder//mcu/
2021-08-26 14:28:14,880 [INFO] ApplicationProperties:181 - Using Application install path: C:\ST\STM32CubeIDE_1.6.1\STM32CubeIDE\plugins\com.st.stm32cube.common.mx_6.2.1.202103241236
2021-08-26 14:28:14,882 [INFO] PluginManage:178 - Search for loadable plugins [exclusion list=, ]
2021-08-26 14:28:14,883 [INFO] PluginManage:292 - Check plugin analytics
2021-08-26 14:28:15,044 [INFO] AnalyticsPlugin:233 - Accepted Software Licenses: STM32CubeMX.6.0.1,STM32CubeMX.6.1.1,STM32CubeMX.6.1.2,STM32CubeMX.6.2.0,STM32CubeMX.6.2.1,STM32CubeMX.6.3.0
2021-08-26 14:28:15,045 [INFO] AnalyticsPlugin:235 - Accepted CMSIS Pack Licenses: 
2021-08-26 14:28:15,045 [INFO] AnalyticsPlugin:237 - Accepted Firmware Licenses: FW.WL.1.1.0,FW.G0.1.5.0
2021-08-26 14:28:15,045 [INFO] PluginManage:342 - Loaded plugin analytics (category:tool,tabindex:-1)
2021-08-26 14:28:15,045 [INFO] PluginManage:292 - Check plugin clock
2021-08-26 14:28:15,064 [INFO] PluginManage:342 - Loaded plugin clock (category:base,tabindex:2)
2021-08-26 14:28:15,064 [INFO] PluginManage:292 - Check plugin ddr
2021-08-26 14:28:15,068 [INFO] PluginManage:342 - Loaded plugin ddr (category:tool,tabindex:6)
2021-08-26 14:28:15,068 [INFO] PluginManage:292 - Check plugin filemanager
2021-08-26 14:28:15,202 [INFO] PluginManage:342 - Loaded plugin filemanager (category:base,tabindex:10)
2021-08-26 14:28:15,202 [INFO] PluginManage:292 - Check plugin ipmanager
2021-08-26 14:28:15,210 [INFO] PluginManage:342 - Loaded plugin ipmanager (category:base,tabindex:5)
2021-08-26 14:28:15,210 [INFO] PluginManage:292 - Check plugin pinoutandconfiguration
2021-08-26 14:28:15,222 [INFO] PluginManage:342 - Loaded plugin pinoutandconfiguration (category:base,tabindex:1)
2021-08-26 14:28:15,222 [INFO] PluginManage:292 - Check plugin pinoutconfig
2021-08-26 14:28:15,247 [INFO] PluginManage:342 - Loaded plugin pinoutconfig (category:base,tabindex:0)
2021-08-26 14:28:15,247 [INFO] PluginManage:292 - Check plugin power
2021-08-26 14:28:15,260 [INFO] PluginManage:342 - Loaded plugin power (category:power,tabindex:4)
2021-08-26 14:28:15,260 [INFO] PluginManage:292 - Check plugin projectmanager
2021-08-26 14:28:15,277 [INFO] PluginManage:342 - Loaded plugin projectmanager (category:projectmanager,tabindex:3)
2021-08-26 14:28:15,277 [INFO] PluginManage:292 - Check plugin thirdparty
2021-08-26 14:28:15,439 [INFO] PluginManage:342 - Loaded plugin thirdparty (category:base,tabindex:-1)
2021-08-26 14:28:15,440 [INFO] PluginManage:292 - Check plugin tools
2021-08-26 14:28:15,440 [WARN] IntegrityCheckThread:59 - waiting for thirdparty lock release [integrity check]
2021-08-26 14:28:15,441 [INFO] IntegrityCheckThread:61 - entering critical section [integrity check]
2021-08-26 14:28:15,441 [INFO] ThirdPartyUpdaterWithRetryManager:56 - Updater plugin not ready yet. [1/15]
2021-08-26 14:28:15,443 [INFO] PluginManage:342 - Loaded plugin tools (category:base,tabindex:7)
2021-08-26 14:28:15,443 [INFO] PluginManage:292 - Check plugin tutovideos
2021-08-26 14:28:15,660 [INFO] PluginManage:342 - Loaded plugin tutovideos (category:base,tabindex:-1)
2021-08-26 14:28:15,661 [INFO] PluginManage:292 - Check plugin updater
2021-08-26 14:28:15,675 [INFO] PluginManage:342 - Loaded plugin updater (category:base,tabindex:12)
2021-08-26 14:28:15,675 [INFO] PluginManage:265 - PluginManage : Loaded plugins [13]
2021-08-26 14:28:15,860 [INFO] PinOutPanel:1435 - setPackage(No Configuration,No Configuration)
2021-08-26 14:28:15,950 [INFO] IPUIPlugin:64 - create IPUIPlugin
2021-08-26 14:28:15,950 [INFO] PluginManager:203 - loadIPPluginJar : add adc
2021-08-26 14:28:15,954 [INFO] IPUIPlugin:64 - create IPUIPlugin
2021-08-26 14:28:15,954 [INFO] PluginManager:203 - loadIPPluginJar : add aes
2021-08-26 14:28:15,958 [INFO] IPUIPlugin:64 - create IPUIPlugin
2021-08-26 14:28:15,958 [INFO] PluginManager:203 - loadIPPluginJar : add can
2021-08-26 14:28:15,961 [INFO] IPUIPlugin:64 - create IPUIPlugin
2021-08-26 14:28:15,961 [INFO] PluginManager:203 - loadIPPluginJar : add comp
2021-08-26 14:28:15,965 [INFO] IPUIPlugin:64 - create IPUIPlugin
2021-08-26 14:28:15,966 [INFO] PluginManager:203 - loadIPPluginJar : add cryp
2021-08-26 14:28:15,969 [INFO] IPUIPlugin:64 - create IPUIPlugin
2021-08-26 14:28:15,970 [INFO] PluginManager:203 - loadIPPluginJar : add dfsdm
2021-08-26 14:28:15,976 [INFO] IPUIPlugin:64 - create IPUIPlugin
2021-08-26 14:28:15,978 [INFO] PluginManager:203 - loadIPPluginJar : add dma
2021-08-26 14:28:15,980 [INFO] IPUIPlugin:64 - create IPUIPlugin
2021-08-26 14:28:15,981 [INFO] PluginManager:203 - loadIPPluginJar : add fatfs
2021-08-26 14:28:15,986 [INFO] IPUIPlugin:64 - create IPUIPlugin
2021-08-26 14:28:15,986 [INFO] PluginManager:203 - loadIPPluginJar : add fmc
2021-08-26 14:28:15,992 [INFO] IPUIPlugin:64 - create IPUIPlugin
2021-08-26 14:28:15,993 [INFO] PluginManager:203 - loadIPPluginJar : add freertos
2021-08-26 14:28:15,995 [INFO] IPUIPlugin:64 - create IPUIPlugin
2021-08-26 14:28:15,995 [INFO] PluginManager:203 - loadIPPluginJar : add genericplugin
2021-08-26 14:28:15,998 [INFO] IPUIPlugin:64 - create IPUIPlugin
2021-08-26 14:28:15,998 [INFO] PluginManager:203 - loadIPPluginJar : add gfxmmu
2021-08-26 14:28:16,005 [INFO] IPUIPlugin:64 - create IPUIPlugin
2021-08-26 14:28:16,005 [INFO] PluginManager:203 - loadIPPluginJar : add gic
2021-08-26 14:28:16,010 [INFO] IPUIPlugin:64 - create IPUIPlugin
2021-08-26 14:28:16,010 [INFO] PluginManager:203 - loadIPPluginJar : add gpio
2021-08-26 14:28:16,015 [INFO] IPUIPlugin:64 - create IPUIPlugin
2021-08-26 14:28:16,015 [INFO] PluginManager:203 - loadIPPluginJar : add gtzc
2021-08-26 14:28:16,018 [INFO] IPUIPlugin:64 - create IPUIPlugin
2021-08-26 14:28:16,018 [INFO] PluginManager:203 - loadIPPluginJar : add hash
2021-08-26 14:28:16,022 [INFO] IPUIPlugin:64 - create IPUIPlugin
2021-08-26 14:28:16,022 [INFO] PluginManager:203 - loadIPPluginJar : add i2c
2021-08-26 14:28:16,026 [INFO] IPUIPlugin:64 - create IPUIPlugin
2021-08-26 14:28:16,026 [INFO] PluginManager:203 - loadIPPluginJar : add i2s
2021-08-26 14:28:16,031 [INFO] IPUIPlugin:64 - create IPUIPlugin
2021-08-26 14:28:16,031 [INFO] PluginManager:203 - loadIPPluginJar : add ipddr
2021-08-26 14:28:16,035 [INFO] IPUIPlugin:64 - create IPUIPlugin
2021-08-26 14:28:16,035 [INFO] PluginManager:203 - loadIPPluginJar : add lorawan
2021-08-26 14:28:16,038 [INFO] IPUIPlugin:64 - create IPUIPlugin
2021-08-26 14:28:16,038 [INFO] PluginManager:203 - loadIPPluginJar : add ltdc
2021-08-26 14:28:16,043 [INFO] IPUIPlugin:64 - create IPUIPlugin
2021-08-26 14:28:16,044 [INFO] PluginManager:203 - loadIPPluginJar : add mdma
2021-08-26 14:28:16,048 [INFO] IPUIPlugin:64 - create IPUIPlugin
2021-08-26 14:28:16,049 [INFO] PluginManager:203 - loadIPPluginJar : add nvic
2021-08-26 14:28:16,053 [INFO] IPUIPlugin:64 - create IPUIPlugin
2021-08-26 14:28:16,053 [INFO] PluginManager:203 - loadIPPluginJar : add opamp
2021-08-26 14:28:16,057 [INFO] IPUIPlugin:64 - create IPUIPlugin
2021-08-26 14:28:16,057 [INFO] PluginManager:203 - loadIPPluginJar : add openamp
2021-08-26 14:28:16,061 [INFO] IPUIPlugin:64 - create IPUIPlugin
2021-08-26 14:28:16,062 [INFO] PluginManager:203 - loadIPPluginJar : add pdm2pcm
2021-08-26 14:28:16,071 [INFO] IPUIPlugin:64 - create IPUIPlugin
2021-08-26 14:28:16,073 [INFO] PluginManager:203 - loadIPPluginJar : add plateformsettings
2021-08-26 14:28:16,077 [INFO] IPUIPlugin:64 - create IPUIPlugin
2021-08-26 14:28:16,077 [INFO] PluginManager:203 - loadIPPluginJar : add quadspi
2021-08-26 14:28:16,084 [INFO] IPUIPlugin:64 - create IPUIPlugin
2021-08-26 14:28:16,085 [INFO] PluginManager:203 - loadIPPluginJar : add resmgrutility
2021-08-26 14:28:16,089 [INFO] IPUIPlugin:64 - create IPUIPlugin
2021-08-26 14:28:16,089 [INFO] PluginManager:203 - loadIPPluginJar : add sai
2021-08-26 14:28:16,093 [INFO] IPUIPlugin:64 - create IPUIPlugin
2021-08-26 14:28:16,093 [INFO] PluginManager:203 - loadIPPluginJar : add spi
2021-08-26 14:28:16,099 [INFO] IPUIPlugin:64 - create IPUIPlugin
2021-08-26 14:28:16,099 [INFO] PluginManager:203 - loadIPPluginJar : add stm32_wpan
2021-08-26 14:28:16,102 [INFO] IPUIPlugin:64 - create IPUIPlugin
2021-08-26 14:28:16,102 [INFO] PluginManager:203 - loadIPPluginJar : add tim
2021-08-26 14:28:16,106 [INFO] IPUIPlugin:64 - create IPUIPlugin
2021-08-26 14:28:16,107 [INFO] PluginManager:203 - loadIPPluginJar : add touchsensing
2021-08-26 14:28:16,109 [INFO] IPUIPlugin:64 - create IPUIPlugin
2021-08-26 14:28:16,110 [INFO] PluginManager:203 - loadIPPluginJar : add tracer_emb
2021-08-26 14:28:16,113 [INFO] IPUIPlugin:64 - create IPUIPlugin
2021-08-26 14:28:16,113 [INFO] PluginManager:203 - loadIPPluginJar : add ts
2021-08-26 14:28:16,117 [INFO] IPUIPlugin:64 - create IPUIPlugin
2021-08-26 14:28:16,117 [INFO] PluginManager:203 - loadIPPluginJar : add tsc
2021-08-26 14:28:16,120 [INFO] IPUIPlugin:64 - create IPUIPlugin
2021-08-26 14:28:16,120 [INFO] PluginManager:203 - loadIPPluginJar : add ucpd
2021-08-26 14:28:16,125 [INFO] IPUIPlugin:64 - create IPUIPlugin
2021-08-26 14:28:16,125 [INFO] PluginManager:203 - loadIPPluginJar : add usart
2021-08-26 14:28:16,509 [FATAL] Updater:284 - Updater called before beeing initialized
2021-08-26 14:28:16,619 [FATAL] Updater:284 - Updater called before beeing initialized
2021-08-26 14:28:16,624 [INFO] DbMcusAds:132 - JSON generation date=Wed Aug 18 16:13:16 CEST 2021 (1629295996946)
2021-08-26 14:28:16,624 [FATAL] Updater:284 - Updater called before beeing initialized
2021-08-26 14:28:16,669 [WARN] DetailPanel:315 - Failed to get advertising image, set to default
2021-08-26 14:28:16,895 [FATAL] Updater:284 - Updater called before beeing initialized
2021-08-26 14:28:16,898 [FATAL] Updater:284 - Updater called before beeing initialized
2021-08-26 14:28:16,899 [FATAL] Updater:284 - Updater called before beeing initialized
2021-08-26 14:28:16,899 [WARN] DetailPanel:315 - Failed to get advertising image, set to default
2021-08-26 14:28:16,900 [FATAL] Updater:284 - Updater called before beeing initialized
2021-08-26 14:28:16,963 [FATAL] Updater:284 - Updater called before beeing initialized
2021-08-26 14:28:16,963 [WARN] ThirdParty:796 - waiting for thirdparty lock release [close project]
2021-08-26 14:28:18,450 [INFO] ThirdPartyUpdaterWithRetryManager:56 - Updater plugin not ready yet. [2/15]
2021-08-26 14:28:21,462 [FATAL] Updater:284 - Updater called before beeing initialized
2021-08-26 14:28:21,464 [ERROR] AbstractThirdPartyUpdaterManager:153 - class java.lang.Integer cannot be cast to class java.util.List (java.lang.Integer and java.util.List are in module java.base of loader 'bootstrap')
2021-08-26 14:28:21,464 [INFO] ThirdParty:900 - Integrity check success = false
2021-08-26 14:28:21,465 [INFO] IntegrityCheckThread:75 - exiting critical section [integrity check]
2021-08-26 14:28:21,467 [INFO] IntegrityCheckThread:78 - End integrity checks thread
2021-08-26 14:28:21,467 [INFO] ThirdParty:798 - entering critical section [close project]
2021-08-26 14:28:21,474 [INFO] ThirdParty:809 - exiting critical section [close project]
2021-08-26 14:28:21,488 [INFO] PinOutPanel:1435 - setPackage(No Configuration,No Configuration)
2021-08-26 14:28:21,492 [FATAL] Updater:284 - Updater called before beeing initialized
2021-08-26 14:28:21,519 [ERROR] Updater:1065 - MainUpdater not yet initialized. External WinMGr cannot be set.
2021-08-26 14:28:21,524 [INFO] Updater:1002 - Updater Version found : 6.2.1
2021-08-26 14:28:21,546 [INFO] ApplicationProperties:181 - Using Application install path: C:\ST\STM32CubeIDE_1.6.1\STM32CubeIDE\plugins\com.st.stm32cube.common.mx_6.2.1.202103241236
2021-08-26 14:28:21,604 [INFO] MainUpdater:479 - Copy updater definitions from MX database
2021-08-26 14:28:21,680 [INFO] MainUpdater:2661 - connection check result : 10
2021-08-26 14:28:21,681 [INFO] MainUpdater:3349 - Updater definition file requires update
2021-08-26 14:28:21,683 [INFO] MainUpdater:255 - Updater Check For Update Now.
2021-08-26 14:28:21,683 [INFO] MicroXplorer:472 - Change Database Version : DB.6.0.21
2021-08-26 14:28:21,717 [INFO] ServerAccessManage:348 - Download File updaters.zip
2021-08-26 14:28:21,812 [INFO] FileExtend:225 - Unzip File : updaters.zip
2021-08-26 14:28:21,812 [INFO] FileExtend:240 - Standard Zip Deflate
2021-08-26 14:28:22,291 [INFO] ServerAccessManage:348 - Download File PacksControlFlags.xml
2021-08-26 14:28:22,443 [INFO] ServerAccessManage:348 - Download File cubemx.pidx
2021-08-26 14:28:22,549 [INFO] LoadServerUpdatesThread:329 - End of LoadServerUpdate Thread
2021-08-26 14:28:22,582 [INFO] CheckServerUpdateThread:102 - End of CheckServer Thread
2021-08-26 14:28:22,680 [INFO] MainUpdater:2661 - connection check result : 10
2021-08-26 14:28:23,176 [INFO] CrossSelectorPresenter:1330 - Cross Selector saved comparison directory: C:\Users\evers\.stmcufinder\plugins\mcufinder\mcu\cs_comparisons_mx
2021-08-26 14:28:23,183 [INFO] MultiScanPanel:200 - Auto-refresh data requested => check proxy status ongoing
2021-08-26 14:28:23,187 [INFO] FinderPluginLoader:87 - Searching for filters in installed packs
2021-08-26 14:28:23,189 [INFO] DbMcusXml:100 - Load MCU database from C:\ST\STM32CubeIDE_1.6.1\STM32CubeIDE\plugins\com.st.stm32cube.common.mx_6.2.1.202103241236\\db\/mcu/families.xml
2021-08-26 14:28:23,883 [INFO] DbMcusJson:94 - JSON generation date=Mon Jun 07 10:53:21 CEST 2021 (1623056001)
2021-08-26 14:28:24,583 [INFO] DbMcus:175 - Found 1906 MCUs (1866 are supported by CubeMX, 1866 are visible in CubeMX)
2021-08-26 14:28:24,585 [INFO] ApiDb:251 - Load user favorites file C:\Users\evers/.stm32cubeide/favorites.mcus.txt: 0 item(s)
2021-08-26 14:28:24,585 [INFO] ApiDb:255 - User favorites MCUs=[]
2021-08-26 14:28:24,585 [INFO] DbMcus:187 - Set 0 / 0 favorites MCUs
2021-08-26 14:28:25,041 [INFO] DetailPanel:310 - Set advertising image to C:/Users/evers/STM32Cube/Repository/\en.prom_STM32U5_PSA-SESIP_LV3_0821.png
2021-08-26 14:28:25,440 [INFO] DbBoardsPdsc:90 - Found 24 items
2021-08-26 14:28:25,443 [INFO] DbBoardsPdsc:90 - Found 9 items
2021-08-26 14:28:25,472 [INFO] DbBoardsPdsc:90 - Found 33 items
2021-08-26 14:28:25,475 [INFO] DbBoardsPdsc:90 - Found 1 items
2021-08-26 14:28:25,484 [INFO] DbBoardsPdsc:90 - Found 46 items
2021-08-26 14:28:25,495 [INFO] DbBoardsPdsc:90 - Found 41 items
2021-08-26 14:28:25,497 [INFO] DbBoardsPdsc:90 - Found 2 items
2021-08-26 14:28:25,500 [INFO] DbBoardsPdsc:90 - Found 5 items
2021-08-26 14:28:25,504 [WARN] DbBoardsPdsc:254 - Board NUCLEO-WB15CC: unknown feature type=, name=, username=Three user LEDs, n=1
2021-08-26 14:28:25,504 [WARN] DbBoardsPdsc:254 - Board NUCLEO-WB15CC: unknown feature type=, name=, username=One reset and three user push-buttons, n=1
2021-08-26 14:28:25,504 [WARN] DbBoardsPdsc:254 - Board NUCLEO-WB15CC: unknown feature type=, name=, username=Arduino Uno V3 expansion connector, n=1
2021-08-26 14:28:25,504 [WARN] DbBoardsPdsc:254 - Board NUCLEO-WB15CC: unknown feature type=, name=, username=ST morpho extension pin headers for full access to all STM32WB I/Os, n=1
2021-08-26 14:28:25,504 [WARN] DbBoardsPdsc:254 - Board NUCLEO-WB15CC: unknown feature type=, name=, username=Integrated PCB antenna and SMA connector footprint, n=1
2021-08-26 14:28:25,504 [WARN] DbBoardsPdsc:254 - Board NUCLEO-WB15CC: unknown feature type=, name=, username=Flexible power-supply options: ST-LINK, USB VBUS, or external sources, n=1
2021-08-26 14:28:25,504 [WARN] DbBoardsPdsc:254 - Board NUCLEO-WB15CC: unknown feature type=, name=, username=On-board footprint to mount a CR2032 battery socket, n=1
2021-08-26 14:28:25,504 [WARN] DbBoardsPdsc:254 - Board NUCLEO-WB15CC: unknown feature type=, name=, username=On-board ST-LINK/V2-1 debugger/programmer with USB re-enumeration capability: mass storage, Virtual COM port, and debug port, n=1
2021-08-26 14:28:25,504 [WARN] DbBoardsPdsc:254 - Board NUCLEO-WB15CC: unknown feature type=, name=, username=Comprehensive free software libraries and examples available with the STM32CubeWB MCU Package, n=1
2021-08-26 14:28:25,504 [WARN] DbBoardsPdsc:254 - Board NUCLEO-WB15CC: unknown feature type=, name=, username=Support of a wide choice of Integrated Development Environments (IDEs) including IAR Embedded Workbench, MDK-ARM, STM32CubeIDE, and Mbed Studio, n=1
2021-08-26 14:28:25,507 [WARN] DbBoardsPdsc:254 - Board STM32H7B3I-DK: unknown feature type=Audio, name=, username=Audio stereo codec with Headphone Amp (CS42L51-CNZ), n=1
2021-08-26 14:28:25,508 [WARN] DbBoardsPdsc:254 - Board STM32H735G-DK: unknown feature type=Audio, name=, username=Audio stereo codec with Headphone Amp (WM8994ECS/R), n=1
2021-08-26 14:28:25,508 [WARN] DbBoardsPdsc:254 - Board STM32WB5MM-DK: unknown feature type=, name=, username=Time-of-Flight and gesture-detection sensor, n=1
2021-08-26 14:28:25,508 [WARN] DbBoardsPdsc:254 - Board STM32WB5MM-DK: unknown feature type=, name=, username=3 push-buttons (2 users and 1 reset) and 1 touch key button, n=1
2021-08-26 14:28:25,508 [WARN] DbBoardsPdsc:254 - Board STM32WB5MM-DK: unknown feature type=, name=, username=Flexible power-supply options: ST-LINK/V2-1 USB connector, 5 V delivered by ARDUINO® or external connector, USB charger, or USB power, n=1
2021-08-26 14:28:25,509 [WARN] DbBoardsPdsc:254 - Board STM32WB5MM-DK: unknown feature type=, name=, username=On-board ST-LINK/V2-1 debugger/programmer with USB re-enumeration capability: Virtual COM port and debug port, n=1
2021-08-26 14:28:25,509 [WARN] DbBoardsPdsc:254 - Board STM32WB5MM-DK: unknown feature type=, name=, username=Comprehensive free software libraries and examples available with the STM32CubeWB MCU Package, n=1
2021-08-26 14:28:25,509 [WARN] DbBoardsPdsc:254 - Board STM32WB5MM-DK: unknown feature type=, name=, username=Support of a wide choice of Integrated Development Environments (IDEs) including IAR Embedded Workbench®, MDK-ARM, and STM32CubeIDE, n=1
2021-08-26 14:28:25,511 [WARN] DbBoardsPdsc:254 - Board STM32H7B3I-EVAL: unknown feature type=Audio, name=, username=Multi-Channel Audio Codec (CS42L51-CNZ), n=1
2021-08-26 14:28:25,511 [WARN] DbBoardsPdsc:254 - Board STM32H7B3I-EVAL: unknown feature type=Meter, name=, username=Power-metering and Temperature-monitoring with sigma-delta modulators, n=1
2021-08-26 14:28:25,511 [WARN] DbBoardsPdsc:254 - Board STM32H7B3I-EVAL: unknown feature type=Motor, name=, username=Motor Control, n=1
2021-08-26 14:28:25,526 [INFO] DbBoardsJson:87 - JSON generation date=Tue Jun 01 07:52:40 CEST 2021 (1622526760)
2021-08-26 14:28:25,532 [INFO] DbBoards:117 - Found 161 boards (158 are supported by CubeMX)
2021-08-26 14:28:25,542 [INFO] DbBoardsDocs:143 - JSON generation date=Tue Jun 01 07:52:40 CEST 2021 (1622526760)
2021-08-26 14:28:25,562 [INFO] DbBoardsDocs:79 - Found 193 boards documents
2021-08-26 14:28:25,562 [WARN] DbBoards:127 - board B-L462E-CELL1 has no document id list !
2021-08-26 14:28:25,562 [WARN] DbBoards:127 - board B-L475E-IOT01A2 has no document id list !
2021-08-26 14:28:25,563 [WARN] DbBoards:127 - board NUCLEO-G0B1RE has no document id list !
2021-08-26 14:28:25,563 [WARN] DbBoards:127 - board NUCLEO-H743ZI has no document id list !
2021-08-26 14:28:25,564 [WARN] DbBoards:127 - board NUCLEO-L4A6ZG has no document id list !
2021-08-26 14:28:25,564 [WARN] DbBoards:127 - board NUCLEO-WB15CC has no document id list !
2021-08-26 14:28:25,564 [WARN] DbBoards:127 - board NUCLEO-WB55RG has no document id list !
2021-08-26 14:28:25,565 [WARN] DbBoards:127 - board NUCLEO-WL55JC2 has no document id list !
2021-08-26 14:28:25,565 [WARN] DbBoards:127 - board P-NUCLEO-WB55-Nucleo has no document id list !
2021-08-26 14:28:25,565 [WARN] DbBoards:127 - board P-NUCLEO-WB55-USBDongle has no document id list !
2021-08-26 14:28:25,565 [WARN] DbBoards:127 - board STEVAL-BFA001V1B has no document id list !
2021-08-26 14:28:25,565 [WARN] DbBoards:127 - board STEVAL-BFA001V2B has no document id list !
2021-08-26 14:28:25,565 [WARN] DbBoards:127 - board STEVAL-IDP005V1 has no document id list !
2021-08-26 14:28:25,565 [WARN] DbBoards:127 - board STEVAL-IDP005V2 has no document id list !
2021-08-26 14:28:25,565 [WARN] DbBoards:127 - board STEVAL-MKSBOX1V1 has no document id list !
2021-08-26 14:28:25,565 [WARN] DbBoards:127 - board STEVAL-STWINKT1 has no document id list !
2021-08-26 14:28:25,565 [WARN] DbBoards:127 - board STEVAL-STWINKT1B has no document id list !
2021-08-26 14:28:25,566 [WARN] DbBoards:127 - board STM32F401C-DISCO has no document id list !
2021-08-26 14:28:25,566 [WARN] DbBoards:127 - board STM32F769I-DISC1 has no document id list !
2021-08-26 14:28:25,566 [WARN] DbBoards:127 - board STM32G0C1E-EV has no document id list !
2021-08-26 14:28:25,566 [WARN] DbBoards:127 - board STM32G474E-EVAL1 has no document id list !
2021-08-26 14:28:25,567 [WARN] DbBoards:127 - board STM32H743I-EVAL2 has no document id list !
2021-08-26 14:28:25,567 [WARN] DbBoards:127 - board STM32H747I-DISC1 has no document id list !
2021-08-26 14:28:25,567 [WARN] DbBoards:127 - board STM32H753I-EVAL2 has no document id list !
2021-08-26 14:28:25,567 [WARN] DbBoards:127 - board STM32L-DISCOVERY has no document id list !
2021-08-26 14:28:25,568 [WARN] DbBoards:127 - board STM32MP157A-DK1 has no document id list !
2021-08-26 14:28:25,568 [WARN] DbBoards:127 - board STM32MP157F-DK2 has no document id list !
2021-08-26 14:28:25,568 [WARN] DbBoards:127 - board STM32MP157F-EV1 has no document id list !
2021-08-26 14:28:25,568 [WARN] DbBoards:127 - board STM32WB5MM-DK has no document id list !
2021-08-26 14:28:27,114 [INFO] ApiDb:251 - Load user favorites file C:\Users\evers/.stm32cubeide/favorites.boards.txt: 1 item(s)
2021-08-26 14:28:27,114 [INFO] ApiDb:255 - User favorites Boards=[NUCLEO-L476RG]
2021-08-26 14:28:27,114 [INFO] DbBoards:206 - Set 1 / 1 favorites Boards
