2021-06-28 19:51:13,925 [INFO] Activator:170 - 


2021-06-28 19:51:13,927 [INFO] Activator:171 - !SESSION log4j initialized
2021-06-28 19:51:16,593 [INFO] McuFinderGlobals:39 - Set McuFinder mode to 2 (CubeIDE integrated)
2021-06-28 19:51:18,312 [INFO] ApplicationProperties:181 - Using Application install path: C:\ST\STM32CubeIDE_1.6.1\STM32CubeIDE\plugins\com.st.stm32cube.common.mx_6.2.1.202103241236
2021-06-28 19:51:18,328 [INFO] DbMcusXml:74 - Set database path to: C:\ST\STM32CubeIDE_1.6.1\STM32CubeIDE\plugins\com.st.stm32cube.common.mx_6.2.1.202103241236\\db\/mcu/
2021-06-28 19:51:18,335 [INFO] DbBoardsPdsc:56 - Set plugin database path to: C:\ST\STM32CubeIDE_1.6.1\STM32CubeIDE\plugins\com.st.stm32cube.common.mx_6.2.1.202103241236\\db\/plugins/boardmanager/
2021-06-28 19:51:18,337 [INFO] DbMcus:258 - Set plugin images path to: C:\ST\STM32CubeIDE_1.6.1\STM32CubeIDE\plugins\com.st.stm32cube.common.mx_6.2.1.202103241236\\db\/plugins/mcufinder/images/
2021-06-28 19:51:18,337 [INFO] DbBoards:264 - Set plugin images path to: C:\ST\STM32CubeIDE_1.6.1\STM32CubeIDE\plugins\com.st.stm32cube.common.mx_6.2.1.202103241236\\db\/plugins/mcufinder/images/
2021-06-28 19:51:18,342 [INFO] DbExamples:333 - Set plugin images path to: C:\ST\STM32CubeIDE_1.6.1\STM32CubeIDE\plugins\com.st.stm32cube.common.mx_6.2.1.202103241236\\db\/plugins/mcufinder/images/
2021-06-28 19:51:18,350 [INFO] DbMcusAds:85 - Set database path to: C:\Users\evers\.stmcufinder\plugins\mcufinder//mcu/
2021-06-28 19:51:18,351 [INFO] DbMcusDocs:110 - Set database path to: C:\Users\evers\.stmcufinder\plugins\mcufinder//mcu/
2021-06-28 19:51:18,353 [INFO] DbMcusJson:65 - Set database path to: C:\Users\evers\.stmcufinder\plugins\mcufinder//mcu/
2021-06-28 19:51:18,354 [INFO] DbBoardsDocs:110 - Set database path to: C:\Users\evers\.stmcufinder\plugins\mcufinder//mcu/
2021-06-28 19:51:18,356 [INFO] DbBoardsJson:58 - Set database path to: C:\Users\evers\.stmcufinder\plugins\mcufinder//mcu/
2021-06-28 19:51:18,360 [INFO] CrossReferenceDbSqlite:196 - Set database path to: C:\Users\evers\.stmcufinder\plugins\mcufinder//mcu/cs/
2021-06-28 19:51:18,364 [INFO] DbExamplesSqlite:690 - Set database path to: C:\Users\evers\.stmcufinder\plugins\mcufinder//mcu/
2021-06-28 19:51:18,511 [INFO] RulesReader:52 - Compatibility file has been processed (237 Rules)
2021-06-28 19:51:18,636 [INFO] MicroXplorer:622 - Detected Java Version = 11.0.9.1
2021-06-28 19:51:18,637 [INFO] DbMcusXml:74 - Set database path to: C:\ST\STM32CubeIDE_1.6.1\STM32CubeIDE\plugins\com.st.stm32cube.common.mx_6.2.1.202103241236\\db\/mcu/
2021-06-28 19:51:18,638 [INFO] DbBoardsPdsc:56 - Set plugin database path to: C:\ST\STM32CubeIDE_1.6.1\STM32CubeIDE\plugins\com.st.stm32cube.common.mx_6.2.1.202103241236\\db\/plugins/boardmanager/
2021-06-28 19:51:18,638 [INFO] DbMcus:258 - Set plugin images path to: C:\ST\STM32CubeIDE_1.6.1\STM32CubeIDE\plugins\com.st.stm32cube.common.mx_6.2.1.202103241236\\db\/plugins/mcufinder/images/
2021-06-28 19:51:18,638 [INFO] DbBoards:264 - Set plugin images path to: C:\ST\STM32CubeIDE_1.6.1\STM32CubeIDE\plugins\com.st.stm32cube.common.mx_6.2.1.202103241236\\db\/plugins/mcufinder/images/
2021-06-28 19:51:18,638 [INFO] DbExamples:333 - Set plugin images path to: C:\ST\STM32CubeIDE_1.6.1\STM32CubeIDE\plugins\com.st.stm32cube.common.mx_6.2.1.202103241236\\db\/plugins/mcufinder/images/
2021-06-28 19:51:18,638 [WARN] DbFile:35 - Overriding database path with different value: C:\Users\evers\.stmcufinder\plugins\mcufinder/ => C:\Users\evers\.stmcufinder\plugins\mcufinder
2021-06-28 19:51:18,639 [INFO] DbMcusAds:85 - Set database path to: C:\Users\evers\.stmcufinder\plugins\mcufinder//mcu/
2021-06-28 19:51:18,639 [WARN] DbFile:35 - Overriding database path with different value: C:\Users\evers\.stmcufinder\plugins\mcufinder/ => C:\Users\evers\.stmcufinder\plugins\mcufinder
2021-06-28 19:51:18,639 [INFO] DbMcusDocs:110 - Set database path to: C:\Users\evers\.stmcufinder\plugins\mcufinder//mcu/
2021-06-28 19:51:18,639 [WARN] DbFile:35 - Overriding database path with different value: C:\Users\evers\.stmcufinder\plugins\mcufinder/ => C:\Users\evers\.stmcufinder\plugins\mcufinder
2021-06-28 19:51:18,639 [INFO] DbMcusJson:65 - Set database path to: C:\Users\evers\.stmcufinder\plugins\mcufinder//mcu/
2021-06-28 19:51:18,639 [WARN] DbFile:35 - Overriding database path with different value: C:\Users\evers\.stmcufinder\plugins\mcufinder/ => C:\Users\evers\.stmcufinder\plugins\mcufinder
2021-06-28 19:51:18,639 [INFO] DbBoardsDocs:110 - Set database path to: C:\Users\evers\.stmcufinder\plugins\mcufinder//mcu/
2021-06-28 19:51:18,640 [WARN] DbFile:35 - Overriding database path with different value: C:\Users\evers\.stmcufinder\plugins\mcufinder/ => C:\Users\evers\.stmcufinder\plugins\mcufinder
2021-06-28 19:51:18,640 [INFO] DbBoardsJson:58 - Set database path to: C:\Users\evers\.stmcufinder\plugins\mcufinder//mcu/
2021-06-28 19:51:18,640 [WARN] DbFile:35 - Overriding database path with different value: C:\Users\evers\.stmcufinder\plugins\mcufinder/ => C:\Users\evers\.stmcufinder\plugins\mcufinder
2021-06-28 19:51:18,640 [WARN] DbFile:35 - Overriding database path with different value: C:\Users\evers\.stmcufinder\plugins\mcufinder/ => C:\Users\evers\.stmcufinder\plugins\mcufinder
2021-06-28 19:51:18,640 [INFO] CrossReferenceDbSqlite:196 - Set database path to: C:\Users\evers\.stmcufinder\plugins\mcufinder//mcu/cs/
2021-06-28 19:51:18,640 [WARN] DbFile:35 - Overriding database path with different value: C:\Users\evers\.stmcufinder\plugins\mcufinder/ => C:\Users\evers\.stmcufinder\plugins\mcufinder
2021-06-28 19:51:18,640 [INFO] DbExamplesSqlite:690 - Set database path to: C:\Users\evers\.stmcufinder\plugins\mcufinder//mcu/
2021-06-28 19:51:18,757 [INFO] MainPanel:204 - HeapMemory: 268435456
2021-06-28 19:51:18,879 [INFO] DbMcusXml:74 - Set database path to: C:\ST\STM32CubeIDE_1.6.1\STM32CubeIDE\plugins\com.st.stm32cube.common.mx_6.2.1.202103241236\\db\/mcu/
2021-06-28 19:51:18,880 [INFO] DbBoardsPdsc:56 - Set plugin database path to: C:\ST\STM32CubeIDE_1.6.1\STM32CubeIDE\plugins\com.st.stm32cube.common.mx_6.2.1.202103241236\\db\/plugins/boardmanager/
2021-06-28 19:51:18,880 [INFO] DbMcus:258 - Set plugin images path to: C:\ST\STM32CubeIDE_1.6.1\STM32CubeIDE\plugins\com.st.stm32cube.common.mx_6.2.1.202103241236\\db\/plugins/mcufinder/images/
2021-06-28 19:51:18,880 [INFO] DbBoards:264 - Set plugin images path to: C:\ST\STM32CubeIDE_1.6.1\STM32CubeIDE\plugins\com.st.stm32cube.common.mx_6.2.1.202103241236\\db\/plugins/mcufinder/images/
2021-06-28 19:51:18,880 [INFO] DbExamples:333 - Set plugin images path to: C:\ST\STM32CubeIDE_1.6.1\STM32CubeIDE\plugins\com.st.stm32cube.common.mx_6.2.1.202103241236\\db\/plugins/mcufinder/images/
2021-06-28 19:51:18,881 [WARN] DbFile:35 - Overriding database path with different value: C:\Users\evers\.stmcufinder\plugins\mcufinder/ => C:\Users\evers\.stmcufinder\plugins\mcufinder
2021-06-28 19:51:18,881 [INFO] DbMcusAds:85 - Set database path to: C:\Users\evers\.stmcufinder\plugins\mcufinder//mcu/
2021-06-28 19:51:18,881 [WARN] DbFile:35 - Overriding database path with different value: C:\Users\evers\.stmcufinder\plugins\mcufinder/ => C:\Users\evers\.stmcufinder\plugins\mcufinder
2021-06-28 19:51:18,881 [INFO] DbMcusDocs:110 - Set database path to: C:\Users\evers\.stmcufinder\plugins\mcufinder//mcu/
2021-06-28 19:51:18,881 [WARN] DbFile:35 - Overriding database path with different value: C:\Users\evers\.stmcufinder\plugins\mcufinder/ => C:\Users\evers\.stmcufinder\plugins\mcufinder
2021-06-28 19:51:18,881 [INFO] DbMcusJson:65 - Set database path to: C:\Users\evers\.stmcufinder\plugins\mcufinder//mcu/
2021-06-28 19:51:18,882 [WARN] DbFile:35 - Overriding database path with different value: C:\Users\evers\.stmcufinder\plugins\mcufinder/ => C:\Users\evers\.stmcufinder\plugins\mcufinder
2021-06-28 19:51:18,882 [INFO] DbBoardsDocs:110 - Set database path to: C:\Users\evers\.stmcufinder\plugins\mcufinder//mcu/
2021-06-28 19:51:18,882 [WARN] DbFile:35 - Overriding database path with different value: C:\Users\evers\.stmcufinder\plugins\mcufinder/ => C:\Users\evers\.stmcufinder\plugins\mcufinder
2021-06-28 19:51:18,882 [INFO] DbBoardsJson:58 - Set database path to: C:\Users\evers\.stmcufinder\plugins\mcufinder//mcu/
2021-06-28 19:51:18,882 [WARN] DbFile:35 - Overriding database path with different value: C:\Users\evers\.stmcufinder\plugins\mcufinder/ => C:\Users\evers\.stmcufinder\plugins\mcufinder
2021-06-28 19:51:18,882 [WARN] DbFile:35 - Overriding database path with different value: C:\Users\evers\.stmcufinder\plugins\mcufinder/ => C:\Users\evers\.stmcufinder\plugins\mcufinder
2021-06-28 19:51:18,883 [INFO] CrossReferenceDbSqlite:196 - Set database path to: C:\Users\evers\.stmcufinder\plugins\mcufinder//mcu/cs/
2021-06-28 19:51:18,883 [WARN] DbFile:35 - Overriding database path with different value: C:\Users\evers\.stmcufinder\plugins\mcufinder/ => C:\Users\evers\.stmcufinder\plugins\mcufinder
2021-06-28 19:51:18,883 [INFO] DbExamplesSqlite:690 - Set database path to: C:\Users\evers\.stmcufinder\plugins\mcufinder//mcu/
2021-06-28 19:51:18,908 [INFO] ApplicationProperties:181 - Using Application install path: C:\ST\STM32CubeIDE_1.6.1\STM32CubeIDE\plugins\com.st.stm32cube.common.mx_6.2.1.202103241236
2021-06-28 19:51:18,910 [INFO] PluginManage:178 - Search for loadable plugins [exclusion list=, ]
2021-06-28 19:51:18,912 [INFO] PluginManage:292 - Check plugin analytics
2021-06-28 19:51:19,131 [INFO] AnalyticsPlugin:233 - Accepted Software Licenses: STM32CubeMX.6.0.1,STM32CubeMX.6.1.1,STM32CubeMX.6.1.2,STM32CubeMX.6.2.0
2021-06-28 19:51:19,131 [INFO] AnalyticsPlugin:235 - Accepted CMSIS Pack Licenses: 
2021-06-28 19:51:19,131 [INFO] AnalyticsPlugin:237 - Accepted Firmware Licenses: 
2021-06-28 19:51:19,132 [INFO] PluginManage:342 - Loaded plugin analytics (category:tool,tabindex:-1)
2021-06-28 19:51:19,132 [INFO] PluginManage:292 - Check plugin clock
2021-06-28 19:51:19,147 [INFO] PluginManage:342 - Loaded plugin clock (category:base,tabindex:2)
2021-06-28 19:51:19,147 [INFO] PluginManage:292 - Check plugin ddr
2021-06-28 19:51:19,149 [INFO] PluginManage:342 - Loaded plugin ddr (category:tool,tabindex:6)
2021-06-28 19:51:19,150 [INFO] PluginManage:292 - Check plugin filemanager
2021-06-28 19:51:19,287 [INFO] PluginManage:342 - Loaded plugin filemanager (category:base,tabindex:10)
2021-06-28 19:51:19,287 [INFO] PluginManage:292 - Check plugin ipmanager
2021-06-28 19:51:19,296 [INFO] PluginManage:342 - Loaded plugin ipmanager (category:base,tabindex:5)
2021-06-28 19:51:19,296 [INFO] PluginManage:292 - Check plugin pinoutandconfiguration
2021-06-28 19:51:19,306 [INFO] PluginManage:342 - Loaded plugin pinoutandconfiguration (category:base,tabindex:1)
2021-06-28 19:51:19,306 [INFO] PluginManage:292 - Check plugin pinoutconfig
2021-06-28 19:51:19,334 [INFO] PluginManage:342 - Loaded plugin pinoutconfig (category:base,tabindex:0)
2021-06-28 19:51:19,335 [INFO] PluginManage:292 - Check plugin power
2021-06-28 19:51:19,348 [INFO] PluginManage:342 - Loaded plugin power (category:power,tabindex:4)
2021-06-28 19:51:19,349 [INFO] PluginManage:292 - Check plugin projectmanager
2021-06-28 19:51:19,367 [INFO] PluginManage:342 - Loaded plugin projectmanager (category:projectmanager,tabindex:3)
2021-06-28 19:51:19,368 [INFO] PluginManage:292 - Check plugin thirdparty
2021-06-28 19:51:19,498 [INFO] PluginManage:342 - Loaded plugin thirdparty (category:base,tabindex:-1)
2021-06-28 19:51:19,498 [INFO] PluginManage:292 - Check plugin tools
2021-06-28 19:51:19,498 [WARN] IntegrityCheckThread:59 - waiting for thirdparty lock release [integrity check]
2021-06-28 19:51:19,499 [INFO] IntegrityCheckThread:61 - entering critical section [integrity check]
2021-06-28 19:51:19,499 [INFO] ThirdPartyUpdaterWithRetryManager:56 - Updater plugin not ready yet. [1/15]
2021-06-28 19:51:19,501 [INFO] PluginManage:342 - Loaded plugin tools (category:base,tabindex:7)
2021-06-28 19:51:19,501 [INFO] PluginManage:292 - Check plugin tutovideos
2021-06-28 19:51:19,742 [INFO] PluginManage:342 - Loaded plugin tutovideos (category:base,tabindex:-1)
2021-06-28 19:51:19,742 [INFO] PluginManage:292 - Check plugin updater
2021-06-28 19:51:19,754 [INFO] PluginManage:342 - Loaded plugin updater (category:base,tabindex:12)
2021-06-28 19:51:19,755 [INFO] PluginManage:265 - PluginManage : Loaded plugins [13]
2021-06-28 19:51:19,942 [INFO] PinOutPanel:1435 - setPackage(No Configuration,No Configuration)
2021-06-28 19:51:20,035 [INFO] IPUIPlugin:64 - create IPUIPlugin
2021-06-28 19:51:20,036 [INFO] PluginManager:203 - loadIPPluginJar : add adc
2021-06-28 19:51:20,038 [INFO] IPUIPlugin:64 - create IPUIPlugin
2021-06-28 19:51:20,038 [INFO] PluginManager:203 - loadIPPluginJar : add aes
2021-06-28 19:51:20,041 [INFO] IPUIPlugin:64 - create IPUIPlugin
2021-06-28 19:51:20,041 [INFO] PluginManager:203 - loadIPPluginJar : add can
2021-06-28 19:51:20,043 [INFO] IPUIPlugin:64 - create IPUIPlugin
2021-06-28 19:51:20,043 [INFO] PluginManager:203 - loadIPPluginJar : add comp
2021-06-28 19:51:20,046 [INFO] IPUIPlugin:64 - create IPUIPlugin
2021-06-28 19:51:20,046 [INFO] PluginManager:203 - loadIPPluginJar : add cryp
2021-06-28 19:51:20,048 [INFO] IPUIPlugin:64 - create IPUIPlugin
2021-06-28 19:51:20,049 [INFO] PluginManager:203 - loadIPPluginJar : add dfsdm
2021-06-28 19:51:20,054 [INFO] IPUIPlugin:64 - create IPUIPlugin
2021-06-28 19:51:20,055 [INFO] PluginManager:203 - loadIPPluginJar : add dma
2021-06-28 19:51:20,057 [INFO] IPUIPlugin:64 - create IPUIPlugin
2021-06-28 19:51:20,057 [INFO] PluginManager:203 - loadIPPluginJar : add fatfs
2021-06-28 19:51:20,061 [INFO] IPUIPlugin:64 - create IPUIPlugin
2021-06-28 19:51:20,062 [INFO] PluginManager:203 - loadIPPluginJar : add fmc
2021-06-28 19:51:20,067 [INFO] IPUIPlugin:64 - create IPUIPlugin
2021-06-28 19:51:20,067 [INFO] PluginManager:203 - loadIPPluginJar : add freertos
2021-06-28 19:51:20,069 [INFO] IPUIPlugin:64 - create IPUIPlugin
2021-06-28 19:51:20,070 [INFO] PluginManager:203 - loadIPPluginJar : add genericplugin
2021-06-28 19:51:20,072 [INFO] IPUIPlugin:64 - create IPUIPlugin
2021-06-28 19:51:20,072 [INFO] PluginManager:203 - loadIPPluginJar : add gfxmmu
2021-06-28 19:51:20,079 [INFO] IPUIPlugin:64 - create IPUIPlugin
2021-06-28 19:51:20,079 [INFO] PluginManager:203 - loadIPPluginJar : add gic
2021-06-28 19:51:20,083 [INFO] IPUIPlugin:64 - create IPUIPlugin
2021-06-28 19:51:20,083 [INFO] PluginManager:203 - loadIPPluginJar : add gpio
2021-06-28 19:51:20,086 [INFO] IPUIPlugin:64 - create IPUIPlugin
2021-06-28 19:51:20,086 [INFO] PluginManager:203 - loadIPPluginJar : add gtzc
2021-06-28 19:51:20,089 [INFO] IPUIPlugin:64 - create IPUIPlugin
2021-06-28 19:51:20,089 [INFO] PluginManager:203 - loadIPPluginJar : add hash
2021-06-28 19:51:20,092 [INFO] IPUIPlugin:64 - create IPUIPlugin
2021-06-28 19:51:20,092 [INFO] PluginManager:203 - loadIPPluginJar : add i2c
2021-06-28 19:51:20,095 [INFO] IPUIPlugin:64 - create IPUIPlugin
2021-06-28 19:51:20,095 [INFO] PluginManager:203 - loadIPPluginJar : add i2s
2021-06-28 19:51:20,099 [INFO] IPUIPlugin:64 - create IPUIPlugin
2021-06-28 19:51:20,099 [INFO] PluginManager:203 - loadIPPluginJar : add ipddr
2021-06-28 19:51:20,102 [INFO] IPUIPlugin:64 - create IPUIPlugin
2021-06-28 19:51:20,102 [INFO] PluginManager:203 - loadIPPluginJar : add lorawan
2021-06-28 19:51:20,103 [INFO] IPUIPlugin:64 - create IPUIPlugin
2021-06-28 19:51:20,103 [INFO] PluginManager:203 - loadIPPluginJar : add ltdc
2021-06-28 19:51:20,121 [INFO] IPUIPlugin:64 - create IPUIPlugin
2021-06-28 19:51:20,121 [INFO] PluginManager:203 - loadIPPluginJar : add mdma
2021-06-28 19:51:20,125 [INFO] IPUIPlugin:64 - create IPUIPlugin
2021-06-28 19:51:20,125 [INFO] PluginManager:203 - loadIPPluginJar : add nvic
2021-06-28 19:51:20,129 [INFO] IPUIPlugin:64 - create IPUIPlugin
2021-06-28 19:51:20,129 [INFO] PluginManager:203 - loadIPPluginJar : add opamp
2021-06-28 19:51:20,132 [INFO] IPUIPlugin:64 - create IPUIPlugin
2021-06-28 19:51:20,132 [INFO] PluginManager:203 - loadIPPluginJar : add openamp
2021-06-28 19:51:20,135 [INFO] IPUIPlugin:64 - create IPUIPlugin
2021-06-28 19:51:20,135 [INFO] PluginManager:203 - loadIPPluginJar : add pdm2pcm
2021-06-28 19:51:20,142 [INFO] IPUIPlugin:64 - create IPUIPlugin
2021-06-28 19:51:20,145 [INFO] PluginManager:203 - loadIPPluginJar : add plateformsettings
2021-06-28 19:51:20,147 [INFO] IPUIPlugin:64 - create IPUIPlugin
2021-06-28 19:51:20,147 [INFO] PluginManager:203 - loadIPPluginJar : add quadspi
2021-06-28 19:51:20,151 [INFO] IPUIPlugin:64 - create IPUIPlugin
2021-06-28 19:51:20,151 [INFO] PluginManager:203 - loadIPPluginJar : add resmgrutility
2021-06-28 19:51:20,154 [INFO] IPUIPlugin:64 - create IPUIPlugin
2021-06-28 19:51:20,155 [INFO] PluginManager:203 - loadIPPluginJar : add sai
2021-06-28 19:51:20,157 [INFO] IPUIPlugin:64 - create IPUIPlugin
2021-06-28 19:51:20,157 [INFO] PluginManager:203 - loadIPPluginJar : add spi
2021-06-28 19:51:20,162 [INFO] IPUIPlugin:64 - create IPUIPlugin
2021-06-28 19:51:20,162 [INFO] PluginManager:203 - loadIPPluginJar : add stm32_wpan
2021-06-28 19:51:20,164 [INFO] IPUIPlugin:64 - create IPUIPlugin
2021-06-28 19:51:20,164 [INFO] PluginManager:203 - loadIPPluginJar : add tim
2021-06-28 19:51:20,168 [INFO] IPUIPlugin:64 - create IPUIPlugin
2021-06-28 19:51:20,168 [INFO] PluginManager:203 - loadIPPluginJar : add touchsensing
2021-06-28 19:51:20,170 [INFO] IPUIPlugin:64 - create IPUIPlugin
2021-06-28 19:51:20,170 [INFO] PluginManager:203 - loadIPPluginJar : add tracer_emb
2021-06-28 19:51:20,172 [INFO] IPUIPlugin:64 - create IPUIPlugin
2021-06-28 19:51:20,172 [INFO] PluginManager:203 - loadIPPluginJar : add ts
2021-06-28 19:51:20,174 [INFO] IPUIPlugin:64 - create IPUIPlugin
2021-06-28 19:51:20,174 [INFO] PluginManager:203 - loadIPPluginJar : add tsc
2021-06-28 19:51:20,176 [INFO] IPUIPlugin:64 - create IPUIPlugin
2021-06-28 19:51:20,176 [INFO] PluginManager:203 - loadIPPluginJar : add ucpd
2021-06-28 19:51:20,179 [INFO] IPUIPlugin:64 - create IPUIPlugin
2021-06-28 19:51:20,179 [INFO] PluginManager:203 - loadIPPluginJar : add usart
2021-06-28 19:51:20,487 [FATAL] Updater:284 - Updater called before beeing initialized
2021-06-28 19:51:20,613 [FATAL] Updater:284 - Updater called before beeing initialized
2021-06-28 19:51:20,618 [INFO] DbMcusAds:132 - JSON generation date=Tue May 11 17:32:49 CEST 2021 (1620747169502)
2021-06-28 19:51:20,618 [FATAL] Updater:284 - Updater called before beeing initialized
2021-06-28 19:51:20,659 [WARN] DetailPanel:315 - Failed to get advertising image, set to default
2021-06-28 19:51:20,882 [FATAL] Updater:284 - Updater called before beeing initialized
2021-06-28 19:51:20,885 [FATAL] Updater:284 - Updater called before beeing initialized
2021-06-28 19:51:20,885 [FATAL] Updater:284 - Updater called before beeing initialized
2021-06-28 19:51:20,885 [WARN] DetailPanel:315 - Failed to get advertising image, set to default
2021-06-28 19:51:20,886 [FATAL] Updater:284 - Updater called before beeing initialized
2021-06-28 19:51:20,936 [FATAL] Updater:284 - Updater called before beeing initialized
2021-06-28 19:51:20,936 [WARN] ThirdParty:796 - waiting for thirdparty lock release [close project]
2021-06-28 19:51:22,500 [INFO] ThirdPartyUpdaterWithRetryManager:56 - Updater plugin not ready yet. [2/15]
2021-06-28 19:51:25,512 [FATAL] Updater:284 - Updater called before beeing initialized
2021-06-28 19:51:25,512 [ERROR] AbstractThirdPartyUpdaterManager:153 - class java.lang.Integer cannot be cast to class java.util.List (java.lang.Integer and java.util.List are in module java.base of loader 'bootstrap')
2021-06-28 19:51:25,512 [INFO] ThirdParty:900 - Integrity check success = false
2021-06-28 19:51:25,513 [INFO] IntegrityCheckThread:75 - exiting critical section [integrity check]
2021-06-28 19:51:25,513 [INFO] IntegrityCheckThread:78 - End integrity checks thread
2021-06-28 19:51:25,513 [INFO] ThirdParty:798 - entering critical section [close project]
2021-06-28 19:51:25,515 [INFO] ThirdParty:809 - exiting critical section [close project]
2021-06-28 19:51:25,518 [INFO] PinOutPanel:1435 - setPackage(No Configuration,No Configuration)
2021-06-28 19:51:25,519 [FATAL] Updater:284 - Updater called before beeing initialized
2021-06-28 19:51:25,526 [ERROR] Updater:1065 - MainUpdater not yet initialized. External WinMGr cannot be set.
2021-06-28 19:51:25,529 [INFO] Updater:1002 - Updater Version found : 6.2.1
2021-06-28 19:51:25,546 [INFO] ApplicationProperties:181 - Using Application install path: C:\ST\STM32CubeIDE_1.6.1\STM32CubeIDE\plugins\com.st.stm32cube.common.mx_6.2.1.202103241236
2021-06-28 19:51:25,674 [INFO] MainUpdater:2661 - connection check result : 10
2021-06-28 19:51:25,675 [INFO] MainUpdater:255 - Updater Check For Update Now.
2021-06-28 19:51:25,675 [INFO] MicroXplorer:472 - Change Database Version : DB.6.0.21
2021-06-28 19:51:25,712 [INFO] CheckServerUpdateThread:102 - End of CheckServer Thread
2021-06-28 19:51:25,797 [INFO] MainUpdater:2661 - connection check result : 10
2021-06-28 19:51:26,143 [INFO] CrossSelectorPresenter:1330 - Cross Selector saved comparison directory: C:\Users\evers\.stmcufinder\plugins\mcufinder\mcu\cs_comparisons_mx
2021-06-28 19:51:26,151 [INFO] MultiScanPanel:200 - Auto-refresh data requested => check proxy status ongoing
2021-06-28 19:51:26,155 [INFO] FinderPluginLoader:87 - Searching for filters in installed packs
2021-06-28 19:51:26,157 [INFO] DbMcusXml:100 - Load MCU database from C:\ST\STM32CubeIDE_1.6.1\STM32CubeIDE\plugins\com.st.stm32cube.common.mx_6.2.1.202103241236\\db\/mcu/families.xml
2021-06-28 19:51:27,100 [INFO] DbMcusJson:94 - JSON generation date=Mon Jun 07 10:53:21 CEST 2021 (1623056001)
2021-06-28 19:51:27,888 [INFO] DbMcus:175 - Found 1906 MCUs (1866 are supported by CubeMX, 1866 are visible in CubeMX)
2021-06-28 19:51:27,889 [INFO] ApiDb:251 - Load user favorites file C:\Users\evers/.stm32cubeide/favorites.mcus.txt: 0 item(s)
2021-06-28 19:51:27,889 [INFO] ApiDb:255 - User favorites MCUs=[]
2021-06-28 19:51:27,889 [INFO] DbMcus:187 - Set 0 / 0 favorites MCUs
2021-06-28 19:51:28,530 [WARN] DetailPanel:315 - Failed to get advertising image, set to default
2021-06-28 19:51:29,008 [INFO] DbBoardsPdsc:90 - Found 24 items
2021-06-28 19:51:29,011 [INFO] DbBoardsPdsc:90 - Found 9 items
2021-06-28 19:51:29,015 [INFO] DbBoardsPdsc:90 - Found 33 items
2021-06-28 19:51:29,018 [INFO] DbBoardsPdsc:90 - Found 1 items
2021-06-28 19:51:29,025 [INFO] DbBoardsPdsc:90 - Found 46 items
2021-06-28 19:51:29,034 [INFO] DbBoardsPdsc:90 - Found 41 items
2021-06-28 19:51:29,036 [INFO] DbBoardsPdsc:90 - Found 2 items
2021-06-28 19:51:29,038 [INFO] DbBoardsPdsc:90 - Found 5 items
2021-06-28 19:51:29,042 [WARN] DbBoardsPdsc:254 - Board NUCLEO-WB15CC: unknown feature type=, name=, username=Three user LEDs, n=1
2021-06-28 19:51:29,042 [WARN] DbBoardsPdsc:254 - Board NUCLEO-WB15CC: unknown feature type=, name=, username=One reset and three user push-buttons, n=1
2021-06-28 19:51:29,042 [WARN] DbBoardsPdsc:254 - Board NUCLEO-WB15CC: unknown feature type=, name=, username=Arduino Uno V3 expansion connector, n=1
2021-06-28 19:51:29,042 [WARN] DbBoardsPdsc:254 - Board NUCLEO-WB15CC: unknown feature type=, name=, username=ST morpho extension pin headers for full access to all STM32WB I/Os, n=1
2021-06-28 19:51:29,042 [WARN] DbBoardsPdsc:254 - Board NUCLEO-WB15CC: unknown feature type=, name=, username=Integrated PCB antenna and SMA connector footprint, n=1
2021-06-28 19:51:29,042 [WARN] DbBoardsPdsc:254 - Board NUCLEO-WB15CC: unknown feature type=, name=, username=Flexible power-supply options: ST-LINK, USB VBUS, or external sources, n=1
2021-06-28 19:51:29,042 [WARN] DbBoardsPdsc:254 - Board NUCLEO-WB15CC: unknown feature type=, name=, username=On-board footprint to mount a CR2032 battery socket, n=1
2021-06-28 19:51:29,042 [WARN] DbBoardsPdsc:254 - Board NUCLEO-WB15CC: unknown feature type=, name=, username=On-board ST-LINK/V2-1 debugger/programmer with USB re-enumeration capability: mass storage, Virtual COM port, and debug port, n=1
2021-06-28 19:51:29,042 [WARN] DbBoardsPdsc:254 - Board NUCLEO-WB15CC: unknown feature type=, name=, username=Comprehensive free software libraries and examples available with the STM32CubeWB MCU Package, n=1
2021-06-28 19:51:29,042 [WARN] DbBoardsPdsc:254 - Board NUCLEO-WB15CC: unknown feature type=, name=, username=Support of a wide choice of Integrated Development Environments (IDEs) including IAR Embedded Workbench, MDK-ARM, STM32CubeIDE, and Mbed Studio, n=1
2021-06-28 19:51:29,045 [WARN] DbBoardsPdsc:254 - Board STM32H7B3I-DK: unknown feature type=Audio, name=, username=Audio stereo codec with Headphone Amp (CS42L51-CNZ), n=1
2021-06-28 19:51:29,045 [WARN] DbBoardsPdsc:254 - Board STM32H735G-DK: unknown feature type=Audio, name=, username=Audio stereo codec with Headphone Amp (WM8994ECS/R), n=1
2021-06-28 19:51:29,046 [WARN] DbBoardsPdsc:254 - Board STM32WB5MM-DK: unknown feature type=, name=, username=Time-of-Flight and gesture-detection sensor, n=1
2021-06-28 19:51:29,046 [WARN] DbBoardsPdsc:254 - Board STM32WB5MM-DK: unknown feature type=, name=, username=3 push-buttons (2 users and 1 reset) and 1 touch key button, n=1
2021-06-28 19:51:29,046 [WARN] DbBoardsPdsc:254 - Board STM32WB5MM-DK: unknown feature type=, name=, username=Flexible power-supply options: ST-LINK/V2-1 USB connector, 5 V delivered by ARDUINO® or external connector, USB charger, or USB power, n=1
2021-06-28 19:51:29,046 [WARN] DbBoardsPdsc:254 - Board STM32WB5MM-DK: unknown feature type=, name=, username=On-board ST-LINK/V2-1 debugger/programmer with USB re-enumeration capability: Virtual COM port and debug port, n=1
2021-06-28 19:51:29,046 [WARN] DbBoardsPdsc:254 - Board STM32WB5MM-DK: unknown feature type=, name=, username=Comprehensive free software libraries and examples available with the STM32CubeWB MCU Package, n=1
2021-06-28 19:51:29,046 [WARN] DbBoardsPdsc:254 - Board STM32WB5MM-DK: unknown feature type=, name=, username=Support of a wide choice of Integrated Development Environments (IDEs) including IAR Embedded Workbench®, MDK-ARM, and STM32CubeIDE, n=1
2021-06-28 19:51:29,047 [WARN] DbBoardsPdsc:254 - Board STM32H7B3I-EVAL: unknown feature type=Audio, name=, username=Multi-Channel Audio Codec (CS42L51-CNZ), n=1
2021-06-28 19:51:29,048 [WARN] DbBoardsPdsc:254 - Board STM32H7B3I-EVAL: unknown feature type=Meter, name=, username=Power-metering and Temperature-monitoring with sigma-delta modulators, n=1
2021-06-28 19:51:29,048 [WARN] DbBoardsPdsc:254 - Board STM32H7B3I-EVAL: unknown feature type=Motor, name=, username=Motor Control, n=1
2021-06-28 19:51:29,082 [INFO] DbBoardsJson:87 - JSON generation date=Tue Jun 01 07:52:40 CEST 2021 (1622526760)
2021-06-28 19:51:29,091 [INFO] DbBoards:117 - Found 161 boards (158 are supported by CubeMX)
2021-06-28 19:51:29,107 [INFO] DbBoardsDocs:143 - JSON generation date=Tue Jun 01 07:52:40 CEST 2021 (1622526760)
2021-06-28 19:51:29,137 [INFO] DbBoardsDocs:79 - Found 193 boards documents
2021-06-28 19:51:29,138 [WARN] DbBoards:127 - board B-L462E-CELL1 has no document id list !
2021-06-28 19:51:29,138 [WARN] DbBoards:127 - board B-L475E-IOT01A2 has no document id list !
2021-06-28 19:51:29,139 [WARN] DbBoards:127 - board NUCLEO-G0B1RE has no document id list !
2021-06-28 19:51:29,139 [WARN] DbBoards:127 - board NUCLEO-H743ZI has no document id list !
2021-06-28 19:51:29,140 [WARN] DbBoards:127 - board NUCLEO-L4A6ZG has no document id list !
2021-06-28 19:51:29,140 [WARN] DbBoards:127 - board NUCLEO-WB15CC has no document id list !
2021-06-28 19:51:29,140 [WARN] DbBoards:127 - board NUCLEO-WB55RG has no document id list !
2021-06-28 19:51:29,141 [WARN] DbBoards:127 - board NUCLEO-WL55JC2 has no document id list !
2021-06-28 19:51:29,141 [WARN] DbBoards:127 - board P-NUCLEO-WB55-Nucleo has no document id list !
2021-06-28 19:51:29,141 [WARN] DbBoards:127 - board P-NUCLEO-WB55-USBDongle has no document id list !
2021-06-28 19:51:29,141 [WARN] DbBoards:127 - board STEVAL-BFA001V1B has no document id list !
2021-06-28 19:51:29,141 [WARN] DbBoards:127 - board STEVAL-BFA001V2B has no document id list !
2021-06-28 19:51:29,141 [WARN] DbBoards:127 - board STEVAL-IDP005V1 has no document id list !
2021-06-28 19:51:29,141 [WARN] DbBoards:127 - board STEVAL-IDP005V2 has no document id list !
2021-06-28 19:51:29,141 [WARN] DbBoards:127 - board STEVAL-MKSBOX1V1 has no document id list !
2021-06-28 19:51:29,142 [WARN] DbBoards:127 - board STEVAL-STWINKT1 has no document id list !
2021-06-28 19:51:29,142 [WARN] DbBoards:127 - board STEVAL-STWINKT1B has no document id list !
2021-06-28 19:51:29,142 [WARN] DbBoards:127 - board STM32F401C-DISCO has no document id list !
2021-06-28 19:51:29,143 [WARN] DbBoards:127 - board STM32F769I-DISC1 has no document id list !
2021-06-28 19:51:29,144 [WARN] DbBoards:127 - board STM32G0C1E-EV has no document id list !
2021-06-28 19:51:29,144 [WARN] DbBoards:127 - board STM32G474E-EVAL1 has no document id list !
2021-06-28 19:51:29,144 [WARN] DbBoards:127 - board STM32H743I-EVAL2 has no document id list !
2021-06-28 19:51:29,145 [WARN] DbBoards:127 - board STM32H747I-DISC1 has no document id list !
2021-06-28 19:51:29,145 [WARN] DbBoards:127 - board STM32H753I-EVAL2 has no document id list !
2021-06-28 19:51:29,145 [WARN] DbBoards:127 - board STM32L-DISCOVERY has no document id list !
2021-06-28 19:51:29,146 [WARN] DbBoards:127 - board STM32MP157A-DK1 has no document id list !
2021-06-28 19:51:29,146 [WARN] DbBoards:127 - board STM32MP157F-DK2 has no document id list !
2021-06-28 19:51:29,146 [WARN] DbBoards:127 - board STM32MP157F-EV1 has no document id list !
2021-06-28 19:51:29,146 [WARN] DbBoards:127 - board STM32WB5MM-DK has no document id list !
2021-06-28 19:51:30,970 [INFO] ApiDb:251 - Load user favorites file C:\Users\evers/.stm32cubeide/favorites.boards.txt: 1 item(s)
2021-06-28 19:51:30,971 [INFO] ApiDb:255 - User favorites Boards=[NUCLEO-L476RG]
2021-06-28 19:51:30,971 [INFO] DbBoards:206 - Set 1 / 1 favorites Boards
2021-06-28 19:51:36,418 [INFO] MultiScanPanel:200 - Auto-refresh data requested => check proxy status ongoing
2021-06-28 19:51:36,473 [WARN] DetailPanel:315 - Failed to get advertising image, set to default
2021-06-28 19:52:05,496 [INFO] MainUpdater:2661 - connection check result : 10
2021-06-28 19:52:05,497 [INFO] MainUpdater:2661 - connection check result : 10
2021-06-28 19:52:05,538 [INFO] MicroXplorer:442 - Change Database Path : 
2021-06-28 19:52:05,538 [INFO] MicroXplorer:472 - Change Database Version : DB.6.0.21
2021-06-28 19:52:05,538 [WARN] ThirdParty:796 - waiting for thirdparty lock release [close project]
2021-06-28 19:52:05,538 [INFO] ThirdParty:798 - entering critical section [close project]
2021-06-28 19:52:05,538 [INFO] ThirdParty:809 - exiting critical section [close project]
2021-06-28 19:52:05,546 [INFO] PinOutPanel:1435 - setPackage(No Configuration,No Configuration)
2021-06-28 19:52:05,549 [INFO] UtilMem:74 - Begin LoadConfig() Used Memory: 447936960 Bytes (487587840)
2021-06-28 19:52:05,550 [INFO] OpenFileManager:303 - Change cursor
2021-06-28 19:52:05,570 [WARN] IntegrityCheckThread:59 - waiting for thirdparty lock release [integrity check]
2021-06-28 19:52:05,570 [INFO] IntegrityCheckThread:61 - entering critical section [integrity check]
2021-06-28 19:52:05,704 [WARN] PackLoader:226 - Cannot read IP mode file for RoweBots.I-CUBE-UNISONRTOS.5.5.0-4
2021-06-28 19:52:05,737 [WARN] PackLoader:226 - Cannot read IP mode file for STMicroelectronics.X-CUBE-SFXS2LP1.3.0.0
2021-06-28 19:52:05,770 [WARN] PackLoader:226 - Cannot read IP mode file for STMicroelectronics.X-CUBE-SUBG2.4.1.0
2021-06-28 19:52:05,879 [WARN] PackLoader:226 - Cannot read IP mode file for STMicroelectronics.X-CUBE-MEMS1.8.2.0
2021-06-28 19:52:06,074 [WARN] PackLoader:226 - Cannot read IP mode file for STMicroelectronics.X-CUBE-EEPRMA1.3.0.0
2021-06-28 19:52:06,138 [WARN] PackLoader:226 - Cannot read IP mode file for SEGGER.I-CUBE-embOS.1.2.0
2021-06-28 19:52:06,190 [WARN] PackLoader:226 - Cannot read IP mode file for STMicroelectronics.X-CUBE-BLE1.6.2.0
2021-06-28 19:52:06,196 [WARN] PackLoader:226 - Cannot read IP mode file for STMicroelectronics.X-CUBE-NFC4.2.0.2
2021-06-28 19:52:06,210 [WARN] PackLoader:226 - Cannot read IP mode file for STMicroelectronics.X-CUBE-BLE2.3.2.0
2021-06-28 19:52:06,222 [WARN] PackLoader:226 - Cannot read IP mode file for STMicroelectronics.X-CUBE-SUBG2.4.0.0
2021-06-28 19:52:06,231 [WARN] PackLoader:226 - Cannot read IP mode file for STMicroelectronics.X-CUBE-TOF1.1.0.0
2021-06-28 19:52:06,262 [WARN] PackLoader:226 - Cannot read IP mode file for STMicroelectronics.X-CUBE-AZRTOS-H7.1.0.0
2021-06-28 19:52:06,314 [WARN] PackLoader:226 - Cannot read IP mode file for STMicroelectronics.X-CUBE-MEMS1.8.3.0
2021-06-28 19:52:06,481 [WARN] PackLoader:226 - Cannot read IP mode file for STMicroelectronics.X-CUBE-DISPLAY.1.0.0
2021-06-28 19:52:06,485 [WARN] PackLoader:226 - Cannot read IP mode file for STMicroelectronics.X-CUBE-AI.6.0.0
2021-06-28 19:52:06,493 [WARN] PackLoader:226 - Cannot read IP mode file for STMicroelectronics.X-CUBE-ALGOBUILD.1.2.0
2021-06-28 19:52:06,515 [WARN] PackLoader:226 - Cannot read IP mode file for STMicroelectronics.X-CUBE-GNSS1.5.2.0
2021-06-28 19:52:06,520 [WARN] PackLoader:226 - Cannot read IP mode file for STMicroelectronics.X-CUBE-BLE1.6.1.0
2021-06-28 19:52:06,524 [WARN] PackLoader:226 - Cannot read IP mode file for wolfSSL.I-CUBE-wolfSSL.4.7.0
2021-06-28 19:52:06,527 [WARN] PackLoader:226 - Cannot read IP mode file for STMicroelectronics.X-CUBE-TOUCHGFX.4.16.1
2021-06-28 19:52:06,527 [INFO] ThirdParty:900 - Integrity check success = true
2021-06-28 19:52:06,527 [INFO] IntegrityCheckThread:75 - exiting critical section [integrity check]
2021-06-28 19:52:06,527 [INFO] IntegrityCheckThread:78 - End integrity checks thread
2021-06-28 19:52:09,625 [INFO] Context:587 - Trying to add GPIOservice into a context  which must be forbidden
2021-06-28 19:52:10,425 [INFO] Rule:214 - rule Rename Enabled to IBEACON is applicable
2021-06-28 19:52:10,426 [INFO] Rule:214 - rule GTZC_S instance for project manager is applicable
2021-06-28 19:52:10,426 [INFO] Rule:214 - rule GTZC_S instance for context M0+ is applicable
2021-06-28 19:52:10,426 [INFO] Rule:214 - rule GTZC_NS instance for context M4 is applicable
2021-06-28 19:52:10,426 [INFO] Rule:214 - rule GTZC_S instance value for IP GTZC is applicable
2021-06-28 19:52:10,426 [INFO] Rule:214 - rule GTZC_S instance for mcu.IP is applicable
2021-06-28 19:52:10,426 [INFO] Rule:214 - rule GTZC_S instance for mcu.Pin is applicable
2021-06-28 19:52:10,426 [INFO] Rule:214 - rule GTZC_S instance for VP is applicable
2021-06-28 19:52:10,426 [INFO] Rule:214 - rule GTZC_S instance for signal is applicable
2021-06-28 19:52:10,426 [INFO] Rule:214 - rule GTZC_S instance for mcu is applicable
2021-06-28 19:52:10,427 [INFO] Rule:214 - rule GTZC_S instance for mcu.Pin is applicable
2021-06-28 19:52:10,427 [INFO] Rule:214 - rule GTZC_S instance value for IP GTZC is applicable
2021-06-28 19:52:10,427 [INFO] Rule:214 - rule GTZC_S instance for project manager is applicable
2021-06-28 19:52:10,427 [INFO] Rule:214 - rule GTZC_S instance for context M33S is applicable
2021-06-28 19:52:10,427 [INFO] Rule:214 - rule GTZC_S instance for VP is applicable
2021-06-28 19:52:10,427 [INFO] Rule:214 - rule GTZC_S instance for signal is applicable
2021-06-28 19:52:10,427 [INFO] Rule:214 - rule SPDIFRX instance for mcu is applicable
2021-06-28 19:52:10,427 [INFO] Rule:214 - rule Rename Tracer Mode is applicable
2021-06-28 19:52:10,428 [INFO] Rule:214 - rule SPDIFRX instance value for IP SPDIFRX is applicable
2021-06-28 19:52:10,428 [INFO] Rule:214 - rule SPDIFRX instance for signal is applicable
2021-06-28 19:52:10,428 [INFO] Rule:214 - rule SPDIFRX instance for project manager is applicable
2021-06-28 19:52:10,428 [INFO] Rule:214 - rule SPDIFRX instance for project manager is applicable
2021-06-28 19:52:10,428 [INFO] Rule:214 - rule ADC Scan  fix with FW F7 is applicable
2021-06-28 19:52:10,428 [INFO] Rule:214 - rule ADC Scan  fix with FW F7 is applicable
2021-06-28 19:52:10,428 [INFO] Rule:214 - rule Add RTC Activate Clock Source is applicable
2021-06-28 19:52:10,429 [INFO] Rule:214 - rule Add RTC Activate Calendar 1 is applicable
2021-06-28 19:52:10,430 [INFO] Rule:214 - rule Add RTC Activate Calendar 2 is applicable
2021-06-28 19:52:10,430 [INFO] Rule:214 - rule Add RTC Activate Calendar 3 is applicable
2021-06-28 19:52:10,430 [INFO] Rule:214 - rule UART/USART TX Mode is applicable
2021-06-28 19:52:10,430 [INFO] Rule:214 - rule UART/USART RX Mode is applicable
2021-06-28 19:52:10,430 [INFO] Rule:214 - rule UART/USART RX TX Mode is applicable
2021-06-28 19:52:10,430 [INFO] Rule:214 - rule UART/USART PARITY NONE is applicable
2021-06-28 19:52:10,430 [INFO] Rule:214 - rule UART/USART PARITY EVEN is applicable
2021-06-28 19:52:10,430 [INFO] Rule:214 - rule UART/USART PARITY ODD is applicable
2021-06-28 19:52:10,430 [INFO] Rule:214 - rule USART StopBits 1 is applicable
2021-06-28 19:52:10,430 [INFO] Rule:214 - rule USART StopBits 2 is applicable
2021-06-28 19:52:10,430 [INFO] Rule:214 - rule USART StopBits 1.5 is applicable
2021-06-28 19:52:10,430 [INFO] Rule:214 - rule USART StopBits 0.5 is applicable
2021-06-28 19:52:10,430 [INFO] Rule:214 - rule UART/USART WORD LENGTH 7 is applicable
2021-06-28 19:52:10,430 [INFO] Rule:214 - rule UART/USART WORD LENGTH 8 is applicable
2021-06-28 19:52:10,431 [INFO] Rule:214 - rule UART/USART WORD LENGTH 9 is applicable
2021-06-28 19:52:10,431 [INFO] Rule:214 - rule Rename FMC NAND NCE signal is applicable
2021-06-28 19:52:10,431 [INFO] Rule:214 - rule Rename FMC NAND INT signal is applicable
2021-06-28 19:52:10,431 [INFO] Rule:214 - rule Change Default Value for ADC ExternalTrigConv L4 family is applicable
2021-06-28 19:52:10,431 [INFO] Rule:214 - rule Change Default Value for ADC ExternalTrigInjecConv L4 family is applicable
2021-06-28 19:52:10,431 [INFO] Rule:214 - rule Change Default Value for ADC ExternalTrigConv F3 family is applicable
2021-06-28 19:52:10,431 [INFO] Rule:214 - rule Change Default Value for ADC ExternalTrigInjecConv F3 family is applicable
2021-06-28 19:52:10,431 [INFO] Rule:214 - rule Change Default Value for ADC ExternalTrigConv Goldfish serie is applicable
2021-06-28 19:52:10,431 [INFO] Rule:214 - rule Change Default Value for ADC ExternalTrigInjecConv Goldfish serie is applicable
2021-06-28 19:52:10,432 [INFO] Rule:214 - rule Change Default Value for ADC ExternalTrigConv L0 family is applicable
2021-06-28 19:52:10,432 [INFO] Rule:214 - rule Change Default Value for ADC ExternalTrigConv F0 family is applicable
2021-06-28 19:52:10,432 [INFO] Rule:214 - rule Change Default Value for ADC ExternalTrigConvn L1 family is applicable
2021-06-28 19:52:10,432 [INFO] Rule:214 - rule Change Default Value for ADC ExternalTrigInjecConv L1 family is applicable
2021-06-28 19:52:10,432 [INFO] Rule:214 - rule Change Default Value for ADC ExternalTrigConv F1 family is applicable
2021-06-28 19:52:10,432 [INFO] Rule:214 - rule Change Default Value for ADC ExternalTrigInjecConv F1 family is applicable
2021-06-28 19:52:10,432 [INFO] Rule:214 - rule Change Default Value for ADC ExternalTrigConv F7 family is applicable
2021-06-28 19:52:10,432 [INFO] Rule:214 - rule Change Default Value for ADC ExternalTrigInjecConv F7 family is applicable
2021-06-28 19:52:10,432 [INFO] Rule:214 - rule Change Default Value for ADC ExternalTrigConv F4 and F2 family is applicable
2021-06-28 19:52:10,433 [INFO] Rule:214 - rule Change Default Value for ADC ExternalTrigInjecConv F4 and F2 family is applicable
2021-06-28 19:52:10,433 [INFO] Rule:214 - rule ADC SamplingTime fix with FW L0  is applicable
2021-06-28 19:52:10,433 [INFO] Rule:214 - rule ADC SamplingTime fix with FW L0  is applicable
2021-06-28 19:52:10,433 [INFO] Rule:214 - rule ADC SamplingTime fix with FW L0 is applicable
2021-06-28 19:52:10,433 [INFO] Rule:214 - rule ADC SamplingTime fix with FW L0 is applicable
2021-06-28 19:52:10,433 [INFO] Rule:214 - rule ADC SamplingTime fix with FW L0  is applicable
2021-06-28 19:52:10,433 [INFO] Rule:214 - rule ADC SamplingTime fix with FW L0 is applicable
2021-06-28 19:52:10,433 [INFO] Rule:214 - rule Rename USB_OE Signal is applicable
2021-06-28 19:52:10,433 [INFO] Rule:214 - rule Rename Activate_OE Mode is applicable
2021-06-28 19:52:10,434 [INFO] Rule:214 - rule Rename DIE462/DIE415 pin PC14/OSC32_IN -> PC14-OSC32_IN (PC14) is applicable
2021-06-28 19:52:10,434 [INFO] Rule:214 - rule Rename DIE462/DIE415 pin PC15/OSC32_OUT -> PC15-OSC32_OUT (PC15) is applicable
2021-06-28 19:52:10,434 [INFO] Rule:214 - rule Rename DIE462/DIE415 pin PH0/OSC_IN -> PH0-OSC_IN (PH0) is applicable
2021-06-28 19:52:10,434 [INFO] Rule:214 - rule Rename DIE462/DIE415 pin PH1/OSC_OUT -> PH1-OSC_OUT (PH1) is applicable
2021-06-28 19:52:10,434 [INFO] Rule:214 - rule Rename DIE462 pin PA13 -> PA13 (JTMS/SWDIO) is applicable
2021-06-28 19:52:10,434 [INFO] Rule:214 - rule Rename DIE415 pin PA13 -> PA13 (JTMS/SWDIO) is applicable
2021-06-28 19:52:10,434 [INFO] Rule:214 - rule Rename DIE462 pin PA14 -> PA14 (JTCK/SWCLK) is applicable
2021-06-28 19:52:10,434 [INFO] Rule:214 - rule Rename DIE415 pin PA14 -> PA14 (JTCK/SWCLK) is applicable
2021-06-28 19:52:10,434 [INFO] Rule:214 - rule Rename DIE462/DIE415 pin PA15 -> PA15 (JTDI) is applicable
2021-06-28 19:52:10,435 [INFO] Rule:214 - rule Rename DIE462 pin PB3 -> PB3 (JTD0/TRACESWO) is applicable
2021-06-28 19:52:10,435 [INFO] Rule:214 - rule Rename DIE415 pin PB3 -> PB3 (JTD0-TRACESWO) is applicable
2021-06-28 19:52:10,435 [INFO] Rule:214 - rule Rename DIE462/DIE415 pin PB4 -> PB4 (NJTRST) is applicable
2021-06-28 19:52:10,435 [INFO] Rule:214 - rule Rename DIE462 pin PH3/BOOT0 -> PH3-BOOT0 (BOOT0) is applicable
2021-06-28 19:52:10,435 [INFO] Rule:214 - rule Rename CRYP DataEncryptionTypesList to Algorithm is applicable
2021-06-28 19:52:10,435 [INFO] Rule:214 - rule Rename AES DataEncryptionTypesList to Algorithm is applicable
2021-06-28 19:52:10,435 [INFO] Rule:214 - rule Rename TDESECB to CRYP_TDES_ECB is applicable
2021-06-28 19:52:10,436 [INFO] Rule:214 - rule Rename TDESCBC to CRYP_TDES_CBC is applicable
2021-06-28 19:52:10,436 [INFO] Rule:214 - rule Rename DESECB to CRYP_DES_ECB is applicable
2021-06-28 19:52:10,436 [INFO] Rule:214 - rule Rename DESCBC to CRYP_DES_CBC is applicable
2021-06-28 19:52:10,436 [INFO] Rule:214 - rule Rename AESECB to CRYP_AES_ECB is applicable
2021-06-28 19:52:10,436 [INFO] Rule:214 - rule Rename AESCBC to CRYP_AES_CBC is applicable
2021-06-28 19:52:10,436 [INFO] Rule:214 - rule Rename AESCTR to CRYP_AES_CTR is applicable
2021-06-28 19:52:10,436 [INFO] Rule:214 - rule Rename AESGCM to CRYP_AES_GCM is applicable
2021-06-28 19:52:10,436 [INFO] Rule:214 - rule Rename AESCCM to CRYP_AES_CCM is applicable
2021-06-28 19:52:10,436 [INFO] Rule:214 - rule Rename CAN TimeSeg1 to BS1 is applicable
2021-06-28 19:52:10,437 [INFO] Rule:214 - rule Rename CAN TimeSeg2 to BS2 is applicable
2021-06-28 19:52:10,437 [INFO] Rule:214 - rule Rename CAN SyncJumpWidth to SJW is applicable
2021-06-28 19:52:10,437 [INFO] Rule:214 - rule TimeTriggeredMode to TTCM is applicable
2021-06-28 19:52:10,437 [INFO] Rule:214 - rule Rename CAN AutoBusOff to ABOM is applicable
2021-06-28 19:52:10,437 [INFO] Rule:214 - rule Rename CAN AutoWakeUp to AWUM is applicable
2021-06-28 19:52:10,437 [INFO] Rule:214 - rule Rename CAN AutoRetransmission to NART is applicable
2021-06-28 19:52:10,437 [INFO] Rule:214 - rule Rename CAN ReceiveFifoLocked to RFLM is applicable
2021-06-28 19:52:10,437 [INFO] Rule:214 - rule Rename CAN TransmitFifoPriority to TXFP is applicable
2021-06-28 19:52:10,437 [INFO] Rule:214 - rule Rename HRTIMER HRTIM_OUTPUTFAULTLEVEL_HIGH in HRTIMER HRTIM_OUTPUTFAULTLEVEL_HIGHZ is applicable
2021-06-28 19:52:10,438 [INFO] Rule:214 - rule Rename TIMER TIM_CLEARINPUTSOURCE_OCREFCLR in  TIMER TIM_CLEARINPUTSOURCE_NONE for F7 family is applicable
2021-06-28 19:52:10,438 [INFO] Rule:214 - rule FDCAN_R1 - Rename FDCAN mode Master into Classic is applicable
2021-06-28 19:52:10,438 [INFO] Rule:214 - rule FDCAN_R2 - Rename FDCAN mode Slave into Classic is applicable
2021-06-28 19:52:10,438 [INFO] Rule:214 - rule FDCAN1_R3 - if PA10.Mode=FullDuplex, add Pin PA12 is applicable
2021-06-28 19:52:10,438 [INFO] Rule:214 - rule FDCAN1_R3 - if PA9.Mode=FullDuplex, add Pin PA11 is applicable
2021-06-28 19:52:10,438 [INFO] Rule:214 - rule FDCAN1_R3 - Alternatepin_1 - if PE1.Mode=FullDuplex, add Pin PB9 is applicable
2021-06-28 19:52:10,438 [INFO] Rule:214 - rule FDCAN1_R3 - Alternatepin_1 - if PE0.Mode=FullDuplex, add Pin PB8 is applicable
2021-06-28 19:52:10,438 [INFO] Rule:214 - rule FDCAN1_R3 - Alternatepin_2 - if PD5.Mode=FullDuplex, add Pin PD1 is applicable
2021-06-28 19:52:10,438 [INFO] Rule:214 - rule FDCAN1_R3 - Alternatepin_2 - if PD4.Mode=FullDuplex, add Pin PD0 is applicable
2021-06-28 19:52:10,439 [INFO] Rule:214 - rule FDCAN1_R4 - Rename Mode FullDuplex into Enable FDCAN_TXFD for pin PA10 is applicable
2021-06-28 19:52:10,439 [INFO] Rule:214 - rule FDCAN1_R4 - Rename Mode FullDuplex into Enable FDCAN_TXFD for pin PA9 is applicable
2021-06-28 19:52:10,439 [INFO] Rule:214 - rule FDCAN1_R4 - Alternatepin_1 - Rename Mode FullDuplex into Enable FDCAN_TXFD for pin PE1 is applicable
2021-06-28 19:52:10,439 [INFO] Rule:214 - rule FDCAN1_R4 - Alternatepin_1 - Rename Mode FullDuplex into Enable FDCAN_TXFD for pin PE0 is applicable
2021-06-28 19:52:10,439 [INFO] Rule:214 - rule FDCAN1_R4 - Alternatepin_2 - Rename Mode FullDuplex into Enable FDCAN_TXFD for pin PD5 is applicable
2021-06-28 19:52:10,439 [INFO] Rule:214 - rule FDCAN1_R4 - Alternatepin_2 - Rename Mode FullDuplex into Enable FDCAN_TXFD for pin PD4 is applicable
2021-06-28 19:52:10,439 [INFO] Rule:214 - rule FDCAN2_R3 - if PD10.Mode=FullDuplex, add Pin PB13 is applicable
2021-06-28 19:52:10,439 [INFO] Rule:214 - rule FDCAN2_R3 - if PD9.Mode=FullDuplex, add Pin PB12 is applicable
2021-06-28 19:52:10,439 [INFO] Rule:214 - rule FDCAN2_R3 - Alternatepin_1 - if PB7.Mode=FullDuplex, add Pin PB6 is applicable
2021-06-28 19:52:10,440 [INFO] Rule:214 - rule FDCAN2_R3 - Alternatepin_1 - if PD9.Mode=FullDuplex, add Pin PB12 is applicable
2021-06-28 19:52:10,440 [INFO] Rule:214 - rule FDCAN2_R4 - Rename Mode FullDuplex into Enable FDCAN_TXFD for pin PD10 is applicable
2021-06-28 19:52:10,440 [INFO] Rule:214 - rule FDCAN2_R4 - Rename Mode FullDuplex into Enable FDCAN_TXFD for pin PD9 is applicable
2021-06-28 19:52:10,440 [INFO] Rule:214 - rule FDCAN2_R4 - Alternatepin_1 - Rename Mode FullDuplex into Enable FDCAN_TXFD for pin PB7 is applicable
2021-06-28 19:52:10,440 [INFO] Rule:214 - rule FDCAN2_R4 - Alternatepin_1 - Rename Mode FullDuplex into Enable FDCAN_TXFD for pin PD6 is applicable
2021-06-28 19:52:10,440 [INFO] Rule:214 - rule USART TxPinLevelInvertParam Mode is applicable
2021-06-28 19:52:10,440 [INFO] Rule:214 - rule USART RxPinLevelInvertParam Mode is applicable
2021-06-28 19:52:10,440 [INFO] Rule:214 - rule USART DataInvertParam Mode is applicable
2021-06-28 19:52:10,440 [INFO] Rule:214 - rule USART SwapParam Mode is applicable
2021-06-28 19:52:10,440 [INFO] Rule:214 - rule USART OverrunDisableParam Mode is applicable
2021-06-28 19:52:10,441 [INFO] Rule:214 - rule USART DMADisableonRxErrorParam Mode is applicable
2021-06-28 19:52:10,441 [INFO] Rule:214 - rule USART MSBFirstParam Mode is applicable
2021-06-28 19:52:10,441 [INFO] Rule:214 - rule Update MwName for USB_DEVICE is applicable
2021-06-28 19:52:10,441 [INFO] Rule:214 - rule Change PWR_Regulator_Voltage_Scale Default Value for RCC  H7 family is applicable
2021-06-28 19:52:10,441 [INFO] Rule:214 - rule UART/USART IPParameter rename Prescaler parameter to ClockPrescaler is applicable
2021-06-28 19:52:10,441 [INFO] Rule:214 - rule UART/USART Prescaler rename Prescaler parameter to ClockPrescaler is applicable
2021-06-28 19:52:10,441 [INFO] Rule:214 - rule TIM1CLockSelection is applicable
2021-06-28 19:52:10,441 [INFO] Rule:214 - rule TIM15CLockSelection is applicable
2021-06-28 19:52:10,441 [INFO] Rule:214 - rule align RCC SDMMC3CLockSelection default value on MP1 is applicable
2021-06-28 19:52:10,442 [INFO] Rule:214 - rule align RCC SDMMC12CLockSelection default value on MP1 is applicable
2021-06-28 19:52:10,442 [INFO] Rule:214 - rule align RCC QSPICLockSelection default value on MP1 is applicable
2021-06-28 19:52:10,442 [INFO] Rule:214 - rule align RCC QSPICLockSelection default value on MP1 is applicable
2021-06-28 19:52:10,442 [INFO] Rule:214 - rule align RCC SPI6CLockSelection default value on MP1 is applicable
2021-06-28 19:52:10,442 [INFO] Rule:214 - rule align RCC LPTIM23CLockSelection default value on MP1 is applicable
2021-06-28 19:52:10,442 [INFO] Rule:214 - rule align RCC LPTIM1CLockSelection default value on MP1 is applicable
2021-06-28 19:52:10,442 [INFO] Rule:214 - rule align RCC USART1CLockSelection default value on MP1 is applicable
2021-06-28 19:52:10,442 [INFO] Rule:214 - rule align RCC USART24CLockSelection default value on MP1 is applicable
2021-06-28 19:52:10,442 [INFO] Rule:214 - rule align RCC USART6CLockSelection default value on MP1 is applicable
2021-06-28 19:52:10,442 [INFO] Rule:214 - rule align RCC UART78CLockSelection default value on MP1 is applicable
2021-06-28 19:52:10,443 [INFO] Rule:214 - rule align RCC USART35CLockSelection default value on MP1 is applicable
2021-06-28 19:52:10,443 [INFO] Rule:214 - rule align RCC SPI45CLockSelection default value on MP1 is applicable
2021-06-28 19:52:10,443 [INFO] Rule:214 - rule align RCC I2C46CLockSelection BCLK value on MP1 is applicable
2021-06-28 19:52:10,443 [INFO] Rule:214 - rule align RCC SPI45CLockSelection default value on MP1 is applicable
2021-06-28 19:52:10,443 [INFO] Rule:214 - rule align RCC I2C12CLockSelection default value on MP1 is applicable
2021-06-28 19:52:10,443 [INFO] Rule:214 - rule align RCC I2C35CLockSelection default value on MP1 is applicable
2021-06-28 19:52:10,443 [INFO] Rule:214 - rule align RCC LPTIM45CLockSelection default value on MP1 is applicable
2021-06-28 19:52:10,443 [INFO] Rule:214 - rule Rename DCMI PIXCK signal is applicable
2021-06-28 19:52:10,443 [INFO] Rule:214 - rule Change Default Value for I2C46CLockSelection MP1 family is applicable
2021-06-28 19:52:10,443 [INFO] Rule:214 - rule Change Default Value for UART for G4, G0 and WB families is applicable
2021-06-28 19:52:10,444 [INFO] Rule:214 - rule Change Default Value for USART for G4, G0 and WB families is applicable
2021-06-28 19:52:10,444 [INFO] Rule:214 - rule Change Default Value for USART for G4 family is applicable
2021-06-28 19:52:10,444 [INFO] Rule:214 - rule Change USART1CLockSelection refparam name for MP1 is applicable
2021-06-28 19:52:10,444 [INFO] Rule:214 - rule Change USART2CLockSelection refparam name for MP1 is applicable
2021-06-28 19:52:10,444 [INFO] Rule:214 - rule Change USART3CLockSelection refparam name for MP1 is applicable
2021-06-28 19:52:10,444 [INFO] Rule:214 - rule Change UART4CLockSelection refparam name for MP1 is applicable
2021-06-28 19:52:10,444 [INFO] Rule:214 - rule Change UART5CLockSelection refparam name for MP1 is applicable
2021-06-28 19:52:10,444 [INFO] Rule:214 - rule Change LPUART1CLockSelection refparam name for MP1 is applicable
2021-06-28 19:52:10,445 [INFO] Rule:214 - rule Change LPTIM1CLockSelection refparam name for MP1 is applicable
2021-06-28 19:52:10,445 [INFO] Rule:214 - rule Change LPTIM2CLockSelection refparam name for MP1 is applicable
2021-06-28 19:52:10,445 [INFO] Rule:214 - rule Change RCC_MCO1Source refparam name for MP1 is applicable
2021-06-28 19:52:10,445 [INFO] Rule:214 - rule Change LSCOSource1 refparam name for MP1 is applicable
2021-06-28 19:52:10,445 [INFO] Rule:214 - rule Change SMPSCLockSelection refparam name for MP1 is applicable
2021-06-28 19:52:10,445 [INFO] Rule:214 - rule Change LPTIM3CLockSelection refparam name for MP1 is applicable
2021-06-28 19:52:10,445 [INFO] Rule:214 - rule Change MPCBB* Default Template Mode to Parameters is applicable
2021-06-28 19:52:10,445 [INFO] Rule:214 - rule Change MPCWM* or MPCBB* Secure Mode to Parameters is applicable
2021-06-28 19:52:10,445 [INFO] Rule:214 - rule Change MPCWM* or MPCBB* No Secure Mode to Parameters is applicable
2021-06-28 19:52:10,445 [INFO] Rule:214 - rule Change TZSC IP Secure Mode to Parameters is applicable
2021-06-28 19:52:10,446 [INFO] Rule:214 - rule Change TZSC IP No Secure Mode to Parameters is applicable
2021-06-28 19:52:10,446 [INFO] Rule:214 - rule Change TZSC IP Privilege Mode to Parameters is applicable
2021-06-28 19:52:10,446 [INFO] Rule:214 - rule Change TZSC IP No Privilege Mode to Parameters is applicable
2021-06-28 19:52:10,446 [INFO] Rule:214 - rule Change TZIC IT Secure Mode to Parameters is applicable
2021-06-28 19:52:10,446 [INFO] Rule:214 - rule Change TZIC IT No Secure Mode to Parameters is applicable
2021-06-28 19:52:10,446 [INFO] Rule:214 - rule Add MPCBB1_NonSecureArea_Start_Address value with referenced to MPCBB1_NonSecureArea_Start value is applicable
2021-06-28 19:52:10,446 [INFO] Rule:214 - rule Add MPCBB2_NonSecureArea_Start_Address value with referenced to MPCBB2_NonSecureArea_Start value is applicable
2021-06-28 19:52:10,446 [INFO] Rule:214 - rule Add MPCWM1_NonSecureArea*_Start_Address value with referenced to MPCWM1_NonSecureArea*_Start value is applicable
2021-06-28 19:52:10,446 [INFO] Rule:214 - rule Add MPCWM2_NonSecureArea*_Start_Address value with referenced to MPCWM2_NonSecureArea*_Start value is applicable
2021-06-28 19:52:10,447 [INFO] Rule:214 - rule Add MPCWM3_NonSecureArea_Start_Address value with referenced to MPCWM3_NonSecureArea_Start value is applicable
2021-06-28 19:52:10,447 [INFO] Rule:214 - rule Change Default Value for PLL1UserDefinedConfig is applicable
2021-06-28 19:52:10,447 [INFO] Rule:214 - rule Change GPIO_PuPd Default Value for USART in async mode is applicable
2021-06-28 19:52:10,447 [INFO] Rule:214 - rule Change SMPSDivider Default Value is applicable
2021-06-28 19:52:10,447 [INFO] Rule:214 - rule OPAMP is applicable
2021-06-28 19:52:10,447 [INFO] Rule:214 - rule LPUART IPParameter rename Prescaler parameter to ClockPrescaler for STM32H7 is applicable
2021-06-28 19:52:10,447 [INFO] Rule:214 - rule LPUART IPParameter rename Prescaler parameter to ClockPrescaler for STM32H7 is applicable
2021-06-28 19:52:10,447 [INFO] Rule:214 - rule LPUART IPParameter rename Prescaler parameter to ClockPrescaler for STM32WB is applicable
2021-06-28 19:52:10,447 [INFO] Rule:214 - rule LPUART IPParameter rename Prescaler parameter to ClockPrescaler for STM32WB is applicable
2021-06-28 19:52:10,447 [INFO] Rule:214 - rule LPUART IPParameter rename Prescaler parameter to ClockPrescaler for STM32G4 is applicable
2021-06-28 19:52:10,448 [INFO] Rule:214 - rule LPUART IPParameter rename Prescaler parameter to ClockPrescaler for STM32G4 is applicable
2021-06-28 19:52:10,448 [INFO] Rule:214 - rule LPUART IPParameter rename Prescaler parameter to ClockPrescaler for STM32L5 is applicable
2021-06-28 19:52:10,448 [INFO] Rule:214 - rule LPUART IPParameter rename Prescaler parameter to ClockPrescaler for STM32G4 is applicable
2021-06-28 19:52:10,448 [INFO] Rule:214 - rule LPUART IPParameter rename Prescaler parameter to ClockPrescaler for STM32G4 is applicable
2021-06-28 19:52:10,448 [INFO] Rule:214 - rule USB device lib V2.5.3 for L0 rename USBD_SUPPORT_USER_STRING parameter to USBD_SUPPORT_USER_STRING_DESC4 is applicable
2021-06-28 19:52:10,448 [INFO] Rule:214 - rule I2SCLockSelection clock entry align is applicable
2021-06-28 19:52:10,448 [INFO] Rule:214 - rule Assign TIMx context if used as SYS timebase is applicable
2021-06-28 19:52:10,463 [INFO] DbConfProperties:294 - Apply Compatibility (46/202 Rules)
2021-06-28 19:52:10,495 [INFO] ImportTextPane:162 - (OptionalMessage_ERROR) Unable to find key (Mcu.ThirdPartyNb) in loaded IOC file
2021-06-28 19:52:10,608 [WARN] ApiManager:294 - Cannot register API 'Board Extension:S2868A1' from pack STMicroelectronics.X-CUBE-SFXS2LP1.3.0.0: no header file found
2021-06-28 19:52:10,608 [WARN] ApiManager:294 - Cannot register API 'Board Extension:S2868A2' from pack STMicroelectronics.X-CUBE-SFXS2LP1.3.0.0: no header file found
2021-06-28 19:52:10,608 [WARN] ApiManager:294 - Cannot register API 'Board Extension:S2915A1' from pack STMicroelectronics.X-CUBE-SFXS2LP1.3.0.0: no header file found
2021-06-28 19:52:10,614 [WARN] ModelIntegratedComponent:51 - No mode defined for component null
2021-06-28 19:52:10,614 [WARN] ModelIntegratedComponent:51 - No mode defined for component null
2021-06-28 19:52:10,614 [WARN] ModelIntegratedComponent:51 - No mode defined for component null
2021-06-28 19:52:10,614 [WARN] ModelIntegratedComponent:51 - No mode defined for component null
2021-06-28 19:52:10,615 [WARN] ModelIntegratedComponent:51 - No mode defined for component null
2021-06-28 19:52:10,615 [WARN] ModelIntegratedComponent:51 - No mode defined for component null
2021-06-28 19:52:10,615 [WARN] ModelIntegratedComponent:51 - No mode defined for component null
2021-06-28 19:52:10,615 [WARN] ModelIntegratedComponent:51 - No mode defined for component null
2021-06-28 19:52:10,615 [WARN] ModelIntegratedComponent:51 - No mode defined for component null
2021-06-28 19:52:10,615 [WARN] ModelIntegratedComponent:51 - No mode defined for component null
2021-06-28 19:52:10,615 [WARN] ModelIntegratedComponent:51 - No mode defined for component null
2021-06-28 19:52:10,615 [WARN] ModelIntegratedComponent:51 - No mode defined for component null
2021-06-28 19:52:10,615 [WARN] ModelIntegratedComponent:51 - No mode defined for component null
2021-06-28 19:52:10,616 [WARN] ModelIntegratedComponent:51 - No mode defined for component null
2021-06-28 19:52:10,616 [WARN] ModelIntegratedComponent:51 - No mode defined for component null
2021-06-28 19:52:10,616 [WARN] ModelIntegratedComponent:51 - No mode defined for component null
2021-06-28 19:52:10,616 [WARN] ModelIntegratedComponent:51 - No mode defined for component null
2021-06-28 19:52:10,616 [WARN] ModelIntegratedComponent:51 - No mode defined for component null
2021-06-28 19:52:10,616 [WARN] ModelIntegratedComponent:51 - No mode defined for component null
2021-06-28 19:52:10,616 [WARN] ModelIntegratedComponent:51 - No mode defined for component null
2021-06-28 19:52:10,616 [WARN] ModelIntegratedComponent:51 - No mode defined for component null
2021-06-28 19:52:10,616 [WARN] ModelIntegratedComponent:51 - No mode defined for component null
2021-06-28 19:52:10,616 [WARN] ModelIntegratedComponent:51 - No mode defined for component null
2021-06-28 19:52:10,617 [WARN] ModelIntegratedComponent:51 - No mode defined for component null
2021-06-28 19:52:10,617 [WARN] ModelIntegratedComponent:51 - No mode defined for component null
2021-06-28 19:52:10,617 [WARN] ModelIntegratedComponent:51 - No mode defined for component null
2021-06-28 19:52:10,617 [WARN] ModelIntegratedComponent:51 - No mode defined for component null
2021-06-28 19:52:10,623 [WARN] ApiManager:294 - Cannot register API 'Board Extension:S2868A1' from pack STMicroelectronics.X-CUBE-SUBG2.4.1.0: no header file found
2021-06-28 19:52:10,623 [WARN] ApiManager:294 - Cannot register API 'Board Extension:S2868A2' from pack STMicroelectronics.X-CUBE-SUBG2.4.1.0: no header file found
2021-06-28 19:52:10,623 [WARN] ApiManager:294 - Cannot register API 'Board Extension:S2915A1' from pack STMicroelectronics.X-CUBE-SUBG2.4.1.0: no header file found
2021-06-28 19:52:10,628 [WARN] ApiManager:294 - Cannot register API 'Board Extension:S2868A1' from pack STMicroelectronics.X-CUBE-SUBG2.4.0.0: no header file found
2021-06-28 19:52:10,629 [WARN] ApiManager:294 - Cannot register API 'Board Extension:S2868A2' from pack STMicroelectronics.X-CUBE-SUBG2.4.0.0: no header file found
2021-06-28 19:52:10,629 [WARN] ApiManager:294 - Cannot register API 'Board Extension:S2915A1' from pack STMicroelectronics.X-CUBE-SUBG2.4.0.0: no header file found
2021-06-28 19:52:10,779 [WARN] ApiManager:294 - Cannot register API 'Board Extension:IKS01A3' from pack STMicroelectronics.X-CUBE-MEMS1.8.2.0: no header file found
2021-06-28 19:52:10,779 [WARN] ApiManager:294 - Cannot register API 'Board Extension:IKS01A2' from pack STMicroelectronics.X-CUBE-MEMS1.8.2.0: no header file found
2021-06-28 19:52:10,779 [WARN] ApiManager:294 - Cannot register API 'Board Extension:IKS02A1' from pack STMicroelectronics.X-CUBE-MEMS1.8.2.0: no header file found
2021-06-28 19:52:10,786 [WARN] ApiManager:294 - Cannot register API 'Board Extension:EEPRMA1' from pack STMicroelectronics.X-CUBE-EEPRMA1.3.0.0: no header file found
2021-06-28 19:52:10,787 [WARN] ApiManager:294 - Cannot register API 'Board Extension:EEPRMA2' from pack STMicroelectronics.X-CUBE-EEPRMA1.3.0.0: no header file found
2021-06-28 19:52:10,920 [WARN] ApiManager:294 - Cannot register API 'Board Extension:IKS01A3' from pack STMicroelectronics.X-CUBE-MEMS1.8.3.0: no header file found
2021-06-28 19:52:10,920 [WARN] ApiManager:294 - Cannot register API 'Board Extension:IKS01A2' from pack STMicroelectronics.X-CUBE-MEMS1.8.3.0: no header file found
2021-06-28 19:52:10,920 [WARN] ApiManager:294 - Cannot register API 'Board Extension:IKS02A1' from pack STMicroelectronics.X-CUBE-MEMS1.8.3.0: no header file found
2021-06-28 19:52:10,926 [INFO] RtosManager:470 - Registered RTOS mode: class=CMSIS, group=RTOS, mode=CMSIS_V1, owner=FREERTOS
2021-06-28 19:52:10,927 [INFO] RtosManager:470 - Registered RTOS mode: class=CMSIS, group=RTOS2, mode=CMSIS_V2, owner=FREERTOS
2021-06-28 19:52:10,927 [INFO] RtosManager:470 - Registered RTOS mode: class=RTOS, group=Core, mode=CMSIS_V1, owner=FREERTOS
2021-06-28 19:52:10,927 [INFO] RtosManager:470 - Registered RTOS mode: class=RTOS, group=Core, mode=CMSIS_V2, owner=FREERTOS
2021-06-28 19:52:10,927 [WARN] ModelIntegratedComponent:182 - Missing modes for component STMicroelectronics:FreeRTOS:0.0.1:STMicroelectronics:RTOS:FreeRTOS:Core:::10.2.0:
2021-06-28 19:52:10,932 [WARN] ApiManager:294 - Cannot register API 'Board Extension:GNSS1A1' from pack STMicroelectronics.X-CUBE-GNSS1.5.2.0: no header file found
2021-06-28 19:52:10,932 [WARN] ApiManager:294 - Cannot register API 'Board Support:Custom' from pack STMicroelectronics.X-CUBE-GNSS1.5.2.0: no header file found
2021-06-28 19:52:10,933 [WARN] ApiManager:294 - Cannot register API 'Data Exchange:lib_gnss' from pack STMicroelectronics.X-CUBE-GNSS1.5.2.0: no header file found
2021-06-28 19:52:10,933 [WARN] ApiManager:294 - Cannot register API 'Wireless:BlueNRG-MS' from pack STMicroelectronics.X-CUBE-BLE1.6.1.0: no header file found
2021-06-28 19:52:10,934 [WARN] ApiManager:294 - Cannot register API 'Wireless:BlueNRG-MS' from pack STMicroelectronics.X-CUBE-BLE1.6.2.0: no header file found
2021-06-28 19:52:10,934 [WARN] ApiManager:294 - Cannot register API 'Board Extension:NFC04A1' from pack STMicroelectronics.X-CUBE-NFC4.2.0.2: no header file found
2021-06-28 19:52:10,935 [WARN] ApiManager:294 - Cannot register API 'Wireless:BlueNRG-2' from pack STMicroelectronics.X-CUBE-BLE2.3.2.0: no header file found
2021-06-28 19:52:11,926 [INFO] ImportTextPane:162 - (OptionalMessage_ERROR) IP (RCC) : Invalid parameter (FamilyName)
2021-06-28 19:52:11,929 [INFO] ImportTextPane:162 - (OptionalMessage_ERROR) IP (RCC) : Parameter (RNGFreq_Value) has invalid value (64000000)
2021-06-28 19:52:11,930 [INFO] ImportTextPane:162 - (OptionalMessage_ERROR) IP (RCC) : Parameter (SDMMCFreq_Value) has invalid value (64000000)
2021-06-28 19:52:11,930 [INFO] ImportTextPane:162 - (OptionalMessage_ERROR) IP (RCC) : Parameter (USBFreq_Value) has invalid value (64000000)
2021-06-28 19:52:12,371 [INFO] UtilMem:74 - End LoadConfig() Used Memory: 493171624 Bytes (607125504)
2021-06-28 19:52:12,383 [WARN] ThirdParty:762 - waiting for thirdparty lock release [change project]
2021-06-28 19:52:12,383 [INFO] ThirdParty:764 - entering critical section [change project]
2021-06-28 19:52:12,383 [INFO] ThirdParty:952 - CMSIS Pack Vendor :RoweBots I-CUBE-UNISONRTOS 5.5.0-4
2021-06-28 19:52:12,384 [INFO] ThirdParty:952 - CMSIS Pack Vendor :STMicroelectronics X-CUBE-SFXS2LP1 3.0.0
2021-06-28 19:52:12,384 [INFO] ThirdParty:952 - CMSIS Pack Vendor :STMicroelectronics USB_HOST 2.0.0
2021-06-28 19:52:12,384 [INFO] ThirdParty:952 - CMSIS Pack Vendor :STMicroelectronics USB_DEVICE 3.0.0
2021-06-28 19:52:12,384 [INFO] ThirdParty:952 - CMSIS Pack Vendor :STMicroelectronics HAL Drivers 0.0.0
2021-06-28 19:52:12,384 [INFO] ThirdParty:952 - CMSIS Pack Vendor :STMicroelectronics MBEDTLS 2.16.2
2021-06-28 19:52:12,384 [INFO] ThirdParty:952 - CMSIS Pack Vendor :STMicroelectronics MBEDTLS 2.14.1
2021-06-28 19:52:12,384 [INFO] ThirdParty:952 - CMSIS Pack Vendor :STMicroelectronics X-CUBE-SUBG2 4.1.0
2021-06-28 19:52:12,384 [INFO] ThirdParty:952 - CMSIS Pack Vendor :STMicroelectronics X-CUBE-SUBG2 4.0.0
2021-06-28 19:52:12,384 [INFO] ThirdParty:952 - CMSIS Pack Vendor :STMicroelectronics X-CUBE-TOF1 1.0.0
2021-06-28 19:52:12,384 [INFO] ThirdParty:952 - CMSIS Pack Vendor :STMicroelectronics X-CUBE-AZRTOS-H7 1.0.0
2021-06-28 19:52:12,384 [INFO] ThirdParty:952 - CMSIS Pack Vendor :STMicroelectronics USB_DEVICE 2.0.0
2021-06-28 19:52:12,384 [INFO] ThirdParty:952 - CMSIS Pack Vendor :STMicroelectronics X-CUBE-MEMS1 8.2.0
2021-06-28 19:52:12,384 [INFO] ThirdParty:952 - CMSIS Pack Vendor :STMicroelectronics X-CUBE-EEPRMA1 3.0.0
2021-06-28 19:52:12,385 [INFO] ThirdParty:952 - CMSIS Pack Vendor :STMicroelectronics X-CUBE-MEMS1 8.3.0
2021-06-28 19:52:12,385 [INFO] ThirdParty:952 - CMSIS Pack Vendor :STMicroelectronics X-CUBE-DISPLAY 1.0.0
2021-06-28 19:52:12,385 [INFO] ThirdParty:952 - CMSIS Pack Vendor :STMicroelectronics FreeRTOS 0.0.1
2021-06-28 19:52:12,385 [INFO] ThirdParty:952 - CMSIS Pack Vendor :STMicroelectronics USB_DEVICE 1.0.0
2021-06-28 19:52:12,385 [INFO] ThirdParty:952 - CMSIS Pack Vendor :STMicroelectronics X-CUBE-AI 6.0.0
2021-06-28 19:52:12,385 [INFO] ThirdParty:952 - CMSIS Pack Vendor :SEGGER I-CUBE-embOS 1.2.0
2021-06-28 19:52:12,385 [INFO] ThirdParty:952 - CMSIS Pack Vendor :STMicroelectronics X-CUBE-ALGOBUILD 1.2.0
2021-06-28 19:52:12,385 [INFO] ThirdParty:952 - CMSIS Pack Vendor :STMicroelectronics X-CUBE-GNSS1 5.2.0
2021-06-28 19:52:12,385 [INFO] ThirdParty:952 - CMSIS Pack Vendor :STMicroelectronics X-CUBE-BLE1 6.1.0
2021-06-28 19:52:12,385 [INFO] ThirdParty:952 - CMSIS Pack Vendor :STMicroelectronics lwIP 2.0.3
2021-06-28 19:52:12,385 [INFO] ThirdParty:952 - CMSIS Pack Vendor :STMicroelectronics lwIP 2.1.2
2021-06-28 19:52:12,385 [INFO] ThirdParty:952 - CMSIS Pack Vendor :STMicroelectronics X-CUBE-BLE1 6.2.0
2021-06-28 19:52:12,386 [INFO] ThirdParty:952 - CMSIS Pack Vendor :STMicroelectronics USB_HOST 1.0.0
2021-06-28 19:52:12,386 [INFO] ThirdParty:952 - CMSIS Pack Vendor :STMicroelectronics X-CUBE-NFC4 2.0.2
2021-06-28 19:52:12,386 [INFO] ThirdParty:952 - CMSIS Pack Vendor :wolfSSL I-CUBE-wolfSSL 4.7.0
2021-06-28 19:52:12,386 [INFO] ThirdParty:952 - CMSIS Pack Vendor :STMicroelectronics X-CUBE-TOUCHGFX 4.16.1
2021-06-28 19:52:12,386 [INFO] ThirdParty:952 - CMSIS Pack Vendor :STMicroelectronics PDM2PCM 3.1.0
2021-06-28 19:52:12,386 [INFO] ThirdParty:952 - CMSIS Pack Vendor :STMicroelectronics PDM2PCM 3.2.0
2021-06-28 19:52:12,386 [INFO] ThirdParty:952 - CMSIS Pack Vendor :STMicroelectronics PDM2PCM 3.3.0
2021-06-28 19:52:12,386 [INFO] ThirdParty:952 - CMSIS Pack Vendor :STMicroelectronics X-CUBE-BLE2 3.2.0
2021-06-28 19:52:12,386 [INFO] ThirdParty:770 - exiting critical section [change project]
2021-06-28 19:52:12,953 [INFO] PinOutPanel:1435 - setPackage(No Configuration,No Configuration)
2021-06-28 19:52:12,954 [INFO] PinOutPanel:1435 - setPackage(STM32L476RGTx,LQFP64)
2021-06-28 19:52:13,878 [INFO] UtilMem:74 - Before build in PCC Used Memory: 503703392 Bytes (607125504)
2021-06-28 19:52:14,386 [INFO] SharedServices:72 - Folder for power plug-in: C:/Users/evers/.stm32cubemx/plugins/power
2021-06-28 19:52:14,439 [INFO] SharedServices:72 - Folder for power plug-in: C:/Users/evers/.stm32cubemx/plugins/power
2021-06-28 19:52:14,525 [INFO] SharedServices:72 - Folder for power plug-in: C:/Users/evers/.stm32cubemx/plugins/power
2021-06-28 19:52:14,547 [INFO] SharedServices:72 - Folder for power plug-in: C:/Users/evers/.stm32cubemx/plugins/power
2021-06-28 19:52:14,788 [INFO] UtilMem:74 - After build in PCC Used Memory: 529593616 Bytes (607125504)
2021-06-28 19:52:14,827 [INFO] IPUIPlugin:64 - create IPUIPlugin
2021-06-28 19:52:14,827 [INFO] IPUIPlugin:64 - create IPUIPlugin
2021-06-28 19:52:14,827 [INFO] IPUIPlugin:64 - create IPUIPlugin
2021-06-28 19:52:14,827 [INFO] IPUIPlugin:64 - create IPUIPlugin
2021-06-28 19:52:14,828 [INFO] IPUIPlugin:64 - create IPUIPlugin
2021-06-28 19:52:14,828 [INFO] IPUIPlugin:64 - create IPUIPlugin
2021-06-28 19:52:14,828 [INFO] IPUIPlugin:64 - create IPUIPlugin
2021-06-28 19:52:14,829 [INFO] IPUIPlugin:64 - create IPUIPlugin
2021-06-28 19:52:14,829 [INFO] IPUIPlugin:64 - create IPUIPlugin
2021-06-28 19:52:14,829 [INFO] IPUIPlugin:64 - create IPUIPlugin
2021-06-28 19:52:14,830 [INFO] IPUIPlugin:64 - create IPUIPlugin
2021-06-28 19:52:14,830 [INFO] IPUIPlugin:64 - create IPUIPlugin
2021-06-28 19:52:14,830 [INFO] IPUIPlugin:64 - create IPUIPlugin
2021-06-28 19:52:14,837 [INFO] IPUIPlugin:64 - create IPUIPlugin
2021-06-28 19:52:14,838 [INFO] IPUIPlugin:64 - create IPUIPlugin
2021-06-28 19:52:14,839 [INFO] IPUIPlugin:64 - create IPUIPlugin
2021-06-28 19:52:14,839 [INFO] IPUIPlugin:64 - create IPUIPlugin
2021-06-28 19:52:14,840 [INFO] IPUIPlugin:64 - create IPUIPlugin
2021-06-28 19:52:14,840 [INFO] IPUIPlugin:64 - create IPUIPlugin
2021-06-28 19:52:14,840 [INFO] IPUIPlugin:64 - create IPUIPlugin
2021-06-28 19:52:14,841 [INFO] IPUIPlugin:64 - create IPUIPlugin
2021-06-28 19:52:14,841 [INFO] IPUIPlugin:64 - create IPUIPlugin
2021-06-28 19:52:14,842 [INFO] IPUIPlugin:64 - create IPUIPlugin
2021-06-28 19:52:14,842 [INFO] IPUIPlugin:64 - create IPUIPlugin
2021-06-28 19:52:14,842 [INFO] IPUIPlugin:64 - create IPUIPlugin
2021-06-28 19:52:14,843 [INFO] IPUIPlugin:64 - create IPUIPlugin
2021-06-28 19:52:14,843 [INFO] IPUIPlugin:64 - create IPUIPlugin
2021-06-28 19:52:14,844 [INFO] IPUIPlugin:64 - create IPUIPlugin
2021-06-28 19:52:14,844 [INFO] IPUIPlugin:64 - create IPUIPlugin
2021-06-28 19:52:14,845 [INFO] IPUIPlugin:64 - create IPUIPlugin
2021-06-28 19:52:14,845 [INFO] IPUIPlugin:64 - create IPUIPlugin
2021-06-28 19:52:14,846 [INFO] IPUIPlugin:64 - create IPUIPlugin
2021-06-28 19:52:14,846 [INFO] IPUIPlugin:64 - create IPUIPlugin
2021-06-28 19:52:14,847 [INFO] IPUIPlugin:64 - create IPUIPlugin
2021-06-28 19:52:14,847 [INFO] IPUIPlugin:64 - create IPUIPlugin
2021-06-28 19:52:14,848 [INFO] IPUIPlugin:64 - create IPUIPlugin
2021-06-28 19:52:14,848 [INFO] IPUIPlugin:64 - create IPUIPlugin
2021-06-28 19:52:14,849 [INFO] IPUIPlugin:64 - create IPUIPlugin
2021-06-28 19:52:14,849 [INFO] IPUIPlugin:64 - create IPUIPlugin
2021-06-28 19:52:14,850 [INFO] IPUIPlugin:64 - create IPUIPlugin
2021-06-28 19:52:14,850 [INFO] IPUIPlugin:64 - create IPUIPlugin
2021-06-28 19:52:14,851 [INFO] IPUIPlugin:64 - create IPUIPlugin
2021-06-28 19:52:14,851 [INFO] IPUIPlugin:64 - create IPUIPlugin
2021-06-28 19:52:14,852 [INFO] IPUIPlugin:64 - create IPUIPlugin
2021-06-28 19:52:14,853 [INFO] IPUIPlugin:64 - create IPUIPlugin
2021-06-28 19:52:14,853 [INFO] IPUIPlugin:64 - create IPUIPlugin
2021-06-28 19:52:14,854 [INFO] IPUIPlugin:64 - create IPUIPlugin
2021-06-28 19:52:14,854 [INFO] IPUIPlugin:64 - create IPUIPlugin
2021-06-28 19:52:14,855 [INFO] IPUIPlugin:64 - create IPUIPlugin
2021-06-28 19:52:14,856 [INFO] IPUIPlugin:64 - create IPUIPlugin
2021-06-28 19:52:14,857 [INFO] IPUIPlugin:64 - create IPUIPlugin
2021-06-28 19:52:14,857 [INFO] IPUIPlugin:64 - create IPUIPlugin
2021-06-28 19:52:14,858 [INFO] IPUIPlugin:64 - create IPUIPlugin
2021-06-28 19:52:14,859 [INFO] IPUIPlugin:64 - create IPUIPlugin
2021-06-28 19:52:14,860 [INFO] IPUIPlugin:64 - create IPUIPlugin
2021-06-28 19:52:14,861 [INFO] IPUIPlugin:64 - create IPUIPlugin
2021-06-28 19:52:14,862 [INFO] IPUIPlugin:64 - create IPUIPlugin
2021-06-28 19:52:14,863 [INFO] IPUIPlugin:64 - create IPUIPlugin
2021-06-28 19:52:14,864 [INFO] IPUIPlugin:64 - create IPUIPlugin
2021-06-28 19:52:14,903 [INFO] LogOutputStream:76 - [STDOUT_REDIRECT] toolchainItems.length=====1
2021-06-28 19:52:15,014 [INFO] OpenFileManager:323 - Restore cursor
2021-06-28 19:52:15,459 [INFO] UtilMem:74 - End SaveConfig() Used Memory: 512819792 Bytes (607125504)
2021-06-28 19:52:15,569 [INFO] UtilMem:74 - End SaveConfig() Used Memory: 525402704 Bytes (607125504)
2021-06-28 19:52:15,998 [INFO] BlockDiagram:2735 - set Specific Code input for plugin: SYS
2021-06-28 19:52:15,999 [INFO] BlockDiagram:2735 - set Specific Code input for plugin: RCC
2021-06-28 19:52:15,999 [INFO] BlockDiagram:2735 - set Specific Code input for plugin: NVIC
2021-06-28 19:52:15,999 [INFO] BlockDiagram:2735 - set Specific Code input for plugin: USART
2021-06-28 19:52:15,999 [INFO] BlockDiagram:2735 - set Specific Code input for plugin: GPIO
2021-06-28 19:52:16,001 [INFO] CodeGenerator:641 - code generatio: config db path: C:\ST\STM32CubeIDE_1.6.1\STM32CubeIDE\plugins\com.st.stm32cube.common.mx_6.2.1.202103241236\\db\
2021-06-28 19:52:16,541 [INFO] CodeEngine:229 - oldGeneratedFile, C:\Users\evers\Documents\IMAGINE-IOT\Imagine-IoT\Imagine-IoT\9 Nucleo boards\NUCLEO-L476RG\20 Assembly (STM32CubeIDE)\Project 1.2\Reverse_signs_in_integer_array\MXTmpFiles\license.tmp_save
2021-06-28 19:52:16,836 [INFO] CodeEngine:247 - Generated code: C:\Users\evers\Documents\IMAGINE-IOT\Imagine-IoT\Imagine-IoT\9 Nucleo boards\NUCLEO-L476RG\20 Assembly (STM32CubeIDE)\Project 1.2\Reverse_signs_in_integer_array\MXTmpFiles\license.tmp
2021-06-28 19:52:16,976 [INFO] CodeEngine:229 - oldGeneratedFile, C:\Users\evers\Documents\IMAGINE-IOT\Imagine-IoT\Imagine-IoT\9 Nucleo boards\NUCLEO-L476RG\20 Assembly (STM32CubeIDE)\Project 1.2\Reverse_signs_in_integer_array\MXTmpFiles\gpio.tmp_save
2021-06-28 19:52:17,095 [INFO] CodeEngine:247 - Generated code: C:\Users\evers\Documents\IMAGINE-IOT\Imagine-IoT\Imagine-IoT\9 Nucleo boards\NUCLEO-L476RG\20 Assembly (STM32CubeIDE)\Project 1.2\Reverse_signs_in_integer_array\MXTmpFiles\gpio.tmp
2021-06-28 19:52:17,433 [INFO] LogOutputStream:76 - [STDOUT_REDIRECT] Command line
2021-06-28 19:52:17,450 [INFO] CodeEngine:229 - oldGeneratedFile, C:\Users\evers\Documents\IMAGINE-IOT\Imagine-IoT\Imagine-IoT\9 Nucleo boards\NUCLEO-L476RG\20 Assembly (STM32CubeIDE)\Project 1.2\Reverse_signs_in_integer_array\Core\Src\stm32l4xx_it.c_save
2021-06-28 19:52:17,567 [INFO] CodeEngine:247 - Generated code: C:\Users\evers\Documents\IMAGINE-IOT\Imagine-IoT\Imagine-IoT\9 Nucleo boards\NUCLEO-L476RG\20 Assembly (STM32CubeIDE)\Project 1.2\Reverse_signs_in_integer_array\Core\Src\stm32l4xx_it.c
2021-06-28 19:52:17,572 [INFO] CodeEngine:229 - oldGeneratedFile, C:\Users\evers\Documents\IMAGINE-IOT\Imagine-IoT\Imagine-IoT\9 Nucleo boards\NUCLEO-L476RG\20 Assembly (STM32CubeIDE)\Project 1.2\Reverse_signs_in_integer_array\Core\Inc\stm32l4xx_it.h_save
2021-06-28 19:52:17,635 [INFO] CodeEngine:247 - Generated code: C:\Users\evers\Documents\IMAGINE-IOT\Imagine-IoT\Imagine-IoT\9 Nucleo boards\NUCLEO-L476RG\20 Assembly (STM32CubeIDE)\Project 1.2\Reverse_signs_in_integer_array\Core\Inc\stm32l4xx_it.h
2021-06-28 19:52:17,650 [INFO] CodeEngine:229 - oldGeneratedFile, C:\Users\evers\Documents\IMAGINE-IOT\Imagine-IoT\Imagine-IoT\9 Nucleo boards\NUCLEO-L476RG\20 Assembly (STM32CubeIDE)\Project 1.2\Reverse_signs_in_integer_array\Core\Src\stm32l4xx_hal_msp.c_save
2021-06-28 19:52:17,761 [INFO] CodeEngine:247 - Generated code: C:\Users\evers\Documents\IMAGINE-IOT\Imagine-IoT\Imagine-IoT\9 Nucleo boards\NUCLEO-L476RG\20 Assembly (STM32CubeIDE)\Project 1.2\Reverse_signs_in_integer_array\Core\Src\stm32l4xx_hal_msp.c
2021-06-28 19:52:17,766 [INFO] CodeEngine:229 - oldGeneratedFile, C:\Users\evers\Documents\IMAGINE-IOT\Imagine-IoT\Imagine-IoT\9 Nucleo boards\NUCLEO-L476RG\20 Assembly (STM32CubeIDE)\Project 1.2\Reverse_signs_in_integer_array\MXTmpFiles\system.tmp_save
2021-06-28 19:52:17,825 [INFO] CodeEngine:247 - Generated code: C:\Users\evers\Documents\IMAGINE-IOT\Imagine-IoT\Imagine-IoT\9 Nucleo boards\NUCLEO-L476RG\20 Assembly (STM32CubeIDE)\Project 1.2\Reverse_signs_in_integer_array\MXTmpFiles\system.tmp
2021-06-28 19:52:17,850 [INFO] CodeEngine:229 - oldGeneratedFile, C:\Users\evers\Documents\IMAGINE-IOT\Imagine-IoT\Imagine-IoT\9 Nucleo boards\NUCLEO-L476RG\20 Assembly (STM32CubeIDE)\Project 1.2\Reverse_signs_in_integer_array\Core\Inc\stm32l4xx_hal_conf.h_save
2021-06-28 19:52:17,934 [INFO] CodeEngine:247 - Generated code: C:\Users\evers\Documents\IMAGINE-IOT\Imagine-IoT\Imagine-IoT\9 Nucleo boards\NUCLEO-L476RG\20 Assembly (STM32CubeIDE)\Project 1.2\Reverse_signs_in_integer_array\Core\Inc\stm32l4xx_hal_conf.h
2021-06-28 19:52:17,982 [INFO] CodeEngine:229 - oldGeneratedFile, C:\Users\evers\Documents\IMAGINE-IOT\Imagine-IoT\Imagine-IoT\9 Nucleo boards\NUCLEO-L476RG\20 Assembly (STM32CubeIDE)\Project 1.2\Reverse_signs_in_integer_array\Core\Inc\main.h_save
2021-06-28 19:52:18,039 [INFO] CodeEngine:247 - Generated code: C:\Users\evers\Documents\IMAGINE-IOT\Imagine-IoT\Imagine-IoT\9 Nucleo boards\NUCLEO-L476RG\20 Assembly (STM32CubeIDE)\Project 1.2\Reverse_signs_in_integer_array\Core\Inc\main.h
2021-06-28 19:52:18,044 [INFO] CodeEngine:229 - oldGeneratedFile, C:\Users\evers\Documents\IMAGINE-IOT\Imagine-IoT\Imagine-IoT\9 Nucleo boards\NUCLEO-L476RG\20 Assembly (STM32CubeIDE)\Project 1.2\Reverse_signs_in_integer_array\Core\Src\main.c_save
2021-06-28 19:52:18,140 [INFO] CodeEngine:247 - Generated code: C:\Users\evers\Documents\IMAGINE-IOT\Imagine-IoT\Imagine-IoT\9 Nucleo boards\NUCLEO-L476RG\20 Assembly (STM32CubeIDE)\Project 1.2\Reverse_signs_in_integer_array\Core\Src\main.c
2021-06-28 19:52:19,166 [INFO] ProjectBuilder:2460 - Time for Copy HAL[1] : 163mS.
2021-06-28 19:52:19,174 [INFO] ProjectBuilder:3418 - Project Generator version: 3.13.0-B3
2021-06-28 19:52:19,757 [INFO] ConfigFileManager:1242 - The Die is : DIE415
2021-06-28 19:52:19,795 [INFO] ApiDbMcu:458 - Load IP Config File for FATFS
2021-06-28 19:52:19,825 [INFO] ApiDbMcu:458 - Load IP Config File for FREERTOS
2021-06-28 19:52:19,975 [INFO] ApiDbMcu:458 - Load IP Config File for TOUCHSENSING
2021-06-28 19:52:19,999 [INFO] ApiDbMcu:458 - Load IP Config File for USB_DEVICE
2021-06-28 19:52:20,014 [INFO] ApiDbMcu:458 - Load IP Config File for USB_HOST
2021-06-28 19:52:23,743 [INFO] ProjectBuilder:3584 - Time for Generating toolchain IDE Files: 4569mS.
2021-06-28 19:52:23,744 [INFO] ProjectBuilder:2339 - Time for Copy CMSIS : 1mS.
2021-06-28 19:52:23,748 [INFO] ProjectBuilder:2339 - Time for Copy CMSIS : 1mS.
2021-06-28 19:52:24,351 [INFO] ApiDb:276 - Save user favorites file C:\Users\evers/.stm32cubeide/favorites.mcus.txt: 0 item(s)
2021-06-28 19:52:24,351 [INFO] ApiDb:280 - User favorites MCUs=[]
2021-06-28 19:52:24,353 [INFO] ApiDb:276 - Save user favorites file C:\Users\evers/.stm32cubeide/favorites.boards.txt: 1 item(s)
2021-06-28 19:52:24,354 [INFO] ApiDb:280 - User favorites Boards=[NUCLEO-L476RG]
