2021-03-21 14:06:17,219 [INFO] Activator:170 - 


2021-03-21 14:06:17,221 [INFO] Activator:171 - !SESSION log4j initialized
2021-03-21 14:06:21,431 [INFO] McuFinderGlobals:39 - Set McuFinder mode to 2 (CubeIDE integrated)
2021-03-21 14:06:22,877 [INFO] ApplicationProperties:181 - Using Application install path: C:\ST\STM32CubeIDE_1.4.0\STM32CubeIDE\plugins\com.st.stm32cube.common.mx_6.2.0.202102191602
2021-03-21 14:06:22,894 [INFO] DbMcusXml:74 - Set database path to: C:\ST\STM32CubeIDE_1.4.0\STM32CubeIDE\plugins\com.st.stm32cube.common.mx_6.2.0.202102191602\\db\/mcu/
2021-03-21 14:06:22,901 [INFO] DbBoardsPdsc:56 - Set plugin database path to: C:\ST\STM32CubeIDE_1.4.0\STM32CubeIDE\plugins\com.st.stm32cube.common.mx_6.2.0.202102191602\\db\/plugins/boardmanager/
2021-03-21 14:06:22,901 [INFO] DbMcus:258 - Set plugin images path to: C:\ST\STM32CubeIDE_1.4.0\STM32CubeIDE\plugins\com.st.stm32cube.common.mx_6.2.0.202102191602\\db\/plugins/mcufinder/images/
2021-03-21 14:06:22,902 [INFO] DbBoards:264 - Set plugin images path to: C:\ST\STM32CubeIDE_1.4.0\STM32CubeIDE\plugins\com.st.stm32cube.common.mx_6.2.0.202102191602\\db\/plugins/mcufinder/images/
2021-03-21 14:06:22,905 [INFO] DbExamples:333 - Set plugin images path to: C:\ST\STM32CubeIDE_1.4.0\STM32CubeIDE\plugins\com.st.stm32cube.common.mx_6.2.0.202102191602\\db\/plugins/mcufinder/images/
2021-03-21 14:06:22,918 [INFO] DbMcusAds:85 - Set database path to: C:\Users\evers\.stmcufinder\plugins\mcufinder//mcu/
2021-03-21 14:06:22,920 [INFO] DbMcusDocs:110 - Set database path to: C:\Users\evers\.stmcufinder\plugins\mcufinder//mcu/
2021-03-21 14:06:22,922 [INFO] DbMcusJson:65 - Set database path to: C:\Users\evers\.stmcufinder\plugins\mcufinder//mcu/
2021-03-21 14:06:22,923 [INFO] DbBoardsDocs:110 - Set database path to: C:\Users\evers\.stmcufinder\plugins\mcufinder//mcu/
2021-03-21 14:06:22,926 [INFO] DbBoardsJson:58 - Set database path to: C:\Users\evers\.stmcufinder\plugins\mcufinder//mcu/
2021-03-21 14:06:22,931 [INFO] CrossReferenceDbSqlite:196 - Set database path to: C:\Users\evers\.stmcufinder\plugins\mcufinder//mcu/cs/
2021-03-21 14:06:22,935 [INFO] DbExamplesSqlite:690 - Set database path to: C:\Users\evers\.stmcufinder\plugins\mcufinder//mcu/
2021-03-21 14:06:23,058 [INFO] RulesReader:52 - Compatibility file has been processed (237 Rules)
2021-03-21 14:06:23,148 [INFO] MicroXplorer:622 - Detected Java Version = 11.0.9.1
2021-03-21 14:06:23,149 [INFO] DbMcusXml:74 - Set database path to: C:\ST\STM32CubeIDE_1.4.0\STM32CubeIDE\plugins\com.st.stm32cube.common.mx_6.2.0.202102191602\\db\/mcu/
2021-03-21 14:06:23,149 [INFO] DbBoardsPdsc:56 - Set plugin database path to: C:\ST\STM32CubeIDE_1.4.0\STM32CubeIDE\plugins\com.st.stm32cube.common.mx_6.2.0.202102191602\\db\/plugins/boardmanager/
2021-03-21 14:06:23,149 [INFO] DbMcus:258 - Set plugin images path to: C:\ST\STM32CubeIDE_1.4.0\STM32CubeIDE\plugins\com.st.stm32cube.common.mx_6.2.0.202102191602\\db\/plugins/mcufinder/images/
2021-03-21 14:06:23,149 [INFO] DbBoards:264 - Set plugin images path to: C:\ST\STM32CubeIDE_1.4.0\STM32CubeIDE\plugins\com.st.stm32cube.common.mx_6.2.0.202102191602\\db\/plugins/mcufinder/images/
2021-03-21 14:06:23,149 [INFO] DbExamples:333 - Set plugin images path to: C:\ST\STM32CubeIDE_1.4.0\STM32CubeIDE\plugins\com.st.stm32cube.common.mx_6.2.0.202102191602\\db\/plugins/mcufinder/images/
2021-03-21 14:06:23,149 [WARN] DbFile:35 - Overriding database path with different value: C:\Users\evers\.stmcufinder\plugins\mcufinder/ => C:\Users\evers\.stmcufinder\plugins\mcufinder
2021-03-21 14:06:23,150 [INFO] DbMcusAds:85 - Set database path to: C:\Users\evers\.stmcufinder\plugins\mcufinder//mcu/
2021-03-21 14:06:23,150 [WARN] DbFile:35 - Overriding database path with different value: C:\Users\evers\.stmcufinder\plugins\mcufinder/ => C:\Users\evers\.stmcufinder\plugins\mcufinder
2021-03-21 14:06:23,150 [INFO] DbMcusDocs:110 - Set database path to: C:\Users\evers\.stmcufinder\plugins\mcufinder//mcu/
2021-03-21 14:06:23,150 [WARN] DbFile:35 - Overriding database path with different value: C:\Users\evers\.stmcufinder\plugins\mcufinder/ => C:\Users\evers\.stmcufinder\plugins\mcufinder
2021-03-21 14:06:23,150 [INFO] DbMcusJson:65 - Set database path to: C:\Users\evers\.stmcufinder\plugins\mcufinder//mcu/
2021-03-21 14:06:23,150 [WARN] DbFile:35 - Overriding database path with different value: C:\Users\evers\.stmcufinder\plugins\mcufinder/ => C:\Users\evers\.stmcufinder\plugins\mcufinder
2021-03-21 14:06:23,150 [INFO] DbBoardsDocs:110 - Set database path to: C:\Users\evers\.stmcufinder\plugins\mcufinder//mcu/
2021-03-21 14:06:23,150 [WARN] DbFile:35 - Overriding database path with different value: C:\Users\evers\.stmcufinder\plugins\mcufinder/ => C:\Users\evers\.stmcufinder\plugins\mcufinder
2021-03-21 14:06:23,151 [INFO] DbBoardsJson:58 - Set database path to: C:\Users\evers\.stmcufinder\plugins\mcufinder//mcu/
2021-03-21 14:06:23,151 [WARN] DbFile:35 - Overriding database path with different value: C:\Users\evers\.stmcufinder\plugins\mcufinder/ => C:\Users\evers\.stmcufinder\plugins\mcufinder
2021-03-21 14:06:23,151 [WARN] DbFile:35 - Overriding database path with different value: C:\Users\evers\.stmcufinder\plugins\mcufinder/ => C:\Users\evers\.stmcufinder\plugins\mcufinder
2021-03-21 14:06:23,151 [INFO] CrossReferenceDbSqlite:196 - Set database path to: C:\Users\evers\.stmcufinder\plugins\mcufinder//mcu/cs/
2021-03-21 14:06:23,151 [WARN] DbFile:35 - Overriding database path with different value: C:\Users\evers\.stmcufinder\plugins\mcufinder/ => C:\Users\evers\.stmcufinder\plugins\mcufinder
2021-03-21 14:06:23,151 [INFO] DbExamplesSqlite:690 - Set database path to: C:\Users\evers\.stmcufinder\plugins\mcufinder//mcu/
2021-03-21 14:06:23,215 [INFO] MainPanel:204 - HeapMemory: 268435456
2021-03-21 14:06:23,293 [INFO] DbMcusXml:74 - Set database path to: C:\ST\STM32CubeIDE_1.4.0\STM32CubeIDE\plugins\com.st.stm32cube.common.mx_6.2.0.202102191602\\db\/mcu/
2021-03-21 14:06:23,293 [INFO] DbBoardsPdsc:56 - Set plugin database path to: C:\ST\STM32CubeIDE_1.4.0\STM32CubeIDE\plugins\com.st.stm32cube.common.mx_6.2.0.202102191602\\db\/plugins/boardmanager/
2021-03-21 14:06:23,293 [INFO] DbMcus:258 - Set plugin images path to: C:\ST\STM32CubeIDE_1.4.0\STM32CubeIDE\plugins\com.st.stm32cube.common.mx_6.2.0.202102191602\\db\/plugins/mcufinder/images/
2021-03-21 14:06:23,294 [INFO] DbBoards:264 - Set plugin images path to: C:\ST\STM32CubeIDE_1.4.0\STM32CubeIDE\plugins\com.st.stm32cube.common.mx_6.2.0.202102191602\\db\/plugins/mcufinder/images/
2021-03-21 14:06:23,294 [INFO] DbExamples:333 - Set plugin images path to: C:\ST\STM32CubeIDE_1.4.0\STM32CubeIDE\plugins\com.st.stm32cube.common.mx_6.2.0.202102191602\\db\/plugins/mcufinder/images/
2021-03-21 14:06:23,294 [WARN] DbFile:35 - Overriding database path with different value: C:\Users\evers\.stmcufinder\plugins\mcufinder/ => C:\Users\evers\.stmcufinder\plugins\mcufinder
2021-03-21 14:06:23,294 [INFO] DbMcusAds:85 - Set database path to: C:\Users\evers\.stmcufinder\plugins\mcufinder//mcu/
2021-03-21 14:06:23,294 [WARN] DbFile:35 - Overriding database path with different value: C:\Users\evers\.stmcufinder\plugins\mcufinder/ => C:\Users\evers\.stmcufinder\plugins\mcufinder
2021-03-21 14:06:23,294 [INFO] DbMcusDocs:110 - Set database path to: C:\Users\evers\.stmcufinder\plugins\mcufinder//mcu/
2021-03-21 14:06:23,295 [WARN] DbFile:35 - Overriding database path with different value: C:\Users\evers\.stmcufinder\plugins\mcufinder/ => C:\Users\evers\.stmcufinder\plugins\mcufinder
2021-03-21 14:06:23,295 [INFO] DbMcusJson:65 - Set database path to: C:\Users\evers\.stmcufinder\plugins\mcufinder//mcu/
2021-03-21 14:06:23,295 [WARN] DbFile:35 - Overriding database path with different value: C:\Users\evers\.stmcufinder\plugins\mcufinder/ => C:\Users\evers\.stmcufinder\plugins\mcufinder
2021-03-21 14:06:23,295 [INFO] DbBoardsDocs:110 - Set database path to: C:\Users\evers\.stmcufinder\plugins\mcufinder//mcu/
2021-03-21 14:06:23,295 [WARN] DbFile:35 - Overriding database path with different value: C:\Users\evers\.stmcufinder\plugins\mcufinder/ => C:\Users\evers\.stmcufinder\plugins\mcufinder
2021-03-21 14:06:23,295 [INFO] DbBoardsJson:58 - Set database path to: C:\Users\evers\.stmcufinder\plugins\mcufinder//mcu/
2021-03-21 14:06:23,295 [WARN] DbFile:35 - Overriding database path with different value: C:\Users\evers\.stmcufinder\plugins\mcufinder/ => C:\Users\evers\.stmcufinder\plugins\mcufinder
2021-03-21 14:06:23,295 [WARN] DbFile:35 - Overriding database path with different value: C:\Users\evers\.stmcufinder\plugins\mcufinder/ => C:\Users\evers\.stmcufinder\plugins\mcufinder
2021-03-21 14:06:23,295 [INFO] CrossReferenceDbSqlite:196 - Set database path to: C:\Users\evers\.stmcufinder\plugins\mcufinder//mcu/cs/
2021-03-21 14:06:23,295 [WARN] DbFile:35 - Overriding database path with different value: C:\Users\evers\.stmcufinder\plugins\mcufinder/ => C:\Users\evers\.stmcufinder\plugins\mcufinder
2021-03-21 14:06:23,296 [INFO] DbExamplesSqlite:690 - Set database path to: C:\Users\evers\.stmcufinder\plugins\mcufinder//mcu/
2021-03-21 14:06:23,315 [INFO] ApplicationProperties:181 - Using Application install path: C:\ST\STM32CubeIDE_1.4.0\STM32CubeIDE\plugins\com.st.stm32cube.common.mx_6.2.0.202102191602
2021-03-21 14:06:23,317 [INFO] PluginManage:178 - Search for loadable plugins [exclusion list=, ]
2021-03-21 14:06:23,318 [INFO] PluginManage:292 - Check plugin analytics
2021-03-21 14:06:23,491 [INFO] AnalyticsPlugin:233 - Accepted Software Licenses: STM32CubeMX.6.0.1,STM32CubeMX.6.1.1,STM32CubeMX.6.1.2
2021-03-21 14:06:23,492 [INFO] AnalyticsPlugin:235 - Accepted CMSIS Pack Licenses: 
2021-03-21 14:06:23,492 [INFO] AnalyticsPlugin:237 - Accepted Firmware Licenses: 
2021-03-21 14:06:23,492 [INFO] PluginManage:342 - Loaded plugin analytics (category:tool,tabindex:-1)
2021-03-21 14:06:23,492 [INFO] PluginManage:292 - Check plugin clock
2021-03-21 14:06:23,509 [INFO] PluginManage:342 - Loaded plugin clock (category:base,tabindex:2)
2021-03-21 14:06:23,509 [INFO] PluginManage:292 - Check plugin ddr
2021-03-21 14:06:23,512 [INFO] PluginManage:342 - Loaded plugin ddr (category:tool,tabindex:6)
2021-03-21 14:06:23,512 [INFO] PluginManage:292 - Check plugin filemanager
2021-03-21 14:06:23,638 [INFO] PluginManage:342 - Loaded plugin filemanager (category:base,tabindex:10)
2021-03-21 14:06:23,638 [INFO] PluginManage:292 - Check plugin ipmanager
2021-03-21 14:06:23,647 [INFO] PluginManage:342 - Loaded plugin ipmanager (category:base,tabindex:5)
2021-03-21 14:06:23,647 [INFO] PluginManage:292 - Check plugin pinoutandconfiguration
2021-03-21 14:06:23,663 [INFO] PluginManage:342 - Loaded plugin pinoutandconfiguration (category:base,tabindex:1)
2021-03-21 14:06:23,663 [INFO] PluginManage:292 - Check plugin pinoutconfig
2021-03-21 14:06:23,693 [INFO] PluginManage:342 - Loaded plugin pinoutconfig (category:base,tabindex:0)
2021-03-21 14:06:23,693 [INFO] PluginManage:292 - Check plugin power
2021-03-21 14:06:23,709 [INFO] PluginManage:342 - Loaded plugin power (category:power,tabindex:4)
2021-03-21 14:06:23,709 [INFO] PluginManage:292 - Check plugin projectmanager
2021-03-21 14:06:23,727 [INFO] PluginManage:342 - Loaded plugin projectmanager (category:projectmanager,tabindex:3)
2021-03-21 14:06:23,727 [INFO] PluginManage:292 - Check plugin thirdparty
2021-03-21 14:06:23,873 [INFO] PluginManage:342 - Loaded plugin thirdparty (category:base,tabindex:-1)
2021-03-21 14:06:23,873 [INFO] PluginManage:292 - Check plugin tools
2021-03-21 14:06:23,873 [WARN] IntegrityCheckThread:59 - waiting for thirdparty lock release [integrity check]
2021-03-21 14:06:23,874 [INFO] IntegrityCheckThread:61 - entering critical section [integrity check]
2021-03-21 14:06:23,875 [INFO] ThirdPartyUpdaterWithRetryManager:56 - Updater plugin not ready yet. [1/15]
2021-03-21 14:06:23,876 [INFO] PluginManage:342 - Loaded plugin tools (category:base,tabindex:7)
2021-03-21 14:06:23,877 [INFO] PluginManage:292 - Check plugin tutovideos
2021-03-21 14:06:24,123 [INFO] PluginManage:342 - Loaded plugin tutovideos (category:base,tabindex:-1)
2021-03-21 14:06:24,123 [INFO] PluginManage:292 - Check plugin updater
2021-03-21 14:06:24,138 [INFO] PluginManage:342 - Loaded plugin updater (category:base,tabindex:12)
2021-03-21 14:06:24,138 [INFO] PluginManage:265 - PluginManage : Loaded plugins [13]
2021-03-21 14:06:24,319 [INFO] PinOutPanel:1435 - setPackage(No Configuration,No Configuration)
2021-03-21 14:06:24,410 [INFO] IPUIPlugin:64 - create IPUIPlugin
2021-03-21 14:06:24,411 [INFO] PluginManager:203 - loadIPPluginJar : add adc
2021-03-21 14:06:24,414 [INFO] IPUIPlugin:64 - create IPUIPlugin
2021-03-21 14:06:24,414 [INFO] PluginManager:203 - loadIPPluginJar : add aes
2021-03-21 14:06:24,418 [INFO] IPUIPlugin:64 - create IPUIPlugin
2021-03-21 14:06:24,418 [INFO] PluginManager:203 - loadIPPluginJar : add can
2021-03-21 14:06:24,421 [INFO] IPUIPlugin:64 - create IPUIPlugin
2021-03-21 14:06:24,421 [INFO] PluginManager:203 - loadIPPluginJar : add comp
2021-03-21 14:06:24,424 [INFO] IPUIPlugin:64 - create IPUIPlugin
2021-03-21 14:06:24,424 [INFO] PluginManager:203 - loadIPPluginJar : add cryp
2021-03-21 14:06:24,428 [INFO] IPUIPlugin:64 - create IPUIPlugin
2021-03-21 14:06:24,428 [INFO] PluginManager:203 - loadIPPluginJar : add dfsdm
2021-03-21 14:06:24,434 [INFO] IPUIPlugin:64 - create IPUIPlugin
2021-03-21 14:06:24,435 [INFO] PluginManager:203 - loadIPPluginJar : add dma
2021-03-21 14:06:24,438 [INFO] IPUIPlugin:64 - create IPUIPlugin
2021-03-21 14:06:24,438 [INFO] PluginManager:203 - loadIPPluginJar : add fatfs
2021-03-21 14:06:24,444 [INFO] IPUIPlugin:64 - create IPUIPlugin
2021-03-21 14:06:24,444 [INFO] PluginManager:203 - loadIPPluginJar : add fmc
2021-03-21 14:06:24,450 [INFO] IPUIPlugin:64 - create IPUIPlugin
2021-03-21 14:06:24,451 [INFO] PluginManager:203 - loadIPPluginJar : add freertos
2021-03-21 14:06:24,453 [INFO] IPUIPlugin:64 - create IPUIPlugin
2021-03-21 14:06:24,453 [INFO] PluginManager:203 - loadIPPluginJar : add genericplugin
2021-03-21 14:06:24,456 [INFO] IPUIPlugin:64 - create IPUIPlugin
2021-03-21 14:06:24,456 [INFO] PluginManager:203 - loadIPPluginJar : add gfxmmu
2021-03-21 14:06:24,462 [INFO] IPUIPlugin:64 - create IPUIPlugin
2021-03-21 14:06:24,463 [INFO] PluginManager:203 - loadIPPluginJar : add gic
2021-03-21 14:06:24,468 [INFO] IPUIPlugin:64 - create IPUIPlugin
2021-03-21 14:06:24,468 [INFO] PluginManager:203 - loadIPPluginJar : add gpio
2021-03-21 14:06:24,472 [INFO] IPUIPlugin:64 - create IPUIPlugin
2021-03-21 14:06:24,472 [INFO] PluginManager:203 - loadIPPluginJar : add gtzc
2021-03-21 14:06:24,475 [INFO] IPUIPlugin:64 - create IPUIPlugin
2021-03-21 14:06:24,475 [INFO] PluginManager:203 - loadIPPluginJar : add hash
2021-03-21 14:06:24,479 [INFO] IPUIPlugin:64 - create IPUIPlugin
2021-03-21 14:06:24,479 [INFO] PluginManager:203 - loadIPPluginJar : add i2c
2021-03-21 14:06:24,483 [INFO] IPUIPlugin:64 - create IPUIPlugin
2021-03-21 14:06:24,483 [INFO] PluginManager:203 - loadIPPluginJar : add i2s
2021-03-21 14:06:24,486 [INFO] IPUIPlugin:64 - create IPUIPlugin
2021-03-21 14:06:24,487 [INFO] PluginManager:203 - loadIPPluginJar : add ipddr
2021-03-21 14:06:24,491 [INFO] IPUIPlugin:64 - create IPUIPlugin
2021-03-21 14:06:24,491 [INFO] PluginManager:203 - loadIPPluginJar : add lorawan
2021-03-21 14:06:24,493 [INFO] IPUIPlugin:64 - create IPUIPlugin
2021-03-21 14:06:24,494 [INFO] PluginManager:203 - loadIPPluginJar : add ltdc
2021-03-21 14:06:24,499 [INFO] IPUIPlugin:64 - create IPUIPlugin
2021-03-21 14:06:24,499 [INFO] PluginManager:203 - loadIPPluginJar : add mdma
2021-03-21 14:06:24,504 [INFO] IPUIPlugin:64 - create IPUIPlugin
2021-03-21 14:06:24,504 [INFO] PluginManager:203 - loadIPPluginJar : add nvic
2021-03-21 14:06:24,508 [INFO] IPUIPlugin:64 - create IPUIPlugin
2021-03-21 14:06:24,508 [INFO] PluginManager:203 - loadIPPluginJar : add opamp
2021-03-21 14:06:24,512 [INFO] IPUIPlugin:64 - create IPUIPlugin
2021-03-21 14:06:24,512 [INFO] PluginManager:203 - loadIPPluginJar : add openamp
2021-03-21 14:06:24,516 [INFO] IPUIPlugin:64 - create IPUIPlugin
2021-03-21 14:06:24,516 [INFO] PluginManager:203 - loadIPPluginJar : add pdm2pcm
2021-03-21 14:06:24,524 [INFO] IPUIPlugin:64 - create IPUIPlugin
2021-03-21 14:06:24,526 [INFO] PluginManager:203 - loadIPPluginJar : add plateformsettings
2021-03-21 14:06:24,529 [INFO] IPUIPlugin:64 - create IPUIPlugin
2021-03-21 14:06:24,529 [INFO] PluginManager:203 - loadIPPluginJar : add quadspi
2021-03-21 14:06:24,536 [INFO] IPUIPlugin:64 - create IPUIPlugin
2021-03-21 14:06:24,536 [INFO] PluginManager:203 - loadIPPluginJar : add resmgrutility
2021-03-21 14:06:24,541 [INFO] IPUIPlugin:64 - create IPUIPlugin
2021-03-21 14:06:24,542 [INFO] PluginManager:203 - loadIPPluginJar : add sai
2021-03-21 14:06:24,546 [INFO] IPUIPlugin:64 - create IPUIPlugin
2021-03-21 14:06:24,546 [INFO] PluginManager:203 - loadIPPluginJar : add spi
2021-03-21 14:06:24,552 [INFO] IPUIPlugin:64 - create IPUIPlugin
2021-03-21 14:06:24,552 [INFO] PluginManager:203 - loadIPPluginJar : add stm32_wpan
2021-03-21 14:06:24,555 [INFO] IPUIPlugin:64 - create IPUIPlugin
2021-03-21 14:06:24,555 [INFO] PluginManager:203 - loadIPPluginJar : add tim
2021-03-21 14:06:24,561 [INFO] IPUIPlugin:64 - create IPUIPlugin
2021-03-21 14:06:24,562 [INFO] PluginManager:203 - loadIPPluginJar : add touchsensing
2021-03-21 14:06:24,565 [INFO] IPUIPlugin:64 - create IPUIPlugin
2021-03-21 14:06:24,565 [INFO] PluginManager:203 - loadIPPluginJar : add tracer_emb
2021-03-21 14:06:24,568 [INFO] IPUIPlugin:64 - create IPUIPlugin
2021-03-21 14:06:24,568 [INFO] PluginManager:203 - loadIPPluginJar : add ts
2021-03-21 14:06:24,570 [INFO] IPUIPlugin:64 - create IPUIPlugin
2021-03-21 14:06:24,571 [INFO] PluginManager:203 - loadIPPluginJar : add tsc
2021-03-21 14:06:24,573 [INFO] IPUIPlugin:64 - create IPUIPlugin
2021-03-21 14:06:24,574 [INFO] PluginManager:203 - loadIPPluginJar : add ucpd
2021-03-21 14:06:24,578 [INFO] IPUIPlugin:64 - create IPUIPlugin
2021-03-21 14:06:24,578 [INFO] PluginManager:203 - loadIPPluginJar : add usart
2021-03-21 14:06:24,888 [FATAL] Updater:284 - Updater called before beeing initialized
2021-03-21 14:06:25,010 [FATAL] Updater:284 - Updater called before beeing initialized
2021-03-21 14:06:25,014 [INFO] DbMcusAds:132 - JSON generation date=Thu Feb 11 15:55:24 CET 2021 (1613055324029)
2021-03-21 14:06:25,015 [FATAL] Updater:284 - Updater called before beeing initialized
2021-03-21 14:06:25,061 [WARN] DetailPanel:315 - Failed to get advertising image, set to default
2021-03-21 14:06:25,321 [FATAL] Updater:284 - Updater called before beeing initialized
2021-03-21 14:06:25,325 [FATAL] Updater:284 - Updater called before beeing initialized
2021-03-21 14:06:25,325 [FATAL] Updater:284 - Updater called before beeing initialized
2021-03-21 14:06:25,326 [WARN] DetailPanel:315 - Failed to get advertising image, set to default
2021-03-21 14:06:25,327 [FATAL] Updater:284 - Updater called before beeing initialized
2021-03-21 14:06:25,377 [FATAL] Updater:284 - Updater called before beeing initialized
2021-03-21 14:06:25,378 [WARN] ThirdParty:796 - waiting for thirdparty lock release [close project]
2021-03-21 14:06:26,878 [INFO] ThirdPartyUpdaterWithRetryManager:56 - Updater plugin not ready yet. [2/15]
2021-03-21 14:06:29,885 [FATAL] Updater:284 - Updater called before beeing initialized
2021-03-21 14:06:29,886 [ERROR] AbstractThirdPartyUpdaterManager:153 - class java.lang.Integer cannot be cast to class java.util.List (java.lang.Integer and java.util.List are in module java.base of loader 'bootstrap')
2021-03-21 14:06:29,887 [INFO] ThirdParty:900 - Integrity check success = false
2021-03-21 14:06:29,889 [INFO] IntegrityCheckThread:75 - exiting critical section [integrity check]
2021-03-21 14:06:29,890 [INFO] IntegrityCheckThread:78 - End integrity checks thread
2021-03-21 14:06:29,890 [INFO] ThirdParty:798 - entering critical section [close project]
2021-03-21 14:06:29,895 [INFO] ThirdParty:809 - exiting critical section [close project]
2021-03-21 14:06:29,911 [INFO] PinOutPanel:1435 - setPackage(No Configuration,No Configuration)
2021-03-21 14:06:29,914 [FATAL] Updater:284 - Updater called before beeing initialized
2021-03-21 14:06:29,961 [INFO] Updater:1002 - Updater Version found : 6.2.0
2021-03-21 14:06:29,987 [INFO] ApplicationProperties:181 - Using Application install path: C:\ST\STM32CubeIDE_1.4.0\STM32CubeIDE\plugins\com.st.stm32cube.common.mx_6.2.0.202102191602
2021-03-21 14:06:30,002 [INFO] MainUpdater:4847 - Software Update Detected: STM32CubeMX
2021-03-21 14:06:30,008 [ERROR] MainUpdater:4853 - Failed to launch self-upgrade
2021-03-21 14:06:30,116 [INFO] MainUpdater:2661 - connection check result : 10
2021-03-21 14:06:30,116 [INFO] MainUpdater:3349 - Updater definition file requires update
2021-03-21 14:06:30,118 [INFO] MainUpdater:255 - Updater Check For Update Now.
2021-03-21 14:06:30,118 [INFO] MicroXplorer:472 - Change Database Version : DB.6.0.20
2021-03-21 14:06:30,152 [INFO] ServerAccessManage:348 - Download File updaters.zip
2021-03-21 14:06:33,890 [INFO] FileExtend:225 - Unzip File : updaters.zip
2021-03-21 14:06:33,890 [INFO] FileExtend:240 - Standard Zip Deflate
2021-03-21 14:06:34,843 [INFO] ServerAccessManage:348 - Download File PacksControlFlags.xml
2021-03-21 14:06:35,143 [INFO] ServerAccessManage:348 - Download File cubemx.pidx
2021-03-21 14:06:35,873 [INFO] ServerAccessManage:348 - Download File STMicroelectronics.X-CUBE-AI.pdsc
2021-03-21 14:06:37,868 [INFO] ServerAccessManage:348 - Download File STMicroelectronics.X-CUBE-MEMS1.pdsc
2021-03-21 14:06:41,100 [INFO] MainUpdater:2661 - connection check result : 10
2021-03-21 14:06:42,068 [INFO] CheckServerUpdateThread:102 - End of CheckServer Thread
2021-03-21 14:06:42,072 [WARN] PackLoader:226 - Cannot read IP mode file for STMicroelectronics.X-CUBE-AI.6.0.0
2021-03-21 14:06:42,133 [WARN] PackLoader:226 - Cannot read IP mode file for STMicroelectronics.X-CUBE-MEMS1.8.2.0
2021-03-21 14:06:42,286 [INFO] PopulateThirdPartyThread:50 - Ending populate Thread
2021-03-21 14:06:42,290 [INFO] ThirdParty:952 - CMSIS Pack Vendor :STMicroelectronics X-CUBE-MEMS1 8.2.0
2021-03-21 14:06:42,291 [INFO] ThirdParty:952 - CMSIS Pack Vendor :STMicroelectronics X-CUBE-AI 6.0.0
2021-03-21 14:06:42,291 [INFO] LoadServerUpdatesThread:329 - End of LoadServerUpdate Thread
2021-03-21 14:06:42,331 [INFO] CrossSelectorPresenter:1330 - Cross Selector saved comparison directory: C:\Users\evers\.stmcufinder\plugins\mcufinder\mcu\cs_comparisons_mx
2021-03-21 14:06:42,336 [INFO] MultiScanPanel:200 - Auto-refresh data requested => check proxy status ongoing
2021-03-21 14:06:42,339 [INFO] FinderPluginLoader:87 - Searching for filters in installed packs
2021-03-21 14:06:42,342 [INFO] DbMcusXml:100 - Load MCU database from C:\ST\STM32CubeIDE_1.4.0\STM32CubeIDE\plugins\com.st.stm32cube.common.mx_6.2.0.202102191602\\db\/mcu/families.xml
2021-03-21 14:06:42,958 [INFO] DbMcusJson:94 - JSON generation date=Mon Feb 08 14:35:07 CET 2021 (1612791307)
2021-03-21 14:06:43,606 [INFO] DbMcus:175 - Found 1906 MCUs (1866 are supported by CubeMX, 1866 are visible in CubeMX)
2021-03-21 14:06:43,607 [INFO] ApiDb:251 - Load user favorites file C:\Users\evers/.stm32cubeide/favorites.mcus.txt: 0 item(s)
2021-03-21 14:06:43,608 [INFO] ApiDb:255 - User favorites MCUs=[]
2021-03-21 14:06:43,608 [INFO] DbMcus:187 - Set 0 / 0 favorites MCUs
2021-03-21 14:06:44,042 [WARN] DetailPanel:315 - Failed to get advertising image, set to default
2021-03-21 14:06:44,454 [INFO] DbBoardsPdsc:90 - Found 24 items
2021-03-21 14:06:44,457 [INFO] DbBoardsPdsc:90 - Found 9 items
2021-03-21 14:06:44,461 [INFO] DbBoardsPdsc:90 - Found 33 items
2021-03-21 14:06:44,463 [INFO] DbBoardsPdsc:90 - Found 1 items
2021-03-21 14:06:44,470 [INFO] DbBoardsPdsc:90 - Found 46 items
2021-03-21 14:06:44,477 [INFO] DbBoardsPdsc:90 - Found 41 items
2021-03-21 14:06:44,479 [INFO] DbBoardsPdsc:90 - Found 2 items
2021-03-21 14:06:44,481 [INFO] DbBoardsPdsc:90 - Found 5 items
2021-03-21 14:06:44,483 [WARN] DbBoardsPdsc:254 - Board NUCLEO-WB15CC: unknown feature type=, name=, username=Three user LEDs, n=1
2021-03-21 14:06:44,483 [WARN] DbBoardsPdsc:254 - Board NUCLEO-WB15CC: unknown feature type=, name=, username=One reset and three user push-buttons, n=1
2021-03-21 14:06:44,483 [WARN] DbBoardsPdsc:254 - Board NUCLEO-WB15CC: unknown feature type=, name=, username=Arduino Uno V3 expansion connector, n=1
2021-03-21 14:06:44,483 [WARN] DbBoardsPdsc:254 - Board NUCLEO-WB15CC: unknown feature type=, name=, username=ST morpho extension pin headers for full access to all STM32WB I/Os, n=1
2021-03-21 14:06:44,483 [WARN] DbBoardsPdsc:254 - Board NUCLEO-WB15CC: unknown feature type=, name=, username=Integrated PCB antenna and SMA connector footprint, n=1
2021-03-21 14:06:44,483 [WARN] DbBoardsPdsc:254 - Board NUCLEO-WB15CC: unknown feature type=, name=, username=Flexible power-supply options: ST-LINK, USB VBUS, or external sources, n=1
2021-03-21 14:06:44,483 [WARN] DbBoardsPdsc:254 - Board NUCLEO-WB15CC: unknown feature type=, name=, username=On-board footprint to mount a CR2032 battery socket, n=1
2021-03-21 14:06:44,483 [WARN] DbBoardsPdsc:254 - Board NUCLEO-WB15CC: unknown feature type=, name=, username=On-board ST-LINK/V2-1 debugger/programmer with USB re-enumeration capability: mass storage, Virtual COM port, and debug port, n=1
2021-03-21 14:06:44,483 [WARN] DbBoardsPdsc:254 - Board NUCLEO-WB15CC: unknown feature type=, name=, username=Comprehensive free software libraries and examples available with the STM32CubeWB MCU Package, n=1
2021-03-21 14:06:44,484 [WARN] DbBoardsPdsc:254 - Board NUCLEO-WB15CC: unknown feature type=, name=, username=Support of a wide choice of Integrated Development Environments (IDEs) including IAR Embedded Workbench, MDK-ARM, STM32CubeIDE, and Mbed Studio, n=1
2021-03-21 14:06:44,485 [WARN] DbBoardsPdsc:254 - Board STM32H7B3I-DK: unknown feature type=Audio, name=, username=Audio stereo codec with Headphone Amp (CS42L51-CNZ), n=1
2021-03-21 14:06:44,486 [WARN] DbBoardsPdsc:254 - Board STM32H735G-DK: unknown feature type=Audio, name=, username=Audio stereo codec with Headphone Amp (WM8994ECS/R), n=1
2021-03-21 14:06:44,486 [WARN] DbBoardsPdsc:254 - Board STM32WB5MM-DK: unknown feature type=, name=, username=Time-of-Flight and gesture-detection sensor, n=1
2021-03-21 14:06:44,486 [WARN] DbBoardsPdsc:254 - Board STM32WB5MM-DK: unknown feature type=, name=, username=3 push-buttons (2 users and 1 reset) and 1 touch key button, n=1
2021-03-21 14:06:44,486 [WARN] DbBoardsPdsc:254 - Board STM32WB5MM-DK: unknown feature type=, name=, username=Flexible power-supply options: ST-LINK/V2-1 USB connector, 5 V delivered by ARDUINO® or external connector, USB charger, or USB power, n=1
2021-03-21 14:06:44,486 [WARN] DbBoardsPdsc:254 - Board STM32WB5MM-DK: unknown feature type=, name=, username=On-board ST-LINK/V2-1 debugger/programmer with USB re-enumeration capability: Virtual COM port and debug port, n=1
2021-03-21 14:06:44,486 [WARN] DbBoardsPdsc:254 - Board STM32WB5MM-DK: unknown feature type=, name=, username=Comprehensive free software libraries and examples available with the STM32CubeWB MCU Package, n=1
2021-03-21 14:06:44,486 [WARN] DbBoardsPdsc:254 - Board STM32WB5MM-DK: unknown feature type=, name=, username=Support of a wide choice of Integrated Development Environments (IDEs) including IAR Embedded Workbench®, MDK-ARM, and STM32CubeIDE, n=1
2021-03-21 14:06:44,487 [WARN] DbBoardsPdsc:254 - Board STM32H7B3I-EVAL: unknown feature type=Audio, name=, username=Multi-Channel Audio Codec (CS42L51-CNZ), n=1
2021-03-21 14:06:44,488 [WARN] DbBoardsPdsc:254 - Board STM32H7B3I-EVAL: unknown feature type=Meter, name=, username=Power-metering and Temperature-monitoring with sigma-delta modulators, n=1
2021-03-21 14:06:44,488 [WARN] DbBoardsPdsc:254 - Board STM32H7B3I-EVAL: unknown feature type=Motor, name=, username=Motor Control, n=1
2021-03-21 14:06:44,503 [INFO] DbBoardsJson:87 - JSON generation date=Thu Feb 04 17:53:45 CET 2021 (1612457625)
2021-03-21 14:06:44,508 [INFO] DbBoards:117 - Found 161 boards (158 are supported by CubeMX)
2021-03-21 14:06:44,518 [INFO] DbBoardsDocs:143 - JSON generation date=Mon Feb 08 14:35:07 CET 2021 (1612791307)
2021-03-21 14:06:44,537 [INFO] DbBoardsDocs:79 - Found 193 boards documents
2021-03-21 14:06:44,538 [WARN] DbBoards:127 - board B-L462E-CELL1 has no document id list !
2021-03-21 14:06:44,538 [WARN] DbBoards:127 - board B-L475E-IOT01A2 has no document id list !
2021-03-21 14:06:44,539 [WARN] DbBoards:127 - board NUCLEO-G0B1RE has no document id list !
2021-03-21 14:06:44,539 [WARN] DbBoards:127 - board NUCLEO-H743ZI2 has no document id list !
2021-03-21 14:06:44,540 [WARN] DbBoards:127 - board NUCLEO-L4A6ZG has no document id list !
2021-03-21 14:06:44,540 [WARN] DbBoards:127 - board NUCLEO-WB15CC has no document id list !
2021-03-21 14:06:44,540 [WARN] DbBoards:127 - board NUCLEO-WB55RG has no document id list !
2021-03-21 14:06:44,540 [WARN] DbBoards:127 - board NUCLEO-WL55JC2 has no document id list !
2021-03-21 14:06:44,540 [WARN] DbBoards:127 - board P-NUCLEO-WB55-Nucleo has no document id list !
2021-03-21 14:06:44,540 [WARN] DbBoards:127 - board P-NUCLEO-WB55-USBDongle has no document id list !
2021-03-21 14:06:44,540 [WARN] DbBoards:127 - board STEVAL-BFA001V1B has no document id list !
2021-03-21 14:06:44,540 [WARN] DbBoards:127 - board STEVAL-BFA001V2B has no document id list !
2021-03-21 14:06:44,540 [WARN] DbBoards:127 - board STEVAL-IDP005V1 has no document id list !
2021-03-21 14:06:44,540 [WARN] DbBoards:127 - board STEVAL-IDP005V2 has no document id list !
2021-03-21 14:06:44,540 [WARN] DbBoards:127 - board STEVAL-MKSBOX1V1 has no document id list !
2021-03-21 14:06:44,540 [WARN] DbBoards:127 - board STEVAL-STWINKT1 has no document id list !
2021-03-21 14:06:44,541 [WARN] DbBoards:127 - board STEVAL-STWINKT1B has no document id list !
2021-03-21 14:06:44,541 [WARN] DbBoards:127 - board STM32F401C-DISCO has no document id list !
2021-03-21 14:06:44,542 [WARN] DbBoards:127 - board STM32F769I-DISC1 has no document id list !
2021-03-21 14:06:44,542 [WARN] DbBoards:127 - board STM32G0C1E-EV has no document id list !
2021-03-21 14:06:44,542 [WARN] DbBoards:127 - board STM32G474E-EVAL1 has no document id list !
2021-03-21 14:06:44,542 [WARN] DbBoards:127 - board STM32H743I-EVAL2 has no document id list !
2021-03-21 14:06:44,542 [WARN] DbBoards:127 - board STM32H747I-DISC1 has no document id list !
2021-03-21 14:06:44,542 [WARN] DbBoards:127 - board STM32H753I-EVAL2 has no document id list !
2021-03-21 14:06:44,543 [WARN] DbBoards:127 - board STM32L-DISCOVERY has no document id list !
2021-03-21 14:06:44,543 [WARN] DbBoards:127 - board STM32MP157A-DK1 has no document id list !
2021-03-21 14:06:44,543 [WARN] DbBoards:127 - board STM32MP157F-DK2 has no document id list !
2021-03-21 14:06:44,543 [WARN] DbBoards:127 - board STM32MP157F-EV1 has no document id list !
2021-03-21 14:06:44,543 [WARN] DbBoards:127 - board STM32WB5MM-DK has no document id list !
2021-03-21 14:06:46,103 [INFO] ApiDb:251 - Load user favorites file C:\Users\evers/.stm32cubeide/favorites.boards.txt: 1 item(s)
2021-03-21 14:06:46,104 [INFO] ApiDb:255 - User favorites Boards=[NUCLEO-L476RG]
2021-03-21 14:06:46,104 [INFO] DbBoards:206 - Set 1 / 1 favorites Boards
2021-03-21 14:06:48,840 [INFO] MultiScanPanel:200 - Auto-refresh data requested => check proxy status ongoing
2021-03-21 14:06:48,931 [WARN] DetailPanel:315 - Failed to get advertising image, set to default
2021-03-21 14:07:17,745 [INFO] RetryExec:97 - I/O exception (org.apache.http.NoHttpResponseException) caught when processing request to {s}->https://sw-center.st.com:443: The target server failed to respond
2021-03-21 14:07:17,748 [INFO] RetryExec:113 - Retrying request to {s}->https://sw-center.st.com:443
2021-03-21 14:07:19,240 [INFO] RetryExec:97 - I/O exception (org.apache.http.NoHttpResponseException) caught when processing request to {s}->https://sw-center.st.com:443: The target server failed to respond
2021-03-21 14:07:19,241 [INFO] RetryExec:113 - Retrying request to {s}->https://sw-center.st.com:443
2021-03-21 14:07:28,674 [INFO] MainUpdater:2661 - connection check result : 10
2021-03-21 14:07:28,674 [INFO] MainUpdater:2661 - connection check result : 10
2021-03-21 14:07:28,705 [INFO] MicroXplorer:442 - Change Database Path : 
2021-03-21 14:07:28,706 [INFO] MicroXplorer:472 - Change Database Version : DB.6.0.20
2021-03-21 14:07:28,706 [WARN] ThirdParty:796 - waiting for thirdparty lock release [close project]
2021-03-21 14:07:28,706 [INFO] ThirdParty:798 - entering critical section [close project]
2021-03-21 14:07:28,706 [INFO] ThirdParty:809 - exiting critical section [close project]
2021-03-21 14:07:28,711 [INFO] PinOutPanel:1435 - setPackage(No Configuration,No Configuration)
2021-03-21 14:07:28,712 [INFO] UtilMem:74 - Begin LoadConfig() Used Memory: 497370856 Bytes (661651456)
2021-03-21 14:07:28,713 [INFO] OpenFileManager:303 - Change cursor
2021-03-21 14:07:28,723 [WARN] IntegrityCheckThread:59 - waiting for thirdparty lock release [integrity check]
2021-03-21 14:07:28,723 [INFO] IntegrityCheckThread:61 - entering critical section [integrity check]
2021-03-21 14:07:28,783 [WARN] PackLoader:226 - Cannot read IP mode file for RoweBots.I-CUBE-UNISONRTOS.5.5.0-4
2021-03-21 14:07:28,798 [WARN] PackLoader:226 - Cannot read IP mode file for STMicroelectronics.X-CUBE-SFXS2LP1.3.0.0
2021-03-21 14:07:28,884 [WARN] PackLoader:226 - Cannot read IP mode file for STMicroelectronics.X-CUBE-MEMS1.8.2.0
2021-03-21 14:07:29,095 [WARN] PackLoader:226 - Cannot read IP mode file for STMicroelectronics.X-CUBE-NFC4.2.0.2
2021-03-21 14:07:29,102 [WARN] PackLoader:226 - Cannot read IP mode file for STMicroelectronics.X-CUBE-BLE2.3.2.0
2021-03-21 14:07:29,112 [WARN] PackLoader:226 - Cannot read IP mode file for STMicroelectronics.X-CUBE-SUBG2.4.0.0
2021-03-21 14:07:29,154 [WARN] PackLoader:226 - Cannot read IP mode file for STMicroelectronics.X-CUBE-AZRTOS-H7.1.0.0
2021-03-21 14:07:29,161 [WARN] PackLoader:226 - Cannot read IP mode file for STMicroelectronics.X-CUBE-AI.6.0.0
2021-03-21 14:07:29,167 [WARN] PackLoader:226 - Cannot read IP mode file for STMicroelectronics.X-CUBE-ALGOBUILD.1.2.0
2021-03-21 14:07:29,173 [WARN] PackLoader:226 - Cannot read IP mode file for STMicroelectronics.X-CUBE-GNSS1.5.2.0
2021-03-21 14:07:29,178 [WARN] PackLoader:226 - Cannot read IP mode file for wolfSSL.I-CUBE-wolfSSL.4.7.0
2021-03-21 14:07:29,181 [WARN] PackLoader:226 - Cannot read IP mode file for STMicroelectronics.X-CUBE-TOUCHGFX.4.16.1
2021-03-21 14:07:29,183 [INFO] ThirdParty:900 - Integrity check success = true
2021-03-21 14:07:29,183 [INFO] IntegrityCheckThread:75 - exiting critical section [integrity check]
2021-03-21 14:07:29,183 [INFO] IntegrityCheckThread:78 - End integrity checks thread
2021-03-21 14:07:31,866 [INFO] Context:587 - Trying to add GPIOservice into a context  which must be forbidden
2021-03-21 14:07:32,610 [INFO] Rule:214 - rule Rename Enabled to IBEACON is applicable
2021-03-21 14:07:32,610 [INFO] Rule:214 - rule GTZC_S instance for project manager is applicable
2021-03-21 14:07:32,610 [INFO] Rule:214 - rule GTZC_S instance for context M0+ is applicable
2021-03-21 14:07:32,610 [INFO] Rule:214 - rule GTZC_NS instance for context M4 is applicable
2021-03-21 14:07:32,611 [INFO] Rule:214 - rule GTZC_S instance value for IP GTZC is applicable
2021-03-21 14:07:32,611 [INFO] Rule:214 - rule GTZC_S instance for mcu.IP is applicable
2021-03-21 14:07:32,611 [INFO] Rule:214 - rule GTZC_S instance for mcu.Pin is applicable
2021-03-21 14:07:32,611 [INFO] Rule:214 - rule GTZC_S instance for VP is applicable
2021-03-21 14:07:32,611 [INFO] Rule:214 - rule GTZC_S instance for signal is applicable
2021-03-21 14:07:32,611 [INFO] Rule:214 - rule GTZC_S instance for mcu is applicable
2021-03-21 14:07:32,611 [INFO] Rule:214 - rule GTZC_S instance for mcu.Pin is applicable
2021-03-21 14:07:32,611 [INFO] Rule:214 - rule GTZC_S instance value for IP GTZC is applicable
2021-03-21 14:07:32,612 [INFO] Rule:214 - rule GTZC_S instance for project manager is applicable
2021-03-21 14:07:32,612 [INFO] Rule:214 - rule GTZC_S instance for context M33S is applicable
2021-03-21 14:07:32,612 [INFO] Rule:214 - rule GTZC_S instance for VP is applicable
2021-03-21 14:07:32,612 [INFO] Rule:214 - rule GTZC_S instance for signal is applicable
2021-03-21 14:07:32,612 [INFO] Rule:214 - rule SPDIFRX instance for mcu is applicable
2021-03-21 14:07:32,612 [INFO] Rule:214 - rule Rename Tracer Mode is applicable
2021-03-21 14:07:32,613 [INFO] Rule:214 - rule SPDIFRX instance value for IP SPDIFRX is applicable
2021-03-21 14:07:32,613 [INFO] Rule:214 - rule SPDIFRX instance for signal is applicable
2021-03-21 14:07:32,613 [INFO] Rule:214 - rule SPDIFRX instance for project manager is applicable
2021-03-21 14:07:32,613 [INFO] Rule:214 - rule SPDIFRX instance for project manager is applicable
2021-03-21 14:07:32,613 [INFO] Rule:214 - rule ADC Scan  fix with FW F7 is applicable
2021-03-21 14:07:32,613 [INFO] Rule:214 - rule ADC Scan  fix with FW F7 is applicable
2021-03-21 14:07:32,614 [INFO] Rule:214 - rule Add RTC Activate Clock Source is applicable
2021-03-21 14:07:32,614 [INFO] Rule:214 - rule Add RTC Activate Calendar 1 is applicable
2021-03-21 14:07:32,614 [INFO] Rule:214 - rule Add RTC Activate Calendar 2 is applicable
2021-03-21 14:07:32,614 [INFO] Rule:214 - rule Add RTC Activate Calendar 3 is applicable
2021-03-21 14:07:32,615 [INFO] Rule:214 - rule UART/USART TX Mode is applicable
2021-03-21 14:07:32,615 [INFO] Rule:214 - rule UART/USART RX Mode is applicable
2021-03-21 14:07:32,615 [INFO] Rule:214 - rule UART/USART RX TX Mode is applicable
2021-03-21 14:07:32,615 [INFO] Rule:214 - rule UART/USART PARITY NONE is applicable
2021-03-21 14:07:32,615 [INFO] Rule:214 - rule UART/USART PARITY EVEN is applicable
2021-03-21 14:07:32,615 [INFO] Rule:214 - rule UART/USART PARITY ODD is applicable
2021-03-21 14:07:32,615 [INFO] Rule:214 - rule USART StopBits 1 is applicable
2021-03-21 14:07:32,616 [INFO] Rule:214 - rule USART StopBits 2 is applicable
2021-03-21 14:07:32,616 [INFO] Rule:214 - rule USART StopBits 1.5 is applicable
2021-03-21 14:07:32,616 [INFO] Rule:214 - rule USART StopBits 0.5 is applicable
2021-03-21 14:07:32,616 [INFO] Rule:214 - rule UART/USART WORD LENGTH 7 is applicable
2021-03-21 14:07:32,616 [INFO] Rule:214 - rule UART/USART WORD LENGTH 8 is applicable
2021-03-21 14:07:32,616 [INFO] Rule:214 - rule UART/USART WORD LENGTH 9 is applicable
2021-03-21 14:07:32,616 [INFO] Rule:214 - rule Rename FMC NAND NCE signal is applicable
2021-03-21 14:07:32,617 [INFO] Rule:214 - rule Rename FMC NAND INT signal is applicable
2021-03-21 14:07:32,617 [INFO] Rule:214 - rule Change Default Value for ADC ExternalTrigConv L4 family is applicable
2021-03-21 14:07:32,617 [INFO] Rule:214 - rule Change Default Value for ADC ExternalTrigInjecConv L4 family is applicable
2021-03-21 14:07:32,617 [INFO] Rule:214 - rule Change Default Value for ADC ExternalTrigConv F3 family is applicable
2021-03-21 14:07:32,617 [INFO] Rule:214 - rule Change Default Value for ADC ExternalTrigInjecConv F3 family is applicable
2021-03-21 14:07:32,617 [INFO] Rule:214 - rule Change Default Value for ADC ExternalTrigConv Goldfish serie is applicable
2021-03-21 14:07:32,617 [INFO] Rule:214 - rule Change Default Value for ADC ExternalTrigInjecConv Goldfish serie is applicable
2021-03-21 14:07:32,618 [INFO] Rule:214 - rule Change Default Value for ADC ExternalTrigConv L0 family is applicable
2021-03-21 14:07:32,618 [INFO] Rule:214 - rule Change Default Value for ADC ExternalTrigConv F0 family is applicable
2021-03-21 14:07:32,618 [INFO] Rule:214 - rule Change Default Value for ADC ExternalTrigConvn L1 family is applicable
2021-03-21 14:07:32,618 [INFO] Rule:214 - rule Change Default Value for ADC ExternalTrigInjecConv L1 family is applicable
2021-03-21 14:07:32,618 [INFO] Rule:214 - rule Change Default Value for ADC ExternalTrigConv F1 family is applicable
2021-03-21 14:07:32,618 [INFO] Rule:214 - rule Change Default Value for ADC ExternalTrigInjecConv F1 family is applicable
2021-03-21 14:07:32,618 [INFO] Rule:214 - rule Change Default Value for ADC ExternalTrigConv F7 family is applicable
2021-03-21 14:07:32,618 [INFO] Rule:214 - rule Change Default Value for ADC ExternalTrigInjecConv F7 family is applicable
2021-03-21 14:07:32,618 [INFO] Rule:214 - rule Change Default Value for ADC ExternalTrigConv F4 and F2 family is applicable
2021-03-21 14:07:32,618 [INFO] Rule:214 - rule Change Default Value for ADC ExternalTrigInjecConv F4 and F2 family is applicable
2021-03-21 14:07:32,618 [INFO] Rule:214 - rule ADC SamplingTime fix with FW L0  is applicable
2021-03-21 14:07:32,618 [INFO] Rule:214 - rule ADC SamplingTime fix with FW L0  is applicable
2021-03-21 14:07:32,619 [INFO] Rule:214 - rule ADC SamplingTime fix with FW L0 is applicable
2021-03-21 14:07:32,619 [INFO] Rule:214 - rule ADC SamplingTime fix with FW L0 is applicable
2021-03-21 14:07:32,619 [INFO] Rule:214 - rule ADC SamplingTime fix with FW L0  is applicable
2021-03-21 14:07:32,619 [INFO] Rule:214 - rule ADC SamplingTime fix with FW L0 is applicable
2021-03-21 14:07:32,619 [INFO] Rule:214 - rule Rename USB_OE Signal is applicable
2021-03-21 14:07:32,619 [INFO] Rule:214 - rule Rename Activate_OE Mode is applicable
2021-03-21 14:07:32,619 [INFO] Rule:214 - rule Rename DIE462/DIE415 pin PC14/OSC32_IN -> PC14-OSC32_IN (PC14) is applicable
2021-03-21 14:07:32,619 [INFO] Rule:214 - rule Rename DIE462/DIE415 pin PC15/OSC32_OUT -> PC15-OSC32_OUT (PC15) is applicable
2021-03-21 14:07:32,619 [INFO] Rule:214 - rule Rename DIE462/DIE415 pin PH0/OSC_IN -> PH0-OSC_IN (PH0) is applicable
2021-03-21 14:07:32,619 [INFO] Rule:214 - rule Rename DIE462/DIE415 pin PH1/OSC_OUT -> PH1-OSC_OUT (PH1) is applicable
2021-03-21 14:07:32,619 [INFO] Rule:214 - rule Rename DIE462 pin PA13 -> PA13 (JTMS/SWDIO) is applicable
2021-03-21 14:07:32,619 [INFO] Rule:214 - rule Rename DIE415 pin PA13 -> PA13 (JTMS/SWDIO) is applicable
2021-03-21 14:07:32,620 [INFO] Rule:214 - rule Rename DIE462 pin PA14 -> PA14 (JTCK/SWCLK) is applicable
2021-03-21 14:07:32,620 [INFO] Rule:214 - rule Rename DIE415 pin PA14 -> PA14 (JTCK/SWCLK) is applicable
2021-03-21 14:07:32,620 [INFO] Rule:214 - rule Rename DIE462/DIE415 pin PA15 -> PA15 (JTDI) is applicable
2021-03-21 14:07:32,620 [INFO] Rule:214 - rule Rename DIE462 pin PB3 -> PB3 (JTD0/TRACESWO) is applicable
2021-03-21 14:07:32,620 [INFO] Rule:214 - rule Rename DIE415 pin PB3 -> PB3 (JTD0-TRACESWO) is applicable
2021-03-21 14:07:32,620 [INFO] Rule:214 - rule Rename DIE462/DIE415 pin PB4 -> PB4 (NJTRST) is applicable
2021-03-21 14:07:32,620 [INFO] Rule:214 - rule Rename DIE462 pin PH3/BOOT0 -> PH3-BOOT0 (BOOT0) is applicable
2021-03-21 14:07:32,620 [INFO] Rule:214 - rule Rename CRYP DataEncryptionTypesList to Algorithm is applicable
2021-03-21 14:07:32,620 [INFO] Rule:214 - rule Rename AES DataEncryptionTypesList to Algorithm is applicable
2021-03-21 14:07:32,620 [INFO] Rule:214 - rule Rename TDESECB to CRYP_TDES_ECB is applicable
2021-03-21 14:07:32,620 [INFO] Rule:214 - rule Rename TDESCBC to CRYP_TDES_CBC is applicable
2021-03-21 14:07:32,620 [INFO] Rule:214 - rule Rename DESECB to CRYP_DES_ECB is applicable
2021-03-21 14:07:32,621 [INFO] Rule:214 - rule Rename DESCBC to CRYP_DES_CBC is applicable
2021-03-21 14:07:32,621 [INFO] Rule:214 - rule Rename AESECB to CRYP_AES_ECB is applicable
2021-03-21 14:07:32,621 [INFO] Rule:214 - rule Rename AESCBC to CRYP_AES_CBC is applicable
2021-03-21 14:07:32,621 [INFO] Rule:214 - rule Rename AESCTR to CRYP_AES_CTR is applicable
2021-03-21 14:07:32,621 [INFO] Rule:214 - rule Rename AESGCM to CRYP_AES_GCM is applicable
2021-03-21 14:07:32,621 [INFO] Rule:214 - rule Rename AESCCM to CRYP_AES_CCM is applicable
2021-03-21 14:07:32,621 [INFO] Rule:214 - rule Rename CAN TimeSeg1 to BS1 is applicable
2021-03-21 14:07:32,621 [INFO] Rule:214 - rule Rename CAN TimeSeg2 to BS2 is applicable
2021-03-21 14:07:32,621 [INFO] Rule:214 - rule Rename CAN SyncJumpWidth to SJW is applicable
2021-03-21 14:07:32,621 [INFO] Rule:214 - rule TimeTriggeredMode to TTCM is applicable
2021-03-21 14:07:32,621 [INFO] Rule:214 - rule Rename CAN AutoBusOff to ABOM is applicable
2021-03-21 14:07:32,621 [INFO] Rule:214 - rule Rename CAN AutoWakeUp to AWUM is applicable
2021-03-21 14:07:32,621 [INFO] Rule:214 - rule Rename CAN AutoRetransmission to NART is applicable
2021-03-21 14:07:32,622 [INFO] Rule:214 - rule Rename CAN ReceiveFifoLocked to RFLM is applicable
2021-03-21 14:07:32,622 [INFO] Rule:214 - rule Rename CAN TransmitFifoPriority to TXFP is applicable
2021-03-21 14:07:32,622 [INFO] Rule:214 - rule Rename HRTIMER HRTIM_OUTPUTFAULTLEVEL_HIGH in HRTIMER HRTIM_OUTPUTFAULTLEVEL_HIGHZ is applicable
2021-03-21 14:07:32,622 [INFO] Rule:214 - rule Rename TIMER TIM_CLEARINPUTSOURCE_OCREFCLR in  TIMER TIM_CLEARINPUTSOURCE_NONE for F7 family is applicable
2021-03-21 14:07:32,622 [INFO] Rule:214 - rule FDCAN_R1 - Rename FDCAN mode Master into Classic is applicable
2021-03-21 14:07:32,622 [INFO] Rule:214 - rule FDCAN_R2 - Rename FDCAN mode Slave into Classic is applicable
2021-03-21 14:07:32,622 [INFO] Rule:214 - rule FDCAN1_R3 - if PA10.Mode=FullDuplex, add Pin PA12 is applicable
2021-03-21 14:07:32,622 [INFO] Rule:214 - rule FDCAN1_R3 - if PA9.Mode=FullDuplex, add Pin PA11 is applicable
2021-03-21 14:07:32,622 [INFO] Rule:214 - rule FDCAN1_R3 - Alternatepin_1 - if PE1.Mode=FullDuplex, add Pin PB9 is applicable
2021-03-21 14:07:32,622 [INFO] Rule:214 - rule FDCAN1_R3 - Alternatepin_1 - if PE0.Mode=FullDuplex, add Pin PB8 is applicable
2021-03-21 14:07:32,622 [INFO] Rule:214 - rule FDCAN1_R3 - Alternatepin_2 - if PD5.Mode=FullDuplex, add Pin PD1 is applicable
2021-03-21 14:07:32,622 [INFO] Rule:214 - rule FDCAN1_R3 - Alternatepin_2 - if PD4.Mode=FullDuplex, add Pin PD0 is applicable
2021-03-21 14:07:32,623 [INFO] Rule:214 - rule FDCAN1_R4 - Rename Mode FullDuplex into Enable FDCAN_TXFD for pin PA10 is applicable
2021-03-21 14:07:32,623 [INFO] Rule:214 - rule FDCAN1_R4 - Rename Mode FullDuplex into Enable FDCAN_TXFD for pin PA9 is applicable
2021-03-21 14:07:32,623 [INFO] Rule:214 - rule FDCAN1_R4 - Alternatepin_1 - Rename Mode FullDuplex into Enable FDCAN_TXFD for pin PE1 is applicable
2021-03-21 14:07:32,623 [INFO] Rule:214 - rule FDCAN1_R4 - Alternatepin_1 - Rename Mode FullDuplex into Enable FDCAN_TXFD for pin PE0 is applicable
2021-03-21 14:07:32,623 [INFO] Rule:214 - rule FDCAN1_R4 - Alternatepin_2 - Rename Mode FullDuplex into Enable FDCAN_TXFD for pin PD5 is applicable
2021-03-21 14:07:32,623 [INFO] Rule:214 - rule FDCAN1_R4 - Alternatepin_2 - Rename Mode FullDuplex into Enable FDCAN_TXFD for pin PD4 is applicable
2021-03-21 14:07:32,623 [INFO] Rule:214 - rule FDCAN2_R3 - if PD10.Mode=FullDuplex, add Pin PB13 is applicable
2021-03-21 14:07:32,623 [INFO] Rule:214 - rule FDCAN2_R3 - if PD9.Mode=FullDuplex, add Pin PB12 is applicable
2021-03-21 14:07:32,623 [INFO] Rule:214 - rule FDCAN2_R3 - Alternatepin_1 - if PB7.Mode=FullDuplex, add Pin PB6 is applicable
2021-03-21 14:07:32,623 [INFO] Rule:214 - rule FDCAN2_R3 - Alternatepin_1 - if PD9.Mode=FullDuplex, add Pin PB12 is applicable
2021-03-21 14:07:32,623 [INFO] Rule:214 - rule FDCAN2_R4 - Rename Mode FullDuplex into Enable FDCAN_TXFD for pin PD10 is applicable
2021-03-21 14:07:32,623 [INFO] Rule:214 - rule FDCAN2_R4 - Rename Mode FullDuplex into Enable FDCAN_TXFD for pin PD9 is applicable
2021-03-21 14:07:32,624 [INFO] Rule:214 - rule FDCAN2_R4 - Alternatepin_1 - Rename Mode FullDuplex into Enable FDCAN_TXFD for pin PB7 is applicable
2021-03-21 14:07:32,624 [INFO] Rule:214 - rule FDCAN2_R4 - Alternatepin_1 - Rename Mode FullDuplex into Enable FDCAN_TXFD for pin PD6 is applicable
2021-03-21 14:07:32,624 [INFO] Rule:214 - rule USART TxPinLevelInvertParam Mode is applicable
2021-03-21 14:07:32,624 [INFO] Rule:214 - rule USART RxPinLevelInvertParam Mode is applicable
2021-03-21 14:07:32,624 [INFO] Rule:214 - rule USART DataInvertParam Mode is applicable
2021-03-21 14:07:32,624 [INFO] Rule:214 - rule USART SwapParam Mode is applicable
2021-03-21 14:07:32,624 [INFO] Rule:214 - rule USART OverrunDisableParam Mode is applicable
2021-03-21 14:07:32,624 [INFO] Rule:214 - rule USART DMADisableonRxErrorParam Mode is applicable
2021-03-21 14:07:32,624 [INFO] Rule:214 - rule USART MSBFirstParam Mode is applicable
2021-03-21 14:07:32,624 [INFO] Rule:214 - rule Update MwName for USB_DEVICE is applicable
2021-03-21 14:07:32,624 [INFO] Rule:214 - rule Change PWR_Regulator_Voltage_Scale Default Value for RCC  H7 family is applicable
2021-03-21 14:07:32,624 [INFO] Rule:214 - rule UART/USART IPParameter rename Prescaler parameter to ClockPrescaler is applicable
2021-03-21 14:07:32,625 [INFO] Rule:214 - rule UART/USART Prescaler rename Prescaler parameter to ClockPrescaler is applicable
2021-03-21 14:07:32,625 [INFO] Rule:214 - rule TIM1CLockSelection is applicable
2021-03-21 14:07:32,625 [INFO] Rule:214 - rule TIM15CLockSelection is applicable
2021-03-21 14:07:32,625 [INFO] Rule:214 - rule align RCC SDMMC3CLockSelection default value on MP1 is applicable
2021-03-21 14:07:32,625 [INFO] Rule:214 - rule align RCC SDMMC12CLockSelection default value on MP1 is applicable
2021-03-21 14:07:32,625 [INFO] Rule:214 - rule align RCC QSPICLockSelection default value on MP1 is applicable
2021-03-21 14:07:32,625 [INFO] Rule:214 - rule align RCC QSPICLockSelection default value on MP1 is applicable
2021-03-21 14:07:32,625 [INFO] Rule:214 - rule align RCC SPI6CLockSelection default value on MP1 is applicable
2021-03-21 14:07:32,625 [INFO] Rule:214 - rule align RCC LPTIM23CLockSelection default value on MP1 is applicable
2021-03-21 14:07:32,625 [INFO] Rule:214 - rule align RCC LPTIM1CLockSelection default value on MP1 is applicable
2021-03-21 14:07:32,625 [INFO] Rule:214 - rule align RCC USART1CLockSelection default value on MP1 is applicable
2021-03-21 14:07:32,625 [INFO] Rule:214 - rule align RCC USART24CLockSelection default value on MP1 is applicable
2021-03-21 14:07:32,626 [INFO] Rule:214 - rule align RCC USART6CLockSelection default value on MP1 is applicable
2021-03-21 14:07:32,626 [INFO] Rule:214 - rule align RCC UART78CLockSelection default value on MP1 is applicable
2021-03-21 14:07:32,626 [INFO] Rule:214 - rule align RCC USART35CLockSelection default value on MP1 is applicable
2021-03-21 14:07:32,626 [INFO] Rule:214 - rule align RCC SPI45CLockSelection default value on MP1 is applicable
2021-03-21 14:07:32,626 [INFO] Rule:214 - rule align RCC I2C46CLockSelection BCLK value on MP1 is applicable
2021-03-21 14:07:32,626 [INFO] Rule:214 - rule align RCC SPI45CLockSelection default value on MP1 is applicable
2021-03-21 14:07:32,626 [INFO] Rule:214 - rule align RCC I2C12CLockSelection default value on MP1 is applicable
2021-03-21 14:07:32,626 [INFO] Rule:214 - rule align RCC I2C35CLockSelection default value on MP1 is applicable
2021-03-21 14:07:32,626 [INFO] Rule:214 - rule align RCC LPTIM45CLockSelection default value on MP1 is applicable
2021-03-21 14:07:32,626 [INFO] Rule:214 - rule Rename DCMI PIXCK signal is applicable
2021-03-21 14:07:32,626 [INFO] Rule:214 - rule Change Default Value for I2C46CLockSelection MP1 family is applicable
2021-03-21 14:07:32,626 [INFO] Rule:214 - rule Change Default Value for UART for G4, G0 and WB families is applicable
2021-03-21 14:07:32,626 [INFO] Rule:214 - rule Change Default Value for USART for G4, G0 and WB families is applicable
2021-03-21 14:07:32,627 [INFO] Rule:214 - rule Change Default Value for USART for G4 family is applicable
2021-03-21 14:07:32,627 [INFO] Rule:214 - rule Change USART1CLockSelection refparam name for MP1 is applicable
2021-03-21 14:07:32,627 [INFO] Rule:214 - rule Change USART2CLockSelection refparam name for MP1 is applicable
2021-03-21 14:07:32,627 [INFO] Rule:214 - rule Change USART3CLockSelection refparam name for MP1 is applicable
2021-03-21 14:07:32,627 [INFO] Rule:214 - rule Change UART4CLockSelection refparam name for MP1 is applicable
2021-03-21 14:07:32,627 [INFO] Rule:214 - rule Change UART5CLockSelection refparam name for MP1 is applicable
2021-03-21 14:07:32,627 [INFO] Rule:214 - rule Change LPUART1CLockSelection refparam name for MP1 is applicable
2021-03-21 14:07:32,627 [INFO] Rule:214 - rule Change LPTIM1CLockSelection refparam name for MP1 is applicable
2021-03-21 14:07:32,627 [INFO] Rule:214 - rule Change LPTIM2CLockSelection refparam name for MP1 is applicable
2021-03-21 14:07:32,627 [INFO] Rule:214 - rule Change RCC_MCO1Source refparam name for MP1 is applicable
2021-03-21 14:07:32,627 [INFO] Rule:214 - rule Change LSCOSource1 refparam name for MP1 is applicable
2021-03-21 14:07:32,627 [INFO] Rule:214 - rule Change SMPSCLockSelection refparam name for MP1 is applicable
2021-03-21 14:07:32,628 [INFO] Rule:214 - rule Change LPTIM3CLockSelection refparam name for MP1 is applicable
2021-03-21 14:07:32,628 [INFO] Rule:214 - rule Change MPCBB* Default Template Mode to Parameters is applicable
2021-03-21 14:07:32,628 [INFO] Rule:214 - rule Change MPCWM* or MPCBB* Secure Mode to Parameters is applicable
2021-03-21 14:07:32,628 [INFO] Rule:214 - rule Change MPCWM* or MPCBB* No Secure Mode to Parameters is applicable
2021-03-21 14:07:32,628 [INFO] Rule:214 - rule Change TZSC IP Secure Mode to Parameters is applicable
2021-03-21 14:07:32,628 [INFO] Rule:214 - rule Change TZSC IP No Secure Mode to Parameters is applicable
2021-03-21 14:07:32,628 [INFO] Rule:214 - rule Change TZSC IP Privilege Mode to Parameters is applicable
2021-03-21 14:07:32,628 [INFO] Rule:214 - rule Change TZSC IP No Privilege Mode to Parameters is applicable
2021-03-21 14:07:32,628 [INFO] Rule:214 - rule Change TZIC IT Secure Mode to Parameters is applicable
2021-03-21 14:07:32,629 [INFO] Rule:214 - rule Change TZIC IT No Secure Mode to Parameters is applicable
2021-03-21 14:07:32,629 [INFO] Rule:214 - rule Add MPCBB1_NonSecureArea_Start_Address value with referenced to MPCBB1_NonSecureArea_Start value is applicable
2021-03-21 14:07:32,629 [INFO] Rule:214 - rule Add MPCBB2_NonSecureArea_Start_Address value with referenced to MPCBB2_NonSecureArea_Start value is applicable
2021-03-21 14:07:32,629 [INFO] Rule:214 - rule Add MPCWM1_NonSecureArea*_Start_Address value with referenced to MPCWM1_NonSecureArea*_Start value is applicable
2021-03-21 14:07:32,629 [INFO] Rule:214 - rule Add MPCWM2_NonSecureArea*_Start_Address value with referenced to MPCWM2_NonSecureArea*_Start value is applicable
2021-03-21 14:07:32,629 [INFO] Rule:214 - rule Add MPCWM3_NonSecureArea_Start_Address value with referenced to MPCWM3_NonSecureArea_Start value is applicable
2021-03-21 14:07:32,629 [INFO] Rule:214 - rule Change Default Value for PLL1UserDefinedConfig is applicable
2021-03-21 14:07:32,629 [INFO] Rule:214 - rule Change GPIO_PuPd Default Value for USART in async mode is applicable
2021-03-21 14:07:32,629 [INFO] Rule:214 - rule Change SMPSDivider Default Value is applicable
2021-03-21 14:07:32,629 [INFO] Rule:214 - rule OPAMP is applicable
2021-03-21 14:07:32,629 [INFO] Rule:214 - rule LPUART IPParameter rename Prescaler parameter to ClockPrescaler for STM32H7 is applicable
2021-03-21 14:07:32,629 [INFO] Rule:214 - rule LPUART IPParameter rename Prescaler parameter to ClockPrescaler for STM32H7 is applicable
2021-03-21 14:07:32,630 [INFO] Rule:214 - rule LPUART IPParameter rename Prescaler parameter to ClockPrescaler for STM32WB is applicable
2021-03-21 14:07:32,630 [INFO] Rule:214 - rule LPUART IPParameter rename Prescaler parameter to ClockPrescaler for STM32WB is applicable
2021-03-21 14:07:32,630 [INFO] Rule:214 - rule LPUART IPParameter rename Prescaler parameter to ClockPrescaler for STM32G4 is applicable
2021-03-21 14:07:32,630 [INFO] Rule:214 - rule LPUART IPParameter rename Prescaler parameter to ClockPrescaler for STM32G4 is applicable
2021-03-21 14:07:32,630 [INFO] Rule:214 - rule LPUART IPParameter rename Prescaler parameter to ClockPrescaler for STM32L5 is applicable
2021-03-21 14:07:32,630 [INFO] Rule:214 - rule LPUART IPParameter rename Prescaler parameter to ClockPrescaler for STM32G4 is applicable
2021-03-21 14:07:32,630 [INFO] Rule:214 - rule LPUART IPParameter rename Prescaler parameter to ClockPrescaler for STM32G4 is applicable
2021-03-21 14:07:32,630 [INFO] Rule:214 - rule USB device lib V2.5.3 for L0 rename USBD_SUPPORT_USER_STRING parameter to USBD_SUPPORT_USER_STRING_DESC4 is applicable
2021-03-21 14:07:32,630 [INFO] Rule:214 - rule I2SCLockSelection clock entry align is applicable
2021-03-21 14:07:32,630 [INFO] Rule:214 - rule Assign TIMx context if used as SYS timebase is applicable
2021-03-21 14:07:32,646 [INFO] DbConfProperties:294 - Apply Compatibility (46/202 Rules)
2021-03-21 14:07:32,676 [INFO] ImportTextPane:162 - (OptionalMessage_ERROR) Unable to find key (Mcu.ThirdPartyNb) in loaded IOC file
2021-03-21 14:07:32,769 [WARN] ApiManager:294 - Cannot register API 'Board Extension:S2868A1' from pack STMicroelectronics.X-CUBE-SFXS2LP1.3.0.0: no header file found
2021-03-21 14:07:32,769 [WARN] ApiManager:294 - Cannot register API 'Board Extension:S2868A2' from pack STMicroelectronics.X-CUBE-SFXS2LP1.3.0.0: no header file found
2021-03-21 14:07:32,769 [WARN] ApiManager:294 - Cannot register API 'Board Extension:S2915A1' from pack STMicroelectronics.X-CUBE-SFXS2LP1.3.0.0: no header file found
2021-03-21 14:07:32,775 [WARN] ModelIntegratedComponent:51 - No mode defined for component null
2021-03-21 14:07:32,775 [WARN] ModelIntegratedComponent:51 - No mode defined for component null
2021-03-21 14:07:32,776 [WARN] ModelIntegratedComponent:51 - No mode defined for component null
2021-03-21 14:07:32,776 [WARN] ModelIntegratedComponent:51 - No mode defined for component null
2021-03-21 14:07:32,776 [WARN] ModelIntegratedComponent:51 - No mode defined for component null
2021-03-21 14:07:32,776 [WARN] ModelIntegratedComponent:51 - No mode defined for component null
2021-03-21 14:07:32,776 [WARN] ModelIntegratedComponent:51 - No mode defined for component null
2021-03-21 14:07:32,776 [WARN] ModelIntegratedComponent:51 - No mode defined for component null
2021-03-21 14:07:32,776 [WARN] ModelIntegratedComponent:51 - No mode defined for component null
2021-03-21 14:07:32,776 [WARN] ModelIntegratedComponent:51 - No mode defined for component null
2021-03-21 14:07:32,776 [WARN] ModelIntegratedComponent:51 - No mode defined for component null
2021-03-21 14:07:32,776 [WARN] ModelIntegratedComponent:51 - No mode defined for component null
2021-03-21 14:07:32,776 [WARN] ModelIntegratedComponent:51 - No mode defined for component null
2021-03-21 14:07:32,777 [WARN] ModelIntegratedComponent:51 - No mode defined for component null
2021-03-21 14:07:32,777 [WARN] ModelIntegratedComponent:51 - No mode defined for component null
2021-03-21 14:07:32,777 [WARN] ModelIntegratedComponent:51 - No mode defined for component null
2021-03-21 14:07:32,777 [WARN] ModelIntegratedComponent:51 - No mode defined for component null
2021-03-21 14:07:32,777 [WARN] ModelIntegratedComponent:51 - No mode defined for component null
2021-03-21 14:07:32,777 [WARN] ModelIntegratedComponent:51 - No mode defined for component null
2021-03-21 14:07:32,777 [WARN] ModelIntegratedComponent:51 - No mode defined for component null
2021-03-21 14:07:32,777 [WARN] ModelIntegratedComponent:51 - No mode defined for component null
2021-03-21 14:07:32,777 [WARN] ModelIntegratedComponent:51 - No mode defined for component null
2021-03-21 14:07:32,777 [WARN] ModelIntegratedComponent:51 - No mode defined for component null
2021-03-21 14:07:32,777 [WARN] ModelIntegratedComponent:51 - No mode defined for component null
2021-03-21 14:07:32,777 [WARN] ModelIntegratedComponent:51 - No mode defined for component null
2021-03-21 14:07:32,777 [WARN] ModelIntegratedComponent:51 - No mode defined for component null
2021-03-21 14:07:32,778 [WARN] ModelIntegratedComponent:51 - No mode defined for component null
2021-03-21 14:07:32,783 [WARN] ApiManager:294 - Cannot register API 'Board Extension:S2868A1' from pack STMicroelectronics.X-CUBE-SUBG2.4.0.0: no header file found
2021-03-21 14:07:32,783 [WARN] ApiManager:294 - Cannot register API 'Board Extension:S2868A2' from pack STMicroelectronics.X-CUBE-SUBG2.4.0.0: no header file found
2021-03-21 14:07:32,783 [WARN] ApiManager:294 - Cannot register API 'Board Extension:S2915A1' from pack STMicroelectronics.X-CUBE-SUBG2.4.0.0: no header file found
2021-03-21 14:07:32,941 [WARN] ApiManager:294 - Cannot register API 'Board Extension:IKS01A3' from pack STMicroelectronics.X-CUBE-MEMS1.8.2.0: no header file found
2021-03-21 14:07:32,941 [WARN] ApiManager:294 - Cannot register API 'Board Extension:IKS01A2' from pack STMicroelectronics.X-CUBE-MEMS1.8.2.0: no header file found
2021-03-21 14:07:32,941 [WARN] ApiManager:294 - Cannot register API 'Board Extension:IKS02A1' from pack STMicroelectronics.X-CUBE-MEMS1.8.2.0: no header file found
2021-03-21 14:07:32,949 [INFO] RtosManager:470 - Registered RTOS mode: class=CMSIS, group=RTOS, mode=CMSIS_V1, owner=FREERTOS
2021-03-21 14:07:32,949 [INFO] RtosManager:470 - Registered RTOS mode: class=CMSIS, group=RTOS2, mode=CMSIS_V2, owner=FREERTOS
2021-03-21 14:07:32,949 [INFO] RtosManager:470 - Registered RTOS mode: class=RTOS, group=Core, mode=CMSIS_V1, owner=FREERTOS
2021-03-21 14:07:32,949 [INFO] RtosManager:470 - Registered RTOS mode: class=RTOS, group=Core, mode=CMSIS_V2, owner=FREERTOS
2021-03-21 14:07:32,950 [WARN] ModelIntegratedComponent:182 - Missing modes for component STMicroelectronics:FreeRTOS:0.0.1:STMicroelectronics:RTOS:FreeRTOS:Core:::10.2.0:
2021-03-21 14:07:32,951 [WARN] ApiManager:294 - Cannot register API 'Board Extension:GNSS1A1' from pack STMicroelectronics.X-CUBE-GNSS1.5.2.0: no header file found
2021-03-21 14:07:32,951 [WARN] ApiManager:294 - Cannot register API 'Board Support:Custom' from pack STMicroelectronics.X-CUBE-GNSS1.5.2.0: no header file found
2021-03-21 14:07:32,951 [WARN] ApiManager:294 - Cannot register API 'Data Exchange:lib_gnss' from pack STMicroelectronics.X-CUBE-GNSS1.5.2.0: no header file found
2021-03-21 14:07:32,952 [WARN] ApiManager:294 - Cannot register API 'Board Extension:NFC04A1' from pack STMicroelectronics.X-CUBE-NFC4.2.0.2: no header file found
2021-03-21 14:07:32,953 [WARN] ApiManager:294 - Cannot register API 'Wireless:BlueNRG-2' from pack STMicroelectronics.X-CUBE-BLE2.3.2.0: no header file found
2021-03-21 14:07:33,270 [INFO] ImportTextPane:162 - (OptionalMessage_ERROR) IP (RCC) : Invalid parameter (FamilyName)
2021-03-21 14:07:33,273 [INFO] ImportTextPane:162 - (OptionalMessage_ERROR) IP (RCC) : Parameter (RNGFreq_Value) has invalid value (64000000)
2021-03-21 14:07:33,273 [INFO] ImportTextPane:162 - (OptionalMessage_ERROR) IP (RCC) : Parameter (SDMMCFreq_Value) has invalid value (64000000)
2021-03-21 14:07:33,273 [INFO] ImportTextPane:162 - (OptionalMessage_ERROR) IP (RCC) : Parameter (USBFreq_Value) has invalid value (64000000)
2021-03-21 14:07:33,634 [INFO] UtilMem:74 - End LoadConfig() Used Memory: 537092896 Bytes (661651456)
2021-03-21 14:07:33,650 [WARN] ThirdParty:762 - waiting for thirdparty lock release [change project]
2021-03-21 14:07:33,651 [INFO] ThirdParty:764 - entering critical section [change project]
2021-03-21 14:07:33,651 [INFO] ThirdParty:952 - CMSIS Pack Vendor :RoweBots I-CUBE-UNISONRTOS 5.5.0-4
2021-03-21 14:07:33,651 [INFO] ThirdParty:952 - CMSIS Pack Vendor :STMicroelectronics X-CUBE-SFXS2LP1 3.0.0
2021-03-21 14:07:33,651 [INFO] ThirdParty:952 - CMSIS Pack Vendor :STMicroelectronics USB_HOST 2.0.0
2021-03-21 14:07:33,651 [INFO] ThirdParty:952 - CMSIS Pack Vendor :STMicroelectronics USB_DEVICE 3.0.0
2021-03-21 14:07:33,651 [INFO] ThirdParty:952 - CMSIS Pack Vendor :STMicroelectronics HAL Drivers 0.0.0
2021-03-21 14:07:33,651 [INFO] ThirdParty:952 - CMSIS Pack Vendor :STMicroelectronics MBEDTLS 2.16.2
2021-03-21 14:07:33,651 [INFO] ThirdParty:952 - CMSIS Pack Vendor :STMicroelectronics MBEDTLS 2.14.1
2021-03-21 14:07:33,651 [INFO] ThirdParty:952 - CMSIS Pack Vendor :STMicroelectronics X-CUBE-SUBG2 4.0.0
2021-03-21 14:07:33,651 [INFO] ThirdParty:952 - CMSIS Pack Vendor :STMicroelectronics X-CUBE-AZRTOS-H7 1.0.0
2021-03-21 14:07:33,651 [INFO] ThirdParty:952 - CMSIS Pack Vendor :STMicroelectronics USB_DEVICE 2.0.0
2021-03-21 14:07:33,651 [INFO] ThirdParty:952 - CMSIS Pack Vendor :STMicroelectronics X-CUBE-MEMS1 8.2.0
2021-03-21 14:07:33,651 [INFO] ThirdParty:952 - CMSIS Pack Vendor :STMicroelectronics FreeRTOS 0.0.1
2021-03-21 14:07:33,651 [INFO] ThirdParty:952 - CMSIS Pack Vendor :STMicroelectronics USB_DEVICE 1.0.0
2021-03-21 14:07:33,652 [INFO] ThirdParty:952 - CMSIS Pack Vendor :STMicroelectronics X-CUBE-AI 6.0.0
2021-03-21 14:07:33,652 [INFO] ThirdParty:952 - CMSIS Pack Vendor :STMicroelectronics X-CUBE-ALGOBUILD 1.2.0
2021-03-21 14:07:33,652 [INFO] ThirdParty:952 - CMSIS Pack Vendor :STMicroelectronics X-CUBE-GNSS1 5.2.0
2021-03-21 14:07:33,652 [INFO] ThirdParty:952 - CMSIS Pack Vendor :STMicroelectronics lwIP 2.0.3
2021-03-21 14:07:33,652 [INFO] ThirdParty:952 - CMSIS Pack Vendor :STMicroelectronics lwIP 2.1.2
2021-03-21 14:07:33,652 [INFO] ThirdParty:952 - CMSIS Pack Vendor :STMicroelectronics USB_HOST 1.0.0
2021-03-21 14:07:33,652 [INFO] ThirdParty:952 - CMSIS Pack Vendor :STMicroelectronics X-CUBE-NFC4 2.0.2
2021-03-21 14:07:33,652 [INFO] ThirdParty:952 - CMSIS Pack Vendor :wolfSSL I-CUBE-wolfSSL 4.7.0
2021-03-21 14:07:33,652 [INFO] ThirdParty:952 - CMSIS Pack Vendor :STMicroelectronics X-CUBE-TOUCHGFX 4.16.1
2021-03-21 14:07:33,652 [INFO] ThirdParty:952 - CMSIS Pack Vendor :STMicroelectronics PDM2PCM 3.1.0
2021-03-21 14:07:33,652 [INFO] ThirdParty:952 - CMSIS Pack Vendor :STMicroelectronics PDM2PCM 3.2.0
2021-03-21 14:07:33,652 [INFO] ThirdParty:952 - CMSIS Pack Vendor :STMicroelectronics PDM2PCM 3.3.0
2021-03-21 14:07:33,652 [INFO] ThirdParty:952 - CMSIS Pack Vendor :STMicroelectronics X-CUBE-BLE2 3.2.0
2021-03-21 14:07:33,652 [INFO] ThirdParty:770 - exiting critical section [change project]
2021-03-21 14:07:34,064 [INFO] PinOutPanel:1435 - setPackage(No Configuration,No Configuration)
2021-03-21 14:07:34,065 [INFO] PinOutPanel:1435 - setPackage(STM32L476RGTx,LQFP64)
2021-03-21 14:07:34,833 [INFO] UtilMem:74 - Before build in PCC Used Memory: 548485264 Bytes (661651456)
2021-03-21 14:07:35,304 [INFO] SharedServices:72 - Folder for power plug-in: C:/Users/evers/.stm32cubemx/plugins/power
2021-03-21 14:07:35,339 [INFO] SharedServices:72 - Folder for power plug-in: C:/Users/evers/.stm32cubemx/plugins/power
2021-03-21 14:07:35,435 [INFO] SharedServices:72 - Folder for power plug-in: C:/Users/evers/.stm32cubemx/plugins/power
2021-03-21 14:07:35,454 [INFO] SharedServices:72 - Folder for power plug-in: C:/Users/evers/.stm32cubemx/plugins/power
2021-03-21 14:07:35,676 [INFO] UtilMem:74 - After build in PCC Used Memory: 554506680 Bytes (661651456)
2021-03-21 14:07:35,703 [INFO] IPUIPlugin:64 - create IPUIPlugin
2021-03-21 14:07:35,703 [INFO] IPUIPlugin:64 - create IPUIPlugin
2021-03-21 14:07:35,703 [INFO] IPUIPlugin:64 - create IPUIPlugin
2021-03-21 14:07:35,703 [INFO] IPUIPlugin:64 - create IPUIPlugin
2021-03-21 14:07:35,703 [INFO] IPUIPlugin:64 - create IPUIPlugin
2021-03-21 14:07:35,703 [INFO] IPUIPlugin:64 - create IPUIPlugin
2021-03-21 14:07:35,704 [INFO] IPUIPlugin:64 - create IPUIPlugin
2021-03-21 14:07:35,704 [INFO] IPUIPlugin:64 - create IPUIPlugin
2021-03-21 14:07:35,704 [INFO] IPUIPlugin:64 - create IPUIPlugin
2021-03-21 14:07:35,704 [INFO] IPUIPlugin:64 - create IPUIPlugin
2021-03-21 14:07:35,704 [INFO] IPUIPlugin:64 - create IPUIPlugin
2021-03-21 14:07:35,704 [INFO] IPUIPlugin:64 - create IPUIPlugin
2021-03-21 14:07:35,705 [INFO] IPUIPlugin:64 - create IPUIPlugin
2021-03-21 14:07:35,705 [INFO] IPUIPlugin:64 - create IPUIPlugin
2021-03-21 14:07:35,705 [INFO] IPUIPlugin:64 - create IPUIPlugin
2021-03-21 14:07:35,705 [INFO] IPUIPlugin:64 - create IPUIPlugin
2021-03-21 14:07:35,705 [INFO] IPUIPlugin:64 - create IPUIPlugin
2021-03-21 14:07:35,706 [INFO] IPUIPlugin:64 - create IPUIPlugin
2021-03-21 14:07:35,706 [INFO] IPUIPlugin:64 - create IPUIPlugin
2021-03-21 14:07:35,706 [INFO] IPUIPlugin:64 - create IPUIPlugin
2021-03-21 14:07:35,707 [INFO] IPUIPlugin:64 - create IPUIPlugin
2021-03-21 14:07:35,707 [INFO] IPUIPlugin:64 - create IPUIPlugin
2021-03-21 14:07:35,707 [INFO] IPUIPlugin:64 - create IPUIPlugin
2021-03-21 14:07:35,708 [INFO] IPUIPlugin:64 - create IPUIPlugin
2021-03-21 14:07:35,708 [INFO] IPUIPlugin:64 - create IPUIPlugin
2021-03-21 14:07:35,708 [INFO] IPUIPlugin:64 - create IPUIPlugin
2021-03-21 14:07:35,709 [INFO] IPUIPlugin:64 - create IPUIPlugin
2021-03-21 14:07:35,709 [INFO] IPUIPlugin:64 - create IPUIPlugin
2021-03-21 14:07:35,709 [INFO] IPUIPlugin:64 - create IPUIPlugin
2021-03-21 14:07:35,710 [INFO] IPUIPlugin:64 - create IPUIPlugin
2021-03-21 14:07:35,710 [INFO] IPUIPlugin:64 - create IPUIPlugin
2021-03-21 14:07:35,711 [INFO] IPUIPlugin:64 - create IPUIPlugin
2021-03-21 14:07:35,711 [INFO] IPUIPlugin:64 - create IPUIPlugin
2021-03-21 14:07:35,711 [INFO] IPUIPlugin:64 - create IPUIPlugin
2021-03-21 14:07:35,712 [INFO] IPUIPlugin:64 - create IPUIPlugin
2021-03-21 14:07:35,712 [INFO] IPUIPlugin:64 - create IPUIPlugin
2021-03-21 14:07:35,713 [INFO] IPUIPlugin:64 - create IPUIPlugin
2021-03-21 14:07:35,713 [INFO] IPUIPlugin:64 - create IPUIPlugin
2021-03-21 14:07:35,714 [INFO] IPUIPlugin:64 - create IPUIPlugin
2021-03-21 14:07:35,714 [INFO] IPUIPlugin:64 - create IPUIPlugin
2021-03-21 14:07:35,714 [INFO] IPUIPlugin:64 - create IPUIPlugin
2021-03-21 14:07:35,716 [INFO] IPUIPlugin:64 - create IPUIPlugin
2021-03-21 14:07:35,717 [INFO] IPUIPlugin:64 - create IPUIPlugin
2021-03-21 14:07:35,718 [INFO] IPUIPlugin:64 - create IPUIPlugin
2021-03-21 14:07:35,718 [INFO] IPUIPlugin:64 - create IPUIPlugin
2021-03-21 14:07:35,719 [INFO] IPUIPlugin:64 - create IPUIPlugin
2021-03-21 14:07:35,720 [INFO] IPUIPlugin:64 - create IPUIPlugin
2021-03-21 14:07:35,721 [INFO] IPUIPlugin:64 - create IPUIPlugin
2021-03-21 14:07:35,722 [INFO] IPUIPlugin:64 - create IPUIPlugin
2021-03-21 14:07:35,723 [INFO] IPUIPlugin:64 - create IPUIPlugin
2021-03-21 14:07:35,725 [INFO] IPUIPlugin:64 - create IPUIPlugin
2021-03-21 14:07:35,726 [INFO] IPUIPlugin:64 - create IPUIPlugin
2021-03-21 14:07:35,728 [INFO] IPUIPlugin:64 - create IPUIPlugin
2021-03-21 14:07:35,728 [INFO] IPUIPlugin:64 - create IPUIPlugin
2021-03-21 14:07:35,730 [INFO] IPUIPlugin:64 - create IPUIPlugin
2021-03-21 14:07:35,731 [INFO] IPUIPlugin:64 - create IPUIPlugin
2021-03-21 14:07:35,733 [INFO] IPUIPlugin:64 - create IPUIPlugin
2021-03-21 14:07:35,734 [INFO] IPUIPlugin:64 - create IPUIPlugin
2021-03-21 14:07:35,735 [INFO] IPUIPlugin:64 - create IPUIPlugin
2021-03-21 14:07:35,773 [INFO] LogOutputStream:76 - [STDOUT_REDIRECT] toolchainItems.length=====1
2021-03-21 14:07:35,881 [INFO] OpenFileManager:323 - Restore cursor
2021-03-21 14:07:36,238 [INFO] UtilMem:74 - End SaveConfig() Used Memory: 533191680 Bytes (661651456)
2021-03-21 14:07:36,319 [INFO] UtilMem:74 - End SaveConfig() Used Memory: 545252352 Bytes (661651456)
2021-03-21 14:07:36,689 [INFO] BlockDiagram:2735 - set Specific Code input for plugin: SYS
2021-03-21 14:07:36,689 [INFO] BlockDiagram:2735 - set Specific Code input for plugin: RCC
2021-03-21 14:07:36,689 [INFO] BlockDiagram:2735 - set Specific Code input for plugin: NVIC
2021-03-21 14:07:36,689 [INFO] BlockDiagram:2735 - set Specific Code input for plugin: USART
2021-03-21 14:07:36,690 [INFO] BlockDiagram:2735 - set Specific Code input for plugin: GPIO
2021-03-21 14:07:36,691 [INFO] CodeGenerator:641 - code generatio: config db path: C:\ST\STM32CubeIDE_1.4.0\STM32CubeIDE\plugins\com.st.stm32cube.common.mx_6.2.0.202102191602\\db\
2021-03-21 14:07:37,182 [INFO] CodeEngine:229 - oldGeneratedFile, C:\Users\evers\Documents\IMAGINE-IOT\Imagine-IoT\Imagine-IoT\9 Nucleo boards\NUCLEO-L476RG\16 I2c Port Expander (STM32CubeIDE\PortExpander\MXTmpFiles\license.tmp_save
2021-03-21 14:07:37,492 [INFO] CodeEngine:247 - Generated code: C:\Users\evers\Documents\IMAGINE-IOT\Imagine-IoT\Imagine-IoT\9 Nucleo boards\NUCLEO-L476RG\16 I2c Port Expander (STM32CubeIDE\PortExpander\MXTmpFiles\license.tmp
2021-03-21 14:07:37,625 [INFO] CodeEngine:229 - oldGeneratedFile, C:\Users\evers\Documents\IMAGINE-IOT\Imagine-IoT\Imagine-IoT\9 Nucleo boards\NUCLEO-L476RG\16 I2c Port Expander (STM32CubeIDE\PortExpander\MXTmpFiles\gpio.tmp_save
2021-03-21 14:07:37,730 [INFO] CodeEngine:247 - Generated code: C:\Users\evers\Documents\IMAGINE-IOT\Imagine-IoT\Imagine-IoT\9 Nucleo boards\NUCLEO-L476RG\16 I2c Port Expander (STM32CubeIDE\PortExpander\MXTmpFiles\gpio.tmp
2021-03-21 14:07:38,024 [INFO] LogOutputStream:76 - [STDOUT_REDIRECT] Command line
2021-03-21 14:07:38,038 [INFO] CodeEngine:229 - oldGeneratedFile, C:\Users\evers\Documents\IMAGINE-IOT\Imagine-IoT\Imagine-IoT\9 Nucleo boards\NUCLEO-L476RG\16 I2c Port Expander (STM32CubeIDE\PortExpander\Core\Src\stm32l4xx_it.c_save
2021-03-21 14:07:38,139 [INFO] CodeEngine:247 - Generated code: C:\Users\evers\Documents\IMAGINE-IOT\Imagine-IoT\Imagine-IoT\9 Nucleo boards\NUCLEO-L476RG\16 I2c Port Expander (STM32CubeIDE\PortExpander\Core\Src\stm32l4xx_it.c
2021-03-21 14:07:38,146 [INFO] CodeEngine:229 - oldGeneratedFile, C:\Users\evers\Documents\IMAGINE-IOT\Imagine-IoT\Imagine-IoT\9 Nucleo boards\NUCLEO-L476RG\16 I2c Port Expander (STM32CubeIDE\PortExpander\Core\Inc\stm32l4xx_it.h_save
2021-03-21 14:07:38,197 [INFO] CodeEngine:247 - Generated code: C:\Users\evers\Documents\IMAGINE-IOT\Imagine-IoT\Imagine-IoT\9 Nucleo boards\NUCLEO-L476RG\16 I2c Port Expander (STM32CubeIDE\PortExpander\Core\Inc\stm32l4xx_it.h
2021-03-21 14:07:38,213 [INFO] CodeEngine:229 - oldGeneratedFile, C:\Users\evers\Documents\IMAGINE-IOT\Imagine-IoT\Imagine-IoT\9 Nucleo boards\NUCLEO-L476RG\16 I2c Port Expander (STM32CubeIDE\PortExpander\Core\Src\stm32l4xx_hal_msp.c_save
2021-03-21 14:07:38,320 [INFO] CodeEngine:247 - Generated code: C:\Users\evers\Documents\IMAGINE-IOT\Imagine-IoT\Imagine-IoT\9 Nucleo boards\NUCLEO-L476RG\16 I2c Port Expander (STM32CubeIDE\PortExpander\Core\Src\stm32l4xx_hal_msp.c
2021-03-21 14:07:38,327 [INFO] CodeEngine:229 - oldGeneratedFile, C:\Users\evers\Documents\IMAGINE-IOT\Imagine-IoT\Imagine-IoT\9 Nucleo boards\NUCLEO-L476RG\16 I2c Port Expander (STM32CubeIDE\PortExpander\MXTmpFiles\system.tmp_save
2021-03-21 14:07:38,382 [INFO] CodeEngine:247 - Generated code: C:\Users\evers\Documents\IMAGINE-IOT\Imagine-IoT\Imagine-IoT\9 Nucleo boards\NUCLEO-L476RG\16 I2c Port Expander (STM32CubeIDE\PortExpander\MXTmpFiles\system.tmp
2021-03-21 14:07:38,393 [INFO] CodeEngine:229 - oldGeneratedFile, C:\Users\evers\Documents\IMAGINE-IOT\Imagine-IoT\Imagine-IoT\9 Nucleo boards\NUCLEO-L476RG\16 I2c Port Expander (STM32CubeIDE\PortExpander\Core\Inc\stm32l4xx_hal_conf.h_save
2021-03-21 14:07:38,487 [INFO] CodeEngine:247 - Generated code: C:\Users\evers\Documents\IMAGINE-IOT\Imagine-IoT\Imagine-IoT\9 Nucleo boards\NUCLEO-L476RG\16 I2c Port Expander (STM32CubeIDE\PortExpander\Core\Inc\stm32l4xx_hal_conf.h
2021-03-21 14:07:38,544 [INFO] CodeEngine:229 - oldGeneratedFile, C:\Users\evers\Documents\IMAGINE-IOT\Imagine-IoT\Imagine-IoT\9 Nucleo boards\NUCLEO-L476RG\16 I2c Port Expander (STM32CubeIDE\PortExpander\Core\Inc\main.h_save
2021-03-21 14:07:38,605 [INFO] CodeEngine:247 - Generated code: C:\Users\evers\Documents\IMAGINE-IOT\Imagine-IoT\Imagine-IoT\9 Nucleo boards\NUCLEO-L476RG\16 I2c Port Expander (STM32CubeIDE\PortExpander\Core\Inc\main.h
2021-03-21 14:07:38,612 [INFO] CodeEngine:229 - oldGeneratedFile, C:\Users\evers\Documents\IMAGINE-IOT\Imagine-IoT\Imagine-IoT\9 Nucleo boards\NUCLEO-L476RG\16 I2c Port Expander (STM32CubeIDE\PortExpander\Core\Src\main.c_save
2021-03-21 14:07:38,727 [INFO] CodeEngine:247 - Generated code: C:\Users\evers\Documents\IMAGINE-IOT\Imagine-IoT\Imagine-IoT\9 Nucleo boards\NUCLEO-L476RG\16 I2c Port Expander (STM32CubeIDE\PortExpander\Core\Src\main.c
2021-03-21 14:07:39,803 [INFO] ProjectBuilder:2460 - Time for Copy HAL[1] : 166mS.
2021-03-21 14:07:39,812 [INFO] ProjectBuilder:3418 - Project Generator version: 3.13.0-B3
2021-03-21 14:07:40,299 [INFO] ConfigFileManager:1242 - The Die is : DIE415
2021-03-21 14:07:40,327 [INFO] ApiDbMcu:458 - Load IP Config File for FATFS
2021-03-21 14:07:40,355 [INFO] ApiDbMcu:458 - Load IP Config File for FREERTOS
2021-03-21 14:07:40,502 [INFO] ApiDbMcu:458 - Load IP Config File for TOUCHSENSING
2021-03-21 14:07:40,534 [INFO] ApiDbMcu:458 - Load IP Config File for USB_DEVICE
2021-03-21 14:07:40,563 [INFO] ApiDbMcu:458 - Load IP Config File for USB_HOST
2021-03-21 14:07:45,367 [INFO] ProjectBuilder:3584 - Time for Generating toolchain IDE Files: 5555mS.
2021-03-21 14:07:45,368 [INFO] ProjectBuilder:2339 - Time for Copy CMSIS : 1mS.
2021-03-21 14:07:45,372 [INFO] ProjectBuilder:2339 - Time for Copy CMSIS : 0mS.
2021-03-21 14:07:46,981 [INFO] ApiDb:276 - Save user favorites file C:\Users\evers/.stm32cubeide/favorites.mcus.txt: 0 item(s)
2021-03-21 14:07:46,982 [INFO] ApiDb:280 - User favorites MCUs=[]
2021-03-21 14:07:46,985 [INFO] ApiDb:276 - Save user favorites file C:\Users\evers/.stm32cubeide/favorites.boards.txt: 1 item(s)
2021-03-21 14:07:46,985 [INFO] ApiDb:280 - User favorites Boards=[NUCLEO-L476RG]
2021-03-21 14:08:01,336 [INFO] I2cTimingTraitement:320 - 0x10909CEC
2021-03-21 14:08:01,432 [INFO] I2cTimingTraitement:320 - 0x10909CEC
2021-03-21 14:09:58,740 [INFO] I2cTimingTraitement:320 - 0xF010F3FE
2021-03-21 14:09:58,837 [INFO] I2cTimingTraitement:320 - 0xF010F3FE
2021-03-21 14:09:59,071 [INFO] I2cTimingTraitement:320 - 0xF010F3FE
2021-03-21 14:10:21,817 [INFO] I2cTimingTraitement:320 - 0x10909CEC
2021-03-21 14:10:21,912 [INFO] I2cTimingTraitement:320 - 0x10909CEC
2021-03-21 14:10:33,708 [INFO] DbMcusDocs:143 - JSON generation date=Mon Feb 08 14:35:07 CET 2021 (1612791307)
2021-03-21 14:10:33,973 [INFO] DbMcusDocs:79 - Found 617 MCUs documents
2021-03-21 14:11:38,939 [INFO] UtilMem:74 - End SaveConfig() Used Memory: 612993752 Bytes (1073741824)
2021-03-21 14:11:41,531 [INFO] UtilMem:74 - End SaveConfig() Used Memory: 474098504 Bytes (1073741824)
2021-03-21 14:11:46,125 [INFO] UtilMem:74 - End SaveConfig() Used Memory: 592833184 Bytes (1073741824)
2021-03-21 14:11:46,696 [INFO] BlockDiagram:2735 - set Specific Code input for plugin: SYS
2021-03-21 14:11:46,696 [INFO] BlockDiagram:2735 - set Specific Code input for plugin: RCC
2021-03-21 14:11:46,696 [INFO] BlockDiagram:2735 - set Specific Code input for plugin: I2C
2021-03-21 14:11:46,696 [INFO] BlockDiagram:2735 - set Specific Code input for plugin: NVIC
2021-03-21 14:11:46,696 [INFO] BlockDiagram:2735 - set Specific Code input for plugin: USART
2021-03-21 14:11:46,696 [INFO] BlockDiagram:2735 - set Specific Code input for plugin: GPIO
2021-03-21 14:11:46,698 [INFO] CodeGenerator:641 - code generatio: config db path: C:\ST\STM32CubeIDE_1.4.0\STM32CubeIDE\plugins\com.st.stm32cube.common.mx_6.2.0.202102191602\\db\
2021-03-21 14:11:47,089 [INFO] CodeEngine:229 - oldGeneratedFile, C:\Users\evers\Documents\IMAGINE-IOT\Imagine-IoT\Imagine-IoT\9 Nucleo boards\NUCLEO-L476RG\16 I2c Port Expander (STM32CubeIDE\PortExpander\MXTmpFiles\license.tmp_save
2021-03-21 14:11:47,184 [INFO] CodeEngine:247 - Generated code: C:\Users\evers\Documents\IMAGINE-IOT\Imagine-IoT\Imagine-IoT\9 Nucleo boards\NUCLEO-L476RG\16 I2c Port Expander (STM32CubeIDE\PortExpander\MXTmpFiles\license.tmp
2021-03-21 14:11:47,249 [INFO] CodeEngine:229 - oldGeneratedFile, C:\Users\evers\Documents\IMAGINE-IOT\Imagine-IoT\Imagine-IoT\9 Nucleo boards\NUCLEO-L476RG\16 I2c Port Expander (STM32CubeIDE\PortExpander\MXTmpFiles\gpio.tmp_save
2021-03-21 14:11:47,313 [INFO] CodeEngine:247 - Generated code: C:\Users\evers\Documents\IMAGINE-IOT\Imagine-IoT\Imagine-IoT\9 Nucleo boards\NUCLEO-L476RG\16 I2c Port Expander (STM32CubeIDE\PortExpander\MXTmpFiles\gpio.tmp
2021-03-21 14:11:47,329 [ERROR] IPConfigManager:1461 - ERROR: the RefConfig I2CEnableFastModePlus is not available in your config.xml file
2021-03-21 14:11:47,677 [INFO] LogOutputStream:76 - [STDOUT_REDIRECT] Command line
2021-03-21 14:11:47,679 [INFO] LogOutputStream:76 - [STDOUT_REDIRECT] Command line
2021-03-21 14:11:47,704 [INFO] CodeEngine:229 - oldGeneratedFile, C:\Users\evers\Documents\IMAGINE-IOT\Imagine-IoT\Imagine-IoT\9 Nucleo boards\NUCLEO-L476RG\16 I2c Port Expander (STM32CubeIDE\PortExpander\Core\Src\stm32l4xx_it.c_save
2021-03-21 14:11:47,850 [INFO] CodeEngine:247 - Generated code: C:\Users\evers\Documents\IMAGINE-IOT\Imagine-IoT\Imagine-IoT\9 Nucleo boards\NUCLEO-L476RG\16 I2c Port Expander (STM32CubeIDE\PortExpander\Core\Src\stm32l4xx_it.c
2021-03-21 14:11:47,858 [INFO] CodeEngine:229 - oldGeneratedFile, C:\Users\evers\Documents\IMAGINE-IOT\Imagine-IoT\Imagine-IoT\9 Nucleo boards\NUCLEO-L476RG\16 I2c Port Expander (STM32CubeIDE\PortExpander\Core\Inc\stm32l4xx_it.h_save
2021-03-21 14:11:47,924 [INFO] CodeEngine:247 - Generated code: C:\Users\evers\Documents\IMAGINE-IOT\Imagine-IoT\Imagine-IoT\9 Nucleo boards\NUCLEO-L476RG\16 I2c Port Expander (STM32CubeIDE\PortExpander\Core\Inc\stm32l4xx_it.h
2021-03-21 14:11:47,944 [INFO] CodeEngine:229 - oldGeneratedFile, C:\Users\evers\Documents\IMAGINE-IOT\Imagine-IoT\Imagine-IoT\9 Nucleo boards\NUCLEO-L476RG\16 I2c Port Expander (STM32CubeIDE\PortExpander\Core\Src\stm32l4xx_hal_msp.c_save
2021-03-21 14:11:48,051 [INFO] CodeEngine:247 - Generated code: C:\Users\evers\Documents\IMAGINE-IOT\Imagine-IoT\Imagine-IoT\9 Nucleo boards\NUCLEO-L476RG\16 I2c Port Expander (STM32CubeIDE\PortExpander\Core\Src\stm32l4xx_hal_msp.c
2021-03-21 14:11:48,059 [INFO] CodeEngine:229 - oldGeneratedFile, C:\Users\evers\Documents\IMAGINE-IOT\Imagine-IoT\Imagine-IoT\9 Nucleo boards\NUCLEO-L476RG\16 I2c Port Expander (STM32CubeIDE\PortExpander\MXTmpFiles\system.tmp_save
2021-03-21 14:11:48,113 [INFO] CodeEngine:247 - Generated code: C:\Users\evers\Documents\IMAGINE-IOT\Imagine-IoT\Imagine-IoT\9 Nucleo boards\NUCLEO-L476RG\16 I2c Port Expander (STM32CubeIDE\PortExpander\MXTmpFiles\system.tmp
2021-03-21 14:11:48,127 [INFO] CodeEngine:229 - oldGeneratedFile, C:\Users\evers\Documents\IMAGINE-IOT\Imagine-IoT\Imagine-IoT\9 Nucleo boards\NUCLEO-L476RG\16 I2c Port Expander (STM32CubeIDE\PortExpander\Core\Inc\stm32l4xx_hal_conf.h_save
2021-03-21 14:11:48,190 [INFO] CodeEngine:247 - Generated code: C:\Users\evers\Documents\IMAGINE-IOT\Imagine-IoT\Imagine-IoT\9 Nucleo boards\NUCLEO-L476RG\16 I2c Port Expander (STM32CubeIDE\PortExpander\Core\Inc\stm32l4xx_hal_conf.h
2021-03-21 14:11:48,237 [INFO] CodeEngine:229 - oldGeneratedFile, C:\Users\evers\Documents\IMAGINE-IOT\Imagine-IoT\Imagine-IoT\9 Nucleo boards\NUCLEO-L476RG\16 I2c Port Expander (STM32CubeIDE\PortExpander\Core\Inc\main.h_save
2021-03-21 14:11:48,298 [INFO] CodeEngine:247 - Generated code: C:\Users\evers\Documents\IMAGINE-IOT\Imagine-IoT\Imagine-IoT\9 Nucleo boards\NUCLEO-L476RG\16 I2c Port Expander (STM32CubeIDE\PortExpander\Core\Inc\main.h
2021-03-21 14:11:48,305 [INFO] CodeEngine:229 - oldGeneratedFile, C:\Users\evers\Documents\IMAGINE-IOT\Imagine-IoT\Imagine-IoT\9 Nucleo boards\NUCLEO-L476RG\16 I2c Port Expander (STM32CubeIDE\PortExpander\Core\Src\main.c_save
2021-03-21 14:11:48,408 [INFO] CodeEngine:247 - Generated code: C:\Users\evers\Documents\IMAGINE-IOT\Imagine-IoT\Imagine-IoT\9 Nucleo boards\NUCLEO-L476RG\16 I2c Port Expander (STM32CubeIDE\PortExpander\Core\Src\main.c
2021-03-21 14:11:49,242 [INFO] ProjectBuilder:2460 - Time for Copy HAL[1] : 170mS.
2021-03-21 14:11:49,247 [INFO] ProjectBuilder:3418 - Project Generator version: 3.13.0-B3
2021-03-21 14:11:49,571 [INFO] ConfigFileManager:1242 - The Die is : DIE415
2021-03-21 14:11:52,053 [INFO] ProjectBuilder:3584 - Time for Generating toolchain IDE Files: 2806mS.
2021-03-21 14:11:52,055 [INFO] ProjectBuilder:2339 - Time for Copy CMSIS : 1mS.
2021-03-21 14:11:52,059 [INFO] ProjectBuilder:2339 - Time for Copy CMSIS : 1mS.
