2021-12-18 16:18:51,913 [INFO] Activator:177 - 


2021-12-18 16:18:51,914 [INFO] Activator:178 - !SESSION log4j initialized
2021-12-18 16:20:39,005 [ERROR] LogOutputStream:74 - [STDERR_REDIRECT] Managed Build system manifest file error: Option com.arm.toolchain.v6.base.options.target.cpu_fpu.1337922098 uses a null category that is invalid in its context. The option was ignored.
2021-12-18 16:20:39,010 [ERROR] LogOutputStream:74 - [STDERR_REDIRECT] Managed Build system manifest file error: Option com.arm.toolchain.v6.base.options.debug.level.1596377417 uses a null category that is invalid in its context. The option was ignored.
2021-12-18 16:20:39,040 [ERROR] LogOutputStream:74 - [STDERR_REDIRECT] Managed Build system manifest file error: Option com.ti.ccstudio.buildDefinitions.core.OPT_TAGS.1287921372 uses a null category that is invalid in its context. The option was ignored.
2021-12-18 16:20:39,044 [ERROR] LogOutputStream:74 - [STDERR_REDIRECT] Managed Build system manifest file error: Option com.ti.ccstudio.buildDefinitions.core.OPT_CODEGEN_VERSION.1725672517 uses a null category that is invalid in its context. The option was ignored.
2021-12-18 16:20:39,094 [ERROR] LogOutputStream:74 - [STDERR_REDIRECT] Managed Build system manifest file error: Option com.ti.ccstudio.buildDefinitions.core.OPT_TAGS.151553215 uses a null category that is invalid in its context. The option was ignored.
2021-12-18 16:20:39,099 [ERROR] LogOutputStream:74 - [STDERR_REDIRECT] Managed Build system manifest file error: Option com.ti.ccstudio.buildDefinitions.core.OPT_CODEGEN_VERSION.392978422 uses a null category that is invalid in its context. The option was ignored.
2021-12-18 16:20:39,123 [ERROR] LogOutputStream:74 - [STDERR_REDIRECT] Managed Build system manifest file error: Option com.arm.toolchain.v6.base.options.target.cpu_fpu.577788986 uses a null category that is invalid in its context. The option was ignored.
2021-12-18 16:20:39,129 [ERROR] LogOutputStream:74 - [STDERR_REDIRECT] Managed Build system manifest file error: Option com.arm.toolchain.v6.base.options.floatabi.2114828810 uses a null category that is invalid in its context. The option was ignored.
2021-12-18 16:20:39,136 [ERROR] LogOutputStream:74 - [STDERR_REDIRECT] Managed Build system manifest file error: Option com.arm.toolchain.v6.base.options.inst.867254844 uses a null category that is invalid in its context. The option was ignored.
2021-12-18 16:20:39,143 [ERROR] LogOutputStream:74 - [STDERR_REDIRECT] Managed Build system manifest file error: Option com.arm.toolchain.v6.base.options.debug.level.2012923809 uses a null category that is invalid in its context. The option was ignored.
2021-12-18 16:20:39,150 [ERROR] LogOutputStream:74 - [STDERR_REDIRECT] Managed Build system manifest file error: Option com.arm.toolchain.v6.base.options.libs.useMicroLib.1770236450 uses a null category that is invalid in its context. The option was ignored.
2021-12-18 16:20:39,178 [ERROR] LogOutputStream:74 - [STDERR_REDIRECT] Managed Build system manifest file error: Option com.arm.toolchain.v6.base.options.target.cpu_fpu.577788986 uses a null category that is invalid in its context. The option was ignored.
2021-12-18 16:20:39,184 [ERROR] LogOutputStream:74 - [STDERR_REDIRECT] Managed Build system manifest file error: Option com.arm.toolchain.v6.base.options.debug.level.2012923809 uses a null category that is invalid in its context. The option was ignored.
2021-12-18 16:20:39,210 [ERROR] LogOutputStream:74 - [STDERR_REDIRECT] Managed Build system manifest file error: Option com.ti.ccstudio.buildDefinitions.core.OPT_TAGS.1499025916 uses a null category that is invalid in its context. The option was ignored.
2021-12-18 16:20:39,215 [ERROR] LogOutputStream:74 - [STDERR_REDIRECT] Managed Build system manifest file error: Option com.ti.ccstudio.buildDefinitions.core.OPT_CODEGEN_VERSION.1870836759 uses a null category that is invalid in its context. The option was ignored.
2021-12-18 16:20:39,242 [ERROR] LogOutputStream:74 - [STDERR_REDIRECT] Managed Build system manifest file error: Option com.ti.ccstudio.buildDefinitions.core.OPT_TAGS.151553215 uses a null category that is invalid in its context. The option was ignored.
2021-12-18 16:20:39,248 [ERROR] LogOutputStream:74 - [STDERR_REDIRECT] Managed Build system manifest file error: Option com.ti.ccstudio.buildDefinitions.core.OPT_CODEGEN_VERSION.392978422 uses a null category that is invalid in its context. The option was ignored.
2021-12-18 16:20:41,811 [ERROR] LogOutputStream:74 - [STDERR_REDIRECT] Managed Build system manifest file error: Option com.arm.toolchain.v6.base.options.target.cpu_fpu.1337922098 uses a null category that is invalid in its context. The option was ignored.
2021-12-18 16:20:41,816 [ERROR] LogOutputStream:74 - [STDERR_REDIRECT] Managed Build system manifest file error: Option com.arm.toolchain.v6.base.options.debug.level.1596377417 uses a null category that is invalid in its context. The option was ignored.
2021-12-18 16:20:41,846 [ERROR] LogOutputStream:74 - [STDERR_REDIRECT] Managed Build system manifest file error: Option com.arm.toolchain.v6.base.options.target.cpu_fpu.577788986 uses a null category that is invalid in its context. The option was ignored.
2021-12-18 16:20:41,848 [ERROR] LogOutputStream:74 - [STDERR_REDIRECT] Managed Build system manifest file error: Option com.arm.toolchain.v6.base.options.floatabi.2114828810 uses a null category that is invalid in its context. The option was ignored.
2021-12-18 16:20:41,851 [ERROR] LogOutputStream:74 - [STDERR_REDIRECT] Managed Build system manifest file error: Option com.arm.toolchain.v6.base.options.inst.867254844 uses a null category that is invalid in its context. The option was ignored.
2021-12-18 16:20:41,854 [ERROR] LogOutputStream:74 - [STDERR_REDIRECT] Managed Build system manifest file error: Option com.arm.toolchain.v6.base.options.debug.level.2012923809 uses a null category that is invalid in its context. The option was ignored.
2021-12-18 16:20:41,857 [ERROR] LogOutputStream:74 - [STDERR_REDIRECT] Managed Build system manifest file error: Option com.arm.toolchain.v6.base.options.libs.useMicroLib.1770236450 uses a null category that is invalid in its context. The option was ignored.
2021-12-18 16:20:41,873 [ERROR] LogOutputStream:74 - [STDERR_REDIRECT] Managed Build system manifest file error: Option com.arm.toolchain.v6.base.options.target.cpu_fpu.577788986 uses a null category that is invalid in its context. The option was ignored.
2021-12-18 16:20:41,876 [ERROR] LogOutputStream:74 - [STDERR_REDIRECT] Managed Build system manifest file error: Option com.arm.toolchain.v6.base.options.debug.level.2012923809 uses a null category that is invalid in its context. The option was ignored.
2021-12-18 16:20:41,895 [ERROR] LogOutputStream:74 - [STDERR_REDIRECT] Managed Build system manifest file error: Option com.ti.ccstudio.buildDefinitions.core.OPT_TAGS.1499025916 uses a null category that is invalid in its context. The option was ignored.
2021-12-18 16:20:41,898 [ERROR] LogOutputStream:74 - [STDERR_REDIRECT] Managed Build system manifest file error: Option com.ti.ccstudio.buildDefinitions.core.OPT_CODEGEN_VERSION.1870836759 uses a null category that is invalid in its context. The option was ignored.
2021-12-18 16:20:41,911 [ERROR] LogOutputStream:74 - [STDERR_REDIRECT] Managed Build system manifest file error: Option com.ti.ccstudio.buildDefinitions.core.OPT_TAGS.151553215 uses a null category that is invalid in its context. The option was ignored.
2021-12-18 16:20:41,915 [ERROR] LogOutputStream:74 - [STDERR_REDIRECT] Managed Build system manifest file error: Option com.ti.ccstudio.buildDefinitions.core.OPT_CODEGEN_VERSION.392978422 uses a null category that is invalid in its context. The option was ignored.
2021-12-18 16:20:42,079 [ERROR] LogOutputStream:74 - [STDERR_REDIRECT] Managed Build system manifest file error: Option com.arm.toolchain.v6.base.options.target.cpu_fpu.982423385 uses a null category that is invalid in its context. The option was ignored.
2021-12-18 16:20:42,084 [ERROR] LogOutputStream:74 - [STDERR_REDIRECT] Managed Build system manifest file error: Option com.arm.toolchain.v6.base.options.debug.level.774584625 uses a null category that is invalid in its context. The option was ignored.
2021-12-18 16:20:42,119 [ERROR] LogOutputStream:74 - [STDERR_REDIRECT] Managed Build system manifest file error: Option com.arm.toolchain.v6.base.options.target.cpu_fpu.688166309 uses a null category that is invalid in its context. The option was ignored.
2021-12-18 16:20:42,124 [ERROR] LogOutputStream:74 - [STDERR_REDIRECT] Managed Build system manifest file error: Option com.arm.toolchain.v6.base.options.floatabi.197203083 uses a null category that is invalid in its context. The option was ignored.
2021-12-18 16:20:42,131 [ERROR] LogOutputStream:74 - [STDERR_REDIRECT] Managed Build system manifest file error: Option com.arm.toolchain.v6.base.options.inst.552700328 uses a null category that is invalid in its context. The option was ignored.
2021-12-18 16:20:42,136 [ERROR] LogOutputStream:74 - [STDERR_REDIRECT] Managed Build system manifest file error: Option com.arm.toolchain.v6.base.options.debug.level.1623863720 uses a null category that is invalid in its context. The option was ignored.
2021-12-18 16:20:44,576 [ERROR] LogOutputStream:74 - [STDERR_REDIRECT] Managed Build system manifest file error: Option com.arm.toolchain.v6.base.options.target.cpu_fpu.982423385 uses a null category that is invalid in its context. The option was ignored.
2021-12-18 16:20:44,584 [ERROR] LogOutputStream:74 - [STDERR_REDIRECT] Managed Build system manifest file error: Option com.arm.toolchain.v6.base.options.debug.level.774584625 uses a null category that is invalid in its context. The option was ignored.
2021-12-18 16:22:24,132 [INFO] Activator:177 - 


2021-12-18 16:22:24,133 [INFO] Activator:178 - !SESSION log4j initialized
2021-12-18 16:22:27,863 [ERROR] LogOutputStream:74 - [STDERR_REDIRECT] Managed Build system manifest file error: Option com.arm.toolchain.v6.base.options.target.cpu_fpu.1337922098 uses a null category that is invalid in its context. The option was ignored.
2021-12-18 16:22:27,870 [ERROR] LogOutputStream:74 - [STDERR_REDIRECT] Managed Build system manifest file error: Option com.arm.toolchain.v6.base.options.debug.level.1596377417 uses a null category that is invalid in its context. The option was ignored.
2021-12-18 16:22:27,900 [ERROR] LogOutputStream:74 - [STDERR_REDIRECT] Managed Build system manifest file error: Option com.ti.ccstudio.buildDefinitions.core.OPT_TAGS.1287921372 uses a null category that is invalid in its context. The option was ignored.
2021-12-18 16:22:27,905 [ERROR] LogOutputStream:74 - [STDERR_REDIRECT] Managed Build system manifest file error: Option com.ti.ccstudio.buildDefinitions.core.OPT_CODEGEN_VERSION.1725672517 uses a null category that is invalid in its context. The option was ignored.
2021-12-18 16:22:27,936 [ERROR] LogOutputStream:74 - [STDERR_REDIRECT] Managed Build system manifest file error: Option com.ti.ccstudio.buildDefinitions.core.OPT_TAGS.151553215 uses a null category that is invalid in its context. The option was ignored.
2021-12-18 16:22:27,941 [ERROR] LogOutputStream:74 - [STDERR_REDIRECT] Managed Build system manifest file error: Option com.ti.ccstudio.buildDefinitions.core.OPT_CODEGEN_VERSION.392978422 uses a null category that is invalid in its context. The option was ignored.
2021-12-18 16:22:27,957 [ERROR] LogOutputStream:74 - [STDERR_REDIRECT] Managed Build system manifest file error: Option com.arm.toolchain.v6.base.options.target.cpu_fpu.577788986 uses a null category that is invalid in its context. The option was ignored.
2021-12-18 16:22:27,962 [ERROR] LogOutputStream:74 - [STDERR_REDIRECT] Managed Build system manifest file error: Option com.arm.toolchain.v6.base.options.floatabi.2114828810 uses a null category that is invalid in its context. The option was ignored.
2021-12-18 16:22:27,966 [ERROR] LogOutputStream:74 - [STDERR_REDIRECT] Managed Build system manifest file error: Option com.arm.toolchain.v6.base.options.inst.867254844 uses a null category that is invalid in its context. The option was ignored.
2021-12-18 16:22:27,970 [ERROR] LogOutputStream:74 - [STDERR_REDIRECT] Managed Build system manifest file error: Option com.arm.toolchain.v6.base.options.debug.level.2012923809 uses a null category that is invalid in its context. The option was ignored.
2021-12-18 16:22:27,975 [ERROR] LogOutputStream:74 - [STDERR_REDIRECT] Managed Build system manifest file error: Option com.arm.toolchain.v6.base.options.libs.useMicroLib.1770236450 uses a null category that is invalid in its context. The option was ignored.
2021-12-18 16:22:27,995 [ERROR] LogOutputStream:74 - [STDERR_REDIRECT] Managed Build system manifest file error: Option com.arm.toolchain.v6.base.options.target.cpu_fpu.577788986 uses a null category that is invalid in its context. The option was ignored.
2021-12-18 16:22:27,998 [ERROR] LogOutputStream:74 - [STDERR_REDIRECT] Managed Build system manifest file error: Option com.arm.toolchain.v6.base.options.debug.level.2012923809 uses a null category that is invalid in its context. The option was ignored.
2021-12-18 16:22:28,031 [ERROR] LogOutputStream:74 - [STDERR_REDIRECT] Managed Build system manifest file error: Option com.ti.ccstudio.buildDefinitions.core.OPT_TAGS.1499025916 uses a null category that is invalid in its context. The option was ignored.
2021-12-18 16:22:28,035 [ERROR] LogOutputStream:74 - [STDERR_REDIRECT] Managed Build system manifest file error: Option com.ti.ccstudio.buildDefinitions.core.OPT_CODEGEN_VERSION.1870836759 uses a null category that is invalid in its context. The option was ignored.
2021-12-18 16:22:28,048 [ERROR] LogOutputStream:74 - [STDERR_REDIRECT] Managed Build system manifest file error: Option com.ti.ccstudio.buildDefinitions.core.OPT_TAGS.151553215 uses a null category that is invalid in its context. The option was ignored.
2021-12-18 16:22:28,052 [ERROR] LogOutputStream:74 - [STDERR_REDIRECT] Managed Build system manifest file error: Option com.ti.ccstudio.buildDefinitions.core.OPT_CODEGEN_VERSION.392978422 uses a null category that is invalid in its context. The option was ignored.
2021-12-18 16:22:28,151 [ERROR] LogOutputStream:74 - [STDERR_REDIRECT] Managed Build system manifest file error: Option com.arm.toolchain.v6.base.options.target.cpu_fpu.982423385 uses a null category that is invalid in its context. The option was ignored.
2021-12-18 16:22:28,155 [ERROR] LogOutputStream:74 - [STDERR_REDIRECT] Managed Build system manifest file error: Option com.arm.toolchain.v6.base.options.debug.level.774584625 uses a null category that is invalid in its context. The option was ignored.
2021-12-18 16:22:28,185 [ERROR] LogOutputStream:74 - [STDERR_REDIRECT] Managed Build system manifest file error: Option com.arm.toolchain.v6.base.options.target.cpu_fpu.688166309 uses a null category that is invalid in its context. The option was ignored.
2021-12-18 16:22:28,189 [ERROR] LogOutputStream:74 - [STDERR_REDIRECT] Managed Build system manifest file error: Option com.arm.toolchain.v6.base.options.floatabi.197203083 uses a null category that is invalid in its context. The option was ignored.
2021-12-18 16:22:28,193 [ERROR] LogOutputStream:74 - [STDERR_REDIRECT] Managed Build system manifest file error: Option com.arm.toolchain.v6.base.options.inst.552700328 uses a null category that is invalid in its context. The option was ignored.
2021-12-18 16:22:28,199 [ERROR] LogOutputStream:74 - [STDERR_REDIRECT] Managed Build system manifest file error: Option com.arm.toolchain.v6.base.options.debug.level.1623863720 uses a null category that is invalid in its context. The option was ignored.
