2021-06-29 16:46:38,480 [INFO] Activator:170 - 


2021-06-29 16:46:38,481 [INFO] Activator:171 - !SESSION log4j initialized
2021-06-29 16:46:44,230 [INFO] McuFinderGlobals:39 - Set McuFinder mode to 2 (CubeIDE integrated)
2021-06-29 16:46:44,414 [INFO] ApplicationProperties:181 - Using Application install path: C:\ST\STM32CubeIDE_1.6.1\STM32CubeIDE\plugins\com.st.stm32cube.common.mx_6.2.1.202103241236
2021-06-29 16:46:44,428 [INFO] DbMcusXml:74 - Set database path to: C:\ST\STM32CubeIDE_1.6.1\STM32CubeIDE\plugins\com.st.stm32cube.common.mx_6.2.1.202103241236\\db\/mcu/
2021-06-29 16:46:44,433 [INFO] DbBoardsPdsc:56 - Set plugin database path to: C:\ST\STM32CubeIDE_1.6.1\STM32CubeIDE\plugins\com.st.stm32cube.common.mx_6.2.1.202103241236\\db\/plugins/boardmanager/
2021-06-29 16:46:44,433 [INFO] DbMcus:258 - Set plugin images path to: C:\ST\STM32CubeIDE_1.6.1\STM32CubeIDE\plugins\com.st.stm32cube.common.mx_6.2.1.202103241236\\db\/plugins/mcufinder/images/
2021-06-29 16:46:44,433 [INFO] DbBoards:264 - Set plugin images path to: C:\ST\STM32CubeIDE_1.6.1\STM32CubeIDE\plugins\com.st.stm32cube.common.mx_6.2.1.202103241236\\db\/plugins/mcufinder/images/
2021-06-29 16:46:44,436 [INFO] DbExamples:333 - Set plugin images path to: C:\ST\STM32CubeIDE_1.6.1\STM32CubeIDE\plugins\com.st.stm32cube.common.mx_6.2.1.202103241236\\db\/plugins/mcufinder/images/
2021-06-29 16:46:44,448 [INFO] DbMcusAds:85 - Set database path to: C:\Users\evers\.stmcufinder\plugins\mcufinder//mcu/
2021-06-29 16:46:44,450 [INFO] DbMcusDocs:110 - Set database path to: C:\Users\evers\.stmcufinder\plugins\mcufinder//mcu/
2021-06-29 16:46:44,452 [INFO] DbMcusJson:65 - Set database path to: C:\Users\evers\.stmcufinder\plugins\mcufinder//mcu/
2021-06-29 16:46:44,453 [INFO] DbBoardsDocs:110 - Set database path to: C:\Users\evers\.stmcufinder\plugins\mcufinder//mcu/
2021-06-29 16:46:44,453 [INFO] DbBoardsJson:58 - Set database path to: C:\Users\evers\.stmcufinder\plugins\mcufinder//mcu/
2021-06-29 16:46:44,457 [INFO] CrossReferenceDbSqlite:196 - Set database path to: C:\Users\evers\.stmcufinder\plugins\mcufinder//mcu/cs/
2021-06-29 16:46:44,460 [INFO] DbExamplesSqlite:690 - Set database path to: C:\Users\evers\.stmcufinder\plugins\mcufinder//mcu/
2021-06-29 16:46:44,562 [INFO] RulesReader:52 - Compatibility file has been processed (237 Rules)
2021-06-29 16:46:44,674 [INFO] MicroXplorer:622 - Detected Java Version = 11.0.9.1
2021-06-29 16:46:44,675 [INFO] DbMcusXml:74 - Set database path to: C:\ST\STM32CubeIDE_1.6.1\STM32CubeIDE\plugins\com.st.stm32cube.common.mx_6.2.1.202103241236\\db\/mcu/
2021-06-29 16:46:44,675 [INFO] DbBoardsPdsc:56 - Set plugin database path to: C:\ST\STM32CubeIDE_1.6.1\STM32CubeIDE\plugins\com.st.stm32cube.common.mx_6.2.1.202103241236\\db\/plugins/boardmanager/
2021-06-29 16:46:44,675 [INFO] DbMcus:258 - Set plugin images path to: C:\ST\STM32CubeIDE_1.6.1\STM32CubeIDE\plugins\com.st.stm32cube.common.mx_6.2.1.202103241236\\db\/plugins/mcufinder/images/
2021-06-29 16:46:44,675 [INFO] DbBoards:264 - Set plugin images path to: C:\ST\STM32CubeIDE_1.6.1\STM32CubeIDE\plugins\com.st.stm32cube.common.mx_6.2.1.202103241236\\db\/plugins/mcufinder/images/
2021-06-29 16:46:44,675 [INFO] DbExamples:333 - Set plugin images path to: C:\ST\STM32CubeIDE_1.6.1\STM32CubeIDE\plugins\com.st.stm32cube.common.mx_6.2.1.202103241236\\db\/plugins/mcufinder/images/
2021-06-29 16:46:44,676 [WARN] DbFile:35 - Overriding database path with different value: C:\Users\evers\.stmcufinder\plugins\mcufinder/ => C:\Users\evers\.stmcufinder\plugins\mcufinder
2021-06-29 16:46:44,676 [INFO] DbMcusAds:85 - Set database path to: C:\Users\evers\.stmcufinder\plugins\mcufinder//mcu/
2021-06-29 16:46:44,676 [WARN] DbFile:35 - Overriding database path with different value: C:\Users\evers\.stmcufinder\plugins\mcufinder/ => C:\Users\evers\.stmcufinder\plugins\mcufinder
2021-06-29 16:46:44,676 [INFO] DbMcusDocs:110 - Set database path to: C:\Users\evers\.stmcufinder\plugins\mcufinder//mcu/
2021-06-29 16:46:44,676 [WARN] DbFile:35 - Overriding database path with different value: C:\Users\evers\.stmcufinder\plugins\mcufinder/ => C:\Users\evers\.stmcufinder\plugins\mcufinder
2021-06-29 16:46:44,676 [INFO] DbMcusJson:65 - Set database path to: C:\Users\evers\.stmcufinder\plugins\mcufinder//mcu/
2021-06-29 16:46:44,676 [WARN] DbFile:35 - Overriding database path with different value: C:\Users\evers\.stmcufinder\plugins\mcufinder/ => C:\Users\evers\.stmcufinder\plugins\mcufinder
2021-06-29 16:46:44,677 [INFO] DbBoardsDocs:110 - Set database path to: C:\Users\evers\.stmcufinder\plugins\mcufinder//mcu/
2021-06-29 16:46:44,677 [WARN] DbFile:35 - Overriding database path with different value: C:\Users\evers\.stmcufinder\plugins\mcufinder/ => C:\Users\evers\.stmcufinder\plugins\mcufinder
2021-06-29 16:46:44,677 [INFO] DbBoardsJson:58 - Set database path to: C:\Users\evers\.stmcufinder\plugins\mcufinder//mcu/
2021-06-29 16:46:44,677 [WARN] DbFile:35 - Overriding database path with different value: C:\Users\evers\.stmcufinder\plugins\mcufinder/ => C:\Users\evers\.stmcufinder\plugins\mcufinder
2021-06-29 16:46:44,677 [WARN] DbFile:35 - Overriding database path with different value: C:\Users\evers\.stmcufinder\plugins\mcufinder/ => C:\Users\evers\.stmcufinder\plugins\mcufinder
2021-06-29 16:46:44,677 [INFO] CrossReferenceDbSqlite:196 - Set database path to: C:\Users\evers\.stmcufinder\plugins\mcufinder//mcu/cs/
2021-06-29 16:46:44,677 [WARN] DbFile:35 - Overriding database path with different value: C:\Users\evers\.stmcufinder\plugins\mcufinder/ => C:\Users\evers\.stmcufinder\plugins\mcufinder
2021-06-29 16:46:44,677 [INFO] DbExamplesSqlite:690 - Set database path to: C:\Users\evers\.stmcufinder\plugins\mcufinder//mcu/
2021-06-29 16:46:44,760 [INFO] MainPanel:204 - HeapMemory: 268435456
2021-06-29 16:46:44,858 [INFO] DbMcusXml:74 - Set database path to: C:\ST\STM32CubeIDE_1.6.1\STM32CubeIDE\plugins\com.st.stm32cube.common.mx_6.2.1.202103241236\\db\/mcu/
2021-06-29 16:46:44,858 [INFO] DbBoardsPdsc:56 - Set plugin database path to: C:\ST\STM32CubeIDE_1.6.1\STM32CubeIDE\plugins\com.st.stm32cube.common.mx_6.2.1.202103241236\\db\/plugins/boardmanager/
2021-06-29 16:46:44,859 [INFO] DbMcus:258 - Set plugin images path to: C:\ST\STM32CubeIDE_1.6.1\STM32CubeIDE\plugins\com.st.stm32cube.common.mx_6.2.1.202103241236\\db\/plugins/mcufinder/images/
2021-06-29 16:46:44,859 [INFO] DbBoards:264 - Set plugin images path to: C:\ST\STM32CubeIDE_1.6.1\STM32CubeIDE\plugins\com.st.stm32cube.common.mx_6.2.1.202103241236\\db\/plugins/mcufinder/images/
2021-06-29 16:46:44,859 [INFO] DbExamples:333 - Set plugin images path to: C:\ST\STM32CubeIDE_1.6.1\STM32CubeIDE\plugins\com.st.stm32cube.common.mx_6.2.1.202103241236\\db\/plugins/mcufinder/images/
2021-06-29 16:46:44,860 [WARN] DbFile:35 - Overriding database path with different value: C:\Users\evers\.stmcufinder\plugins\mcufinder/ => C:\Users\evers\.stmcufinder\plugins\mcufinder
2021-06-29 16:46:44,860 [INFO] DbMcusAds:85 - Set database path to: C:\Users\evers\.stmcufinder\plugins\mcufinder//mcu/
2021-06-29 16:46:44,860 [WARN] DbFile:35 - Overriding database path with different value: C:\Users\evers\.stmcufinder\plugins\mcufinder/ => C:\Users\evers\.stmcufinder\plugins\mcufinder
2021-06-29 16:46:44,860 [INFO] DbMcusDocs:110 - Set database path to: C:\Users\evers\.stmcufinder\plugins\mcufinder//mcu/
2021-06-29 16:46:44,860 [WARN] DbFile:35 - Overriding database path with different value: C:\Users\evers\.stmcufinder\plugins\mcufinder/ => C:\Users\evers\.stmcufinder\plugins\mcufinder
2021-06-29 16:46:44,860 [INFO] DbMcusJson:65 - Set database path to: C:\Users\evers\.stmcufinder\plugins\mcufinder//mcu/
2021-06-29 16:46:44,860 [WARN] DbFile:35 - Overriding database path with different value: C:\Users\evers\.stmcufinder\plugins\mcufinder/ => C:\Users\evers\.stmcufinder\plugins\mcufinder
2021-06-29 16:46:44,860 [INFO] DbBoardsDocs:110 - Set database path to: C:\Users\evers\.stmcufinder\plugins\mcufinder//mcu/
2021-06-29 16:46:44,860 [WARN] DbFile:35 - Overriding database path with different value: C:\Users\evers\.stmcufinder\plugins\mcufinder/ => C:\Users\evers\.stmcufinder\plugins\mcufinder
2021-06-29 16:46:44,861 [INFO] DbBoardsJson:58 - Set database path to: C:\Users\evers\.stmcufinder\plugins\mcufinder//mcu/
2021-06-29 16:46:44,861 [WARN] DbFile:35 - Overriding database path with different value: C:\Users\evers\.stmcufinder\plugins\mcufinder/ => C:\Users\evers\.stmcufinder\plugins\mcufinder
2021-06-29 16:46:44,861 [WARN] DbFile:35 - Overriding database path with different value: C:\Users\evers\.stmcufinder\plugins\mcufinder/ => C:\Users\evers\.stmcufinder\plugins\mcufinder
2021-06-29 16:46:44,861 [INFO] CrossReferenceDbSqlite:196 - Set database path to: C:\Users\evers\.stmcufinder\plugins\mcufinder//mcu/cs/
2021-06-29 16:46:44,861 [WARN] DbFile:35 - Overriding database path with different value: C:\Users\evers\.stmcufinder\plugins\mcufinder/ => C:\Users\evers\.stmcufinder\plugins\mcufinder
2021-06-29 16:46:44,861 [INFO] DbExamplesSqlite:690 - Set database path to: C:\Users\evers\.stmcufinder\plugins\mcufinder//mcu/
2021-06-29 16:46:44,881 [INFO] ApplicationProperties:181 - Using Application install path: C:\ST\STM32CubeIDE_1.6.1\STM32CubeIDE\plugins\com.st.stm32cube.common.mx_6.2.1.202103241236
2021-06-29 16:46:44,883 [INFO] PluginManage:178 - Search for loadable plugins [exclusion list=, ]
2021-06-29 16:46:44,884 [INFO] PluginManage:292 - Check plugin analytics
2021-06-29 16:46:45,088 [INFO] AnalyticsPlugin:233 - Accepted Software Licenses: STM32CubeMX.6.0.1,STM32CubeMX.6.1.1,STM32CubeMX.6.1.2,STM32CubeMX.6.2.0
2021-06-29 16:46:45,089 [INFO] AnalyticsPlugin:235 - Accepted CMSIS Pack Licenses: 
2021-06-29 16:46:45,089 [INFO] AnalyticsPlugin:237 - Accepted Firmware Licenses: 
2021-06-29 16:46:45,089 [INFO] PluginManage:342 - Loaded plugin analytics (category:tool,tabindex:-1)
2021-06-29 16:46:45,090 [INFO] PluginManage:292 - Check plugin clock
2021-06-29 16:46:45,106 [INFO] PluginManage:342 - Loaded plugin clock (category:base,tabindex:2)
2021-06-29 16:46:45,106 [INFO] PluginManage:292 - Check plugin ddr
2021-06-29 16:46:45,109 [INFO] PluginManage:342 - Loaded plugin ddr (category:tool,tabindex:6)
2021-06-29 16:46:45,109 [INFO] PluginManage:292 - Check plugin filemanager
2021-06-29 16:46:45,228 [INFO] PluginManage:342 - Loaded plugin filemanager (category:base,tabindex:10)
2021-06-29 16:46:45,228 [INFO] PluginManage:292 - Check plugin ipmanager
2021-06-29 16:46:45,237 [INFO] PluginManage:342 - Loaded plugin ipmanager (category:base,tabindex:5)
2021-06-29 16:46:45,237 [INFO] PluginManage:292 - Check plugin pinoutandconfiguration
2021-06-29 16:46:45,248 [INFO] PluginManage:342 - Loaded plugin pinoutandconfiguration (category:base,tabindex:1)
2021-06-29 16:46:45,248 [INFO] PluginManage:292 - Check plugin pinoutconfig
2021-06-29 16:46:45,275 [INFO] PluginManage:342 - Loaded plugin pinoutconfig (category:base,tabindex:0)
2021-06-29 16:46:45,275 [INFO] PluginManage:292 - Check plugin power
2021-06-29 16:46:45,295 [INFO] PluginManage:342 - Loaded plugin power (category:power,tabindex:4)
2021-06-29 16:46:45,295 [INFO] PluginManage:292 - Check plugin projectmanager
2021-06-29 16:46:45,314 [INFO] PluginManage:342 - Loaded plugin projectmanager (category:projectmanager,tabindex:3)
2021-06-29 16:46:45,314 [INFO] PluginManage:292 - Check plugin thirdparty
2021-06-29 16:46:45,458 [INFO] PluginManage:342 - Loaded plugin thirdparty (category:base,tabindex:-1)
2021-06-29 16:46:45,459 [INFO] PluginManage:292 - Check plugin tools
2021-06-29 16:46:45,459 [WARN] IntegrityCheckThread:59 - waiting for thirdparty lock release [integrity check]
2021-06-29 16:46:45,460 [INFO] IntegrityCheckThread:61 - entering critical section [integrity check]
2021-06-29 16:46:45,460 [INFO] ThirdPartyUpdaterWithRetryManager:56 - Updater plugin not ready yet. [1/15]
2021-06-29 16:46:45,462 [INFO] PluginManage:342 - Loaded plugin tools (category:base,tabindex:7)
2021-06-29 16:46:45,462 [INFO] PluginManage:292 - Check plugin tutovideos
2021-06-29 16:46:45,666 [INFO] PluginManage:342 - Loaded plugin tutovideos (category:base,tabindex:-1)
2021-06-29 16:46:45,666 [INFO] PluginManage:292 - Check plugin updater
2021-06-29 16:46:45,679 [INFO] PluginManage:342 - Loaded plugin updater (category:base,tabindex:12)
2021-06-29 16:46:45,680 [INFO] PluginManage:265 - PluginManage : Loaded plugins [13]
2021-06-29 16:46:45,849 [INFO] PinOutPanel:1435 - setPackage(No Configuration,No Configuration)
2021-06-29 16:46:45,962 [INFO] IPUIPlugin:64 - create IPUIPlugin
2021-06-29 16:46:45,962 [INFO] PluginManager:203 - loadIPPluginJar : add adc
2021-06-29 16:46:45,966 [INFO] IPUIPlugin:64 - create IPUIPlugin
2021-06-29 16:46:45,966 [INFO] PluginManager:203 - loadIPPluginJar : add aes
2021-06-29 16:46:45,969 [INFO] IPUIPlugin:64 - create IPUIPlugin
2021-06-29 16:46:45,969 [INFO] PluginManager:203 - loadIPPluginJar : add can
2021-06-29 16:46:45,971 [INFO] IPUIPlugin:64 - create IPUIPlugin
2021-06-29 16:46:45,972 [INFO] PluginManager:203 - loadIPPluginJar : add comp
2021-06-29 16:46:45,974 [INFO] IPUIPlugin:64 - create IPUIPlugin
2021-06-29 16:46:45,974 [INFO] PluginManager:203 - loadIPPluginJar : add cryp
2021-06-29 16:46:45,977 [INFO] IPUIPlugin:64 - create IPUIPlugin
2021-06-29 16:46:45,977 [INFO] PluginManager:203 - loadIPPluginJar : add dfsdm
2021-06-29 16:46:45,983 [INFO] IPUIPlugin:64 - create IPUIPlugin
2021-06-29 16:46:45,984 [INFO] PluginManager:203 - loadIPPluginJar : add dma
2021-06-29 16:46:45,986 [INFO] IPUIPlugin:64 - create IPUIPlugin
2021-06-29 16:46:45,986 [INFO] PluginManager:203 - loadIPPluginJar : add fatfs
2021-06-29 16:46:45,991 [INFO] IPUIPlugin:64 - create IPUIPlugin
2021-06-29 16:46:45,991 [INFO] PluginManager:203 - loadIPPluginJar : add fmc
2021-06-29 16:46:45,998 [INFO] IPUIPlugin:64 - create IPUIPlugin
2021-06-29 16:46:45,998 [INFO] PluginManager:203 - loadIPPluginJar : add freertos
2021-06-29 16:46:46,000 [INFO] IPUIPlugin:64 - create IPUIPlugin
2021-06-29 16:46:46,000 [INFO] PluginManager:203 - loadIPPluginJar : add genericplugin
2021-06-29 16:46:46,003 [INFO] IPUIPlugin:64 - create IPUIPlugin
2021-06-29 16:46:46,003 [INFO] PluginManager:203 - loadIPPluginJar : add gfxmmu
2021-06-29 16:46:46,009 [INFO] IPUIPlugin:64 - create IPUIPlugin
2021-06-29 16:46:46,009 [INFO] PluginManager:203 - loadIPPluginJar : add gic
2021-06-29 16:46:46,013 [INFO] IPUIPlugin:64 - create IPUIPlugin
2021-06-29 16:46:46,014 [INFO] PluginManager:203 - loadIPPluginJar : add gpio
2021-06-29 16:46:46,017 [INFO] IPUIPlugin:64 - create IPUIPlugin
2021-06-29 16:46:46,017 [INFO] PluginManager:203 - loadIPPluginJar : add gtzc
2021-06-29 16:46:46,020 [INFO] IPUIPlugin:64 - create IPUIPlugin
2021-06-29 16:46:46,020 [INFO] PluginManager:203 - loadIPPluginJar : add hash
2021-06-29 16:46:46,023 [INFO] IPUIPlugin:64 - create IPUIPlugin
2021-06-29 16:46:46,023 [INFO] PluginManager:203 - loadIPPluginJar : add i2c
2021-06-29 16:46:46,026 [INFO] IPUIPlugin:64 - create IPUIPlugin
2021-06-29 16:46:46,027 [INFO] PluginManager:203 - loadIPPluginJar : add i2s
2021-06-29 16:46:46,030 [INFO] IPUIPlugin:64 - create IPUIPlugin
2021-06-29 16:46:46,030 [INFO] PluginManager:203 - loadIPPluginJar : add ipddr
2021-06-29 16:46:46,034 [INFO] IPUIPlugin:64 - create IPUIPlugin
2021-06-29 16:46:46,034 [INFO] PluginManager:203 - loadIPPluginJar : add lorawan
2021-06-29 16:46:46,036 [INFO] IPUIPlugin:64 - create IPUIPlugin
2021-06-29 16:46:46,036 [INFO] PluginManager:203 - loadIPPluginJar : add ltdc
2021-06-29 16:46:46,040 [INFO] IPUIPlugin:64 - create IPUIPlugin
2021-06-29 16:46:46,041 [INFO] PluginManager:203 - loadIPPluginJar : add mdma
2021-06-29 16:46:46,044 [INFO] IPUIPlugin:64 - create IPUIPlugin
2021-06-29 16:46:46,045 [INFO] PluginManager:203 - loadIPPluginJar : add nvic
2021-06-29 16:46:46,048 [INFO] IPUIPlugin:64 - create IPUIPlugin
2021-06-29 16:46:46,049 [INFO] PluginManager:203 - loadIPPluginJar : add opamp
2021-06-29 16:46:46,052 [INFO] IPUIPlugin:64 - create IPUIPlugin
2021-06-29 16:46:46,052 [INFO] PluginManager:203 - loadIPPluginJar : add openamp
2021-06-29 16:46:46,056 [INFO] IPUIPlugin:64 - create IPUIPlugin
2021-06-29 16:46:46,056 [INFO] PluginManager:203 - loadIPPluginJar : add pdm2pcm
2021-06-29 16:46:46,062 [INFO] IPUIPlugin:64 - create IPUIPlugin
2021-06-29 16:46:46,065 [INFO] PluginManager:203 - loadIPPluginJar : add plateformsettings
2021-06-29 16:46:46,067 [INFO] IPUIPlugin:64 - create IPUIPlugin
2021-06-29 16:46:46,067 [INFO] PluginManager:203 - loadIPPluginJar : add quadspi
2021-06-29 16:46:46,072 [INFO] IPUIPlugin:64 - create IPUIPlugin
2021-06-29 16:46:46,072 [INFO] PluginManager:203 - loadIPPluginJar : add resmgrutility
2021-06-29 16:46:46,076 [INFO] IPUIPlugin:64 - create IPUIPlugin
2021-06-29 16:46:46,076 [INFO] PluginManager:203 - loadIPPluginJar : add sai
2021-06-29 16:46:46,079 [INFO] IPUIPlugin:64 - create IPUIPlugin
2021-06-29 16:46:46,079 [INFO] PluginManager:203 - loadIPPluginJar : add spi
2021-06-29 16:46:46,084 [INFO] IPUIPlugin:64 - create IPUIPlugin
2021-06-29 16:46:46,084 [INFO] PluginManager:203 - loadIPPluginJar : add stm32_wpan
2021-06-29 16:46:46,086 [INFO] IPUIPlugin:64 - create IPUIPlugin
2021-06-29 16:46:46,086 [INFO] PluginManager:203 - loadIPPluginJar : add tim
2021-06-29 16:46:46,090 [INFO] IPUIPlugin:64 - create IPUIPlugin
2021-06-29 16:46:46,090 [INFO] PluginManager:203 - loadIPPluginJar : add touchsensing
2021-06-29 16:46:46,092 [INFO] IPUIPlugin:64 - create IPUIPlugin
2021-06-29 16:46:46,093 [INFO] PluginManager:203 - loadIPPluginJar : add tracer_emb
2021-06-29 16:46:46,095 [INFO] IPUIPlugin:64 - create IPUIPlugin
2021-06-29 16:46:46,095 [INFO] PluginManager:203 - loadIPPluginJar : add ts
2021-06-29 16:46:46,097 [INFO] IPUIPlugin:64 - create IPUIPlugin
2021-06-29 16:46:46,097 [INFO] PluginManager:203 - loadIPPluginJar : add tsc
2021-06-29 16:46:46,099 [INFO] IPUIPlugin:64 - create IPUIPlugin
2021-06-29 16:46:46,100 [INFO] PluginManager:203 - loadIPPluginJar : add ucpd
2021-06-29 16:46:46,103 [INFO] IPUIPlugin:64 - create IPUIPlugin
2021-06-29 16:46:46,103 [INFO] PluginManager:203 - loadIPPluginJar : add usart
2021-06-29 16:46:46,562 [FATAL] Updater:284 - Updater called before beeing initialized
2021-06-29 16:46:46,672 [FATAL] Updater:284 - Updater called before beeing initialized
2021-06-29 16:46:46,677 [INFO] DbMcusAds:132 - JSON generation date=Tue May 11 17:32:49 CEST 2021 (1620747169502)
2021-06-29 16:46:46,677 [FATAL] Updater:284 - Updater called before beeing initialized
2021-06-29 16:46:46,721 [WARN] DetailPanel:315 - Failed to get advertising image, set to default
2021-06-29 16:46:46,909 [FATAL] Updater:284 - Updater called before beeing initialized
2021-06-29 16:46:46,911 [FATAL] Updater:284 - Updater called before beeing initialized
2021-06-29 16:46:46,911 [FATAL] Updater:284 - Updater called before beeing initialized
2021-06-29 16:46:46,911 [WARN] DetailPanel:315 - Failed to get advertising image, set to default
2021-06-29 16:46:46,912 [FATAL] Updater:284 - Updater called before beeing initialized
2021-06-29 16:46:46,957 [FATAL] Updater:284 - Updater called before beeing initialized
2021-06-29 16:46:46,958 [WARN] ThirdParty:796 - waiting for thirdparty lock release [close project]
2021-06-29 16:46:48,471 [INFO] ThirdPartyUpdaterWithRetryManager:56 - Updater plugin not ready yet. [2/15]
2021-06-29 16:46:51,474 [FATAL] Updater:284 - Updater called before beeing initialized
2021-06-29 16:46:51,474 [ERROR] AbstractThirdPartyUpdaterManager:153 - class java.lang.Integer cannot be cast to class java.util.List (java.lang.Integer and java.util.List are in module java.base of loader 'bootstrap')
2021-06-29 16:46:51,475 [INFO] ThirdParty:900 - Integrity check success = false
2021-06-29 16:46:51,475 [INFO] IntegrityCheckThread:75 - exiting critical section [integrity check]
2021-06-29 16:46:51,475 [INFO] IntegrityCheckThread:78 - End integrity checks thread
2021-06-29 16:46:51,475 [INFO] ThirdParty:798 - entering critical section [close project]
2021-06-29 16:46:51,477 [INFO] ThirdParty:809 - exiting critical section [close project]
2021-06-29 16:46:51,480 [INFO] PinOutPanel:1435 - setPackage(No Configuration,No Configuration)
2021-06-29 16:46:51,481 [FATAL] Updater:284 - Updater called before beeing initialized
2021-06-29 16:46:51,498 [ERROR] Updater:1065 - MainUpdater not yet initialized. External WinMGr cannot be set.
2021-06-29 16:46:51,502 [INFO] Updater:1002 - Updater Version found : 6.2.1
2021-06-29 16:46:51,525 [INFO] ApplicationProperties:181 - Using Application install path: C:\ST\STM32CubeIDE_1.6.1\STM32CubeIDE\plugins\com.st.stm32cube.common.mx_6.2.1.202103241236
2021-06-29 16:46:51,671 [INFO] MainUpdater:2661 - connection check result : 10
2021-06-29 16:46:51,672 [INFO] MainUpdater:255 - Updater Check For Update Now.
2021-06-29 16:46:51,672 [INFO] MicroXplorer:472 - Change Database Version : DB.6.0.21
2021-06-29 16:46:51,711 [INFO] CheckServerUpdateThread:102 - End of CheckServer Thread
2021-06-29 16:46:51,789 [INFO] MainUpdater:2661 - connection check result : 10
2021-06-29 16:46:52,166 [INFO] CrossSelectorPresenter:1330 - Cross Selector saved comparison directory: C:\Users\evers\.stmcufinder\plugins\mcufinder\mcu\cs_comparisons_mx
2021-06-29 16:46:52,171 [INFO] MultiScanPanel:200 - Auto-refresh data requested => check proxy status ongoing
2021-06-29 16:46:52,173 [INFO] FinderPluginLoader:87 - Searching for filters in installed packs
2021-06-29 16:46:52,175 [INFO] DbMcusXml:100 - Load MCU database from C:\ST\STM32CubeIDE_1.6.1\STM32CubeIDE\plugins\com.st.stm32cube.common.mx_6.2.1.202103241236\\db\/mcu/families.xml
2021-06-29 16:46:53,117 [INFO] DbMcusJson:94 - JSON generation date=Mon Jun 07 10:53:21 CEST 2021 (1623056001)
2021-06-29 16:46:53,775 [INFO] DbMcus:175 - Found 1906 MCUs (1866 are supported by CubeMX, 1866 are visible in CubeMX)
2021-06-29 16:46:53,778 [INFO] ApiDb:251 - Load user favorites file C:\Users\evers/.stm32cubeide/favorites.mcus.txt: 0 item(s)
2021-06-29 16:46:53,778 [INFO] ApiDb:255 - User favorites MCUs=[]
2021-06-29 16:46:53,778 [INFO] DbMcus:187 - Set 0 / 0 favorites MCUs
2021-06-29 16:46:54,249 [WARN] DetailPanel:315 - Failed to get advertising image, set to default
2021-06-29 16:46:54,665 [INFO] DbBoardsPdsc:90 - Found 24 items
2021-06-29 16:46:54,667 [INFO] DbBoardsPdsc:90 - Found 9 items
2021-06-29 16:46:54,672 [INFO] DbBoardsPdsc:90 - Found 33 items
2021-06-29 16:46:54,674 [INFO] DbBoardsPdsc:90 - Found 1 items
2021-06-29 16:46:54,681 [INFO] DbBoardsPdsc:90 - Found 46 items
2021-06-29 16:46:54,689 [INFO] DbBoardsPdsc:90 - Found 41 items
2021-06-29 16:46:54,691 [INFO] DbBoardsPdsc:90 - Found 2 items
2021-06-29 16:46:54,693 [INFO] DbBoardsPdsc:90 - Found 5 items
2021-06-29 16:46:54,697 [WARN] DbBoardsPdsc:254 - Board NUCLEO-WB15CC: unknown feature type=, name=, username=Three user LEDs, n=1
2021-06-29 16:46:54,697 [WARN] DbBoardsPdsc:254 - Board NUCLEO-WB15CC: unknown feature type=, name=, username=One reset and three user push-buttons, n=1
2021-06-29 16:46:54,697 [WARN] DbBoardsPdsc:254 - Board NUCLEO-WB15CC: unknown feature type=, name=, username=Arduino Uno V3 expansion connector, n=1
2021-06-29 16:46:54,697 [WARN] DbBoardsPdsc:254 - Board NUCLEO-WB15CC: unknown feature type=, name=, username=ST morpho extension pin headers for full access to all STM32WB I/Os, n=1
2021-06-29 16:46:54,697 [WARN] DbBoardsPdsc:254 - Board NUCLEO-WB15CC: unknown feature type=, name=, username=Integrated PCB antenna and SMA connector footprint, n=1
2021-06-29 16:46:54,697 [WARN] DbBoardsPdsc:254 - Board NUCLEO-WB15CC: unknown feature type=, name=, username=Flexible power-supply options: ST-LINK, USB VBUS, or external sources, n=1
2021-06-29 16:46:54,698 [WARN] DbBoardsPdsc:254 - Board NUCLEO-WB15CC: unknown feature type=, name=, username=On-board footprint to mount a CR2032 battery socket, n=1
2021-06-29 16:46:54,698 [WARN] DbBoardsPdsc:254 - Board NUCLEO-WB15CC: unknown feature type=, name=, username=On-board ST-LINK/V2-1 debugger/programmer with USB re-enumeration capability: mass storage, Virtual COM port, and debug port, n=1
2021-06-29 16:46:54,698 [WARN] DbBoardsPdsc:254 - Board NUCLEO-WB15CC: unknown feature type=, name=, username=Comprehensive free software libraries and examples available with the STM32CubeWB MCU Package, n=1
2021-06-29 16:46:54,698 [WARN] DbBoardsPdsc:254 - Board NUCLEO-WB15CC: unknown feature type=, name=, username=Support of a wide choice of Integrated Development Environments (IDEs) including IAR Embedded Workbench, MDK-ARM, STM32CubeIDE, and Mbed Studio, n=1
2021-06-29 16:46:54,700 [WARN] DbBoardsPdsc:254 - Board STM32H7B3I-DK: unknown feature type=Audio, name=, username=Audio stereo codec with Headphone Amp (CS42L51-CNZ), n=1
2021-06-29 16:46:54,701 [WARN] DbBoardsPdsc:254 - Board STM32H735G-DK: unknown feature type=Audio, name=, username=Audio stereo codec with Headphone Amp (WM8994ECS/R), n=1
2021-06-29 16:46:54,701 [WARN] DbBoardsPdsc:254 - Board STM32WB5MM-DK: unknown feature type=, name=, username=Time-of-Flight and gesture-detection sensor, n=1
2021-06-29 16:46:54,701 [WARN] DbBoardsPdsc:254 - Board STM32WB5MM-DK: unknown feature type=, name=, username=3 push-buttons (2 users and 1 reset) and 1 touch key button, n=1
2021-06-29 16:46:54,701 [WARN] DbBoardsPdsc:254 - Board STM32WB5MM-DK: unknown feature type=, name=, username=Flexible power-supply options: ST-LINK/V2-1 USB connector, 5 V delivered by ARDUINO® or external connector, USB charger, or USB power, n=1
2021-06-29 16:46:54,701 [WARN] DbBoardsPdsc:254 - Board STM32WB5MM-DK: unknown feature type=, name=, username=On-board ST-LINK/V2-1 debugger/programmer with USB re-enumeration capability: Virtual COM port and debug port, n=1
2021-06-29 16:46:54,701 [WARN] DbBoardsPdsc:254 - Board STM32WB5MM-DK: unknown feature type=, name=, username=Comprehensive free software libraries and examples available with the STM32CubeWB MCU Package, n=1
2021-06-29 16:46:54,701 [WARN] DbBoardsPdsc:254 - Board STM32WB5MM-DK: unknown feature type=, name=, username=Support of a wide choice of Integrated Development Environments (IDEs) including IAR Embedded Workbench®, MDK-ARM, and STM32CubeIDE, n=1
2021-06-29 16:46:54,703 [WARN] DbBoardsPdsc:254 - Board STM32H7B3I-EVAL: unknown feature type=Audio, name=, username=Multi-Channel Audio Codec (CS42L51-CNZ), n=1
2021-06-29 16:46:54,703 [WARN] DbBoardsPdsc:254 - Board STM32H7B3I-EVAL: unknown feature type=Meter, name=, username=Power-metering and Temperature-monitoring with sigma-delta modulators, n=1
2021-06-29 16:46:54,703 [WARN] DbBoardsPdsc:254 - Board STM32H7B3I-EVAL: unknown feature type=Motor, name=, username=Motor Control, n=1
2021-06-29 16:46:54,721 [INFO] DbBoardsJson:87 - JSON generation date=Tue Jun 01 07:52:40 CEST 2021 (1622526760)
2021-06-29 16:46:54,727 [INFO] DbBoards:117 - Found 161 boards (158 are supported by CubeMX)
2021-06-29 16:46:54,741 [INFO] DbBoardsDocs:143 - JSON generation date=Tue Jun 01 07:52:40 CEST 2021 (1622526760)
2021-06-29 16:46:54,761 [INFO] DbBoardsDocs:79 - Found 193 boards documents
2021-06-29 16:46:54,762 [WARN] DbBoards:127 - board B-L462E-CELL1 has no document id list !
2021-06-29 16:46:54,762 [WARN] DbBoards:127 - board B-L475E-IOT01A2 has no document id list !
2021-06-29 16:46:54,763 [WARN] DbBoards:127 - board NUCLEO-G0B1RE has no document id list !
2021-06-29 16:46:54,763 [WARN] DbBoards:127 - board NUCLEO-H743ZI has no document id list !
2021-06-29 16:46:54,764 [WARN] DbBoards:127 - board NUCLEO-L4A6ZG has no document id list !
2021-06-29 16:46:54,764 [WARN] DbBoards:127 - board NUCLEO-WB15CC has no document id list !
2021-06-29 16:46:54,764 [WARN] DbBoards:127 - board NUCLEO-WB55RG has no document id list !
2021-06-29 16:46:54,764 [WARN] DbBoards:127 - board NUCLEO-WL55JC2 has no document id list !
2021-06-29 16:46:54,764 [WARN] DbBoards:127 - board P-NUCLEO-WB55-Nucleo has no document id list !
2021-06-29 16:46:54,764 [WARN] DbBoards:127 - board P-NUCLEO-WB55-USBDongle has no document id list !
2021-06-29 16:46:54,764 [WARN] DbBoards:127 - board STEVAL-BFA001V1B has no document id list !
2021-06-29 16:46:54,764 [WARN] DbBoards:127 - board STEVAL-BFA001V2B has no document id list !
2021-06-29 16:46:54,764 [WARN] DbBoards:127 - board STEVAL-IDP005V1 has no document id list !
2021-06-29 16:46:54,764 [WARN] DbBoards:127 - board STEVAL-IDP005V2 has no document id list !
2021-06-29 16:46:54,765 [WARN] DbBoards:127 - board STEVAL-MKSBOX1V1 has no document id list !
2021-06-29 16:46:54,765 [WARN] DbBoards:127 - board STEVAL-STWINKT1 has no document id list !
2021-06-29 16:46:54,765 [WARN] DbBoards:127 - board STEVAL-STWINKT1B has no document id list !
2021-06-29 16:46:54,765 [WARN] DbBoards:127 - board STM32F401C-DISCO has no document id list !
2021-06-29 16:46:54,766 [WARN] DbBoards:127 - board STM32F769I-DISC1 has no document id list !
2021-06-29 16:46:54,766 [WARN] DbBoards:127 - board STM32G0C1E-EV has no document id list !
2021-06-29 16:46:54,766 [WARN] DbBoards:127 - board STM32G474E-EVAL1 has no document id list !
2021-06-29 16:46:54,766 [WARN] DbBoards:127 - board STM32H743I-EVAL2 has no document id list !
2021-06-29 16:46:54,766 [WARN] DbBoards:127 - board STM32H747I-DISC1 has no document id list !
2021-06-29 16:46:54,767 [WARN] DbBoards:127 - board STM32H753I-EVAL2 has no document id list !
2021-06-29 16:46:54,767 [WARN] DbBoards:127 - board STM32L-DISCOVERY has no document id list !
2021-06-29 16:46:54,767 [WARN] DbBoards:127 - board STM32MP157A-DK1 has no document id list !
2021-06-29 16:46:54,768 [WARN] DbBoards:127 - board STM32MP157F-DK2 has no document id list !
2021-06-29 16:46:54,768 [WARN] DbBoards:127 - board STM32MP157F-EV1 has no document id list !
2021-06-29 16:46:54,768 [WARN] DbBoards:127 - board STM32WB5MM-DK has no document id list !
2021-06-29 16:46:56,355 [INFO] ApiDb:251 - Load user favorites file C:\Users\evers/.stm32cubeide/favorites.boards.txt: 1 item(s)
2021-06-29 16:46:56,355 [INFO] ApiDb:255 - User favorites Boards=[NUCLEO-L476RG]
2021-06-29 16:46:56,356 [INFO] DbBoards:206 - Set 1 / 1 favorites Boards
2021-06-29 16:47:15,706 [INFO] MultiScanPanel:200 - Auto-refresh data requested => check proxy status ongoing
2021-06-29 16:47:15,803 [WARN] DetailPanel:315 - Failed to get advertising image, set to default
2021-06-29 16:47:59,710 [INFO] MainUpdater:2661 - connection check result : 10
2021-06-29 16:47:59,711 [INFO] MainUpdater:2661 - connection check result : 10
2021-06-29 16:47:59,749 [INFO] MicroXplorer:442 - Change Database Path : 
2021-06-29 16:47:59,749 [INFO] MicroXplorer:472 - Change Database Version : DB.6.0.21
2021-06-29 16:47:59,750 [WARN] ThirdParty:796 - waiting for thirdparty lock release [close project]
2021-06-29 16:47:59,750 [INFO] ThirdParty:798 - entering critical section [close project]
2021-06-29 16:47:59,750 [INFO] ThirdParty:809 - exiting critical section [close project]
2021-06-29 16:47:59,754 [INFO] PinOutPanel:1435 - setPackage(No Configuration,No Configuration)
2021-06-29 16:47:59,755 [INFO] UtilMem:74 - Begin LoadConfig() Used Memory: 419363696 Bytes (505413632)
2021-06-29 16:47:59,756 [INFO] OpenFileManager:303 - Change cursor
2021-06-29 16:47:59,777 [WARN] IntegrityCheckThread:59 - waiting for thirdparty lock release [integrity check]
2021-06-29 16:47:59,777 [INFO] IntegrityCheckThread:61 - entering critical section [integrity check]
2021-06-29 16:47:59,929 [WARN] PackLoader:226 - Cannot read IP mode file for RoweBots.I-CUBE-UNISONRTOS.5.5.0-4
2021-06-29 16:47:59,951 [WARN] PackLoader:226 - Cannot read IP mode file for STMicroelectronics.X-CUBE-SFXS2LP1.3.0.0
2021-06-29 16:47:59,977 [WARN] PackLoader:226 - Cannot read IP mode file for STMicroelectronics.X-CUBE-SUBG2.4.1.0
2021-06-29 16:48:00,092 [WARN] PackLoader:226 - Cannot read IP mode file for STMicroelectronics.X-CUBE-MEMS1.8.2.0
2021-06-29 16:48:00,256 [WARN] PackLoader:226 - Cannot read IP mode file for STMicroelectronics.X-CUBE-EEPRMA1.3.0.0
2021-06-29 16:48:00,312 [WARN] PackLoader:226 - Cannot read IP mode file for SEGGER.I-CUBE-embOS.1.2.0
2021-06-29 16:48:00,359 [WARN] PackLoader:226 - Cannot read IP mode file for STMicroelectronics.X-CUBE-BLE1.6.2.0
2021-06-29 16:48:00,365 [WARN] PackLoader:226 - Cannot read IP mode file for STMicroelectronics.X-CUBE-NFC4.2.0.2
2021-06-29 16:48:00,372 [WARN] PackLoader:226 - Cannot read IP mode file for STMicroelectronics.X-CUBE-BLE2.3.2.0
2021-06-29 16:48:00,382 [WARN] PackLoader:226 - Cannot read IP mode file for STMicroelectronics.X-CUBE-SUBG2.4.0.0
2021-06-29 16:48:00,391 [WARN] PackLoader:226 - Cannot read IP mode file for STMicroelectronics.X-CUBE-TOF1.1.0.0
2021-06-29 16:48:00,420 [WARN] PackLoader:226 - Cannot read IP mode file for STMicroelectronics.X-CUBE-AZRTOS-H7.1.0.0
2021-06-29 16:48:00,475 [WARN] PackLoader:226 - Cannot read IP mode file for STMicroelectronics.X-CUBE-MEMS1.8.3.0
2021-06-29 16:48:00,616 [WARN] PackLoader:226 - Cannot read IP mode file for STMicroelectronics.X-CUBE-DISPLAY.1.0.0
2021-06-29 16:48:00,620 [WARN] PackLoader:226 - Cannot read IP mode file for STMicroelectronics.X-CUBE-AI.6.0.0
2021-06-29 16:48:00,626 [WARN] PackLoader:226 - Cannot read IP mode file for STMicroelectronics.X-CUBE-ALGOBUILD.1.2.0
2021-06-29 16:48:00,631 [WARN] PackLoader:226 - Cannot read IP mode file for STMicroelectronics.X-CUBE-GNSS1.5.2.0
2021-06-29 16:48:00,635 [WARN] PackLoader:226 - Cannot read IP mode file for STMicroelectronics.X-CUBE-BLE1.6.1.0
2021-06-29 16:48:00,639 [WARN] PackLoader:226 - Cannot read IP mode file for wolfSSL.I-CUBE-wolfSSL.4.7.0
2021-06-29 16:48:00,646 [WARN] PackLoader:226 - Cannot read IP mode file for STMicroelectronics.X-CUBE-TOUCHGFX.4.16.1
2021-06-29 16:48:00,646 [INFO] ThirdParty:900 - Integrity check success = true
2021-06-29 16:48:00,647 [INFO] IntegrityCheckThread:75 - exiting critical section [integrity check]
2021-06-29 16:48:00,647 [INFO] IntegrityCheckThread:78 - End integrity checks thread
2021-06-29 16:48:03,288 [INFO] Context:587 - Trying to add GPIOservice into a context  which must be forbidden
2021-06-29 16:48:03,951 [INFO] Rule:214 - rule Rename Enabled to IBEACON is applicable
2021-06-29 16:48:03,951 [INFO] Rule:214 - rule GTZC_S instance for project manager is applicable
2021-06-29 16:48:03,951 [INFO] Rule:214 - rule GTZC_S instance for context M0+ is applicable
2021-06-29 16:48:03,951 [INFO] Rule:214 - rule GTZC_NS instance for context M4 is applicable
2021-06-29 16:48:03,951 [INFO] Rule:214 - rule GTZC_S instance value for IP GTZC is applicable
2021-06-29 16:48:03,951 [INFO] Rule:214 - rule GTZC_S instance for mcu.IP is applicable
2021-06-29 16:48:03,951 [INFO] Rule:214 - rule GTZC_S instance for mcu.Pin is applicable
2021-06-29 16:48:03,952 [INFO] Rule:214 - rule GTZC_S instance for VP is applicable
2021-06-29 16:48:03,952 [INFO] Rule:214 - rule GTZC_S instance for signal is applicable
2021-06-29 16:48:03,952 [INFO] Rule:214 - rule GTZC_S instance for mcu is applicable
2021-06-29 16:48:03,952 [INFO] Rule:214 - rule GTZC_S instance for mcu.Pin is applicable
2021-06-29 16:48:03,952 [INFO] Rule:214 - rule GTZC_S instance value for IP GTZC is applicable
2021-06-29 16:48:03,952 [INFO] Rule:214 - rule GTZC_S instance for project manager is applicable
2021-06-29 16:48:03,952 [INFO] Rule:214 - rule GTZC_S instance for context M33S is applicable
2021-06-29 16:48:03,952 [INFO] Rule:214 - rule GTZC_S instance for VP is applicable
2021-06-29 16:48:03,952 [INFO] Rule:214 - rule GTZC_S instance for signal is applicable
2021-06-29 16:48:03,952 [INFO] Rule:214 - rule SPDIFRX instance for mcu is applicable
2021-06-29 16:48:03,952 [INFO] Rule:214 - rule Rename Tracer Mode is applicable
2021-06-29 16:48:03,953 [INFO] Rule:214 - rule SPDIFRX instance value for IP SPDIFRX is applicable
2021-06-29 16:48:03,953 [INFO] Rule:214 - rule SPDIFRX instance for signal is applicable
2021-06-29 16:48:03,953 [INFO] Rule:214 - rule SPDIFRX instance for project manager is applicable
2021-06-29 16:48:03,953 [INFO] Rule:214 - rule SPDIFRX instance for project manager is applicable
2021-06-29 16:48:03,953 [INFO] Rule:214 - rule ADC Scan  fix with FW F7 is applicable
2021-06-29 16:48:03,953 [INFO] Rule:214 - rule ADC Scan  fix with FW F7 is applicable
2021-06-29 16:48:03,953 [INFO] Rule:214 - rule Add RTC Activate Clock Source is applicable
2021-06-29 16:48:03,953 [INFO] Rule:214 - rule Add RTC Activate Calendar 1 is applicable
2021-06-29 16:48:03,953 [INFO] Rule:214 - rule Add RTC Activate Calendar 2 is applicable
2021-06-29 16:48:03,953 [INFO] Rule:214 - rule Add RTC Activate Calendar 3 is applicable
2021-06-29 16:48:03,954 [INFO] Rule:214 - rule UART/USART TX Mode is applicable
2021-06-29 16:48:03,954 [INFO] Rule:214 - rule UART/USART RX Mode is applicable
2021-06-29 16:48:03,954 [INFO] Rule:214 - rule UART/USART RX TX Mode is applicable
2021-06-29 16:48:03,954 [INFO] Rule:214 - rule UART/USART PARITY NONE is applicable
2021-06-29 16:48:03,954 [INFO] Rule:214 - rule UART/USART PARITY EVEN is applicable
2021-06-29 16:48:03,954 [INFO] Rule:214 - rule UART/USART PARITY ODD is applicable
2021-06-29 16:48:03,954 [INFO] Rule:214 - rule USART StopBits 1 is applicable
2021-06-29 16:48:03,954 [INFO] Rule:214 - rule USART StopBits 2 is applicable
2021-06-29 16:48:03,954 [INFO] Rule:214 - rule USART StopBits 1.5 is applicable
2021-06-29 16:48:03,954 [INFO] Rule:214 - rule USART StopBits 0.5 is applicable
2021-06-29 16:48:03,954 [INFO] Rule:214 - rule UART/USART WORD LENGTH 7 is applicable
2021-06-29 16:48:03,955 [INFO] Rule:214 - rule UART/USART WORD LENGTH 8 is applicable
2021-06-29 16:48:03,955 [INFO] Rule:214 - rule UART/USART WORD LENGTH 9 is applicable
2021-06-29 16:48:03,955 [INFO] Rule:214 - rule Rename FMC NAND NCE signal is applicable
2021-06-29 16:48:03,955 [INFO] Rule:214 - rule Rename FMC NAND INT signal is applicable
2021-06-29 16:48:03,955 [INFO] Rule:214 - rule Change Default Value for ADC ExternalTrigConv L4 family is applicable
2021-06-29 16:48:03,955 [INFO] Rule:214 - rule Change Default Value for ADC ExternalTrigInjecConv L4 family is applicable
2021-06-29 16:48:03,955 [INFO] Rule:214 - rule Change Default Value for ADC ExternalTrigConv F3 family is applicable
2021-06-29 16:48:03,955 [INFO] Rule:214 - rule Change Default Value for ADC ExternalTrigInjecConv F3 family is applicable
2021-06-29 16:48:03,955 [INFO] Rule:214 - rule Change Default Value for ADC ExternalTrigConv Goldfish serie is applicable
2021-06-29 16:48:03,955 [INFO] Rule:214 - rule Change Default Value for ADC ExternalTrigInjecConv Goldfish serie is applicable
2021-06-29 16:48:03,955 [INFO] Rule:214 - rule Change Default Value for ADC ExternalTrigConv L0 family is applicable
2021-06-29 16:48:03,955 [INFO] Rule:214 - rule Change Default Value for ADC ExternalTrigConv F0 family is applicable
2021-06-29 16:48:03,956 [INFO] Rule:214 - rule Change Default Value for ADC ExternalTrigConvn L1 family is applicable
2021-06-29 16:48:03,956 [INFO] Rule:214 - rule Change Default Value for ADC ExternalTrigInjecConv L1 family is applicable
2021-06-29 16:48:03,956 [INFO] Rule:214 - rule Change Default Value for ADC ExternalTrigConv F1 family is applicable
2021-06-29 16:48:03,956 [INFO] Rule:214 - rule Change Default Value for ADC ExternalTrigInjecConv F1 family is applicable
2021-06-29 16:48:03,956 [INFO] Rule:214 - rule Change Default Value for ADC ExternalTrigConv F7 family is applicable
2021-06-29 16:48:03,956 [INFO] Rule:214 - rule Change Default Value for ADC ExternalTrigInjecConv F7 family is applicable
2021-06-29 16:48:03,956 [INFO] Rule:214 - rule Change Default Value for ADC ExternalTrigConv F4 and F2 family is applicable
2021-06-29 16:48:03,956 [INFO] Rule:214 - rule Change Default Value for ADC ExternalTrigInjecConv F4 and F2 family is applicable
2021-06-29 16:48:03,956 [INFO] Rule:214 - rule ADC SamplingTime fix with FW L0  is applicable
2021-06-29 16:48:03,956 [INFO] Rule:214 - rule ADC SamplingTime fix with FW L0  is applicable
2021-06-29 16:48:03,956 [INFO] Rule:214 - rule ADC SamplingTime fix with FW L0 is applicable
2021-06-29 16:48:03,956 [INFO] Rule:214 - rule ADC SamplingTime fix with FW L0 is applicable
2021-06-29 16:48:03,957 [INFO] Rule:214 - rule ADC SamplingTime fix with FW L0  is applicable
2021-06-29 16:48:03,957 [INFO] Rule:214 - rule ADC SamplingTime fix with FW L0 is applicable
2021-06-29 16:48:03,957 [INFO] Rule:214 - rule Rename USB_OE Signal is applicable
2021-06-29 16:48:03,957 [INFO] Rule:214 - rule Rename Activate_OE Mode is applicable
2021-06-29 16:48:03,957 [INFO] Rule:214 - rule Rename DIE462/DIE415 pin PC14/OSC32_IN -> PC14-OSC32_IN (PC14) is applicable
2021-06-29 16:48:03,957 [INFO] Rule:214 - rule Rename DIE462/DIE415 pin PC15/OSC32_OUT -> PC15-OSC32_OUT (PC15) is applicable
2021-06-29 16:48:03,957 [INFO] Rule:214 - rule Rename DIE462/DIE415 pin PH0/OSC_IN -> PH0-OSC_IN (PH0) is applicable
2021-06-29 16:48:03,957 [INFO] Rule:214 - rule Rename DIE462/DIE415 pin PH1/OSC_OUT -> PH1-OSC_OUT (PH1) is applicable
2021-06-29 16:48:03,957 [INFO] Rule:214 - rule Rename DIE462 pin PA13 -> PA13 (JTMS/SWDIO) is applicable
2021-06-29 16:48:03,957 [INFO] Rule:214 - rule Rename DIE415 pin PA13 -> PA13 (JTMS/SWDIO) is applicable
2021-06-29 16:48:03,957 [INFO] Rule:214 - rule Rename DIE462 pin PA14 -> PA14 (JTCK/SWCLK) is applicable
2021-06-29 16:48:03,957 [INFO] Rule:214 - rule Rename DIE415 pin PA14 -> PA14 (JTCK/SWCLK) is applicable
2021-06-29 16:48:03,958 [INFO] Rule:214 - rule Rename DIE462/DIE415 pin PA15 -> PA15 (JTDI) is applicable
2021-06-29 16:48:03,958 [INFO] Rule:214 - rule Rename DIE462 pin PB3 -> PB3 (JTD0/TRACESWO) is applicable
2021-06-29 16:48:03,958 [INFO] Rule:214 - rule Rename DIE415 pin PB3 -> PB3 (JTD0-TRACESWO) is applicable
2021-06-29 16:48:03,958 [INFO] Rule:214 - rule Rename DIE462/DIE415 pin PB4 -> PB4 (NJTRST) is applicable
2021-06-29 16:48:03,958 [INFO] Rule:214 - rule Rename DIE462 pin PH3/BOOT0 -> PH3-BOOT0 (BOOT0) is applicable
2021-06-29 16:48:03,958 [INFO] Rule:214 - rule Rename CRYP DataEncryptionTypesList to Algorithm is applicable
2021-06-29 16:48:03,958 [INFO] Rule:214 - rule Rename AES DataEncryptionTypesList to Algorithm is applicable
2021-06-29 16:48:03,958 [INFO] Rule:214 - rule Rename TDESECB to CRYP_TDES_ECB is applicable
2021-06-29 16:48:03,958 [INFO] Rule:214 - rule Rename TDESCBC to CRYP_TDES_CBC is applicable
2021-06-29 16:48:03,958 [INFO] Rule:214 - rule Rename DESECB to CRYP_DES_ECB is applicable
2021-06-29 16:48:03,958 [INFO] Rule:214 - rule Rename DESCBC to CRYP_DES_CBC is applicable
2021-06-29 16:48:03,959 [INFO] Rule:214 - rule Rename AESECB to CRYP_AES_ECB is applicable
2021-06-29 16:48:03,959 [INFO] Rule:214 - rule Rename AESCBC to CRYP_AES_CBC is applicable
2021-06-29 16:48:03,959 [INFO] Rule:214 - rule Rename AESCTR to CRYP_AES_CTR is applicable
2021-06-29 16:48:03,959 [INFO] Rule:214 - rule Rename AESGCM to CRYP_AES_GCM is applicable
2021-06-29 16:48:03,959 [INFO] Rule:214 - rule Rename AESCCM to CRYP_AES_CCM is applicable
2021-06-29 16:48:03,959 [INFO] Rule:214 - rule Rename CAN TimeSeg1 to BS1 is applicable
2021-06-29 16:48:03,959 [INFO] Rule:214 - rule Rename CAN TimeSeg2 to BS2 is applicable
2021-06-29 16:48:03,959 [INFO] Rule:214 - rule Rename CAN SyncJumpWidth to SJW is applicable
2021-06-29 16:48:03,959 [INFO] Rule:214 - rule TimeTriggeredMode to TTCM is applicable
2021-06-29 16:48:03,959 [INFO] Rule:214 - rule Rename CAN AutoBusOff to ABOM is applicable
2021-06-29 16:48:03,960 [INFO] Rule:214 - rule Rename CAN AutoWakeUp to AWUM is applicable
2021-06-29 16:48:03,960 [INFO] Rule:214 - rule Rename CAN AutoRetransmission to NART is applicable
2021-06-29 16:48:03,960 [INFO] Rule:214 - rule Rename CAN ReceiveFifoLocked to RFLM is applicable
2021-06-29 16:48:03,960 [INFO] Rule:214 - rule Rename CAN TransmitFifoPriority to TXFP is applicable
2021-06-29 16:48:03,960 [INFO] Rule:214 - rule Rename HRTIMER HRTIM_OUTPUTFAULTLEVEL_HIGH in HRTIMER HRTIM_OUTPUTFAULTLEVEL_HIGHZ is applicable
2021-06-29 16:48:03,960 [INFO] Rule:214 - rule Rename TIMER TIM_CLEARINPUTSOURCE_OCREFCLR in  TIMER TIM_CLEARINPUTSOURCE_NONE for F7 family is applicable
2021-06-29 16:48:03,960 [INFO] Rule:214 - rule FDCAN_R1 - Rename FDCAN mode Master into Classic is applicable
2021-06-29 16:48:03,960 [INFO] Rule:214 - rule FDCAN_R2 - Rename FDCAN mode Slave into Classic is applicable
2021-06-29 16:48:03,960 [INFO] Rule:214 - rule FDCAN1_R3 - if PA10.Mode=FullDuplex, add Pin PA12 is applicable
2021-06-29 16:48:03,960 [INFO] Rule:214 - rule FDCAN1_R3 - if PA9.Mode=FullDuplex, add Pin PA11 is applicable
2021-06-29 16:48:03,960 [INFO] Rule:214 - rule FDCAN1_R3 - Alternatepin_1 - if PE1.Mode=FullDuplex, add Pin PB9 is applicable
2021-06-29 16:48:03,960 [INFO] Rule:214 - rule FDCAN1_R3 - Alternatepin_1 - if PE0.Mode=FullDuplex, add Pin PB8 is applicable
2021-06-29 16:48:03,961 [INFO] Rule:214 - rule FDCAN1_R3 - Alternatepin_2 - if PD5.Mode=FullDuplex, add Pin PD1 is applicable
2021-06-29 16:48:03,961 [INFO] Rule:214 - rule FDCAN1_R3 - Alternatepin_2 - if PD4.Mode=FullDuplex, add Pin PD0 is applicable
2021-06-29 16:48:03,961 [INFO] Rule:214 - rule FDCAN1_R4 - Rename Mode FullDuplex into Enable FDCAN_TXFD for pin PA10 is applicable
2021-06-29 16:48:03,961 [INFO] Rule:214 - rule FDCAN1_R4 - Rename Mode FullDuplex into Enable FDCAN_TXFD for pin PA9 is applicable
2021-06-29 16:48:03,961 [INFO] Rule:214 - rule FDCAN1_R4 - Alternatepin_1 - Rename Mode FullDuplex into Enable FDCAN_TXFD for pin PE1 is applicable
2021-06-29 16:48:03,961 [INFO] Rule:214 - rule FDCAN1_R4 - Alternatepin_1 - Rename Mode FullDuplex into Enable FDCAN_TXFD for pin PE0 is applicable
2021-06-29 16:48:03,961 [INFO] Rule:214 - rule FDCAN1_R4 - Alternatepin_2 - Rename Mode FullDuplex into Enable FDCAN_TXFD for pin PD5 is applicable
2021-06-29 16:48:03,961 [INFO] Rule:214 - rule FDCAN1_R4 - Alternatepin_2 - Rename Mode FullDuplex into Enable FDCAN_TXFD for pin PD4 is applicable
2021-06-29 16:48:03,961 [INFO] Rule:214 - rule FDCAN2_R3 - if PD10.Mode=FullDuplex, add Pin PB13 is applicable
2021-06-29 16:48:03,961 [INFO] Rule:214 - rule FDCAN2_R3 - if PD9.Mode=FullDuplex, add Pin PB12 is applicable
2021-06-29 16:48:03,961 [INFO] Rule:214 - rule FDCAN2_R3 - Alternatepin_1 - if PB7.Mode=FullDuplex, add Pin PB6 is applicable
2021-06-29 16:48:03,961 [INFO] Rule:214 - rule FDCAN2_R3 - Alternatepin_1 - if PD9.Mode=FullDuplex, add Pin PB12 is applicable
2021-06-29 16:48:03,961 [INFO] Rule:214 - rule FDCAN2_R4 - Rename Mode FullDuplex into Enable FDCAN_TXFD for pin PD10 is applicable
2021-06-29 16:48:03,962 [INFO] Rule:214 - rule FDCAN2_R4 - Rename Mode FullDuplex into Enable FDCAN_TXFD for pin PD9 is applicable
2021-06-29 16:48:03,962 [INFO] Rule:214 - rule FDCAN2_R4 - Alternatepin_1 - Rename Mode FullDuplex into Enable FDCAN_TXFD for pin PB7 is applicable
2021-06-29 16:48:03,962 [INFO] Rule:214 - rule FDCAN2_R4 - Alternatepin_1 - Rename Mode FullDuplex into Enable FDCAN_TXFD for pin PD6 is applicable
2021-06-29 16:48:03,962 [INFO] Rule:214 - rule USART TxPinLevelInvertParam Mode is applicable
2021-06-29 16:48:03,962 [INFO] Rule:214 - rule USART RxPinLevelInvertParam Mode is applicable
2021-06-29 16:48:03,962 [INFO] Rule:214 - rule USART DataInvertParam Mode is applicable
2021-06-29 16:48:03,962 [INFO] Rule:214 - rule USART SwapParam Mode is applicable
2021-06-29 16:48:03,962 [INFO] Rule:214 - rule USART OverrunDisableParam Mode is applicable
2021-06-29 16:48:03,962 [INFO] Rule:214 - rule USART DMADisableonRxErrorParam Mode is applicable
2021-06-29 16:48:03,962 [INFO] Rule:214 - rule USART MSBFirstParam Mode is applicable
2021-06-29 16:48:03,962 [INFO] Rule:214 - rule Update MwName for USB_DEVICE is applicable
2021-06-29 16:48:03,962 [INFO] Rule:214 - rule Change PWR_Regulator_Voltage_Scale Default Value for RCC  H7 family is applicable
2021-06-29 16:48:03,962 [INFO] Rule:214 - rule UART/USART IPParameter rename Prescaler parameter to ClockPrescaler is applicable
2021-06-29 16:48:03,963 [INFO] Rule:214 - rule UART/USART Prescaler rename Prescaler parameter to ClockPrescaler is applicable
2021-06-29 16:48:03,963 [INFO] Rule:214 - rule TIM1CLockSelection is applicable
2021-06-29 16:48:03,963 [INFO] Rule:214 - rule TIM15CLockSelection is applicable
2021-06-29 16:48:03,963 [INFO] Rule:214 - rule align RCC SDMMC3CLockSelection default value on MP1 is applicable
2021-06-29 16:48:03,963 [INFO] Rule:214 - rule align RCC SDMMC12CLockSelection default value on MP1 is applicable
2021-06-29 16:48:03,963 [INFO] Rule:214 - rule align RCC QSPICLockSelection default value on MP1 is applicable
2021-06-29 16:48:03,963 [INFO] Rule:214 - rule align RCC QSPICLockSelection default value on MP1 is applicable
2021-06-29 16:48:03,963 [INFO] Rule:214 - rule align RCC SPI6CLockSelection default value on MP1 is applicable
2021-06-29 16:48:03,963 [INFO] Rule:214 - rule align RCC LPTIM23CLockSelection default value on MP1 is applicable
2021-06-29 16:48:03,963 [INFO] Rule:214 - rule align RCC LPTIM1CLockSelection default value on MP1 is applicable
2021-06-29 16:48:03,963 [INFO] Rule:214 - rule align RCC USART1CLockSelection default value on MP1 is applicable
2021-06-29 16:48:03,963 [INFO] Rule:214 - rule align RCC USART24CLockSelection default value on MP1 is applicable
2021-06-29 16:48:03,963 [INFO] Rule:214 - rule align RCC USART6CLockSelection default value on MP1 is applicable
2021-06-29 16:48:03,964 [INFO] Rule:214 - rule align RCC UART78CLockSelection default value on MP1 is applicable
2021-06-29 16:48:03,964 [INFO] Rule:214 - rule align RCC USART35CLockSelection default value on MP1 is applicable
2021-06-29 16:48:03,964 [INFO] Rule:214 - rule align RCC SPI45CLockSelection default value on MP1 is applicable
2021-06-29 16:48:03,964 [INFO] Rule:214 - rule align RCC I2C46CLockSelection BCLK value on MP1 is applicable
2021-06-29 16:48:03,964 [INFO] Rule:214 - rule align RCC SPI45CLockSelection default value on MP1 is applicable
2021-06-29 16:48:03,964 [INFO] Rule:214 - rule align RCC I2C12CLockSelection default value on MP1 is applicable
2021-06-29 16:48:03,964 [INFO] Rule:214 - rule align RCC I2C35CLockSelection default value on MP1 is applicable
2021-06-29 16:48:03,964 [INFO] Rule:214 - rule align RCC LPTIM45CLockSelection default value on MP1 is applicable
2021-06-29 16:48:03,964 [INFO] Rule:214 - rule Rename DCMI PIXCK signal is applicable
2021-06-29 16:48:03,964 [INFO] Rule:214 - rule Change Default Value for I2C46CLockSelection MP1 family is applicable
2021-06-29 16:48:03,964 [INFO] Rule:214 - rule Change Default Value for UART for G4, G0 and WB families is applicable
2021-06-29 16:48:03,965 [INFO] Rule:214 - rule Change Default Value for USART for G4, G0 and WB families is applicable
2021-06-29 16:48:03,965 [INFO] Rule:214 - rule Change Default Value for USART for G4 family is applicable
2021-06-29 16:48:03,965 [INFO] Rule:214 - rule Change USART1CLockSelection refparam name for MP1 is applicable
2021-06-29 16:48:03,965 [INFO] Rule:214 - rule Change USART2CLockSelection refparam name for MP1 is applicable
2021-06-29 16:48:03,965 [INFO] Rule:214 - rule Change USART3CLockSelection refparam name for MP1 is applicable
2021-06-29 16:48:03,965 [INFO] Rule:214 - rule Change UART4CLockSelection refparam name for MP1 is applicable
2021-06-29 16:48:03,965 [INFO] Rule:214 - rule Change UART5CLockSelection refparam name for MP1 is applicable
2021-06-29 16:48:03,965 [INFO] Rule:214 - rule Change LPUART1CLockSelection refparam name for MP1 is applicable
2021-06-29 16:48:03,965 [INFO] Rule:214 - rule Change LPTIM1CLockSelection refparam name for MP1 is applicable
2021-06-29 16:48:03,965 [INFO] Rule:214 - rule Change LPTIM2CLockSelection refparam name for MP1 is applicable
2021-06-29 16:48:03,965 [INFO] Rule:214 - rule Change RCC_MCO1Source refparam name for MP1 is applicable
2021-06-29 16:48:03,965 [INFO] Rule:214 - rule Change LSCOSource1 refparam name for MP1 is applicable
2021-06-29 16:48:03,965 [INFO] Rule:214 - rule Change SMPSCLockSelection refparam name for MP1 is applicable
2021-06-29 16:48:03,966 [INFO] Rule:214 - rule Change LPTIM3CLockSelection refparam name for MP1 is applicable
2021-06-29 16:48:03,966 [INFO] Rule:214 - rule Change MPCBB* Default Template Mode to Parameters is applicable
2021-06-29 16:48:03,966 [INFO] Rule:214 - rule Change MPCWM* or MPCBB* Secure Mode to Parameters is applicable
2021-06-29 16:48:03,966 [INFO] Rule:214 - rule Change MPCWM* or MPCBB* No Secure Mode to Parameters is applicable
2021-06-29 16:48:03,966 [INFO] Rule:214 - rule Change TZSC IP Secure Mode to Parameters is applicable
2021-06-29 16:48:03,966 [INFO] Rule:214 - rule Change TZSC IP No Secure Mode to Parameters is applicable
2021-06-29 16:48:03,966 [INFO] Rule:214 - rule Change TZSC IP Privilege Mode to Parameters is applicable
2021-06-29 16:48:03,966 [INFO] Rule:214 - rule Change TZSC IP No Privilege Mode to Parameters is applicable
2021-06-29 16:48:03,966 [INFO] Rule:214 - rule Change TZIC IT Secure Mode to Parameters is applicable
2021-06-29 16:48:03,966 [INFO] Rule:214 - rule Change TZIC IT No Secure Mode to Parameters is applicable
2021-06-29 16:48:03,966 [INFO] Rule:214 - rule Add MPCBB1_NonSecureArea_Start_Address value with referenced to MPCBB1_NonSecureArea_Start value is applicable
2021-06-29 16:48:03,966 [INFO] Rule:214 - rule Add MPCBB2_NonSecureArea_Start_Address value with referenced to MPCBB2_NonSecureArea_Start value is applicable
2021-06-29 16:48:03,967 [INFO] Rule:214 - rule Add MPCWM1_NonSecureArea*_Start_Address value with referenced to MPCWM1_NonSecureArea*_Start value is applicable
2021-06-29 16:48:03,967 [INFO] Rule:214 - rule Add MPCWM2_NonSecureArea*_Start_Address value with referenced to MPCWM2_NonSecureArea*_Start value is applicable
2021-06-29 16:48:03,967 [INFO] Rule:214 - rule Add MPCWM3_NonSecureArea_Start_Address value with referenced to MPCWM3_NonSecureArea_Start value is applicable
2021-06-29 16:48:03,967 [INFO] Rule:214 - rule Change Default Value for PLL1UserDefinedConfig is applicable
2021-06-29 16:48:03,967 [INFO] Rule:214 - rule Change GPIO_PuPd Default Value for USART in async mode is applicable
2021-06-29 16:48:03,967 [INFO] Rule:214 - rule Change SMPSDivider Default Value is applicable
2021-06-29 16:48:03,967 [INFO] Rule:214 - rule OPAMP is applicable
2021-06-29 16:48:03,967 [INFO] Rule:214 - rule LPUART IPParameter rename Prescaler parameter to ClockPrescaler for STM32H7 is applicable
2021-06-29 16:48:03,967 [INFO] Rule:214 - rule LPUART IPParameter rename Prescaler parameter to ClockPrescaler for STM32H7 is applicable
2021-06-29 16:48:03,967 [INFO] Rule:214 - rule LPUART IPParameter rename Prescaler parameter to ClockPrescaler for STM32WB is applicable
2021-06-29 16:48:03,967 [INFO] Rule:214 - rule LPUART IPParameter rename Prescaler parameter to ClockPrescaler for STM32WB is applicable
2021-06-29 16:48:03,967 [INFO] Rule:214 - rule LPUART IPParameter rename Prescaler parameter to ClockPrescaler for STM32G4 is applicable
2021-06-29 16:48:03,967 [INFO] Rule:214 - rule LPUART IPParameter rename Prescaler parameter to ClockPrescaler for STM32G4 is applicable
2021-06-29 16:48:03,968 [INFO] Rule:214 - rule LPUART IPParameter rename Prescaler parameter to ClockPrescaler for STM32L5 is applicable
2021-06-29 16:48:03,968 [INFO] Rule:214 - rule LPUART IPParameter rename Prescaler parameter to ClockPrescaler for STM32G4 is applicable
2021-06-29 16:48:03,968 [INFO] Rule:214 - rule LPUART IPParameter rename Prescaler parameter to ClockPrescaler for STM32G4 is applicable
2021-06-29 16:48:03,968 [INFO] Rule:214 - rule USB device lib V2.5.3 for L0 rename USBD_SUPPORT_USER_STRING parameter to USBD_SUPPORT_USER_STRING_DESC4 is applicable
2021-06-29 16:48:03,968 [INFO] Rule:214 - rule I2SCLockSelection clock entry align is applicable
2021-06-29 16:48:03,968 [INFO] Rule:214 - rule Assign TIMx context if used as SYS timebase is applicable
2021-06-29 16:48:03,981 [INFO] DbConfProperties:294 - Apply Compatibility (46/202 Rules)
2021-06-29 16:48:04,003 [INFO] ImportTextPane:162 - (OptionalMessage_ERROR) Unable to find key (Mcu.ThirdPartyNb) in loaded IOC file
2021-06-29 16:48:04,103 [WARN] ApiManager:294 - Cannot register API 'Board Extension:S2868A1' from pack STMicroelectronics.X-CUBE-SFXS2LP1.3.0.0: no header file found
2021-06-29 16:48:04,103 [WARN] ApiManager:294 - Cannot register API 'Board Extension:S2868A2' from pack STMicroelectronics.X-CUBE-SFXS2LP1.3.0.0: no header file found
2021-06-29 16:48:04,103 [WARN] ApiManager:294 - Cannot register API 'Board Extension:S2915A1' from pack STMicroelectronics.X-CUBE-SFXS2LP1.3.0.0: no header file found
2021-06-29 16:48:04,108 [WARN] ModelIntegratedComponent:51 - No mode defined for component null
2021-06-29 16:48:04,109 [WARN] ModelIntegratedComponent:51 - No mode defined for component null
2021-06-29 16:48:04,109 [WARN] ModelIntegratedComponent:51 - No mode defined for component null
2021-06-29 16:48:04,109 [WARN] ModelIntegratedComponent:51 - No mode defined for component null
2021-06-29 16:48:04,109 [WARN] ModelIntegratedComponent:51 - No mode defined for component null
2021-06-29 16:48:04,109 [WARN] ModelIntegratedComponent:51 - No mode defined for component null
2021-06-29 16:48:04,109 [WARN] ModelIntegratedComponent:51 - No mode defined for component null
2021-06-29 16:48:04,109 [WARN] ModelIntegratedComponent:51 - No mode defined for component null
2021-06-29 16:48:04,109 [WARN] ModelIntegratedComponent:51 - No mode defined for component null
2021-06-29 16:48:04,109 [WARN] ModelIntegratedComponent:51 - No mode defined for component null
2021-06-29 16:48:04,109 [WARN] ModelIntegratedComponent:51 - No mode defined for component null
2021-06-29 16:48:04,109 [WARN] ModelIntegratedComponent:51 - No mode defined for component null
2021-06-29 16:48:04,110 [WARN] ModelIntegratedComponent:51 - No mode defined for component null
2021-06-29 16:48:04,110 [WARN] ModelIntegratedComponent:51 - No mode defined for component null
2021-06-29 16:48:04,110 [WARN] ModelIntegratedComponent:51 - No mode defined for component null
2021-06-29 16:48:04,110 [WARN] ModelIntegratedComponent:51 - No mode defined for component null
2021-06-29 16:48:04,110 [WARN] ModelIntegratedComponent:51 - No mode defined for component null
2021-06-29 16:48:04,110 [WARN] ModelIntegratedComponent:51 - No mode defined for component null
2021-06-29 16:48:04,110 [WARN] ModelIntegratedComponent:51 - No mode defined for component null
2021-06-29 16:48:04,110 [WARN] ModelIntegratedComponent:51 - No mode defined for component null
2021-06-29 16:48:04,110 [WARN] ModelIntegratedComponent:51 - No mode defined for component null
2021-06-29 16:48:04,110 [WARN] ModelIntegratedComponent:51 - No mode defined for component null
2021-06-29 16:48:04,110 [WARN] ModelIntegratedComponent:51 - No mode defined for component null
2021-06-29 16:48:04,111 [WARN] ModelIntegratedComponent:51 - No mode defined for component null
2021-06-29 16:48:04,111 [WARN] ModelIntegratedComponent:51 - No mode defined for component null
2021-06-29 16:48:04,111 [WARN] ModelIntegratedComponent:51 - No mode defined for component null
2021-06-29 16:48:04,111 [WARN] ModelIntegratedComponent:51 - No mode defined for component null
2021-06-29 16:48:04,116 [WARN] ApiManager:294 - Cannot register API 'Board Extension:S2868A1' from pack STMicroelectronics.X-CUBE-SUBG2.4.1.0: no header file found
2021-06-29 16:48:04,116 [WARN] ApiManager:294 - Cannot register API 'Board Extension:S2868A2' from pack STMicroelectronics.X-CUBE-SUBG2.4.1.0: no header file found
2021-06-29 16:48:04,117 [WARN] ApiManager:294 - Cannot register API 'Board Extension:S2915A1' from pack STMicroelectronics.X-CUBE-SUBG2.4.1.0: no header file found
2021-06-29 16:48:04,121 [WARN] ApiManager:294 - Cannot register API 'Board Extension:S2868A1' from pack STMicroelectronics.X-CUBE-SUBG2.4.0.0: no header file found
2021-06-29 16:48:04,121 [WARN] ApiManager:294 - Cannot register API 'Board Extension:S2868A2' from pack STMicroelectronics.X-CUBE-SUBG2.4.0.0: no header file found
2021-06-29 16:48:04,122 [WARN] ApiManager:294 - Cannot register API 'Board Extension:S2915A1' from pack STMicroelectronics.X-CUBE-SUBG2.4.0.0: no header file found
2021-06-29 16:48:04,263 [WARN] ApiManager:294 - Cannot register API 'Board Extension:IKS01A3' from pack STMicroelectronics.X-CUBE-MEMS1.8.2.0: no header file found
2021-06-29 16:48:04,263 [WARN] ApiManager:294 - Cannot register API 'Board Extension:IKS01A2' from pack STMicroelectronics.X-CUBE-MEMS1.8.2.0: no header file found
2021-06-29 16:48:04,263 [WARN] ApiManager:294 - Cannot register API 'Board Extension:IKS02A1' from pack STMicroelectronics.X-CUBE-MEMS1.8.2.0: no header file found
2021-06-29 16:48:04,270 [WARN] ApiManager:294 - Cannot register API 'Board Extension:EEPRMA1' from pack STMicroelectronics.X-CUBE-EEPRMA1.3.0.0: no header file found
2021-06-29 16:48:04,270 [WARN] ApiManager:294 - Cannot register API 'Board Extension:EEPRMA2' from pack STMicroelectronics.X-CUBE-EEPRMA1.3.0.0: no header file found
2021-06-29 16:48:04,418 [WARN] ApiManager:294 - Cannot register API 'Board Extension:IKS01A3' from pack STMicroelectronics.X-CUBE-MEMS1.8.3.0: no header file found
2021-06-29 16:48:04,418 [WARN] ApiManager:294 - Cannot register API 'Board Extension:IKS01A2' from pack STMicroelectronics.X-CUBE-MEMS1.8.3.0: no header file found
2021-06-29 16:48:04,419 [WARN] ApiManager:294 - Cannot register API 'Board Extension:IKS02A1' from pack STMicroelectronics.X-CUBE-MEMS1.8.3.0: no header file found
2021-06-29 16:48:04,426 [INFO] RtosManager:470 - Registered RTOS mode: class=CMSIS, group=RTOS, mode=CMSIS_V1, owner=FREERTOS
2021-06-29 16:48:04,426 [INFO] RtosManager:470 - Registered RTOS mode: class=CMSIS, group=RTOS2, mode=CMSIS_V2, owner=FREERTOS
2021-06-29 16:48:04,427 [INFO] RtosManager:470 - Registered RTOS mode: class=RTOS, group=Core, mode=CMSIS_V1, owner=FREERTOS
2021-06-29 16:48:04,427 [INFO] RtosManager:470 - Registered RTOS mode: class=RTOS, group=Core, mode=CMSIS_V2, owner=FREERTOS
2021-06-29 16:48:04,427 [WARN] ModelIntegratedComponent:182 - Missing modes for component STMicroelectronics:FreeRTOS:0.0.1:STMicroelectronics:RTOS:FreeRTOS:Core:::10.2.0:
2021-06-29 16:48:04,433 [WARN] ApiManager:294 - Cannot register API 'Board Extension:GNSS1A1' from pack STMicroelectronics.X-CUBE-GNSS1.5.2.0: no header file found
2021-06-29 16:48:04,433 [WARN] ApiManager:294 - Cannot register API 'Board Support:Custom' from pack STMicroelectronics.X-CUBE-GNSS1.5.2.0: no header file found
2021-06-29 16:48:04,433 [WARN] ApiManager:294 - Cannot register API 'Data Exchange:lib_gnss' from pack STMicroelectronics.X-CUBE-GNSS1.5.2.0: no header file found
2021-06-29 16:48:04,434 [WARN] ApiManager:294 - Cannot register API 'Wireless:BlueNRG-MS' from pack STMicroelectronics.X-CUBE-BLE1.6.1.0: no header file found
2021-06-29 16:48:04,435 [WARN] ApiManager:294 - Cannot register API 'Wireless:BlueNRG-MS' from pack STMicroelectronics.X-CUBE-BLE1.6.2.0: no header file found
2021-06-29 16:48:04,435 [WARN] ApiManager:294 - Cannot register API 'Board Extension:NFC04A1' from pack STMicroelectronics.X-CUBE-NFC4.2.0.2: no header file found
2021-06-29 16:48:04,436 [WARN] ApiManager:294 - Cannot register API 'Wireless:BlueNRG-2' from pack STMicroelectronics.X-CUBE-BLE2.3.2.0: no header file found
2021-06-29 16:48:05,334 [INFO] ImportTextPane:162 - (OptionalMessage_ERROR) IP (RCC) : Invalid parameter (FamilyName)
2021-06-29 16:48:05,337 [INFO] ImportTextPane:162 - (OptionalMessage_ERROR) IP (RCC) : Parameter (RNGFreq_Value) has invalid value (64000000)
2021-06-29 16:48:05,337 [INFO] ImportTextPane:162 - (OptionalMessage_ERROR) IP (RCC) : Parameter (SDMMCFreq_Value) has invalid value (64000000)
2021-06-29 16:48:05,337 [INFO] ImportTextPane:162 - (OptionalMessage_ERROR) IP (RCC) : Parameter (USBFreq_Value) has invalid value (64000000)
2021-06-29 16:48:05,734 [INFO] UtilMem:74 - End LoadConfig() Used Memory: 476576256 Bytes (555745280)
2021-06-29 16:48:05,758 [WARN] ThirdParty:762 - waiting for thirdparty lock release [change project]
2021-06-29 16:48:05,758 [INFO] ThirdParty:764 - entering critical section [change project]
2021-06-29 16:48:05,758 [INFO] ThirdParty:952 - CMSIS Pack Vendor :RoweBots I-CUBE-UNISONRTOS 5.5.0-4
2021-06-29 16:48:05,759 [INFO] ThirdParty:952 - CMSIS Pack Vendor :STMicroelectronics X-CUBE-SFXS2LP1 3.0.0
2021-06-29 16:48:05,759 [INFO] ThirdParty:952 - CMSIS Pack Vendor :STMicroelectronics USB_HOST 2.0.0
2021-06-29 16:48:05,759 [INFO] ThirdParty:952 - CMSIS Pack Vendor :STMicroelectronics USB_DEVICE 3.0.0
2021-06-29 16:48:05,759 [INFO] ThirdParty:952 - CMSIS Pack Vendor :STMicroelectronics HAL Drivers 0.0.0
2021-06-29 16:48:05,759 [INFO] ThirdParty:952 - CMSIS Pack Vendor :STMicroelectronics MBEDTLS 2.16.2
2021-06-29 16:48:05,759 [INFO] ThirdParty:952 - CMSIS Pack Vendor :STMicroelectronics MBEDTLS 2.14.1
2021-06-29 16:48:05,759 [INFO] ThirdParty:952 - CMSIS Pack Vendor :STMicroelectronics X-CUBE-SUBG2 4.1.0
2021-06-29 16:48:05,759 [INFO] ThirdParty:952 - CMSIS Pack Vendor :STMicroelectronics X-CUBE-SUBG2 4.0.0
2021-06-29 16:48:05,760 [INFO] ThirdParty:952 - CMSIS Pack Vendor :STMicroelectronics X-CUBE-TOF1 1.0.0
2021-06-29 16:48:05,760 [INFO] ThirdParty:952 - CMSIS Pack Vendor :STMicroelectronics X-CUBE-AZRTOS-H7 1.0.0
2021-06-29 16:48:05,760 [INFO] ThirdParty:952 - CMSIS Pack Vendor :STMicroelectronics USB_DEVICE 2.0.0
2021-06-29 16:48:05,760 [INFO] ThirdParty:952 - CMSIS Pack Vendor :STMicroelectronics X-CUBE-MEMS1 8.2.0
2021-06-29 16:48:05,760 [INFO] ThirdParty:952 - CMSIS Pack Vendor :STMicroelectronics X-CUBE-EEPRMA1 3.0.0
2021-06-29 16:48:05,760 [INFO] ThirdParty:952 - CMSIS Pack Vendor :STMicroelectronics X-CUBE-MEMS1 8.3.0
2021-06-29 16:48:05,760 [INFO] ThirdParty:952 - CMSIS Pack Vendor :STMicroelectronics X-CUBE-DISPLAY 1.0.0
2021-06-29 16:48:05,760 [INFO] ThirdParty:952 - CMSIS Pack Vendor :STMicroelectronics FreeRTOS 0.0.1
2021-06-29 16:48:05,761 [INFO] ThirdParty:952 - CMSIS Pack Vendor :STMicroelectronics USB_DEVICE 1.0.0
2021-06-29 16:48:05,761 [INFO] ThirdParty:952 - CMSIS Pack Vendor :STMicroelectronics X-CUBE-AI 6.0.0
2021-06-29 16:48:05,761 [INFO] ThirdParty:952 - CMSIS Pack Vendor :SEGGER I-CUBE-embOS 1.2.0
2021-06-29 16:48:05,761 [INFO] ThirdParty:952 - CMSIS Pack Vendor :STMicroelectronics X-CUBE-ALGOBUILD 1.2.0
2021-06-29 16:48:05,761 [INFO] ThirdParty:952 - CMSIS Pack Vendor :STMicroelectronics X-CUBE-GNSS1 5.2.0
2021-06-29 16:48:05,761 [INFO] ThirdParty:952 - CMSIS Pack Vendor :STMicroelectronics X-CUBE-BLE1 6.1.0
2021-06-29 16:48:05,761 [INFO] ThirdParty:952 - CMSIS Pack Vendor :STMicroelectronics lwIP 2.0.3
2021-06-29 16:48:05,761 [INFO] ThirdParty:952 - CMSIS Pack Vendor :STMicroelectronics lwIP 2.1.2
2021-06-29 16:48:05,761 [INFO] ThirdParty:952 - CMSIS Pack Vendor :STMicroelectronics X-CUBE-BLE1 6.2.0
2021-06-29 16:48:05,762 [INFO] ThirdParty:952 - CMSIS Pack Vendor :STMicroelectronics USB_HOST 1.0.0
2021-06-29 16:48:05,762 [INFO] ThirdParty:952 - CMSIS Pack Vendor :STMicroelectronics X-CUBE-NFC4 2.0.2
2021-06-29 16:48:05,762 [INFO] ThirdParty:952 - CMSIS Pack Vendor :wolfSSL I-CUBE-wolfSSL 4.7.0
2021-06-29 16:48:05,762 [INFO] ThirdParty:952 - CMSIS Pack Vendor :STMicroelectronics X-CUBE-TOUCHGFX 4.16.1
2021-06-29 16:48:05,762 [INFO] ThirdParty:952 - CMSIS Pack Vendor :STMicroelectronics PDM2PCM 3.1.0
2021-06-29 16:48:05,762 [INFO] ThirdParty:952 - CMSIS Pack Vendor :STMicroelectronics PDM2PCM 3.2.0
2021-06-29 16:48:05,762 [INFO] ThirdParty:952 - CMSIS Pack Vendor :STMicroelectronics PDM2PCM 3.3.0
2021-06-29 16:48:05,762 [INFO] ThirdParty:952 - CMSIS Pack Vendor :STMicroelectronics X-CUBE-BLE2 3.2.0
2021-06-29 16:48:05,763 [INFO] ThirdParty:770 - exiting critical section [change project]
2021-06-29 16:48:06,230 [INFO] PinOutPanel:1435 - setPackage(No Configuration,No Configuration)
2021-06-29 16:48:06,231 [INFO] PinOutPanel:1435 - setPackage(STM32L476RGTx,LQFP64)
2021-06-29 16:48:07,001 [INFO] UtilMem:74 - Before build in PCC Used Memory: 443088248 Bytes (555745280)
2021-06-29 16:48:07,478 [INFO] SharedServices:72 - Folder for power plug-in: C:/Users/evers/.stm32cubemx/plugins/power
2021-06-29 16:48:07,513 [INFO] SharedServices:72 - Folder for power plug-in: C:/Users/evers/.stm32cubemx/plugins/power
2021-06-29 16:48:07,592 [INFO] SharedServices:72 - Folder for power plug-in: C:/Users/evers/.stm32cubemx/plugins/power
2021-06-29 16:48:07,609 [INFO] SharedServices:72 - Folder for power plug-in: C:/Users/evers/.stm32cubemx/plugins/power
2021-06-29 16:48:07,823 [INFO] UtilMem:74 - After build in PCC Used Memory: 475936088 Bytes (555745280)
2021-06-29 16:48:07,852 [INFO] IPUIPlugin:64 - create IPUIPlugin
2021-06-29 16:48:07,852 [INFO] IPUIPlugin:64 - create IPUIPlugin
2021-06-29 16:48:07,852 [INFO] IPUIPlugin:64 - create IPUIPlugin
2021-06-29 16:48:07,852 [INFO] IPUIPlugin:64 - create IPUIPlugin
2021-06-29 16:48:07,852 [INFO] IPUIPlugin:64 - create IPUIPlugin
2021-06-29 16:48:07,852 [INFO] IPUIPlugin:64 - create IPUIPlugin
2021-06-29 16:48:07,852 [INFO] IPUIPlugin:64 - create IPUIPlugin
2021-06-29 16:48:07,853 [INFO] IPUIPlugin:64 - create IPUIPlugin
2021-06-29 16:48:07,853 [INFO] IPUIPlugin:64 - create IPUIPlugin
2021-06-29 16:48:07,853 [INFO] IPUIPlugin:64 - create IPUIPlugin
2021-06-29 16:48:07,853 [INFO] IPUIPlugin:64 - create IPUIPlugin
2021-06-29 16:48:07,853 [INFO] IPUIPlugin:64 - create IPUIPlugin
2021-06-29 16:48:07,854 [INFO] IPUIPlugin:64 - create IPUIPlugin
2021-06-29 16:48:07,854 [INFO] IPUIPlugin:64 - create IPUIPlugin
2021-06-29 16:48:07,854 [INFO] IPUIPlugin:64 - create IPUIPlugin
2021-06-29 16:48:07,854 [INFO] IPUIPlugin:64 - create IPUIPlugin
2021-06-29 16:48:07,854 [INFO] IPUIPlugin:64 - create IPUIPlugin
2021-06-29 16:48:07,855 [INFO] IPUIPlugin:64 - create IPUIPlugin
2021-06-29 16:48:07,855 [INFO] IPUIPlugin:64 - create IPUIPlugin
2021-06-29 16:48:07,856 [INFO] IPUIPlugin:64 - create IPUIPlugin
2021-06-29 16:48:07,856 [INFO] IPUIPlugin:64 - create IPUIPlugin
2021-06-29 16:48:07,856 [INFO] IPUIPlugin:64 - create IPUIPlugin
2021-06-29 16:48:07,857 [INFO] IPUIPlugin:64 - create IPUIPlugin
2021-06-29 16:48:07,857 [INFO] IPUIPlugin:64 - create IPUIPlugin
2021-06-29 16:48:07,857 [INFO] IPUIPlugin:64 - create IPUIPlugin
2021-06-29 16:48:07,858 [INFO] IPUIPlugin:64 - create IPUIPlugin
2021-06-29 16:48:07,858 [INFO] IPUIPlugin:64 - create IPUIPlugin
2021-06-29 16:48:07,859 [INFO] IPUIPlugin:64 - create IPUIPlugin
2021-06-29 16:48:07,860 [INFO] IPUIPlugin:64 - create IPUIPlugin
2021-06-29 16:48:07,860 [INFO] IPUIPlugin:64 - create IPUIPlugin
2021-06-29 16:48:07,861 [INFO] IPUIPlugin:64 - create IPUIPlugin
2021-06-29 16:48:07,862 [INFO] IPUIPlugin:64 - create IPUIPlugin
2021-06-29 16:48:07,862 [INFO] IPUIPlugin:64 - create IPUIPlugin
2021-06-29 16:48:07,863 [INFO] IPUIPlugin:64 - create IPUIPlugin
2021-06-29 16:48:07,864 [INFO] IPUIPlugin:64 - create IPUIPlugin
2021-06-29 16:48:07,864 [INFO] IPUIPlugin:64 - create IPUIPlugin
2021-06-29 16:48:07,874 [INFO] IPUIPlugin:64 - create IPUIPlugin
2021-06-29 16:48:07,875 [INFO] IPUIPlugin:64 - create IPUIPlugin
2021-06-29 16:48:07,875 [INFO] IPUIPlugin:64 - create IPUIPlugin
2021-06-29 16:48:07,875 [INFO] IPUIPlugin:64 - create IPUIPlugin
2021-06-29 16:48:07,876 [INFO] IPUIPlugin:64 - create IPUIPlugin
2021-06-29 16:48:07,876 [INFO] IPUIPlugin:64 - create IPUIPlugin
2021-06-29 16:48:07,877 [INFO] IPUIPlugin:64 - create IPUIPlugin
2021-06-29 16:48:07,877 [INFO] IPUIPlugin:64 - create IPUIPlugin
2021-06-29 16:48:07,878 [INFO] IPUIPlugin:64 - create IPUIPlugin
2021-06-29 16:48:07,878 [INFO] IPUIPlugin:64 - create IPUIPlugin
2021-06-29 16:48:07,879 [INFO] IPUIPlugin:64 - create IPUIPlugin
2021-06-29 16:48:07,879 [INFO] IPUIPlugin:64 - create IPUIPlugin
2021-06-29 16:48:07,880 [INFO] IPUIPlugin:64 - create IPUIPlugin
2021-06-29 16:48:07,880 [INFO] IPUIPlugin:64 - create IPUIPlugin
2021-06-29 16:48:07,881 [INFO] IPUIPlugin:64 - create IPUIPlugin
2021-06-29 16:48:07,882 [INFO] IPUIPlugin:64 - create IPUIPlugin
2021-06-29 16:48:07,882 [INFO] IPUIPlugin:64 - create IPUIPlugin
2021-06-29 16:48:07,883 [INFO] IPUIPlugin:64 - create IPUIPlugin
2021-06-29 16:48:07,884 [INFO] IPUIPlugin:64 - create IPUIPlugin
2021-06-29 16:48:07,885 [INFO] IPUIPlugin:64 - create IPUIPlugin
2021-06-29 16:48:07,886 [INFO] IPUIPlugin:64 - create IPUIPlugin
2021-06-29 16:48:07,887 [INFO] IPUIPlugin:64 - create IPUIPlugin
2021-06-29 16:48:07,888 [INFO] IPUIPlugin:64 - create IPUIPlugin
2021-06-29 16:48:07,926 [INFO] LogOutputStream:76 - [STDOUT_REDIRECT] toolchainItems.length=====1
2021-06-29 16:48:08,030 [INFO] OpenFileManager:323 - Restore cursor
2021-06-29 16:48:08,438 [INFO] UtilMem:74 - End SaveConfig() Used Memory: 466185968 Bytes (555745280)
2021-06-29 16:48:08,550 [INFO] UtilMem:74 - End SaveConfig() Used Memory: 479291120 Bytes (555745280)
2021-06-29 16:48:08,967 [INFO] BlockDiagram:2735 - set Specific Code input for plugin: SYS
2021-06-29 16:48:08,968 [INFO] BlockDiagram:2735 - set Specific Code input for plugin: RCC
2021-06-29 16:48:08,968 [INFO] BlockDiagram:2735 - set Specific Code input for plugin: NVIC
2021-06-29 16:48:08,968 [INFO] BlockDiagram:2735 - set Specific Code input for plugin: USART
2021-06-29 16:48:08,986 [INFO] BlockDiagram:2735 - set Specific Code input for plugin: GPIO
2021-06-29 16:48:08,989 [INFO] CodeGenerator:641 - code generatio: config db path: C:\ST\STM32CubeIDE_1.6.1\STM32CubeIDE\plugins\com.st.stm32cube.common.mx_6.2.1.202103241236\\db\
2021-06-29 16:48:09,445 [INFO] CodeEngine:229 - oldGeneratedFile, C:\Users\evers\Documents\IMAGINE-IOT\Imagine-IoT\Imagine-IoT\9 Nucleo boards\NUCLEO-L476RG\20 Assembly (STM32CubeIDE)\Project 1.3\Search_min_element_in_integer_array\MXTmpFiles\license.tmp_save
2021-06-29 16:48:09,824 [INFO] CodeEngine:247 - Generated code: C:\Users\evers\Documents\IMAGINE-IOT\Imagine-IoT\Imagine-IoT\9 Nucleo boards\NUCLEO-L476RG\20 Assembly (STM32CubeIDE)\Project 1.3\Search_min_element_in_integer_array\MXTmpFiles\license.tmp
2021-06-29 16:48:09,943 [INFO] CodeEngine:229 - oldGeneratedFile, C:\Users\evers\Documents\IMAGINE-IOT\Imagine-IoT\Imagine-IoT\9 Nucleo boards\NUCLEO-L476RG\20 Assembly (STM32CubeIDE)\Project 1.3\Search_min_element_in_integer_array\MXTmpFiles\gpio.tmp_save
2021-06-29 16:48:10,017 [INFO] CodeEngine:247 - Generated code: C:\Users\evers\Documents\IMAGINE-IOT\Imagine-IoT\Imagine-IoT\9 Nucleo boards\NUCLEO-L476RG\20 Assembly (STM32CubeIDE)\Project 1.3\Search_min_element_in_integer_array\MXTmpFiles\gpio.tmp
2021-06-29 16:48:10,288 [INFO] LogOutputStream:76 - [STDOUT_REDIRECT] Command line
2021-06-29 16:48:10,302 [INFO] CodeEngine:229 - oldGeneratedFile, C:\Users\evers\Documents\IMAGINE-IOT\Imagine-IoT\Imagine-IoT\9 Nucleo boards\NUCLEO-L476RG\20 Assembly (STM32CubeIDE)\Project 1.3\Search_min_element_in_integer_array\Core\Src\stm32l4xx_it.c_save
2021-06-29 16:48:10,428 [INFO] CodeEngine:247 - Generated code: C:\Users\evers\Documents\IMAGINE-IOT\Imagine-IoT\Imagine-IoT\9 Nucleo boards\NUCLEO-L476RG\20 Assembly (STM32CubeIDE)\Project 1.3\Search_min_element_in_integer_array\Core\Src\stm32l4xx_it.c
2021-06-29 16:48:10,436 [INFO] CodeEngine:229 - oldGeneratedFile, C:\Users\evers\Documents\IMAGINE-IOT\Imagine-IoT\Imagine-IoT\9 Nucleo boards\NUCLEO-L476RG\20 Assembly (STM32CubeIDE)\Project 1.3\Search_min_element_in_integer_array\Core\Inc\stm32l4xx_it.h_save
2021-06-29 16:48:10,523 [INFO] CodeEngine:247 - Generated code: C:\Users\evers\Documents\IMAGINE-IOT\Imagine-IoT\Imagine-IoT\9 Nucleo boards\NUCLEO-L476RG\20 Assembly (STM32CubeIDE)\Project 1.3\Search_min_element_in_integer_array\Core\Inc\stm32l4xx_it.h
2021-06-29 16:48:10,537 [INFO] CodeEngine:229 - oldGeneratedFile, C:\Users\evers\Documents\IMAGINE-IOT\Imagine-IoT\Imagine-IoT\9 Nucleo boards\NUCLEO-L476RG\20 Assembly (STM32CubeIDE)\Project 1.3\Search_min_element_in_integer_array\Core\Src\stm32l4xx_hal_msp.c_save
2021-06-29 16:48:10,643 [INFO] CodeEngine:247 - Generated code: C:\Users\evers\Documents\IMAGINE-IOT\Imagine-IoT\Imagine-IoT\9 Nucleo boards\NUCLEO-L476RG\20 Assembly (STM32CubeIDE)\Project 1.3\Search_min_element_in_integer_array\Core\Src\stm32l4xx_hal_msp.c
2021-06-29 16:48:10,647 [INFO] CodeEngine:229 - oldGeneratedFile, C:\Users\evers\Documents\IMAGINE-IOT\Imagine-IoT\Imagine-IoT\9 Nucleo boards\NUCLEO-L476RG\20 Assembly (STM32CubeIDE)\Project 1.3\Search_min_element_in_integer_array\MXTmpFiles\system.tmp_save
2021-06-29 16:48:10,697 [INFO] CodeEngine:247 - Generated code: C:\Users\evers\Documents\IMAGINE-IOT\Imagine-IoT\Imagine-IoT\9 Nucleo boards\NUCLEO-L476RG\20 Assembly (STM32CubeIDE)\Project 1.3\Search_min_element_in_integer_array\MXTmpFiles\system.tmp
2021-06-29 16:48:10,706 [INFO] CodeEngine:229 - oldGeneratedFile, C:\Users\evers\Documents\IMAGINE-IOT\Imagine-IoT\Imagine-IoT\9 Nucleo boards\NUCLEO-L476RG\20 Assembly (STM32CubeIDE)\Project 1.3\Search_min_element_in_integer_array\Core\Inc\stm32l4xx_hal_conf.h_save
2021-06-29 16:48:10,771 [INFO] CodeEngine:247 - Generated code: C:\Users\evers\Documents\IMAGINE-IOT\Imagine-IoT\Imagine-IoT\9 Nucleo boards\NUCLEO-L476RG\20 Assembly (STM32CubeIDE)\Project 1.3\Search_min_element_in_integer_array\Core\Inc\stm32l4xx_hal_conf.h
2021-06-29 16:48:10,819 [INFO] CodeEngine:229 - oldGeneratedFile, C:\Users\evers\Documents\IMAGINE-IOT\Imagine-IoT\Imagine-IoT\9 Nucleo boards\NUCLEO-L476RG\20 Assembly (STM32CubeIDE)\Project 1.3\Search_min_element_in_integer_array\Core\Inc\main.h_save
2021-06-29 16:48:10,892 [INFO] CodeEngine:247 - Generated code: C:\Users\evers\Documents\IMAGINE-IOT\Imagine-IoT\Imagine-IoT\9 Nucleo boards\NUCLEO-L476RG\20 Assembly (STM32CubeIDE)\Project 1.3\Search_min_element_in_integer_array\Core\Inc\main.h
2021-06-29 16:48:10,898 [INFO] CodeEngine:229 - oldGeneratedFile, C:\Users\evers\Documents\IMAGINE-IOT\Imagine-IoT\Imagine-IoT\9 Nucleo boards\NUCLEO-L476RG\20 Assembly (STM32CubeIDE)\Project 1.3\Search_min_element_in_integer_array\Core\Src\main.c_save
2021-06-29 16:48:11,001 [INFO] CodeEngine:247 - Generated code: C:\Users\evers\Documents\IMAGINE-IOT\Imagine-IoT\Imagine-IoT\9 Nucleo boards\NUCLEO-L476RG\20 Assembly (STM32CubeIDE)\Project 1.3\Search_min_element_in_integer_array\Core\Src\main.c
2021-06-29 16:48:12,020 [INFO] ProjectBuilder:2460 - Time for Copy HAL[1] : 193mS.
2021-06-29 16:48:12,032 [INFO] ProjectBuilder:3418 - Project Generator version: 3.13.0-B3
2021-06-29 16:48:12,558 [INFO] ConfigFileManager:1242 - The Die is : DIE415
2021-06-29 16:48:12,579 [INFO] ApiDbMcu:458 - Load IP Config File for FATFS
2021-06-29 16:48:12,610 [INFO] ApiDbMcu:458 - Load IP Config File for FREERTOS
2021-06-29 16:48:12,766 [INFO] ApiDbMcu:458 - Load IP Config File for TOUCHSENSING
2021-06-29 16:48:12,807 [INFO] ApiDbMcu:458 - Load IP Config File for USB_DEVICE
2021-06-29 16:48:12,820 [INFO] ApiDbMcu:458 - Load IP Config File for USB_HOST
2021-06-29 16:48:16,429 [INFO] ProjectBuilder:3584 - Time for Generating toolchain IDE Files: 4397mS.
2021-06-29 16:48:16,430 [INFO] ProjectBuilder:2339 - Time for Copy CMSIS : 1mS.
2021-06-29 16:48:16,433 [INFO] ProjectBuilder:2339 - Time for Copy CMSIS : 0mS.
2021-06-29 16:48:17,211 [INFO] ApiDb:276 - Save user favorites file C:\Users\evers/.stm32cubeide/favorites.mcus.txt: 0 item(s)
2021-06-29 16:48:17,212 [INFO] ApiDb:280 - User favorites MCUs=[]
2021-06-29 16:48:17,214 [INFO] ApiDb:276 - Save user favorites file C:\Users\evers/.stm32cubeide/favorites.boards.txt: 1 item(s)
2021-06-29 16:48:17,215 [INFO] ApiDb:280 - User favorites Boards=[NUCLEO-L476RG]
2021-07-01 16:22:42,332 [INFO] Activator:170 - 


2021-07-01 16:22:42,334 [INFO] Activator:171 - !SESSION log4j initialized
