2021-02-14 16:48:53,693 [INFO] Activator:178 - 


2021-02-14 16:48:53,696 [INFO] Activator:179 - !SESSION log4j initialized
2021-02-14 16:49:01,433 [INFO] ApplicationProperties:181 - Using Application install path: C:\ST\STM32CubeIDE_1.4.0\STM32CubeIDE\plugins\com.st.stm32cube.common.mx_6.0.1.202008101643
2021-02-14 16:49:01,446 [INFO] DbMcusXml:70 - Set database path to: C:\ST\STM32CubeIDE_1.4.0\STM32CubeIDE\plugins\com.st.stm32cube.common.mx_6.0.1.202008101643\\db\/mcu/
2021-02-14 16:49:01,449 [INFO] DbBoardsPdsc:56 - Set plugin database path to: C:\ST\STM32CubeIDE_1.4.0\STM32CubeIDE\plugins\com.st.stm32cube.common.mx_6.0.1.202008101643\\db\/plugins/boardmanager/
2021-02-14 16:49:01,450 [INFO] DbMcus:258 - Set plugin images path to: C:\ST\STM32CubeIDE_1.4.0\STM32CubeIDE\plugins\com.st.stm32cube.common.mx_6.0.1.202008101643\\db\/plugins/mcufinder/images/
2021-02-14 16:49:01,450 [INFO] DbBoards:264 - Set plugin images path to: C:\ST\STM32CubeIDE_1.4.0\STM32CubeIDE\plugins\com.st.stm32cube.common.mx_6.0.1.202008101643\\db\/plugins/mcufinder/images/
2021-02-14 16:49:01,453 [INFO] DbExamples:326 - Set plugin images path to: C:\ST\STM32CubeIDE_1.4.0\STM32CubeIDE\plugins\com.st.stm32cube.common.mx_6.0.1.202008101643\\db\/plugins/mcufinder/images/
2021-02-14 16:49:01,458 [INFO] DbMcusDocs:112 - Set database path to: C:\Users\evers\.stmcufinder\plugins\mcufinder//mcu/
2021-02-14 16:49:01,460 [INFO] DbMcusJson:63 - Set database path to: C:\Users\evers\.stmcufinder\plugins\mcufinder//mcu/
2021-02-14 16:49:01,461 [INFO] DbBoardsDocs:112 - Set database path to: C:\Users\evers\.stmcufinder\plugins\mcufinder//mcu/
2021-02-14 16:49:01,462 [INFO] DbBoardsJson:56 - Set database path to: C:\Users\evers\.stmcufinder\plugins\mcufinder//mcu/
2021-02-14 16:49:01,465 [INFO] CrossReferenceDbSqlite:196 - Set database path to: C:\Users\evers\.stmcufinder\plugins\mcufinder//mcu/cs/
2021-02-14 16:49:01,469 [INFO] DbExamplesSqlite:800 - Set database path to: C:\Users\evers\.stmcufinder\plugins\mcufinder//mcu/
2021-02-14 16:49:01,599 [INFO] RulesReader:52 - Compatibility file has been processed (209 Rules)
2021-02-14 16:49:01,706 [INFO] MicroXplorer:564 - Detected Java Version = 1.8.0_252
2021-02-14 16:49:01,707 [INFO] DbMcusXml:70 - Set database path to: C:\ST\STM32CubeIDE_1.4.0\STM32CubeIDE\plugins\com.st.stm32cube.common.mx_6.0.1.202008101643\\db\/mcu/
2021-02-14 16:49:01,707 [INFO] DbBoardsPdsc:56 - Set plugin database path to: C:\ST\STM32CubeIDE_1.4.0\STM32CubeIDE\plugins\com.st.stm32cube.common.mx_6.0.1.202008101643\\db\/plugins/boardmanager/
2021-02-14 16:49:01,708 [INFO] DbMcus:258 - Set plugin images path to: C:\ST\STM32CubeIDE_1.4.0\STM32CubeIDE\plugins\com.st.stm32cube.common.mx_6.0.1.202008101643\\db\/plugins/mcufinder/images/
2021-02-14 16:49:01,708 [INFO] DbBoards:264 - Set plugin images path to: C:\ST\STM32CubeIDE_1.4.0\STM32CubeIDE\plugins\com.st.stm32cube.common.mx_6.0.1.202008101643\\db\/plugins/mcufinder/images/
2021-02-14 16:49:01,708 [INFO] DbExamples:326 - Set plugin images path to: C:\ST\STM32CubeIDE_1.4.0\STM32CubeIDE\plugins\com.st.stm32cube.common.mx_6.0.1.202008101643\\db\/plugins/mcufinder/images/
2021-02-14 16:49:01,708 [WARN] DbFile:36 - Overriding database path with different value: C:\Users\evers\.stmcufinder\plugins\mcufinder/ => C:\Users\evers\.stmcufinder\plugins\mcufinder
2021-02-14 16:49:01,709 [INFO] DbMcusDocs:112 - Set database path to: C:\Users\evers\.stmcufinder\plugins\mcufinder//mcu/
2021-02-14 16:49:01,709 [WARN] DbFile:36 - Overriding database path with different value: C:\Users\evers\.stmcufinder\plugins\mcufinder/ => C:\Users\evers\.stmcufinder\plugins\mcufinder
2021-02-14 16:49:01,709 [INFO] DbMcusJson:63 - Set database path to: C:\Users\evers\.stmcufinder\plugins\mcufinder//mcu/
2021-02-14 16:49:01,709 [WARN] DbFile:36 - Overriding database path with different value: C:\Users\evers\.stmcufinder\plugins\mcufinder/ => C:\Users\evers\.stmcufinder\plugins\mcufinder
2021-02-14 16:49:01,709 [INFO] DbBoardsDocs:112 - Set database path to: C:\Users\evers\.stmcufinder\plugins\mcufinder//mcu/
2021-02-14 16:49:01,709 [WARN] DbFile:36 - Overriding database path with different value: C:\Users\evers\.stmcufinder\plugins\mcufinder/ => C:\Users\evers\.stmcufinder\plugins\mcufinder
2021-02-14 16:49:01,710 [INFO] DbBoardsJson:56 - Set database path to: C:\Users\evers\.stmcufinder\plugins\mcufinder//mcu/
2021-02-14 16:49:01,710 [WARN] DbFile:36 - Overriding database path with different value: C:\Users\evers\.stmcufinder\plugins\mcufinder/ => C:\Users\evers\.stmcufinder\plugins\mcufinder
2021-02-14 16:49:01,710 [WARN] DbFile:36 - Overriding database path with different value: C:\Users\evers\.stmcufinder\plugins\mcufinder/ => C:\Users\evers\.stmcufinder\plugins\mcufinder
2021-02-14 16:49:01,710 [INFO] CrossReferenceDbSqlite:196 - Set database path to: C:\Users\evers\.stmcufinder\plugins\mcufinder//mcu/cs/
2021-02-14 16:49:01,710 [WARN] DbFile:36 - Overriding database path with different value: C:\Users\evers\.stmcufinder\plugins\mcufinder/ => C:\Users\evers\.stmcufinder\plugins\mcufinder
2021-02-14 16:49:01,710 [INFO] DbExamplesSqlite:800 - Set database path to: C:\Users\evers\.stmcufinder\plugins\mcufinder//mcu/
2021-02-14 16:49:01,800 [INFO] MainPanel:189 - HeapMemory: 346030080
2021-02-14 16:49:01,895 [INFO] DbMcusXml:70 - Set database path to: C:\ST\STM32CubeIDE_1.4.0\STM32CubeIDE\plugins\com.st.stm32cube.common.mx_6.0.1.202008101643\\db\/mcu/
2021-02-14 16:49:01,895 [INFO] DbBoardsPdsc:56 - Set plugin database path to: C:\ST\STM32CubeIDE_1.4.0\STM32CubeIDE\plugins\com.st.stm32cube.common.mx_6.0.1.202008101643\\db\/plugins/boardmanager/
2021-02-14 16:49:01,895 [INFO] DbMcus:258 - Set plugin images path to: C:\ST\STM32CubeIDE_1.4.0\STM32CubeIDE\plugins\com.st.stm32cube.common.mx_6.0.1.202008101643\\db\/plugins/mcufinder/images/
2021-02-14 16:49:01,895 [INFO] DbBoards:264 - Set plugin images path to: C:\ST\STM32CubeIDE_1.4.0\STM32CubeIDE\plugins\com.st.stm32cube.common.mx_6.0.1.202008101643\\db\/plugins/mcufinder/images/
2021-02-14 16:49:01,896 [INFO] DbExamples:326 - Set plugin images path to: C:\ST\STM32CubeIDE_1.4.0\STM32CubeIDE\plugins\com.st.stm32cube.common.mx_6.0.1.202008101643\\db\/plugins/mcufinder/images/
2021-02-14 16:49:01,897 [WARN] DbFile:36 - Overriding database path with different value: C:\Users\evers\.stmcufinder\plugins\mcufinder/ => C:\Users\evers\.stmcufinder\plugins\mcufinder
2021-02-14 16:49:01,897 [INFO] DbMcusDocs:112 - Set database path to: C:\Users\evers\.stmcufinder\plugins\mcufinder//mcu/
2021-02-14 16:49:01,897 [WARN] DbFile:36 - Overriding database path with different value: C:\Users\evers\.stmcufinder\plugins\mcufinder/ => C:\Users\evers\.stmcufinder\plugins\mcufinder
2021-02-14 16:49:01,897 [INFO] DbMcusJson:63 - Set database path to: C:\Users\evers\.stmcufinder\plugins\mcufinder//mcu/
2021-02-14 16:49:01,898 [WARN] DbFile:36 - Overriding database path with different value: C:\Users\evers\.stmcufinder\plugins\mcufinder/ => C:\Users\evers\.stmcufinder\plugins\mcufinder
2021-02-14 16:49:01,898 [INFO] DbBoardsDocs:112 - Set database path to: C:\Users\evers\.stmcufinder\plugins\mcufinder//mcu/
2021-02-14 16:49:01,898 [WARN] DbFile:36 - Overriding database path with different value: C:\Users\evers\.stmcufinder\plugins\mcufinder/ => C:\Users\evers\.stmcufinder\plugins\mcufinder
2021-02-14 16:49:01,898 [INFO] DbBoardsJson:56 - Set database path to: C:\Users\evers\.stmcufinder\plugins\mcufinder//mcu/
2021-02-14 16:49:01,898 [WARN] DbFile:36 - Overriding database path with different value: C:\Users\evers\.stmcufinder\plugins\mcufinder/ => C:\Users\evers\.stmcufinder\plugins\mcufinder
2021-02-14 16:49:01,899 [WARN] DbFile:36 - Overriding database path with different value: C:\Users\evers\.stmcufinder\plugins\mcufinder/ => C:\Users\evers\.stmcufinder\plugins\mcufinder
2021-02-14 16:49:01,899 [INFO] CrossReferenceDbSqlite:196 - Set database path to: C:\Users\evers\.stmcufinder\plugins\mcufinder//mcu/cs/
2021-02-14 16:49:01,899 [WARN] DbFile:36 - Overriding database path with different value: C:\Users\evers\.stmcufinder\plugins\mcufinder/ => C:\Users\evers\.stmcufinder\plugins\mcufinder
2021-02-14 16:49:01,899 [INFO] DbExamplesSqlite:800 - Set database path to: C:\Users\evers\.stmcufinder\plugins\mcufinder//mcu/
2021-02-14 16:49:01,925 [INFO] ApplicationProperties:181 - Using Application install path: C:\ST\STM32CubeIDE_1.4.0\STM32CubeIDE\plugins\com.st.stm32cube.common.mx_6.0.1.202008101643
2021-02-14 16:49:01,926 [INFO] PluginManage:178 - Search for loadable plugins [exclusion list=, ]
2021-02-14 16:49:01,928 [INFO] PluginManage:292 - Check plugin analytics
2021-02-14 16:49:02,123 [INFO] AnalyticsPlugin:203 - Accepted Software Licenses: STM32CubeMX.6.0.1,STM32CubeMX.6.1.1
2021-02-14 16:49:02,124 [INFO] AnalyticsPlugin:205 - Accepted CMSIS Pack Licenses: 
2021-02-14 16:49:02,124 [INFO] AnalyticsPlugin:207 - Accepted Firmware Licenses: 
2021-02-14 16:49:02,125 [INFO] PluginManage:342 - Loaded plugin analytics (category:tool,tabindex:-1)
2021-02-14 16:49:02,126 [INFO] PluginManage:292 - Check plugin clock
2021-02-14 16:49:02,144 [INFO] PluginManage:342 - Loaded plugin clock (category:base,tabindex:2)
2021-02-14 16:49:02,144 [INFO] PluginManage:292 - Check plugin ddr
2021-02-14 16:49:02,148 [INFO] PluginManage:342 - Loaded plugin ddr (category:tool,tabindex:6)
2021-02-14 16:49:02,148 [INFO] PluginManage:292 - Check plugin filemanager
2021-02-14 16:49:02,274 [INFO] PluginManage:342 - Loaded plugin filemanager (category:base,tabindex:10)
2021-02-14 16:49:02,274 [INFO] PluginManage:292 - Check plugin ipmanager
2021-02-14 16:49:02,283 [INFO] PluginManage:342 - Loaded plugin ipmanager (category:base,tabindex:5)
2021-02-14 16:49:02,284 [INFO] PluginManage:292 - Check plugin pinoutandconfiguration
2021-02-14 16:49:02,294 [INFO] PluginManage:342 - Loaded plugin pinoutandconfiguration (category:base,tabindex:1)
2021-02-14 16:49:02,294 [INFO] PluginManage:292 - Check plugin pinoutconfig
2021-02-14 16:49:02,324 [INFO] PluginManage:342 - Loaded plugin pinoutconfig (category:base,tabindex:0)
2021-02-14 16:49:02,324 [INFO] PluginManage:292 - Check plugin power
2021-02-14 16:49:02,335 [INFO] PluginManage:342 - Loaded plugin power (category:power,tabindex:4)
2021-02-14 16:49:02,335 [INFO] PluginManage:292 - Check plugin projectmanager
2021-02-14 16:49:02,351 [INFO] PluginManage:342 - Loaded plugin projectmanager (category:projectmanager,tabindex:3)
2021-02-14 16:49:02,352 [INFO] PluginManage:292 - Check plugin thirdparty
2021-02-14 16:49:02,458 [INFO] ThirdPartyDb:333 - Open Third Party DataBase File (C:/Users/evers/.stm32cubemx/plugins/thirdparty/db/thirdparties_db.xml) : 49 ms. number of Sw pack : 33
2021-02-14 16:49:02,465 [INFO] PluginManage:342 - Loaded plugin thirdparty (category:base,tabindex:-1)
2021-02-14 16:49:02,466 [INFO] PluginManage:292 - Check plugin tools
2021-02-14 16:49:02,470 [INFO] PluginManage:342 - Loaded plugin tools (category:base,tabindex:7)
2021-02-14 16:49:02,470 [INFO] PluginManage:292 - Check plugin tutovideos
2021-02-14 16:49:02,749 [INFO] PluginManage:342 - Loaded plugin tutovideos (category:base,tabindex:-1)
2021-02-14 16:49:02,749 [INFO] PluginManage:292 - Check plugin updater
2021-02-14 16:49:02,764 [INFO] PluginManage:342 - Loaded plugin updater (category:base,tabindex:12)
2021-02-14 16:49:02,765 [INFO] PluginManage:265 - PluginManage : Loaded plugins [13]
2021-02-14 16:49:02,965 [INFO] PinOutPanel:1418 - setPackage(No Configuration,No Configuration)
2021-02-14 16:49:03,072 [INFO] IPUIPlugin:64 - create IPUIPlugin
2021-02-14 16:49:03,072 [INFO] PluginManager:200 - loadIPPluginJar : add adc
2021-02-14 16:49:03,076 [INFO] IPUIPlugin:64 - create IPUIPlugin
2021-02-14 16:49:03,076 [INFO] PluginManager:200 - loadIPPluginJar : add aes
2021-02-14 16:49:03,079 [INFO] IPUIPlugin:64 - create IPUIPlugin
2021-02-14 16:49:03,080 [INFO] PluginManager:200 - loadIPPluginJar : add can
2021-02-14 16:49:03,082 [INFO] IPUIPlugin:64 - create IPUIPlugin
2021-02-14 16:49:03,082 [INFO] PluginManager:200 - loadIPPluginJar : add comp
2021-02-14 16:49:03,085 [INFO] IPUIPlugin:64 - create IPUIPlugin
2021-02-14 16:49:03,085 [INFO] PluginManager:200 - loadIPPluginJar : add cryp
2021-02-14 16:49:03,088 [INFO] IPUIPlugin:64 - create IPUIPlugin
2021-02-14 16:49:03,088 [INFO] PluginManager:200 - loadIPPluginJar : add dfsdm
2021-02-14 16:49:03,094 [INFO] IPUIPlugin:64 - create IPUIPlugin
2021-02-14 16:49:03,095 [INFO] PluginManager:200 - loadIPPluginJar : add dma
2021-02-14 16:49:03,096 [INFO] IPUIPlugin:64 - create IPUIPlugin
2021-02-14 16:49:03,097 [INFO] PluginManager:200 - loadIPPluginJar : add fatfs
2021-02-14 16:49:03,105 [INFO] IPUIPlugin:64 - create IPUIPlugin
2021-02-14 16:49:03,105 [INFO] PluginManager:200 - loadIPPluginJar : add fmc
2021-02-14 16:49:03,114 [INFO] IPUIPlugin:64 - create IPUIPlugin
2021-02-14 16:49:03,115 [INFO] PluginManager:200 - loadIPPluginJar : add freertos
2021-02-14 16:49:03,117 [INFO] IPUIPlugin:64 - create IPUIPlugin
2021-02-14 16:49:03,118 [INFO] PluginManager:200 - loadIPPluginJar : add genericplugin
2021-02-14 16:49:03,121 [INFO] IPUIPlugin:64 - create IPUIPlugin
2021-02-14 16:49:03,122 [INFO] PluginManager:200 - loadIPPluginJar : add gfxmmu
2021-02-14 16:49:03,131 [INFO] IPUIPlugin:64 - create IPUIPlugin
2021-02-14 16:49:03,131 [INFO] PluginManager:200 - loadIPPluginJar : add gic
2021-02-14 16:49:03,136 [INFO] IPUIPlugin:64 - create IPUIPlugin
2021-02-14 16:49:03,136 [INFO] PluginManager:200 - loadIPPluginJar : add gpio
2021-02-14 16:49:03,140 [INFO] IPUIPlugin:64 - create IPUIPlugin
2021-02-14 16:49:03,140 [INFO] PluginManager:200 - loadIPPluginJar : add gtzc
2021-02-14 16:49:03,143 [INFO] IPUIPlugin:64 - create IPUIPlugin
2021-02-14 16:49:03,144 [INFO] PluginManager:200 - loadIPPluginJar : add hash
2021-02-14 16:49:03,147 [INFO] IPUIPlugin:64 - create IPUIPlugin
2021-02-14 16:49:03,147 [INFO] PluginManager:200 - loadIPPluginJar : add i2c
2021-02-14 16:49:03,150 [INFO] IPUIPlugin:64 - create IPUIPlugin
2021-02-14 16:49:03,151 [INFO] PluginManager:200 - loadIPPluginJar : add i2s
2021-02-14 16:49:03,153 [INFO] IPUIPlugin:64 - create IPUIPlugin
2021-02-14 16:49:03,154 [INFO] PluginManager:200 - loadIPPluginJar : add ipddr
2021-02-14 16:49:03,155 [INFO] IPUIPlugin:64 - create IPUIPlugin
2021-02-14 16:49:03,156 [INFO] PluginManager:200 - loadIPPluginJar : add ltdc
2021-02-14 16:49:03,160 [INFO] IPUIPlugin:64 - create IPUIPlugin
2021-02-14 16:49:03,160 [INFO] PluginManager:200 - loadIPPluginJar : add mdma
2021-02-14 16:49:03,164 [INFO] IPUIPlugin:64 - create IPUIPlugin
2021-02-14 16:49:03,165 [INFO] PluginManager:200 - loadIPPluginJar : add nvic
2021-02-14 16:49:03,168 [INFO] IPUIPlugin:64 - create IPUIPlugin
2021-02-14 16:49:03,168 [INFO] PluginManager:200 - loadIPPluginJar : add opamp
2021-02-14 16:49:03,171 [INFO] IPUIPlugin:64 - create IPUIPlugin
2021-02-14 16:49:03,171 [INFO] PluginManager:200 - loadIPPluginJar : add openamp
2021-02-14 16:49:03,174 [INFO] IPUIPlugin:64 - create IPUIPlugin
2021-02-14 16:49:03,174 [INFO] PluginManager:200 - loadIPPluginJar : add pdm2pcm
2021-02-14 16:49:03,181 [INFO] IPUIPlugin:64 - create IPUIPlugin
2021-02-14 16:49:03,184 [INFO] PluginManager:200 - loadIPPluginJar : add plateformsettings
2021-02-14 16:49:03,186 [INFO] IPUIPlugin:64 - create IPUIPlugin
2021-02-14 16:49:03,186 [INFO] PluginManager:200 - loadIPPluginJar : add quadspi
2021-02-14 16:49:03,190 [INFO] IPUIPlugin:64 - create IPUIPlugin
2021-02-14 16:49:03,190 [INFO] PluginManager:200 - loadIPPluginJar : add resmgrutility
2021-02-14 16:49:03,193 [INFO] IPUIPlugin:64 - create IPUIPlugin
2021-02-14 16:49:03,193 [INFO] PluginManager:200 - loadIPPluginJar : add sai
2021-02-14 16:49:03,196 [INFO] IPUIPlugin:64 - create IPUIPlugin
2021-02-14 16:49:03,196 [INFO] PluginManager:200 - loadIPPluginJar : add spi
2021-02-14 16:49:03,200 [INFO] IPUIPlugin:64 - create IPUIPlugin
2021-02-14 16:49:03,200 [INFO] PluginManager:200 - loadIPPluginJar : add stm32_wpan
2021-02-14 16:49:03,202 [INFO] IPUIPlugin:64 - create IPUIPlugin
2021-02-14 16:49:03,202 [INFO] PluginManager:200 - loadIPPluginJar : add tim
2021-02-14 16:49:03,205 [INFO] IPUIPlugin:64 - create IPUIPlugin
2021-02-14 16:49:03,206 [INFO] PluginManager:200 - loadIPPluginJar : add touchsensing
2021-02-14 16:49:03,208 [INFO] IPUIPlugin:64 - create IPUIPlugin
2021-02-14 16:49:03,208 [INFO] PluginManager:200 - loadIPPluginJar : add tracer_emb
2021-02-14 16:49:03,210 [INFO] IPUIPlugin:64 - create IPUIPlugin
2021-02-14 16:49:03,211 [INFO] PluginManager:200 - loadIPPluginJar : add ts
2021-02-14 16:49:03,212 [INFO] IPUIPlugin:64 - create IPUIPlugin
2021-02-14 16:49:03,213 [INFO] PluginManager:200 - loadIPPluginJar : add tsc
2021-02-14 16:49:03,215 [INFO] IPUIPlugin:64 - create IPUIPlugin
2021-02-14 16:49:03,215 [INFO] PluginManager:200 - loadIPPluginJar : add ucpd
2021-02-14 16:49:03,218 [INFO] IPUIPlugin:64 - create IPUIPlugin
2021-02-14 16:49:03,219 [INFO] PluginManager:200 - loadIPPluginJar : add usart
2021-02-14 16:49:03,769 [INFO] CubeProgrammer:457 - [DDR PANEL] - PathOfProgrammer: null
2021-02-14 16:49:04,798 [FATAL] Updater:282 - Updater called before beeing initialized
2021-02-14 16:49:05,016 [FATAL] Updater:282 - Updater called before beeing initialized
2021-02-14 16:49:05,017 [WARN] ThirdParty:775 - waiting for thirdparty lock release [close project]
2021-02-14 16:49:05,017 [INFO] ThirdParty:777 - entering critical section [close project]
2021-02-14 16:49:05,018 [INFO] ThirdParty:790 - exiting critical section [close project]
2021-02-14 16:49:05,021 [INFO] PinOutPanel:1418 - setPackage(No Configuration,No Configuration)
2021-02-14 16:49:05,022 [FATAL] Updater:282 - Updater called before beeing initialized
2021-02-14 16:49:05,029 [ERROR] Updater:967 - MainUpdater not yet initialized. External WinMGr cannot be set.
2021-02-14 16:49:05,030 [INFO] CubeProgrammer:457 - [DDR PANEL] - PathOfProgrammer: C:\ST\STM32CubeIDE_1.4.0\STM32CubeIDE\plugins\com.st.stm32cube.ide.mcu.externaltools.cubeprogrammer.win32_1.4.0.202007081208\tools\bin
2021-02-14 16:49:05,034 [INFO] ProgrammerExecThread:148 - [ProgrammerAPI] CubeProgrammer command construction: C:\ST\STM32CubeIDE_1.4.0\STM32CubeIDE\plugins\com.st.stm32cube.ide.mcu.externaltools.cubeprogrammer.win32_1.4.0.202007081208\tools\bin\STM32_Programmer_CLI.exe -l
2021-02-14 16:49:05,234 [INFO] MainDdrPanel:49 - [DDR PANEL] SETTER - Set cubeProgrammerPath to: C:\ST\STM32CubeIDE_1.4.0\STM32CubeIDE\plugins\com.st.stm32cube.ide.mcu.externaltools.cubeprogrammer.win32_1.4.0.202007081208\tools\bin
2021-02-14 16:49:05,273 [INFO] Updater:904 - Updater Version found : 6.0.1
2021-02-14 16:49:05,296 [INFO] ApplicationProperties:181 - Using Application install path: C:\ST\STM32CubeIDE_1.4.0\STM32CubeIDE\plugins\com.st.stm32cube.common.mx_6.0.1.202008101643
2021-02-14 16:49:05,445 [INFO] MainUpdater:2268 - connection check result : 10
2021-02-14 16:49:05,447 [INFO] MainUpdater:239 - Updater Check For Update Now.
2021-02-14 16:49:05,448 [INFO] MicroXplorer:414 - Change Database Version : DB.6.0.0
2021-02-14 16:49:05,467 [WARN] IntegrityCheckThread:61 - waiting for thirdparty lock release [integrity check]
2021-02-14 16:49:05,467 [INFO] IntegrityCheckThread:63 - entering critical section [integrity check]
2021-02-14 16:49:05,470 [WARN] MainUpdater:1087 - Updater busy. Cannot search thirdparties
2021-02-14 16:49:05,510 [INFO] CheckServerUpdateThread:102 - End of CheckServer Thread
2021-02-14 16:49:05,566 [INFO] MainUpdater:2268 - connection check result : 10
2021-02-14 16:49:05,831 [INFO] McuFinderGlobals:40 - Set McuFinder mode to 2 (CubeIDE integrated)
2021-02-14 16:49:06,024 [INFO] CrossSelectorPresenter:1330 - Cross Selector saved comparison directory: C:\Users\evers\.stmcufinder\plugins\mcufinder\mcu\cs_comparisons_mx
2021-02-14 16:49:06,031 [INFO] MultiScanPanel:193 - Auto-refresh data requested => check proxy status ongoing
2021-02-14 16:49:06,034 [INFO] FinderPluginLoader:87 - Searching for filters in installed packs
2021-02-14 16:49:06,035 [INFO] DbMcusXml:100 - Load MCU database from C:\ST\STM32CubeIDE_1.4.0\STM32CubeIDE\plugins\com.st.stm32cube.common.mx_6.0.1.202008101643\\db\/mcu/families.xml
2021-02-14 16:49:07,224 [INFO] DbMcusJson:92 - JSON generation date=Mon Feb 08 14:35:07 CET 2021 (1612791307)
2021-02-14 16:49:08,459 [INFO] DbMcus:175 - Found 1761 MCUs (1722 are supported by CubeMX, 1752 are visible in CubeMX)
2021-02-14 16:49:08,460 [INFO] ApiDb:201 - Load user favorites file C:\Users\evers/.stm32cubeide/favorites.mcus.txt: 0 item(s)
2021-02-14 16:49:08,460 [INFO] ApiDb:205 - User favorites MCUs=[]
2021-02-14 16:49:08,461 [INFO] DbMcus:187 - Set 0 / 0 favorites MCUs
2021-02-14 16:49:08,791 [INFO] ThirdPartyDb:299 - Save Third Party DataBase File (C:/Users/evers/.stm32cubemx/plugins/thirdparty/db/thirdparties_db.xml) [forced]
2021-02-14 16:49:08,883 [INFO] ThirdPartyDb:299 - Save Third Party DataBase File (C:/Users/evers/.stm32cubemx/plugins/thirdparty/db/thirdparties_db.xml) [forced]
2021-02-14 16:49:08,921 [INFO] IntegrityCheckThread:76 - exiting critical section [integrity check]
2021-02-14 16:49:08,921 [INFO] IntegrityCheckThread:79 - End integrity checks thread
2021-02-14 16:49:09,322 [INFO] LoadUrlFilesThread:162 - End of LoadServerUrlFiles without Thread
2021-02-14 16:49:09,389 [INFO] DetailPanel:331 - Set advertising image to C:/Users/evers/STM32Cube/Repository/\stm32cubemx-promo_image.jpg
2021-02-14 16:49:10,032 [INFO] McuFilterPanel:245 - Update 0 favorites MCUs
2021-02-14 16:49:10,159 [INFO] DbBoardsPdsc:94 - Found 23 items
2021-02-14 16:49:10,162 [INFO] DbBoardsPdsc:94 - Found 9 items
2021-02-14 16:49:10,169 [INFO] DbBoardsPdsc:94 - Found 29 items
2021-02-14 16:49:10,171 [INFO] DbBoardsPdsc:94 - Found 1 items
2021-02-14 16:49:10,180 [INFO] DbBoardsPdsc:94 - Found 44 items
2021-02-14 16:49:10,187 [INFO] DbBoardsPdsc:94 - Found 40 items
2021-02-14 16:49:10,189 [INFO] DbBoardsPdsc:94 - Found 2 items
2021-02-14 16:49:10,192 [INFO] DbBoardsPdsc:94 - Found 4 items
2021-02-14 16:49:10,201 [WARN] DbBoardsPdsc:258 - Board STM32H7B3I-DK: unknown feature type=Audio, name=, username=Audio stereo codec with Headphone Amp (CS42L51-CNZ), n=1
2021-02-14 16:49:10,202 [WARN] DbBoardsPdsc:258 - Board STM32H735G-DK: unknown feature type=Audio, name=, username=Audio stereo codec with Headphone Amp (WM8994ECS/R), n=1
2021-02-14 16:49:10,205 [WARN] DbBoardsPdsc:258 - Board STM32H7B3I-EVAL: unknown feature type=Audio, name=, username=Multi-Channel Audio Codec (CS42L51-CNZ), n=1
2021-02-14 16:49:10,205 [WARN] DbBoardsPdsc:258 - Board STM32H7B3I-EVAL: unknown feature type=Meter, name=, username=Power-metering and Temperature-monitoring with sigma-delta modulators, n=1
2021-02-14 16:49:10,206 [WARN] DbBoardsPdsc:258 - Board STM32H7B3I-EVAL: unknown feature type=Motor, name=, username=Motor Control, n=1
2021-02-14 16:49:10,245 [INFO] DbBoardsJson:85 - JSON generation date=Thu Feb 04 17:53:45 CET 2021 (1612457625)
2021-02-14 16:49:10,254 [INFO] DbBoards:117 - Found 154 boards (149 are supported by CubeMX)
2021-02-14 16:49:10,266 [INFO] DbBoardsDocs:145 - JSON generation date=Mon Feb 08 14:35:07 CET 2021 (1612791307)
2021-02-14 16:49:10,303 [INFO] DbBoardsDocs:81 - Found 193 boards documents
2021-02-14 16:49:10,304 [WARN] DbBoards:127 - board B-L462E-CELL1 has no document id list !
2021-02-14 16:49:10,304 [WARN] DbBoards:127 - board B-L475E-IOT01A2 has no document id list !
2021-02-14 16:49:10,307 [WARN] DbBoards:127 - board NUCLEO-H743ZI2 has no document id list !
2021-02-14 16:49:10,308 [WARN] DbBoards:127 - board NUCLEO-WB55RG has no document id list !
2021-02-14 16:49:10,309 [WARN] DbBoards:127 - board P-NUCLEO-WB55-Nucleo has no document id list !
2021-02-14 16:49:10,309 [WARN] DbBoards:127 - board P-NUCLEO-WB55-USBDongle has no document id list !
2021-02-14 16:49:10,309 [WARN] DbBoards:127 - board STEVAL-BFA001V1B has no document id list !
2021-02-14 16:49:10,310 [WARN] DbBoards:127 - board STEVAL-BFA001V2B has no document id list !
2021-02-14 16:49:10,310 [WARN] DbBoards:127 - board STEVAL-IDP005V1 has no document id list !
2021-02-14 16:49:10,310 [WARN] DbBoards:127 - board STEVAL-IDP005V2 has no document id list !
2021-02-14 16:49:10,310 [WARN] DbBoards:127 - board STEVAL-MKSBOX1V1 has no document id list !
2021-02-14 16:49:10,310 [WARN] DbBoards:127 - board STEVAL-STWINKT1 has no document id list !
2021-02-14 16:49:10,311 [WARN] DbBoards:127 - board STEVAL-STWINKT1B has no document id list !
2021-02-14 16:49:10,312 [WARN] DbBoards:127 - board STM32F401C-DISCO has no document id list !
2021-02-14 16:49:10,313 [WARN] DbBoards:127 - board STM32F769I-DISC1 has no document id list !
2021-02-14 16:49:10,314 [WARN] DbBoards:127 - board STM32G474E-EVAL1 has no document id list !
2021-02-14 16:49:10,314 [WARN] DbBoards:127 - board STM32H743I-EVAL2 has no document id list !
2021-02-14 16:49:10,315 [WARN] DbBoards:127 - board STM32H747I-DISC1 has no document id list !
2021-02-14 16:49:10,315 [WARN] DbBoards:127 - board STM32H753I-EVAL2 has no document id list !
2021-02-14 16:49:10,316 [WARN] DbBoards:127 - board STM32L-DISCOVERY has no document id list !
2021-02-14 16:49:10,317 [WARN] DbBoards:127 - board STM32MP157A-DK1 has no document id list !
2021-02-14 16:49:10,317 [WARN] DbBoards:127 - board STM32MP157F-EV1 has no document id list !
2021-02-14 16:49:10,440 [ERROR] DbBoards:192 - No image file URL for board B-L462E-CELL1
2021-02-14 16:49:10,969 [ERROR] DbBoards:189 - Image file not found for board NUCLEO-WL55JC: C:\ST\STM32CubeIDE_1.4.0\STM32CubeIDE\plugins\com.st.stm32cube.common.mx_6.0.1.202008101643\\db\/plugins/mcufinder/images/boards/nucleo-wl55jc-small.jpg
2021-02-14 16:49:11,343 [ERROR] DbBoards:189 - Image file not found for board STEVAL-STWINKT1B: C:\ST\STM32CubeIDE_1.4.0\STM32CubeIDE\plugins\com.st.stm32cube.common.mx_6.0.1.202008101643\\db\/plugins/mcufinder/images/boards/steval-stwinkt1b_small.jpg
2021-02-14 16:49:12,200 [ERROR] DbBoards:189 - Image file not found for board STM32H7B3I-EVAL: C:\ST\STM32CubeIDE_1.4.0\STM32CubeIDE\plugins\com.st.stm32cube.common.mx_6.0.1.202008101643\\db\/plugins/mcufinder/images/boards/stm32h7b3ieval_small.jpg
2021-02-14 16:49:12,592 [INFO] ApiDb:201 - Load user favorites file C:\Users\evers/.stm32cubeide/favorites.boards.txt: 1 item(s)
2021-02-14 16:49:12,593 [INFO] ApiDb:205 - User favorites Boards=[NUCLEO-L476RG]
2021-02-14 16:49:12,593 [INFO] DbBoards:206 - Set 1 / 1 favorites Boards
2021-02-14 16:49:40,777 [INFO] DbMcusDocs:145 - JSON generation date=Mon Feb 08 14:35:07 CET 2021 (1612791307)
2021-02-14 16:49:41,161 [INFO] DbMcusDocs:81 - Found 617 MCUs documents
2021-02-14 16:49:41,283 [INFO] MultiScanPanel:193 - Auto-refresh data requested => check proxy status ongoing
2021-02-14 16:49:41,341 [INFO] LoadUrlFilesThread:162 - End of LoadServerUrlFiles without Thread
2021-02-14 16:49:41,341 [INFO] DetailPanel:331 - Set advertising image to C:/Users/evers/STM32Cube/Repository/\stm32cubemx-promo_image.jpg
2021-02-14 16:49:41,367 [INFO] BoardFilterPanel:214 - Update 1 favorites Boards
2021-02-14 16:50:02,178 [INFO] LogOutputStream:76 - [STDOUT_REDIRECT] withoutVersionV1.16.0
2021-02-14 16:50:12,089 [INFO] MainUpdater:2268 - connection check result : 10
2021-02-14 16:50:12,089 [INFO] MainUpdater:2268 - connection check result : 10
2021-02-14 16:50:12,117 [INFO] MicroXplorer:384 - Change Database Path : 
2021-02-14 16:50:12,117 [INFO] MicroXplorer:414 - Change Database Version : DB.6.0.0
2021-02-14 16:50:12,117 [WARN] ThirdParty:775 - waiting for thirdparty lock release [close project]
2021-02-14 16:50:12,117 [INFO] ThirdParty:777 - entering critical section [close project]
2021-02-14 16:50:12,118 [INFO] ThirdParty:790 - exiting critical section [close project]
2021-02-14 16:50:12,120 [INFO] PinOutPanel:1418 - setPackage(No Configuration,No Configuration)
2021-02-14 16:50:12,121 [INFO] UtilMem:74 - Begin LoadConfig() Used Memory: 598903144 Bytes (795869184)
2021-02-14 16:50:12,122 [INFO] OpenFileManager:274 - Change cursor
2021-02-14 16:50:14,840 [INFO] Rule:211 - rule SPDIFRX instance for mcu is applicable
2021-02-14 16:50:14,841 [INFO] Rule:211 - rule Rename Tracer Mode is applicable
2021-02-14 16:50:14,841 [INFO] Rule:211 - rule SPDIFRX instance value for IP SPDIFRX is applicable
2021-02-14 16:50:14,841 [INFO] Rule:211 - rule SPDIFRX instance for signal is applicable
2021-02-14 16:50:14,841 [INFO] Rule:211 - rule SPDIFRX instance for project manager is applicable
2021-02-14 16:50:14,841 [INFO] Rule:211 - rule SPDIFRX instance for project manager is applicable
2021-02-14 16:50:14,841 [INFO] Rule:211 - rule ADC Scan  fix with FW F7 is applicable
2021-02-14 16:50:14,841 [INFO] Rule:211 - rule ADC Scan  fix with FW F7 is applicable
2021-02-14 16:50:14,842 [INFO] Rule:211 - rule Add RTC Activate Clock Source is applicable
2021-02-14 16:50:14,842 [INFO] Rule:211 - rule Add RTC Activate Calendar 1 is applicable
2021-02-14 16:50:14,842 [INFO] Rule:211 - rule Add RTC Activate Calendar 2 is applicable
2021-02-14 16:50:14,842 [INFO] Rule:211 - rule Add RTC Activate Calendar 3 is applicable
2021-02-14 16:50:14,842 [INFO] Rule:211 - rule UART/USART TX Mode is applicable
2021-02-14 16:50:14,842 [INFO] Rule:211 - rule UART/USART RX Mode is applicable
2021-02-14 16:50:14,842 [INFO] Rule:211 - rule UART/USART RX TX Mode is applicable
2021-02-14 16:50:14,842 [INFO] Rule:211 - rule UART/USART PARITY NONE is applicable
2021-02-14 16:50:14,842 [INFO] Rule:211 - rule UART/USART PARITY EVEN is applicable
2021-02-14 16:50:14,843 [INFO] Rule:211 - rule UART/USART PARITY ODD is applicable
2021-02-14 16:50:14,843 [INFO] Rule:211 - rule USART StopBits 1 is applicable
2021-02-14 16:50:14,843 [INFO] Rule:211 - rule USART StopBits 2 is applicable
2021-02-14 16:50:14,843 [INFO] Rule:211 - rule USART StopBits 1.5 is applicable
2021-02-14 16:50:14,843 [INFO] Rule:211 - rule USART StopBits 0.5 is applicable
2021-02-14 16:50:14,843 [INFO] Rule:211 - rule UART/USART WORD LENGTH 7 is applicable
2021-02-14 16:50:14,843 [INFO] Rule:211 - rule UART/USART WORD LENGTH 8 is applicable
2021-02-14 16:50:14,843 [INFO] Rule:211 - rule UART/USART WORD LENGTH 9 is applicable
2021-02-14 16:50:14,843 [INFO] Rule:211 - rule Rename FMC NAND NCE signal is applicable
2021-02-14 16:50:14,844 [INFO] Rule:211 - rule Rename FMC NAND INT signal is applicable
2021-02-14 16:50:14,844 [INFO] Rule:211 - rule Change Default Value for ADC ExternalTrigConv L4 family is applicable
2021-02-14 16:50:14,844 [INFO] Rule:211 - rule Change Default Value for ADC ExternalTrigInjecConv L4 family is applicable
2021-02-14 16:50:14,844 [INFO] Rule:211 - rule Change Default Value for ADC ExternalTrigConv F3 family is applicable
2021-02-14 16:50:14,844 [INFO] Rule:211 - rule Change Default Value for ADC ExternalTrigInjecConv F3 family is applicable
2021-02-14 16:50:14,844 [INFO] Rule:211 - rule Change Default Value for ADC ExternalTrigConv Goldfish serie is applicable
2021-02-14 16:50:14,844 [INFO] Rule:211 - rule Change Default Value for ADC ExternalTrigInjecConv Goldfish serie is applicable
2021-02-14 16:50:14,844 [INFO] Rule:211 - rule Change Default Value for ADC ExternalTrigConv L0 family is applicable
2021-02-14 16:50:14,844 [INFO] Rule:211 - rule Change Default Value for ADC ExternalTrigConv F0 family is applicable
2021-02-14 16:50:14,845 [INFO] Rule:211 - rule Change Default Value for ADC ExternalTrigConvn L1 family is applicable
2021-02-14 16:50:14,845 [INFO] Rule:211 - rule Change Default Value for ADC ExternalTrigInjecConv L1 family is applicable
2021-02-14 16:50:14,845 [INFO] Rule:211 - rule Change Default Value for ADC ExternalTrigConv F1 family is applicable
2021-02-14 16:50:14,845 [INFO] Rule:211 - rule Change Default Value for ADC ExternalTrigInjecConv F1 family is applicable
2021-02-14 16:50:14,845 [INFO] Rule:211 - rule Change Default Value for ADC ExternalTrigConv F7 family is applicable
2021-02-14 16:50:14,845 [INFO] Rule:211 - rule Change Default Value for ADC ExternalTrigInjecConv F7 family is applicable
2021-02-14 16:50:14,845 [INFO] Rule:211 - rule Change Default Value for ADC ExternalTrigConv F4 and F2 family is applicable
2021-02-14 16:50:14,845 [INFO] Rule:211 - rule Change Default Value for ADC ExternalTrigInjecConv F4 and F2 family is applicable
2021-02-14 16:50:14,845 [INFO] Rule:211 - rule ADC SamplingTime fix with FW L0  is applicable
2021-02-14 16:50:14,845 [INFO] Rule:211 - rule ADC SamplingTime fix with FW L0  is applicable
2021-02-14 16:50:14,846 [INFO] Rule:211 - rule ADC SamplingTime fix with FW L0 is applicable
2021-02-14 16:50:14,846 [INFO] Rule:211 - rule ADC SamplingTime fix with FW L0 is applicable
2021-02-14 16:50:14,846 [INFO] Rule:211 - rule ADC SamplingTime fix with FW L0  is applicable
2021-02-14 16:50:14,846 [INFO] Rule:211 - rule ADC SamplingTime fix with FW L0 is applicable
2021-02-14 16:50:14,846 [INFO] Rule:211 - rule Rename USB_OE Signal is applicable
2021-02-14 16:50:14,846 [INFO] Rule:211 - rule Rename Activate_OE Mode is applicable
2021-02-14 16:50:14,846 [INFO] Rule:211 - rule Rename DIE462/DIE415 pin PC14/OSC32_IN -> PC14-OSC32_IN (PC14) is applicable
2021-02-14 16:50:14,846 [INFO] Rule:211 - rule Rename DIE462/DIE415 pin PC15/OSC32_OUT -> PC15-OSC32_OUT (PC15) is applicable
2021-02-14 16:50:14,846 [INFO] Rule:211 - rule Rename DIE462/DIE415 pin PH0/OSC_IN -> PH0-OSC_IN (PH0) is applicable
2021-02-14 16:50:14,846 [INFO] Rule:211 - rule Rename DIE462/DIE415 pin PH1/OSC_OUT -> PH1-OSC_OUT (PH1) is applicable
2021-02-14 16:50:14,847 [INFO] Rule:211 - rule Rename DIE462 pin PA13 -> PA13 (JTMS/SWDIO) is applicable
2021-02-14 16:50:14,847 [INFO] Rule:211 - rule Rename DIE415 pin PA13 -> PA13 (JTMS/SWDIO) is applicable
2021-02-14 16:50:14,847 [INFO] Rule:211 - rule Rename DIE462 pin PA14 -> PA14 (JTCK/SWCLK) is applicable
2021-02-14 16:50:14,847 [INFO] Rule:211 - rule Rename DIE415 pin PA14 -> PA14 (JTCK/SWCLK) is applicable
2021-02-14 16:50:14,847 [INFO] Rule:211 - rule Rename DIE462/DIE415 pin PA15 -> PA15 (JTDI) is applicable
2021-02-14 16:50:14,847 [INFO] Rule:211 - rule Rename DIE462 pin PB3 -> PB3 (JTD0/TRACESWO) is applicable
2021-02-14 16:50:14,847 [INFO] Rule:211 - rule Rename DIE415 pin PB3 -> PB3 (JTD0-TRACESWO) is applicable
2021-02-14 16:50:14,847 [INFO] Rule:211 - rule Rename DIE462/DIE415 pin PB4 -> PB4 (NJTRST) is applicable
2021-02-14 16:50:14,847 [INFO] Rule:211 - rule Rename DIE462 pin PH3/BOOT0 -> PH3-BOOT0 (BOOT0) is applicable
2021-02-14 16:50:14,847 [INFO] Rule:211 - rule Rename CRYP DataEncryptionTypesList to Algorithm is applicable
2021-02-14 16:50:14,848 [INFO] Rule:211 - rule Rename AES DataEncryptionTypesList to Algorithm is applicable
2021-02-14 16:50:14,848 [INFO] Rule:211 - rule Rename TDESECB to CRYP_TDES_ECB is applicable
2021-02-14 16:50:14,848 [INFO] Rule:211 - rule Rename TDESCBC to CRYP_TDES_CBC is applicable
2021-02-14 16:50:14,848 [INFO] Rule:211 - rule Rename DESECB to CRYP_DES_ECB is applicable
2021-02-14 16:50:14,848 [INFO] Rule:211 - rule Rename DESCBC to CRYP_DES_CBC is applicable
2021-02-14 16:50:14,848 [INFO] Rule:211 - rule Rename AESECB to CRYP_AES_ECB is applicable
2021-02-14 16:50:14,848 [INFO] Rule:211 - rule Rename AESCBC to CRYP_AES_CBC is applicable
2021-02-14 16:50:14,848 [INFO] Rule:211 - rule Rename AESCTR to CRYP_AES_CTR is applicable
2021-02-14 16:50:14,848 [INFO] Rule:211 - rule Rename AESGCM to CRYP_AES_GCM is applicable
2021-02-14 16:50:14,848 [INFO] Rule:211 - rule Rename AESCCM to CRYP_AES_CCM is applicable
2021-02-14 16:50:14,849 [INFO] Rule:211 - rule Rename CAN TimeSeg1 to BS1 is applicable
2021-02-14 16:50:14,849 [INFO] Rule:211 - rule Rename CAN TimeSeg2 to BS2 is applicable
2021-02-14 16:50:14,849 [INFO] Rule:211 - rule Rename CAN SyncJumpWidth to SJW is applicable
2021-02-14 16:50:14,849 [INFO] Rule:211 - rule TimeTriggeredMode to TTCM is applicable
2021-02-14 16:50:14,849 [INFO] Rule:211 - rule Rename CAN AutoBusOff to ABOM is applicable
2021-02-14 16:50:14,849 [INFO] Rule:211 - rule Rename CAN AutoWakeUp to AWUM is applicable
2021-02-14 16:50:14,849 [INFO] Rule:211 - rule Rename CAN AutoRetransmission to NART is applicable
2021-02-14 16:50:14,849 [INFO] Rule:211 - rule Rename CAN ReceiveFifoLocked to RFLM is applicable
2021-02-14 16:50:14,849 [INFO] Rule:211 - rule Rename CAN TransmitFifoPriority to TXFP is applicable
2021-02-14 16:50:14,849 [INFO] Rule:211 - rule Rename HRTIMER HRTIM_OUTPUTFAULTLEVEL_HIGH in HRTIMER HRTIM_OUTPUTFAULTLEVEL_HIGHZ is applicable
2021-02-14 16:50:14,850 [INFO] Rule:211 - rule Rename TIMER TIM_CLEARINPUTSOURCE_OCREFCLR in  TIMER TIM_CLEARINPUTSOURCE_NONE for F7 family is applicable
2021-02-14 16:50:14,850 [INFO] Rule:211 - rule FDCAN_R1 - Rename FDCAN mode Master into Classic is applicable
2021-02-14 16:50:14,850 [INFO] Rule:211 - rule FDCAN_R2 - Rename FDCAN mode Slave into Classic is applicable
2021-02-14 16:50:14,850 [INFO] Rule:211 - rule FDCAN1_R3 - if PA10.Mode=FullDuplex, add Pin PA12 is applicable
2021-02-14 16:50:14,850 [INFO] Rule:211 - rule FDCAN1_R3 - if PA9.Mode=FullDuplex, add Pin PA11 is applicable
2021-02-14 16:50:14,850 [INFO] Rule:211 - rule FDCAN1_R3 - Alternatepin_1 - if PE1.Mode=FullDuplex, add Pin PB9 is applicable
2021-02-14 16:50:14,850 [INFO] Rule:211 - rule FDCAN1_R3 - Alternatepin_1 - if PE0.Mode=FullDuplex, add Pin PB8 is applicable
2021-02-14 16:50:14,850 [INFO] Rule:211 - rule FDCAN1_R3 - Alternatepin_2 - if PD5.Mode=FullDuplex, add Pin PD1 is applicable
2021-02-14 16:50:14,850 [INFO] Rule:211 - rule FDCAN1_R3 - Alternatepin_2 - if PD4.Mode=FullDuplex, add Pin PD0 is applicable
2021-02-14 16:50:14,850 [INFO] Rule:211 - rule FDCAN1_R4 - Rename Mode FullDuplex into Enable FDCAN_TXFD for pin PA10 is applicable
2021-02-14 16:50:14,850 [INFO] Rule:211 - rule FDCAN1_R4 - Rename Mode FullDuplex into Enable FDCAN_TXFD for pin PA9 is applicable
2021-02-14 16:50:14,851 [INFO] Rule:211 - rule FDCAN1_R4 - Alternatepin_1 - Rename Mode FullDuplex into Enable FDCAN_TXFD for pin PE1 is applicable
2021-02-14 16:50:14,851 [INFO] Rule:211 - rule FDCAN1_R4 - Alternatepin_1 - Rename Mode FullDuplex into Enable FDCAN_TXFD for pin PE0 is applicable
2021-02-14 16:50:14,851 [INFO] Rule:211 - rule FDCAN1_R4 - Alternatepin_2 - Rename Mode FullDuplex into Enable FDCAN_TXFD for pin PD5 is applicable
2021-02-14 16:50:14,851 [INFO] Rule:211 - rule FDCAN1_R4 - Alternatepin_2 - Rename Mode FullDuplex into Enable FDCAN_TXFD for pin PD4 is applicable
2021-02-14 16:50:14,851 [INFO] Rule:211 - rule FDCAN2_R3 - if PD10.Mode=FullDuplex, add Pin PB13 is applicable
2021-02-14 16:50:14,851 [INFO] Rule:211 - rule FDCAN2_R3 - if PD9.Mode=FullDuplex, add Pin PB12 is applicable
2021-02-14 16:50:14,851 [INFO] Rule:211 - rule FDCAN2_R3 - Alternatepin_1 - if PB7.Mode=FullDuplex, add Pin PB6 is applicable
2021-02-14 16:50:14,851 [INFO] Rule:211 - rule FDCAN2_R3 - Alternatepin_1 - if PD9.Mode=FullDuplex, add Pin PB12 is applicable
2021-02-14 16:50:14,851 [INFO] Rule:211 - rule FDCAN2_R4 - Rename Mode FullDuplex into Enable FDCAN_TXFD for pin PD10 is applicable
2021-02-14 16:50:14,851 [INFO] Rule:211 - rule FDCAN2_R4 - Rename Mode FullDuplex into Enable FDCAN_TXFD for pin PD9 is applicable
2021-02-14 16:50:14,852 [INFO] Rule:211 - rule FDCAN2_R4 - Alternatepin_1 - Rename Mode FullDuplex into Enable FDCAN_TXFD for pin PB7 is applicable
2021-02-14 16:50:14,852 [INFO] Rule:211 - rule FDCAN2_R4 - Alternatepin_1 - Rename Mode FullDuplex into Enable FDCAN_TXFD for pin PD6 is applicable
2021-02-14 16:50:14,852 [INFO] Rule:211 - rule USART TxPinLevelInvertParam Mode is applicable
2021-02-14 16:50:14,852 [INFO] Rule:211 - rule USART RxPinLevelInvertParam Mode is applicable
2021-02-14 16:50:14,852 [INFO] Rule:211 - rule USART DataInvertParam Mode is applicable
2021-02-14 16:50:14,852 [INFO] Rule:211 - rule USART SwapParam Mode is applicable
2021-02-14 16:50:14,852 [INFO] Rule:211 - rule USART OverrunDisableParam Mode is applicable
2021-02-14 16:50:14,852 [INFO] Rule:211 - rule USART DMADisableonRxErrorParam Mode is applicable
2021-02-14 16:50:14,852 [INFO] Rule:211 - rule USART MSBFirstParam Mode is applicable
2021-02-14 16:50:14,852 [INFO] Rule:211 - rule Update MwName for USB_DEVICE is applicable
2021-02-14 16:50:14,853 [INFO] Rule:211 - rule Change PWR_Regulator_Voltage_Scale Default Value for RCC  H7 family is applicable
2021-02-14 16:50:14,853 [INFO] Rule:211 - rule UART/USART IPParameter rename Prescaler parameter to ClockPrescaler is applicable
2021-02-14 16:50:14,853 [INFO] Rule:211 - rule UART/USART Prescaler rename Prescaler parameter to ClockPrescaler is applicable
2021-02-14 16:50:14,853 [INFO] Rule:211 - rule TIM1CLockSelection is applicable
2021-02-14 16:50:14,853 [INFO] Rule:211 - rule TIM15CLockSelection is applicable
2021-02-14 16:50:14,853 [INFO] Rule:211 - rule align RCC SDMMC3CLockSelection default value on MP1 is applicable
2021-02-14 16:50:14,853 [INFO] Rule:211 - rule align RCC SDMMC12CLockSelection default value on MP1 is applicable
2021-02-14 16:50:14,853 [INFO] Rule:211 - rule align RCC QSPICLockSelection default value on MP1 is applicable
2021-02-14 16:50:14,853 [INFO] Rule:211 - rule align RCC QSPICLockSelection default value on MP1 is applicable
2021-02-14 16:50:14,853 [INFO] Rule:211 - rule align RCC SPI6CLockSelection default value on MP1 is applicable
2021-02-14 16:50:14,853 [INFO] Rule:211 - rule align RCC LPTIM23CLockSelection default value on MP1 is applicable
2021-02-14 16:50:14,854 [INFO] Rule:211 - rule align RCC LPTIM1CLockSelection default value on MP1 is applicable
2021-02-14 16:50:14,854 [INFO] Rule:211 - rule align RCC USART1CLockSelection default value on MP1 is applicable
2021-02-14 16:50:14,854 [INFO] Rule:211 - rule align RCC USART24CLockSelection default value on MP1 is applicable
2021-02-14 16:50:14,854 [INFO] Rule:211 - rule align RCC USART6CLockSelection default value on MP1 is applicable
2021-02-14 16:50:14,854 [INFO] Rule:211 - rule align RCC UART78CLockSelection default value on MP1 is applicable
2021-02-14 16:50:14,854 [INFO] Rule:211 - rule align RCC USART35CLockSelection default value on MP1 is applicable
2021-02-14 16:50:14,854 [INFO] Rule:211 - rule align RCC SPI45CLockSelection default value on MP1 is applicable
2021-02-14 16:50:14,854 [INFO] Rule:211 - rule align RCC I2C46CLockSelection BCLK value on MP1 is applicable
2021-02-14 16:50:14,854 [INFO] Rule:211 - rule align RCC SPI45CLockSelection default value on MP1 is applicable
2021-02-14 16:50:14,855 [INFO] Rule:211 - rule align RCC I2C12CLockSelection default value on MP1 is applicable
2021-02-14 16:50:14,855 [INFO] Rule:211 - rule align RCC I2C35CLockSelection default value on MP1 is applicable
2021-02-14 16:50:14,855 [INFO] Rule:211 - rule align RCC LPTIM45CLockSelection default value on MP1 is applicable
2021-02-14 16:50:14,855 [INFO] Rule:211 - rule Rename DCMI PIXCK signal is applicable
2021-02-14 16:50:14,855 [INFO] Rule:211 - rule Change Default Value for I2C46CLockSelection MP1 family is applicable
2021-02-14 16:50:14,855 [INFO] Rule:211 - rule Change Default Value for UART for G4, G0 and WB families is applicable
2021-02-14 16:50:14,855 [INFO] Rule:211 - rule Change Default Value for USART for G4, G0 and WB families is applicable
2021-02-14 16:50:14,855 [INFO] Rule:211 - rule Change Default Value for USART for G4 family is applicable
2021-02-14 16:50:14,855 [INFO] Rule:211 - rule Change USART1CLockSelection refparam name for MP1 is applicable
2021-02-14 16:50:14,856 [INFO] Rule:211 - rule Change USART2CLockSelection refparam name for MP1 is applicable
2021-02-14 16:50:14,856 [INFO] Rule:211 - rule Change USART3CLockSelection refparam name for MP1 is applicable
2021-02-14 16:50:14,856 [INFO] Rule:211 - rule Change UART4CLockSelection refparam name for MP1 is applicable
2021-02-14 16:50:14,856 [INFO] Rule:211 - rule Change UART5CLockSelection refparam name for MP1 is applicable
2021-02-14 16:50:14,856 [INFO] Rule:211 - rule Change LPUART1CLockSelection refparam name for MP1 is applicable
2021-02-14 16:50:14,856 [INFO] Rule:211 - rule Change LPTIM1CLockSelection refparam name for MP1 is applicable
2021-02-14 16:50:14,856 [INFO] Rule:211 - rule Change LPTIM2CLockSelection refparam name for MP1 is applicable
2021-02-14 16:50:14,856 [INFO] Rule:211 - rule Change RCC_MCO1Source refparam name for MP1 is applicable
2021-02-14 16:50:14,856 [INFO] Rule:211 - rule Change LSCOSource1 refparam name for MP1 is applicable
2021-02-14 16:50:14,856 [INFO] Rule:211 - rule Change SMPSCLockSelection refparam name for MP1 is applicable
2021-02-14 16:50:14,856 [INFO] Rule:211 - rule Change LPTIM3CLockSelection refparam name for MP1 is applicable
2021-02-14 16:50:14,857 [INFO] Rule:211 - rule Change MPCBB* Default Template Mode to Parameters is applicable
2021-02-14 16:50:14,857 [INFO] Rule:211 - rule Change MPCWM* or MPCBB* Secure Mode to Parameters is applicable
2021-02-14 16:50:14,857 [INFO] Rule:211 - rule Change MPCWM* or MPCBB* No Secure Mode to Parameters is applicable
2021-02-14 16:50:14,857 [INFO] Rule:211 - rule Change TZSC IP Secure Mode to Parameters is applicable
2021-02-14 16:50:14,857 [INFO] Rule:211 - rule Change TZSC IP No Secure Mode to Parameters is applicable
2021-02-14 16:50:14,857 [INFO] Rule:211 - rule Change TZSC IP Privilege Mode to Parameters is applicable
2021-02-14 16:50:14,857 [INFO] Rule:211 - rule Change TZSC IP No Privilege Mode to Parameters is applicable
2021-02-14 16:50:14,857 [INFO] Rule:211 - rule Change TZIC IT Secure Mode to Parameters is applicable
2021-02-14 16:50:14,857 [INFO] Rule:211 - rule Change TZIC IT No Secure Mode to Parameters is applicable
2021-02-14 16:50:14,857 [INFO] Rule:211 - rule Add MPCBB1_NonSecureArea_Start_Address value with referenced to MPCBB1_NonSecureArea_Start value is applicable
2021-02-14 16:50:14,858 [INFO] Rule:211 - rule Add MPCBB2_NonSecureArea_Start_Address value with referenced to MPCBB2_NonSecureArea_Start value is applicable
2021-02-14 16:50:14,858 [INFO] Rule:211 - rule Add MPCWM1_NonSecureArea*_Start_Address value with referenced to MPCWM1_NonSecureArea*_Start value is applicable
2021-02-14 16:50:14,858 [INFO] Rule:211 - rule Add MPCWM2_NonSecureArea*_Start_Address value with referenced to MPCWM2_NonSecureArea*_Start value is applicable
2021-02-14 16:50:14,858 [INFO] Rule:211 - rule Add MPCWM3_NonSecureArea_Start_Address value with referenced to MPCWM3_NonSecureArea_Start value is applicable
2021-02-14 16:50:14,858 [INFO] Rule:211 - rule Change Default Value for PLL1UserDefinedConfig is applicable
2021-02-14 16:50:14,858 [INFO] Rule:211 - rule Change GPIO_PuPd Default Value for USART in async mode is applicable
2021-02-14 16:50:14,858 [INFO] Rule:211 - rule Change SMPSDivider Default Value is applicable
2021-02-14 16:50:14,858 [INFO] Rule:211 - rule OPAMP is applicable
2021-02-14 16:50:14,870 [INFO] DbConfProperties:294 - Apply Compatibility (46/174 Rules)
2021-02-14 16:50:14,883 [INFO] ImportTextPane:162 - (OptionalMessage_ERROR) Unable to find key (Mcu.ThirdPartyNb) in loaded IOC file
2021-02-14 16:50:14,969 [WARN] ApiManager:274 - Cannot register API 'Board Extension:S2868A1' from pack STMicroelectronics.X-CUBE-SUBG2.3.0.1: no header file found
2021-02-14 16:50:14,969 [WARN] ApiManager:274 - Cannot register API 'Board Extension:S2868A2' from pack STMicroelectronics.X-CUBE-SUBG2.3.0.1: no header file found
2021-02-14 16:50:14,969 [WARN] ApiManager:274 - Cannot register API 'Board Extension:S2915A1' from pack STMicroelectronics.X-CUBE-SUBG2.3.0.1: no header file found
2021-02-14 16:50:14,973 [WARN] ApiManager:274 - Cannot register API 'Board Extension:S2868A1' from pack STMicroelectronics.X-CUBE-SUBG2.3.0.0: no header file found
2021-02-14 16:50:14,973 [WARN] ApiManager:274 - Cannot register API 'Board Extension:S2868A2' from pack STMicroelectronics.X-CUBE-SUBG2.3.0.0: no header file found
2021-02-14 16:50:14,973 [WARN] ApiManager:274 - Cannot register API 'Board Extension:S2915A1' from pack STMicroelectronics.X-CUBE-SUBG2.3.0.0: no header file found
2021-02-14 16:50:14,974 [WARN] ApiManager:274 - Cannot register API 'Board Extension:S2868A1' from pack STMicroelectronics.X-CUBE-SFXS2LP1.2.0.0: no header file found
2021-02-14 16:50:14,974 [WARN] ApiManager:274 - Cannot register API 'Board Extension:S2868A2' from pack STMicroelectronics.X-CUBE-SFXS2LP1.2.0.0: no header file found
2021-02-14 16:50:14,974 [WARN] ApiManager:274 - Cannot register API 'Board Extension:S2915A1' from pack STMicroelectronics.X-CUBE-SFXS2LP1.2.0.0: no header file found
2021-02-14 16:50:15,004 [WARN] ApiManager:274 - Cannot register API 'Board Extension:IKS01A3' from pack STMicroelectronics.X-CUBE-MEMS1.8.1.1: no header file found
2021-02-14 16:50:15,005 [WARN] ApiManager:274 - Cannot register API 'Board Extension:IKS01A2' from pack STMicroelectronics.X-CUBE-MEMS1.8.1.1: no header file found
2021-02-14 16:50:15,005 [WARN] ApiManager:274 - Cannot register API 'Board Extension:IKS02A1' from pack STMicroelectronics.X-CUBE-MEMS1.8.1.1: no header file found
2021-02-14 16:50:15,042 [WARN] ApiManager:274 - Cannot register API 'Board Extension:IKS01A3' from pack STMicroelectronics.X-CUBE-MEMS1.8.2.0: no header file found
2021-02-14 16:50:15,043 [WARN] ApiManager:274 - Cannot register API 'Board Extension:IKS01A2' from pack STMicroelectronics.X-CUBE-MEMS1.8.2.0: no header file found
2021-02-14 16:50:15,043 [WARN] ApiManager:274 - Cannot register API 'Board Extension:IKS02A1' from pack STMicroelectronics.X-CUBE-MEMS1.8.2.0: no header file found
2021-02-14 16:50:15,043 [WARN] ApiManager:274 - Cannot register API 'Board Extension:EEPRMA1' from pack STMicroelectronics.X-CUBE-EEPRMA1.3.0.0: no header file found
2021-02-14 16:50:15,043 [WARN] ApiManager:274 - Cannot register API 'Board Extension:EEPRMA2' from pack STMicroelectronics.X-CUBE-EEPRMA1.3.0.0: no header file found
2021-02-14 16:50:15,044 [INFO] DependencyParser:915 - This component is not compatible with the current MCU : [1602610232470]
2021-02-14 16:50:15,044 [INFO] ThirdPartyModel:556 - Component with status : MCU_INCOMPATIBLE for condition : GFX01M1_Condition id : 1602610232455
2021-02-14 16:50:15,044 [INFO] DependencyParser:915 - This component is not compatible with the current MCU : [1602610232470]
2021-02-14 16:50:15,044 [INFO] ThirdPartyModel:556 - Component with status : MCU_INCOMPATIBLE for condition : GFX01M1_HelloWorld_Condition id : 1602610232457
2021-02-14 16:50:15,045 [INFO] RtosManager:456 - Registered RTOS mode: class=CMSIS, group=RTOS, mode=CMSIS_V1, owner=FREERTOS
2021-02-14 16:50:15,045 [INFO] RtosManager:456 - Registered RTOS mode: class=CMSIS, group=RTOS2, mode=CMSIS_V2, owner=FREERTOS
2021-02-14 16:50:15,045 [INFO] RtosManager:456 - Registered RTOS mode: class=RTOS, group=Core, mode=CMSIS_V1, owner=FREERTOS
2021-02-14 16:50:15,045 [INFO] RtosManager:456 - Registered RTOS mode: class=RTOS, group=Core, mode=CMSIS_V2, owner=FREERTOS
2021-02-14 16:50:15,046 [WARN] ModelIntegratedComponent:188 - Missing modes for component 1602610253842
2021-02-14 16:50:15,046 [WARN] ApiManager:274 - Cannot register API 'Board Extension:GNSS1A1' from pack STMicroelectronics.X-CUBE-GNSS1.5.0.0: no header file found
2021-02-14 16:50:15,047 [WARN] ApiManager:274 - Cannot register API 'Board Support:Custom' from pack STMicroelectronics.X-CUBE-GNSS1.5.0.0: no header file found
2021-02-14 16:50:15,047 [WARN] ApiManager:274 - Cannot register API 'Data Exchange:lib_gnss' from pack STMicroelectronics.X-CUBE-GNSS1.5.0.0: no header file found
2021-02-14 16:50:15,047 [WARN] ApiManager:274 - Cannot register API 'Board Extension:GNSS1A1' from pack STMicroelectronics.X-CUBE-GNSS1.5.1.0: no header file found
2021-02-14 16:50:15,047 [WARN] ApiManager:274 - Cannot register API 'Board Support:Custom' from pack STMicroelectronics.X-CUBE-GNSS1.5.1.0: no header file found
2021-02-14 16:50:15,047 [WARN] ApiManager:274 - Cannot register API 'Data Exchange:lib_gnss' from pack STMicroelectronics.X-CUBE-GNSS1.5.1.0: no header file found
2021-02-14 16:50:15,048 [WARN] ApiManager:274 - Cannot register API 'Board Extension:S2868A1' from pack STMicroelectronics.X-CUBE-SUBG2.2.0.0: no header file found
2021-02-14 16:50:15,048 [WARN] ApiManager:274 - Cannot register API 'Board Extension:S2868A2' from pack STMicroelectronics.X-CUBE-SUBG2.2.0.0: no header file found
2021-02-14 16:50:15,048 [WARN] ApiManager:274 - Cannot register API 'Board Extension:S2915A1' from pack STMicroelectronics.X-CUBE-SUBG2.2.0.0: no header file found
2021-02-14 16:50:15,048 [WARN] ApiManager:274 - Cannot register API 'Wireless:BlueNRG-MS' from pack STMicroelectronics.X-CUBE-BLE1.6.0.0: no header file found
2021-02-14 16:50:15,049 [WARN] ApiManager:274 - Cannot register API 'Wireless:BlueNRG-MS' from pack STMicroelectronics.X-CUBE-BLE1.6.1.0: no header file found
2021-02-14 16:50:15,050 [WARN] ApiManager:274 - Cannot register API 'Board Extension:NFC04A1' from pack STMicroelectronics.X-CUBE-NFC4.2.0.1: no header file found
2021-02-14 16:50:15,050 [WARN] ApiManager:274 - Cannot register API 'Wireless:BlueNRG-2' from pack STMicroelectronics.X-CUBE-BLE2.3.0.0: no header file found
2021-02-14 16:50:15,051 [WARN] ApiManager:274 - Cannot register API 'Wireless:BlueNRG-2' from pack STMicroelectronics.X-CUBE-BLE2.3.1.0: no header file found
2021-02-14 16:50:15,360 [INFO] ImportTextPane:162 - (OptionalMessage_ERROR) IP (RCC) : Invalid parameter (FamilyName)
2021-02-14 16:50:15,362 [INFO] ImportTextPane:162 - (OptionalMessage_ERROR) IP (RCC) : Parameter (RNGFreq_Value) has invalid value (64000000)
2021-02-14 16:50:15,362 [INFO] ImportTextPane:162 - (OptionalMessage_ERROR) IP (RCC) : Parameter (SDMMCFreq_Value) has invalid value (64000000)
2021-02-14 16:50:15,363 [INFO] ImportTextPane:162 - (OptionalMessage_ERROR) IP (RCC) : Parameter (USBFreq_Value) has invalid value (64000000)
2021-02-14 16:50:15,765 [INFO] UtilMem:74 - End LoadConfig() Used Memory: 596380944 Bytes (795869184)
2021-02-14 16:50:15,768 [WARN] ThirdParty:741 - waiting for thirdparty lock release [change project]
2021-02-14 16:50:15,768 [INFO] ThirdParty:743 - entering critical section [change project]
2021-02-14 16:50:15,768 [INFO] ThirdParty:968 - CMSIS Pack Vendor :STMicroelectronics USB_HOST 2.0.0
2021-02-14 16:50:15,768 [INFO] ThirdParty:968 - CMSIS Pack Vendor :STMicroelectronics X-CUBE-SUBG2 3.0.1
2021-02-14 16:50:15,768 [INFO] ThirdParty:968 - CMSIS Pack Vendor :STMicroelectronics X-CUBE-SUBG2 3.0.0
2021-02-14 16:50:15,768 [INFO] ThirdParty:968 - CMSIS Pack Vendor :STMicroelectronics USB_DEVICE 3.0.0
2021-02-14 16:50:15,768 [INFO] ThirdParty:968 - CMSIS Pack Vendor :STMicroelectronics MBEDTLS 2.16.2
2021-02-14 16:50:15,768 [INFO] ThirdParty:968 - CMSIS Pack Vendor :STMicroelectronics X-CUBE-SFXS2LP1 2.0.0
2021-02-14 16:50:15,768 [INFO] ThirdParty:968 - CMSIS Pack Vendor :STMicroelectronics MBEDTLS 2.14.1
2021-02-14 16:50:15,768 [INFO] ThirdParty:968 - CMSIS Pack Vendor :STMicroelectronics USB_DEVICE 2.0.0
2021-02-14 16:50:15,768 [INFO] ThirdParty:968 - CMSIS Pack Vendor :STMicroelectronics X-CUBE-MEMS1 8.1.1
2021-02-14 16:50:15,769 [INFO] ThirdParty:968 - CMSIS Pack Vendor :STMicroelectronics X-CUBE-MEMS1 8.2.0
2021-02-14 16:50:15,769 [INFO] ThirdParty:968 - CMSIS Pack Vendor :STMicroelectronics X-CUBE-EEPRMA1 3.0.0
2021-02-14 16:50:15,769 [INFO] ThirdParty:968 - CMSIS Pack Vendor :STMicroelectronics X-CUBE-DISPLAY 1.0.0
2021-02-14 16:50:15,769 [INFO] ThirdParty:968 - CMSIS Pack Vendor :STMicroelectronics FreeRTOS 0.0.1
2021-02-14 16:50:15,769 [INFO] ThirdParty:968 - CMSIS Pack Vendor :STMicroelectronics USB_DEVICE 1.0.0
2021-02-14 16:50:15,769 [INFO] ThirdParty:968 - CMSIS Pack Vendor :STMicroelectronics X-CUBE-ALGOBUILD 1.1.0
2021-02-14 16:50:15,769 [INFO] ThirdParty:968 - CMSIS Pack Vendor :STMicroelectronics X-CUBE-GNSS1 5.0.0
2021-02-14 16:50:15,769 [INFO] ThirdParty:968 - CMSIS Pack Vendor :STMicroelectronics X-CUBE-GNSS1 5.1.0
2021-02-14 16:50:15,769 [INFO] ThirdParty:968 - CMSIS Pack Vendor :STMicroelectronics X-CUBE-SUBG2 2.0.0
2021-02-14 16:50:15,769 [INFO] ThirdParty:968 - CMSIS Pack Vendor :STMicroelectronics X-CUBE-BLE1 6.0.0
2021-02-14 16:50:15,769 [INFO] ThirdParty:968 - CMSIS Pack Vendor :STMicroelectronics X-CUBE-BLE1 6.1.0
2021-02-14 16:50:15,769 [INFO] ThirdParty:968 - CMSIS Pack Vendor :STMicroelectronics lwIP 2.0.3
2021-02-14 16:50:15,769 [INFO] ThirdParty:968 - CMSIS Pack Vendor :STMicroelectronics lwIP 2.1.2
2021-02-14 16:50:15,769 [INFO] ThirdParty:968 - CMSIS Pack Vendor :STMicroelectronics X-CUBE-TOUCHGFX 4.15.0
2021-02-14 16:50:15,769 [INFO] ThirdParty:968 - CMSIS Pack Vendor :STMicroelectronics USB_HOST 1.0.0
2021-02-14 16:50:15,769 [INFO] ThirdParty:968 - CMSIS Pack Vendor :STMicroelectronics X-CUBE-AI 5.2.0
2021-02-14 16:50:15,770 [INFO] ThirdParty:968 - CMSIS Pack Vendor :STMicroelectronics X-CUBE-NFC4 2.0.1
2021-02-14 16:50:15,770 [INFO] ThirdParty:968 - CMSIS Pack Vendor :STMicroelectronics X-CUBE-BLE2 3.0.0
2021-02-14 16:50:15,770 [INFO] ThirdParty:968 - CMSIS Pack Vendor :STMicroelectronics X-CUBE-NFC4 2.0.0
2021-02-14 16:50:15,770 [INFO] ThirdParty:968 - CMSIS Pack Vendor :STMicroelectronics PDM2PCM 3.1.0
2021-02-14 16:50:15,770 [INFO] ThirdParty:968 - CMSIS Pack Vendor :STMicroelectronics X-CUBE-TOUCHGFX 4.16.0
2021-02-14 16:50:15,770 [INFO] ThirdParty:968 - CMSIS Pack Vendor :STMicroelectronics PDM2PCM 3.2.0
2021-02-14 16:50:15,770 [INFO] ThirdParty:968 - CMSIS Pack Vendor :STMicroelectronics X-CUBE-BLE2 3.1.0
2021-02-14 16:50:15,770 [INFO] ThirdParty:968 - CMSIS Pack Vendor :STMicroelectronics PDM2PCM 3.3.0
2021-02-14 16:50:15,770 [INFO] ThirdParty:749 - exiting critical section [change project]
2021-02-14 16:50:16,098 [INFO] PinOutPanel:1418 - setPackage(No Configuration,No Configuration)
2021-02-14 16:50:16,100 [INFO] PinOutPanel:1418 - setPackage(STM32L476RGTx,LQFP64)
2021-02-14 16:50:16,862 [INFO] UtilMem:74 - Before build in PCC Used Memory: 513412640 Bytes (795869184)
2021-02-14 16:50:17,250 [INFO] SharedServices:71 - Folder for power plug-in: C:/Users/evers/.stm32cubemx/plugins/power
2021-02-14 16:50:17,301 [INFO] SharedServices:71 - Folder for power plug-in: C:/Users/evers/.stm32cubemx/plugins/power
2021-02-14 16:50:17,370 [INFO] SharedServices:71 - Folder for power plug-in: C:/Users/evers/.stm32cubemx/plugins/power
2021-02-14 16:50:17,387 [INFO] SharedServices:71 - Folder for power plug-in: C:/Users/evers/.stm32cubemx/plugins/power
2021-02-14 16:50:17,610 [INFO] UtilMem:74 - After build in PCC Used Memory: 604116504 Bytes (795869184)
2021-02-14 16:50:17,638 [INFO] IPUIPlugin:64 - create IPUIPlugin
2021-02-14 16:50:17,639 [INFO] IPUIPlugin:64 - create IPUIPlugin
2021-02-14 16:50:17,639 [INFO] IPUIPlugin:64 - create IPUIPlugin
2021-02-14 16:50:17,639 [INFO] IPUIPlugin:64 - create IPUIPlugin
2021-02-14 16:50:17,639 [INFO] IPUIPlugin:64 - create IPUIPlugin
2021-02-14 16:50:17,639 [INFO] IPUIPlugin:64 - create IPUIPlugin
2021-02-14 16:50:17,640 [INFO] IPUIPlugin:64 - create IPUIPlugin
2021-02-14 16:50:17,640 [INFO] IPUIPlugin:64 - create IPUIPlugin
2021-02-14 16:50:17,640 [INFO] IPUIPlugin:64 - create IPUIPlugin
2021-02-14 16:50:17,640 [INFO] IPUIPlugin:64 - create IPUIPlugin
2021-02-14 16:50:17,641 [INFO] IPUIPlugin:64 - create IPUIPlugin
2021-02-14 16:50:17,641 [INFO] IPUIPlugin:64 - create IPUIPlugin
2021-02-14 16:50:17,641 [INFO] IPUIPlugin:64 - create IPUIPlugin
2021-02-14 16:50:17,641 [INFO] IPUIPlugin:64 - create IPUIPlugin
2021-02-14 16:50:17,641 [INFO] IPUIPlugin:64 - create IPUIPlugin
2021-02-14 16:50:17,641 [INFO] IPUIPlugin:64 - create IPUIPlugin
2021-02-14 16:50:17,642 [INFO] IPUIPlugin:64 - create IPUIPlugin
2021-02-14 16:50:17,642 [INFO] IPUIPlugin:64 - create IPUIPlugin
2021-02-14 16:50:17,642 [INFO] IPUIPlugin:64 - create IPUIPlugin
2021-02-14 16:50:17,642 [INFO] IPUIPlugin:64 - create IPUIPlugin
2021-02-14 16:50:17,643 [INFO] IPUIPlugin:64 - create IPUIPlugin
2021-02-14 16:50:17,643 [INFO] IPUIPlugin:64 - create IPUIPlugin
2021-02-14 16:50:17,643 [INFO] IPUIPlugin:64 - create IPUIPlugin
2021-02-14 16:50:17,643 [INFO] IPUIPlugin:64 - create IPUIPlugin
2021-02-14 16:50:17,644 [INFO] IPUIPlugin:64 - create IPUIPlugin
2021-02-14 16:50:17,644 [INFO] IPUIPlugin:64 - create IPUIPlugin
2021-02-14 16:50:17,644 [INFO] IPUIPlugin:64 - create IPUIPlugin
2021-02-14 16:50:17,644 [INFO] IPUIPlugin:64 - create IPUIPlugin
2021-02-14 16:50:17,644 [INFO] IPUIPlugin:64 - create IPUIPlugin
2021-02-14 16:50:17,645 [INFO] IPUIPlugin:64 - create IPUIPlugin
2021-02-14 16:50:17,645 [INFO] IPUIPlugin:64 - create IPUIPlugin
2021-02-14 16:50:17,645 [INFO] IPUIPlugin:64 - create IPUIPlugin
2021-02-14 16:50:17,645 [INFO] IPUIPlugin:64 - create IPUIPlugin
2021-02-14 16:50:17,645 [INFO] IPUIPlugin:64 - create IPUIPlugin
2021-02-14 16:50:17,646 [INFO] IPUIPlugin:64 - create IPUIPlugin
2021-02-14 16:50:17,646 [INFO] IPUIPlugin:64 - create IPUIPlugin
2021-02-14 16:50:17,646 [INFO] IPUIPlugin:64 - create IPUIPlugin
2021-02-14 16:50:17,646 [INFO] IPUIPlugin:64 - create IPUIPlugin
2021-02-14 16:50:17,646 [INFO] IPUIPlugin:64 - create IPUIPlugin
2021-02-14 16:50:17,646 [INFO] IPUIPlugin:64 - create IPUIPlugin
2021-02-14 16:50:17,646 [INFO] IPUIPlugin:64 - create IPUIPlugin
2021-02-14 16:50:17,646 [INFO] IPUIPlugin:64 - create IPUIPlugin
2021-02-14 16:50:17,647 [INFO] IPUIPlugin:64 - create IPUIPlugin
2021-02-14 16:50:17,647 [INFO] IPUIPlugin:64 - create IPUIPlugin
2021-02-14 16:50:17,647 [INFO] IPUIPlugin:64 - create IPUIPlugin
2021-02-14 16:50:17,647 [INFO] IPUIPlugin:64 - create IPUIPlugin
2021-02-14 16:50:17,647 [INFO] IPUIPlugin:64 - create IPUIPlugin
2021-02-14 16:50:17,647 [INFO] IPUIPlugin:64 - create IPUIPlugin
2021-02-14 16:50:17,647 [INFO] IPUIPlugin:64 - create IPUIPlugin
2021-02-14 16:50:17,647 [INFO] IPUIPlugin:64 - create IPUIPlugin
2021-02-14 16:50:17,648 [INFO] IPUIPlugin:64 - create IPUIPlugin
2021-02-14 16:50:17,648 [INFO] IPUIPlugin:64 - create IPUIPlugin
2021-02-14 16:50:17,648 [INFO] IPUIPlugin:64 - create IPUIPlugin
2021-02-14 16:50:17,648 [INFO] IPUIPlugin:64 - create IPUIPlugin
2021-02-14 16:50:17,648 [INFO] IPUIPlugin:64 - create IPUIPlugin
2021-02-14 16:50:17,648 [INFO] IPUIPlugin:64 - create IPUIPlugin
2021-02-14 16:50:17,649 [INFO] IPUIPlugin:64 - create IPUIPlugin
2021-02-14 16:50:17,649 [INFO] IPUIPlugin:64 - create IPUIPlugin
2021-02-14 16:50:17,649 [INFO] IPUIPlugin:64 - create IPUIPlugin
2021-02-14 16:50:17,695 [INFO] LogOutputStream:76 - [STDOUT_REDIRECT] toolchainItems.length=====1
2021-02-14 16:50:17,861 [INFO] OpenFileManager:294 - Restore cursor
2021-02-14 16:50:18,095 [INFO] UtilMem:74 - End SaveConfig() Used Memory: 685220304 Bytes (795869184)
2021-02-14 16:50:18,180 [INFO] UtilMem:74 - End SaveConfig() Used Memory: 694983448 Bytes (795869184)
2021-02-14 16:50:18,756 [INFO] BlockDiagram:2729 - set Specific Code input for plugin: SYS
2021-02-14 16:50:18,756 [INFO] BlockDiagram:2729 - set Specific Code input for plugin: RCC
2021-02-14 16:50:18,756 [INFO] BlockDiagram:2729 - set Specific Code input for plugin: NVIC
2021-02-14 16:50:18,756 [INFO] BlockDiagram:2729 - set Specific Code input for plugin: USART
2021-02-14 16:50:18,757 [INFO] BlockDiagram:2729 - set Specific Code input for plugin: GPIO
2021-02-14 16:50:18,759 [INFO] CodeGenerator:622 - code generatio: config db path: C:\ST\STM32CubeIDE_1.4.0\STM32CubeIDE\plugins\com.st.stm32cube.common.mx_6.0.1.202008101643\\db\
2021-02-14 16:50:19,203 [INFO] CodeEngine:188 - oldGeneratedFile, C:\Users\evers\Documents\IMAGINE-IOT\Imagine-IoT\Imagine-IoT\9 Nucleo boards\NUCLEO-L476RG\2b Alt_Flash_LEDs (STM32CubeIDE)\AlternateLEDs\MXTmpFiles\license.tmp_save
2021-02-14 16:50:19,648 [INFO] CodeEngine:206 - Generated code: C:\Users\evers\Documents\IMAGINE-IOT\Imagine-IoT\Imagine-IoT\9 Nucleo boards\NUCLEO-L476RG\2b Alt_Flash_LEDs (STM32CubeIDE)\AlternateLEDs\MXTmpFiles\license.tmp
2021-02-14 16:50:19,771 [INFO] CodeEngine:188 - oldGeneratedFile, C:\Users\evers\Documents\IMAGINE-IOT\Imagine-IoT\Imagine-IoT\9 Nucleo boards\NUCLEO-L476RG\2b Alt_Flash_LEDs (STM32CubeIDE)\AlternateLEDs\MXTmpFiles\gpio.tmp_save
2021-02-14 16:50:19,866 [INFO] CodeEngine:206 - Generated code: C:\Users\evers\Documents\IMAGINE-IOT\Imagine-IoT\Imagine-IoT\9 Nucleo boards\NUCLEO-L476RG\2b Alt_Flash_LEDs (STM32CubeIDE)\AlternateLEDs\MXTmpFiles\gpio.tmp
2021-02-14 16:50:19,994 [INFO] LogOutputStream:76 - [STDOUT_REDIRECT] Command line
2021-02-14 16:50:20,007 [INFO] CodeEngine:188 - oldGeneratedFile, C:\Users\evers\Documents\IMAGINE-IOT\Imagine-IoT\Imagine-IoT\9 Nucleo boards\NUCLEO-L476RG\2b Alt_Flash_LEDs (STM32CubeIDE)\AlternateLEDs\Core\Src\stm32l4xx_it.c_save
2021-02-14 16:50:20,112 [INFO] CodeEngine:206 - Generated code: C:\Users\evers\Documents\IMAGINE-IOT\Imagine-IoT\Imagine-IoT\9 Nucleo boards\NUCLEO-L476RG\2b Alt_Flash_LEDs (STM32CubeIDE)\AlternateLEDs\Core\Src\stm32l4xx_it.c
2021-02-14 16:50:20,120 [INFO] CodeEngine:188 - oldGeneratedFile, C:\Users\evers\Documents\IMAGINE-IOT\Imagine-IoT\Imagine-IoT\9 Nucleo boards\NUCLEO-L476RG\2b Alt_Flash_LEDs (STM32CubeIDE)\AlternateLEDs\Core\Inc\stm32l4xx_it.h_save
2021-02-14 16:50:20,208 [INFO] CodeEngine:206 - Generated code: C:\Users\evers\Documents\IMAGINE-IOT\Imagine-IoT\Imagine-IoT\9 Nucleo boards\NUCLEO-L476RG\2b Alt_Flash_LEDs (STM32CubeIDE)\AlternateLEDs\Core\Inc\stm32l4xx_it.h
2021-02-14 16:50:20,222 [INFO] CodeEngine:188 - oldGeneratedFile, C:\Users\evers\Documents\IMAGINE-IOT\Imagine-IoT\Imagine-IoT\9 Nucleo boards\NUCLEO-L476RG\2b Alt_Flash_LEDs (STM32CubeIDE)\AlternateLEDs\Core\Src\stm32l4xx_hal_msp.c_save
2021-02-14 16:50:20,341 [INFO] CodeEngine:206 - Generated code: C:\Users\evers\Documents\IMAGINE-IOT\Imagine-IoT\Imagine-IoT\9 Nucleo boards\NUCLEO-L476RG\2b Alt_Flash_LEDs (STM32CubeIDE)\AlternateLEDs\Core\Src\stm32l4xx_hal_msp.c
2021-02-14 16:50:20,349 [INFO] CodeEngine:188 - oldGeneratedFile, C:\Users\evers\Documents\IMAGINE-IOT\Imagine-IoT\Imagine-IoT\9 Nucleo boards\NUCLEO-L476RG\2b Alt_Flash_LEDs (STM32CubeIDE)\AlternateLEDs\MXTmpFiles\system.tmp_save
2021-02-14 16:50:20,510 [INFO] CodeEngine:206 - Generated code: C:\Users\evers\Documents\IMAGINE-IOT\Imagine-IoT\Imagine-IoT\9 Nucleo boards\NUCLEO-L476RG\2b Alt_Flash_LEDs (STM32CubeIDE)\AlternateLEDs\MXTmpFiles\system.tmp
2021-02-14 16:50:20,518 [INFO] CodeEngine:188 - oldGeneratedFile, C:\Users\evers\Documents\IMAGINE-IOT\Imagine-IoT\Imagine-IoT\9 Nucleo boards\NUCLEO-L476RG\2b Alt_Flash_LEDs (STM32CubeIDE)\AlternateLEDs\Core\Inc\stm32l4xx_hal_conf.h_save
2021-02-14 16:50:20,672 [INFO] CodeEngine:206 - Generated code: C:\Users\evers\Documents\IMAGINE-IOT\Imagine-IoT\Imagine-IoT\9 Nucleo boards\NUCLEO-L476RG\2b Alt_Flash_LEDs (STM32CubeIDE)\AlternateLEDs\Core\Inc\stm32l4xx_hal_conf.h
2021-02-14 16:50:20,711 [WARN] IPConfigManager:2884 - IP not found : gpio
2021-02-14 16:50:20,712 [WARN] CodeGenerator:2866 - IP not found : gpio
2021-02-14 16:50:20,719 [INFO] CodeEngine:188 - oldGeneratedFile, C:\Users\evers\Documents\IMAGINE-IOT\Imagine-IoT\Imagine-IoT\9 Nucleo boards\NUCLEO-L476RG\2b Alt_Flash_LEDs (STM32CubeIDE)\AlternateLEDs\Core\Inc\main.h_save
2021-02-14 16:50:20,804 [INFO] CodeEngine:206 - Generated code: C:\Users\evers\Documents\IMAGINE-IOT\Imagine-IoT\Imagine-IoT\9 Nucleo boards\NUCLEO-L476RG\2b Alt_Flash_LEDs (STM32CubeIDE)\AlternateLEDs\Core\Inc\main.h
2021-02-14 16:50:20,811 [INFO] CodeEngine:188 - oldGeneratedFile, C:\Users\evers\Documents\IMAGINE-IOT\Imagine-IoT\Imagine-IoT\9 Nucleo boards\NUCLEO-L476RG\2b Alt_Flash_LEDs (STM32CubeIDE)\AlternateLEDs\Core\Src\main.c_save
2021-02-14 16:50:20,945 [INFO] CodeEngine:206 - Generated code: C:\Users\evers\Documents\IMAGINE-IOT\Imagine-IoT\Imagine-IoT\9 Nucleo boards\NUCLEO-L476RG\2b Alt_Flash_LEDs (STM32CubeIDE)\AlternateLEDs\Core\Src\main.c
2021-02-14 16:50:21,775 [INFO] ProjectBuilder:2168 - Time for Copy HAL[1] : 143mS.
2021-02-14 16:50:21,782 [INFO] ProjectBuilder:2988 - Project Generator version: 3.10.0-B14
2021-02-14 16:50:22,445 [INFO] ConfigFileManager:1183 - The Die is : DIE415
2021-02-14 16:50:22,464 [INFO] ApiDbMcu:456 - Load IP Config File for FATFS
2021-02-14 16:50:22,469 [INFO] ApiDbMcu:456 - Load IP Config File for FREERTOS
2021-02-14 16:50:22,485 [INFO] ApiDbMcu:456 - Load IP Config File for TOUCHSENSING
2021-02-14 16:50:22,494 [INFO] ApiDbMcu:456 - Load IP Config File for USB_DEVICE
2021-02-14 16:50:22,501 [INFO] ApiDbMcu:456 - Load IP Config File for USB_HOST
2021-02-14 16:50:27,346 [ERROR] root:96 - SUCCESS
2021-02-14 16:50:27,386 [INFO] ProjectBuilder:3155 - Time for Generating toolchain IDE Files: 5604mS.
2021-02-14 16:50:27,388 [INFO] ProjectBuilder:2044 - Time for Copy CMSIS : 1mS.
2021-02-14 16:50:27,395 [INFO] ProjectBuilder:2044 - Time for Copy CMSIS : 1mS.
2021-02-14 16:50:27,908 [INFO] ApiDb:226 - Save user favorites file C:\Users\evers/.stm32cubeide/favorites.mcus.txt: 0 item(s)
2021-02-14 16:50:27,909 [INFO] ApiDb:230 - User favorites MCUs=[]
2021-02-14 16:50:27,915 [INFO] ApiDb:226 - Save user favorites file C:\Users\evers/.stm32cubeide/favorites.boards.txt: 1 item(s)
2021-02-14 16:50:27,916 [INFO] ApiDb:230 - User favorites Boards=[NUCLEO-L476RG]
2021-02-14 16:55:09,730 [INFO] UtilMem:74 - End SaveConfig() Used Memory: 489617664 Bytes (1017118720)
2021-02-14 16:55:12,774 [INFO] UtilMem:74 - End SaveConfig() Used Memory: 503287696 Bytes (1017118720)
2021-02-14 16:55:15,801 [INFO] UtilMem:74 - End SaveConfig() Used Memory: 675292600 Bytes (1017118720)
2021-02-14 16:55:16,106 [INFO] BlockDiagram:2729 - set Specific Code input for plugin: SYS
2021-02-14 16:55:16,106 [INFO] BlockDiagram:2729 - set Specific Code input for plugin: RCC
2021-02-14 16:55:16,107 [INFO] BlockDiagram:2729 - set Specific Code input for plugin: NVIC
2021-02-14 16:55:16,107 [INFO] BlockDiagram:2729 - set Specific Code input for plugin: USART
2021-02-14 16:55:16,107 [INFO] BlockDiagram:2729 - set Specific Code input for plugin: GPIO
2021-02-14 16:55:16,108 [INFO] CodeGenerator:622 - code generatio: config db path: C:\ST\STM32CubeIDE_1.4.0\STM32CubeIDE\plugins\com.st.stm32cube.common.mx_6.0.1.202008101643\\db\
2021-02-14 16:55:16,359 [INFO] CodeEngine:188 - oldGeneratedFile, C:\Users\evers\Documents\IMAGINE-IOT\Imagine-IoT\Imagine-IoT\9 Nucleo boards\NUCLEO-L476RG\2b Alt_Flash_LEDs (STM32CubeIDE)\AlternateLEDs\MXTmpFiles\license.tmp_save
2021-02-14 16:55:16,450 [INFO] CodeEngine:206 - Generated code: C:\Users\evers\Documents\IMAGINE-IOT\Imagine-IoT\Imagine-IoT\9 Nucleo boards\NUCLEO-L476RG\2b Alt_Flash_LEDs (STM32CubeIDE)\AlternateLEDs\MXTmpFiles\license.tmp
2021-02-14 16:55:16,509 [INFO] CodeEngine:188 - oldGeneratedFile, C:\Users\evers\Documents\IMAGINE-IOT\Imagine-IoT\Imagine-IoT\9 Nucleo boards\NUCLEO-L476RG\2b Alt_Flash_LEDs (STM32CubeIDE)\AlternateLEDs\MXTmpFiles\gpio.tmp_save
2021-02-14 16:55:16,589 [INFO] CodeEngine:206 - Generated code: C:\Users\evers\Documents\IMAGINE-IOT\Imagine-IoT\Imagine-IoT\9 Nucleo boards\NUCLEO-L476RG\2b Alt_Flash_LEDs (STM32CubeIDE)\AlternateLEDs\MXTmpFiles\gpio.tmp
2021-02-14 16:55:16,720 [INFO] LogOutputStream:76 - [STDOUT_REDIRECT] Command line
2021-02-14 16:55:16,733 [INFO] CodeEngine:188 - oldGeneratedFile, C:\Users\evers\Documents\IMAGINE-IOT\Imagine-IoT\Imagine-IoT\9 Nucleo boards\NUCLEO-L476RG\2b Alt_Flash_LEDs (STM32CubeIDE)\AlternateLEDs\Core\Src\stm32l4xx_it.c_save
2021-02-14 16:55:16,903 [INFO] CodeEngine:206 - Generated code: C:\Users\evers\Documents\IMAGINE-IOT\Imagine-IoT\Imagine-IoT\9 Nucleo boards\NUCLEO-L476RG\2b Alt_Flash_LEDs (STM32CubeIDE)\AlternateLEDs\Core\Src\stm32l4xx_it.c
2021-02-14 16:55:16,914 [INFO] CodeEngine:188 - oldGeneratedFile, C:\Users\evers\Documents\IMAGINE-IOT\Imagine-IoT\Imagine-IoT\9 Nucleo boards\NUCLEO-L476RG\2b Alt_Flash_LEDs (STM32CubeIDE)\AlternateLEDs\Core\Inc\stm32l4xx_it.h_save
2021-02-14 16:55:16,984 [INFO] CodeEngine:206 - Generated code: C:\Users\evers\Documents\IMAGINE-IOT\Imagine-IoT\Imagine-IoT\9 Nucleo boards\NUCLEO-L476RG\2b Alt_Flash_LEDs (STM32CubeIDE)\AlternateLEDs\Core\Inc\stm32l4xx_it.h
2021-02-14 16:55:16,999 [INFO] CodeEngine:188 - oldGeneratedFile, C:\Users\evers\Documents\IMAGINE-IOT\Imagine-IoT\Imagine-IoT\9 Nucleo boards\NUCLEO-L476RG\2b Alt_Flash_LEDs (STM32CubeIDE)\AlternateLEDs\Core\Src\stm32l4xx_hal_msp.c_save
2021-02-14 16:55:17,108 [INFO] CodeEngine:206 - Generated code: C:\Users\evers\Documents\IMAGINE-IOT\Imagine-IoT\Imagine-IoT\9 Nucleo boards\NUCLEO-L476RG\2b Alt_Flash_LEDs (STM32CubeIDE)\AlternateLEDs\Core\Src\stm32l4xx_hal_msp.c
2021-02-14 16:55:17,119 [INFO] CodeEngine:188 - oldGeneratedFile, C:\Users\evers\Documents\IMAGINE-IOT\Imagine-IoT\Imagine-IoT\9 Nucleo boards\NUCLEO-L476RG\2b Alt_Flash_LEDs (STM32CubeIDE)\AlternateLEDs\MXTmpFiles\system.tmp_save
2021-02-14 16:55:17,188 [INFO] CodeEngine:206 - Generated code: C:\Users\evers\Documents\IMAGINE-IOT\Imagine-IoT\Imagine-IoT\9 Nucleo boards\NUCLEO-L476RG\2b Alt_Flash_LEDs (STM32CubeIDE)\AlternateLEDs\MXTmpFiles\system.tmp
2021-02-14 16:55:17,198 [INFO] CodeEngine:188 - oldGeneratedFile, C:\Users\evers\Documents\IMAGINE-IOT\Imagine-IoT\Imagine-IoT\9 Nucleo boards\NUCLEO-L476RG\2b Alt_Flash_LEDs (STM32CubeIDE)\AlternateLEDs\Core\Inc\stm32l4xx_hal_conf.h_save
2021-02-14 16:55:17,286 [INFO] CodeEngine:206 - Generated code: C:\Users\evers\Documents\IMAGINE-IOT\Imagine-IoT\Imagine-IoT\9 Nucleo boards\NUCLEO-L476RG\2b Alt_Flash_LEDs (STM32CubeIDE)\AlternateLEDs\Core\Inc\stm32l4xx_hal_conf.h
2021-02-14 16:55:17,309 [WARN] IPConfigManager:2884 - IP not found : gpio
2021-02-14 16:55:17,310 [WARN] CodeGenerator:2866 - IP not found : gpio
2021-02-14 16:55:17,318 [INFO] CodeEngine:188 - oldGeneratedFile, C:\Users\evers\Documents\IMAGINE-IOT\Imagine-IoT\Imagine-IoT\9 Nucleo boards\NUCLEO-L476RG\2b Alt_Flash_LEDs (STM32CubeIDE)\AlternateLEDs\Core\Inc\main.h_save
2021-02-14 16:55:17,379 [INFO] CodeEngine:206 - Generated code: C:\Users\evers\Documents\IMAGINE-IOT\Imagine-IoT\Imagine-IoT\9 Nucleo boards\NUCLEO-L476RG\2b Alt_Flash_LEDs (STM32CubeIDE)\AlternateLEDs\Core\Inc\main.h
2021-02-14 16:55:17,389 [INFO] CodeEngine:188 - oldGeneratedFile, C:\Users\evers\Documents\IMAGINE-IOT\Imagine-IoT\Imagine-IoT\9 Nucleo boards\NUCLEO-L476RG\2b Alt_Flash_LEDs (STM32CubeIDE)\AlternateLEDs\Core\Src\main.c_save
2021-02-14 16:55:17,496 [INFO] CodeEngine:206 - Generated code: C:\Users\evers\Documents\IMAGINE-IOT\Imagine-IoT\Imagine-IoT\9 Nucleo boards\NUCLEO-L476RG\2b Alt_Flash_LEDs (STM32CubeIDE)\AlternateLEDs\Core\Src\main.c
2021-02-14 16:55:18,180 [INFO] ProjectBuilder:2168 - Time for Copy HAL[1] : 140mS.
2021-02-14 16:55:18,187 [INFO] ProjectBuilder:2988 - Project Generator version: 3.10.0-B14
2021-02-14 16:55:18,509 [INFO] ConfigFileManager:1183 - The Die is : DIE415
2021-02-14 16:55:19,927 [INFO] ProjectBuilder:3155 - Time for Generating toolchain IDE Files: 1740mS.
2021-02-14 16:55:19,929 [INFO] ProjectBuilder:2044 - Time for Copy CMSIS : 1mS.
2021-02-14 16:55:19,934 [INFO] ProjectBuilder:2044 - Time for Copy CMSIS : 1mS.
