11:19:06 **** Incremental Build of configuration Debug for project PeripheralClock ****
make -j8 all 
arm-none-eabi-gcc "../Src/main.c" -mcpu=cortex-m4 -std=gnu11 -g3 -DDEBUG -DSTM32 -DSTM32F407G_DISC1 -DSTM32F4 -DSTM32F407VGTx -c -I../Inc -O0 -ffunction-sections -fdata-sections -Wall -fstack-usage -MMD -MP -MF"Src/main.d" -MT"Src/main.o" --specs=nano.specs -mfloat-abi=soft -mthumb -o "Src/main.o"
arm-none-eabi-gcc -o "PeripheralClock.elf" @"objects.list"   -mcpu=cortex-m4 -T"C:\Users\evers\Documents\IMAGINE-IOT\Imagine-IoT\Imagine-IoT\8 Discovery boards\STM32F407 Discovery kit\10 - Peripheral clock\PeripheralClock\STM32F407VGTX_FLASH.ld" --specs=nosys.specs -Wl,-Map="PeripheralClock.map" -Wl,--gc-sections -static --specs=nano.specs -mfloat-abi=soft -mthumb -Wl,--start-group -lc -lm -Wl,--end-group
Finished building target: PeripheralClock.elf
 
arm-none-eabi-objdump -h -S  PeripheralClock.elf  > "PeripheralClock.list"
arm-none-eabi-objcopy  -O binary  PeripheralClock.elf  "PeripheralClock.bin"
arm-none-eabi-size   PeripheralClock.elf 
   text	   data	    bss	    dec	    hex	filename
    792	      8	   1568	   2368	    940	PeripheralClock.elf
Finished building: default.size.stdout
Finished building: PeripheralClock.list
Finished building: PeripheralClock.bin
 
 
 
11:19:21 **** Incremental Build of configuration Debug for project PeripheralClock ****
make -j8 all 
arm-none-eabi-size   PeripheralClock.elf 
   text	   data	    bss	    dec	    hex	filename
    792	      8	   1568	   2368	    940	PeripheralClock.elf
Finished building: default.size.stdout
 
11:19:34 **** Incremental Build of configuration Debug for project PeripheralClock ****
make -j8 all 
arm-none-eabi-size   PeripheralClock.elf 
   text	   data	    bss	    dec	    hex	filename
    792	      8	   1568	   2368	    940	PeripheralClock.elf
Finished building: default.size.stdout
 
11:19:49 **** Incremental Build of configuration Debug for project PeripheralClock ****
make -j8 all 
arm-none-eabi-size   PeripheralClock.elf 
   text	   data	    bss	    dec	    hex	filename
    792	      8	   1568	   2368	    940	PeripheralClock.elf
Finished building: default.size.stdout
 
