2021-03-30 19:05:59,905 [INFO] Activator:170 - 


2021-03-30 19:05:59,907 [INFO] Activator:171 - !SESSION log4j initialized
2021-03-30 19:06:04,024 [INFO] McuFinderGlobals:39 - Set McuFinder mode to 2 (CubeIDE integrated)
2021-03-30 19:06:04,206 [INFO] ApplicationProperties:181 - Using Application install path: C:\ST\STM32CubeIDE_1.4.0\STM32CubeIDE\plugins\com.st.stm32cube.common.mx_6.2.0.202102191602
2021-03-30 19:06:04,218 [INFO] DbMcusXml:74 - Set database path to: C:\ST\STM32CubeIDE_1.4.0\STM32CubeIDE\plugins\com.st.stm32cube.common.mx_6.2.0.202102191602\\db\/mcu/
2021-03-30 19:06:04,223 [INFO] DbBoardsPdsc:56 - Set plugin database path to: C:\ST\STM32CubeIDE_1.4.0\STM32CubeIDE\plugins\com.st.stm32cube.common.mx_6.2.0.202102191602\\db\/plugins/boardmanager/
2021-03-30 19:06:04,223 [INFO] DbMcus:258 - Set plugin images path to: C:\ST\STM32CubeIDE_1.4.0\STM32CubeIDE\plugins\com.st.stm32cube.common.mx_6.2.0.202102191602\\db\/plugins/mcufinder/images/
2021-03-30 19:06:04,223 [INFO] DbBoards:264 - Set plugin images path to: C:\ST\STM32CubeIDE_1.4.0\STM32CubeIDE\plugins\com.st.stm32cube.common.mx_6.2.0.202102191602\\db\/plugins/mcufinder/images/
2021-03-30 19:06:04,226 [INFO] DbExamples:333 - Set plugin images path to: C:\ST\STM32CubeIDE_1.4.0\STM32CubeIDE\plugins\com.st.stm32cube.common.mx_6.2.0.202102191602\\db\/plugins/mcufinder/images/
2021-03-30 19:06:04,240 [INFO] DbMcusAds:85 - Set database path to: C:\Users\evers\.stmcufinder\plugins\mcufinder//mcu/
2021-03-30 19:06:04,241 [INFO] DbMcusDocs:110 - Set database path to: C:\Users\evers\.stmcufinder\plugins\mcufinder//mcu/
2021-03-30 19:06:04,243 [INFO] DbMcusJson:65 - Set database path to: C:\Users\evers\.stmcufinder\plugins\mcufinder//mcu/
2021-03-30 19:06:04,244 [INFO] DbBoardsDocs:110 - Set database path to: C:\Users\evers\.stmcufinder\plugins\mcufinder//mcu/
2021-03-30 19:06:04,245 [INFO] DbBoardsJson:58 - Set database path to: C:\Users\evers\.stmcufinder\plugins\mcufinder//mcu/
2021-03-30 19:06:04,248 [INFO] CrossReferenceDbSqlite:196 - Set database path to: C:\Users\evers\.stmcufinder\plugins\mcufinder//mcu/cs/
2021-03-30 19:06:04,251 [INFO] DbExamplesSqlite:690 - Set database path to: C:\Users\evers\.stmcufinder\plugins\mcufinder//mcu/
2021-03-30 19:06:04,352 [INFO] RulesReader:52 - Compatibility file has been processed (237 Rules)
2021-03-30 19:06:04,448 [INFO] MicroXplorer:622 - Detected Java Version = 11.0.9.1
2021-03-30 19:06:04,449 [INFO] DbMcusXml:74 - Set database path to: C:\ST\STM32CubeIDE_1.4.0\STM32CubeIDE\plugins\com.st.stm32cube.common.mx_6.2.0.202102191602\\db\/mcu/
2021-03-30 19:06:04,449 [INFO] DbBoardsPdsc:56 - Set plugin database path to: C:\ST\STM32CubeIDE_1.4.0\STM32CubeIDE\plugins\com.st.stm32cube.common.mx_6.2.0.202102191602\\db\/plugins/boardmanager/
2021-03-30 19:06:04,450 [INFO] DbMcus:258 - Set plugin images path to: C:\ST\STM32CubeIDE_1.4.0\STM32CubeIDE\plugins\com.st.stm32cube.common.mx_6.2.0.202102191602\\db\/plugins/mcufinder/images/
2021-03-30 19:06:04,450 [INFO] DbBoards:264 - Set plugin images path to: C:\ST\STM32CubeIDE_1.4.0\STM32CubeIDE\plugins\com.st.stm32cube.common.mx_6.2.0.202102191602\\db\/plugins/mcufinder/images/
2021-03-30 19:06:04,450 [INFO] DbExamples:333 - Set plugin images path to: C:\ST\STM32CubeIDE_1.4.0\STM32CubeIDE\plugins\com.st.stm32cube.common.mx_6.2.0.202102191602\\db\/plugins/mcufinder/images/
2021-03-30 19:06:04,450 [WARN] DbFile:35 - Overriding database path with different value: C:\Users\evers\.stmcufinder\plugins\mcufinder/ => C:\Users\evers\.stmcufinder\plugins\mcufinder
2021-03-30 19:06:04,450 [INFO] DbMcusAds:85 - Set database path to: C:\Users\evers\.stmcufinder\plugins\mcufinder//mcu/
2021-03-30 19:06:04,450 [WARN] DbFile:35 - Overriding database path with different value: C:\Users\evers\.stmcufinder\plugins\mcufinder/ => C:\Users\evers\.stmcufinder\plugins\mcufinder
2021-03-30 19:06:04,450 [INFO] DbMcusDocs:110 - Set database path to: C:\Users\evers\.stmcufinder\plugins\mcufinder//mcu/
2021-03-30 19:06:04,451 [WARN] DbFile:35 - Overriding database path with different value: C:\Users\evers\.stmcufinder\plugins\mcufinder/ => C:\Users\evers\.stmcufinder\plugins\mcufinder
2021-03-30 19:06:04,451 [INFO] DbMcusJson:65 - Set database path to: C:\Users\evers\.stmcufinder\plugins\mcufinder//mcu/
2021-03-30 19:06:04,451 [WARN] DbFile:35 - Overriding database path with different value: C:\Users\evers\.stmcufinder\plugins\mcufinder/ => C:\Users\evers\.stmcufinder\plugins\mcufinder
2021-03-30 19:06:04,451 [INFO] DbBoardsDocs:110 - Set database path to: C:\Users\evers\.stmcufinder\plugins\mcufinder//mcu/
2021-03-30 19:06:04,451 [WARN] DbFile:35 - Overriding database path with different value: C:\Users\evers\.stmcufinder\plugins\mcufinder/ => C:\Users\evers\.stmcufinder\plugins\mcufinder
2021-03-30 19:06:04,451 [INFO] DbBoardsJson:58 - Set database path to: C:\Users\evers\.stmcufinder\plugins\mcufinder//mcu/
2021-03-30 19:06:04,451 [WARN] DbFile:35 - Overriding database path with different value: C:\Users\evers\.stmcufinder\plugins\mcufinder/ => C:\Users\evers\.stmcufinder\plugins\mcufinder
2021-03-30 19:06:04,451 [WARN] DbFile:35 - Overriding database path with different value: C:\Users\evers\.stmcufinder\plugins\mcufinder/ => C:\Users\evers\.stmcufinder\plugins\mcufinder
2021-03-30 19:06:04,452 [INFO] CrossReferenceDbSqlite:196 - Set database path to: C:\Users\evers\.stmcufinder\plugins\mcufinder//mcu/cs/
2021-03-30 19:06:04,452 [WARN] DbFile:35 - Overriding database path with different value: C:\Users\evers\.stmcufinder\plugins\mcufinder/ => C:\Users\evers\.stmcufinder\plugins\mcufinder
2021-03-30 19:06:04,452 [INFO] DbExamplesSqlite:690 - Set database path to: C:\Users\evers\.stmcufinder\plugins\mcufinder//mcu/
2021-03-30 19:06:04,521 [INFO] MainPanel:204 - HeapMemory: 268435456
2021-03-30 19:06:04,609 [INFO] DbMcusXml:74 - Set database path to: C:\ST\STM32CubeIDE_1.4.0\STM32CubeIDE\plugins\com.st.stm32cube.common.mx_6.2.0.202102191602\\db\/mcu/
2021-03-30 19:06:04,609 [INFO] DbBoardsPdsc:56 - Set plugin database path to: C:\ST\STM32CubeIDE_1.4.0\STM32CubeIDE\plugins\com.st.stm32cube.common.mx_6.2.0.202102191602\\db\/plugins/boardmanager/
2021-03-30 19:06:04,610 [INFO] DbMcus:258 - Set plugin images path to: C:\ST\STM32CubeIDE_1.4.0\STM32CubeIDE\plugins\com.st.stm32cube.common.mx_6.2.0.202102191602\\db\/plugins/mcufinder/images/
2021-03-30 19:06:04,610 [INFO] DbBoards:264 - Set plugin images path to: C:\ST\STM32CubeIDE_1.4.0\STM32CubeIDE\plugins\com.st.stm32cube.common.mx_6.2.0.202102191602\\db\/plugins/mcufinder/images/
2021-03-30 19:06:04,610 [INFO] DbExamples:333 - Set plugin images path to: C:\ST\STM32CubeIDE_1.4.0\STM32CubeIDE\plugins\com.st.stm32cube.common.mx_6.2.0.202102191602\\db\/plugins/mcufinder/images/
2021-03-30 19:06:04,610 [WARN] DbFile:35 - Overriding database path with different value: C:\Users\evers\.stmcufinder\plugins\mcufinder/ => C:\Users\evers\.stmcufinder\plugins\mcufinder
2021-03-30 19:06:04,611 [INFO] DbMcusAds:85 - Set database path to: C:\Users\evers\.stmcufinder\plugins\mcufinder//mcu/
2021-03-30 19:06:04,611 [WARN] DbFile:35 - Overriding database path with different value: C:\Users\evers\.stmcufinder\plugins\mcufinder/ => C:\Users\evers\.stmcufinder\plugins\mcufinder
2021-03-30 19:06:04,611 [INFO] DbMcusDocs:110 - Set database path to: C:\Users\evers\.stmcufinder\plugins\mcufinder//mcu/
2021-03-30 19:06:04,611 [WARN] DbFile:35 - Overriding database path with different value: C:\Users\evers\.stmcufinder\plugins\mcufinder/ => C:\Users\evers\.stmcufinder\plugins\mcufinder
2021-03-30 19:06:04,611 [INFO] DbMcusJson:65 - Set database path to: C:\Users\evers\.stmcufinder\plugins\mcufinder//mcu/
2021-03-30 19:06:04,611 [WARN] DbFile:35 - Overriding database path with different value: C:\Users\evers\.stmcufinder\plugins\mcufinder/ => C:\Users\evers\.stmcufinder\plugins\mcufinder
2021-03-30 19:06:04,611 [INFO] DbBoardsDocs:110 - Set database path to: C:\Users\evers\.stmcufinder\plugins\mcufinder//mcu/
2021-03-30 19:06:04,611 [WARN] DbFile:35 - Overriding database path with different value: C:\Users\evers\.stmcufinder\plugins\mcufinder/ => C:\Users\evers\.stmcufinder\plugins\mcufinder
2021-03-30 19:06:04,611 [INFO] DbBoardsJson:58 - Set database path to: C:\Users\evers\.stmcufinder\plugins\mcufinder//mcu/
2021-03-30 19:06:04,611 [WARN] DbFile:35 - Overriding database path with different value: C:\Users\evers\.stmcufinder\plugins\mcufinder/ => C:\Users\evers\.stmcufinder\plugins\mcufinder
2021-03-30 19:06:04,612 [WARN] DbFile:35 - Overriding database path with different value: C:\Users\evers\.stmcufinder\plugins\mcufinder/ => C:\Users\evers\.stmcufinder\plugins\mcufinder
2021-03-30 19:06:04,612 [INFO] CrossReferenceDbSqlite:196 - Set database path to: C:\Users\evers\.stmcufinder\plugins\mcufinder//mcu/cs/
2021-03-30 19:06:04,612 [WARN] DbFile:35 - Overriding database path with different value: C:\Users\evers\.stmcufinder\plugins\mcufinder/ => C:\Users\evers\.stmcufinder\plugins\mcufinder
2021-03-30 19:06:04,612 [INFO] DbExamplesSqlite:690 - Set database path to: C:\Users\evers\.stmcufinder\plugins\mcufinder//mcu/
2021-03-30 19:06:04,631 [INFO] ApplicationProperties:181 - Using Application install path: C:\ST\STM32CubeIDE_1.4.0\STM32CubeIDE\plugins\com.st.stm32cube.common.mx_6.2.0.202102191602
2021-03-30 19:06:04,632 [INFO] PluginManage:178 - Search for loadable plugins [exclusion list=, ]
2021-03-30 19:06:04,634 [INFO] PluginManage:292 - Check plugin analytics
2021-03-30 19:06:04,806 [INFO] AnalyticsPlugin:233 - Accepted Software Licenses: STM32CubeMX.6.0.1,STM32CubeMX.6.1.1,STM32CubeMX.6.1.2,STM32CubeMX.6.2.0
2021-03-30 19:06:04,808 [INFO] AnalyticsPlugin:235 - Accepted CMSIS Pack Licenses: 
2021-03-30 19:06:04,808 [INFO] AnalyticsPlugin:237 - Accepted Firmware Licenses: 
2021-03-30 19:06:04,809 [INFO] PluginManage:342 - Loaded plugin analytics (category:tool,tabindex:-1)
2021-03-30 19:06:04,810 [INFO] PluginManage:292 - Check plugin clock
2021-03-30 19:06:04,858 [INFO] PluginManage:342 - Loaded plugin clock (category:base,tabindex:2)
2021-03-30 19:06:04,859 [INFO] PluginManage:292 - Check plugin ddr
2021-03-30 19:06:04,870 [INFO] PluginManage:342 - Loaded plugin ddr (category:tool,tabindex:6)
2021-03-30 19:06:04,871 [INFO] PluginManage:292 - Check plugin filemanager
2021-03-30 19:06:05,025 [INFO] PluginManage:342 - Loaded plugin filemanager (category:base,tabindex:10)
2021-03-30 19:06:05,025 [INFO] PluginManage:292 - Check plugin ipmanager
2021-03-30 19:06:05,034 [INFO] PluginManage:342 - Loaded plugin ipmanager (category:base,tabindex:5)
2021-03-30 19:06:05,034 [INFO] PluginManage:292 - Check plugin pinoutandconfiguration
2021-03-30 19:06:05,046 [INFO] PluginManage:342 - Loaded plugin pinoutandconfiguration (category:base,tabindex:1)
2021-03-30 19:06:05,046 [INFO] PluginManage:292 - Check plugin pinoutconfig
2021-03-30 19:06:05,079 [INFO] PluginManage:342 - Loaded plugin pinoutconfig (category:base,tabindex:0)
2021-03-30 19:06:05,080 [INFO] PluginManage:292 - Check plugin power
2021-03-30 19:06:05,106 [INFO] PluginManage:342 - Loaded plugin power (category:power,tabindex:4)
2021-03-30 19:06:05,106 [INFO] PluginManage:292 - Check plugin projectmanager
2021-03-30 19:06:05,132 [INFO] PluginManage:342 - Loaded plugin projectmanager (category:projectmanager,tabindex:3)
2021-03-30 19:06:05,132 [INFO] PluginManage:292 - Check plugin thirdparty
2021-03-30 19:06:05,367 [INFO] PluginManage:342 - Loaded plugin thirdparty (category:base,tabindex:-1)
2021-03-30 19:06:05,368 [WARN] IntegrityCheckThread:59 - waiting for thirdparty lock release [integrity check]
2021-03-30 19:06:05,368 [INFO] PluginManage:292 - Check plugin tools
2021-03-30 19:06:05,370 [INFO] IntegrityCheckThread:61 - entering critical section [integrity check]
2021-03-30 19:06:05,372 [INFO] ThirdPartyUpdaterWithRetryManager:56 - Updater plugin not ready yet. [1/15]
2021-03-30 19:06:05,376 [INFO] PluginManage:342 - Loaded plugin tools (category:base,tabindex:7)
2021-03-30 19:06:05,376 [INFO] PluginManage:292 - Check plugin tutovideos
2021-03-30 19:06:05,702 [INFO] PluginManage:342 - Loaded plugin tutovideos (category:base,tabindex:-1)
2021-03-30 19:06:05,703 [INFO] PluginManage:292 - Check plugin updater
2021-03-30 19:06:05,729 [INFO] PluginManage:342 - Loaded plugin updater (category:base,tabindex:12)
2021-03-30 19:06:05,730 [INFO] PluginManage:265 - PluginManage : Loaded plugins [13]
2021-03-30 19:06:06,012 [INFO] PinOutPanel:1435 - setPackage(No Configuration,No Configuration)
2021-03-30 19:06:06,152 [INFO] IPUIPlugin:64 - create IPUIPlugin
2021-03-30 19:06:06,153 [INFO] PluginManager:203 - loadIPPluginJar : add adc
2021-03-30 19:06:06,158 [INFO] IPUIPlugin:64 - create IPUIPlugin
2021-03-30 19:06:06,158 [INFO] PluginManager:203 - loadIPPluginJar : add aes
2021-03-30 19:06:06,162 [INFO] IPUIPlugin:64 - create IPUIPlugin
2021-03-30 19:06:06,163 [INFO] PluginManager:203 - loadIPPluginJar : add can
2021-03-30 19:06:06,166 [INFO] IPUIPlugin:64 - create IPUIPlugin
2021-03-30 19:06:06,166 [INFO] PluginManager:203 - loadIPPluginJar : add comp
2021-03-30 19:06:06,171 [INFO] IPUIPlugin:64 - create IPUIPlugin
2021-03-30 19:06:06,171 [INFO] PluginManager:203 - loadIPPluginJar : add cryp
2021-03-30 19:06:06,175 [INFO] IPUIPlugin:64 - create IPUIPlugin
2021-03-30 19:06:06,175 [INFO] PluginManager:203 - loadIPPluginJar : add dfsdm
2021-03-30 19:06:06,181 [INFO] IPUIPlugin:64 - create IPUIPlugin
2021-03-30 19:06:06,182 [INFO] PluginManager:203 - loadIPPluginJar : add dma
2021-03-30 19:06:06,185 [INFO] IPUIPlugin:64 - create IPUIPlugin
2021-03-30 19:06:06,186 [INFO] PluginManager:203 - loadIPPluginJar : add fatfs
2021-03-30 19:06:06,191 [INFO] IPUIPlugin:64 - create IPUIPlugin
2021-03-30 19:06:06,192 [INFO] PluginManager:203 - loadIPPluginJar : add fmc
2021-03-30 19:06:06,199 [INFO] IPUIPlugin:64 - create IPUIPlugin
2021-03-30 19:06:06,199 [INFO] PluginManager:203 - loadIPPluginJar : add freertos
2021-03-30 19:06:06,215 [INFO] IPUIPlugin:64 - create IPUIPlugin
2021-03-30 19:06:06,215 [INFO] PluginManager:203 - loadIPPluginJar : add genericplugin
2021-03-30 19:06:06,218 [INFO] IPUIPlugin:64 - create IPUIPlugin
2021-03-30 19:06:06,219 [INFO] PluginManager:203 - loadIPPluginJar : add gfxmmu
2021-03-30 19:06:06,225 [INFO] IPUIPlugin:64 - create IPUIPlugin
2021-03-30 19:06:06,225 [INFO] PluginManager:203 - loadIPPluginJar : add gic
2021-03-30 19:06:06,230 [INFO] IPUIPlugin:64 - create IPUIPlugin
2021-03-30 19:06:06,231 [INFO] PluginManager:203 - loadIPPluginJar : add gpio
2021-03-30 19:06:06,234 [INFO] IPUIPlugin:64 - create IPUIPlugin
2021-03-30 19:06:06,235 [INFO] PluginManager:203 - loadIPPluginJar : add gtzc
2021-03-30 19:06:06,238 [INFO] IPUIPlugin:64 - create IPUIPlugin
2021-03-30 19:06:06,238 [INFO] PluginManager:203 - loadIPPluginJar : add hash
2021-03-30 19:06:06,242 [INFO] IPUIPlugin:64 - create IPUIPlugin
2021-03-30 19:06:06,242 [INFO] PluginManager:203 - loadIPPluginJar : add i2c
2021-03-30 19:06:06,246 [INFO] IPUIPlugin:64 - create IPUIPlugin
2021-03-30 19:06:06,246 [INFO] PluginManager:203 - loadIPPluginJar : add i2s
2021-03-30 19:06:06,250 [INFO] IPUIPlugin:64 - create IPUIPlugin
2021-03-30 19:06:06,250 [INFO] PluginManager:203 - loadIPPluginJar : add ipddr
2021-03-30 19:06:06,254 [INFO] IPUIPlugin:64 - create IPUIPlugin
2021-03-30 19:06:06,254 [INFO] PluginManager:203 - loadIPPluginJar : add lorawan
2021-03-30 19:06:06,256 [INFO] IPUIPlugin:64 - create IPUIPlugin
2021-03-30 19:06:06,256 [INFO] PluginManager:203 - loadIPPluginJar : add ltdc
2021-03-30 19:06:06,261 [INFO] IPUIPlugin:64 - create IPUIPlugin
2021-03-30 19:06:06,261 [INFO] PluginManager:203 - loadIPPluginJar : add mdma
2021-03-30 19:06:06,265 [INFO] IPUIPlugin:64 - create IPUIPlugin
2021-03-30 19:06:06,265 [INFO] PluginManager:203 - loadIPPluginJar : add nvic
2021-03-30 19:06:06,269 [INFO] IPUIPlugin:64 - create IPUIPlugin
2021-03-30 19:06:06,269 [INFO] PluginManager:203 - loadIPPluginJar : add opamp
2021-03-30 19:06:06,272 [INFO] IPUIPlugin:64 - create IPUIPlugin
2021-03-30 19:06:06,273 [INFO] PluginManager:203 - loadIPPluginJar : add openamp
2021-03-30 19:06:06,276 [INFO] IPUIPlugin:64 - create IPUIPlugin
2021-03-30 19:06:06,276 [INFO] PluginManager:203 - loadIPPluginJar : add pdm2pcm
2021-03-30 19:06:06,283 [INFO] IPUIPlugin:64 - create IPUIPlugin
2021-03-30 19:06:06,286 [INFO] PluginManager:203 - loadIPPluginJar : add plateformsettings
2021-03-30 19:06:06,288 [INFO] IPUIPlugin:64 - create IPUIPlugin
2021-03-30 19:06:06,289 [INFO] PluginManager:203 - loadIPPluginJar : add quadspi
2021-03-30 19:06:06,293 [INFO] IPUIPlugin:64 - create IPUIPlugin
2021-03-30 19:06:06,293 [INFO] PluginManager:203 - loadIPPluginJar : add resmgrutility
2021-03-30 19:06:06,297 [INFO] IPUIPlugin:64 - create IPUIPlugin
2021-03-30 19:06:06,298 [INFO] PluginManager:203 - loadIPPluginJar : add sai
2021-03-30 19:06:06,301 [INFO] IPUIPlugin:64 - create IPUIPlugin
2021-03-30 19:06:06,301 [INFO] PluginManager:203 - loadIPPluginJar : add spi
2021-03-30 19:06:06,306 [INFO] IPUIPlugin:64 - create IPUIPlugin
2021-03-30 19:06:06,306 [INFO] PluginManager:203 - loadIPPluginJar : add stm32_wpan
2021-03-30 19:06:06,308 [INFO] IPUIPlugin:64 - create IPUIPlugin
2021-03-30 19:06:06,308 [INFO] PluginManager:203 - loadIPPluginJar : add tim
2021-03-30 19:06:06,312 [INFO] IPUIPlugin:64 - create IPUIPlugin
2021-03-30 19:06:06,312 [INFO] PluginManager:203 - loadIPPluginJar : add touchsensing
2021-03-30 19:06:06,315 [INFO] IPUIPlugin:64 - create IPUIPlugin
2021-03-30 19:06:06,315 [INFO] PluginManager:203 - loadIPPluginJar : add tracer_emb
2021-03-30 19:06:06,318 [INFO] IPUIPlugin:64 - create IPUIPlugin
2021-03-30 19:06:06,318 [INFO] PluginManager:203 - loadIPPluginJar : add ts
2021-03-30 19:06:06,320 [INFO] IPUIPlugin:64 - create IPUIPlugin
2021-03-30 19:06:06,320 [INFO] PluginManager:203 - loadIPPluginJar : add tsc
2021-03-30 19:06:06,322 [INFO] IPUIPlugin:64 - create IPUIPlugin
2021-03-30 19:06:06,322 [INFO] PluginManager:203 - loadIPPluginJar : add ucpd
2021-03-30 19:06:06,325 [INFO] IPUIPlugin:64 - create IPUIPlugin
2021-03-30 19:06:06,326 [INFO] PluginManager:203 - loadIPPluginJar : add usart
2021-03-30 19:06:06,657 [FATAL] Updater:284 - Updater called before beeing initialized
2021-03-30 19:06:06,771 [FATAL] Updater:284 - Updater called before beeing initialized
2021-03-30 19:06:06,775 [INFO] DbMcusAds:132 - JSON generation date=Thu Feb 11 15:55:24 CET 2021 (1613055324029)
2021-03-30 19:06:06,776 [FATAL] Updater:284 - Updater called before beeing initialized
2021-03-30 19:06:06,820 [WARN] DetailPanel:315 - Failed to get advertising image, set to default
2021-03-30 19:06:07,014 [FATAL] Updater:284 - Updater called before beeing initialized
2021-03-30 19:06:07,017 [FATAL] Updater:284 - Updater called before beeing initialized
2021-03-30 19:06:07,017 [FATAL] Updater:284 - Updater called before beeing initialized
2021-03-30 19:06:07,017 [WARN] DetailPanel:315 - Failed to get advertising image, set to default
2021-03-30 19:06:07,018 [FATAL] Updater:284 - Updater called before beeing initialized
2021-03-30 19:06:07,064 [FATAL] Updater:284 - Updater called before beeing initialized
2021-03-30 19:06:07,064 [WARN] ThirdParty:796 - waiting for thirdparty lock release [close project]
2021-03-30 19:06:08,385 [INFO] ThirdPartyUpdaterWithRetryManager:56 - Updater plugin not ready yet. [2/15]
2021-03-30 19:06:11,399 [FATAL] Updater:284 - Updater called before beeing initialized
2021-03-30 19:06:11,399 [ERROR] AbstractThirdPartyUpdaterManager:153 - class java.lang.Integer cannot be cast to class java.util.List (java.lang.Integer and java.util.List are in module java.base of loader 'bootstrap')
2021-03-30 19:06:11,400 [INFO] ThirdParty:900 - Integrity check success = false
2021-03-30 19:06:11,400 [INFO] IntegrityCheckThread:75 - exiting critical section [integrity check]
2021-03-30 19:06:11,400 [INFO] IntegrityCheckThread:78 - End integrity checks thread
2021-03-30 19:06:11,400 [INFO] ThirdParty:798 - entering critical section [close project]
2021-03-30 19:06:11,402 [INFO] ThirdParty:809 - exiting critical section [close project]
2021-03-30 19:06:11,406 [INFO] PinOutPanel:1435 - setPackage(No Configuration,No Configuration)
2021-03-30 19:06:11,407 [FATAL] Updater:284 - Updater called before beeing initialized
2021-03-30 19:06:11,420 [INFO] Updater:1002 - Updater Version found : 6.2.0
2021-03-30 19:06:11,441 [INFO] ApplicationProperties:181 - Using Application install path: C:\ST\STM32CubeIDE_1.4.0\STM32CubeIDE\plugins\com.st.stm32cube.common.mx_6.2.0.202102191602
2021-03-30 19:06:11,592 [INFO] MainUpdater:2661 - connection check result : 10
2021-03-30 19:06:11,593 [INFO] MainUpdater:255 - Updater Check For Update Now.
2021-03-30 19:06:11,593 [INFO] MicroXplorer:472 - Change Database Version : DB.6.0.20
2021-03-30 19:06:11,630 [INFO] CheckServerUpdateThread:102 - End of CheckServer Thread
2021-03-30 19:06:11,711 [INFO] MainUpdater:2661 - connection check result : 10
2021-03-30 19:06:12,148 [INFO] CrossSelectorPresenter:1330 - Cross Selector saved comparison directory: C:\Users\evers\.stmcufinder\plugins\mcufinder\mcu\cs_comparisons_mx
2021-03-30 19:06:12,154 [INFO] MultiScanPanel:200 - Auto-refresh data requested => check proxy status ongoing
2021-03-30 19:06:12,161 [INFO] FinderPluginLoader:87 - Searching for filters in installed packs
2021-03-30 19:06:12,162 [INFO] DbMcusXml:100 - Load MCU database from C:\ST\STM32CubeIDE_1.4.0\STM32CubeIDE\plugins\com.st.stm32cube.common.mx_6.2.0.202102191602\\db\/mcu/families.xml
2021-03-30 19:06:12,983 [INFO] DbMcusJson:94 - JSON generation date=Mon Feb 08 14:35:07 CET 2021 (1612791307)
2021-03-30 19:06:13,696 [INFO] DbMcus:175 - Found 1906 MCUs (1866 are supported by CubeMX, 1866 are visible in CubeMX)
2021-03-30 19:06:13,700 [INFO] ApiDb:251 - Load user favorites file C:\Users\evers/.stm32cubeide/favorites.mcus.txt: 0 item(s)
2021-03-30 19:06:13,701 [INFO] ApiDb:255 - User favorites MCUs=[]
2021-03-30 19:06:13,701 [INFO] DbMcus:187 - Set 0 / 0 favorites MCUs
2021-03-30 19:06:14,183 [INFO] DetailPanel:310 - Set advertising image to C:/Users/evers/STM32Cube/Repository/\en.PROMOTION_STM32G4x1_MCU_FINDER.jpg
2021-03-30 19:06:14,660 [INFO] DbBoardsPdsc:90 - Found 24 items
2021-03-30 19:06:14,663 [INFO] DbBoardsPdsc:90 - Found 9 items
2021-03-30 19:06:14,667 [INFO] DbBoardsPdsc:90 - Found 33 items
2021-03-30 19:06:14,670 [INFO] DbBoardsPdsc:90 - Found 1 items
2021-03-30 19:06:14,676 [INFO] DbBoardsPdsc:90 - Found 46 items
2021-03-30 19:06:14,684 [INFO] DbBoardsPdsc:90 - Found 41 items
2021-03-30 19:06:14,686 [INFO] DbBoardsPdsc:90 - Found 2 items
2021-03-30 19:06:14,689 [INFO] DbBoardsPdsc:90 - Found 5 items
2021-03-30 19:06:14,691 [WARN] DbBoardsPdsc:254 - Board NUCLEO-WB15CC: unknown feature type=, name=, username=Three user LEDs, n=1
2021-03-30 19:06:14,692 [WARN] DbBoardsPdsc:254 - Board NUCLEO-WB15CC: unknown feature type=, name=, username=One reset and three user push-buttons, n=1
2021-03-30 19:06:14,692 [WARN] DbBoardsPdsc:254 - Board NUCLEO-WB15CC: unknown feature type=, name=, username=Arduino Uno V3 expansion connector, n=1
2021-03-30 19:06:14,692 [WARN] DbBoardsPdsc:254 - Board NUCLEO-WB15CC: unknown feature type=, name=, username=ST morpho extension pin headers for full access to all STM32WB I/Os, n=1
2021-03-30 19:06:14,692 [WARN] DbBoardsPdsc:254 - Board NUCLEO-WB15CC: unknown feature type=, name=, username=Integrated PCB antenna and SMA connector footprint, n=1
2021-03-30 19:06:14,692 [WARN] DbBoardsPdsc:254 - Board NUCLEO-WB15CC: unknown feature type=, name=, username=Flexible power-supply options: ST-LINK, USB VBUS, or external sources, n=1
2021-03-30 19:06:14,692 [WARN] DbBoardsPdsc:254 - Board NUCLEO-WB15CC: unknown feature type=, name=, username=On-board footprint to mount a CR2032 battery socket, n=1
2021-03-30 19:06:14,692 [WARN] DbBoardsPdsc:254 - Board NUCLEO-WB15CC: unknown feature type=, name=, username=On-board ST-LINK/V2-1 debugger/programmer with USB re-enumeration capability: mass storage, Virtual COM port, and debug port, n=1
2021-03-30 19:06:14,692 [WARN] DbBoardsPdsc:254 - Board NUCLEO-WB15CC: unknown feature type=, name=, username=Comprehensive free software libraries and examples available with the STM32CubeWB MCU Package, n=1
2021-03-30 19:06:14,692 [WARN] DbBoardsPdsc:254 - Board NUCLEO-WB15CC: unknown feature type=, name=, username=Support of a wide choice of Integrated Development Environments (IDEs) including IAR Embedded Workbench, MDK-ARM, STM32CubeIDE, and Mbed Studio, n=1
2021-03-30 19:06:14,694 [WARN] DbBoardsPdsc:254 - Board STM32H7B3I-DK: unknown feature type=Audio, name=, username=Audio stereo codec with Headphone Amp (CS42L51-CNZ), n=1
2021-03-30 19:06:14,694 [WARN] DbBoardsPdsc:254 - Board STM32H735G-DK: unknown feature type=Audio, name=, username=Audio stereo codec with Headphone Amp (WM8994ECS/R), n=1
2021-03-30 19:06:14,695 [WARN] DbBoardsPdsc:254 - Board STM32WB5MM-DK: unknown feature type=, name=, username=Time-of-Flight and gesture-detection sensor, n=1
2021-03-30 19:06:14,695 [WARN] DbBoardsPdsc:254 - Board STM32WB5MM-DK: unknown feature type=, name=, username=3 push-buttons (2 users and 1 reset) and 1 touch key button, n=1
2021-03-30 19:06:14,695 [WARN] DbBoardsPdsc:254 - Board STM32WB5MM-DK: unknown feature type=, name=, username=Flexible power-supply options: ST-LINK/V2-1 USB connector, 5 V delivered by ARDUINO® or external connector, USB charger, or USB power, n=1
2021-03-30 19:06:14,695 [WARN] DbBoardsPdsc:254 - Board STM32WB5MM-DK: unknown feature type=, name=, username=On-board ST-LINK/V2-1 debugger/programmer with USB re-enumeration capability: Virtual COM port and debug port, n=1
2021-03-30 19:06:14,695 [WARN] DbBoardsPdsc:254 - Board STM32WB5MM-DK: unknown feature type=, name=, username=Comprehensive free software libraries and examples available with the STM32CubeWB MCU Package, n=1
2021-03-30 19:06:14,695 [WARN] DbBoardsPdsc:254 - Board STM32WB5MM-DK: unknown feature type=, name=, username=Support of a wide choice of Integrated Development Environments (IDEs) including IAR Embedded Workbench®, MDK-ARM, and STM32CubeIDE, n=1
2021-03-30 19:06:14,696 [WARN] DbBoardsPdsc:254 - Board STM32H7B3I-EVAL: unknown feature type=Audio, name=, username=Multi-Channel Audio Codec (CS42L51-CNZ), n=1
2021-03-30 19:06:14,696 [WARN] DbBoardsPdsc:254 - Board STM32H7B3I-EVAL: unknown feature type=Meter, name=, username=Power-metering and Temperature-monitoring with sigma-delta modulators, n=1
2021-03-30 19:06:14,696 [WARN] DbBoardsPdsc:254 - Board STM32H7B3I-EVAL: unknown feature type=Motor, name=, username=Motor Control, n=1
2021-03-30 19:06:14,729 [INFO] DbBoardsJson:87 - JSON generation date=Thu Feb 04 17:53:45 CET 2021 (1612457625)
2021-03-30 19:06:14,735 [INFO] DbBoards:117 - Found 161 boards (158 are supported by CubeMX)
2021-03-30 19:06:14,754 [INFO] DbBoardsDocs:143 - JSON generation date=Mon Feb 08 14:35:07 CET 2021 (1612791307)
2021-03-30 19:06:14,784 [INFO] DbBoardsDocs:79 - Found 193 boards documents
2021-03-30 19:06:14,785 [WARN] DbBoards:127 - board B-L462E-CELL1 has no document id list !
2021-03-30 19:06:14,785 [WARN] DbBoards:127 - board B-L475E-IOT01A2 has no document id list !
2021-03-30 19:06:14,796 [WARN] DbBoards:127 - board NUCLEO-G0B1RE has no document id list !
2021-03-30 19:06:14,796 [WARN] DbBoards:127 - board NUCLEO-H743ZI2 has no document id list !
2021-03-30 19:06:14,797 [WARN] DbBoards:127 - board NUCLEO-L4A6ZG has no document id list !
2021-03-30 19:06:14,798 [WARN] DbBoards:127 - board NUCLEO-WB15CC has no document id list !
2021-03-30 19:06:14,798 [WARN] DbBoards:127 - board NUCLEO-WB55RG has no document id list !
2021-03-30 19:06:14,798 [WARN] DbBoards:127 - board NUCLEO-WL55JC2 has no document id list !
2021-03-30 19:06:14,798 [WARN] DbBoards:127 - board P-NUCLEO-WB55-Nucleo has no document id list !
2021-03-30 19:06:14,798 [WARN] DbBoards:127 - board P-NUCLEO-WB55-USBDongle has no document id list !
2021-03-30 19:06:14,798 [WARN] DbBoards:127 - board STEVAL-BFA001V1B has no document id list !
2021-03-30 19:06:14,799 [WARN] DbBoards:127 - board STEVAL-BFA001V2B has no document id list !
2021-03-30 19:06:14,799 [WARN] DbBoards:127 - board STEVAL-IDP005V1 has no document id list !
2021-03-30 19:06:14,799 [WARN] DbBoards:127 - board STEVAL-IDP005V2 has no document id list !
2021-03-30 19:06:14,799 [WARN] DbBoards:127 - board STEVAL-MKSBOX1V1 has no document id list !
2021-03-30 19:06:14,799 [WARN] DbBoards:127 - board STEVAL-STWINKT1 has no document id list !
2021-03-30 19:06:14,799 [WARN] DbBoards:127 - board STEVAL-STWINKT1B has no document id list !
2021-03-30 19:06:14,800 [WARN] DbBoards:127 - board STM32F401C-DISCO has no document id list !
2021-03-30 19:06:14,800 [WARN] DbBoards:127 - board STM32F769I-DISC1 has no document id list !
2021-03-30 19:06:14,801 [WARN] DbBoards:127 - board STM32G0C1E-EV has no document id list !
2021-03-30 19:06:14,801 [WARN] DbBoards:127 - board STM32G474E-EVAL1 has no document id list !
2021-03-30 19:06:14,801 [WARN] DbBoards:127 - board STM32H743I-EVAL2 has no document id list !
2021-03-30 19:06:14,801 [WARN] DbBoards:127 - board STM32H747I-DISC1 has no document id list !
2021-03-30 19:06:14,802 [WARN] DbBoards:127 - board STM32H753I-EVAL2 has no document id list !
2021-03-30 19:06:14,802 [WARN] DbBoards:127 - board STM32L-DISCOVERY has no document id list !
2021-03-30 19:06:14,803 [WARN] DbBoards:127 - board STM32MP157A-DK1 has no document id list !
2021-03-30 19:06:14,803 [WARN] DbBoards:127 - board STM32MP157F-DK2 has no document id list !
2021-03-30 19:06:14,803 [WARN] DbBoards:127 - board STM32MP157F-EV1 has no document id list !
2021-03-30 19:06:14,803 [WARN] DbBoards:127 - board STM32WB5MM-DK has no document id list !
2021-03-30 19:06:16,427 [INFO] ApiDb:251 - Load user favorites file C:\Users\evers/.stm32cubeide/favorites.boards.txt: 1 item(s)
2021-03-30 19:06:16,428 [INFO] ApiDb:255 - User favorites Boards=[NUCLEO-L476RG]
2021-03-30 19:06:16,428 [INFO] DbBoards:206 - Set 1 / 1 favorites Boards
2021-03-30 19:06:19,480 [INFO] MultiScanPanel:200 - Auto-refresh data requested => check proxy status ongoing
2021-03-30 19:06:19,558 [INFO] DetailPanel:310 - Set advertising image to C:/Users/evers/STM32Cube/Repository/\en.PROMOTION_STM32G4x1_MCU_FINDER.jpg
2021-03-30 19:07:17,659 [INFO] ApiDb:276 - Save user favorites file C:\Users\evers/.stm32cubeide/favorites.mcus.txt: 0 item(s)
2021-03-30 19:07:17,660 [INFO] ApiDb:280 - User favorites MCUs=[]
2021-03-30 19:07:17,664 [INFO] ApiDb:276 - Save user favorites file C:\Users\evers/.stm32cubeide/favorites.boards.txt: 1 item(s)
2021-03-30 19:07:17,665 [INFO] ApiDb:280 - User favorites Boards=[NUCLEO-L476RG]
2021-04-02 20:40:46,383 [INFO] Activator:170 - 


2021-04-02 20:40:46,385 [INFO] Activator:171 - !SESSION log4j initialized
