2021-07-01 16:41:01,670 [INFO] Activator:170 - 


2021-07-01 16:41:01,672 [INFO] Activator:171 - !SESSION log4j initialized
2021-07-01 16:41:08,365 [INFO] McuFinderGlobals:39 - Set McuFinder mode to 2 (CubeIDE integrated)
2021-07-01 16:41:08,583 [INFO] ApplicationProperties:181 - Using Application install path: C:\ST\STM32CubeIDE_1.6.1\STM32CubeIDE\plugins\com.st.stm32cube.common.mx_6.2.1.202103241236
2021-07-01 16:41:08,599 [INFO] DbMcusXml:74 - Set database path to: C:\ST\STM32CubeIDE_1.6.1\STM32CubeIDE\plugins\com.st.stm32cube.common.mx_6.2.1.202103241236\\db\/mcu/
2021-07-01 16:41:08,604 [INFO] DbBoardsPdsc:56 - Set plugin database path to: C:\ST\STM32CubeIDE_1.6.1\STM32CubeIDE\plugins\com.st.stm32cube.common.mx_6.2.1.202103241236\\db\/plugins/boardmanager/
2021-07-01 16:41:08,605 [INFO] DbMcus:258 - Set plugin images path to: C:\ST\STM32CubeIDE_1.6.1\STM32CubeIDE\plugins\com.st.stm32cube.common.mx_6.2.1.202103241236\\db\/plugins/mcufinder/images/
2021-07-01 16:41:08,605 [INFO] DbBoards:264 - Set plugin images path to: C:\ST\STM32CubeIDE_1.6.1\STM32CubeIDE\plugins\com.st.stm32cube.common.mx_6.2.1.202103241236\\db\/plugins/mcufinder/images/
2021-07-01 16:41:08,608 [INFO] DbExamples:333 - Set plugin images path to: C:\ST\STM32CubeIDE_1.6.1\STM32CubeIDE\plugins\com.st.stm32cube.common.mx_6.2.1.202103241236\\db\/plugins/mcufinder/images/
2021-07-01 16:41:08,622 [INFO] DbMcusAds:85 - Set database path to: C:\Users\evers\.stmcufinder\plugins\mcufinder//mcu/
2021-07-01 16:41:08,624 [INFO] DbMcusDocs:110 - Set database path to: C:\Users\evers\.stmcufinder\plugins\mcufinder//mcu/
2021-07-01 16:41:08,626 [INFO] DbMcusJson:65 - Set database path to: C:\Users\evers\.stmcufinder\plugins\mcufinder//mcu/
2021-07-01 16:41:08,627 [INFO] DbBoardsDocs:110 - Set database path to: C:\Users\evers\.stmcufinder\plugins\mcufinder//mcu/
2021-07-01 16:41:08,628 [INFO] DbBoardsJson:58 - Set database path to: C:\Users\evers\.stmcufinder\plugins\mcufinder//mcu/
2021-07-01 16:41:08,633 [INFO] CrossReferenceDbSqlite:196 - Set database path to: C:\Users\evers\.stmcufinder\plugins\mcufinder//mcu/cs/
2021-07-01 16:41:08,636 [INFO] DbExamplesSqlite:690 - Set database path to: C:\Users\evers\.stmcufinder\plugins\mcufinder//mcu/
2021-07-01 16:41:08,741 [INFO] RulesReader:52 - Compatibility file has been processed (237 Rules)
2021-07-01 16:41:08,850 [INFO] MicroXplorer:622 - Detected Java Version = 11.0.9.1
2021-07-01 16:41:08,851 [INFO] DbMcusXml:74 - Set database path to: C:\ST\STM32CubeIDE_1.6.1\STM32CubeIDE\plugins\com.st.stm32cube.common.mx_6.2.1.202103241236\\db\/mcu/
2021-07-01 16:41:08,851 [INFO] DbBoardsPdsc:56 - Set plugin database path to: C:\ST\STM32CubeIDE_1.6.1\STM32CubeIDE\plugins\com.st.stm32cube.common.mx_6.2.1.202103241236\\db\/plugins/boardmanager/
2021-07-01 16:41:08,851 [INFO] DbMcus:258 - Set plugin images path to: C:\ST\STM32CubeIDE_1.6.1\STM32CubeIDE\plugins\com.st.stm32cube.common.mx_6.2.1.202103241236\\db\/plugins/mcufinder/images/
2021-07-01 16:41:08,851 [INFO] DbBoards:264 - Set plugin images path to: C:\ST\STM32CubeIDE_1.6.1\STM32CubeIDE\plugins\com.st.stm32cube.common.mx_6.2.1.202103241236\\db\/plugins/mcufinder/images/
2021-07-01 16:41:08,851 [INFO] DbExamples:333 - Set plugin images path to: C:\ST\STM32CubeIDE_1.6.1\STM32CubeIDE\plugins\com.st.stm32cube.common.mx_6.2.1.202103241236\\db\/plugins/mcufinder/images/
2021-07-01 16:41:08,851 [WARN] DbFile:35 - Overriding database path with different value: C:\Users\evers\.stmcufinder\plugins\mcufinder/ => C:\Users\evers\.stmcufinder\plugins\mcufinder
2021-07-01 16:41:08,852 [INFO] DbMcusAds:85 - Set database path to: C:\Users\evers\.stmcufinder\plugins\mcufinder//mcu/
2021-07-01 16:41:08,852 [WARN] DbFile:35 - Overriding database path with different value: C:\Users\evers\.stmcufinder\plugins\mcufinder/ => C:\Users\evers\.stmcufinder\plugins\mcufinder
2021-07-01 16:41:08,852 [INFO] DbMcusDocs:110 - Set database path to: C:\Users\evers\.stmcufinder\plugins\mcufinder//mcu/
2021-07-01 16:41:08,852 [WARN] DbFile:35 - Overriding database path with different value: C:\Users\evers\.stmcufinder\plugins\mcufinder/ => C:\Users\evers\.stmcufinder\plugins\mcufinder
2021-07-01 16:41:08,852 [INFO] DbMcusJson:65 - Set database path to: C:\Users\evers\.stmcufinder\plugins\mcufinder//mcu/
2021-07-01 16:41:08,853 [WARN] DbFile:35 - Overriding database path with different value: C:\Users\evers\.stmcufinder\plugins\mcufinder/ => C:\Users\evers\.stmcufinder\plugins\mcufinder
2021-07-01 16:41:08,853 [INFO] DbBoardsDocs:110 - Set database path to: C:\Users\evers\.stmcufinder\plugins\mcufinder//mcu/
2021-07-01 16:41:08,853 [WARN] DbFile:35 - Overriding database path with different value: C:\Users\evers\.stmcufinder\plugins\mcufinder/ => C:\Users\evers\.stmcufinder\plugins\mcufinder
2021-07-01 16:41:08,853 [INFO] DbBoardsJson:58 - Set database path to: C:\Users\evers\.stmcufinder\plugins\mcufinder//mcu/
2021-07-01 16:41:08,853 [WARN] DbFile:35 - Overriding database path with different value: C:\Users\evers\.stmcufinder\plugins\mcufinder/ => C:\Users\evers\.stmcufinder\plugins\mcufinder
2021-07-01 16:41:08,853 [WARN] DbFile:35 - Overriding database path with different value: C:\Users\evers\.stmcufinder\plugins\mcufinder/ => C:\Users\evers\.stmcufinder\plugins\mcufinder
2021-07-01 16:41:08,853 [INFO] CrossReferenceDbSqlite:196 - Set database path to: C:\Users\evers\.stmcufinder\plugins\mcufinder//mcu/cs/
2021-07-01 16:41:08,853 [WARN] DbFile:35 - Overriding database path with different value: C:\Users\evers\.stmcufinder\plugins\mcufinder/ => C:\Users\evers\.stmcufinder\plugins\mcufinder
2021-07-01 16:41:08,854 [INFO] DbExamplesSqlite:690 - Set database path to: C:\Users\evers\.stmcufinder\plugins\mcufinder//mcu/
2021-07-01 16:41:08,925 [INFO] MainPanel:204 - HeapMemory: 268435456
2021-07-01 16:41:09,004 [INFO] DbMcusXml:74 - Set database path to: C:\ST\STM32CubeIDE_1.6.1\STM32CubeIDE\plugins\com.st.stm32cube.common.mx_6.2.1.202103241236\\db\/mcu/
2021-07-01 16:41:09,005 [INFO] DbBoardsPdsc:56 - Set plugin database path to: C:\ST\STM32CubeIDE_1.6.1\STM32CubeIDE\plugins\com.st.stm32cube.common.mx_6.2.1.202103241236\\db\/plugins/boardmanager/
2021-07-01 16:41:09,005 [INFO] DbMcus:258 - Set plugin images path to: C:\ST\STM32CubeIDE_1.6.1\STM32CubeIDE\plugins\com.st.stm32cube.common.mx_6.2.1.202103241236\\db\/plugins/mcufinder/images/
2021-07-01 16:41:09,005 [INFO] DbBoards:264 - Set plugin images path to: C:\ST\STM32CubeIDE_1.6.1\STM32CubeIDE\plugins\com.st.stm32cube.common.mx_6.2.1.202103241236\\db\/plugins/mcufinder/images/
2021-07-01 16:41:09,005 [INFO] DbExamples:333 - Set plugin images path to: C:\ST\STM32CubeIDE_1.6.1\STM32CubeIDE\plugins\com.st.stm32cube.common.mx_6.2.1.202103241236\\db\/plugins/mcufinder/images/
2021-07-01 16:41:09,006 [WARN] DbFile:35 - Overriding database path with different value: C:\Users\evers\.stmcufinder\plugins\mcufinder/ => C:\Users\evers\.stmcufinder\plugins\mcufinder
2021-07-01 16:41:09,006 [INFO] DbMcusAds:85 - Set database path to: C:\Users\evers\.stmcufinder\plugins\mcufinder//mcu/
2021-07-01 16:41:09,006 [WARN] DbFile:35 - Overriding database path with different value: C:\Users\evers\.stmcufinder\plugins\mcufinder/ => C:\Users\evers\.stmcufinder\plugins\mcufinder
2021-07-01 16:41:09,006 [INFO] DbMcusDocs:110 - Set database path to: C:\Users\evers\.stmcufinder\plugins\mcufinder//mcu/
2021-07-01 16:41:09,006 [WARN] DbFile:35 - Overriding database path with different value: C:\Users\evers\.stmcufinder\plugins\mcufinder/ => C:\Users\evers\.stmcufinder\plugins\mcufinder
2021-07-01 16:41:09,007 [INFO] DbMcusJson:65 - Set database path to: C:\Users\evers\.stmcufinder\plugins\mcufinder//mcu/
2021-07-01 16:41:09,007 [WARN] DbFile:35 - Overriding database path with different value: C:\Users\evers\.stmcufinder\plugins\mcufinder/ => C:\Users\evers\.stmcufinder\plugins\mcufinder
2021-07-01 16:41:09,007 [INFO] DbBoardsDocs:110 - Set database path to: C:\Users\evers\.stmcufinder\plugins\mcufinder//mcu/
2021-07-01 16:41:09,007 [WARN] DbFile:35 - Overriding database path with different value: C:\Users\evers\.stmcufinder\plugins\mcufinder/ => C:\Users\evers\.stmcufinder\plugins\mcufinder
2021-07-01 16:41:09,007 [INFO] DbBoardsJson:58 - Set database path to: C:\Users\evers\.stmcufinder\plugins\mcufinder//mcu/
2021-07-01 16:41:09,007 [WARN] DbFile:35 - Overriding database path with different value: C:\Users\evers\.stmcufinder\plugins\mcufinder/ => C:\Users\evers\.stmcufinder\plugins\mcufinder
2021-07-01 16:41:09,007 [WARN] DbFile:35 - Overriding database path with different value: C:\Users\evers\.stmcufinder\plugins\mcufinder/ => C:\Users\evers\.stmcufinder\plugins\mcufinder
2021-07-01 16:41:09,007 [INFO] CrossReferenceDbSqlite:196 - Set database path to: C:\Users\evers\.stmcufinder\plugins\mcufinder//mcu/cs/
2021-07-01 16:41:09,007 [WARN] DbFile:35 - Overriding database path with different value: C:\Users\evers\.stmcufinder\plugins\mcufinder/ => C:\Users\evers\.stmcufinder\plugins\mcufinder
2021-07-01 16:41:09,008 [INFO] DbExamplesSqlite:690 - Set database path to: C:\Users\evers\.stmcufinder\plugins\mcufinder//mcu/
2021-07-01 16:41:09,029 [INFO] ApplicationProperties:181 - Using Application install path: C:\ST\STM32CubeIDE_1.6.1\STM32CubeIDE\plugins\com.st.stm32cube.common.mx_6.2.1.202103241236
2021-07-01 16:41:09,030 [INFO] PluginManage:178 - Search for loadable plugins [exclusion list=, ]
2021-07-01 16:41:09,032 [INFO] PluginManage:292 - Check plugin analytics
2021-07-01 16:41:09,184 [INFO] AnalyticsPlugin:233 - Accepted Software Licenses: STM32CubeMX.6.0.1,STM32CubeMX.6.1.1,STM32CubeMX.6.1.2,STM32CubeMX.6.2.0
2021-07-01 16:41:09,185 [INFO] AnalyticsPlugin:235 - Accepted CMSIS Pack Licenses: 
2021-07-01 16:41:09,185 [INFO] AnalyticsPlugin:237 - Accepted Firmware Licenses: 
2021-07-01 16:41:09,185 [INFO] PluginManage:342 - Loaded plugin analytics (category:tool,tabindex:-1)
2021-07-01 16:41:09,185 [INFO] PluginManage:292 - Check plugin clock
2021-07-01 16:41:09,201 [INFO] PluginManage:342 - Loaded plugin clock (category:base,tabindex:2)
2021-07-01 16:41:09,202 [INFO] PluginManage:292 - Check plugin ddr
2021-07-01 16:41:09,204 [INFO] PluginManage:342 - Loaded plugin ddr (category:tool,tabindex:6)
2021-07-01 16:41:09,205 [INFO] PluginManage:292 - Check plugin filemanager
2021-07-01 16:41:09,325 [INFO] PluginManage:342 - Loaded plugin filemanager (category:base,tabindex:10)
2021-07-01 16:41:09,325 [INFO] PluginManage:292 - Check plugin ipmanager
2021-07-01 16:41:09,334 [INFO] PluginManage:342 - Loaded plugin ipmanager (category:base,tabindex:5)
2021-07-01 16:41:09,334 [INFO] PluginManage:292 - Check plugin pinoutandconfiguration
2021-07-01 16:41:09,345 [INFO] PluginManage:342 - Loaded plugin pinoutandconfiguration (category:base,tabindex:1)
2021-07-01 16:41:09,345 [INFO] PluginManage:292 - Check plugin pinoutconfig
2021-07-01 16:41:09,372 [INFO] PluginManage:342 - Loaded plugin pinoutconfig (category:base,tabindex:0)
2021-07-01 16:41:09,372 [INFO] PluginManage:292 - Check plugin power
2021-07-01 16:41:09,389 [INFO] PluginManage:342 - Loaded plugin power (category:power,tabindex:4)
2021-07-01 16:41:09,390 [INFO] PluginManage:292 - Check plugin projectmanager
2021-07-01 16:41:09,410 [INFO] PluginManage:342 - Loaded plugin projectmanager (category:projectmanager,tabindex:3)
2021-07-01 16:41:09,410 [INFO] PluginManage:292 - Check plugin thirdparty
2021-07-01 16:41:09,556 [INFO] PluginManage:342 - Loaded plugin thirdparty (category:base,tabindex:-1)
2021-07-01 16:41:09,556 [INFO] PluginManage:292 - Check plugin tools
2021-07-01 16:41:09,557 [WARN] IntegrityCheckThread:59 - waiting for thirdparty lock release [integrity check]
2021-07-01 16:41:09,558 [INFO] IntegrityCheckThread:61 - entering critical section [integrity check]
2021-07-01 16:41:09,558 [INFO] ThirdPartyUpdaterWithRetryManager:56 - Updater plugin not ready yet. [1/15]
2021-07-01 16:41:09,560 [INFO] PluginManage:342 - Loaded plugin tools (category:base,tabindex:7)
2021-07-01 16:41:09,561 [INFO] PluginManage:292 - Check plugin tutovideos
2021-07-01 16:41:09,793 [INFO] PluginManage:342 - Loaded plugin tutovideos (category:base,tabindex:-1)
2021-07-01 16:41:09,793 [INFO] PluginManage:292 - Check plugin updater
2021-07-01 16:41:09,808 [INFO] PluginManage:342 - Loaded plugin updater (category:base,tabindex:12)
2021-07-01 16:41:09,808 [INFO] PluginManage:265 - PluginManage : Loaded plugins [13]
2021-07-01 16:41:10,003 [INFO] PinOutPanel:1435 - setPackage(No Configuration,No Configuration)
2021-07-01 16:41:10,094 [INFO] IPUIPlugin:64 - create IPUIPlugin
2021-07-01 16:41:10,094 [INFO] PluginManager:203 - loadIPPluginJar : add adc
2021-07-01 16:41:10,097 [INFO] IPUIPlugin:64 - create IPUIPlugin
2021-07-01 16:41:10,097 [INFO] PluginManager:203 - loadIPPluginJar : add aes
2021-07-01 16:41:10,101 [INFO] IPUIPlugin:64 - create IPUIPlugin
2021-07-01 16:41:10,101 [INFO] PluginManager:203 - loadIPPluginJar : add can
2021-07-01 16:41:10,103 [INFO] IPUIPlugin:64 - create IPUIPlugin
2021-07-01 16:41:10,104 [INFO] PluginManager:203 - loadIPPluginJar : add comp
2021-07-01 16:41:10,107 [INFO] IPUIPlugin:64 - create IPUIPlugin
2021-07-01 16:41:10,107 [INFO] PluginManager:203 - loadIPPluginJar : add cryp
2021-07-01 16:41:10,110 [INFO] IPUIPlugin:64 - create IPUIPlugin
2021-07-01 16:41:10,111 [INFO] PluginManager:203 - loadIPPluginJar : add dfsdm
2021-07-01 16:41:10,117 [INFO] IPUIPlugin:64 - create IPUIPlugin
2021-07-01 16:41:10,118 [INFO] PluginManager:203 - loadIPPluginJar : add dma
2021-07-01 16:41:10,121 [INFO] IPUIPlugin:64 - create IPUIPlugin
2021-07-01 16:41:10,121 [INFO] PluginManager:203 - loadIPPluginJar : add fatfs
2021-07-01 16:41:10,125 [INFO] IPUIPlugin:64 - create IPUIPlugin
2021-07-01 16:41:10,126 [INFO] PluginManager:203 - loadIPPluginJar : add fmc
2021-07-01 16:41:10,133 [INFO] IPUIPlugin:64 - create IPUIPlugin
2021-07-01 16:41:10,133 [INFO] PluginManager:203 - loadIPPluginJar : add freertos
2021-07-01 16:41:10,135 [INFO] IPUIPlugin:64 - create IPUIPlugin
2021-07-01 16:41:10,135 [INFO] PluginManager:203 - loadIPPluginJar : add genericplugin
2021-07-01 16:41:10,138 [INFO] IPUIPlugin:64 - create IPUIPlugin
2021-07-01 16:41:10,139 [INFO] PluginManager:203 - loadIPPluginJar : add gfxmmu
2021-07-01 16:41:10,144 [INFO] IPUIPlugin:64 - create IPUIPlugin
2021-07-01 16:41:10,144 [INFO] PluginManager:203 - loadIPPluginJar : add gic
2021-07-01 16:41:10,149 [INFO] IPUIPlugin:64 - create IPUIPlugin
2021-07-01 16:41:10,149 [INFO] PluginManager:203 - loadIPPluginJar : add gpio
2021-07-01 16:41:10,152 [INFO] IPUIPlugin:64 - create IPUIPlugin
2021-07-01 16:41:10,152 [INFO] PluginManager:203 - loadIPPluginJar : add gtzc
2021-07-01 16:41:10,155 [INFO] IPUIPlugin:64 - create IPUIPlugin
2021-07-01 16:41:10,155 [INFO] PluginManager:203 - loadIPPluginJar : add hash
2021-07-01 16:41:10,159 [INFO] IPUIPlugin:64 - create IPUIPlugin
2021-07-01 16:41:10,159 [INFO] PluginManager:203 - loadIPPluginJar : add i2c
2021-07-01 16:41:10,162 [INFO] IPUIPlugin:64 - create IPUIPlugin
2021-07-01 16:41:10,162 [INFO] PluginManager:203 - loadIPPluginJar : add i2s
2021-07-01 16:41:10,166 [INFO] IPUIPlugin:64 - create IPUIPlugin
2021-07-01 16:41:10,166 [INFO] PluginManager:203 - loadIPPluginJar : add ipddr
2021-07-01 16:41:10,169 [INFO] IPUIPlugin:64 - create IPUIPlugin
2021-07-01 16:41:10,169 [INFO] PluginManager:203 - loadIPPluginJar : add lorawan
2021-07-01 16:41:10,172 [INFO] IPUIPlugin:64 - create IPUIPlugin
2021-07-01 16:41:10,172 [INFO] PluginManager:203 - loadIPPluginJar : add ltdc
2021-07-01 16:41:10,176 [INFO] IPUIPlugin:64 - create IPUIPlugin
2021-07-01 16:41:10,176 [INFO] PluginManager:203 - loadIPPluginJar : add mdma
2021-07-01 16:41:10,180 [INFO] IPUIPlugin:64 - create IPUIPlugin
2021-07-01 16:41:10,180 [INFO] PluginManager:203 - loadIPPluginJar : add nvic
2021-07-01 16:41:10,184 [INFO] IPUIPlugin:64 - create IPUIPlugin
2021-07-01 16:41:10,184 [INFO] PluginManager:203 - loadIPPluginJar : add opamp
2021-07-01 16:41:10,188 [INFO] IPUIPlugin:64 - create IPUIPlugin
2021-07-01 16:41:10,188 [INFO] PluginManager:203 - loadIPPluginJar : add openamp
2021-07-01 16:41:10,191 [INFO] IPUIPlugin:64 - create IPUIPlugin
2021-07-01 16:41:10,192 [INFO] PluginManager:203 - loadIPPluginJar : add pdm2pcm
2021-07-01 16:41:10,198 [INFO] IPUIPlugin:64 - create IPUIPlugin
2021-07-01 16:41:10,201 [INFO] PluginManager:203 - loadIPPluginJar : add plateformsettings
2021-07-01 16:41:10,203 [INFO] IPUIPlugin:64 - create IPUIPlugin
2021-07-01 16:41:10,204 [INFO] PluginManager:203 - loadIPPluginJar : add quadspi
2021-07-01 16:41:10,208 [INFO] IPUIPlugin:64 - create IPUIPlugin
2021-07-01 16:41:10,209 [INFO] PluginManager:203 - loadIPPluginJar : add resmgrutility
2021-07-01 16:41:10,212 [INFO] IPUIPlugin:64 - create IPUIPlugin
2021-07-01 16:41:10,212 [INFO] PluginManager:203 - loadIPPluginJar : add sai
2021-07-01 16:41:10,215 [INFO] IPUIPlugin:64 - create IPUIPlugin
2021-07-01 16:41:10,215 [INFO] PluginManager:203 - loadIPPluginJar : add spi
2021-07-01 16:41:10,220 [INFO] IPUIPlugin:64 - create IPUIPlugin
2021-07-01 16:41:10,221 [INFO] PluginManager:203 - loadIPPluginJar : add stm32_wpan
2021-07-01 16:41:10,223 [INFO] IPUIPlugin:64 - create IPUIPlugin
2021-07-01 16:41:10,223 [INFO] PluginManager:203 - loadIPPluginJar : add tim
2021-07-01 16:41:10,227 [INFO] IPUIPlugin:64 - create IPUIPlugin
2021-07-01 16:41:10,227 [INFO] PluginManager:203 - loadIPPluginJar : add touchsensing
2021-07-01 16:41:10,229 [INFO] IPUIPlugin:64 - create IPUIPlugin
2021-07-01 16:41:10,229 [INFO] PluginManager:203 - loadIPPluginJar : add tracer_emb
2021-07-01 16:41:10,232 [INFO] IPUIPlugin:64 - create IPUIPlugin
2021-07-01 16:41:10,232 [INFO] PluginManager:203 - loadIPPluginJar : add ts
2021-07-01 16:41:10,234 [INFO] IPUIPlugin:64 - create IPUIPlugin
2021-07-01 16:41:10,234 [INFO] PluginManager:203 - loadIPPluginJar : add tsc
2021-07-01 16:41:10,236 [INFO] IPUIPlugin:64 - create IPUIPlugin
2021-07-01 16:41:10,236 [INFO] PluginManager:203 - loadIPPluginJar : add ucpd
2021-07-01 16:41:10,239 [INFO] IPUIPlugin:64 - create IPUIPlugin
2021-07-01 16:41:10,240 [INFO] PluginManager:203 - loadIPPluginJar : add usart
2021-07-01 16:41:10,648 [FATAL] Updater:284 - Updater called before beeing initialized
2021-07-01 16:41:10,759 [FATAL] Updater:284 - Updater called before beeing initialized
2021-07-01 16:41:10,764 [INFO] DbMcusAds:132 - JSON generation date=Tue May 11 17:32:49 CEST 2021 (1620747169502)
2021-07-01 16:41:10,764 [FATAL] Updater:284 - Updater called before beeing initialized
2021-07-01 16:41:10,807 [WARN] DetailPanel:315 - Failed to get advertising image, set to default
2021-07-01 16:41:11,003 [FATAL] Updater:284 - Updater called before beeing initialized
2021-07-01 16:41:11,005 [FATAL] Updater:284 - Updater called before beeing initialized
2021-07-01 16:41:11,006 [FATAL] Updater:284 - Updater called before beeing initialized
2021-07-01 16:41:11,006 [WARN] DetailPanel:315 - Failed to get advertising image, set to default
2021-07-01 16:41:11,007 [FATAL] Updater:284 - Updater called before beeing initialized
2021-07-01 16:41:11,052 [FATAL] Updater:284 - Updater called before beeing initialized
2021-07-01 16:41:11,052 [WARN] ThirdParty:796 - waiting for thirdparty lock release [close project]
2021-07-01 16:41:12,564 [INFO] ThirdPartyUpdaterWithRetryManager:56 - Updater plugin not ready yet. [2/15]
2021-07-01 16:41:15,572 [FATAL] Updater:284 - Updater called before beeing initialized
2021-07-01 16:41:15,572 [ERROR] AbstractThirdPartyUpdaterManager:153 - class java.lang.Integer cannot be cast to class java.util.List (java.lang.Integer and java.util.List are in module java.base of loader 'bootstrap')
2021-07-01 16:41:15,573 [INFO] ThirdParty:900 - Integrity check success = false
2021-07-01 16:41:15,574 [INFO] IntegrityCheckThread:75 - exiting critical section [integrity check]
2021-07-01 16:41:15,574 [INFO] IntegrityCheckThread:78 - End integrity checks thread
2021-07-01 16:41:15,574 [INFO] ThirdParty:798 - entering critical section [close project]
2021-07-01 16:41:15,579 [INFO] ThirdParty:809 - exiting critical section [close project]
2021-07-01 16:41:15,590 [INFO] PinOutPanel:1435 - setPackage(No Configuration,No Configuration)
2021-07-01 16:41:15,593 [FATAL] Updater:284 - Updater called before beeing initialized
2021-07-01 16:41:15,613 [ERROR] Updater:1065 - MainUpdater not yet initialized. External WinMGr cannot be set.
2021-07-01 16:41:15,618 [INFO] Updater:1002 - Updater Version found : 6.2.1
2021-07-01 16:41:15,640 [INFO] ApplicationProperties:181 - Using Application install path: C:\ST\STM32CubeIDE_1.6.1\STM32CubeIDE\plugins\com.st.stm32cube.common.mx_6.2.1.202103241236
2021-07-01 16:41:15,790 [INFO] MainUpdater:2661 - connection check result : 10
2021-07-01 16:41:15,791 [INFO] MainUpdater:255 - Updater Check For Update Now.
2021-07-01 16:41:15,792 [INFO] MicroXplorer:472 - Change Database Version : DB.6.0.21
2021-07-01 16:41:15,836 [INFO] CheckServerUpdateThread:102 - End of CheckServer Thread
2021-07-01 16:41:15,913 [INFO] MainUpdater:2661 - connection check result : 10
2021-07-01 16:41:16,048 [INFO] ServerAccessManage:348 - Download File ad.zip
2021-07-01 16:41:16,257 [INFO] FileExtend:225 - Unzip File : ad.zip
2021-07-01 16:41:16,257 [INFO] FileExtend:240 - Standard Zip Deflate
2021-07-01 16:41:16,285 [INFO] LoadUrlFilesThread:135 - End of LoadUrlFiles Thread
2021-07-01 16:41:16,443 [INFO] ServerAccessManage:348 - Download File mcusAds.json._tmp_
2021-07-01 16:41:16,461 [INFO] LoadUrlFilesThread:135 - End of LoadUrlFiles Thread
2021-07-01 16:41:16,605 [INFO] ServerAccessManage:348 - Download File mcusDocs.json._tmp_
2021-07-01 16:41:16,677 [INFO] LoadUrlFilesThread:135 - End of LoadUrlFiles Thread
2021-07-01 16:41:16,754 [INFO] ServerAccessManage:348 - Download File mcusFeaturesAndDescription.json._tmp_
2021-07-01 16:41:17,972 [INFO] LoadUrlFilesThread:135 - End of LoadUrlFiles Thread
2021-07-01 16:41:18,030 [INFO] ServerAccessManage:348 - Download File boardsDocs.json._tmp_
2021-07-01 16:41:18,077 [INFO] LoadUrlFilesThread:135 - End of LoadUrlFiles Thread
2021-07-01 16:41:18,187 [INFO] ServerAccessManage:348 - Download File boards.json._tmp_
2021-07-01 16:41:18,248 [INFO] LoadUrlFilesThread:135 - End of LoadUrlFiles Thread
2021-07-01 16:41:18,299 [INFO] ServerAccessManage:348 - Download File cube-finder-db.zip
2021-07-01 16:41:20,467 [INFO] FileExtend:225 - Unzip File : cube-finder-db.zip
2021-07-01 16:41:20,469 [INFO] FileExtend:240 - Standard Zip Deflate
2021-07-01 16:41:20,827 [INFO] LoadUrlFilesThread:135 - End of LoadUrlFiles Thread
2021-07-01 16:41:21,160 [INFO] ServerAccessManage:348 - Download File crdb.zip
2021-07-01 16:41:21,415 [INFO] FileExtend:225 - Unzip File : crdb.zip
2021-07-01 16:41:21,415 [INFO] FileExtend:240 - Standard Zip Deflate
2021-07-01 16:41:21,443 [INFO] LoadUrlFilesThread:135 - End of LoadUrlFiles Thread
2021-07-01 16:41:21,558 [INFO] ServerAccessManage:348 - Download File tutoVideoDB.zip
2021-07-01 16:41:21,589 [INFO] FileExtend:225 - Unzip File : tutoVideoDB.zip
2021-07-01 16:41:21,590 [INFO] FileExtend:240 - Standard Zip Deflate
2021-07-01 16:41:21,607 [INFO] LoadUrlFilesThread:135 - End of LoadUrlFiles Thread
2021-07-01 16:41:21,609 [INFO] DbMcusAds:132 - JSON generation date=Tue May 11 17:32:49 CEST 2021 (1620747169502)
2021-07-01 16:41:21,632 [INFO] DbMcusDocs:143 - JSON generation date=Mon Jun 07 10:53:21 CEST 2021 (1623056001)
2021-07-01 16:41:21,634 [INFO] DbMcusXml:100 - Load MCU database from C:\ST\STM32CubeIDE_1.6.1\STM32CubeIDE\plugins\com.st.stm32cube.common.mx_6.2.1.202103241236\\db\/mcu/families.xml
2021-07-01 16:41:22,511 [INFO] DbMcusJson:94 - JSON generation date=Mon Jun 07 10:53:21 CEST 2021 (1623056001)
2021-07-01 16:41:23,186 [INFO] DbMcus:175 - Found 1906 MCUs (1866 are supported by CubeMX, 1866 are visible in CubeMX)
2021-07-01 16:41:23,189 [INFO] ApiDb:251 - Load user favorites file C:\Users\evers/.stm32cubeide/favorites.mcus.txt: 0 item(s)
2021-07-01 16:41:23,189 [INFO] ApiDb:255 - User favorites MCUs=[]
2021-07-01 16:41:23,189 [INFO] DbMcus:187 - Set 0 / 0 favorites MCUs
2021-07-01 16:41:23,676 [INFO] DbMcusDocs:79 - Found 669 MCUs documents
2021-07-01 16:41:23,679 [INFO] ApiDb:276 - Save user favorites file C:\Users\evers/.stm32cubeide/favorites.mcus.txt: 0 item(s)
2021-07-01 16:41:23,679 [INFO] ApiDb:280 - User favorites MCUs=[]
2021-07-01 16:41:23,679 [INFO] DbMcusXml:100 - Load MCU database from C:\ST\STM32CubeIDE_1.6.1\STM32CubeIDE\plugins\com.st.stm32cube.common.mx_6.2.1.202103241236\\db\/mcu/families.xml
2021-07-01 16:41:24,389 [INFO] DbMcusJson:94 - JSON generation date=Mon Jun 07 10:53:21 CEST 2021 (1623056001)
2021-07-01 16:41:24,998 [INFO] DbMcus:175 - Found 1906 MCUs (1866 are supported by CubeMX, 1866 are visible in CubeMX)
2021-07-01 16:41:24,999 [INFO] ApiDb:251 - Load user favorites file C:\Users\evers/.stm32cubeide/favorites.mcus.txt: 0 item(s)
2021-07-01 16:41:24,999 [INFO] ApiDb:255 - User favorites MCUs=[]
2021-07-01 16:41:24,999 [INFO] DbMcus:187 - Set 0 / 0 favorites MCUs
2021-07-01 16:41:25,036 [INFO] DbBoardsDocs:143 - JSON generation date=Tue Jun 01 07:52:40 CEST 2021 (1622526760)
2021-07-01 16:41:25,056 [INFO] DbBoardsPdsc:90 - Found 24 items
2021-07-01 16:41:25,065 [INFO] DbBoardsPdsc:90 - Found 9 items
2021-07-01 16:41:25,071 [INFO] DbBoardsPdsc:90 - Found 33 items
2021-07-01 16:41:25,074 [INFO] DbBoardsPdsc:90 - Found 1 items
2021-07-01 16:41:25,083 [INFO] DbBoardsPdsc:90 - Found 46 items
2021-07-01 16:41:25,091 [INFO] DbBoardsPdsc:90 - Found 41 items
2021-07-01 16:41:25,093 [INFO] DbBoardsPdsc:90 - Found 2 items
2021-07-01 16:41:25,095 [INFO] DbBoardsPdsc:90 - Found 5 items
2021-07-01 16:41:25,099 [WARN] DbBoardsPdsc:254 - Board NUCLEO-WB15CC: unknown feature type=, name=, username=Three user LEDs, n=1
2021-07-01 16:41:25,099 [WARN] DbBoardsPdsc:254 - Board NUCLEO-WB15CC: unknown feature type=, name=, username=One reset and three user push-buttons, n=1
2021-07-01 16:41:25,099 [WARN] DbBoardsPdsc:254 - Board NUCLEO-WB15CC: unknown feature type=, name=, username=Arduino Uno V3 expansion connector, n=1
2021-07-01 16:41:25,099 [WARN] DbBoardsPdsc:254 - Board NUCLEO-WB15CC: unknown feature type=, name=, username=ST morpho extension pin headers for full access to all STM32WB I/Os, n=1
2021-07-01 16:41:25,099 [WARN] DbBoardsPdsc:254 - Board NUCLEO-WB15CC: unknown feature type=, name=, username=Integrated PCB antenna and SMA connector footprint, n=1
2021-07-01 16:41:25,099 [WARN] DbBoardsPdsc:254 - Board NUCLEO-WB15CC: unknown feature type=, name=, username=Flexible power-supply options: ST-LINK, USB VBUS, or external sources, n=1
2021-07-01 16:41:25,099 [WARN] DbBoardsPdsc:254 - Board NUCLEO-WB15CC: unknown feature type=, name=, username=On-board footprint to mount a CR2032 battery socket, n=1
2021-07-01 16:41:25,099 [WARN] DbBoardsPdsc:254 - Board NUCLEO-WB15CC: unknown feature type=, name=, username=On-board ST-LINK/V2-1 debugger/programmer with USB re-enumeration capability: mass storage, Virtual COM port, and debug port, n=1
2021-07-01 16:41:25,099 [WARN] DbBoardsPdsc:254 - Board NUCLEO-WB15CC: unknown feature type=, name=, username=Comprehensive free software libraries and examples available with the STM32CubeWB MCU Package, n=1
2021-07-01 16:41:25,099 [WARN] DbBoardsPdsc:254 - Board NUCLEO-WB15CC: unknown feature type=, name=, username=Support of a wide choice of Integrated Development Environments (IDEs) including IAR Embedded Workbench, MDK-ARM, STM32CubeIDE, and Mbed Studio, n=1
2021-07-01 16:41:25,101 [WARN] DbBoardsPdsc:254 - Board STM32H7B3I-DK: unknown feature type=Audio, name=, username=Audio stereo codec with Headphone Amp (CS42L51-CNZ), n=1
2021-07-01 16:41:25,102 [WARN] DbBoardsPdsc:254 - Board STM32H735G-DK: unknown feature type=Audio, name=, username=Audio stereo codec with Headphone Amp (WM8994ECS/R), n=1
2021-07-01 16:41:25,102 [WARN] DbBoardsPdsc:254 - Board STM32WB5MM-DK: unknown feature type=, name=, username=Time-of-Flight and gesture-detection sensor, n=1
2021-07-01 16:41:25,102 [WARN] DbBoardsPdsc:254 - Board STM32WB5MM-DK: unknown feature type=, name=, username=3 push-buttons (2 users and 1 reset) and 1 touch key button, n=1
2021-07-01 16:41:25,102 [WARN] DbBoardsPdsc:254 - Board STM32WB5MM-DK: unknown feature type=, name=, username=Flexible power-supply options: ST-LINK/V2-1 USB connector, 5 V delivered by ARDUINO速 or external connector, USB charger, or USB power, n=1
2021-07-01 16:41:25,102 [WARN] DbBoardsPdsc:254 - Board STM32WB5MM-DK: unknown feature type=, name=, username=On-board ST-LINK/V2-1 debugger/programmer with USB re-enumeration capability: Virtual COM port and debug port, n=1
2021-07-01 16:41:25,102 [WARN] DbBoardsPdsc:254 - Board STM32WB5MM-DK: unknown feature type=, name=, username=Comprehensive free software libraries and examples available with the STM32CubeWB MCU Package, n=1
2021-07-01 16:41:25,102 [WARN] DbBoardsPdsc:254 - Board STM32WB5MM-DK: unknown feature type=, name=, username=Support of a wide choice of Integrated Development Environments (IDEs) including IAR Embedded Workbench速, MDK-ARM, and STM32CubeIDE, n=1
2021-07-01 16:41:25,104 [WARN] DbBoardsPdsc:254 - Board STM32H7B3I-EVAL: unknown feature type=Audio, name=, username=Multi-Channel Audio Codec (CS42L51-CNZ), n=1
2021-07-01 16:41:25,104 [WARN] DbBoardsPdsc:254 - Board STM32H7B3I-EVAL: unknown feature type=Meter, name=, username=Power-metering and Temperature-monitoring with sigma-delta modulators, n=1
2021-07-01 16:41:25,104 [WARN] DbBoardsPdsc:254 - Board STM32H7B3I-EVAL: unknown feature type=Motor, name=, username=Motor Control, n=1
2021-07-01 16:41:25,123 [INFO] DbBoardsJson:87 - JSON generation date=Tue Jun 01 07:52:40 CEST 2021 (1622526760)
2021-07-01 16:41:25,129 [INFO] DbBoards:117 - Found 161 boards (158 are supported by CubeMX)
2021-07-01 16:41:25,142 [INFO] DbBoardsDocs:143 - JSON generation date=Tue Jun 01 07:52:40 CEST 2021 (1622526760)
2021-07-01 16:41:25,166 [INFO] DbBoardsDocs:79 - Found 193 boards documents
2021-07-01 16:41:25,168 [WARN] DbBoards:127 - board B-L462E-CELL1 has no document id list !
2021-07-01 16:41:25,169 [WARN] DbBoards:127 - board B-L475E-IOT01A2 has no document id list !
2021-07-01 16:41:25,170 [WARN] DbBoards:127 - board NUCLEO-G0B1RE has no document id list !
2021-07-01 16:41:25,170 [WARN] DbBoards:127 - board NUCLEO-H743ZI has no document id list !
2021-07-01 16:41:25,170 [WARN] DbBoards:127 - board NUCLEO-L4A6ZG has no document id list !
2021-07-01 16:41:25,171 [WARN] DbBoards:127 - board NUCLEO-WB15CC has no document id list !
2021-07-01 16:41:25,171 [WARN] DbBoards:127 - board NUCLEO-WB55RG has no document id list !
2021-07-01 16:41:25,171 [WARN] DbBoards:127 - board NUCLEO-WL55JC2 has no document id list !
2021-07-01 16:41:25,171 [WARN] DbBoards:127 - board P-NUCLEO-WB55-Nucleo has no document id list !
2021-07-01 16:41:25,171 [WARN] DbBoards:127 - board P-NUCLEO-WB55-USBDongle has no document id list !
2021-07-01 16:41:25,171 [WARN] DbBoards:127 - board STEVAL-BFA001V1B has no document id list !
2021-07-01 16:41:25,171 [WARN] DbBoards:127 - board STEVAL-BFA001V2B has no document id list !
2021-07-01 16:41:25,171 [WARN] DbBoards:127 - board STEVAL-IDP005V1 has no document id list !
2021-07-01 16:41:25,171 [WARN] DbBoards:127 - board STEVAL-IDP005V2 has no document id list !
2021-07-01 16:41:25,171 [WARN] DbBoards:127 - board STEVAL-MKSBOX1V1 has no document id list !
2021-07-01 16:41:25,171 [WARN] DbBoards:127 - board STEVAL-STWINKT1 has no document id list !
2021-07-01 16:41:25,171 [WARN] DbBoards:127 - board STEVAL-STWINKT1B has no document id list !
2021-07-01 16:41:25,172 [WARN] DbBoards:127 - board STM32F401C-DISCO has no document id list !
2021-07-01 16:41:25,172 [WARN] DbBoards:127 - board STM32F769I-DISC1 has no document id list !
2021-07-01 16:41:25,173 [WARN] DbBoards:127 - board STM32G0C1E-EV has no document id list !
2021-07-01 16:41:25,173 [WARN] DbBoards:127 - board STM32G474E-EVAL1 has no document id list !
2021-07-01 16:41:25,173 [WARN] DbBoards:127 - board STM32H743I-EVAL2 has no document id list !
2021-07-01 16:41:25,173 [WARN] DbBoards:127 - board STM32H747I-DISC1 has no document id list !
2021-07-01 16:41:25,173 [WARN] DbBoards:127 - board STM32H753I-EVAL2 has no document id list !
2021-07-01 16:41:25,174 [WARN] DbBoards:127 - board STM32L-DISCOVERY has no document id list !
2021-07-01 16:41:25,174 [WARN] DbBoards:127 - board STM32MP157A-DK1 has no document id list !
2021-07-01 16:41:25,174 [WARN] DbBoards:127 - board STM32MP157F-DK2 has no document id list !
2021-07-01 16:41:25,174 [WARN] DbBoards:127 - board STM32MP157F-EV1 has no document id list !
2021-07-01 16:41:25,175 [WARN] DbBoards:127 - board STM32WB5MM-DK has no document id list !
2021-07-01 16:41:26,891 [INFO] ApiDb:251 - Load user favorites file C:\Users\evers/.stm32cubeide/favorites.boards.txt: 1 item(s)
2021-07-01 16:41:26,891 [INFO] ApiDb:255 - User favorites Boards=[NUCLEO-L476RG]
2021-07-01 16:41:26,891 [INFO] DbBoards:206 - Set 1 / 1 favorites Boards
2021-07-01 16:41:26,910 [INFO] DbBoardsDocs:79 - Found 386 boards documents
2021-07-01 16:41:26,911 [INFO] ApiDb:276 - Save user favorites file C:\Users\evers/.stm32cubeide/favorites.boards.txt: 1 item(s)
2021-07-01 16:41:26,912 [INFO] ApiDb:280 - User favorites Boards=[NUCLEO-L476RG]
2021-07-01 16:41:26,920 [INFO] DbBoardsPdsc:90 - Found 24 items
2021-07-01 16:41:26,922 [INFO] DbBoardsPdsc:90 - Found 9 items
2021-07-01 16:41:26,926 [INFO] DbBoardsPdsc:90 - Found 33 items
2021-07-01 16:41:26,928 [INFO] DbBoardsPdsc:90 - Found 1 items
2021-07-01 16:41:26,933 [INFO] DbBoardsPdsc:90 - Found 46 items
2021-07-01 16:41:26,940 [INFO] DbBoardsPdsc:90 - Found 41 items
2021-07-01 16:41:26,941 [INFO] DbBoardsPdsc:90 - Found 2 items
2021-07-01 16:41:26,943 [INFO] DbBoardsPdsc:90 - Found 5 items
2021-07-01 16:41:26,944 [WARN] DbBoardsPdsc:254 - Board NUCLEO-WB15CC: unknown feature type=, name=, username=Three user LEDs, n=1
2021-07-01 16:41:26,944 [WARN] DbBoardsPdsc:254 - Board NUCLEO-WB15CC: unknown feature type=, name=, username=One reset and three user push-buttons, n=1
2021-07-01 16:41:26,944 [WARN] DbBoardsPdsc:254 - Board NUCLEO-WB15CC: unknown feature type=, name=, username=Arduino Uno V3 expansion connector, n=1
2021-07-01 16:41:26,945 [WARN] DbBoardsPdsc:254 - Board NUCLEO-WB15CC: unknown feature type=, name=, username=ST morpho extension pin headers for full access to all STM32WB I/Os, n=1
2021-07-01 16:41:26,945 [WARN] DbBoardsPdsc:254 - Board NUCLEO-WB15CC: unknown feature type=, name=, username=Integrated PCB antenna and SMA connector footprint, n=1
2021-07-01 16:41:26,945 [WARN] DbBoardsPdsc:254 - Board NUCLEO-WB15CC: unknown feature type=, name=, username=Flexible power-supply options: ST-LINK, USB VBUS, or external sources, n=1
2021-07-01 16:41:26,945 [WARN] DbBoardsPdsc:254 - Board NUCLEO-WB15CC: unknown feature type=, name=, username=On-board footprint to mount a CR2032 battery socket, n=1
2021-07-01 16:41:26,945 [WARN] DbBoardsPdsc:254 - Board NUCLEO-WB15CC: unknown feature type=, name=, username=On-board ST-LINK/V2-1 debugger/programmer with USB re-enumeration capability: mass storage, Virtual COM port, and debug port, n=1
2021-07-01 16:41:26,945 [WARN] DbBoardsPdsc:254 - Board NUCLEO-WB15CC: unknown feature type=, name=, username=Comprehensive free software libraries and examples available with the STM32CubeWB MCU Package, n=1
2021-07-01 16:41:26,945 [WARN] DbBoardsPdsc:254 - Board NUCLEO-WB15CC: unknown feature type=, name=, username=Support of a wide choice of Integrated Development Environments (IDEs) including IAR Embedded Workbench, MDK-ARM, STM32CubeIDE, and Mbed Studio, n=1
2021-07-01 16:41:26,946 [WARN] DbBoardsPdsc:254 - Board STM32H7B3I-DK: unknown feature type=Audio, name=, username=Audio stereo codec with Headphone Amp (CS42L51-CNZ), n=1
2021-07-01 16:41:26,947 [WARN] DbBoardsPdsc:254 - Board STM32H735G-DK: unknown feature type=Audio, name=, username=Audio stereo codec with Headphone Amp (WM8994ECS/R), n=1
2021-07-01 16:41:26,947 [WARN] DbBoardsPdsc:254 - Board STM32WB5MM-DK: unknown feature type=, name=, username=Time-of-Flight and gesture-detection sensor, n=1
2021-07-01 16:41:26,947 [WARN] DbBoardsPdsc:254 - Board STM32WB5MM-DK: unknown feature type=, name=, username=3 push-buttons (2 users and 1 reset) and 1 touch key button, n=1
2021-07-01 16:41:26,947 [WARN] DbBoardsPdsc:254 - Board STM32WB5MM-DK: unknown feature type=, name=, username=Flexible power-supply options: ST-LINK/V2-1 USB connector, 5 V delivered by ARDUINO速 or external connector, USB charger, or USB power, n=1
2021-07-01 16:41:26,947 [WARN] DbBoardsPdsc:254 - Board STM32WB5MM-DK: unknown feature type=, name=, username=On-board ST-LINK/V2-1 debugger/programmer with USB re-enumeration capability: Virtual COM port and debug port, n=1
2021-07-01 16:41:26,947 [WARN] DbBoardsPdsc:254 - Board STM32WB5MM-DK: unknown feature type=, name=, username=Comprehensive free software libraries and examples available with the STM32CubeWB MCU Package, n=1
2021-07-01 16:41:26,947 [WARN] DbBoardsPdsc:254 - Board STM32WB5MM-DK: unknown feature type=, name=, username=Support of a wide choice of Integrated Development Environments (IDEs) including IAR Embedded Workbench速, MDK-ARM, and STM32CubeIDE, n=1
2021-07-01 16:41:26,948 [WARN] DbBoardsPdsc:254 - Board STM32H7B3I-EVAL: unknown feature type=Audio, name=, username=Multi-Channel Audio Codec (CS42L51-CNZ), n=1
2021-07-01 16:41:26,948 [WARN] DbBoardsPdsc:254 - Board STM32H7B3I-EVAL: unknown feature type=Meter, name=, username=Power-metering and Temperature-monitoring with sigma-delta modulators, n=1
2021-07-01 16:41:26,948 [WARN] DbBoardsPdsc:254 - Board STM32H7B3I-EVAL: unknown feature type=Motor, name=, username=Motor Control, n=1
2021-07-01 16:41:26,969 [INFO] DbBoardsJson:87 - JSON generation date=Tue Jun 01 07:52:40 CEST 2021 (1622526760)
2021-07-01 16:41:26,974 [INFO] DbBoards:117 - Found 161 boards (158 are supported by CubeMX)
2021-07-01 16:41:26,974 [WARN] DbBoards:127 - board B-L462E-CELL1 has no document id list !
2021-07-01 16:41:26,975 [WARN] DbBoards:127 - board B-L475E-IOT01A2 has no document id list !
2021-07-01 16:41:26,975 [WARN] DbBoards:127 - board NUCLEO-G0B1RE has no document id list !
2021-07-01 16:41:26,975 [WARN] DbBoards:127 - board NUCLEO-H743ZI has no document id list !
2021-07-01 16:41:26,975 [WARN] DbBoards:127 - board NUCLEO-L4A6ZG has no document id list !
2021-07-01 16:41:26,975 [WARN] DbBoards:127 - board NUCLEO-WB15CC has no document id list !
2021-07-01 16:41:26,975 [WARN] DbBoards:127 - board NUCLEO-WB55RG has no document id list !
2021-07-01 16:41:26,975 [WARN] DbBoards:127 - board NUCLEO-WL55JC2 has no document id list !
2021-07-01 16:41:26,975 [WARN] DbBoards:127 - board P-NUCLEO-WB55-Nucleo has no document id list !
2021-07-01 16:41:26,975 [WARN] DbBoards:127 - board P-NUCLEO-WB55-USBDongle has no document id list !
2021-07-01 16:41:26,975 [WARN] DbBoards:127 - board STEVAL-BFA001V1B has no document id list !
2021-07-01 16:41:26,975 [WARN] DbBoards:127 - board STEVAL-BFA001V2B has no document id list !
2021-07-01 16:41:26,976 [WARN] DbBoards:127 - board STEVAL-IDP005V1 has no document id list !
2021-07-01 16:41:26,976 [WARN] DbBoards:127 - board STEVAL-IDP005V2 has no document id list !
2021-07-01 16:41:26,976 [WARN] DbBoards:127 - board STEVAL-MKSBOX1V1 has no document id list !
2021-07-01 16:41:26,976 [WARN] DbBoards:127 - board STEVAL-STWINKT1 has no document id list !
2021-07-01 16:41:26,976 [WARN] DbBoards:127 - board STEVAL-STWINKT1B has no document id list !
2021-07-01 16:41:26,976 [WARN] DbBoards:127 - board STM32F401C-DISCO has no document id list !
2021-07-01 16:41:26,976 [WARN] DbBoards:127 - board STM32F769I-DISC1 has no document id list !
2021-07-01 16:41:26,976 [WARN] DbBoards:127 - board STM32G0C1E-EV has no document id list !
2021-07-01 16:41:26,976 [WARN] DbBoards:127 - board STM32G474E-EVAL1 has no document id list !
2021-07-01 16:41:26,976 [WARN] DbBoards:127 - board STM32H743I-EVAL2 has no document id list !
2021-07-01 16:41:26,976 [WARN] DbBoards:127 - board STM32H747I-DISC1 has no document id list !
2021-07-01 16:41:26,977 [WARN] DbBoards:127 - board STM32H753I-EVAL2 has no document id list !
2021-07-01 16:41:26,977 [WARN] DbBoards:127 - board STM32L-DISCOVERY has no document id list !
2021-07-01 16:41:26,977 [WARN] DbBoards:127 - board STM32MP157A-DK1 has no document id list !
2021-07-01 16:41:26,977 [WARN] DbBoards:127 - board STM32MP157F-DK2 has no document id list !
2021-07-01 16:41:26,977 [WARN] DbBoards:127 - board STM32MP157F-EV1 has no document id list !
2021-07-01 16:41:26,977 [WARN] DbBoards:127 - board STM32WB5MM-DK has no document id list !
2021-07-01 16:41:28,161 [INFO] ApiDb:251 - Load user favorites file C:\Users\evers/.stm32cubeide/favorites.boards.txt: 1 item(s)
2021-07-01 16:41:28,161 [INFO] ApiDb:255 - User favorites Boards=[NUCLEO-L476RG]
2021-07-01 16:41:28,162 [INFO] DbBoards:206 - Set 1 / 1 favorites Boards
2021-07-01 16:41:28,353 [INFO] ApiDb:479 - Connected to CubeFinder SQLite database (C:\Users\evers\.stmcufinder\plugins\mcufinder\mcu\cube-finder-db.db)
2021-07-01 16:41:28,946 [INFO] DbExamplesSqlite:401 - Ignored 36 examples not supported by CubeIDE
2021-07-01 16:41:28,946 [INFO] DbExamplesSqlite:402 - Found 4835 examples active
2021-07-01 16:41:28,946 [INFO] DbExamplesSqlite:403 - Found 274 examples obsolete
2021-07-01 16:41:28,946 [INFO] DbExamplesSqlite:404 - Found 0 examples under development
2021-07-01 16:41:28,946 [INFO] DbExamplesSqlite:405 - Found 76 examples not building
2021-07-01 16:41:28,962 [INFO] DbExamplesSqlite:104 - CubeFinder database Data Model version=2.1
2021-07-01 16:41:28,962 [INFO] DbExamplesSqlite:105 - CubeFinder database Configuration version=3.0-WIP12
2021-07-01 16:41:28,963 [INFO] DbExamplesSqlite:106 - CubeFinder database generation date=2021-05-10 (1620656699)
2021-07-01 16:41:28,963 [INFO] DbExamplesSqlite:107 - CubeFinder database FW Pack versions=[STM32Cube_FW_F4_V1.26.1, STM32Cube_FW_F7_V1.16.1, STM32Cube_FW_G0_V1.4.1, STM32Cube_FW_G4_V1.4.0, STM32Cube_FW_H7_V1.9.0, STM32Cube_FW_L5_V1.4.0, STM32Cube_FW_WB_V1.11.1, STM32Cube_FW_WL_V1.0.0, X-CUBE-AZRTOS-H7_V1.0.0, X-CUBE-BLE1_V6.2.0, X-CUBE-BLE2_V3.2.0, X-CUBE-GNSS1_V5.2.0]
2021-07-01 16:41:28,964 [INFO] DbExamples:130 - Found 4875 examples
2021-07-01 16:41:29,599 [ERROR] DbExamples:206 - Found 301 examples with invalid data (board or MCU)
2021-07-01 16:41:29,599 [INFO] DbExamples:222 - Found 63 boards with related examples
2021-07-01 16:41:29,623 [INFO] DbExamples:235 - Found 52 MCUs with related examples
2021-07-01 16:41:29,646 [INFO] ApiDb:242 - User favorites file not found: C:\Users\evers/.stm32cubeide/favorites.examples.txt
2021-07-01 16:41:29,646 [INFO] DbExamples:256 - Set 0 / 0 favorites Examples
2021-07-01 16:41:30,034 [INFO] CrossSelectorPresenter:1330 - Cross Selector saved comparison directory: C:\Users\evers\.stmcufinder\plugins\mcufinder\mcu\cs_comparisons_mx
2021-07-01 16:41:30,040 [INFO] MultiScanPanel:200 - Auto-refresh data requested => check proxy status ongoing
2021-07-01 16:41:30,045 [INFO] FinderPluginLoader:87 - Searching for filters in installed packs
2021-07-01 16:41:30,491 [WARN] DetailPanel:315 - Failed to get advertising image, set to default
2021-07-01 16:42:21,714 [INFO] MultiScanPanel:200 - Auto-refresh data requested => check proxy status ongoing
2021-07-01 16:42:21,766 [WARN] DetailPanel:315 - Failed to get advertising image, set to default
2021-07-01 16:42:49,094 [INFO] MainUpdater:2661 - connection check result : 10
2021-07-01 16:42:49,095 [INFO] MainUpdater:2661 - connection check result : 10
2021-07-01 16:42:49,144 [INFO] MicroXplorer:442 - Change Database Path : 
2021-07-01 16:42:49,145 [INFO] MicroXplorer:472 - Change Database Version : DB.6.0.21
2021-07-01 16:42:49,145 [WARN] ThirdParty:796 - waiting for thirdparty lock release [close project]
2021-07-01 16:42:49,145 [INFO] ThirdParty:798 - entering critical section [close project]
2021-07-01 16:42:49,145 [INFO] ThirdParty:809 - exiting critical section [close project]
2021-07-01 16:42:49,148 [INFO] PinOutPanel:1435 - setPackage(No Configuration,No Configuration)
2021-07-01 16:42:49,149 [INFO] UtilMem:74 - Begin LoadConfig() Used Memory: 507911600 Bytes (619708416)
2021-07-01 16:42:49,150 [INFO] OpenFileManager:303 - Change cursor
2021-07-01 16:42:49,166 [WARN] IntegrityCheckThread:59 - waiting for thirdparty lock release [integrity check]
2021-07-01 16:42:49,167 [INFO] IntegrityCheckThread:61 - entering critical section [integrity check]
2021-07-01 16:42:49,362 [WARN] PackLoader:226 - Cannot read IP mode file for RoweBots.I-CUBE-UNISONRTOS.5.5.0-4
2021-07-01 16:42:49,390 [WARN] PackLoader:226 - Cannot read IP mode file for STMicroelectronics.X-CUBE-SFXS2LP1.3.0.0
2021-07-01 16:42:49,437 [WARN] PackLoader:226 - Cannot read IP mode file for STMicroelectronics.X-CUBE-SUBG2.4.1.0
2021-07-01 16:42:49,536 [WARN] PackLoader:226 - Cannot read IP mode file for STMicroelectronics.X-CUBE-MEMS1.8.2.0
2021-07-01 16:42:49,710 [WARN] PackLoader:226 - Cannot read IP mode file for STMicroelectronics.X-CUBE-EEPRMA1.3.0.0
2021-07-01 16:42:49,776 [WARN] PackLoader:226 - Cannot read IP mode file for SEGGER.I-CUBE-embOS.1.2.0
2021-07-01 16:42:49,825 [WARN] PackLoader:226 - Cannot read IP mode file for STMicroelectronics.X-CUBE-BLE1.6.2.0
2021-07-01 16:42:49,831 [WARN] PackLoader:226 - Cannot read IP mode file for STMicroelectronics.X-CUBE-NFC4.2.0.2
2021-07-01 16:42:49,836 [WARN] PackLoader:226 - Cannot read IP mode file for STMicroelectronics.X-CUBE-BLE2.3.2.0
2021-07-01 16:42:49,848 [WARN] PackLoader:226 - Cannot read IP mode file for STMicroelectronics.X-CUBE-SUBG2.4.0.0
2021-07-01 16:42:49,859 [WARN] PackLoader:226 - Cannot read IP mode file for STMicroelectronics.X-CUBE-TOF1.1.0.0
2021-07-01 16:42:49,881 [WARN] PackLoader:226 - Cannot read IP mode file for STMicroelectronics.X-CUBE-AZRTOS-H7.1.0.0
2021-07-01 16:42:49,928 [WARN] PackLoader:226 - Cannot read IP mode file for STMicroelectronics.X-CUBE-MEMS1.8.3.0
2021-07-01 16:42:50,048 [WARN] PackLoader:226 - Cannot read IP mode file for STMicroelectronics.X-CUBE-DISPLAY.1.0.0
2021-07-01 16:42:50,052 [WARN] PackLoader:226 - Cannot read IP mode file for STMicroelectronics.X-CUBE-AI.6.0.0
2021-07-01 16:42:50,058 [WARN] PackLoader:226 - Cannot read IP mode file for STMicroelectronics.X-CUBE-ALGOBUILD.1.2.0
2021-07-01 16:42:50,065 [WARN] PackLoader:226 - Cannot read IP mode file for STMicroelectronics.X-CUBE-GNSS1.5.2.0
2021-07-01 16:42:50,071 [WARN] PackLoader:226 - Cannot read IP mode file for STMicroelectronics.X-CUBE-BLE1.6.1.0
2021-07-01 16:42:50,075 [WARN] PackLoader:226 - Cannot read IP mode file for wolfSSL.I-CUBE-wolfSSL.4.7.0
2021-07-01 16:42:50,079 [WARN] PackLoader:226 - Cannot read IP mode file for STMicroelectronics.X-CUBE-TOUCHGFX.4.16.1
2021-07-01 16:42:50,079 [INFO] ThirdParty:900 - Integrity check success = true
2021-07-01 16:42:50,079 [INFO] IntegrityCheckThread:75 - exiting critical section [integrity check]
2021-07-01 16:42:50,079 [INFO] IntegrityCheckThread:78 - End integrity checks thread
2021-07-01 16:42:52,760 [INFO] Context:587 - Trying to add GPIOservice into a context  which must be forbidden
2021-07-01 16:42:53,431 [INFO] Rule:214 - rule Rename Enabled to IBEACON is applicable
2021-07-01 16:42:53,432 [INFO] Rule:214 - rule GTZC_S instance for project manager is applicable
2021-07-01 16:42:53,432 [INFO] Rule:214 - rule GTZC_S instance for context M0+ is applicable
2021-07-01 16:42:53,432 [INFO] Rule:214 - rule GTZC_NS instance for context M4 is applicable
2021-07-01 16:42:53,432 [INFO] Rule:214 - rule GTZC_S instance value for IP GTZC is applicable
2021-07-01 16:42:53,432 [INFO] Rule:214 - rule GTZC_S instance for mcu.IP is applicable
2021-07-01 16:42:53,432 [INFO] Rule:214 - rule GTZC_S instance for mcu.Pin is applicable
2021-07-01 16:42:53,432 [INFO] Rule:214 - rule GTZC_S instance for VP is applicable
2021-07-01 16:42:53,432 [INFO] Rule:214 - rule GTZC_S instance for signal is applicable
2021-07-01 16:42:53,432 [INFO] Rule:214 - rule GTZC_S instance for mcu is applicable
2021-07-01 16:42:53,432 [INFO] Rule:214 - rule GTZC_S instance for mcu.Pin is applicable
2021-07-01 16:42:53,433 [INFO] Rule:214 - rule GTZC_S instance value for IP GTZC is applicable
2021-07-01 16:42:53,433 [INFO] Rule:214 - rule GTZC_S instance for project manager is applicable
2021-07-01 16:42:53,433 [INFO] Rule:214 - rule GTZC_S instance for context M33S is applicable
2021-07-01 16:42:53,433 [INFO] Rule:214 - rule GTZC_S instance for VP is applicable
2021-07-01 16:42:53,433 [INFO] Rule:214 - rule GTZC_S instance for signal is applicable
2021-07-01 16:42:53,433 [INFO] Rule:214 - rule SPDIFRX instance for mcu is applicable
2021-07-01 16:42:53,433 [INFO] Rule:214 - rule Rename Tracer Mode is applicable
2021-07-01 16:42:53,433 [INFO] Rule:214 - rule SPDIFRX instance value for IP SPDIFRX is applicable
2021-07-01 16:42:53,433 [INFO] Rule:214 - rule SPDIFRX instance for signal is applicable
2021-07-01 16:42:53,433 [INFO] Rule:214 - rule SPDIFRX instance for project manager is applicable
2021-07-01 16:42:53,433 [INFO] Rule:214 - rule SPDIFRX instance for project manager is applicable
2021-07-01 16:42:53,433 [INFO] Rule:214 - rule ADC Scan  fix with FW F7 is applicable
2021-07-01 16:42:53,433 [INFO] Rule:214 - rule ADC Scan  fix with FW F7 is applicable
2021-07-01 16:42:53,434 [INFO] Rule:214 - rule Add RTC Activate Clock Source is applicable
2021-07-01 16:42:53,434 [INFO] Rule:214 - rule Add RTC Activate Calendar 1 is applicable
2021-07-01 16:42:53,434 [INFO] Rule:214 - rule Add RTC Activate Calendar 2 is applicable
2021-07-01 16:42:53,434 [INFO] Rule:214 - rule Add RTC Activate Calendar 3 is applicable
2021-07-01 16:42:53,434 [INFO] Rule:214 - rule UART/USART TX Mode is applicable
2021-07-01 16:42:53,434 [INFO] Rule:214 - rule UART/USART RX Mode is applicable
2021-07-01 16:42:53,434 [INFO] Rule:214 - rule UART/USART RX TX Mode is applicable
2021-07-01 16:42:53,434 [INFO] Rule:214 - rule UART/USART PARITY NONE is applicable
2021-07-01 16:42:53,434 [INFO] Rule:214 - rule UART/USART PARITY EVEN is applicable
2021-07-01 16:42:53,434 [INFO] Rule:214 - rule UART/USART PARITY ODD is applicable
2021-07-01 16:42:53,434 [INFO] Rule:214 - rule USART StopBits 1 is applicable
2021-07-01 16:42:53,434 [INFO] Rule:214 - rule USART StopBits 2 is applicable
2021-07-01 16:42:53,435 [INFO] Rule:214 - rule USART StopBits 1.5 is applicable
2021-07-01 16:42:53,435 [INFO] Rule:214 - rule USART StopBits 0.5 is applicable
2021-07-01 16:42:53,435 [INFO] Rule:214 - rule UART/USART WORD LENGTH 7 is applicable
2021-07-01 16:42:53,435 [INFO] Rule:214 - rule UART/USART WORD LENGTH 8 is applicable
2021-07-01 16:42:53,435 [INFO] Rule:214 - rule UART/USART WORD LENGTH 9 is applicable
2021-07-01 16:42:53,435 [INFO] Rule:214 - rule Rename FMC NAND NCE signal is applicable
2021-07-01 16:42:53,435 [INFO] Rule:214 - rule Rename FMC NAND INT signal is applicable
2021-07-01 16:42:53,435 [INFO] Rule:214 - rule Change Default Value for ADC ExternalTrigConv L4 family is applicable
2021-07-01 16:42:53,435 [INFO] Rule:214 - rule Change Default Value for ADC ExternalTrigInjecConv L4 family is applicable
2021-07-01 16:42:53,435 [INFO] Rule:214 - rule Change Default Value for ADC ExternalTrigConv F3 family is applicable
2021-07-01 16:42:53,435 [INFO] Rule:214 - rule Change Default Value for ADC ExternalTrigInjecConv F3 family is applicable
2021-07-01 16:42:53,435 [INFO] Rule:214 - rule Change Default Value for ADC ExternalTrigConv Goldfish serie is applicable
2021-07-01 16:42:53,436 [INFO] Rule:214 - rule Change Default Value for ADC ExternalTrigInjecConv Goldfish serie is applicable
2021-07-01 16:42:53,436 [INFO] Rule:214 - rule Change Default Value for ADC ExternalTrigConv L0 family is applicable
2021-07-01 16:42:53,436 [INFO] Rule:214 - rule Change Default Value for ADC ExternalTrigConv F0 family is applicable
2021-07-01 16:42:53,436 [INFO] Rule:214 - rule Change Default Value for ADC ExternalTrigConvn L1 family is applicable
2021-07-01 16:42:53,436 [INFO] Rule:214 - rule Change Default Value for ADC ExternalTrigInjecConv L1 family is applicable
2021-07-01 16:42:53,436 [INFO] Rule:214 - rule Change Default Value for ADC ExternalTrigConv F1 family is applicable
2021-07-01 16:42:53,436 [INFO] Rule:214 - rule Change Default Value for ADC ExternalTrigInjecConv F1 family is applicable
2021-07-01 16:42:53,436 [INFO] Rule:214 - rule Change Default Value for ADC ExternalTrigConv F7 family is applicable
2021-07-01 16:42:53,436 [INFO] Rule:214 - rule Change Default Value for ADC ExternalTrigInjecConv F7 family is applicable
2021-07-01 16:42:53,436 [INFO] Rule:214 - rule Change Default Value for ADC ExternalTrigConv F4 and F2 family is applicable
2021-07-01 16:42:53,436 [INFO] Rule:214 - rule Change Default Value for ADC ExternalTrigInjecConv F4 and F2 family is applicable
2021-07-01 16:42:53,437 [INFO] Rule:214 - rule ADC SamplingTime fix with FW L0  is applicable
2021-07-01 16:42:53,437 [INFO] Rule:214 - rule ADC SamplingTime fix with FW L0  is applicable
2021-07-01 16:42:53,437 [INFO] Rule:214 - rule ADC SamplingTime fix with FW L0 is applicable
2021-07-01 16:42:53,437 [INFO] Rule:214 - rule ADC SamplingTime fix with FW L0 is applicable
2021-07-01 16:42:53,437 [INFO] Rule:214 - rule ADC SamplingTime fix with FW L0  is applicable
2021-07-01 16:42:53,437 [INFO] Rule:214 - rule ADC SamplingTime fix with FW L0 is applicable
2021-07-01 16:42:53,437 [INFO] Rule:214 - rule Rename USB_OE Signal is applicable
2021-07-01 16:42:53,437 [INFO] Rule:214 - rule Rename Activate_OE Mode is applicable
2021-07-01 16:42:53,437 [INFO] Rule:214 - rule Rename DIE462/DIE415 pin PC14/OSC32_IN -> PC14-OSC32_IN (PC14) is applicable
2021-07-01 16:42:53,437 [INFO] Rule:214 - rule Rename DIE462/DIE415 pin PC15/OSC32_OUT -> PC15-OSC32_OUT (PC15) is applicable
2021-07-01 16:42:53,437 [INFO] Rule:214 - rule Rename DIE462/DIE415 pin PH0/OSC_IN -> PH0-OSC_IN (PH0) is applicable
2021-07-01 16:42:53,437 [INFO] Rule:214 - rule Rename DIE462/DIE415 pin PH1/OSC_OUT -> PH1-OSC_OUT (PH1) is applicable
2021-07-01 16:42:53,437 [INFO] Rule:214 - rule Rename DIE462 pin PA13 -> PA13 (JTMS/SWDIO) is applicable
2021-07-01 16:42:53,438 [INFO] Rule:214 - rule Rename DIE415 pin PA13 -> PA13 (JTMS/SWDIO) is applicable
2021-07-01 16:42:53,438 [INFO] Rule:214 - rule Rename DIE462 pin PA14 -> PA14 (JTCK/SWCLK) is applicable
2021-07-01 16:42:53,438 [INFO] Rule:214 - rule Rename DIE415 pin PA14 -> PA14 (JTCK/SWCLK) is applicable
2021-07-01 16:42:53,438 [INFO] Rule:214 - rule Rename DIE462/DIE415 pin PA15 -> PA15 (JTDI) is applicable
2021-07-01 16:42:53,438 [INFO] Rule:214 - rule Rename DIE462 pin PB3 -> PB3 (JTD0/TRACESWO) is applicable
2021-07-01 16:42:53,438 [INFO] Rule:214 - rule Rename DIE415 pin PB3 -> PB3 (JTD0-TRACESWO) is applicable
2021-07-01 16:42:53,438 [INFO] Rule:214 - rule Rename DIE462/DIE415 pin PB4 -> PB4 (NJTRST) is applicable
2021-07-01 16:42:53,438 [INFO] Rule:214 - rule Rename DIE462 pin PH3/BOOT0 -> PH3-BOOT0 (BOOT0) is applicable
2021-07-01 16:42:53,438 [INFO] Rule:214 - rule Rename CRYP DataEncryptionTypesList to Algorithm is applicable
2021-07-01 16:42:53,438 [INFO] Rule:214 - rule Rename AES DataEncryptionTypesList to Algorithm is applicable
2021-07-01 16:42:53,438 [INFO] Rule:214 - rule Rename TDESECB to CRYP_TDES_ECB is applicable
2021-07-01 16:42:53,438 [INFO] Rule:214 - rule Rename TDESCBC to CRYP_TDES_CBC is applicable
2021-07-01 16:42:53,438 [INFO] Rule:214 - rule Rename DESECB to CRYP_DES_ECB is applicable
2021-07-01 16:42:53,439 [INFO] Rule:214 - rule Rename DESCBC to CRYP_DES_CBC is applicable
2021-07-01 16:42:53,439 [INFO] Rule:214 - rule Rename AESECB to CRYP_AES_ECB is applicable
2021-07-01 16:42:53,439 [INFO] Rule:214 - rule Rename AESCBC to CRYP_AES_CBC is applicable
2021-07-01 16:42:53,439 [INFO] Rule:214 - rule Rename AESCTR to CRYP_AES_CTR is applicable
2021-07-01 16:42:53,439 [INFO] Rule:214 - rule Rename AESGCM to CRYP_AES_GCM is applicable
2021-07-01 16:42:53,439 [INFO] Rule:214 - rule Rename AESCCM to CRYP_AES_CCM is applicable
2021-07-01 16:42:53,439 [INFO] Rule:214 - rule Rename CAN TimeSeg1 to BS1 is applicable
2021-07-01 16:42:53,439 [INFO] Rule:214 - rule Rename CAN TimeSeg2 to BS2 is applicable
2021-07-01 16:42:53,439 [INFO] Rule:214 - rule Rename CAN SyncJumpWidth to SJW is applicable
2021-07-01 16:42:53,439 [INFO] Rule:214 - rule TimeTriggeredMode to TTCM is applicable
2021-07-01 16:42:53,439 [INFO] Rule:214 - rule Rename CAN AutoBusOff to ABOM is applicable
2021-07-01 16:42:53,439 [INFO] Rule:214 - rule Rename CAN AutoWakeUp to AWUM is applicable
2021-07-01 16:42:53,440 [INFO] Rule:214 - rule Rename CAN AutoRetransmission to NART is applicable
2021-07-01 16:42:53,440 [INFO] Rule:214 - rule Rename CAN ReceiveFifoLocked to RFLM is applicable
2021-07-01 16:42:53,440 [INFO] Rule:214 - rule Rename CAN TransmitFifoPriority to TXFP is applicable
2021-07-01 16:42:53,440 [INFO] Rule:214 - rule Rename HRTIMER HRTIM_OUTPUTFAULTLEVEL_HIGH in HRTIMER HRTIM_OUTPUTFAULTLEVEL_HIGHZ is applicable
2021-07-01 16:42:53,440 [INFO] Rule:214 - rule Rename TIMER TIM_CLEARINPUTSOURCE_OCREFCLR in  TIMER TIM_CLEARINPUTSOURCE_NONE for F7 family is applicable
2021-07-01 16:42:53,440 [INFO] Rule:214 - rule FDCAN_R1 - Rename FDCAN mode Master into Classic is applicable
2021-07-01 16:42:53,440 [INFO] Rule:214 - rule FDCAN_R2 - Rename FDCAN mode Slave into Classic is applicable
2021-07-01 16:42:53,440 [INFO] Rule:214 - rule FDCAN1_R3 - if PA10.Mode=FullDuplex, add Pin PA12 is applicable
2021-07-01 16:42:53,440 [INFO] Rule:214 - rule FDCAN1_R3 - if PA9.Mode=FullDuplex, add Pin PA11 is applicable
2021-07-01 16:42:53,440 [INFO] Rule:214 - rule FDCAN1_R3 - Alternatepin_1 - if PE1.Mode=FullDuplex, add Pin PB9 is applicable
2021-07-01 16:42:53,440 [INFO] Rule:214 - rule FDCAN1_R3 - Alternatepin_1 - if PE0.Mode=FullDuplex, add Pin PB8 is applicable
2021-07-01 16:42:53,440 [INFO] Rule:214 - rule FDCAN1_R3 - Alternatepin_2 - if PD5.Mode=FullDuplex, add Pin PD1 is applicable
2021-07-01 16:42:53,440 [INFO] Rule:214 - rule FDCAN1_R3 - Alternatepin_2 - if PD4.Mode=FullDuplex, add Pin PD0 is applicable
2021-07-01 16:42:53,441 [INFO] Rule:214 - rule FDCAN1_R4 - Rename Mode FullDuplex into Enable FDCAN_TXFD for pin PA10 is applicable
2021-07-01 16:42:53,441 [INFO] Rule:214 - rule FDCAN1_R4 - Rename Mode FullDuplex into Enable FDCAN_TXFD for pin PA9 is applicable
2021-07-01 16:42:53,441 [INFO] Rule:214 - rule FDCAN1_R4 - Alternatepin_1 - Rename Mode FullDuplex into Enable FDCAN_TXFD for pin PE1 is applicable
2021-07-01 16:42:53,441 [INFO] Rule:214 - rule FDCAN1_R4 - Alternatepin_1 - Rename Mode FullDuplex into Enable FDCAN_TXFD for pin PE0 is applicable
2021-07-01 16:42:53,441 [INFO] Rule:214 - rule FDCAN1_R4 - Alternatepin_2 - Rename Mode FullDuplex into Enable FDCAN_TXFD for pin PD5 is applicable
2021-07-01 16:42:53,441 [INFO] Rule:214 - rule FDCAN1_R4 - Alternatepin_2 - Rename Mode FullDuplex into Enable FDCAN_TXFD for pin PD4 is applicable
2021-07-01 16:42:53,441 [INFO] Rule:214 - rule FDCAN2_R3 - if PD10.Mode=FullDuplex, add Pin PB13 is applicable
2021-07-01 16:42:53,441 [INFO] Rule:214 - rule FDCAN2_R3 - if PD9.Mode=FullDuplex, add Pin PB12 is applicable
2021-07-01 16:42:53,441 [INFO] Rule:214 - rule FDCAN2_R3 - Alternatepin_1 - if PB7.Mode=FullDuplex, add Pin PB6 is applicable
2021-07-01 16:42:53,441 [INFO] Rule:214 - rule FDCAN2_R3 - Alternatepin_1 - if PD9.Mode=FullDuplex, add Pin PB12 is applicable
2021-07-01 16:42:53,441 [INFO] Rule:214 - rule FDCAN2_R4 - Rename Mode FullDuplex into Enable FDCAN_TXFD for pin PD10 is applicable
2021-07-01 16:42:53,441 [INFO] Rule:214 - rule FDCAN2_R4 - Rename Mode FullDuplex into Enable FDCAN_TXFD for pin PD9 is applicable
2021-07-01 16:42:53,441 [INFO] Rule:214 - rule FDCAN2_R4 - Alternatepin_1 - Rename Mode FullDuplex into Enable FDCAN_TXFD for pin PB7 is applicable
2021-07-01 16:42:53,442 [INFO] Rule:214 - rule FDCAN2_R4 - Alternatepin_1 - Rename Mode FullDuplex into Enable FDCAN_TXFD for pin PD6 is applicable
2021-07-01 16:42:53,442 [INFO] Rule:214 - rule USART TxPinLevelInvertParam Mode is applicable
2021-07-01 16:42:53,442 [INFO] Rule:214 - rule USART RxPinLevelInvertParam Mode is applicable
2021-07-01 16:42:53,442 [INFO] Rule:214 - rule USART DataInvertParam Mode is applicable
2021-07-01 16:42:53,442 [INFO] Rule:214 - rule USART SwapParam Mode is applicable
2021-07-01 16:42:53,442 [INFO] Rule:214 - rule USART OverrunDisableParam Mode is applicable
2021-07-01 16:42:53,442 [INFO] Rule:214 - rule USART DMADisableonRxErrorParam Mode is applicable
2021-07-01 16:42:53,442 [INFO] Rule:214 - rule USART MSBFirstParam Mode is applicable
2021-07-01 16:42:53,442 [INFO] Rule:214 - rule Update MwName for USB_DEVICE is applicable
2021-07-01 16:42:53,442 [INFO] Rule:214 - rule Change PWR_Regulator_Voltage_Scale Default Value for RCC  H7 family is applicable
2021-07-01 16:42:53,442 [INFO] Rule:214 - rule UART/USART IPParameter rename Prescaler parameter to ClockPrescaler is applicable
2021-07-01 16:42:53,442 [INFO] Rule:214 - rule UART/USART Prescaler rename Prescaler parameter to ClockPrescaler is applicable
2021-07-01 16:42:53,443 [INFO] Rule:214 - rule TIM1CLockSelection is applicable
2021-07-01 16:42:53,443 [INFO] Rule:214 - rule TIM15CLockSelection is applicable
2021-07-01 16:42:53,443 [INFO] Rule:214 - rule align RCC SDMMC3CLockSelection default value on MP1 is applicable
2021-07-01 16:42:53,443 [INFO] Rule:214 - rule align RCC SDMMC12CLockSelection default value on MP1 is applicable
2021-07-01 16:42:53,443 [INFO] Rule:214 - rule align RCC QSPICLockSelection default value on MP1 is applicable
2021-07-01 16:42:53,443 [INFO] Rule:214 - rule align RCC QSPICLockSelection default value on MP1 is applicable
2021-07-01 16:42:53,443 [INFO] Rule:214 - rule align RCC SPI6CLockSelection default value on MP1 is applicable
2021-07-01 16:42:53,443 [INFO] Rule:214 - rule align RCC LPTIM23CLockSelection default value on MP1 is applicable
2021-07-01 16:42:53,443 [INFO] Rule:214 - rule align RCC LPTIM1CLockSelection default value on MP1 is applicable
2021-07-01 16:42:53,443 [INFO] Rule:214 - rule align RCC USART1CLockSelection default value on MP1 is applicable
2021-07-01 16:42:53,443 [INFO] Rule:214 - rule align RCC USART24CLockSelection default value on MP1 is applicable
2021-07-01 16:42:53,443 [INFO] Rule:214 - rule align RCC USART6CLockSelection default value on MP1 is applicable
2021-07-01 16:42:53,443 [INFO] Rule:214 - rule align RCC UART78CLockSelection default value on MP1 is applicable
2021-07-01 16:42:53,444 [INFO] Rule:214 - rule align RCC USART35CLockSelection default value on MP1 is applicable
2021-07-01 16:42:53,444 [INFO] Rule:214 - rule align RCC SPI45CLockSelection default value on MP1 is applicable
2021-07-01 16:42:53,444 [INFO] Rule:214 - rule align RCC I2C46CLockSelection BCLK value on MP1 is applicable
2021-07-01 16:42:53,444 [INFO] Rule:214 - rule align RCC SPI45CLockSelection default value on MP1 is applicable
2021-07-01 16:42:53,444 [INFO] Rule:214 - rule align RCC I2C12CLockSelection default value on MP1 is applicable
2021-07-01 16:42:53,444 [INFO] Rule:214 - rule align RCC I2C35CLockSelection default value on MP1 is applicable
2021-07-01 16:42:53,444 [INFO] Rule:214 - rule align RCC LPTIM45CLockSelection default value on MP1 is applicable
2021-07-01 16:42:53,444 [INFO] Rule:214 - rule Rename DCMI PIXCK signal is applicable
2021-07-01 16:42:53,444 [INFO] Rule:214 - rule Change Default Value for I2C46CLockSelection MP1 family is applicable
2021-07-01 16:42:53,444 [INFO] Rule:214 - rule Change Default Value for UART for G4, G0 and WB families is applicable
2021-07-01 16:42:53,444 [INFO] Rule:214 - rule Change Default Value for USART for G4, G0 and WB families is applicable
2021-07-01 16:42:53,444 [INFO] Rule:214 - rule Change Default Value for USART for G4 family is applicable
2021-07-01 16:42:53,444 [INFO] Rule:214 - rule Change USART1CLockSelection refparam name for MP1 is applicable
2021-07-01 16:42:53,444 [INFO] Rule:214 - rule Change USART2CLockSelection refparam name for MP1 is applicable
2021-07-01 16:42:53,445 [INFO] Rule:214 - rule Change USART3CLockSelection refparam name for MP1 is applicable
2021-07-01 16:42:53,445 [INFO] Rule:214 - rule Change UART4CLockSelection refparam name for MP1 is applicable
2021-07-01 16:42:53,445 [INFO] Rule:214 - rule Change UART5CLockSelection refparam name for MP1 is applicable
2021-07-01 16:42:53,445 [INFO] Rule:214 - rule Change LPUART1CLockSelection refparam name for MP1 is applicable
2021-07-01 16:42:53,445 [INFO] Rule:214 - rule Change LPTIM1CLockSelection refparam name for MP1 is applicable
2021-07-01 16:42:53,445 [INFO] Rule:214 - rule Change LPTIM2CLockSelection refparam name for MP1 is applicable
2021-07-01 16:42:53,445 [INFO] Rule:214 - rule Change RCC_MCO1Source refparam name for MP1 is applicable
2021-07-01 16:42:53,445 [INFO] Rule:214 - rule Change LSCOSource1 refparam name for MP1 is applicable
2021-07-01 16:42:53,445 [INFO] Rule:214 - rule Change SMPSCLockSelection refparam name for MP1 is applicable
2021-07-01 16:42:53,445 [INFO] Rule:214 - rule Change LPTIM3CLockSelection refparam name for MP1 is applicable
2021-07-01 16:42:53,445 [INFO] Rule:214 - rule Change MPCBB* Default Template Mode to Parameters is applicable
2021-07-01 16:42:53,445 [INFO] Rule:214 - rule Change MPCWM* or MPCBB* Secure Mode to Parameters is applicable
2021-07-01 16:42:53,446 [INFO] Rule:214 - rule Change MPCWM* or MPCBB* No Secure Mode to Parameters is applicable
2021-07-01 16:42:53,446 [INFO] Rule:214 - rule Change TZSC IP Secure Mode to Parameters is applicable
2021-07-01 16:42:53,446 [INFO] Rule:214 - rule Change TZSC IP No Secure Mode to Parameters is applicable
2021-07-01 16:42:53,446 [INFO] Rule:214 - rule Change TZSC IP Privilege Mode to Parameters is applicable
2021-07-01 16:42:53,446 [INFO] Rule:214 - rule Change TZSC IP No Privilege Mode to Parameters is applicable
2021-07-01 16:42:53,446 [INFO] Rule:214 - rule Change TZIC IT Secure Mode to Parameters is applicable
2021-07-01 16:42:53,446 [INFO] Rule:214 - rule Change TZIC IT No Secure Mode to Parameters is applicable
2021-07-01 16:42:53,446 [INFO] Rule:214 - rule Add MPCBB1_NonSecureArea_Start_Address value with referenced to MPCBB1_NonSecureArea_Start value is applicable
2021-07-01 16:42:53,446 [INFO] Rule:214 - rule Add MPCBB2_NonSecureArea_Start_Address value with referenced to MPCBB2_NonSecureArea_Start value is applicable
2021-07-01 16:42:53,446 [INFO] Rule:214 - rule Add MPCWM1_NonSecureArea*_Start_Address value with referenced to MPCWM1_NonSecureArea*_Start value is applicable
2021-07-01 16:42:53,446 [INFO] Rule:214 - rule Add MPCWM2_NonSecureArea*_Start_Address value with referenced to MPCWM2_NonSecureArea*_Start value is applicable
2021-07-01 16:42:53,446 [INFO] Rule:214 - rule Add MPCWM3_NonSecureArea_Start_Address value with referenced to MPCWM3_NonSecureArea_Start value is applicable
2021-07-01 16:42:53,446 [INFO] Rule:214 - rule Change Default Value for PLL1UserDefinedConfig is applicable
2021-07-01 16:42:53,447 [INFO] Rule:214 - rule Change GPIO_PuPd Default Value for USART in async mode is applicable
2021-07-01 16:42:53,447 [INFO] Rule:214 - rule Change SMPSDivider Default Value is applicable
2021-07-01 16:42:53,447 [INFO] Rule:214 - rule OPAMP is applicable
2021-07-01 16:42:53,447 [INFO] Rule:214 - rule LPUART IPParameter rename Prescaler parameter to ClockPrescaler for STM32H7 is applicable
2021-07-01 16:42:53,447 [INFO] Rule:214 - rule LPUART IPParameter rename Prescaler parameter to ClockPrescaler for STM32H7 is applicable
2021-07-01 16:42:53,447 [INFO] Rule:214 - rule LPUART IPParameter rename Prescaler parameter to ClockPrescaler for STM32WB is applicable
2021-07-01 16:42:53,447 [INFO] Rule:214 - rule LPUART IPParameter rename Prescaler parameter to ClockPrescaler for STM32WB is applicable
2021-07-01 16:42:53,447 [INFO] Rule:214 - rule LPUART IPParameter rename Prescaler parameter to ClockPrescaler for STM32G4 is applicable
2021-07-01 16:42:53,447 [INFO] Rule:214 - rule LPUART IPParameter rename Prescaler parameter to ClockPrescaler for STM32G4 is applicable
2021-07-01 16:42:53,447 [INFO] Rule:214 - rule LPUART IPParameter rename Prescaler parameter to ClockPrescaler for STM32L5 is applicable
2021-07-01 16:42:53,448 [INFO] Rule:214 - rule LPUART IPParameter rename Prescaler parameter to ClockPrescaler for STM32G4 is applicable
2021-07-01 16:42:53,448 [INFO] Rule:214 - rule LPUART IPParameter rename Prescaler parameter to ClockPrescaler for STM32G4 is applicable
2021-07-01 16:42:53,448 [INFO] Rule:214 - rule USB device lib V2.5.3 for L0 rename USBD_SUPPORT_USER_STRING parameter to USBD_SUPPORT_USER_STRING_DESC4 is applicable
2021-07-01 16:42:53,448 [INFO] Rule:214 - rule I2SCLockSelection clock entry align is applicable
2021-07-01 16:42:53,448 [INFO] Rule:214 - rule Assign TIMx context if used as SYS timebase is applicable
2021-07-01 16:42:53,466 [INFO] DbConfProperties:294 - Apply Compatibility (46/202 Rules)
2021-07-01 16:42:53,486 [INFO] ImportTextPane:162 - (OptionalMessage_ERROR) Unable to find key (Mcu.ThirdPartyNb) in loaded IOC file
2021-07-01 16:42:53,588 [WARN] ApiManager:294 - Cannot register API 'Board Extension:S2868A1' from pack STMicroelectronics.X-CUBE-SFXS2LP1.3.0.0: no header file found
2021-07-01 16:42:53,588 [WARN] ApiManager:294 - Cannot register API 'Board Extension:S2868A2' from pack STMicroelectronics.X-CUBE-SFXS2LP1.3.0.0: no header file found
2021-07-01 16:42:53,588 [WARN] ApiManager:294 - Cannot register API 'Board Extension:S2915A1' from pack STMicroelectronics.X-CUBE-SFXS2LP1.3.0.0: no header file found
2021-07-01 16:42:53,593 [WARN] ModelIntegratedComponent:51 - No mode defined for component null
2021-07-01 16:42:53,594 [WARN] ModelIntegratedComponent:51 - No mode defined for component null
2021-07-01 16:42:53,594 [WARN] ModelIntegratedComponent:51 - No mode defined for component null
2021-07-01 16:42:53,594 [WARN] ModelIntegratedComponent:51 - No mode defined for component null
2021-07-01 16:42:53,594 [WARN] ModelIntegratedComponent:51 - No mode defined for component null
2021-07-01 16:42:53,594 [WARN] ModelIntegratedComponent:51 - No mode defined for component null
2021-07-01 16:42:53,594 [WARN] ModelIntegratedComponent:51 - No mode defined for component null
2021-07-01 16:42:53,594 [WARN] ModelIntegratedComponent:51 - No mode defined for component null
2021-07-01 16:42:53,594 [WARN] ModelIntegratedComponent:51 - No mode defined for component null
2021-07-01 16:42:53,594 [WARN] ModelIntegratedComponent:51 - No mode defined for component null
2021-07-01 16:42:53,594 [WARN] ModelIntegratedComponent:51 - No mode defined for component null
2021-07-01 16:42:53,594 [WARN] ModelIntegratedComponent:51 - No mode defined for component null
2021-07-01 16:42:53,594 [WARN] ModelIntegratedComponent:51 - No mode defined for component null
2021-07-01 16:42:53,595 [WARN] ModelIntegratedComponent:51 - No mode defined for component null
2021-07-01 16:42:53,595 [WARN] ModelIntegratedComponent:51 - No mode defined for component null
2021-07-01 16:42:53,595 [WARN] ModelIntegratedComponent:51 - No mode defined for component null
2021-07-01 16:42:53,595 [WARN] ModelIntegratedComponent:51 - No mode defined for component null
2021-07-01 16:42:53,595 [WARN] ModelIntegratedComponent:51 - No mode defined for component null
2021-07-01 16:42:53,595 [WARN] ModelIntegratedComponent:51 - No mode defined for component null
2021-07-01 16:42:53,595 [WARN] ModelIntegratedComponent:51 - No mode defined for component null
2021-07-01 16:42:53,595 [WARN] ModelIntegratedComponent:51 - No mode defined for component null
2021-07-01 16:42:53,595 [WARN] ModelIntegratedComponent:51 - No mode defined for component null
2021-07-01 16:42:53,595 [WARN] ModelIntegratedComponent:51 - No mode defined for component null
2021-07-01 16:42:53,595 [WARN] ModelIntegratedComponent:51 - No mode defined for component null
2021-07-01 16:42:53,595 [WARN] ModelIntegratedComponent:51 - No mode defined for component null
2021-07-01 16:42:53,596 [WARN] ModelIntegratedComponent:51 - No mode defined for component null
2021-07-01 16:42:53,596 [WARN] ModelIntegratedComponent:51 - No mode defined for component null
2021-07-01 16:42:53,601 [WARN] ApiManager:294 - Cannot register API 'Board Extension:S2868A1' from pack STMicroelectronics.X-CUBE-SUBG2.4.1.0: no header file found
2021-07-01 16:42:53,601 [WARN] ApiManager:294 - Cannot register API 'Board Extension:S2868A2' from pack STMicroelectronics.X-CUBE-SUBG2.4.1.0: no header file found
2021-07-01 16:42:53,601 [WARN] ApiManager:294 - Cannot register API 'Board Extension:S2915A1' from pack STMicroelectronics.X-CUBE-SUBG2.4.1.0: no header file found
2021-07-01 16:42:53,606 [WARN] ApiManager:294 - Cannot register API 'Board Extension:S2868A1' from pack STMicroelectronics.X-CUBE-SUBG2.4.0.0: no header file found
2021-07-01 16:42:53,607 [WARN] ApiManager:294 - Cannot register API 'Board Extension:S2868A2' from pack STMicroelectronics.X-CUBE-SUBG2.4.0.0: no header file found
2021-07-01 16:42:53,607 [WARN] ApiManager:294 - Cannot register API 'Board Extension:S2915A1' from pack STMicroelectronics.X-CUBE-SUBG2.4.0.0: no header file found
2021-07-01 16:42:53,750 [WARN] ApiManager:294 - Cannot register API 'Board Extension:IKS01A3' from pack STMicroelectronics.X-CUBE-MEMS1.8.2.0: no header file found
2021-07-01 16:42:53,750 [WARN] ApiManager:294 - Cannot register API 'Board Extension:IKS01A2' from pack STMicroelectronics.X-CUBE-MEMS1.8.2.0: no header file found
2021-07-01 16:42:53,750 [WARN] ApiManager:294 - Cannot register API 'Board Extension:IKS02A1' from pack STMicroelectronics.X-CUBE-MEMS1.8.2.0: no header file found
2021-07-01 16:42:53,757 [WARN] ApiManager:294 - Cannot register API 'Board Extension:EEPRMA1' from pack STMicroelectronics.X-CUBE-EEPRMA1.3.0.0: no header file found
2021-07-01 16:42:53,757 [WARN] ApiManager:294 - Cannot register API 'Board Extension:EEPRMA2' from pack STMicroelectronics.X-CUBE-EEPRMA1.3.0.0: no header file found
2021-07-01 16:42:53,904 [WARN] ApiManager:294 - Cannot register API 'Board Extension:IKS01A3' from pack STMicroelectronics.X-CUBE-MEMS1.8.3.0: no header file found
2021-07-01 16:42:53,904 [WARN] ApiManager:294 - Cannot register API 'Board Extension:IKS01A2' from pack STMicroelectronics.X-CUBE-MEMS1.8.3.0: no header file found
2021-07-01 16:42:53,904 [WARN] ApiManager:294 - Cannot register API 'Board Extension:IKS02A1' from pack STMicroelectronics.X-CUBE-MEMS1.8.3.0: no header file found
2021-07-01 16:42:53,911 [INFO] RtosManager:470 - Registered RTOS mode: class=CMSIS, group=RTOS, mode=CMSIS_V1, owner=FREERTOS
2021-07-01 16:42:53,912 [INFO] RtosManager:470 - Registered RTOS mode: class=CMSIS, group=RTOS2, mode=CMSIS_V2, owner=FREERTOS
2021-07-01 16:42:53,912 [INFO] RtosManager:470 - Registered RTOS mode: class=RTOS, group=Core, mode=CMSIS_V1, owner=FREERTOS
2021-07-01 16:42:53,912 [INFO] RtosManager:470 - Registered RTOS mode: class=RTOS, group=Core, mode=CMSIS_V2, owner=FREERTOS
2021-07-01 16:42:53,912 [WARN] ModelIntegratedComponent:182 - Missing modes for component STMicroelectronics:FreeRTOS:0.0.1:STMicroelectronics:RTOS:FreeRTOS:Core:::10.2.0:
2021-07-01 16:42:53,928 [WARN] ApiManager:294 - Cannot register API 'Board Extension:GNSS1A1' from pack STMicroelectronics.X-CUBE-GNSS1.5.2.0: no header file found
2021-07-01 16:42:53,928 [WARN] ApiManager:294 - Cannot register API 'Board Support:Custom' from pack STMicroelectronics.X-CUBE-GNSS1.5.2.0: no header file found
2021-07-01 16:42:53,928 [WARN] ApiManager:294 - Cannot register API 'Data Exchange:lib_gnss' from pack STMicroelectronics.X-CUBE-GNSS1.5.2.0: no header file found
2021-07-01 16:42:53,930 [WARN] ApiManager:294 - Cannot register API 'Wireless:BlueNRG-MS' from pack STMicroelectronics.X-CUBE-BLE1.6.1.0: no header file found
2021-07-01 16:42:53,930 [WARN] ApiManager:294 - Cannot register API 'Wireless:BlueNRG-MS' from pack STMicroelectronics.X-CUBE-BLE1.6.2.0: no header file found
2021-07-01 16:42:53,932 [WARN] ApiManager:294 - Cannot register API 'Board Extension:NFC04A1' from pack STMicroelectronics.X-CUBE-NFC4.2.0.2: no header file found
2021-07-01 16:42:53,945 [WARN] ApiManager:294 - Cannot register API 'Wireless:BlueNRG-2' from pack STMicroelectronics.X-CUBE-BLE2.3.2.0: no header file found
2021-07-01 16:42:54,827 [INFO] ImportTextPane:162 - (OptionalMessage_ERROR) IP (RCC) : Invalid parameter (FamilyName)
2021-07-01 16:42:54,829 [INFO] ImportTextPane:162 - (OptionalMessage_ERROR) IP (RCC) : Parameter (RNGFreq_Value) has invalid value (64000000)
2021-07-01 16:42:54,829 [INFO] ImportTextPane:162 - (OptionalMessage_ERROR) IP (RCC) : Parameter (SDMMCFreq_Value) has invalid value (64000000)
2021-07-01 16:42:54,829 [INFO] ImportTextPane:162 - (OptionalMessage_ERROR) IP (RCC) : Parameter (USBFreq_Value) has invalid value (64000000)
2021-07-01 16:42:55,214 [INFO] UtilMem:74 - End LoadConfig() Used Memory: 561917168 Bytes (638582784)
2021-07-01 16:42:55,226 [WARN] ThirdParty:762 - waiting for thirdparty lock release [change project]
2021-07-01 16:42:55,226 [INFO] ThirdParty:764 - entering critical section [change project]
2021-07-01 16:42:55,226 [INFO] ThirdParty:952 - CMSIS Pack Vendor :RoweBots I-CUBE-UNISONRTOS 5.5.0-4
2021-07-01 16:42:55,226 [INFO] ThirdParty:952 - CMSIS Pack Vendor :STMicroelectronics X-CUBE-SFXS2LP1 3.0.0
2021-07-01 16:42:55,226 [INFO] ThirdParty:952 - CMSIS Pack Vendor :STMicroelectronics USB_HOST 2.0.0
2021-07-01 16:42:55,226 [INFO] ThirdParty:952 - CMSIS Pack Vendor :STMicroelectronics USB_DEVICE 3.0.0
2021-07-01 16:42:55,227 [INFO] ThirdParty:952 - CMSIS Pack Vendor :STMicroelectronics HAL Drivers 0.0.0
2021-07-01 16:42:55,227 [INFO] ThirdParty:952 - CMSIS Pack Vendor :STMicroelectronics MBEDTLS 2.16.2
2021-07-01 16:42:55,227 [INFO] ThirdParty:952 - CMSIS Pack Vendor :STMicroelectronics MBEDTLS 2.14.1
2021-07-01 16:42:55,227 [INFO] ThirdParty:952 - CMSIS Pack Vendor :STMicroelectronics X-CUBE-SUBG2 4.1.0
2021-07-01 16:42:55,227 [INFO] ThirdParty:952 - CMSIS Pack Vendor :STMicroelectronics X-CUBE-SUBG2 4.0.0
2021-07-01 16:42:55,227 [INFO] ThirdParty:952 - CMSIS Pack Vendor :STMicroelectronics X-CUBE-TOF1 1.0.0
2021-07-01 16:42:55,227 [INFO] ThirdParty:952 - CMSIS Pack Vendor :STMicroelectronics X-CUBE-AZRTOS-H7 1.0.0
2021-07-01 16:42:55,227 [INFO] ThirdParty:952 - CMSIS Pack Vendor :STMicroelectronics USB_DEVICE 2.0.0
2021-07-01 16:42:55,227 [INFO] ThirdParty:952 - CMSIS Pack Vendor :STMicroelectronics X-CUBE-MEMS1 8.2.0
2021-07-01 16:42:55,227 [INFO] ThirdParty:952 - CMSIS Pack Vendor :STMicroelectronics X-CUBE-EEPRMA1 3.0.0
2021-07-01 16:42:55,227 [INFO] ThirdParty:952 - CMSIS Pack Vendor :STMicroelectronics X-CUBE-MEMS1 8.3.0
2021-07-01 16:42:55,227 [INFO] ThirdParty:952 - CMSIS Pack Vendor :STMicroelectronics X-CUBE-DISPLAY 1.0.0
2021-07-01 16:42:55,227 [INFO] ThirdParty:952 - CMSIS Pack Vendor :STMicroelectronics FreeRTOS 0.0.1
2021-07-01 16:42:55,227 [INFO] ThirdParty:952 - CMSIS Pack Vendor :STMicroelectronics USB_DEVICE 1.0.0
2021-07-01 16:42:55,227 [INFO] ThirdParty:952 - CMSIS Pack Vendor :STMicroelectronics X-CUBE-AI 6.0.0
2021-07-01 16:42:55,228 [INFO] ThirdParty:952 - CMSIS Pack Vendor :SEGGER I-CUBE-embOS 1.2.0
2021-07-01 16:42:55,228 [INFO] ThirdParty:952 - CMSIS Pack Vendor :STMicroelectronics X-CUBE-ALGOBUILD 1.2.0
2021-07-01 16:42:55,228 [INFO] ThirdParty:952 - CMSIS Pack Vendor :STMicroelectronics X-CUBE-GNSS1 5.2.0
2021-07-01 16:42:55,228 [INFO] ThirdParty:952 - CMSIS Pack Vendor :STMicroelectronics X-CUBE-BLE1 6.1.0
2021-07-01 16:42:55,228 [INFO] ThirdParty:952 - CMSIS Pack Vendor :STMicroelectronics lwIP 2.0.3
2021-07-01 16:42:55,228 [INFO] ThirdParty:952 - CMSIS Pack Vendor :STMicroelectronics lwIP 2.1.2
2021-07-01 16:42:55,228 [INFO] ThirdParty:952 - CMSIS Pack Vendor :STMicroelectronics X-CUBE-BLE1 6.2.0
2021-07-01 16:42:55,228 [INFO] ThirdParty:952 - CMSIS Pack Vendor :STMicroelectronics USB_HOST 1.0.0
2021-07-01 16:42:55,228 [INFO] ThirdParty:952 - CMSIS Pack Vendor :STMicroelectronics X-CUBE-NFC4 2.0.2
2021-07-01 16:42:55,228 [INFO] ThirdParty:952 - CMSIS Pack Vendor :wolfSSL I-CUBE-wolfSSL 4.7.0
2021-07-01 16:42:55,228 [INFO] ThirdParty:952 - CMSIS Pack Vendor :STMicroelectronics X-CUBE-TOUCHGFX 4.16.1
2021-07-01 16:42:55,228 [INFO] ThirdParty:952 - CMSIS Pack Vendor :STMicroelectronics PDM2PCM 3.1.0
2021-07-01 16:42:55,228 [INFO] ThirdParty:952 - CMSIS Pack Vendor :STMicroelectronics PDM2PCM 3.2.0
2021-07-01 16:42:55,228 [INFO] ThirdParty:952 - CMSIS Pack Vendor :STMicroelectronics PDM2PCM 3.3.0
2021-07-01 16:42:55,228 [INFO] ThirdParty:952 - CMSIS Pack Vendor :STMicroelectronics X-CUBE-BLE2 3.2.0
2021-07-01 16:42:55,229 [INFO] ThirdParty:770 - exiting critical section [change project]
2021-07-01 16:42:55,675 [INFO] PinOutPanel:1435 - setPackage(No Configuration,No Configuration)
2021-07-01 16:42:55,676 [INFO] PinOutPanel:1435 - setPackage(STM32L476RGTx,LQFP64)
2021-07-01 16:42:56,488 [INFO] UtilMem:74 - Before build in PCC Used Memory: 545867456 Bytes (638582784)
2021-07-01 16:42:56,987 [INFO] SharedServices:72 - Folder for power plug-in: C:/Users/evers/.stm32cubemx/plugins/power
2021-07-01 16:42:57,022 [INFO] SharedServices:72 - Folder for power plug-in: C:/Users/evers/.stm32cubemx/plugins/power
2021-07-01 16:42:57,103 [INFO] SharedServices:72 - Folder for power plug-in: C:/Users/evers/.stm32cubemx/plugins/power
2021-07-01 16:42:57,113 [INFO] SharedServices:72 - Folder for power plug-in: C:/Users/evers/.stm32cubemx/plugins/power
2021-07-01 16:42:57,296 [INFO] UtilMem:74 - After build in PCC Used Memory: 529115104 Bytes (638582784)
2021-07-01 16:42:57,325 [INFO] IPUIPlugin:64 - create IPUIPlugin
2021-07-01 16:42:57,325 [INFO] IPUIPlugin:64 - create IPUIPlugin
2021-07-01 16:42:57,325 [INFO] IPUIPlugin:64 - create IPUIPlugin
2021-07-01 16:42:57,325 [INFO] IPUIPlugin:64 - create IPUIPlugin
2021-07-01 16:42:57,326 [INFO] IPUIPlugin:64 - create IPUIPlugin
2021-07-01 16:42:57,326 [INFO] IPUIPlugin:64 - create IPUIPlugin
2021-07-01 16:42:57,326 [INFO] IPUIPlugin:64 - create IPUIPlugin
2021-07-01 16:42:57,326 [INFO] IPUIPlugin:64 - create IPUIPlugin
2021-07-01 16:42:57,326 [INFO] IPUIPlugin:64 - create IPUIPlugin
2021-07-01 16:42:57,326 [INFO] IPUIPlugin:64 - create IPUIPlugin
2021-07-01 16:42:57,327 [INFO] IPUIPlugin:64 - create IPUIPlugin
2021-07-01 16:42:57,327 [INFO] IPUIPlugin:64 - create IPUIPlugin
2021-07-01 16:42:57,327 [INFO] IPUIPlugin:64 - create IPUIPlugin
2021-07-01 16:42:57,327 [INFO] IPUIPlugin:64 - create IPUIPlugin
2021-07-01 16:42:57,327 [INFO] IPUIPlugin:64 - create IPUIPlugin
2021-07-01 16:42:57,327 [INFO] IPUIPlugin:64 - create IPUIPlugin
2021-07-01 16:42:57,328 [INFO] IPUIPlugin:64 - create IPUIPlugin
2021-07-01 16:42:57,328 [INFO] IPUIPlugin:64 - create IPUIPlugin
2021-07-01 16:42:57,328 [INFO] IPUIPlugin:64 - create IPUIPlugin
2021-07-01 16:42:57,329 [INFO] IPUIPlugin:64 - create IPUIPlugin
2021-07-01 16:42:57,329 [INFO] IPUIPlugin:64 - create IPUIPlugin
2021-07-01 16:42:57,329 [INFO] IPUIPlugin:64 - create IPUIPlugin
2021-07-01 16:42:57,330 [INFO] IPUIPlugin:64 - create IPUIPlugin
2021-07-01 16:42:57,330 [INFO] IPUIPlugin:64 - create IPUIPlugin
2021-07-01 16:42:57,330 [INFO] IPUIPlugin:64 - create IPUIPlugin
2021-07-01 16:42:57,331 [INFO] IPUIPlugin:64 - create IPUIPlugin
2021-07-01 16:42:57,331 [INFO] IPUIPlugin:64 - create IPUIPlugin
2021-07-01 16:42:57,331 [INFO] IPUIPlugin:64 - create IPUIPlugin
2021-07-01 16:42:57,332 [INFO] IPUIPlugin:64 - create IPUIPlugin
2021-07-01 16:42:57,332 [INFO] IPUIPlugin:64 - create IPUIPlugin
2021-07-01 16:42:57,332 [INFO] IPUIPlugin:64 - create IPUIPlugin
2021-07-01 16:42:57,333 [INFO] IPUIPlugin:64 - create IPUIPlugin
2021-07-01 16:42:57,333 [INFO] IPUIPlugin:64 - create IPUIPlugin
2021-07-01 16:42:57,334 [INFO] IPUIPlugin:64 - create IPUIPlugin
2021-07-01 16:42:57,334 [INFO] IPUIPlugin:64 - create IPUIPlugin
2021-07-01 16:42:57,334 [INFO] IPUIPlugin:64 - create IPUIPlugin
2021-07-01 16:42:57,335 [INFO] IPUIPlugin:64 - create IPUIPlugin
2021-07-01 16:42:57,335 [INFO] IPUIPlugin:64 - create IPUIPlugin
2021-07-01 16:42:57,336 [INFO] IPUIPlugin:64 - create IPUIPlugin
2021-07-01 16:42:57,336 [INFO] IPUIPlugin:64 - create IPUIPlugin
2021-07-01 16:42:57,336 [INFO] IPUIPlugin:64 - create IPUIPlugin
2021-07-01 16:42:57,337 [INFO] IPUIPlugin:64 - create IPUIPlugin
2021-07-01 16:42:57,337 [INFO] IPUIPlugin:64 - create IPUIPlugin
2021-07-01 16:42:57,338 [INFO] IPUIPlugin:64 - create IPUIPlugin
2021-07-01 16:42:57,338 [INFO] IPUIPlugin:64 - create IPUIPlugin
2021-07-01 16:42:57,339 [INFO] IPUIPlugin:64 - create IPUIPlugin
2021-07-01 16:42:57,339 [INFO] IPUIPlugin:64 - create IPUIPlugin
2021-07-01 16:42:57,340 [INFO] IPUIPlugin:64 - create IPUIPlugin
2021-07-01 16:42:57,340 [INFO] IPUIPlugin:64 - create IPUIPlugin
2021-07-01 16:42:57,341 [INFO] IPUIPlugin:64 - create IPUIPlugin
2021-07-01 16:42:57,342 [INFO] IPUIPlugin:64 - create IPUIPlugin
2021-07-01 16:42:57,342 [INFO] IPUIPlugin:64 - create IPUIPlugin
2021-07-01 16:42:57,343 [INFO] IPUIPlugin:64 - create IPUIPlugin
2021-07-01 16:42:57,343 [INFO] IPUIPlugin:64 - create IPUIPlugin
2021-07-01 16:42:57,344 [INFO] IPUIPlugin:64 - create IPUIPlugin
2021-07-01 16:42:57,345 [INFO] IPUIPlugin:64 - create IPUIPlugin
2021-07-01 16:42:57,346 [INFO] IPUIPlugin:64 - create IPUIPlugin
2021-07-01 16:42:57,348 [INFO] IPUIPlugin:64 - create IPUIPlugin
2021-07-01 16:42:57,349 [INFO] IPUIPlugin:64 - create IPUIPlugin
2021-07-01 16:42:57,387 [INFO] LogOutputStream:76 - [STDOUT_REDIRECT] toolchainItems.length=====1
2021-07-01 16:42:57,510 [INFO] OpenFileManager:323 - Restore cursor
2021-07-01 16:42:57,965 [INFO] UtilMem:74 - End SaveConfig() Used Memory: 563494552 Bytes (638582784)
2021-07-01 16:42:58,123 [INFO] UtilMem:74 - End SaveConfig() Used Memory: 536096880 Bytes (638582784)
2021-07-01 16:42:58,508 [INFO] BlockDiagram:2735 - set Specific Code input for plugin: SYS
2021-07-01 16:42:58,508 [INFO] BlockDiagram:2735 - set Specific Code input for plugin: RCC
2021-07-01 16:42:58,508 [INFO] BlockDiagram:2735 - set Specific Code input for plugin: NVIC
2021-07-01 16:42:58,509 [INFO] BlockDiagram:2735 - set Specific Code input for plugin: USART
2021-07-01 16:42:58,509 [INFO] BlockDiagram:2735 - set Specific Code input for plugin: GPIO
2021-07-01 16:42:58,511 [INFO] CodeGenerator:641 - code generatio: config db path: C:\ST\STM32CubeIDE_1.6.1\STM32CubeIDE\plugins\com.st.stm32cube.common.mx_6.2.1.202103241236\\db\
2021-07-01 16:42:58,965 [INFO] CodeEngine:229 - oldGeneratedFile, C:\Users\evers\Documents\IMAGINE-IOT\Imagine-IoT\Imagine-IoT\9 Nucleo boards\NUCLEO-L476RG\20 Assembly (STM32CubeIDE)\Project 1.4\Sum_of_elements_in_array\MXTmpFiles\license.tmp_save
2021-07-01 16:42:59,299 [INFO] CodeEngine:247 - Generated code: C:\Users\evers\Documents\IMAGINE-IOT\Imagine-IoT\Imagine-IoT\9 Nucleo boards\NUCLEO-L476RG\20 Assembly (STM32CubeIDE)\Project 1.4\Sum_of_elements_in_array\MXTmpFiles\license.tmp
2021-07-01 16:42:59,437 [INFO] CodeEngine:229 - oldGeneratedFile, C:\Users\evers\Documents\IMAGINE-IOT\Imagine-IoT\Imagine-IoT\9 Nucleo boards\NUCLEO-L476RG\20 Assembly (STM32CubeIDE)\Project 1.4\Sum_of_elements_in_array\MXTmpFiles\gpio.tmp_save
2021-07-01 16:42:59,519 [INFO] CodeEngine:247 - Generated code: C:\Users\evers\Documents\IMAGINE-IOT\Imagine-IoT\Imagine-IoT\9 Nucleo boards\NUCLEO-L476RG\20 Assembly (STM32CubeIDE)\Project 1.4\Sum_of_elements_in_array\MXTmpFiles\gpio.tmp
2021-07-01 16:42:59,810 [INFO] LogOutputStream:76 - [STDOUT_REDIRECT] Command line
2021-07-01 16:42:59,823 [INFO] CodeEngine:229 - oldGeneratedFile, C:\Users\evers\Documents\IMAGINE-IOT\Imagine-IoT\Imagine-IoT\9 Nucleo boards\NUCLEO-L476RG\20 Assembly (STM32CubeIDE)\Project 1.4\Sum_of_elements_in_array\Core\Src\stm32l4xx_it.c_save
2021-07-01 16:42:59,917 [INFO] CodeEngine:247 - Generated code: C:\Users\evers\Documents\IMAGINE-IOT\Imagine-IoT\Imagine-IoT\9 Nucleo boards\NUCLEO-L476RG\20 Assembly (STM32CubeIDE)\Project 1.4\Sum_of_elements_in_array\Core\Src\stm32l4xx_it.c
2021-07-01 16:42:59,924 [INFO] CodeEngine:229 - oldGeneratedFile, C:\Users\evers\Documents\IMAGINE-IOT\Imagine-IoT\Imagine-IoT\9 Nucleo boards\NUCLEO-L476RG\20 Assembly (STM32CubeIDE)\Project 1.4\Sum_of_elements_in_array\Core\Inc\stm32l4xx_it.h_save
2021-07-01 16:42:59,975 [INFO] CodeEngine:247 - Generated code: C:\Users\evers\Documents\IMAGINE-IOT\Imagine-IoT\Imagine-IoT\9 Nucleo boards\NUCLEO-L476RG\20 Assembly (STM32CubeIDE)\Project 1.4\Sum_of_elements_in_array\Core\Inc\stm32l4xx_it.h
2021-07-01 16:42:59,989 [INFO] CodeEngine:229 - oldGeneratedFile, C:\Users\evers\Documents\IMAGINE-IOT\Imagine-IoT\Imagine-IoT\9 Nucleo boards\NUCLEO-L476RG\20 Assembly (STM32CubeIDE)\Project 1.4\Sum_of_elements_in_array\Core\Src\stm32l4xx_hal_msp.c_save
2021-07-01 16:43:00,076 [INFO] CodeEngine:247 - Generated code: C:\Users\evers\Documents\IMAGINE-IOT\Imagine-IoT\Imagine-IoT\9 Nucleo boards\NUCLEO-L476RG\20 Assembly (STM32CubeIDE)\Project 1.4\Sum_of_elements_in_array\Core\Src\stm32l4xx_hal_msp.c
2021-07-01 16:43:00,080 [INFO] CodeEngine:229 - oldGeneratedFile, C:\Users\evers\Documents\IMAGINE-IOT\Imagine-IoT\Imagine-IoT\9 Nucleo boards\NUCLEO-L476RG\20 Assembly (STM32CubeIDE)\Project 1.4\Sum_of_elements_in_array\MXTmpFiles\system.tmp_save
2021-07-01 16:43:00,130 [INFO] CodeEngine:247 - Generated code: C:\Users\evers\Documents\IMAGINE-IOT\Imagine-IoT\Imagine-IoT\9 Nucleo boards\NUCLEO-L476RG\20 Assembly (STM32CubeIDE)\Project 1.4\Sum_of_elements_in_array\MXTmpFiles\system.tmp
2021-07-01 16:43:00,144 [INFO] CodeEngine:229 - oldGeneratedFile, C:\Users\evers\Documents\IMAGINE-IOT\Imagine-IoT\Imagine-IoT\9 Nucleo boards\NUCLEO-L476RG\20 Assembly (STM32CubeIDE)\Project 1.4\Sum_of_elements_in_array\Core\Inc\stm32l4xx_hal_conf.h_save
2021-07-01 16:43:00,214 [INFO] CodeEngine:247 - Generated code: C:\Users\evers\Documents\IMAGINE-IOT\Imagine-IoT\Imagine-IoT\9 Nucleo boards\NUCLEO-L476RG\20 Assembly (STM32CubeIDE)\Project 1.4\Sum_of_elements_in_array\Core\Inc\stm32l4xx_hal_conf.h
2021-07-01 16:43:00,261 [INFO] CodeEngine:229 - oldGeneratedFile, C:\Users\evers\Documents\IMAGINE-IOT\Imagine-IoT\Imagine-IoT\9 Nucleo boards\NUCLEO-L476RG\20 Assembly (STM32CubeIDE)\Project 1.4\Sum_of_elements_in_array\Core\Inc\main.h_save
2021-07-01 16:43:00,318 [INFO] CodeEngine:247 - Generated code: C:\Users\evers\Documents\IMAGINE-IOT\Imagine-IoT\Imagine-IoT\9 Nucleo boards\NUCLEO-L476RG\20 Assembly (STM32CubeIDE)\Project 1.4\Sum_of_elements_in_array\Core\Inc\main.h
2021-07-01 16:43:00,327 [INFO] CodeEngine:229 - oldGeneratedFile, C:\Users\evers\Documents\IMAGINE-IOT\Imagine-IoT\Imagine-IoT\9 Nucleo boards\NUCLEO-L476RG\20 Assembly (STM32CubeIDE)\Project 1.4\Sum_of_elements_in_array\Core\Src\main.c_save
2021-07-01 16:43:00,442 [INFO] CodeEngine:247 - Generated code: C:\Users\evers\Documents\IMAGINE-IOT\Imagine-IoT\Imagine-IoT\9 Nucleo boards\NUCLEO-L476RG\20 Assembly (STM32CubeIDE)\Project 1.4\Sum_of_elements_in_array\Core\Src\main.c
2021-07-01 16:43:01,426 [INFO] ProjectBuilder:2460 - Time for Copy HAL[1] : 203mS.
2021-07-01 16:43:01,434 [INFO] ProjectBuilder:3418 - Project Generator version: 3.13.0-B3
2021-07-01 16:43:01,875 [INFO] ConfigFileManager:1242 - The Die is : DIE415
2021-07-01 16:43:01,898 [INFO] ApiDbMcu:458 - Load IP Config File for FATFS
2021-07-01 16:43:01,928 [INFO] ApiDbMcu:458 - Load IP Config File for FREERTOS
2021-07-01 16:43:02,074 [INFO] ApiDbMcu:458 - Load IP Config File for TOUCHSENSING
2021-07-01 16:43:02,101 [INFO] ApiDbMcu:458 - Load IP Config File for USB_DEVICE
2021-07-01 16:43:02,112 [INFO] ApiDbMcu:458 - Load IP Config File for USB_HOST
2021-07-01 16:43:05,765 [INFO] ProjectBuilder:3584 - Time for Generating toolchain IDE Files: 4331mS.
2021-07-01 16:43:05,767 [INFO] ProjectBuilder:2339 - Time for Copy CMSIS : 1mS.
2021-07-01 16:43:05,773 [INFO] ProjectBuilder:2339 - Time for Copy CMSIS : 0mS.
2021-07-01 16:43:06,512 [INFO] ApiDb:276 - Save user favorites file C:\Users\evers/.stm32cubeide/favorites.mcus.txt: 0 item(s)
2021-07-01 16:43:06,512 [INFO] ApiDb:280 - User favorites MCUs=[]
2021-07-01 16:43:06,515 [INFO] ApiDb:276 - Save user favorites file C:\Users\evers/.stm32cubeide/favorites.boards.txt: 1 item(s)
2021-07-01 16:43:06,516 [INFO] ApiDb:280 - User favorites Boards=[NUCLEO-L476RG]
2021-07-13 10:16:45,571 [INFO] Activator:170 - 


2021-07-13 10:16:45,573 [INFO] Activator:171 - !SESSION log4j initialized
