20:02:38 **** Incremental Build of configuration Debug for project LwIP_HTTP_Server_Netconn_RTOS ****
make -j8 all 
arm-none-eabi-gcc "C:/Users/evers/Documents/IMAGINE-IOT/Imagine-IoT/Imagine-IoT/9 Nucleo boards/NUCLEO-H723ZG/ìp_example_3/LwIP_HTTP_Server_Netconn_RTOS/Middlewares/Third_Party/LwIP/src/apps/http/fs.c" -mcpu=cortex-m7 -std=gnu11 -g3 -DUSE_HAL_DRIVER -DSTM32H723xx -DDEBUG -c -I../../Inc -I../../Src -I../../Drivers/CMSIS/Include -I../../Drivers/CMSIS/Device/ST/STM32H7xx/Include -I../../Drivers/STM32H7xx_HAL_Driver/Inc -I../../Drivers/BSP/STM32H7xx_Nucleo -I../../Drivers/BSP/Components/Common -I../../Drivers/BSP/Components -I../../Middlewares/Third_Party/LwIP/src/include -I../../Middlewares/Third_Party/LwIP/system -I../../Middlewares/Third_Party/FreeRTOS/Source/portable/GCC/ARM_CM4F -I../../Middlewares/Third_Party/FreeRTOS/Source -I../../Middlewares/Third_Party/FreeRTOS/Source/CMSIS_RTOS_V2 -I../../Middlewares/Third_Party/FreeRTOS/Source/include -I../../Utilities -O0 -ffunction-sections -fdata-sections -Wall -fstack-usage -MMD -MP -MF"Middlewares/LwIP/apps/http/fs.d" -MT"Middlewares/LwIP/apps/http/fs.o" --specs=nano.specs -mfpu=fpv5-d16 -mfloat-abi=hard -mthumb -o "Middlewares/LwIP/apps/http/fs.o"
arm-none-eabi-gcc "C:/Users/evers/Documents/IMAGINE-IOT/Imagine-IoT/Imagine-IoT/9 Nucleo boards/NUCLEO-H723ZG/ìp_example_3/LwIP_HTTP_Server_Netconn_RTOS/Middlewares/Third_Party/LwIP/src/netif/ethernet.c" -mcpu=cortex-m7 -std=gnu11 -g3 -DUSE_HAL_DRIVER -DSTM32H723xx -DDEBUG -c -I../../Inc -I../../Src -I../../Drivers/CMSIS/Include -I../../Drivers/CMSIS/Device/ST/STM32H7xx/Include -I../../Drivers/STM32H7xx_HAL_Driver/Inc -I../../Drivers/BSP/STM32H7xx_Nucleo -I../../Drivers/BSP/Components/Common -I../../Drivers/BSP/Components -I../../Middlewares/Third_Party/LwIP/src/include -I../../Middlewares/Third_Party/LwIP/system -I../../Middlewares/Third_Party/FreeRTOS/Source/portable/GCC/ARM_CM4F -I../../Middlewares/Third_Party/FreeRTOS/Source -I../../Middlewares/Third_Party/FreeRTOS/Source/CMSIS_RTOS_V2 -I../../Middlewares/Third_Party/FreeRTOS/Source/include -I../../Utilities -O0 -ffunction-sections -fdata-sections -Wall -fstack-usage -MMD -MP -MF"Middlewares/LwIP/Netif/ethernet.d" -MT"Middlewares/LwIP/Netif/ethernet.o" --specs=nano.specs -mfpu=fpv5-d16 -mfloat-abi=hard -mthumb -o "Middlewares/LwIP/Netif/ethernet.o"
arm-none-eabi-gcc "C:/Users/evers/Documents/IMAGINE-IOT/Imagine-IoT/Imagine-IoT/9 Nucleo boards/NUCLEO-H723ZG/ìp_example_3/LwIP_HTTP_Server_Netconn_RTOS/Middlewares/Third_Party/LwIP/system/OS/sys_arch.c" -mcpu=cortex-m7 -std=gnu11 -g3 -DUSE_HAL_DRIVER -DSTM32H723xx -DDEBUG -c -I../../Inc -I../../Src -I../../Drivers/CMSIS/Include -I../../Drivers/CMSIS/Device/ST/STM32H7xx/Include -I../../Drivers/STM32H7xx_HAL_Driver/Inc -I../../Drivers/BSP/STM32H7xx_Nucleo -I../../Drivers/BSP/Components/Common -I../../Drivers/BSP/Components -I../../Middlewares/Third_Party/LwIP/src/include -I../../Middlewares/Third_Party/LwIP/system -I../../Middlewares/Third_Party/FreeRTOS/Source/portable/GCC/ARM_CM4F -I../../Middlewares/Third_Party/FreeRTOS/Source -I../../Middlewares/Third_Party/FreeRTOS/Source/CMSIS_RTOS_V2 -I../../Middlewares/Third_Party/FreeRTOS/Source/include -I../../Utilities -O0 -ffunction-sections -fdata-sections -Wall -fstack-usage -MMD -MP -MF"Middlewares/LwIP/Netif/sys_arch.d" -MT"Middlewares/LwIP/Netif/sys_arch.o" --specs=nano.specs -mfpu=fpv5-d16 -mfloat-abi=hard -mthumb -o "Middlewares/LwIP/Netif/sys_arch.o"
arm-none-eabi-gcc "C:/Users/evers/Documents/IMAGINE-IOT/Imagine-IoT/Imagine-IoT/9 Nucleo boards/NUCLEO-H723ZG/ìp_example_3/LwIP_HTTP_Server_Netconn_RTOS/Middlewares/Third_Party/LwIP/src/core/ipv4/autoip.c" -mcpu=cortex-m7 -std=gnu11 -g3 -DUSE_HAL_DRIVER -DSTM32H723xx -DDEBUG -c -I../../Inc -I../../Src -I../../Drivers/CMSIS/Include -I../../Drivers/CMSIS/Device/ST/STM32H7xx/Include -I../../Drivers/STM32H7xx_HAL_Driver/Inc -I../../Drivers/BSP/STM32H7xx_Nucleo -I../../Drivers/BSP/Components/Common -I../../Drivers/BSP/Components -I../../Middlewares/Third_Party/LwIP/src/include -I../../Middlewares/Third_Party/LwIP/system -I../../Middlewares/Third_Party/FreeRTOS/Source/portable/GCC/ARM_CM4F -I../../Middlewares/Third_Party/FreeRTOS/Source -I../../Middlewares/Third_Party/FreeRTOS/Source/CMSIS_RTOS_V2 -I../../Middlewares/Third_Party/FreeRTOS/Source/include -I../../Utilities -O0 -ffunction-sections -fdata-sections -Wall -fstack-usage -MMD -MP -MF"Middlewares/LwIP/Core/IPv4/autoip.d" -MT"Middlewares/LwIP/Core/IPv4/autoip.o" --specs=nano.specs -mfpu=fpv5-d16 -mfloat-abi=hard -mthumb -o "Middlewares/LwIP/Core/IPv4/autoip.o"
arm-none-eabi-gcc "C:/Users/evers/Documents/IMAGINE-IOT/Imagine-IoT/Imagine-IoT/9 Nucleo boards/NUCLEO-H723ZG/ìp_example_3/LwIP_HTTP_Server_Netconn_RTOS/Middlewares/Third_Party/LwIP/src/core/ipv4/dhcp.c" -mcpu=cortex-m7 -std=gnu11 -g3 -DUSE_HAL_DRIVER -DSTM32H723xx -DDEBUG -c -I../../Inc -I../../Src -I../../Drivers/CMSIS/Include -I../../Drivers/CMSIS/Device/ST/STM32H7xx/Include -I../../Drivers/STM32H7xx_HAL_Driver/Inc -I../../Drivers/BSP/STM32H7xx_Nucleo -I../../Drivers/BSP/Components/Common -I../../Drivers/BSP/Components -I../../Middlewares/Third_Party/LwIP/src/include -I../../Middlewares/Third_Party/LwIP/system -I../../Middlewares/Third_Party/FreeRTOS/Source/portable/GCC/ARM_CM4F -I../../Middlewares/Third_Party/FreeRTOS/Source -I../../Middlewares/Third_Party/FreeRTOS/Source/CMSIS_RTOS_V2 -I../../Middlewares/Third_Party/FreeRTOS/Source/include -I../../Utilities -O0 -ffunction-sections -fdata-sections -Wall -fstack-usage -MMD -MP -MF"Middlewares/LwIP/Core/IPv4/dhcp.d" -MT"Middlewares/LwIP/Core/IPv4/dhcp.o" --specs=nano.specs -mfpu=fpv5-d16 -mfloat-abi=hard -mthumb -o "Middlewares/LwIP/Core/IPv4/dhcp.o"
arm-none-eabi-gcc "C:/Users/evers/Documents/IMAGINE-IOT/Imagine-IoT/Imagine-IoT/9 Nucleo boards/NUCLEO-H723ZG/ìp_example_3/LwIP_HTTP_Server_Netconn_RTOS/Middlewares/Third_Party/LwIP/src/core/ipv4/etharp.c" -mcpu=cortex-m7 -std=gnu11 -g3 -DUSE_HAL_DRIVER -DSTM32H723xx -DDEBUG -c -I../../Inc -I../../Src -I../../Drivers/CMSIS/Include -I../../Drivers/CMSIS/Device/ST/STM32H7xx/Include -I../../Drivers/STM32H7xx_HAL_Driver/Inc -I../../Drivers/BSP/STM32H7xx_Nucleo -I../../Drivers/BSP/Components/Common -I../../Drivers/BSP/Components -I../../Middlewares/Third_Party/LwIP/src/include -I../../Middlewares/Third_Party/LwIP/system -I../../Middlewares/Third_Party/FreeRTOS/Source/portable/GCC/ARM_CM4F -I../../Middlewares/Third_Party/FreeRTOS/Source -I../../Middlewares/Third_Party/FreeRTOS/Source/CMSIS_RTOS_V2 -I../../Middlewares/Third_Party/FreeRTOS/Source/include -I../../Utilities -O0 -ffunction-sections -fdata-sections -Wall -fstack-usage -MMD -MP -MF"Middlewares/LwIP/Core/IPv4/etharp.d" -MT"Middlewares/LwIP/Core/IPv4/etharp.o" --specs=nano.specs -mfpu=fpv5-d16 -mfloat-abi=hard -mthumb -o "Middlewares/LwIP/Core/IPv4/etharp.o"
arm-none-eabi-gcc: error: C:/Users/evers/Documents/IMAGINE-IOT/Imagine-IoT/Imagine-IoT/9 Nucleo boards/NUCLEO-H723ZG/??p_example_3/LwIP_HTTP_Server_Netconn_RTOS/Middlewares/Third_Party/LwIP/src/apps/http/fs.c: Invalid argument
arm-none-eabi-gcc: fatal error: no input files
compilation terminated.
arm-none-eabi-gcc "C:/Users/evers/Documents/IMAGINE-IOT/Imagine-IoT/Imagine-IoT/9 Nucleo boards/NUCLEO-H723ZG/ìp_example_3/LwIP_HTTP_Server_Netconn_RTOS/Middlewares/Third_Party/LwIP/src/core/ipv4/icmp.c" -mcpu=cortex-m7 -std=gnu11 -g3 -DUSE_HAL_DRIVER -DSTM32H723xx -DDEBUG -c -I../../Inc -I../../Src -I../../Drivers/CMSIS/Include -I../../Drivers/CMSIS/Device/ST/STM32H7xx/Include -I../../Drivers/STM32H7xx_HAL_Driver/Inc -I../../Drivers/BSP/STM32H7xx_Nucleo -I../../Drivers/BSP/Components/Common -I../../Drivers/BSP/Components -I../../Middlewares/Third_Party/LwIP/src/include -I../../Middlewares/Third_Party/LwIP/system -I../../Middlewares/Third_Party/FreeRTOS/Source/portable/GCC/ARM_CM4F -I../../Middlewares/Third_Party/FreeRTOS/Source -I../../Middlewares/Third_Party/FreeRTOS/Source/CMSIS_RTOS_V2 -I../../Middlewares/Third_Party/FreeRTOS/Source/include -I../../Utilities -O0 -ffunction-sections -fdata-sections -Wall -fstack-usage -MMD -MP -MF"Middlewares/LwIP/Core/IPv4/icmp.d" -MT"Middlewares/LwIP/Core/IPv4/icmp.o" --specs=nano.specs -mfpu=fpv5-d16 -mfloat-abi=hard -mthumb -o "Middlewares/LwIP/Core/IPv4/icmp.o"
arm-none-eabi-gcc: error: C:/Users/evers/Documents/IMAGINE-IOT/Imagine-IoT/Imagine-IoT/9 Nucleo boards/NUCLEO-H723ZG/??p_example_3/LwIP_HTTP_Server_Netconn_RTOS/Middlewares/Third_Party/LwIP/src/netif/ethernet.c: Invalid argument
arm-none-eabi-gcc: fatal error: no input files
compilation terminated.
make: *** [Middlewares/LwIP/apps/http/subdir.mk:19: Middlewares/LwIP/apps/http/fs.o] Error 1
make: *** Waiting for unfinished jobs....
arm-none-eabi-gcc: error: C:/Users/evers/Documents/IMAGINE-IOT/Imagine-IoT/Imagine-IoT/9 Nucleo boards/NUCLEO-H723ZG/??p_example_3/LwIP_HTTP_Server_Netconn_RTOS/Middlewares/Third_Party/LwIP/system/OS/sys_arch.c: Invalid argument
make: *** [Middlewares/LwIP/Netif/subdir.mk:22: Middlewares/LwIP/Netif/ethernet.o] Error 1
arm-none-eabi-gcc: fatal error: no input files
compilation terminated.
arm-none-eabi-gcc: error: C:/Users/evers/Documents/IMAGINE-IOT/Imagine-IoT/Imagine-IoT/9 Nucleo boards/NUCLEO-H723ZG/??p_example_3/LwIP_HTTP_Server_Netconn_RTOS/Middlewares/Third_Party/LwIP/src/core/ipv4/autoip.c: Invalid argument
arm-none-eabi-gcc: fatal error: no input files
compilation terminated.
make: *** [Middlewares/LwIP/Netif/subdir.mk:24: Middlewares/LwIP/Netif/sys_arch.o] Error 1
make: *** [Middlewares/LwIP/Core/IPv4/subdir.mk:40: Middlewares/LwIP/Core/IPv4/autoip.o] Error 1
arm-none-eabi-gcc: error: C:/Users/evers/Documents/IMAGINE-IOT/Imagine-IoT/Imagine-IoT/9 Nucleo boards/NUCLEO-H723ZG/??p_example_3/LwIP_HTTP_Server_Netconn_RTOS/Middlewares/Third_Party/LwIP/src/core/ipv4/etharp.c: Invalid argument
arm-none-eabi-gcc: error: C:/Users/evers/Documents/IMAGINE-IOT/Imagine-IoT/Imagine-IoT/9 Nucleo boards/NUCLEO-H723ZG/??p_example_3/LwIP_HTTP_Server_Netconn_RTOS/Middlewares/Third_Party/LwIP/src/core/ipv4/dhcp.c: Invalid argument
arm-none-eabi-gcc: fatal error: no input files
arm-none-eabi-gcc: fatal error: no input files
compilation terminated.
compilation terminated.
make: *** [Middlewares/LwIP/Core/IPv4/subdir.mk:44: Middlewares/LwIP/Core/IPv4/etharp.o] Error 1
make: *** [Middlewares/LwIP/Core/IPv4/subdir.mk:42: Middlewares/LwIP/Core/IPv4/dhcp.o] Error 1
arm-none-eabi-gcc: error: C:/Users/evers/Documents/IMAGINE-IOT/Imagine-IoT/Imagine-IoT/9 Nucleo boards/NUCLEO-H723ZG/??p_example_3/LwIP_HTTP_Server_Netconn_RTOS/Middlewares/Third_Party/LwIP/src/core/ipv4/icmp.c: Invalid argument
arm-none-eabi-gcc: fatal error: no input files
compilation terminated.
make: *** [Middlewares/LwIP/Core/IPv4/subdir.mk:46: Middlewares/LwIP/Core/IPv4/icmp.o] Error 1
"make -j8 all" terminated with exit code 2. Build might be incomplete.

20:02:39 Build Failed. 8 errors, 0 warnings. (took 712ms)

