2021-04-02 13:44:19,766 [INFO] Activator:170 - 


2021-04-02 13:44:19,767 [INFO] Activator:171 - !SESSION log4j initialized
2021-04-02 13:44:28,114 [INFO] McuFinderGlobals:39 - Set McuFinder mode to 2 (CubeIDE integrated)
2021-04-02 13:44:28,275 [INFO] ApplicationProperties:181 - Using Application install path: C:\ST\STM32CubeIDE_1.4.0\STM32CubeIDE\plugins\com.st.stm32cube.common.mx_6.2.0.202102191602
2021-04-02 13:44:28,288 [INFO] DbMcusXml:74 - Set database path to: C:\ST\STM32CubeIDE_1.4.0\STM32CubeIDE\plugins\com.st.stm32cube.common.mx_6.2.0.202102191602\\db\/mcu/
2021-04-02 13:44:28,292 [INFO] DbBoardsPdsc:56 - Set plugin database path to: C:\ST\STM32CubeIDE_1.4.0\STM32CubeIDE\plugins\com.st.stm32cube.common.mx_6.2.0.202102191602\\db\/plugins/boardmanager/
2021-04-02 13:44:28,293 [INFO] DbMcus:258 - Set plugin images path to: C:\ST\STM32CubeIDE_1.4.0\STM32CubeIDE\plugins\com.st.stm32cube.common.mx_6.2.0.202102191602\\db\/plugins/mcufinder/images/
2021-04-02 13:44:28,293 [INFO] DbBoards:264 - Set plugin images path to: C:\ST\STM32CubeIDE_1.4.0\STM32CubeIDE\plugins\com.st.stm32cube.common.mx_6.2.0.202102191602\\db\/plugins/mcufinder/images/
2021-04-02 13:44:28,296 [INFO] DbExamples:333 - Set plugin images path to: C:\ST\STM32CubeIDE_1.4.0\STM32CubeIDE\plugins\com.st.stm32cube.common.mx_6.2.0.202102191602\\db\/plugins/mcufinder/images/
2021-04-02 13:44:28,308 [INFO] DbMcusAds:85 - Set database path to: C:\Users\evers\.stmcufinder\plugins\mcufinder//mcu/
2021-04-02 13:44:28,309 [INFO] DbMcusDocs:110 - Set database path to: C:\Users\evers\.stmcufinder\plugins\mcufinder//mcu/
2021-04-02 13:44:28,312 [INFO] DbMcusJson:65 - Set database path to: C:\Users\evers\.stmcufinder\plugins\mcufinder//mcu/
2021-04-02 13:44:28,312 [INFO] DbBoardsDocs:110 - Set database path to: C:\Users\evers\.stmcufinder\plugins\mcufinder//mcu/
2021-04-02 13:44:28,314 [INFO] DbBoardsJson:58 - Set database path to: C:\Users\evers\.stmcufinder\plugins\mcufinder//mcu/
2021-04-02 13:44:28,316 [INFO] CrossReferenceDbSqlite:196 - Set database path to: C:\Users\evers\.stmcufinder\plugins\mcufinder//mcu/cs/
2021-04-02 13:44:28,319 [INFO] DbExamplesSqlite:690 - Set database path to: C:\Users\evers\.stmcufinder\plugins\mcufinder//mcu/
2021-04-02 13:44:28,415 [INFO] RulesReader:52 - Compatibility file has been processed (237 Rules)
2021-04-02 13:44:28,552 [INFO] MicroXplorer:622 - Detected Java Version = 11.0.9.1
2021-04-02 13:44:28,553 [INFO] DbMcusXml:74 - Set database path to: C:\ST\STM32CubeIDE_1.4.0\STM32CubeIDE\plugins\com.st.stm32cube.common.mx_6.2.0.202102191602\\db\/mcu/
2021-04-02 13:44:28,553 [INFO] DbBoardsPdsc:56 - Set plugin database path to: C:\ST\STM32CubeIDE_1.4.0\STM32CubeIDE\plugins\com.st.stm32cube.common.mx_6.2.0.202102191602\\db\/plugins/boardmanager/
2021-04-02 13:44:28,554 [INFO] DbMcus:258 - Set plugin images path to: C:\ST\STM32CubeIDE_1.4.0\STM32CubeIDE\plugins\com.st.stm32cube.common.mx_6.2.0.202102191602\\db\/plugins/mcufinder/images/
2021-04-02 13:44:28,554 [INFO] DbBoards:264 - Set plugin images path to: C:\ST\STM32CubeIDE_1.4.0\STM32CubeIDE\plugins\com.st.stm32cube.common.mx_6.2.0.202102191602\\db\/plugins/mcufinder/images/
2021-04-02 13:44:28,554 [INFO] DbExamples:333 - Set plugin images path to: C:\ST\STM32CubeIDE_1.4.0\STM32CubeIDE\plugins\com.st.stm32cube.common.mx_6.2.0.202102191602\\db\/plugins/mcufinder/images/
2021-04-02 13:44:28,554 [WARN] DbFile:35 - Overriding database path with different value: C:\Users\evers\.stmcufinder\plugins\mcufinder/ => C:\Users\evers\.stmcufinder\plugins\mcufinder
2021-04-02 13:44:28,554 [INFO] DbMcusAds:85 - Set database path to: C:\Users\evers\.stmcufinder\plugins\mcufinder//mcu/
2021-04-02 13:44:28,555 [WARN] DbFile:35 - Overriding database path with different value: C:\Users\evers\.stmcufinder\plugins\mcufinder/ => C:\Users\evers\.stmcufinder\plugins\mcufinder
2021-04-02 13:44:28,555 [INFO] DbMcusDocs:110 - Set database path to: C:\Users\evers\.stmcufinder\plugins\mcufinder//mcu/
2021-04-02 13:44:28,555 [WARN] DbFile:35 - Overriding database path with different value: C:\Users\evers\.stmcufinder\plugins\mcufinder/ => C:\Users\evers\.stmcufinder\plugins\mcufinder
2021-04-02 13:44:28,555 [INFO] DbMcusJson:65 - Set database path to: C:\Users\evers\.stmcufinder\plugins\mcufinder//mcu/
2021-04-02 13:44:28,555 [WARN] DbFile:35 - Overriding database path with different value: C:\Users\evers\.stmcufinder\plugins\mcufinder/ => C:\Users\evers\.stmcufinder\plugins\mcufinder
2021-04-02 13:44:28,555 [INFO] DbBoardsDocs:110 - Set database path to: C:\Users\evers\.stmcufinder\plugins\mcufinder//mcu/
2021-04-02 13:44:28,556 [WARN] DbFile:35 - Overriding database path with different value: C:\Users\evers\.stmcufinder\plugins\mcufinder/ => C:\Users\evers\.stmcufinder\plugins\mcufinder
2021-04-02 13:44:28,556 [INFO] DbBoardsJson:58 - Set database path to: C:\Users\evers\.stmcufinder\plugins\mcufinder//mcu/
2021-04-02 13:44:28,556 [WARN] DbFile:35 - Overriding database path with different value: C:\Users\evers\.stmcufinder\plugins\mcufinder/ => C:\Users\evers\.stmcufinder\plugins\mcufinder
2021-04-02 13:44:28,556 [WARN] DbFile:35 - Overriding database path with different value: C:\Users\evers\.stmcufinder\plugins\mcufinder/ => C:\Users\evers\.stmcufinder\plugins\mcufinder
2021-04-02 13:44:28,556 [INFO] CrossReferenceDbSqlite:196 - Set database path to: C:\Users\evers\.stmcufinder\plugins\mcufinder//mcu/cs/
2021-04-02 13:44:28,557 [WARN] DbFile:35 - Overriding database path with different value: C:\Users\evers\.stmcufinder\plugins\mcufinder/ => C:\Users\evers\.stmcufinder\plugins\mcufinder
2021-04-02 13:44:28,557 [INFO] DbExamplesSqlite:690 - Set database path to: C:\Users\evers\.stmcufinder\plugins\mcufinder//mcu/
2021-04-02 13:44:28,626 [INFO] MainPanel:204 - HeapMemory: 268435456
2021-04-02 13:44:28,708 [INFO] DbMcusXml:74 - Set database path to: C:\ST\STM32CubeIDE_1.4.0\STM32CubeIDE\plugins\com.st.stm32cube.common.mx_6.2.0.202102191602\\db\/mcu/
2021-04-02 13:44:28,708 [INFO] DbBoardsPdsc:56 - Set plugin database path to: C:\ST\STM32CubeIDE_1.4.0\STM32CubeIDE\plugins\com.st.stm32cube.common.mx_6.2.0.202102191602\\db\/plugins/boardmanager/
2021-04-02 13:44:28,708 [INFO] DbMcus:258 - Set plugin images path to: C:\ST\STM32CubeIDE_1.4.0\STM32CubeIDE\plugins\com.st.stm32cube.common.mx_6.2.0.202102191602\\db\/plugins/mcufinder/images/
2021-04-02 13:44:28,708 [INFO] DbBoards:264 - Set plugin images path to: C:\ST\STM32CubeIDE_1.4.0\STM32CubeIDE\plugins\com.st.stm32cube.common.mx_6.2.0.202102191602\\db\/plugins/mcufinder/images/
2021-04-02 13:44:28,709 [INFO] DbExamples:333 - Set plugin images path to: C:\ST\STM32CubeIDE_1.4.0\STM32CubeIDE\plugins\com.st.stm32cube.common.mx_6.2.0.202102191602\\db\/plugins/mcufinder/images/
2021-04-02 13:44:28,709 [WARN] DbFile:35 - Overriding database path with different value: C:\Users\evers\.stmcufinder\plugins\mcufinder/ => C:\Users\evers\.stmcufinder\plugins\mcufinder
2021-04-02 13:44:28,709 [INFO] DbMcusAds:85 - Set database path to: C:\Users\evers\.stmcufinder\plugins\mcufinder//mcu/
2021-04-02 13:44:28,709 [WARN] DbFile:35 - Overriding database path with different value: C:\Users\evers\.stmcufinder\plugins\mcufinder/ => C:\Users\evers\.stmcufinder\plugins\mcufinder
2021-04-02 13:44:28,709 [INFO] DbMcusDocs:110 - Set database path to: C:\Users\evers\.stmcufinder\plugins\mcufinder//mcu/
2021-04-02 13:44:28,710 [WARN] DbFile:35 - Overriding database path with different value: C:\Users\evers\.stmcufinder\plugins\mcufinder/ => C:\Users\evers\.stmcufinder\plugins\mcufinder
2021-04-02 13:44:28,710 [INFO] DbMcusJson:65 - Set database path to: C:\Users\evers\.stmcufinder\plugins\mcufinder//mcu/
2021-04-02 13:44:28,710 [WARN] DbFile:35 - Overriding database path with different value: C:\Users\evers\.stmcufinder\plugins\mcufinder/ => C:\Users\evers\.stmcufinder\plugins\mcufinder
2021-04-02 13:44:28,710 [INFO] DbBoardsDocs:110 - Set database path to: C:\Users\evers\.stmcufinder\plugins\mcufinder//mcu/
2021-04-02 13:44:28,710 [WARN] DbFile:35 - Overriding database path with different value: C:\Users\evers\.stmcufinder\plugins\mcufinder/ => C:\Users\evers\.stmcufinder\plugins\mcufinder
2021-04-02 13:44:28,710 [INFO] DbBoardsJson:58 - Set database path to: C:\Users\evers\.stmcufinder\plugins\mcufinder//mcu/
2021-04-02 13:44:28,710 [WARN] DbFile:35 - Overriding database path with different value: C:\Users\evers\.stmcufinder\plugins\mcufinder/ => C:\Users\evers\.stmcufinder\plugins\mcufinder
2021-04-02 13:44:28,710 [WARN] DbFile:35 - Overriding database path with different value: C:\Users\evers\.stmcufinder\plugins\mcufinder/ => C:\Users\evers\.stmcufinder\plugins\mcufinder
2021-04-02 13:44:28,710 [INFO] CrossReferenceDbSqlite:196 - Set database path to: C:\Users\evers\.stmcufinder\plugins\mcufinder//mcu/cs/
2021-04-02 13:44:28,710 [WARN] DbFile:35 - Overriding database path with different value: C:\Users\evers\.stmcufinder\plugins\mcufinder/ => C:\Users\evers\.stmcufinder\plugins\mcufinder
2021-04-02 13:44:28,711 [INFO] DbExamplesSqlite:690 - Set database path to: C:\Users\evers\.stmcufinder\plugins\mcufinder//mcu/
2021-04-02 13:44:28,729 [INFO] ApplicationProperties:181 - Using Application install path: C:\ST\STM32CubeIDE_1.4.0\STM32CubeIDE\plugins\com.st.stm32cube.common.mx_6.2.0.202102191602
2021-04-02 13:44:28,731 [INFO] PluginManage:178 - Search for loadable plugins [exclusion list=, ]
2021-04-02 13:44:28,732 [INFO] PluginManage:292 - Check plugin analytics
2021-04-02 13:44:28,888 [INFO] AnalyticsPlugin:233 - Accepted Software Licenses: STM32CubeMX.6.0.1,STM32CubeMX.6.1.1,STM32CubeMX.6.1.2,STM32CubeMX.6.2.0
2021-04-02 13:44:28,889 [INFO] AnalyticsPlugin:235 - Accepted CMSIS Pack Licenses: 
2021-04-02 13:44:28,889 [INFO] AnalyticsPlugin:237 - Accepted Firmware Licenses: 
2021-04-02 13:44:28,889 [INFO] PluginManage:342 - Loaded plugin analytics (category:tool,tabindex:-1)
2021-04-02 13:44:28,890 [INFO] PluginManage:292 - Check plugin clock
2021-04-02 13:44:28,906 [INFO] PluginManage:342 - Loaded plugin clock (category:base,tabindex:2)
2021-04-02 13:44:28,906 [INFO] PluginManage:292 - Check plugin ddr
2021-04-02 13:44:28,909 [INFO] PluginManage:342 - Loaded plugin ddr (category:tool,tabindex:6)
2021-04-02 13:44:28,909 [INFO] PluginManage:292 - Check plugin filemanager
2021-04-02 13:44:29,036 [INFO] PluginManage:342 - Loaded plugin filemanager (category:base,tabindex:10)
2021-04-02 13:44:29,036 [INFO] PluginManage:292 - Check plugin ipmanager
2021-04-02 13:44:29,046 [INFO] PluginManage:342 - Loaded plugin ipmanager (category:base,tabindex:5)
2021-04-02 13:44:29,046 [INFO] PluginManage:292 - Check plugin pinoutandconfiguration
2021-04-02 13:44:29,060 [INFO] PluginManage:342 - Loaded plugin pinoutandconfiguration (category:base,tabindex:1)
2021-04-02 13:44:29,060 [INFO] PluginManage:292 - Check plugin pinoutconfig
2021-04-02 13:44:29,091 [INFO] PluginManage:342 - Loaded plugin pinoutconfig (category:base,tabindex:0)
2021-04-02 13:44:29,091 [INFO] PluginManage:292 - Check plugin power
2021-04-02 13:44:29,111 [INFO] PluginManage:342 - Loaded plugin power (category:power,tabindex:4)
2021-04-02 13:44:29,112 [INFO] PluginManage:292 - Check plugin projectmanager
2021-04-02 13:44:29,129 [INFO] PluginManage:342 - Loaded plugin projectmanager (category:projectmanager,tabindex:3)
2021-04-02 13:44:29,129 [INFO] PluginManage:292 - Check plugin thirdparty
2021-04-02 13:44:29,275 [INFO] PluginManage:342 - Loaded plugin thirdparty (category:base,tabindex:-1)
2021-04-02 13:44:29,275 [WARN] IntegrityCheckThread:59 - waiting for thirdparty lock release [integrity check]
2021-04-02 13:44:29,276 [INFO] IntegrityCheckThread:61 - entering critical section [integrity check]
2021-04-02 13:44:29,275 [INFO] PluginManage:292 - Check plugin tools
2021-04-02 13:44:29,277 [INFO] ThirdPartyUpdaterWithRetryManager:56 - Updater plugin not ready yet. [1/15]
2021-04-02 13:44:29,280 [INFO] PluginManage:342 - Loaded plugin tools (category:base,tabindex:7)
2021-04-02 13:44:29,280 [INFO] PluginManage:292 - Check plugin tutovideos
2021-04-02 13:44:29,557 [INFO] PluginManage:342 - Loaded plugin tutovideos (category:base,tabindex:-1)
2021-04-02 13:44:29,557 [INFO] PluginManage:292 - Check plugin updater
2021-04-02 13:44:29,570 [INFO] PluginManage:342 - Loaded plugin updater (category:base,tabindex:12)
2021-04-02 13:44:29,571 [INFO] PluginManage:265 - PluginManage : Loaded plugins [13]
2021-04-02 13:44:29,746 [INFO] PinOutPanel:1435 - setPackage(No Configuration,No Configuration)
2021-04-02 13:44:29,835 [INFO] IPUIPlugin:64 - create IPUIPlugin
2021-04-02 13:44:29,835 [INFO] PluginManager:203 - loadIPPluginJar : add adc
2021-04-02 13:44:29,838 [INFO] IPUIPlugin:64 - create IPUIPlugin
2021-04-02 13:44:29,839 [INFO] PluginManager:203 - loadIPPluginJar : add aes
2021-04-02 13:44:29,842 [INFO] IPUIPlugin:64 - create IPUIPlugin
2021-04-02 13:44:29,842 [INFO] PluginManager:203 - loadIPPluginJar : add can
2021-04-02 13:44:29,845 [INFO] IPUIPlugin:64 - create IPUIPlugin
2021-04-02 13:44:29,845 [INFO] PluginManager:203 - loadIPPluginJar : add comp
2021-04-02 13:44:29,848 [INFO] IPUIPlugin:64 - create IPUIPlugin
2021-04-02 13:44:29,848 [INFO] PluginManager:203 - loadIPPluginJar : add cryp
2021-04-02 13:44:29,851 [INFO] IPUIPlugin:64 - create IPUIPlugin
2021-04-02 13:44:29,852 [INFO] PluginManager:203 - loadIPPluginJar : add dfsdm
2021-04-02 13:44:29,858 [INFO] IPUIPlugin:64 - create IPUIPlugin
2021-04-02 13:44:29,858 [INFO] PluginManager:203 - loadIPPluginJar : add dma
2021-04-02 13:44:29,861 [INFO] IPUIPlugin:64 - create IPUIPlugin
2021-04-02 13:44:29,861 [INFO] PluginManager:203 - loadIPPluginJar : add fatfs
2021-04-02 13:44:29,877 [INFO] IPUIPlugin:64 - create IPUIPlugin
2021-04-02 13:44:29,878 [INFO] PluginManager:203 - loadIPPluginJar : add fmc
2021-04-02 13:44:29,884 [INFO] IPUIPlugin:64 - create IPUIPlugin
2021-04-02 13:44:29,884 [INFO] PluginManager:203 - loadIPPluginJar : add freertos
2021-04-02 13:44:29,887 [INFO] IPUIPlugin:64 - create IPUIPlugin
2021-04-02 13:44:29,887 [INFO] PluginManager:203 - loadIPPluginJar : add genericplugin
2021-04-02 13:44:29,889 [INFO] IPUIPlugin:64 - create IPUIPlugin
2021-04-02 13:44:29,889 [INFO] PluginManager:203 - loadIPPluginJar : add gfxmmu
2021-04-02 13:44:29,896 [INFO] IPUIPlugin:64 - create IPUIPlugin
2021-04-02 13:44:29,896 [INFO] PluginManager:203 - loadIPPluginJar : add gic
2021-04-02 13:44:29,900 [INFO] IPUIPlugin:64 - create IPUIPlugin
2021-04-02 13:44:29,901 [INFO] PluginManager:203 - loadIPPluginJar : add gpio
2021-04-02 13:44:29,904 [INFO] IPUIPlugin:64 - create IPUIPlugin
2021-04-02 13:44:29,904 [INFO] PluginManager:203 - loadIPPluginJar : add gtzc
2021-04-02 13:44:29,907 [INFO] IPUIPlugin:64 - create IPUIPlugin
2021-04-02 13:44:29,907 [INFO] PluginManager:203 - loadIPPluginJar : add hash
2021-04-02 13:44:29,910 [INFO] IPUIPlugin:64 - create IPUIPlugin
2021-04-02 13:44:29,911 [INFO] PluginManager:203 - loadIPPluginJar : add i2c
2021-04-02 13:44:29,914 [INFO] IPUIPlugin:64 - create IPUIPlugin
2021-04-02 13:44:29,914 [INFO] PluginManager:203 - loadIPPluginJar : add i2s
2021-04-02 13:44:29,917 [INFO] IPUIPlugin:64 - create IPUIPlugin
2021-04-02 13:44:29,918 [INFO] PluginManager:203 - loadIPPluginJar : add ipddr
2021-04-02 13:44:29,921 [INFO] IPUIPlugin:64 - create IPUIPlugin
2021-04-02 13:44:29,921 [INFO] PluginManager:203 - loadIPPluginJar : add lorawan
2021-04-02 13:44:29,923 [INFO] IPUIPlugin:64 - create IPUIPlugin
2021-04-02 13:44:29,923 [INFO] PluginManager:203 - loadIPPluginJar : add ltdc
2021-04-02 13:44:29,928 [INFO] IPUIPlugin:64 - create IPUIPlugin
2021-04-02 13:44:29,929 [INFO] PluginManager:203 - loadIPPluginJar : add mdma
2021-04-02 13:44:29,933 [INFO] IPUIPlugin:64 - create IPUIPlugin
2021-04-02 13:44:29,933 [INFO] PluginManager:203 - loadIPPluginJar : add nvic
2021-04-02 13:44:29,937 [INFO] IPUIPlugin:64 - create IPUIPlugin
2021-04-02 13:44:29,937 [INFO] PluginManager:203 - loadIPPluginJar : add opamp
2021-04-02 13:44:29,940 [INFO] IPUIPlugin:64 - create IPUIPlugin
2021-04-02 13:44:29,940 [INFO] PluginManager:203 - loadIPPluginJar : add openamp
2021-04-02 13:44:29,944 [INFO] IPUIPlugin:64 - create IPUIPlugin
2021-04-02 13:44:29,944 [INFO] PluginManager:203 - loadIPPluginJar : add pdm2pcm
2021-04-02 13:44:29,958 [INFO] IPUIPlugin:64 - create IPUIPlugin
2021-04-02 13:44:29,960 [INFO] PluginManager:203 - loadIPPluginJar : add plateformsettings
2021-04-02 13:44:29,963 [INFO] IPUIPlugin:64 - create IPUIPlugin
2021-04-02 13:44:29,963 [INFO] PluginManager:203 - loadIPPluginJar : add quadspi
2021-04-02 13:44:29,967 [INFO] IPUIPlugin:64 - create IPUIPlugin
2021-04-02 13:44:29,968 [INFO] PluginManager:203 - loadIPPluginJar : add resmgrutility
2021-04-02 13:44:29,971 [INFO] IPUIPlugin:64 - create IPUIPlugin
2021-04-02 13:44:29,972 [INFO] PluginManager:203 - loadIPPluginJar : add sai
2021-04-02 13:44:29,975 [INFO] IPUIPlugin:64 - create IPUIPlugin
2021-04-02 13:44:29,975 [INFO] PluginManager:203 - loadIPPluginJar : add spi
2021-04-02 13:44:29,980 [INFO] IPUIPlugin:64 - create IPUIPlugin
2021-04-02 13:44:29,980 [INFO] PluginManager:203 - loadIPPluginJar : add stm32_wpan
2021-04-02 13:44:29,982 [INFO] IPUIPlugin:64 - create IPUIPlugin
2021-04-02 13:44:29,982 [INFO] PluginManager:203 - loadIPPluginJar : add tim
2021-04-02 13:44:29,986 [INFO] IPUIPlugin:64 - create IPUIPlugin
2021-04-02 13:44:29,986 [INFO] PluginManager:203 - loadIPPluginJar : add touchsensing
2021-04-02 13:44:29,988 [INFO] IPUIPlugin:64 - create IPUIPlugin
2021-04-02 13:44:29,989 [INFO] PluginManager:203 - loadIPPluginJar : add tracer_emb
2021-04-02 13:44:29,991 [INFO] IPUIPlugin:64 - create IPUIPlugin
2021-04-02 13:44:29,991 [INFO] PluginManager:203 - loadIPPluginJar : add ts
2021-04-02 13:44:29,994 [INFO] IPUIPlugin:64 - create IPUIPlugin
2021-04-02 13:44:29,994 [INFO] PluginManager:203 - loadIPPluginJar : add tsc
2021-04-02 13:44:29,996 [INFO] IPUIPlugin:64 - create IPUIPlugin
2021-04-02 13:44:29,996 [INFO] PluginManager:203 - loadIPPluginJar : add ucpd
2021-04-02 13:44:30,000 [INFO] IPUIPlugin:64 - create IPUIPlugin
2021-04-02 13:44:30,000 [INFO] PluginManager:203 - loadIPPluginJar : add usart
2021-04-02 13:44:30,313 [FATAL] Updater:284 - Updater called before beeing initialized
2021-04-02 13:44:30,424 [FATAL] Updater:284 - Updater called before beeing initialized
2021-04-02 13:44:30,429 [INFO] DbMcusAds:132 - JSON generation date=Thu Feb 11 15:55:24 CET 2021 (1613055324029)
2021-04-02 13:44:30,429 [FATAL] Updater:284 - Updater called before beeing initialized
2021-04-02 13:44:30,472 [WARN] DetailPanel:315 - Failed to get advertising image, set to default
2021-04-02 13:44:30,693 [FATAL] Updater:284 - Updater called before beeing initialized
2021-04-02 13:44:30,696 [FATAL] Updater:284 - Updater called before beeing initialized
2021-04-02 13:44:30,696 [FATAL] Updater:284 - Updater called before beeing initialized
2021-04-02 13:44:30,696 [WARN] DetailPanel:315 - Failed to get advertising image, set to default
2021-04-02 13:44:30,697 [FATAL] Updater:284 - Updater called before beeing initialized
2021-04-02 13:44:30,744 [FATAL] Updater:284 - Updater called before beeing initialized
2021-04-02 13:44:30,744 [WARN] ThirdParty:796 - waiting for thirdparty lock release [close project]
2021-04-02 13:44:32,288 [INFO] ThirdPartyUpdaterWithRetryManager:56 - Updater plugin not ready yet. [2/15]
2021-04-02 13:44:35,301 [FATAL] Updater:284 - Updater called before beeing initialized
2021-04-02 13:44:35,301 [ERROR] AbstractThirdPartyUpdaterManager:153 - class java.lang.Integer cannot be cast to class java.util.List (java.lang.Integer and java.util.List are in module java.base of loader 'bootstrap')
2021-04-02 13:44:35,301 [INFO] ThirdParty:900 - Integrity check success = false
2021-04-02 13:44:35,301 [INFO] IntegrityCheckThread:75 - exiting critical section [integrity check]
2021-04-02 13:44:35,301 [INFO] IntegrityCheckThread:78 - End integrity checks thread
2021-04-02 13:44:35,301 [INFO] ThirdParty:798 - entering critical section [close project]
2021-04-02 13:44:35,303 [INFO] ThirdParty:809 - exiting critical section [close project]
2021-04-02 13:44:35,307 [INFO] PinOutPanel:1435 - setPackage(No Configuration,No Configuration)
2021-04-02 13:44:35,308 [FATAL] Updater:284 - Updater called before beeing initialized
2021-04-02 13:44:35,326 [INFO] Updater:1002 - Updater Version found : 6.2.0
2021-04-02 13:44:35,348 [INFO] ApplicationProperties:181 - Using Application install path: C:\ST\STM32CubeIDE_1.4.0\STM32CubeIDE\plugins\com.st.stm32cube.common.mx_6.2.0.202102191602
2021-04-02 13:44:35,520 [INFO] MainUpdater:2661 - connection check result : 10
2021-04-02 13:44:35,523 [INFO] MainUpdater:255 - Updater Check For Update Now.
2021-04-02 13:44:35,524 [INFO] MicroXplorer:472 - Change Database Version : DB.6.0.20
2021-04-02 13:44:35,611 [INFO] CheckServerUpdateThread:102 - End of CheckServer Thread
2021-04-02 13:44:35,679 [INFO] MainUpdater:2661 - connection check result : 10
2021-04-02 13:44:36,128 [INFO] CrossSelectorPresenter:1330 - Cross Selector saved comparison directory: C:\Users\evers\.stmcufinder\plugins\mcufinder\mcu\cs_comparisons_mx
2021-04-02 13:44:36,139 [INFO] MultiScanPanel:200 - Auto-refresh data requested => check proxy status ongoing
2021-04-02 13:44:36,156 [INFO] FinderPluginLoader:87 - Searching for filters in installed packs
2021-04-02 13:44:36,157 [INFO] DbMcusXml:100 - Load MCU database from C:\ST\STM32CubeIDE_1.4.0\STM32CubeIDE\plugins\com.st.stm32cube.common.mx_6.2.0.202102191602\\db\/mcu/families.xml
2021-04-02 13:44:37,020 [INFO] DbMcusJson:94 - JSON generation date=Mon Feb 08 14:35:07 CET 2021 (1612791307)
2021-04-02 13:44:37,822 [INFO] DbMcus:175 - Found 1906 MCUs (1866 are supported by CubeMX, 1866 are visible in CubeMX)
2021-04-02 13:44:37,826 [INFO] ApiDb:251 - Load user favorites file C:\Users\evers/.stm32cubeide/favorites.mcus.txt: 0 item(s)
2021-04-02 13:44:37,827 [INFO] ApiDb:255 - User favorites MCUs=[]
2021-04-02 13:44:37,827 [INFO] DbMcus:187 - Set 0 / 0 favorites MCUs
2021-04-02 13:44:38,379 [INFO] DetailPanel:310 - Set advertising image to C:/Users/evers/STM32Cube/Repository/\en.PROMOTION_STM32G4x1_MCU_FINDER.jpg
2021-04-02 13:44:38,812 [INFO] DbBoardsPdsc:90 - Found 24 items
2021-04-02 13:44:38,814 [INFO] DbBoardsPdsc:90 - Found 9 items
2021-04-02 13:44:38,819 [INFO] DbBoardsPdsc:90 - Found 33 items
2021-04-02 13:44:38,821 [INFO] DbBoardsPdsc:90 - Found 1 items
2021-04-02 13:44:38,828 [INFO] DbBoardsPdsc:90 - Found 46 items
2021-04-02 13:44:38,836 [INFO] DbBoardsPdsc:90 - Found 41 items
2021-04-02 13:44:38,838 [INFO] DbBoardsPdsc:90 - Found 2 items
2021-04-02 13:44:38,840 [INFO] DbBoardsPdsc:90 - Found 5 items
2021-04-02 13:44:38,843 [WARN] DbBoardsPdsc:254 - Board NUCLEO-WB15CC: unknown feature type=, name=, username=Three user LEDs, n=1
2021-04-02 13:44:38,843 [WARN] DbBoardsPdsc:254 - Board NUCLEO-WB15CC: unknown feature type=, name=, username=One reset and three user push-buttons, n=1
2021-04-02 13:44:38,844 [WARN] DbBoardsPdsc:254 - Board NUCLEO-WB15CC: unknown feature type=, name=, username=Arduino Uno V3 expansion connector, n=1
2021-04-02 13:44:38,844 [WARN] DbBoardsPdsc:254 - Board NUCLEO-WB15CC: unknown feature type=, name=, username=ST morpho extension pin headers for full access to all STM32WB I/Os, n=1
2021-04-02 13:44:38,844 [WARN] DbBoardsPdsc:254 - Board NUCLEO-WB15CC: unknown feature type=, name=, username=Integrated PCB antenna and SMA connector footprint, n=1
2021-04-02 13:44:38,844 [WARN] DbBoardsPdsc:254 - Board NUCLEO-WB15CC: unknown feature type=, name=, username=Flexible power-supply options: ST-LINK, USB VBUS, or external sources, n=1
2021-04-02 13:44:38,844 [WARN] DbBoardsPdsc:254 - Board NUCLEO-WB15CC: unknown feature type=, name=, username=On-board footprint to mount a CR2032 battery socket, n=1
2021-04-02 13:44:38,844 [WARN] DbBoardsPdsc:254 - Board NUCLEO-WB15CC: unknown feature type=, name=, username=On-board ST-LINK/V2-1 debugger/programmer with USB re-enumeration capability: mass storage, Virtual COM port, and debug port, n=1
2021-04-02 13:44:38,844 [WARN] DbBoardsPdsc:254 - Board NUCLEO-WB15CC: unknown feature type=, name=, username=Comprehensive free software libraries and examples available with the STM32CubeWB MCU Package, n=1
2021-04-02 13:44:38,844 [WARN] DbBoardsPdsc:254 - Board NUCLEO-WB15CC: unknown feature type=, name=, username=Support of a wide choice of Integrated Development Environments (IDEs) including IAR Embedded Workbench, MDK-ARM, STM32CubeIDE, and Mbed Studio, n=1
2021-04-02 13:44:38,847 [WARN] DbBoardsPdsc:254 - Board STM32H7B3I-DK: unknown feature type=Audio, name=, username=Audio stereo codec with Headphone Amp (CS42L51-CNZ), n=1
2021-04-02 13:44:38,847 [WARN] DbBoardsPdsc:254 - Board STM32H735G-DK: unknown feature type=Audio, name=, username=Audio stereo codec with Headphone Amp (WM8994ECS/R), n=1
2021-04-02 13:44:38,848 [WARN] DbBoardsPdsc:254 - Board STM32WB5MM-DK: unknown feature type=, name=, username=Time-of-Flight and gesture-detection sensor, n=1
2021-04-02 13:44:38,848 [WARN] DbBoardsPdsc:254 - Board STM32WB5MM-DK: unknown feature type=, name=, username=3 push-buttons (2 users and 1 reset) and 1 touch key button, n=1
2021-04-02 13:44:38,848 [WARN] DbBoardsPdsc:254 - Board STM32WB5MM-DK: unknown feature type=, name=, username=Flexible power-supply options: ST-LINK/V2-1 USB connector, 5 V delivered by ARDUINO® or external connector, USB charger, or USB power, n=1
2021-04-02 13:44:38,848 [WARN] DbBoardsPdsc:254 - Board STM32WB5MM-DK: unknown feature type=, name=, username=On-board ST-LINK/V2-1 debugger/programmer with USB re-enumeration capability: Virtual COM port and debug port, n=1
2021-04-02 13:44:38,848 [WARN] DbBoardsPdsc:254 - Board STM32WB5MM-DK: unknown feature type=, name=, username=Comprehensive free software libraries and examples available with the STM32CubeWB MCU Package, n=1
2021-04-02 13:44:38,848 [WARN] DbBoardsPdsc:254 - Board STM32WB5MM-DK: unknown feature type=, name=, username=Support of a wide choice of Integrated Development Environments (IDEs) including IAR Embedded Workbench®, MDK-ARM, and STM32CubeIDE, n=1
2021-04-02 13:44:38,850 [WARN] DbBoardsPdsc:254 - Board STM32H7B3I-EVAL: unknown feature type=Audio, name=, username=Multi-Channel Audio Codec (CS42L51-CNZ), n=1
2021-04-02 13:44:38,850 [WARN] DbBoardsPdsc:254 - Board STM32H7B3I-EVAL: unknown feature type=Meter, name=, username=Power-metering and Temperature-monitoring with sigma-delta modulators, n=1
2021-04-02 13:44:38,850 [WARN] DbBoardsPdsc:254 - Board STM32H7B3I-EVAL: unknown feature type=Motor, name=, username=Motor Control, n=1
2021-04-02 13:44:38,888 [INFO] DbBoardsJson:87 - JSON generation date=Thu Feb 04 17:53:45 CET 2021 (1612457625)
2021-04-02 13:44:38,894 [INFO] DbBoards:117 - Found 161 boards (158 are supported by CubeMX)
2021-04-02 13:44:38,908 [INFO] DbBoardsDocs:143 - JSON generation date=Mon Feb 08 14:35:07 CET 2021 (1612791307)
2021-04-02 13:44:38,932 [INFO] DbBoardsDocs:79 - Found 193 boards documents
2021-04-02 13:44:38,932 [WARN] DbBoards:127 - board B-L462E-CELL1 has no document id list !
2021-04-02 13:44:38,932 [WARN] DbBoards:127 - board B-L475E-IOT01A2 has no document id list !
2021-04-02 13:44:38,933 [WARN] DbBoards:127 - board NUCLEO-G0B1RE has no document id list !
2021-04-02 13:44:38,933 [WARN] DbBoards:127 - board NUCLEO-H743ZI2 has no document id list !
2021-04-02 13:44:38,934 [WARN] DbBoards:127 - board NUCLEO-L4A6ZG has no document id list !
2021-04-02 13:44:38,934 [WARN] DbBoards:127 - board NUCLEO-WB15CC has no document id list !
2021-04-02 13:44:38,934 [WARN] DbBoards:127 - board NUCLEO-WB55RG has no document id list !
2021-04-02 13:44:38,935 [WARN] DbBoards:127 - board NUCLEO-WL55JC2 has no document id list !
2021-04-02 13:44:38,935 [WARN] DbBoards:127 - board P-NUCLEO-WB55-Nucleo has no document id list !
2021-04-02 13:44:38,935 [WARN] DbBoards:127 - board P-NUCLEO-WB55-USBDongle has no document id list !
2021-04-02 13:44:38,935 [WARN] DbBoards:127 - board STEVAL-BFA001V1B has no document id list !
2021-04-02 13:44:38,935 [WARN] DbBoards:127 - board STEVAL-BFA001V2B has no document id list !
2021-04-02 13:44:38,935 [WARN] DbBoards:127 - board STEVAL-IDP005V1 has no document id list !
2021-04-02 13:44:38,935 [WARN] DbBoards:127 - board STEVAL-IDP005V2 has no document id list !
2021-04-02 13:44:38,935 [WARN] DbBoards:127 - board STEVAL-MKSBOX1V1 has no document id list !
2021-04-02 13:44:38,935 [WARN] DbBoards:127 - board STEVAL-STWINKT1 has no document id list !
2021-04-02 13:44:38,935 [WARN] DbBoards:127 - board STEVAL-STWINKT1B has no document id list !
2021-04-02 13:44:38,936 [WARN] DbBoards:127 - board STM32F401C-DISCO has no document id list !
2021-04-02 13:44:38,936 [WARN] DbBoards:127 - board STM32F769I-DISC1 has no document id list !
2021-04-02 13:44:38,937 [WARN] DbBoards:127 - board STM32G0C1E-EV has no document id list !
2021-04-02 13:44:38,937 [WARN] DbBoards:127 - board STM32G474E-EVAL1 has no document id list !
2021-04-02 13:44:38,937 [WARN] DbBoards:127 - board STM32H743I-EVAL2 has no document id list !
2021-04-02 13:44:38,937 [WARN] DbBoards:127 - board STM32H747I-DISC1 has no document id list !
2021-04-02 13:44:38,937 [WARN] DbBoards:127 - board STM32H753I-EVAL2 has no document id list !
2021-04-02 13:44:38,938 [WARN] DbBoards:127 - board STM32L-DISCOVERY has no document id list !
2021-04-02 13:44:38,938 [WARN] DbBoards:127 - board STM32MP157A-DK1 has no document id list !
2021-04-02 13:44:38,938 [WARN] DbBoards:127 - board STM32MP157F-DK2 has no document id list !
2021-04-02 13:44:38,938 [WARN] DbBoards:127 - board STM32MP157F-EV1 has no document id list !
2021-04-02 13:44:38,939 [WARN] DbBoards:127 - board STM32WB5MM-DK has no document id list !
2021-04-02 13:44:40,807 [INFO] ApiDb:251 - Load user favorites file C:\Users\evers/.stm32cubeide/favorites.boards.txt: 1 item(s)
2021-04-02 13:44:40,807 [INFO] ApiDb:255 - User favorites Boards=[NUCLEO-L476RG]
2021-04-02 13:44:40,807 [INFO] DbBoards:206 - Set 1 / 1 favorites Boards
2021-04-02 13:44:50,484 [INFO] RetryExec:97 - I/O exception (org.apache.http.NoHttpResponseException) caught when processing request to {}->http://sw-center.st.com:80: The target server failed to respond
2021-04-02 13:44:50,488 [INFO] RetryExec:113 - Retrying request to {}->http://sw-center.st.com:80
2021-04-02 13:44:51,096 [INFO] RetryExec:97 - I/O exception (org.apache.http.NoHttpResponseException) caught when processing request to {}->http://sw-center.st.com:80: The target server failed to respond
2021-04-02 13:44:51,097 [INFO] RetryExec:113 - Retrying request to {}->http://sw-center.st.com:80
2021-04-02 13:44:51,650 [INFO] RetryExec:97 - I/O exception (org.apache.http.NoHttpResponseException) caught when processing request to {}->http://sw-center.st.com:80: The target server failed to respond
2021-04-02 13:44:51,651 [INFO] RetryExec:113 - Retrying request to {}->http://sw-center.st.com:80
2021-04-02 13:44:53,211 [INFO] RetryExec:97 - I/O exception (org.apache.http.NoHttpResponseException) caught when processing request to {}->http://sw-center.st.com:80: The target server failed to respond
2021-04-02 13:44:53,211 [INFO] RetryExec:113 - Retrying request to {}->http://sw-center.st.com:80
2021-04-02 13:45:05,290 [INFO] MultiScanPanel:200 - Auto-refresh data requested => check proxy status ongoing
2021-04-02 13:45:05,405 [INFO] DetailPanel:310 - Set advertising image to C:/Users/evers/STM32Cube/Repository/\en.PROMOTION_STM32G4x1_MCU_FINDER.jpg
2021-04-02 13:45:33,722 [INFO] ApiDb:276 - Save user favorites file C:\Users\evers/.stm32cubeide/favorites.mcus.txt: 0 item(s)
2021-04-02 13:45:33,723 [INFO] ApiDb:280 - User favorites MCUs=[]
2021-04-02 13:45:33,734 [INFO] ApiDb:276 - Save user favorites file C:\Users\evers/.stm32cubeide/favorites.boards.txt: 1 item(s)
2021-04-02 13:45:33,734 [INFO] ApiDb:280 - User favorites Boards=[NUCLEO-L476RG]
2021-04-02 13:50:29,281 [INFO] Activator:170 - 


2021-04-02 13:50:29,284 [INFO] Activator:171 - !SESSION log4j initialized
2021-04-02 13:51:04,549 [INFO] RetryExec:97 - I/O exception (org.apache.http.NoHttpResponseException) caught when processing request to {}->http://sw-center.st.com:80: The target server failed to respond
2021-04-02 13:51:04,552 [INFO] RetryExec:113 - Retrying request to {}->http://sw-center.st.com:80
