2021-07-01 19:15:08,476 [INFO] Activator:170 - 


2021-07-01 19:15:08,478 [INFO] Activator:171 - !SESSION log4j initialized
2021-07-01 19:15:11,379 [INFO] McuFinderGlobals:39 - Set McuFinder mode to 2 (CubeIDE integrated)
2021-07-01 19:15:13,100 [INFO] ApplicationProperties:181 - Using Application install path: C:\ST\STM32CubeIDE_1.6.1\STM32CubeIDE\plugins\com.st.stm32cube.common.mx_6.2.1.202103241236
2021-07-01 19:15:13,117 [INFO] DbMcusXml:74 - Set database path to: C:\ST\STM32CubeIDE_1.6.1\STM32CubeIDE\plugins\com.st.stm32cube.common.mx_6.2.1.202103241236\\db\/mcu/
2021-07-01 19:15:13,123 [INFO] DbBoardsPdsc:56 - Set plugin database path to: C:\ST\STM32CubeIDE_1.6.1\STM32CubeIDE\plugins\com.st.stm32cube.common.mx_6.2.1.202103241236\\db\/plugins/boardmanager/
2021-07-01 19:15:13,124 [INFO] DbMcus:258 - Set plugin images path to: C:\ST\STM32CubeIDE_1.6.1\STM32CubeIDE\plugins\com.st.stm32cube.common.mx_6.2.1.202103241236\\db\/plugins/mcufinder/images/
2021-07-01 19:15:13,124 [INFO] DbBoards:264 - Set plugin images path to: C:\ST\STM32CubeIDE_1.6.1\STM32CubeIDE\plugins\com.st.stm32cube.common.mx_6.2.1.202103241236\\db\/plugins/mcufinder/images/
2021-07-01 19:15:13,128 [INFO] DbExamples:333 - Set plugin images path to: C:\ST\STM32CubeIDE_1.6.1\STM32CubeIDE\plugins\com.st.stm32cube.common.mx_6.2.1.202103241236\\db\/plugins/mcufinder/images/
2021-07-01 19:15:13,140 [INFO] DbMcusAds:85 - Set database path to: C:\Users\evers\.stmcufinder\plugins\mcufinder//mcu/
2021-07-01 19:15:13,142 [INFO] DbMcusDocs:110 - Set database path to: C:\Users\evers\.stmcufinder\plugins\mcufinder//mcu/
2021-07-01 19:15:13,144 [INFO] DbMcusJson:65 - Set database path to: C:\Users\evers\.stmcufinder\plugins\mcufinder//mcu/
2021-07-01 19:15:13,146 [INFO] DbBoardsDocs:110 - Set database path to: C:\Users\evers\.stmcufinder\plugins\mcufinder//mcu/
2021-07-01 19:15:13,147 [INFO] DbBoardsJson:58 - Set database path to: C:\Users\evers\.stmcufinder\plugins\mcufinder//mcu/
2021-07-01 19:15:13,152 [INFO] CrossReferenceDbSqlite:196 - Set database path to: C:\Users\evers\.stmcufinder\plugins\mcufinder//mcu/cs/
2021-07-01 19:15:13,156 [INFO] DbExamplesSqlite:690 - Set database path to: C:\Users\evers\.stmcufinder\plugins\mcufinder//mcu/
2021-07-01 19:15:13,289 [INFO] RulesReader:52 - Compatibility file has been processed (237 Rules)
2021-07-01 19:15:13,474 [INFO] MicroXplorer:622 - Detected Java Version = 11.0.9.1
2021-07-01 19:15:13,475 [INFO] DbMcusXml:74 - Set database path to: C:\ST\STM32CubeIDE_1.6.1\STM32CubeIDE\plugins\com.st.stm32cube.common.mx_6.2.1.202103241236\\db\/mcu/
2021-07-01 19:15:13,476 [INFO] DbBoardsPdsc:56 - Set plugin database path to: C:\ST\STM32CubeIDE_1.6.1\STM32CubeIDE\plugins\com.st.stm32cube.common.mx_6.2.1.202103241236\\db\/plugins/boardmanager/
2021-07-01 19:15:13,476 [INFO] DbMcus:258 - Set plugin images path to: C:\ST\STM32CubeIDE_1.6.1\STM32CubeIDE\plugins\com.st.stm32cube.common.mx_6.2.1.202103241236\\db\/plugins/mcufinder/images/
2021-07-01 19:15:13,476 [INFO] DbBoards:264 - Set plugin images path to: C:\ST\STM32CubeIDE_1.6.1\STM32CubeIDE\plugins\com.st.stm32cube.common.mx_6.2.1.202103241236\\db\/plugins/mcufinder/images/
2021-07-01 19:15:13,476 [INFO] DbExamples:333 - Set plugin images path to: C:\ST\STM32CubeIDE_1.6.1\STM32CubeIDE\plugins\com.st.stm32cube.common.mx_6.2.1.202103241236\\db\/plugins/mcufinder/images/
2021-07-01 19:15:13,477 [WARN] DbFile:35 - Overriding database path with different value: C:\Users\evers\.stmcufinder\plugins\mcufinder/ => C:\Users\evers\.stmcufinder\plugins\mcufinder
2021-07-01 19:15:13,477 [INFO] DbMcusAds:85 - Set database path to: C:\Users\evers\.stmcufinder\plugins\mcufinder//mcu/
2021-07-01 19:15:13,477 [WARN] DbFile:35 - Overriding database path with different value: C:\Users\evers\.stmcufinder\plugins\mcufinder/ => C:\Users\evers\.stmcufinder\plugins\mcufinder
2021-07-01 19:15:13,477 [INFO] DbMcusDocs:110 - Set database path to: C:\Users\evers\.stmcufinder\plugins\mcufinder//mcu/
2021-07-01 19:15:13,477 [WARN] DbFile:35 - Overriding database path with different value: C:\Users\evers\.stmcufinder\plugins\mcufinder/ => C:\Users\evers\.stmcufinder\plugins\mcufinder
2021-07-01 19:15:13,477 [INFO] DbMcusJson:65 - Set database path to: C:\Users\evers\.stmcufinder\plugins\mcufinder//mcu/
2021-07-01 19:15:13,478 [WARN] DbFile:35 - Overriding database path with different value: C:\Users\evers\.stmcufinder\plugins\mcufinder/ => C:\Users\evers\.stmcufinder\plugins\mcufinder
2021-07-01 19:15:13,478 [INFO] DbBoardsDocs:110 - Set database path to: C:\Users\evers\.stmcufinder\plugins\mcufinder//mcu/
2021-07-01 19:15:13,478 [WARN] DbFile:35 - Overriding database path with different value: C:\Users\evers\.stmcufinder\plugins\mcufinder/ => C:\Users\evers\.stmcufinder\plugins\mcufinder
2021-07-01 19:15:13,478 [INFO] DbBoardsJson:58 - Set database path to: C:\Users\evers\.stmcufinder\plugins\mcufinder//mcu/
2021-07-01 19:15:13,479 [WARN] DbFile:35 - Overriding database path with different value: C:\Users\evers\.stmcufinder\plugins\mcufinder/ => C:\Users\evers\.stmcufinder\plugins\mcufinder
2021-07-01 19:15:13,479 [WARN] DbFile:35 - Overriding database path with different value: C:\Users\evers\.stmcufinder\plugins\mcufinder/ => C:\Users\evers\.stmcufinder\plugins\mcufinder
2021-07-01 19:15:13,479 [INFO] CrossReferenceDbSqlite:196 - Set database path to: C:\Users\evers\.stmcufinder\plugins\mcufinder//mcu/cs/
2021-07-01 19:15:13,479 [WARN] DbFile:35 - Overriding database path with different value: C:\Users\evers\.stmcufinder\plugins\mcufinder/ => C:\Users\evers\.stmcufinder\plugins\mcufinder
2021-07-01 19:15:13,480 [INFO] DbExamplesSqlite:690 - Set database path to: C:\Users\evers\.stmcufinder\plugins\mcufinder//mcu/
2021-07-01 19:15:13,601 [INFO] MainPanel:204 - HeapMemory: 268435456
2021-07-01 19:15:13,716 [INFO] DbMcusXml:74 - Set database path to: C:\ST\STM32CubeIDE_1.6.1\STM32CubeIDE\plugins\com.st.stm32cube.common.mx_6.2.1.202103241236\\db\/mcu/
2021-07-01 19:15:13,716 [INFO] DbBoardsPdsc:56 - Set plugin database path to: C:\ST\STM32CubeIDE_1.6.1\STM32CubeIDE\plugins\com.st.stm32cube.common.mx_6.2.1.202103241236\\db\/plugins/boardmanager/
2021-07-01 19:15:13,717 [INFO] DbMcus:258 - Set plugin images path to: C:\ST\STM32CubeIDE_1.6.1\STM32CubeIDE\plugins\com.st.stm32cube.common.mx_6.2.1.202103241236\\db\/plugins/mcufinder/images/
2021-07-01 19:15:13,717 [INFO] DbBoards:264 - Set plugin images path to: C:\ST\STM32CubeIDE_1.6.1\STM32CubeIDE\plugins\com.st.stm32cube.common.mx_6.2.1.202103241236\\db\/plugins/mcufinder/images/
2021-07-01 19:15:13,717 [INFO] DbExamples:333 - Set plugin images path to: C:\ST\STM32CubeIDE_1.6.1\STM32CubeIDE\plugins\com.st.stm32cube.common.mx_6.2.1.202103241236\\db\/plugins/mcufinder/images/
2021-07-01 19:15:13,718 [WARN] DbFile:35 - Overriding database path with different value: C:\Users\evers\.stmcufinder\plugins\mcufinder/ => C:\Users\evers\.stmcufinder\plugins\mcufinder
2021-07-01 19:15:13,718 [INFO] DbMcusAds:85 - Set database path to: C:\Users\evers\.stmcufinder\plugins\mcufinder//mcu/
2021-07-01 19:15:13,718 [WARN] DbFile:35 - Overriding database path with different value: C:\Users\evers\.stmcufinder\plugins\mcufinder/ => C:\Users\evers\.stmcufinder\plugins\mcufinder
2021-07-01 19:15:13,718 [INFO] DbMcusDocs:110 - Set database path to: C:\Users\evers\.stmcufinder\plugins\mcufinder//mcu/
2021-07-01 19:15:13,719 [WARN] DbFile:35 - Overriding database path with different value: C:\Users\evers\.stmcufinder\plugins\mcufinder/ => C:\Users\evers\.stmcufinder\plugins\mcufinder
2021-07-01 19:15:13,719 [INFO] DbMcusJson:65 - Set database path to: C:\Users\evers\.stmcufinder\plugins\mcufinder//mcu/
2021-07-01 19:15:13,719 [WARN] DbFile:35 - Overriding database path with different value: C:\Users\evers\.stmcufinder\plugins\mcufinder/ => C:\Users\evers\.stmcufinder\plugins\mcufinder
2021-07-01 19:15:13,719 [INFO] DbBoardsDocs:110 - Set database path to: C:\Users\evers\.stmcufinder\plugins\mcufinder//mcu/
2021-07-01 19:15:13,719 [WARN] DbFile:35 - Overriding database path with different value: C:\Users\evers\.stmcufinder\plugins\mcufinder/ => C:\Users\evers\.stmcufinder\plugins\mcufinder
2021-07-01 19:15:13,719 [INFO] DbBoardsJson:58 - Set database path to: C:\Users\evers\.stmcufinder\plugins\mcufinder//mcu/
2021-07-01 19:15:13,720 [WARN] DbFile:35 - Overriding database path with different value: C:\Users\evers\.stmcufinder\plugins\mcufinder/ => C:\Users\evers\.stmcufinder\plugins\mcufinder
2021-07-01 19:15:13,720 [WARN] DbFile:35 - Overriding database path with different value: C:\Users\evers\.stmcufinder\plugins\mcufinder/ => C:\Users\evers\.stmcufinder\plugins\mcufinder
2021-07-01 19:15:13,720 [INFO] CrossReferenceDbSqlite:196 - Set database path to: C:\Users\evers\.stmcufinder\plugins\mcufinder//mcu/cs/
2021-07-01 19:15:13,720 [WARN] DbFile:35 - Overriding database path with different value: C:\Users\evers\.stmcufinder\plugins\mcufinder/ => C:\Users\evers\.stmcufinder\plugins\mcufinder
2021-07-01 19:15:13,720 [INFO] DbExamplesSqlite:690 - Set database path to: C:\Users\evers\.stmcufinder\plugins\mcufinder//mcu/
2021-07-01 19:15:13,756 [INFO] ApplicationProperties:181 - Using Application install path: C:\ST\STM32CubeIDE_1.6.1\STM32CubeIDE\plugins\com.st.stm32cube.common.mx_6.2.1.202103241236
2021-07-01 19:15:13,758 [INFO] PluginManage:178 - Search for loadable plugins [exclusion list=, ]
2021-07-01 19:15:13,760 [INFO] PluginManage:292 - Check plugin analytics
2021-07-01 19:15:14,004 [INFO] AnalyticsPlugin:233 - Accepted Software Licenses: STM32CubeMX.6.0.1,STM32CubeMX.6.1.1,STM32CubeMX.6.1.2,STM32CubeMX.6.2.0
2021-07-01 19:15:14,005 [INFO] AnalyticsPlugin:235 - Accepted CMSIS Pack Licenses: 
2021-07-01 19:15:14,005 [INFO] AnalyticsPlugin:237 - Accepted Firmware Licenses: 
2021-07-01 19:15:14,006 [INFO] PluginManage:342 - Loaded plugin analytics (category:tool,tabindex:-1)
2021-07-01 19:15:14,006 [INFO] PluginManage:292 - Check plugin clock
2021-07-01 19:15:14,026 [INFO] PluginManage:342 - Loaded plugin clock (category:base,tabindex:2)
2021-07-01 19:15:14,026 [INFO] PluginManage:292 - Check plugin ddr
2021-07-01 19:15:14,030 [INFO] PluginManage:342 - Loaded plugin ddr (category:tool,tabindex:6)
2021-07-01 19:15:14,031 [INFO] PluginManage:292 - Check plugin filemanager
2021-07-01 19:15:14,206 [INFO] PluginManage:342 - Loaded plugin filemanager (category:base,tabindex:10)
2021-07-01 19:15:14,206 [INFO] PluginManage:292 - Check plugin ipmanager
2021-07-01 19:15:14,227 [INFO] PluginManage:342 - Loaded plugin ipmanager (category:base,tabindex:5)
2021-07-01 19:15:14,227 [INFO] PluginManage:292 - Check plugin pinoutandconfiguration
2021-07-01 19:15:14,243 [INFO] PluginManage:342 - Loaded plugin pinoutandconfiguration (category:base,tabindex:1)
2021-07-01 19:15:14,243 [INFO] PluginManage:292 - Check plugin pinoutconfig
2021-07-01 19:15:14,281 [INFO] PluginManage:342 - Loaded plugin pinoutconfig (category:base,tabindex:0)
2021-07-01 19:15:14,282 [INFO] PluginManage:292 - Check plugin power
2021-07-01 19:15:14,300 [INFO] PluginManage:342 - Loaded plugin power (category:power,tabindex:4)
2021-07-01 19:15:14,301 [INFO] PluginManage:292 - Check plugin projectmanager
2021-07-01 19:15:14,326 [INFO] PluginManage:342 - Loaded plugin projectmanager (category:projectmanager,tabindex:3)
2021-07-01 19:15:14,326 [INFO] PluginManage:292 - Check plugin thirdparty
2021-07-01 19:15:14,497 [INFO] PluginManage:342 - Loaded plugin thirdparty (category:base,tabindex:-1)
2021-07-01 19:15:14,497 [INFO] PluginManage:292 - Check plugin tools
2021-07-01 19:15:14,498 [WARN] IntegrityCheckThread:59 - waiting for thirdparty lock release [integrity check]
2021-07-01 19:15:14,498 [INFO] IntegrityCheckThread:61 - entering critical section [integrity check]
2021-07-01 19:15:14,499 [INFO] ThirdPartyUpdaterWithRetryManager:56 - Updater plugin not ready yet. [1/15]
2021-07-01 19:15:14,501 [INFO] PluginManage:342 - Loaded plugin tools (category:base,tabindex:7)
2021-07-01 19:15:14,501 [INFO] PluginManage:292 - Check plugin tutovideos
2021-07-01 19:15:14,785 [INFO] PluginManage:342 - Loaded plugin tutovideos (category:base,tabindex:-1)
2021-07-01 19:15:14,785 [INFO] PluginManage:292 - Check plugin updater
2021-07-01 19:15:14,802 [INFO] PluginManage:342 - Loaded plugin updater (category:base,tabindex:12)
2021-07-01 19:15:14,802 [INFO] PluginManage:265 - PluginManage : Loaded plugins [13]
2021-07-01 19:15:15,095 [INFO] PinOutPanel:1435 - setPackage(No Configuration,No Configuration)
2021-07-01 19:15:15,244 [INFO] IPUIPlugin:64 - create IPUIPlugin
2021-07-01 19:15:15,244 [INFO] PluginManager:203 - loadIPPluginJar : add adc
2021-07-01 19:15:15,247 [INFO] IPUIPlugin:64 - create IPUIPlugin
2021-07-01 19:15:15,248 [INFO] PluginManager:203 - loadIPPluginJar : add aes
2021-07-01 19:15:15,251 [INFO] IPUIPlugin:64 - create IPUIPlugin
2021-07-01 19:15:15,251 [INFO] PluginManager:203 - loadIPPluginJar : add can
2021-07-01 19:15:15,254 [INFO] IPUIPlugin:64 - create IPUIPlugin
2021-07-01 19:15:15,254 [INFO] PluginManager:203 - loadIPPluginJar : add comp
2021-07-01 19:15:15,258 [INFO] IPUIPlugin:64 - create IPUIPlugin
2021-07-01 19:15:15,258 [INFO] PluginManager:203 - loadIPPluginJar : add cryp
2021-07-01 19:15:15,262 [INFO] IPUIPlugin:64 - create IPUIPlugin
2021-07-01 19:15:15,263 [INFO] PluginManager:203 - loadIPPluginJar : add dfsdm
2021-07-01 19:15:15,272 [INFO] IPUIPlugin:64 - create IPUIPlugin
2021-07-01 19:15:15,273 [INFO] PluginManager:203 - loadIPPluginJar : add dma
2021-07-01 19:15:15,276 [INFO] IPUIPlugin:64 - create IPUIPlugin
2021-07-01 19:15:15,277 [INFO] PluginManager:203 - loadIPPluginJar : add fatfs
2021-07-01 19:15:15,286 [INFO] IPUIPlugin:64 - create IPUIPlugin
2021-07-01 19:15:15,286 [INFO] PluginManager:203 - loadIPPluginJar : add fmc
2021-07-01 19:15:15,298 [INFO] IPUIPlugin:64 - create IPUIPlugin
2021-07-01 19:15:15,298 [INFO] PluginManager:203 - loadIPPluginJar : add freertos
2021-07-01 19:15:15,301 [INFO] IPUIPlugin:64 - create IPUIPlugin
2021-07-01 19:15:15,301 [INFO] PluginManager:203 - loadIPPluginJar : add genericplugin
2021-07-01 19:15:15,305 [INFO] IPUIPlugin:64 - create IPUIPlugin
2021-07-01 19:15:15,305 [INFO] PluginManager:203 - loadIPPluginJar : add gfxmmu
2021-07-01 19:15:15,312 [INFO] IPUIPlugin:64 - create IPUIPlugin
2021-07-01 19:15:15,312 [INFO] PluginManager:203 - loadIPPluginJar : add gic
2021-07-01 19:15:15,317 [INFO] IPUIPlugin:64 - create IPUIPlugin
2021-07-01 19:15:15,317 [INFO] PluginManager:203 - loadIPPluginJar : add gpio
2021-07-01 19:15:15,320 [INFO] IPUIPlugin:64 - create IPUIPlugin
2021-07-01 19:15:15,321 [INFO] PluginManager:203 - loadIPPluginJar : add gtzc
2021-07-01 19:15:15,324 [INFO] IPUIPlugin:64 - create IPUIPlugin
2021-07-01 19:15:15,324 [INFO] PluginManager:203 - loadIPPluginJar : add hash
2021-07-01 19:15:15,326 [INFO] IPUIPlugin:64 - create IPUIPlugin
2021-07-01 19:15:15,326 [INFO] PluginManager:203 - loadIPPluginJar : add i2c
2021-07-01 19:15:15,330 [INFO] IPUIPlugin:64 - create IPUIPlugin
2021-07-01 19:15:15,331 [INFO] PluginManager:203 - loadIPPluginJar : add i2s
2021-07-01 19:15:15,334 [INFO] IPUIPlugin:64 - create IPUIPlugin
2021-07-01 19:15:15,335 [INFO] PluginManager:203 - loadIPPluginJar : add ipddr
2021-07-01 19:15:15,339 [INFO] IPUIPlugin:64 - create IPUIPlugin
2021-07-01 19:15:15,339 [INFO] PluginManager:203 - loadIPPluginJar : add lorawan
2021-07-01 19:15:15,341 [INFO] IPUIPlugin:64 - create IPUIPlugin
2021-07-01 19:15:15,341 [INFO] PluginManager:203 - loadIPPluginJar : add ltdc
2021-07-01 19:15:15,346 [INFO] IPUIPlugin:64 - create IPUIPlugin
2021-07-01 19:15:15,346 [INFO] PluginManager:203 - loadIPPluginJar : add mdma
2021-07-01 19:15:15,351 [INFO] IPUIPlugin:64 - create IPUIPlugin
2021-07-01 19:15:15,351 [INFO] PluginManager:203 - loadIPPluginJar : add nvic
2021-07-01 19:15:15,355 [INFO] IPUIPlugin:64 - create IPUIPlugin
2021-07-01 19:15:15,356 [INFO] PluginManager:203 - loadIPPluginJar : add opamp
2021-07-01 19:15:15,359 [INFO] IPUIPlugin:64 - create IPUIPlugin
2021-07-01 19:15:15,359 [INFO] PluginManager:203 - loadIPPluginJar : add openamp
2021-07-01 19:15:15,363 [INFO] IPUIPlugin:64 - create IPUIPlugin
2021-07-01 19:15:15,363 [INFO] PluginManager:203 - loadIPPluginJar : add pdm2pcm
2021-07-01 19:15:15,371 [INFO] IPUIPlugin:64 - create IPUIPlugin
2021-07-01 19:15:15,374 [INFO] PluginManager:203 - loadIPPluginJar : add plateformsettings
2021-07-01 19:15:15,377 [INFO] IPUIPlugin:64 - create IPUIPlugin
2021-07-01 19:15:15,377 [INFO] PluginManager:203 - loadIPPluginJar : add quadspi
2021-07-01 19:15:15,382 [INFO] IPUIPlugin:64 - create IPUIPlugin
2021-07-01 19:15:15,382 [INFO] PluginManager:203 - loadIPPluginJar : add resmgrutility
2021-07-01 19:15:15,386 [INFO] IPUIPlugin:64 - create IPUIPlugin
2021-07-01 19:15:15,386 [INFO] PluginManager:203 - loadIPPluginJar : add sai
2021-07-01 19:15:15,389 [INFO] IPUIPlugin:64 - create IPUIPlugin
2021-07-01 19:15:15,390 [INFO] PluginManager:203 - loadIPPluginJar : add spi
2021-07-01 19:15:15,397 [INFO] IPUIPlugin:64 - create IPUIPlugin
2021-07-01 19:15:15,397 [INFO] PluginManager:203 - loadIPPluginJar : add stm32_wpan
2021-07-01 19:15:15,399 [INFO] IPUIPlugin:64 - create IPUIPlugin
2021-07-01 19:15:15,400 [INFO] PluginManager:203 - loadIPPluginJar : add tim
2021-07-01 19:15:15,404 [INFO] IPUIPlugin:64 - create IPUIPlugin
2021-07-01 19:15:15,404 [INFO] PluginManager:203 - loadIPPluginJar : add touchsensing
2021-07-01 19:15:15,407 [INFO] IPUIPlugin:64 - create IPUIPlugin
2021-07-01 19:15:15,407 [INFO] PluginManager:203 - loadIPPluginJar : add tracer_emb
2021-07-01 19:15:15,410 [INFO] IPUIPlugin:64 - create IPUIPlugin
2021-07-01 19:15:15,410 [INFO] PluginManager:203 - loadIPPluginJar : add ts
2021-07-01 19:15:15,413 [INFO] IPUIPlugin:64 - create IPUIPlugin
2021-07-01 19:15:15,413 [INFO] PluginManager:203 - loadIPPluginJar : add tsc
2021-07-01 19:15:15,416 [INFO] IPUIPlugin:64 - create IPUIPlugin
2021-07-01 19:15:15,416 [INFO] PluginManager:203 - loadIPPluginJar : add ucpd
2021-07-01 19:15:15,421 [INFO] IPUIPlugin:64 - create IPUIPlugin
2021-07-01 19:15:15,421 [INFO] PluginManager:203 - loadIPPluginJar : add usart
2021-07-01 19:15:15,848 [FATAL] Updater:284 - Updater called before beeing initialized
2021-07-01 19:15:16,019 [FATAL] Updater:284 - Updater called before beeing initialized
2021-07-01 19:15:16,025 [INFO] DbMcusAds:132 - JSON generation date=Tue May 11 17:32:49 CEST 2021 (1620747169502)
2021-07-01 19:15:16,025 [FATAL] Updater:284 - Updater called before beeing initialized
2021-07-01 19:15:16,070 [WARN] DetailPanel:315 - Failed to get advertising image, set to default
2021-07-01 19:15:16,298 [FATAL] Updater:284 - Updater called before beeing initialized
2021-07-01 19:15:16,301 [FATAL] Updater:284 - Updater called before beeing initialized
2021-07-01 19:15:16,301 [FATAL] Updater:284 - Updater called before beeing initialized
2021-07-01 19:15:16,301 [WARN] DetailPanel:315 - Failed to get advertising image, set to default
2021-07-01 19:15:16,302 [FATAL] Updater:284 - Updater called before beeing initialized
2021-07-01 19:15:16,352 [FATAL] Updater:284 - Updater called before beeing initialized
2021-07-01 19:15:16,353 [WARN] ThirdParty:796 - waiting for thirdparty lock release [close project]
2021-07-01 19:15:17,500 [INFO] ThirdPartyUpdaterWithRetryManager:56 - Updater plugin not ready yet. [2/15]
2021-07-01 19:15:20,501 [FATAL] Updater:284 - Updater called before beeing initialized
2021-07-01 19:15:20,501 [ERROR] AbstractThirdPartyUpdaterManager:153 - class java.lang.Integer cannot be cast to class java.util.List (java.lang.Integer and java.util.List are in module java.base of loader 'bootstrap')
2021-07-01 19:15:20,502 [INFO] ThirdParty:900 - Integrity check success = false
2021-07-01 19:15:20,502 [INFO] IntegrityCheckThread:75 - exiting critical section [integrity check]
2021-07-01 19:15:20,502 [INFO] IntegrityCheckThread:78 - End integrity checks thread
2021-07-01 19:15:20,502 [INFO] ThirdParty:798 - entering critical section [close project]
2021-07-01 19:15:20,505 [INFO] ThirdParty:809 - exiting critical section [close project]
2021-07-01 19:15:20,508 [INFO] PinOutPanel:1435 - setPackage(No Configuration,No Configuration)
2021-07-01 19:15:20,509 [FATAL] Updater:284 - Updater called before beeing initialized
2021-07-01 19:15:20,519 [ERROR] Updater:1065 - MainUpdater not yet initialized. External WinMGr cannot be set.
2021-07-01 19:15:20,522 [INFO] Updater:1002 - Updater Version found : 6.2.1
2021-07-01 19:15:20,547 [INFO] ApplicationProperties:181 - Using Application install path: C:\ST\STM32CubeIDE_1.6.1\STM32CubeIDE\plugins\com.st.stm32cube.common.mx_6.2.1.202103241236
2021-07-01 19:15:20,680 [INFO] MainUpdater:2661 - connection check result : 10
2021-07-01 19:15:20,681 [INFO] MainUpdater:255 - Updater Check For Update Now.
2021-07-01 19:15:20,681 [INFO] MicroXplorer:472 - Change Database Version : DB.6.0.21
2021-07-01 19:15:20,735 [INFO] CheckServerUpdateThread:102 - End of CheckServer Thread
2021-07-01 19:15:20,791 [INFO] MainUpdater:2661 - connection check result : 10
2021-07-01 19:15:21,338 [INFO] CrossSelectorPresenter:1330 - Cross Selector saved comparison directory: C:\Users\evers\.stmcufinder\plugins\mcufinder\mcu\cs_comparisons_mx
2021-07-01 19:15:21,343 [INFO] MultiScanPanel:200 - Auto-refresh data requested => check proxy status ongoing
2021-07-01 19:15:21,347 [INFO] FinderPluginLoader:87 - Searching for filters in installed packs
2021-07-01 19:15:21,348 [INFO] DbMcusXml:100 - Load MCU database from C:\ST\STM32CubeIDE_1.6.1\STM32CubeIDE\plugins\com.st.stm32cube.common.mx_6.2.1.202103241236\\db\/mcu/families.xml
2021-07-01 19:15:22,368 [INFO] DbMcusJson:94 - JSON generation date=Mon Jun 07 10:53:21 CEST 2021 (1623056001)
2021-07-01 19:15:23,252 [INFO] DbMcus:175 - Found 1906 MCUs (1866 are supported by CubeMX, 1866 are visible in CubeMX)
2021-07-01 19:15:23,254 [INFO] ApiDb:251 - Load user favorites file C:\Users\evers/.stm32cubeide/favorites.mcus.txt: 0 item(s)
2021-07-01 19:15:23,254 [INFO] ApiDb:255 - User favorites MCUs=[]
2021-07-01 19:15:23,255 [INFO] DbMcus:187 - Set 0 / 0 favorites MCUs
2021-07-01 19:15:24,266 [WARN] DetailPanel:315 - Failed to get advertising image, set to default
2021-07-01 19:15:24,612 [INFO] MultiScanPanel:731 - adjusting invalid saved split location: -0.38
2021-07-01 19:15:24,762 [INFO] MultiScanPanel:731 - adjusting invalid saved split location: -0.38
2021-07-01 19:15:24,841 [INFO] DbBoardsPdsc:90 - Found 24 items
2021-07-01 19:15:24,844 [INFO] DbBoardsPdsc:90 - Found 9 items
2021-07-01 19:15:24,849 [INFO] DbBoardsPdsc:90 - Found 33 items
2021-07-01 19:15:24,852 [INFO] DbBoardsPdsc:90 - Found 1 items
2021-07-01 19:15:24,860 [INFO] DbBoardsPdsc:90 - Found 46 items
2021-07-01 19:15:24,869 [INFO] DbBoardsPdsc:90 - Found 41 items
2021-07-01 19:15:24,872 [INFO] DbBoardsPdsc:90 - Found 2 items
2021-07-01 19:15:24,875 [INFO] DbBoardsPdsc:90 - Found 5 items
2021-07-01 19:15:24,879 [WARN] DbBoardsPdsc:254 - Board NUCLEO-WB15CC: unknown feature type=, name=, username=Three user LEDs, n=1
2021-07-01 19:15:24,879 [WARN] DbBoardsPdsc:254 - Board NUCLEO-WB15CC: unknown feature type=, name=, username=One reset and three user push-buttons, n=1
2021-07-01 19:15:24,879 [WARN] DbBoardsPdsc:254 - Board NUCLEO-WB15CC: unknown feature type=, name=, username=Arduino Uno V3 expansion connector, n=1
2021-07-01 19:15:24,879 [WARN] DbBoardsPdsc:254 - Board NUCLEO-WB15CC: unknown feature type=, name=, username=ST morpho extension pin headers for full access to all STM32WB I/Os, n=1
2021-07-01 19:15:24,879 [WARN] DbBoardsPdsc:254 - Board NUCLEO-WB15CC: unknown feature type=, name=, username=Integrated PCB antenna and SMA connector footprint, n=1
2021-07-01 19:15:24,879 [WARN] DbBoardsPdsc:254 - Board NUCLEO-WB15CC: unknown feature type=, name=, username=Flexible power-supply options: ST-LINK, USB VBUS, or external sources, n=1
2021-07-01 19:15:24,879 [WARN] DbBoardsPdsc:254 - Board NUCLEO-WB15CC: unknown feature type=, name=, username=On-board footprint to mount a CR2032 battery socket, n=1
2021-07-01 19:15:24,879 [WARN] DbBoardsPdsc:254 - Board NUCLEO-WB15CC: unknown feature type=, name=, username=On-board ST-LINK/V2-1 debugger/programmer with USB re-enumeration capability: mass storage, Virtual COM port, and debug port, n=1
2021-07-01 19:15:24,879 [WARN] DbBoardsPdsc:254 - Board NUCLEO-WB15CC: unknown feature type=, name=, username=Comprehensive free software libraries and examples available with the STM32CubeWB MCU Package, n=1
2021-07-01 19:15:24,879 [WARN] DbBoardsPdsc:254 - Board NUCLEO-WB15CC: unknown feature type=, name=, username=Support of a wide choice of Integrated Development Environments (IDEs) including IAR Embedded Workbench, MDK-ARM, STM32CubeIDE, and Mbed Studio, n=1
2021-07-01 19:15:24,882 [WARN] DbBoardsPdsc:254 - Board STM32H7B3I-DK: unknown feature type=Audio, name=, username=Audio stereo codec with Headphone Amp (CS42L51-CNZ), n=1
2021-07-01 19:15:24,883 [WARN] DbBoardsPdsc:254 - Board STM32H735G-DK: unknown feature type=Audio, name=, username=Audio stereo codec with Headphone Amp (WM8994ECS/R), n=1
2021-07-01 19:15:24,883 [WARN] DbBoardsPdsc:254 - Board STM32WB5MM-DK: unknown feature type=, name=, username=Time-of-Flight and gesture-detection sensor, n=1
2021-07-01 19:15:24,883 [WARN] DbBoardsPdsc:254 - Board STM32WB5MM-DK: unknown feature type=, name=, username=3 push-buttons (2 users and 1 reset) and 1 touch key button, n=1
2021-07-01 19:15:24,883 [WARN] DbBoardsPdsc:254 - Board STM32WB5MM-DK: unknown feature type=, name=, username=Flexible power-supply options: ST-LINK/V2-1 USB connector, 5 V delivered by ARDUINO® or external connector, USB charger, or USB power, n=1
2021-07-01 19:15:24,883 [WARN] DbBoardsPdsc:254 - Board STM32WB5MM-DK: unknown feature type=, name=, username=On-board ST-LINK/V2-1 debugger/programmer with USB re-enumeration capability: Virtual COM port and debug port, n=1
2021-07-01 19:15:24,883 [WARN] DbBoardsPdsc:254 - Board STM32WB5MM-DK: unknown feature type=, name=, username=Comprehensive free software libraries and examples available with the STM32CubeWB MCU Package, n=1
2021-07-01 19:15:24,883 [WARN] DbBoardsPdsc:254 - Board STM32WB5MM-DK: unknown feature type=, name=, username=Support of a wide choice of Integrated Development Environments (IDEs) including IAR Embedded Workbench®, MDK-ARM, and STM32CubeIDE, n=1
2021-07-01 19:15:24,885 [WARN] DbBoardsPdsc:254 - Board STM32H7B3I-EVAL: unknown feature type=Audio, name=, username=Multi-Channel Audio Codec (CS42L51-CNZ), n=1
2021-07-01 19:15:24,885 [WARN] DbBoardsPdsc:254 - Board STM32H7B3I-EVAL: unknown feature type=Meter, name=, username=Power-metering and Temperature-monitoring with sigma-delta modulators, n=1
2021-07-01 19:15:24,885 [WARN] DbBoardsPdsc:254 - Board STM32H7B3I-EVAL: unknown feature type=Motor, name=, username=Motor Control, n=1
2021-07-01 19:15:24,914 [INFO] DbBoardsJson:87 - JSON generation date=Tue Jun 01 07:52:40 CEST 2021 (1622526760)
2021-07-01 19:15:24,924 [INFO] DbBoards:117 - Found 161 boards (158 are supported by CubeMX)
2021-07-01 19:15:24,957 [INFO] DbBoardsDocs:143 - JSON generation date=Tue Jun 01 07:52:40 CEST 2021 (1622526760)
2021-07-01 19:15:25,013 [INFO] DbBoardsDocs:79 - Found 193 boards documents
2021-07-01 19:15:25,014 [WARN] DbBoards:127 - board B-L462E-CELL1 has no document id list !
2021-07-01 19:15:25,015 [WARN] DbBoards:127 - board B-L475E-IOT01A2 has no document id list !
2021-07-01 19:15:25,016 [WARN] DbBoards:127 - board NUCLEO-G0B1RE has no document id list !
2021-07-01 19:15:25,017 [WARN] DbBoards:127 - board NUCLEO-H743ZI has no document id list !
2021-07-01 19:15:25,018 [WARN] DbBoards:127 - board NUCLEO-L4A6ZG has no document id list !
2021-07-01 19:15:25,019 [WARN] DbBoards:127 - board NUCLEO-WB15CC has no document id list !
2021-07-01 19:15:25,019 [WARN] DbBoards:127 - board NUCLEO-WB55RG has no document id list !
2021-07-01 19:15:25,020 [WARN] DbBoards:127 - board NUCLEO-WL55JC2 has no document id list !
2021-07-01 19:15:25,020 [WARN] DbBoards:127 - board P-NUCLEO-WB55-Nucleo has no document id list !
2021-07-01 19:15:25,020 [WARN] DbBoards:127 - board P-NUCLEO-WB55-USBDongle has no document id list !
2021-07-01 19:15:25,020 [WARN] DbBoards:127 - board STEVAL-BFA001V1B has no document id list !
2021-07-01 19:15:25,021 [WARN] DbBoards:127 - board STEVAL-BFA001V2B has no document id list !
2021-07-01 19:15:25,021 [WARN] DbBoards:127 - board STEVAL-IDP005V1 has no document id list !
2021-07-01 19:15:25,021 [WARN] DbBoards:127 - board STEVAL-IDP005V2 has no document id list !
2021-07-01 19:15:25,021 [WARN] DbBoards:127 - board STEVAL-MKSBOX1V1 has no document id list !
2021-07-01 19:15:25,021 [WARN] DbBoards:127 - board STEVAL-STWINKT1 has no document id list !
2021-07-01 19:15:25,021 [WARN] DbBoards:127 - board STEVAL-STWINKT1B has no document id list !
2021-07-01 19:15:25,022 [WARN] DbBoards:127 - board STM32F401C-DISCO has no document id list !
2021-07-01 19:15:25,023 [WARN] DbBoards:127 - board STM32F769I-DISC1 has no document id list !
2021-07-01 19:15:25,024 [WARN] DbBoards:127 - board STM32G0C1E-EV has no document id list !
2021-07-01 19:15:25,024 [WARN] DbBoards:127 - board STM32G474E-EVAL1 has no document id list !
2021-07-01 19:15:25,025 [WARN] DbBoards:127 - board STM32H743I-EVAL2 has no document id list !
2021-07-01 19:15:25,025 [WARN] DbBoards:127 - board STM32H747I-DISC1 has no document id list !
2021-07-01 19:15:25,026 [WARN] DbBoards:127 - board STM32H753I-EVAL2 has no document id list !
2021-07-01 19:15:25,026 [WARN] DbBoards:127 - board STM32L-DISCOVERY has no document id list !
2021-07-01 19:15:25,027 [WARN] DbBoards:127 - board STM32MP157A-DK1 has no document id list !
2021-07-01 19:15:25,028 [WARN] DbBoards:127 - board STM32MP157F-DK2 has no document id list !
2021-07-01 19:15:25,028 [WARN] DbBoards:127 - board STM32MP157F-EV1 has no document id list !
2021-07-01 19:15:25,028 [WARN] DbBoards:127 - board STM32WB5MM-DK has no document id list !
2021-07-01 19:15:27,044 [INFO] ApiDb:251 - Load user favorites file C:\Users\evers/.stm32cubeide/favorites.boards.txt: 1 item(s)
2021-07-01 19:15:27,044 [INFO] ApiDb:255 - User favorites Boards=[NUCLEO-L476RG]
2021-07-01 19:15:27,044 [INFO] DbBoards:206 - Set 1 / 1 favorites Boards
2021-07-01 19:15:27,299 [INFO] MultiScanPanel:731 - adjusting invalid saved split location: -0.38
2021-07-01 19:15:27,485 [INFO] MultiScanPanel:200 - Auto-refresh data requested => check proxy status ongoing
2021-07-01 19:15:27,555 [WARN] DetailPanel:315 - Failed to get advertising image, set to default
2021-07-01 19:15:27,698 [INFO] MultiScanPanel:200 - Auto-refresh data requested => check proxy status ongoing
2021-07-01 19:15:27,943 [INFO] ApiDb:479 - Connected to CubeFinder SQLite database (C:\Users\evers\.stmcufinder\plugins\mcufinder\mcu\cube-finder-db.db)
2021-07-01 19:15:28,781 [INFO] DbExamplesSqlite:401 - Ignored 36 examples not supported by CubeIDE
2021-07-01 19:15:28,782 [INFO] DbExamplesSqlite:402 - Found 4835 examples active
2021-07-01 19:15:28,782 [INFO] DbExamplesSqlite:403 - Found 274 examples obsolete
2021-07-01 19:15:28,782 [INFO] DbExamplesSqlite:404 - Found 0 examples under development
2021-07-01 19:15:28,783 [INFO] DbExamplesSqlite:405 - Found 76 examples not building
2021-07-01 19:15:28,816 [INFO] DbExamplesSqlite:104 - CubeFinder database Data Model version=2.1
2021-07-01 19:15:28,817 [INFO] DbExamplesSqlite:105 - CubeFinder database Configuration version=3.0-WIP12
2021-07-01 19:15:28,818 [INFO] DbExamplesSqlite:106 - CubeFinder database generation date=2021-05-10 (1620656699)
2021-07-01 19:15:28,819 [INFO] DbExamplesSqlite:107 - CubeFinder database FW Pack versions=[STM32Cube_FW_F4_V1.26.1, STM32Cube_FW_F7_V1.16.1, STM32Cube_FW_G0_V1.4.1, STM32Cube_FW_G4_V1.4.0, STM32Cube_FW_H7_V1.9.0, STM32Cube_FW_L5_V1.4.0, STM32Cube_FW_WB_V1.11.1, STM32Cube_FW_WL_V1.0.0, X-CUBE-AZRTOS-H7_V1.0.0, X-CUBE-BLE1_V6.2.0, X-CUBE-BLE2_V3.2.0, X-CUBE-GNSS1_V5.2.0]
2021-07-01 19:15:28,824 [INFO] DbExamples:130 - Found 4875 examples
2021-07-01 19:15:29,586 [ERROR] DbExamples:206 - Found 301 examples with invalid data (board or MCU)
2021-07-01 19:15:29,586 [INFO] DbExamples:222 - Found 63 boards with related examples
2021-07-01 19:15:29,598 [INFO] DbExamples:235 - Found 52 MCUs with related examples
2021-07-01 19:15:29,619 [INFO] ApiDb:251 - Load user favorites file C:\Users\evers/.stm32cubeide/favorites.examples.txt: 0 item(s)
2021-07-01 19:15:29,619 [INFO] ApiDb:255 - User favorites Examples=[]
2021-07-01 19:15:29,619 [INFO] DbExamples:256 - Set 0 / 0 favorites Examples
2021-07-01 19:15:30,009 [INFO] SoftwarePacks:125 - Found SW pack 'STM32Cube_FW_F4_V1.26.1' up-to-date on disk.
2021-07-01 19:15:30,031 [INFO] SoftwarePacks:121 - Download is needed for SW pack 'STM32Cube_FW_F7_V1.16.1'
2021-07-01 19:15:30,050 [INFO] SoftwarePacks:125 - Found SW pack 'STM32Cube_FW_G0_V1.4.1' up-to-date on disk.
2021-07-01 19:15:30,071 [INFO] SoftwarePacks:121 - Download is needed for SW pack 'STM32Cube_FW_G4_V1.4.0'
2021-07-01 19:15:30,087 [INFO] SoftwarePacks:125 - Found SW pack 'STM32Cube_FW_H7_V1.9.0' up-to-date on disk.
2021-07-01 19:15:30,104 [INFO] SoftwarePacks:121 - Download is needed for SW pack 'STM32Cube_FW_L5_V1.4.0'
2021-07-01 19:15:30,119 [INFO] SoftwarePacks:121 - Download is needed for SW pack 'STM32Cube_FW_WB_V1.11.1'
2021-07-01 19:15:30,133 [INFO] SoftwarePacks:125 - Found SW pack 'STM32Cube_FW_WL_V1.0.0' up-to-date on disk.
2021-07-01 19:15:30,134 [INFO] SoftwarePacks:121 - Download is needed for SW pack 'X-CUBE-AZRTOS-H7_V1.0.0'
2021-07-01 19:15:30,134 [INFO] SoftwarePacks:121 - Download is needed for SW pack 'X-CUBE-BLE1_V6.2.0'
2021-07-01 19:15:30,134 [INFO] SoftwarePacks:121 - Download is needed for SW pack 'X-CUBE-BLE2_V3.2.0'
2021-07-01 19:15:30,134 [INFO] SoftwarePacks:121 - Download is needed for SW pack 'X-CUBE-GNSS1_V5.2.0'
2021-07-01 19:15:31,357 [WARN] DetailPanel:315 - Failed to get advertising image, set to default
2021-07-01 19:16:43,429 [INFO] SoftwarePacks:184 - Size of SW pack 'STM32Cube_FW_H7_V1.9.0' is: 1058.0 MB
2021-07-01 19:17:00,813 [INFO] ExampleToolKit:600 - [info] 2021/07/01 19:17:00
2021-07-01 19:17:00,814 [INFO] ExampleToolKit:650 - [info] Start Project: LwIP_TCP_Echo_Server
2021-07-01 19:17:00,816 [WARN] ExampleToolKit:712 - [WARNING] IDE PROJECT 'SW4STM32' NOT FOUND
2021-07-01 19:17:00,816 [INFO] ExampleToolKit:744 - [info] Project path: C:\Users\evers\Documents\IMAGINE-IOT\Imagine-IoT\Imagine-IoT\9 Nucleo boards\NUCLEO-H723ZG\ip_example\LwIP_TCP_Echo_Server
2021-07-01 19:17:01,103 [WARN] ExampleToolKit:1990 - [WARNING] IDE PROJECT 'SW4STM32'NOT FOUND
2021-07-01 19:17:01,137 [INFO] ExampleToolKit:997 - [info] SW Package located in: C:\Users\evers\STM32Cube\Repository\STM32Cube_FW_H7_V1.9.0
2021-07-01 19:17:01,138 [INFO] ExampleToolKit:1002 - [info] SW Package copy: LITE
2021-07-01 19:17:39,318 [INFO] ExampleToolKit:816 - [info] Project 'LwIP_TCP_Echo_Server' installed successfully
2021-07-01 19:17:39,318 [INFO] ExampleToolKit:842 - [info] 2021/07/01 19:17:39
2021-07-01 19:17:39,319 [INFO] ExampleToolKit:961 - [info] Elapsed time: 0h 0m 38s 514ms
2021-07-01 19:17:42,265 [INFO] ApiDb:276 - Save user favorites file C:\Users\evers/.stm32cubeide/favorites.mcus.txt: 0 item(s)
2021-07-01 19:17:42,266 [INFO] ApiDb:280 - User favorites MCUs=[]
2021-07-01 19:17:42,271 [INFO] ApiDb:276 - Save user favorites file C:\Users\evers/.stm32cubeide/favorites.boards.txt: 1 item(s)
2021-07-01 19:17:42,275 [INFO] ApiDb:280 - User favorites Boards=[NUCLEO-L476RG]
2021-07-01 19:17:42,279 [INFO] ApiDb:276 - Save user favorites file C:\Users\evers/.stm32cubeide/favorites.examples.txt: 0 item(s)
2021-07-01 19:17:42,280 [INFO] ApiDb:280 - User favorites Examples=[]
